[2025-10-14 14:56:50,131] {processor.py:153} INFO - Started process (PID=13090) to work on /root/Projects/etlX/venv/lib/python3.9/site-packages/airflow/example_dags/plugins/workday.py
[2025-10-14 14:56:50,131] {processor.py:641} INFO - Processing file /root/Projects/etlX/venv/lib/python3.9/site-packages/airflow/example_dags/plugins/workday.py for tasks to queue
[2025-10-14 14:56:50,132] {logging_mixin.py:115} INFO - [2025-10-14 14:56:50,132] {dagbag.py:507} INFO - Filling up the DagBag from /root/Projects/etlX/venv/lib/python3.9/site-packages/airflow/example_dags/plugins/workday.py
[2025-10-14 14:56:50,135] {processor.py:653} WARNING - No viable dags retrieved from /root/Projects/etlX/venv/lib/python3.9/site-packages/airflow/example_dags/plugins/workday.py
[2025-10-14 14:56:50,151] {processor.py:161} INFO - Processing /root/Projects/etlX/venv/lib/python3.9/site-packages/airflow/example_dags/plugins/workday.py took 0.025 seconds
[2025-10-14 14:57:29,631] {processor.py:153} INFO - Started process (PID=13511) to work on /root/Projects/etlX/venv/lib/python3.9/site-packages/airflow/example_dags/plugins/workday.py
[2025-10-14 14:57:29,632] {processor.py:641} INFO - Processing file /root/Projects/etlX/venv/lib/python3.9/site-packages/airflow/example_dags/plugins/workday.py for tasks to queue
[2025-10-14 14:57:29,633] {logging_mixin.py:115} INFO - [2025-10-14 14:57:29,633] {dagbag.py:507} INFO - Filling up the DagBag from /root/Projects/etlX/venv/lib/python3.9/site-packages/airflow/example_dags/plugins/workday.py
[2025-10-14 14:57:29,636] {processor.py:653} WARNING - No viable dags retrieved from /root/Projects/etlX/venv/lib/python3.9/site-packages/airflow/example_dags/plugins/workday.py
[2025-10-14 14:57:29,651] {processor.py:161} INFO - Processing /root/Projects/etlX/venv/lib/python3.9/site-packages/airflow/example_dags/plugins/workday.py took 0.024 seconds
[2025-10-14 14:58:00,849] {processor.py:153} INFO - Started process (PID=13662) to work on /root/Projects/etlX/venv/lib/python3.9/site-packages/airflow/example_dags/plugins/workday.py
[2025-10-14 14:58:00,850] {processor.py:641} INFO - Processing file /root/Projects/etlX/venv/lib/python3.9/site-packages/airflow/example_dags/plugins/workday.py for tasks to queue
[2025-10-14 14:58:00,851] {logging_mixin.py:115} INFO - [2025-10-14 14:58:00,851] {dagbag.py:507} INFO - Filling up the DagBag from /root/Projects/etlX/venv/lib/python3.9/site-packages/airflow/example_dags/plugins/workday.py
[2025-10-14 14:58:00,854] {processor.py:653} WARNING - No viable dags retrieved from /root/Projects/etlX/venv/lib/python3.9/site-packages/airflow/example_dags/plugins/workday.py
[2025-10-14 14:58:00,868] {processor.py:161} INFO - Processing /root/Projects/etlX/venv/lib/python3.9/site-packages/airflow/example_dags/plugins/workday.py took 0.023 seconds
[2025-10-14 14:58:32,864] {processor.py:153} INFO - Started process (PID=13717) to work on /root/Projects/etlX/venv/lib/python3.9/site-packages/airflow/example_dags/plugins/workday.py
[2025-10-14 14:58:32,865] {processor.py:641} INFO - Processing file /root/Projects/etlX/venv/lib/python3.9/site-packages/airflow/example_dags/plugins/workday.py for tasks to queue
[2025-10-14 14:58:32,865] {logging_mixin.py:115} INFO - [2025-10-14 14:58:32,865] {dagbag.py:507} INFO - Filling up the DagBag from /root/Projects/etlX/venv/lib/python3.9/site-packages/airflow/example_dags/plugins/workday.py
[2025-10-14 14:58:32,869] {processor.py:653} WARNING - No viable dags retrieved from /root/Projects/etlX/venv/lib/python3.9/site-packages/airflow/example_dags/plugins/workday.py
[2025-10-14 14:58:32,883] {processor.py:161} INFO - Processing /root/Projects/etlX/venv/lib/python3.9/site-packages/airflow/example_dags/plugins/workday.py took 0.026 seconds
[2025-10-14 14:59:04,937] {processor.py:153} INFO - Started process (PID=13874) to work on /root/Projects/etlX/venv/lib/python3.9/site-packages/airflow/example_dags/plugins/workday.py
[2025-10-14 14:59:04,938] {processor.py:641} INFO - Processing file /root/Projects/etlX/venv/lib/python3.9/site-packages/airflow/example_dags/plugins/workday.py for tasks to queue
[2025-10-14 14:59:04,939] {logging_mixin.py:115} INFO - [2025-10-14 14:59:04,939] {dagbag.py:507} INFO - Filling up the DagBag from /root/Projects/etlX/venv/lib/python3.9/site-packages/airflow/example_dags/plugins/workday.py
[2025-10-14 14:59:04,943] {processor.py:653} WARNING - No viable dags retrieved from /root/Projects/etlX/venv/lib/python3.9/site-packages/airflow/example_dags/plugins/workday.py
[2025-10-14 14:59:04,964] {processor.py:161} INFO - Processing /root/Projects/etlX/venv/lib/python3.9/site-packages/airflow/example_dags/plugins/workday.py took 0.033 seconds
[2025-10-14 14:59:39,947] {processor.py:153} INFO - Started process (PID=13986) to work on /root/Projects/etlX/venv/lib/python3.9/site-packages/airflow/example_dags/plugins/workday.py
[2025-10-14 14:59:39,948] {processor.py:641} INFO - Processing file /root/Projects/etlX/venv/lib/python3.9/site-packages/airflow/example_dags/plugins/workday.py for tasks to queue
[2025-10-14 14:59:39,948] {logging_mixin.py:115} INFO - [2025-10-14 14:59:39,948] {dagbag.py:507} INFO - Filling up the DagBag from /root/Projects/etlX/venv/lib/python3.9/site-packages/airflow/example_dags/plugins/workday.py
[2025-10-14 14:59:39,951] {processor.py:653} WARNING - No viable dags retrieved from /root/Projects/etlX/venv/lib/python3.9/site-packages/airflow/example_dags/plugins/workday.py
[2025-10-14 14:59:39,967] {processor.py:161} INFO - Processing /root/Projects/etlX/venv/lib/python3.9/site-packages/airflow/example_dags/plugins/workday.py took 0.025 seconds
[2025-10-14 15:00:12,285] {processor.py:153} INFO - Started process (PID=14041) to work on /root/Projects/etlX/venv/lib/python3.9/site-packages/airflow/example_dags/plugins/workday.py
[2025-10-14 15:00:12,286] {processor.py:641} INFO - Processing file /root/Projects/etlX/venv/lib/python3.9/site-packages/airflow/example_dags/plugins/workday.py for tasks to queue
[2025-10-14 15:00:12,286] {logging_mixin.py:115} INFO - [2025-10-14 15:00:12,286] {dagbag.py:507} INFO - Filling up the DagBag from /root/Projects/etlX/venv/lib/python3.9/site-packages/airflow/example_dags/plugins/workday.py
[2025-10-14 15:00:12,290] {processor.py:653} WARNING - No viable dags retrieved from /root/Projects/etlX/venv/lib/python3.9/site-packages/airflow/example_dags/plugins/workday.py
[2025-10-14 15:00:12,305] {processor.py:161} INFO - Processing /root/Projects/etlX/venv/lib/python3.9/site-packages/airflow/example_dags/plugins/workday.py took 0.024 seconds
[2025-10-14 15:00:45,189] {processor.py:153} INFO - Started process (PID=14196) to work on /root/Projects/etlX/venv/lib/python3.9/site-packages/airflow/example_dags/plugins/workday.py
[2025-10-14 15:00:45,190] {processor.py:641} INFO - Processing file /root/Projects/etlX/venv/lib/python3.9/site-packages/airflow/example_dags/plugins/workday.py for tasks to queue
[2025-10-14 15:00:45,190] {logging_mixin.py:115} INFO - [2025-10-14 15:00:45,190] {dagbag.py:507} INFO - Filling up the DagBag from /root/Projects/etlX/venv/lib/python3.9/site-packages/airflow/example_dags/plugins/workday.py
[2025-10-14 15:00:45,194] {processor.py:653} WARNING - No viable dags retrieved from /root/Projects/etlX/venv/lib/python3.9/site-packages/airflow/example_dags/plugins/workday.py
[2025-10-14 15:00:45,214] {processor.py:161} INFO - Processing /root/Projects/etlX/venv/lib/python3.9/site-packages/airflow/example_dags/plugins/workday.py took 0.029 seconds
[2025-10-14 15:01:16,602] {processor.py:153} INFO - Started process (PID=14452) to work on /root/Projects/etlX/venv/lib/python3.9/site-packages/airflow/example_dags/plugins/workday.py
[2025-10-14 15:01:16,603] {processor.py:641} INFO - Processing file /root/Projects/etlX/venv/lib/python3.9/site-packages/airflow/example_dags/plugins/workday.py for tasks to queue
[2025-10-14 15:01:16,603] {logging_mixin.py:115} INFO - [2025-10-14 15:01:16,603] {dagbag.py:507} INFO - Filling up the DagBag from /root/Projects/etlX/venv/lib/python3.9/site-packages/airflow/example_dags/plugins/workday.py
[2025-10-14 15:01:16,607] {processor.py:653} WARNING - No viable dags retrieved from /root/Projects/etlX/venv/lib/python3.9/site-packages/airflow/example_dags/plugins/workday.py
[2025-10-14 15:01:16,621] {processor.py:161} INFO - Processing /root/Projects/etlX/venv/lib/python3.9/site-packages/airflow/example_dags/plugins/workday.py took 0.027 seconds
[2025-10-14 15:01:48,912] {processor.py:153} INFO - Started process (PID=14609) to work on /root/Projects/etlX/venv/lib/python3.9/site-packages/airflow/example_dags/plugins/workday.py
[2025-10-14 15:01:48,913] {processor.py:641} INFO - Processing file /root/Projects/etlX/venv/lib/python3.9/site-packages/airflow/example_dags/plugins/workday.py for tasks to queue
[2025-10-14 15:01:48,913] {logging_mixin.py:115} INFO - [2025-10-14 15:01:48,913] {dagbag.py:507} INFO - Filling up the DagBag from /root/Projects/etlX/venv/lib/python3.9/site-packages/airflow/example_dags/plugins/workday.py
[2025-10-14 15:01:48,917] {processor.py:653} WARNING - No viable dags retrieved from /root/Projects/etlX/venv/lib/python3.9/site-packages/airflow/example_dags/plugins/workday.py
[2025-10-14 15:01:48,931] {processor.py:161} INFO - Processing /root/Projects/etlX/venv/lib/python3.9/site-packages/airflow/example_dags/plugins/workday.py took 0.028 seconds
[2025-10-14 15:02:19,840] {processor.py:153} INFO - Started process (PID=14814) to work on /root/Projects/etlX/venv/lib/python3.9/site-packages/airflow/example_dags/plugins/workday.py
[2025-10-14 15:02:19,841] {processor.py:641} INFO - Processing file /root/Projects/etlX/venv/lib/python3.9/site-packages/airflow/example_dags/plugins/workday.py for tasks to queue
[2025-10-14 15:02:19,842] {logging_mixin.py:115} INFO - [2025-10-14 15:02:19,842] {dagbag.py:507} INFO - Filling up the DagBag from /root/Projects/etlX/venv/lib/python3.9/site-packages/airflow/example_dags/plugins/workday.py
[2025-10-14 15:02:19,845] {processor.py:653} WARNING - No viable dags retrieved from /root/Projects/etlX/venv/lib/python3.9/site-packages/airflow/example_dags/plugins/workday.py
[2025-10-14 15:02:19,860] {processor.py:161} INFO - Processing /root/Projects/etlX/venv/lib/python3.9/site-packages/airflow/example_dags/plugins/workday.py took 0.024 seconds
[2025-10-14 15:02:54,033] {processor.py:153} INFO - Started process (PID=14973) to work on /root/Projects/etlX/venv/lib/python3.9/site-packages/airflow/example_dags/plugins/workday.py
[2025-10-14 15:02:54,034] {processor.py:641} INFO - Processing file /root/Projects/etlX/venv/lib/python3.9/site-packages/airflow/example_dags/plugins/workday.py for tasks to queue
[2025-10-14 15:02:54,034] {logging_mixin.py:115} INFO - [2025-10-14 15:02:54,034] {dagbag.py:507} INFO - Filling up the DagBag from /root/Projects/etlX/venv/lib/python3.9/site-packages/airflow/example_dags/plugins/workday.py
[2025-10-14 15:02:54,038] {processor.py:653} WARNING - No viable dags retrieved from /root/Projects/etlX/venv/lib/python3.9/site-packages/airflow/example_dags/plugins/workday.py
[2025-10-14 15:02:54,053] {processor.py:161} INFO - Processing /root/Projects/etlX/venv/lib/python3.9/site-packages/airflow/example_dags/plugins/workday.py took 0.026 seconds
[2025-10-14 15:03:24,318] {processor.py:153} INFO - Started process (PID=15026) to work on /root/Projects/etlX/venv/lib/python3.9/site-packages/airflow/example_dags/plugins/workday.py
[2025-10-14 15:03:24,318] {processor.py:641} INFO - Processing file /root/Projects/etlX/venv/lib/python3.9/site-packages/airflow/example_dags/plugins/workday.py for tasks to queue
[2025-10-14 15:03:24,319] {logging_mixin.py:115} INFO - [2025-10-14 15:03:24,319] {dagbag.py:507} INFO - Filling up the DagBag from /root/Projects/etlX/venv/lib/python3.9/site-packages/airflow/example_dags/plugins/workday.py
[2025-10-14 15:03:24,323] {processor.py:653} WARNING - No viable dags retrieved from /root/Projects/etlX/venv/lib/python3.9/site-packages/airflow/example_dags/plugins/workday.py
[2025-10-14 15:03:24,343] {processor.py:161} INFO - Processing /root/Projects/etlX/venv/lib/python3.9/site-packages/airflow/example_dags/plugins/workday.py took 0.030 seconds
[2025-10-14 15:09:41,968] {processor.py:153} INFO - Started process (PID=15657) to work on /root/Projects/etlX/venv/lib/python3.9/site-packages/airflow/example_dags/plugins/workday.py
[2025-10-14 15:09:41,969] {processor.py:641} INFO - Processing file /root/Projects/etlX/venv/lib/python3.9/site-packages/airflow/example_dags/plugins/workday.py for tasks to queue
[2025-10-14 15:09:41,970] {logging_mixin.py:115} INFO - [2025-10-14 15:09:41,970] {dagbag.py:507} INFO - Filling up the DagBag from /root/Projects/etlX/venv/lib/python3.9/site-packages/airflow/example_dags/plugins/workday.py
[2025-10-14 15:09:41,974] {processor.py:653} WARNING - No viable dags retrieved from /root/Projects/etlX/venv/lib/python3.9/site-packages/airflow/example_dags/plugins/workday.py
[2025-10-14 15:09:41,992] {processor.py:161} INFO - Processing /root/Projects/etlX/venv/lib/python3.9/site-packages/airflow/example_dags/plugins/workday.py took 0.029 seconds
[2025-10-14 15:10:16,918] {processor.py:153} INFO - Started process (PID=15919) to work on /root/Projects/etlX/venv/lib/python3.9/site-packages/airflow/example_dags/plugins/workday.py
[2025-10-14 15:10:16,918] {processor.py:641} INFO - Processing file /root/Projects/etlX/venv/lib/python3.9/site-packages/airflow/example_dags/plugins/workday.py for tasks to queue
[2025-10-14 15:10:16,919] {logging_mixin.py:115} INFO - [2025-10-14 15:10:16,919] {dagbag.py:507} INFO - Filling up the DagBag from /root/Projects/etlX/venv/lib/python3.9/site-packages/airflow/example_dags/plugins/workday.py
[2025-10-14 15:10:16,923] {processor.py:653} WARNING - No viable dags retrieved from /root/Projects/etlX/venv/lib/python3.9/site-packages/airflow/example_dags/plugins/workday.py
[2025-10-14 15:10:16,937] {processor.py:161} INFO - Processing /root/Projects/etlX/venv/lib/python3.9/site-packages/airflow/example_dags/plugins/workday.py took 0.024 seconds
[2025-10-14 15:10:47,874] {processor.py:153} INFO - Started process (PID=15971) to work on /root/Projects/etlX/venv/lib/python3.9/site-packages/airflow/example_dags/plugins/workday.py
[2025-10-14 15:10:47,875] {processor.py:641} INFO - Processing file /root/Projects/etlX/venv/lib/python3.9/site-packages/airflow/example_dags/plugins/workday.py for tasks to queue
[2025-10-14 15:10:47,876] {logging_mixin.py:115} INFO - [2025-10-14 15:10:47,875] {dagbag.py:507} INFO - Filling up the DagBag from /root/Projects/etlX/venv/lib/python3.9/site-packages/airflow/example_dags/plugins/workday.py
[2025-10-14 15:10:47,878] {processor.py:653} WARNING - No viable dags retrieved from /root/Projects/etlX/venv/lib/python3.9/site-packages/airflow/example_dags/plugins/workday.py
[2025-10-14 15:10:47,893] {processor.py:161} INFO - Processing /root/Projects/etlX/venv/lib/python3.9/site-packages/airflow/example_dags/plugins/workday.py took 0.024 seconds
[2025-10-14 15:11:18,990] {processor.py:153} INFO - Started process (PID=16122) to work on /root/Projects/etlX/venv/lib/python3.9/site-packages/airflow/example_dags/plugins/workday.py
[2025-10-14 15:11:18,991] {processor.py:641} INFO - Processing file /root/Projects/etlX/venv/lib/python3.9/site-packages/airflow/example_dags/plugins/workday.py for tasks to queue
[2025-10-14 15:11:18,992] {logging_mixin.py:115} INFO - [2025-10-14 15:11:18,991] {dagbag.py:507} INFO - Filling up the DagBag from /root/Projects/etlX/venv/lib/python3.9/site-packages/airflow/example_dags/plugins/workday.py
[2025-10-14 15:11:18,997] {processor.py:653} WARNING - No viable dags retrieved from /root/Projects/etlX/venv/lib/python3.9/site-packages/airflow/example_dags/plugins/workday.py
[2025-10-14 15:11:19,016] {processor.py:161} INFO - Processing /root/Projects/etlX/venv/lib/python3.9/site-packages/airflow/example_dags/plugins/workday.py took 0.034 seconds
[2025-10-14 15:11:51,339] {processor.py:153} INFO - Started process (PID=16179) to work on /root/Projects/etlX/venv/lib/python3.9/site-packages/airflow/example_dags/plugins/workday.py
[2025-10-14 15:11:51,340] {processor.py:641} INFO - Processing file /root/Projects/etlX/venv/lib/python3.9/site-packages/airflow/example_dags/plugins/workday.py for tasks to queue
[2025-10-14 15:11:51,340] {logging_mixin.py:115} INFO - [2025-10-14 15:11:51,340] {dagbag.py:507} INFO - Filling up the DagBag from /root/Projects/etlX/venv/lib/python3.9/site-packages/airflow/example_dags/plugins/workday.py
[2025-10-14 15:11:51,344] {processor.py:653} WARNING - No viable dags retrieved from /root/Projects/etlX/venv/lib/python3.9/site-packages/airflow/example_dags/plugins/workday.py
[2025-10-14 15:11:51,358] {processor.py:161} INFO - Processing /root/Projects/etlX/venv/lib/python3.9/site-packages/airflow/example_dags/plugins/workday.py took 0.024 seconds
[2025-10-14 15:12:23,791] {processor.py:153} INFO - Started process (PID=16232) to work on /root/Projects/etlX/venv/lib/python3.9/site-packages/airflow/example_dags/plugins/workday.py
[2025-10-14 15:12:23,792] {processor.py:641} INFO - Processing file /root/Projects/etlX/venv/lib/python3.9/site-packages/airflow/example_dags/plugins/workday.py for tasks to queue
[2025-10-14 15:12:23,792] {logging_mixin.py:115} INFO - [2025-10-14 15:12:23,792] {dagbag.py:507} INFO - Filling up the DagBag from /root/Projects/etlX/venv/lib/python3.9/site-packages/airflow/example_dags/plugins/workday.py
[2025-10-14 15:12:23,795] {processor.py:653} WARNING - No viable dags retrieved from /root/Projects/etlX/venv/lib/python3.9/site-packages/airflow/example_dags/plugins/workday.py
[2025-10-14 15:12:23,810] {processor.py:161} INFO - Processing /root/Projects/etlX/venv/lib/python3.9/site-packages/airflow/example_dags/plugins/workday.py took 0.024 seconds
[2025-10-14 15:12:56,582] {processor.py:153} INFO - Started process (PID=16286) to work on /root/Projects/etlX/venv/lib/python3.9/site-packages/airflow/example_dags/plugins/workday.py
[2025-10-14 15:12:56,582] {processor.py:641} INFO - Processing file /root/Projects/etlX/venv/lib/python3.9/site-packages/airflow/example_dags/plugins/workday.py for tasks to queue
[2025-10-14 15:12:56,583] {logging_mixin.py:115} INFO - [2025-10-14 15:12:56,583] {dagbag.py:507} INFO - Filling up the DagBag from /root/Projects/etlX/venv/lib/python3.9/site-packages/airflow/example_dags/plugins/workday.py
[2025-10-14 15:12:56,586] {processor.py:653} WARNING - No viable dags retrieved from /root/Projects/etlX/venv/lib/python3.9/site-packages/airflow/example_dags/plugins/workday.py
[2025-10-14 15:12:56,600] {processor.py:161} INFO - Processing /root/Projects/etlX/venv/lib/python3.9/site-packages/airflow/example_dags/plugins/workday.py took 0.022 seconds
[2025-10-14 15:13:28,290] {processor.py:153} INFO - Started process (PID=16340) to work on /root/Projects/etlX/venv/lib/python3.9/site-packages/airflow/example_dags/plugins/workday.py
[2025-10-14 15:13:28,291] {processor.py:641} INFO - Processing file /root/Projects/etlX/venv/lib/python3.9/site-packages/airflow/example_dags/plugins/workday.py for tasks to queue
[2025-10-14 15:13:28,291] {logging_mixin.py:115} INFO - [2025-10-14 15:13:28,291] {dagbag.py:507} INFO - Filling up the DagBag from /root/Projects/etlX/venv/lib/python3.9/site-packages/airflow/example_dags/plugins/workday.py
[2025-10-14 15:13:28,296] {processor.py:653} WARNING - No viable dags retrieved from /root/Projects/etlX/venv/lib/python3.9/site-packages/airflow/example_dags/plugins/workday.py
[2025-10-14 15:13:28,313] {processor.py:161} INFO - Processing /root/Projects/etlX/venv/lib/python3.9/site-packages/airflow/example_dags/plugins/workday.py took 0.029 seconds
[2025-10-14 15:14:02,703] {processor.py:153} INFO - Started process (PID=16398) to work on /root/Projects/etlX/venv/lib/python3.9/site-packages/airflow/example_dags/plugins/workday.py
[2025-10-14 15:14:02,703] {processor.py:641} INFO - Processing file /root/Projects/etlX/venv/lib/python3.9/site-packages/airflow/example_dags/plugins/workday.py for tasks to queue
[2025-10-14 15:14:02,704] {logging_mixin.py:115} INFO - [2025-10-14 15:14:02,704] {dagbag.py:507} INFO - Filling up the DagBag from /root/Projects/etlX/venv/lib/python3.9/site-packages/airflow/example_dags/plugins/workday.py
[2025-10-14 15:14:02,707] {processor.py:653} WARNING - No viable dags retrieved from /root/Projects/etlX/venv/lib/python3.9/site-packages/airflow/example_dags/plugins/workday.py
[2025-10-14 15:14:02,721] {processor.py:161} INFO - Processing /root/Projects/etlX/venv/lib/python3.9/site-packages/airflow/example_dags/plugins/workday.py took 0.022 seconds
[2025-10-14 15:14:34,004] {processor.py:153} INFO - Started process (PID=16451) to work on /root/Projects/etlX/venv/lib/python3.9/site-packages/airflow/example_dags/plugins/workday.py
[2025-10-14 15:14:34,005] {processor.py:641} INFO - Processing file /root/Projects/etlX/venv/lib/python3.9/site-packages/airflow/example_dags/plugins/workday.py for tasks to queue
[2025-10-14 15:14:34,005] {logging_mixin.py:115} INFO - [2025-10-14 15:14:34,005] {dagbag.py:507} INFO - Filling up the DagBag from /root/Projects/etlX/venv/lib/python3.9/site-packages/airflow/example_dags/plugins/workday.py
[2025-10-14 15:14:34,010] {processor.py:653} WARNING - No viable dags retrieved from /root/Projects/etlX/venv/lib/python3.9/site-packages/airflow/example_dags/plugins/workday.py
[2025-10-14 15:14:34,033] {processor.py:161} INFO - Processing /root/Projects/etlX/venv/lib/python3.9/site-packages/airflow/example_dags/plugins/workday.py took 0.039 seconds
[2025-10-14 15:15:07,972] {processor.py:153} INFO - Started process (PID=16557) to work on /root/Projects/etlX/venv/lib/python3.9/site-packages/airflow/example_dags/plugins/workday.py
[2025-10-14 15:15:07,973] {processor.py:641} INFO - Processing file /root/Projects/etlX/venv/lib/python3.9/site-packages/airflow/example_dags/plugins/workday.py for tasks to queue
[2025-10-14 15:15:07,974] {logging_mixin.py:115} INFO - [2025-10-14 15:15:07,974] {dagbag.py:507} INFO - Filling up the DagBag from /root/Projects/etlX/venv/lib/python3.9/site-packages/airflow/example_dags/plugins/workday.py
[2025-10-14 15:15:07,979] {processor.py:653} WARNING - No viable dags retrieved from /root/Projects/etlX/venv/lib/python3.9/site-packages/airflow/example_dags/plugins/workday.py
[2025-10-14 15:15:07,999] {processor.py:161} INFO - Processing /root/Projects/etlX/venv/lib/python3.9/site-packages/airflow/example_dags/plugins/workday.py took 0.035 seconds
[2025-10-14 15:15:42,894] {processor.py:153} INFO - Started process (PID=16615) to work on /root/Projects/etlX/venv/lib/python3.9/site-packages/airflow/example_dags/plugins/workday.py
[2025-10-14 15:15:42,895] {processor.py:641} INFO - Processing file /root/Projects/etlX/venv/lib/python3.9/site-packages/airflow/example_dags/plugins/workday.py for tasks to queue
[2025-10-14 15:15:42,895] {logging_mixin.py:115} INFO - [2025-10-14 15:15:42,895] {dagbag.py:507} INFO - Filling up the DagBag from /root/Projects/etlX/venv/lib/python3.9/site-packages/airflow/example_dags/plugins/workday.py
[2025-10-14 15:15:42,898] {processor.py:653} WARNING - No viable dags retrieved from /root/Projects/etlX/venv/lib/python3.9/site-packages/airflow/example_dags/plugins/workday.py
[2025-10-14 15:15:42,912] {processor.py:161} INFO - Processing /root/Projects/etlX/venv/lib/python3.9/site-packages/airflow/example_dags/plugins/workday.py took 0.023 seconds
[2025-10-14 15:16:13,393] {processor.py:153} INFO - Started process (PID=16769) to work on /root/Projects/etlX/venv/lib/python3.9/site-packages/airflow/example_dags/plugins/workday.py
[2025-10-14 15:16:13,394] {processor.py:641} INFO - Processing file /root/Projects/etlX/venv/lib/python3.9/site-packages/airflow/example_dags/plugins/workday.py for tasks to queue
[2025-10-14 15:16:13,395] {logging_mixin.py:115} INFO - [2025-10-14 15:16:13,395] {dagbag.py:507} INFO - Filling up the DagBag from /root/Projects/etlX/venv/lib/python3.9/site-packages/airflow/example_dags/plugins/workday.py
[2025-10-14 15:16:13,398] {processor.py:653} WARNING - No viable dags retrieved from /root/Projects/etlX/venv/lib/python3.9/site-packages/airflow/example_dags/plugins/workday.py
[2025-10-14 15:16:13,413] {processor.py:161} INFO - Processing /root/Projects/etlX/venv/lib/python3.9/site-packages/airflow/example_dags/plugins/workday.py took 0.024 seconds
[2025-10-14 15:16:46,176] {processor.py:153} INFO - Started process (PID=16978) to work on /root/Projects/etlX/venv/lib/python3.9/site-packages/airflow/example_dags/plugins/workday.py
[2025-10-14 15:16:46,176] {processor.py:641} INFO - Processing file /root/Projects/etlX/venv/lib/python3.9/site-packages/airflow/example_dags/plugins/workday.py for tasks to queue
[2025-10-14 15:16:46,177] {logging_mixin.py:115} INFO - [2025-10-14 15:16:46,177] {dagbag.py:507} INFO - Filling up the DagBag from /root/Projects/etlX/venv/lib/python3.9/site-packages/airflow/example_dags/plugins/workday.py
[2025-10-14 15:16:46,180] {processor.py:653} WARNING - No viable dags retrieved from /root/Projects/etlX/venv/lib/python3.9/site-packages/airflow/example_dags/plugins/workday.py
[2025-10-14 15:16:46,196] {processor.py:161} INFO - Processing /root/Projects/etlX/venv/lib/python3.9/site-packages/airflow/example_dags/plugins/workday.py took 0.024 seconds
[2025-10-14 15:17:16,682] {processor.py:153} INFO - Started process (PID=17081) to work on /root/Projects/etlX/venv/lib/python3.9/site-packages/airflow/example_dags/plugins/workday.py
[2025-10-14 15:17:16,682] {processor.py:641} INFO - Processing file /root/Projects/etlX/venv/lib/python3.9/site-packages/airflow/example_dags/plugins/workday.py for tasks to queue
[2025-10-14 15:17:16,683] {logging_mixin.py:115} INFO - [2025-10-14 15:17:16,683] {dagbag.py:507} INFO - Filling up the DagBag from /root/Projects/etlX/venv/lib/python3.9/site-packages/airflow/example_dags/plugins/workday.py
[2025-10-14 15:17:16,686] {processor.py:653} WARNING - No viable dags retrieved from /root/Projects/etlX/venv/lib/python3.9/site-packages/airflow/example_dags/plugins/workday.py
[2025-10-14 15:17:16,700] {processor.py:161} INFO - Processing /root/Projects/etlX/venv/lib/python3.9/site-packages/airflow/example_dags/plugins/workday.py took 0.023 seconds
[2025-10-14 15:17:51,797] {processor.py:153} INFO - Started process (PID=17289) to work on /root/Projects/etlX/venv/lib/python3.9/site-packages/airflow/example_dags/plugins/workday.py
[2025-10-14 15:17:51,798] {processor.py:641} INFO - Processing file /root/Projects/etlX/venv/lib/python3.9/site-packages/airflow/example_dags/plugins/workday.py for tasks to queue
[2025-10-14 15:17:51,799] {logging_mixin.py:115} INFO - [2025-10-14 15:17:51,799] {dagbag.py:507} INFO - Filling up the DagBag from /root/Projects/etlX/venv/lib/python3.9/site-packages/airflow/example_dags/plugins/workday.py
[2025-10-14 15:17:51,806] {processor.py:653} WARNING - No viable dags retrieved from /root/Projects/etlX/venv/lib/python3.9/site-packages/airflow/example_dags/plugins/workday.py
[2025-10-14 15:17:51,834] {processor.py:161} INFO - Processing /root/Projects/etlX/venv/lib/python3.9/site-packages/airflow/example_dags/plugins/workday.py took 0.042 seconds
[2025-10-14 15:58:38,722] {processor.py:153} INFO - Started process (PID=19695) to work on /root/Projects/etlX/venv/lib/python3.9/site-packages/airflow/example_dags/plugins/workday.py
[2025-10-14 15:58:38,722] {processor.py:641} INFO - Processing file /root/Projects/etlX/venv/lib/python3.9/site-packages/airflow/example_dags/plugins/workday.py for tasks to queue
[2025-10-14 15:58:38,723] {logging_mixin.py:115} INFO - [2025-10-14 15:58:38,723] {dagbag.py:507} INFO - Filling up the DagBag from /root/Projects/etlX/venv/lib/python3.9/site-packages/airflow/example_dags/plugins/workday.py
[2025-10-14 15:58:38,727] {processor.py:653} WARNING - No viable dags retrieved from /root/Projects/etlX/venv/lib/python3.9/site-packages/airflow/example_dags/plugins/workday.py
[2025-10-14 15:58:38,750] {processor.py:161} INFO - Processing /root/Projects/etlX/venv/lib/python3.9/site-packages/airflow/example_dags/plugins/workday.py took 0.034 seconds
[2025-10-14 15:59:13,975] {processor.py:153} INFO - Started process (PID=20061) to work on /root/Projects/etlX/venv/lib/python3.9/site-packages/airflow/example_dags/plugins/workday.py
[2025-10-14 15:59:13,977] {processor.py:641} INFO - Processing file /root/Projects/etlX/venv/lib/python3.9/site-packages/airflow/example_dags/plugins/workday.py for tasks to queue
[2025-10-14 15:59:13,978] {logging_mixin.py:115} INFO - [2025-10-14 15:59:13,977] {dagbag.py:507} INFO - Filling up the DagBag from /root/Projects/etlX/venv/lib/python3.9/site-packages/airflow/example_dags/plugins/workday.py
[2025-10-14 15:59:13,983] {processor.py:653} WARNING - No viable dags retrieved from /root/Projects/etlX/venv/lib/python3.9/site-packages/airflow/example_dags/plugins/workday.py
[2025-10-14 15:59:14,001] {processor.py:161} INFO - Processing /root/Projects/etlX/venv/lib/python3.9/site-packages/airflow/example_dags/plugins/workday.py took 0.032 seconds
[2025-10-14 15:59:47,286] {processor.py:153} INFO - Started process (PID=20116) to work on /root/Projects/etlX/venv/lib/python3.9/site-packages/airflow/example_dags/plugins/workday.py
[2025-10-14 15:59:47,287] {processor.py:641} INFO - Processing file /root/Projects/etlX/venv/lib/python3.9/site-packages/airflow/example_dags/plugins/workday.py for tasks to queue
[2025-10-14 15:59:47,287] {logging_mixin.py:115} INFO - [2025-10-14 15:59:47,287] {dagbag.py:507} INFO - Filling up the DagBag from /root/Projects/etlX/venv/lib/python3.9/site-packages/airflow/example_dags/plugins/workday.py
[2025-10-14 15:59:47,290] {processor.py:653} WARNING - No viable dags retrieved from /root/Projects/etlX/venv/lib/python3.9/site-packages/airflow/example_dags/plugins/workday.py
[2025-10-14 15:59:47,306] {processor.py:161} INFO - Processing /root/Projects/etlX/venv/lib/python3.9/site-packages/airflow/example_dags/plugins/workday.py took 0.024 seconds
[2025-10-14 16:00:18,026] {processor.py:153} INFO - Started process (PID=20169) to work on /root/Projects/etlX/venv/lib/python3.9/site-packages/airflow/example_dags/plugins/workday.py
[2025-10-14 16:00:18,028] {processor.py:641} INFO - Processing file /root/Projects/etlX/venv/lib/python3.9/site-packages/airflow/example_dags/plugins/workday.py for tasks to queue
[2025-10-14 16:00:18,030] {logging_mixin.py:115} INFO - [2025-10-14 16:00:18,029] {dagbag.py:507} INFO - Filling up the DagBag from /root/Projects/etlX/venv/lib/python3.9/site-packages/airflow/example_dags/plugins/workday.py
[2025-10-14 16:00:18,040] {processor.py:653} WARNING - No viable dags retrieved from /root/Projects/etlX/venv/lib/python3.9/site-packages/airflow/example_dags/plugins/workday.py
[2025-10-14 16:00:18,065] {processor.py:161} INFO - Processing /root/Projects/etlX/venv/lib/python3.9/site-packages/airflow/example_dags/plugins/workday.py took 0.052 seconds
[2025-10-14 16:00:50,702] {processor.py:153} INFO - Started process (PID=20223) to work on /root/Projects/etlX/venv/lib/python3.9/site-packages/airflow/example_dags/plugins/workday.py
[2025-10-14 16:00:50,702] {processor.py:641} INFO - Processing file /root/Projects/etlX/venv/lib/python3.9/site-packages/airflow/example_dags/plugins/workday.py for tasks to queue
[2025-10-14 16:00:50,703] {logging_mixin.py:115} INFO - [2025-10-14 16:00:50,703] {dagbag.py:507} INFO - Filling up the DagBag from /root/Projects/etlX/venv/lib/python3.9/site-packages/airflow/example_dags/plugins/workday.py
[2025-10-14 16:00:50,706] {processor.py:653} WARNING - No viable dags retrieved from /root/Projects/etlX/venv/lib/python3.9/site-packages/airflow/example_dags/plugins/workday.py
[2025-10-14 16:00:50,721] {processor.py:161} INFO - Processing /root/Projects/etlX/venv/lib/python3.9/site-packages/airflow/example_dags/plugins/workday.py took 0.023 seconds
[2025-10-14 16:01:21,015] {processor.py:153} INFO - Started process (PID=20275) to work on /root/Projects/etlX/venv/lib/python3.9/site-packages/airflow/example_dags/plugins/workday.py
[2025-10-14 16:01:21,016] {processor.py:641} INFO - Processing file /root/Projects/etlX/venv/lib/python3.9/site-packages/airflow/example_dags/plugins/workday.py for tasks to queue
[2025-10-14 16:01:21,016] {logging_mixin.py:115} INFO - [2025-10-14 16:01:21,016] {dagbag.py:507} INFO - Filling up the DagBag from /root/Projects/etlX/venv/lib/python3.9/site-packages/airflow/example_dags/plugins/workday.py
[2025-10-14 16:01:21,020] {processor.py:653} WARNING - No viable dags retrieved from /root/Projects/etlX/venv/lib/python3.9/site-packages/airflow/example_dags/plugins/workday.py
[2025-10-14 16:01:21,034] {processor.py:161} INFO - Processing /root/Projects/etlX/venv/lib/python3.9/site-packages/airflow/example_dags/plugins/workday.py took 0.025 seconds
[2025-10-14 16:01:54,674] {processor.py:153} INFO - Started process (PID=20332) to work on /root/Projects/etlX/venv/lib/python3.9/site-packages/airflow/example_dags/plugins/workday.py
[2025-10-14 16:01:54,675] {processor.py:641} INFO - Processing file /root/Projects/etlX/venv/lib/python3.9/site-packages/airflow/example_dags/plugins/workday.py for tasks to queue
[2025-10-14 16:01:54,675] {logging_mixin.py:115} INFO - [2025-10-14 16:01:54,675] {dagbag.py:507} INFO - Filling up the DagBag from /root/Projects/etlX/venv/lib/python3.9/site-packages/airflow/example_dags/plugins/workday.py
[2025-10-14 16:01:54,678] {processor.py:653} WARNING - No viable dags retrieved from /root/Projects/etlX/venv/lib/python3.9/site-packages/airflow/example_dags/plugins/workday.py
[2025-10-14 16:01:54,693] {processor.py:161} INFO - Processing /root/Projects/etlX/venv/lib/python3.9/site-packages/airflow/example_dags/plugins/workday.py took 0.025 seconds
[2025-10-14 16:02:28,748] {processor.py:153} INFO - Started process (PID=20387) to work on /root/Projects/etlX/venv/lib/python3.9/site-packages/airflow/example_dags/plugins/workday.py
[2025-10-14 16:02:28,749] {processor.py:641} INFO - Processing file /root/Projects/etlX/venv/lib/python3.9/site-packages/airflow/example_dags/plugins/workday.py for tasks to queue
[2025-10-14 16:02:28,750] {logging_mixin.py:115} INFO - [2025-10-14 16:02:28,750] {dagbag.py:507} INFO - Filling up the DagBag from /root/Projects/etlX/venv/lib/python3.9/site-packages/airflow/example_dags/plugins/workday.py
[2025-10-14 16:02:28,755] {processor.py:653} WARNING - No viable dags retrieved from /root/Projects/etlX/venv/lib/python3.9/site-packages/airflow/example_dags/plugins/workday.py
[2025-10-14 16:02:28,776] {processor.py:161} INFO - Processing /root/Projects/etlX/venv/lib/python3.9/site-packages/airflow/example_dags/plugins/workday.py took 0.040 seconds
[2025-10-14 16:02:59,732] {processor.py:153} INFO - Started process (PID=20439) to work on /root/Projects/etlX/venv/lib/python3.9/site-packages/airflow/example_dags/plugins/workday.py
[2025-10-14 16:02:59,733] {processor.py:641} INFO - Processing file /root/Projects/etlX/venv/lib/python3.9/site-packages/airflow/example_dags/plugins/workday.py for tasks to queue
[2025-10-14 16:02:59,734] {logging_mixin.py:115} INFO - [2025-10-14 16:02:59,734] {dagbag.py:507} INFO - Filling up the DagBag from /root/Projects/etlX/venv/lib/python3.9/site-packages/airflow/example_dags/plugins/workday.py
[2025-10-14 16:02:59,739] {processor.py:653} WARNING - No viable dags retrieved from /root/Projects/etlX/venv/lib/python3.9/site-packages/airflow/example_dags/plugins/workday.py
[2025-10-14 16:02:59,755] {processor.py:161} INFO - Processing /root/Projects/etlX/venv/lib/python3.9/site-packages/airflow/example_dags/plugins/workday.py took 0.029 seconds
[2025-10-14 16:03:32,700] {processor.py:153} INFO - Started process (PID=20497) to work on /root/Projects/etlX/venv/lib/python3.9/site-packages/airflow/example_dags/plugins/workday.py
[2025-10-14 16:03:32,701] {processor.py:641} INFO - Processing file /root/Projects/etlX/venv/lib/python3.9/site-packages/airflow/example_dags/plugins/workday.py for tasks to queue
[2025-10-14 16:03:32,702] {logging_mixin.py:115} INFO - [2025-10-14 16:03:32,702] {dagbag.py:507} INFO - Filling up the DagBag from /root/Projects/etlX/venv/lib/python3.9/site-packages/airflow/example_dags/plugins/workday.py
[2025-10-14 16:03:32,705] {processor.py:653} WARNING - No viable dags retrieved from /root/Projects/etlX/venv/lib/python3.9/site-packages/airflow/example_dags/plugins/workday.py
[2025-10-14 16:03:32,720] {processor.py:161} INFO - Processing /root/Projects/etlX/venv/lib/python3.9/site-packages/airflow/example_dags/plugins/workday.py took 0.024 seconds
[2025-10-14 16:04:04,561] {processor.py:153} INFO - Started process (PID=20601) to work on /root/Projects/etlX/venv/lib/python3.9/site-packages/airflow/example_dags/plugins/workday.py
[2025-10-14 16:04:04,562] {processor.py:641} INFO - Processing file /root/Projects/etlX/venv/lib/python3.9/site-packages/airflow/example_dags/plugins/workday.py for tasks to queue
[2025-10-14 16:04:04,563] {logging_mixin.py:115} INFO - [2025-10-14 16:04:04,562] {dagbag.py:507} INFO - Filling up the DagBag from /root/Projects/etlX/venv/lib/python3.9/site-packages/airflow/example_dags/plugins/workday.py
[2025-10-14 16:04:04,565] {processor.py:653} WARNING - No viable dags retrieved from /root/Projects/etlX/venv/lib/python3.9/site-packages/airflow/example_dags/plugins/workday.py
[2025-10-14 16:04:04,580] {processor.py:161} INFO - Processing /root/Projects/etlX/venv/lib/python3.9/site-packages/airflow/example_dags/plugins/workday.py took 0.023 seconds
[2025-10-14 16:04:36,716] {processor.py:153} INFO - Started process (PID=20655) to work on /root/Projects/etlX/venv/lib/python3.9/site-packages/airflow/example_dags/plugins/workday.py
[2025-10-14 16:04:36,716] {processor.py:641} INFO - Processing file /root/Projects/etlX/venv/lib/python3.9/site-packages/airflow/example_dags/plugins/workday.py for tasks to queue
[2025-10-14 16:04:36,717] {logging_mixin.py:115} INFO - [2025-10-14 16:04:36,717] {dagbag.py:507} INFO - Filling up the DagBag from /root/Projects/etlX/venv/lib/python3.9/site-packages/airflow/example_dags/plugins/workday.py
[2025-10-14 16:04:36,720] {processor.py:653} WARNING - No viable dags retrieved from /root/Projects/etlX/venv/lib/python3.9/site-packages/airflow/example_dags/plugins/workday.py
[2025-10-14 16:04:36,736] {processor.py:161} INFO - Processing /root/Projects/etlX/venv/lib/python3.9/site-packages/airflow/example_dags/plugins/workday.py took 0.025 seconds
[2025-10-14 16:05:09,007] {processor.py:153} INFO - Started process (PID=20709) to work on /root/Projects/etlX/venv/lib/python3.9/site-packages/airflow/example_dags/plugins/workday.py
[2025-10-14 16:05:09,008] {processor.py:641} INFO - Processing file /root/Projects/etlX/venv/lib/python3.9/site-packages/airflow/example_dags/plugins/workday.py for tasks to queue
[2025-10-14 16:05:09,010] {logging_mixin.py:115} INFO - [2025-10-14 16:05:09,010] {dagbag.py:507} INFO - Filling up the DagBag from /root/Projects/etlX/venv/lib/python3.9/site-packages/airflow/example_dags/plugins/workday.py
[2025-10-14 16:05:09,015] {processor.py:653} WARNING - No viable dags retrieved from /root/Projects/etlX/venv/lib/python3.9/site-packages/airflow/example_dags/plugins/workday.py
[2025-10-14 16:05:09,039] {processor.py:161} INFO - Processing /root/Projects/etlX/venv/lib/python3.9/site-packages/airflow/example_dags/plugins/workday.py took 0.045 seconds
[2025-10-14 16:05:39,852] {processor.py:153} INFO - Started process (PID=20761) to work on /root/Projects/etlX/venv/lib/python3.9/site-packages/airflow/example_dags/plugins/workday.py
[2025-10-14 16:05:39,853] {processor.py:641} INFO - Processing file /root/Projects/etlX/venv/lib/python3.9/site-packages/airflow/example_dags/plugins/workday.py for tasks to queue
[2025-10-14 16:05:39,853] {logging_mixin.py:115} INFO - [2025-10-14 16:05:39,853] {dagbag.py:507} INFO - Filling up the DagBag from /root/Projects/etlX/venv/lib/python3.9/site-packages/airflow/example_dags/plugins/workday.py
[2025-10-14 16:05:39,858] {processor.py:653} WARNING - No viable dags retrieved from /root/Projects/etlX/venv/lib/python3.9/site-packages/airflow/example_dags/plugins/workday.py
[2025-10-14 16:05:39,878] {processor.py:161} INFO - Processing /root/Projects/etlX/venv/lib/python3.9/site-packages/airflow/example_dags/plugins/workday.py took 0.035 seconds
[2025-10-14 16:06:12,624] {processor.py:153} INFO - Started process (PID=20819) to work on /root/Projects/etlX/venv/lib/python3.9/site-packages/airflow/example_dags/plugins/workday.py
[2025-10-14 16:06:12,625] {processor.py:641} INFO - Processing file /root/Projects/etlX/venv/lib/python3.9/site-packages/airflow/example_dags/plugins/workday.py for tasks to queue
[2025-10-14 16:06:12,625] {logging_mixin.py:115} INFO - [2025-10-14 16:06:12,625] {dagbag.py:507} INFO - Filling up the DagBag from /root/Projects/etlX/venv/lib/python3.9/site-packages/airflow/example_dags/plugins/workday.py
[2025-10-14 16:06:12,628] {processor.py:653} WARNING - No viable dags retrieved from /root/Projects/etlX/venv/lib/python3.9/site-packages/airflow/example_dags/plugins/workday.py
[2025-10-14 16:06:12,642] {processor.py:161} INFO - Processing /root/Projects/etlX/venv/lib/python3.9/site-packages/airflow/example_dags/plugins/workday.py took 0.023 seconds
[2025-10-14 16:06:43,428] {processor.py:153} INFO - Started process (PID=20871) to work on /root/Projects/etlX/venv/lib/python3.9/site-packages/airflow/example_dags/plugins/workday.py
[2025-10-14 16:06:43,429] {processor.py:641} INFO - Processing file /root/Projects/etlX/venv/lib/python3.9/site-packages/airflow/example_dags/plugins/workday.py for tasks to queue
[2025-10-14 16:06:43,431] {logging_mixin.py:115} INFO - [2025-10-14 16:06:43,430] {dagbag.py:507} INFO - Filling up the DagBag from /root/Projects/etlX/venv/lib/python3.9/site-packages/airflow/example_dags/plugins/workday.py
[2025-10-14 16:06:43,438] {processor.py:653} WARNING - No viable dags retrieved from /root/Projects/etlX/venv/lib/python3.9/site-packages/airflow/example_dags/plugins/workday.py
[2025-10-14 16:06:43,460] {processor.py:161} INFO - Processing /root/Projects/etlX/venv/lib/python3.9/site-packages/airflow/example_dags/plugins/workday.py took 0.043 seconds
[2025-10-14 16:07:16,253] {processor.py:153} INFO - Started process (PID=20977) to work on /root/Projects/etlX/venv/lib/python3.9/site-packages/airflow/example_dags/plugins/workday.py
[2025-10-14 16:07:16,254] {processor.py:641} INFO - Processing file /root/Projects/etlX/venv/lib/python3.9/site-packages/airflow/example_dags/plugins/workday.py for tasks to queue
[2025-10-14 16:07:16,255] {logging_mixin.py:115} INFO - [2025-10-14 16:07:16,255] {dagbag.py:507} INFO - Filling up the DagBag from /root/Projects/etlX/venv/lib/python3.9/site-packages/airflow/example_dags/plugins/workday.py
[2025-10-14 16:07:16,259] {processor.py:653} WARNING - No viable dags retrieved from /root/Projects/etlX/venv/lib/python3.9/site-packages/airflow/example_dags/plugins/workday.py
[2025-10-14 16:07:16,278] {processor.py:161} INFO - Processing /root/Projects/etlX/venv/lib/python3.9/site-packages/airflow/example_dags/plugins/workday.py took 0.031 seconds
[2025-10-14 16:07:49,215] {processor.py:153} INFO - Started process (PID=21286) to work on /root/Projects/etlX/venv/lib/python3.9/site-packages/airflow/example_dags/plugins/workday.py
[2025-10-14 16:07:49,216] {processor.py:641} INFO - Processing file /root/Projects/etlX/venv/lib/python3.9/site-packages/airflow/example_dags/plugins/workday.py for tasks to queue
[2025-10-14 16:07:49,216] {logging_mixin.py:115} INFO - [2025-10-14 16:07:49,216] {dagbag.py:507} INFO - Filling up the DagBag from /root/Projects/etlX/venv/lib/python3.9/site-packages/airflow/example_dags/plugins/workday.py
[2025-10-14 16:07:49,220] {processor.py:653} WARNING - No viable dags retrieved from /root/Projects/etlX/venv/lib/python3.9/site-packages/airflow/example_dags/plugins/workday.py
[2025-10-14 16:07:49,235] {processor.py:161} INFO - Processing /root/Projects/etlX/venv/lib/python3.9/site-packages/airflow/example_dags/plugins/workday.py took 0.026 seconds
[2025-10-14 16:08:21,871] {processor.py:153} INFO - Started process (PID=21498) to work on /root/Projects/etlX/venv/lib/python3.9/site-packages/airflow/example_dags/plugins/workday.py
[2025-10-14 16:08:21,872] {processor.py:641} INFO - Processing file /root/Projects/etlX/venv/lib/python3.9/site-packages/airflow/example_dags/plugins/workday.py for tasks to queue
[2025-10-14 16:08:21,873] {logging_mixin.py:115} INFO - [2025-10-14 16:08:21,873] {dagbag.py:507} INFO - Filling up the DagBag from /root/Projects/etlX/venv/lib/python3.9/site-packages/airflow/example_dags/plugins/workday.py
[2025-10-14 16:08:21,879] {processor.py:653} WARNING - No viable dags retrieved from /root/Projects/etlX/venv/lib/python3.9/site-packages/airflow/example_dags/plugins/workday.py
[2025-10-14 16:08:21,895] {processor.py:161} INFO - Processing /root/Projects/etlX/venv/lib/python3.9/site-packages/airflow/example_dags/plugins/workday.py took 0.032 seconds
[2025-10-14 16:08:56,714] {processor.py:153} INFO - Started process (PID=21761) to work on /root/Projects/etlX/venv/lib/python3.9/site-packages/airflow/example_dags/plugins/workday.py
[2025-10-14 16:08:56,715] {processor.py:641} INFO - Processing file /root/Projects/etlX/venv/lib/python3.9/site-packages/airflow/example_dags/plugins/workday.py for tasks to queue
[2025-10-14 16:08:56,715] {logging_mixin.py:115} INFO - [2025-10-14 16:08:56,715] {dagbag.py:507} INFO - Filling up the DagBag from /root/Projects/etlX/venv/lib/python3.9/site-packages/airflow/example_dags/plugins/workday.py
[2025-10-14 16:08:56,719] {processor.py:653} WARNING - No viable dags retrieved from /root/Projects/etlX/venv/lib/python3.9/site-packages/airflow/example_dags/plugins/workday.py
[2025-10-14 16:08:56,736] {processor.py:161} INFO - Processing /root/Projects/etlX/venv/lib/python3.9/site-packages/airflow/example_dags/plugins/workday.py took 0.027 seconds
[2025-10-14 16:25:15,569] {processor.py:153} INFO - Started process (PID=22597) to work on /root/Projects/etlX/venv/lib/python3.9/site-packages/airflow/example_dags/plugins/workday.py
[2025-10-14 16:25:15,570] {processor.py:641} INFO - Processing file /root/Projects/etlX/venv/lib/python3.9/site-packages/airflow/example_dags/plugins/workday.py for tasks to queue
[2025-10-14 16:25:15,570] {logging_mixin.py:115} INFO - [2025-10-14 16:25:15,570] {dagbag.py:507} INFO - Filling up the DagBag from /root/Projects/etlX/venv/lib/python3.9/site-packages/airflow/example_dags/plugins/workday.py
[2025-10-14 16:25:15,575] {processor.py:653} WARNING - No viable dags retrieved from /root/Projects/etlX/venv/lib/python3.9/site-packages/airflow/example_dags/plugins/workday.py
[2025-10-14 16:25:15,592] {processor.py:161} INFO - Processing /root/Projects/etlX/venv/lib/python3.9/site-packages/airflow/example_dags/plugins/workday.py took 0.029 seconds
[2025-10-14 16:25:49,708] {processor.py:153} INFO - Started process (PID=22857) to work on /root/Projects/etlX/venv/lib/python3.9/site-packages/airflow/example_dags/plugins/workday.py
[2025-10-14 16:25:49,709] {processor.py:641} INFO - Processing file /root/Projects/etlX/venv/lib/python3.9/site-packages/airflow/example_dags/plugins/workday.py for tasks to queue
[2025-10-14 16:25:49,710] {logging_mixin.py:115} INFO - [2025-10-14 16:25:49,710] {dagbag.py:507} INFO - Filling up the DagBag from /root/Projects/etlX/venv/lib/python3.9/site-packages/airflow/example_dags/plugins/workday.py
[2025-10-14 16:25:49,713] {processor.py:653} WARNING - No viable dags retrieved from /root/Projects/etlX/venv/lib/python3.9/site-packages/airflow/example_dags/plugins/workday.py
[2025-10-14 16:25:49,727] {processor.py:161} INFO - Processing /root/Projects/etlX/venv/lib/python3.9/site-packages/airflow/example_dags/plugins/workday.py took 0.022 seconds
[2025-10-14 16:26:21,455] {processor.py:153} INFO - Started process (PID=22910) to work on /root/Projects/etlX/venv/lib/python3.9/site-packages/airflow/example_dags/plugins/workday.py
[2025-10-14 16:26:21,456] {processor.py:641} INFO - Processing file /root/Projects/etlX/venv/lib/python3.9/site-packages/airflow/example_dags/plugins/workday.py for tasks to queue
[2025-10-14 16:26:21,457] {logging_mixin.py:115} INFO - [2025-10-14 16:26:21,457] {dagbag.py:507} INFO - Filling up the DagBag from /root/Projects/etlX/venv/lib/python3.9/site-packages/airflow/example_dags/plugins/workday.py
[2025-10-14 16:26:21,462] {processor.py:653} WARNING - No viable dags retrieved from /root/Projects/etlX/venv/lib/python3.9/site-packages/airflow/example_dags/plugins/workday.py
[2025-10-14 16:26:21,477] {processor.py:161} INFO - Processing /root/Projects/etlX/venv/lib/python3.9/site-packages/airflow/example_dags/plugins/workday.py took 0.030 seconds
[2025-10-14 16:26:52,482] {processor.py:153} INFO - Started process (PID=22962) to work on /root/Projects/etlX/venv/lib/python3.9/site-packages/airflow/example_dags/plugins/workday.py
[2025-10-14 16:26:52,483] {processor.py:641} INFO - Processing file /root/Projects/etlX/venv/lib/python3.9/site-packages/airflow/example_dags/plugins/workday.py for tasks to queue
[2025-10-14 16:26:52,484] {logging_mixin.py:115} INFO - [2025-10-14 16:26:52,484] {dagbag.py:507} INFO - Filling up the DagBag from /root/Projects/etlX/venv/lib/python3.9/site-packages/airflow/example_dags/plugins/workday.py
[2025-10-14 16:26:52,490] {processor.py:653} WARNING - No viable dags retrieved from /root/Projects/etlX/venv/lib/python3.9/site-packages/airflow/example_dags/plugins/workday.py
[2025-10-14 16:26:52,513] {processor.py:161} INFO - Processing /root/Projects/etlX/venv/lib/python3.9/site-packages/airflow/example_dags/plugins/workday.py took 0.042 seconds
[2025-10-14 16:27:24,618] {processor.py:153} INFO - Started process (PID=23015) to work on /root/Projects/etlX/venv/lib/python3.9/site-packages/airflow/example_dags/plugins/workday.py
[2025-10-14 16:27:24,618] {processor.py:641} INFO - Processing file /root/Projects/etlX/venv/lib/python3.9/site-packages/airflow/example_dags/plugins/workday.py for tasks to queue
[2025-10-14 16:27:24,619] {logging_mixin.py:115} INFO - [2025-10-14 16:27:24,619] {dagbag.py:507} INFO - Filling up the DagBag from /root/Projects/etlX/venv/lib/python3.9/site-packages/airflow/example_dags/plugins/workday.py
[2025-10-14 16:27:24,622] {processor.py:653} WARNING - No viable dags retrieved from /root/Projects/etlX/venv/lib/python3.9/site-packages/airflow/example_dags/plugins/workday.py
[2025-10-14 16:27:24,637] {processor.py:161} INFO - Processing /root/Projects/etlX/venv/lib/python3.9/site-packages/airflow/example_dags/plugins/workday.py took 0.024 seconds
[2025-10-14 16:27:59,254] {processor.py:153} INFO - Started process (PID=23176) to work on /root/Projects/etlX/venv/lib/python3.9/site-packages/airflow/example_dags/plugins/workday.py
[2025-10-14 16:27:59,256] {processor.py:641} INFO - Processing file /root/Projects/etlX/venv/lib/python3.9/site-packages/airflow/example_dags/plugins/workday.py for tasks to queue
[2025-10-14 16:27:59,256] {logging_mixin.py:115} INFO - [2025-10-14 16:27:59,256] {dagbag.py:507} INFO - Filling up the DagBag from /root/Projects/etlX/venv/lib/python3.9/site-packages/airflow/example_dags/plugins/workday.py
[2025-10-14 16:27:59,262] {processor.py:653} WARNING - No viable dags retrieved from /root/Projects/etlX/venv/lib/python3.9/site-packages/airflow/example_dags/plugins/workday.py
[2025-10-14 16:27:59,276] {processor.py:161} INFO - Processing /root/Projects/etlX/venv/lib/python3.9/site-packages/airflow/example_dags/plugins/workday.py took 0.030 seconds
[2025-10-14 16:28:30,395] {processor.py:153} INFO - Started process (PID=23331) to work on /root/Projects/etlX/venv/lib/python3.9/site-packages/airflow/example_dags/plugins/workday.py
[2025-10-14 16:28:30,396] {processor.py:641} INFO - Processing file /root/Projects/etlX/venv/lib/python3.9/site-packages/airflow/example_dags/plugins/workday.py for tasks to queue
[2025-10-14 16:28:30,397] {logging_mixin.py:115} INFO - [2025-10-14 16:28:30,396] {dagbag.py:507} INFO - Filling up the DagBag from /root/Projects/etlX/venv/lib/python3.9/site-packages/airflow/example_dags/plugins/workday.py
[2025-10-14 16:28:30,400] {processor.py:653} WARNING - No viable dags retrieved from /root/Projects/etlX/venv/lib/python3.9/site-packages/airflow/example_dags/plugins/workday.py
[2025-10-14 16:28:30,414] {processor.py:161} INFO - Processing /root/Projects/etlX/venv/lib/python3.9/site-packages/airflow/example_dags/plugins/workday.py took 0.023 seconds
[2025-10-14 16:29:01,410] {processor.py:153} INFO - Started process (PID=23383) to work on /root/Projects/etlX/venv/lib/python3.9/site-packages/airflow/example_dags/plugins/workday.py
[2025-10-14 16:29:01,411] {processor.py:641} INFO - Processing file /root/Projects/etlX/venv/lib/python3.9/site-packages/airflow/example_dags/plugins/workday.py for tasks to queue
[2025-10-14 16:29:01,412] {logging_mixin.py:115} INFO - [2025-10-14 16:29:01,412] {dagbag.py:507} INFO - Filling up the DagBag from /root/Projects/etlX/venv/lib/python3.9/site-packages/airflow/example_dags/plugins/workday.py
[2025-10-14 16:29:01,415] {processor.py:653} WARNING - No viable dags retrieved from /root/Projects/etlX/venv/lib/python3.9/site-packages/airflow/example_dags/plugins/workday.py
[2025-10-14 16:29:01,428] {processor.py:161} INFO - Processing /root/Projects/etlX/venv/lib/python3.9/site-packages/airflow/example_dags/plugins/workday.py took 0.022 seconds
[2025-10-14 16:29:34,689] {processor.py:153} INFO - Started process (PID=23599) to work on /root/Projects/etlX/venv/lib/python3.9/site-packages/airflow/example_dags/plugins/workday.py
[2025-10-14 16:29:34,690] {processor.py:641} INFO - Processing file /root/Projects/etlX/venv/lib/python3.9/site-packages/airflow/example_dags/plugins/workday.py for tasks to queue
[2025-10-14 16:29:34,691] {logging_mixin.py:115} INFO - [2025-10-14 16:29:34,690] {dagbag.py:507} INFO - Filling up the DagBag from /root/Projects/etlX/venv/lib/python3.9/site-packages/airflow/example_dags/plugins/workday.py
[2025-10-14 16:29:34,694] {processor.py:653} WARNING - No viable dags retrieved from /root/Projects/etlX/venv/lib/python3.9/site-packages/airflow/example_dags/plugins/workday.py
[2025-10-14 16:29:34,716] {processor.py:161} INFO - Processing /root/Projects/etlX/venv/lib/python3.9/site-packages/airflow/example_dags/plugins/workday.py took 0.032 seconds
[2025-10-14 16:36:01,217] {processor.py:153} INFO - Started process (PID=24421) to work on /root/Projects/etlX/venv/lib/python3.9/site-packages/airflow/example_dags/plugins/workday.py
[2025-10-14 16:36:01,218] {processor.py:641} INFO - Processing file /root/Projects/etlX/venv/lib/python3.9/site-packages/airflow/example_dags/plugins/workday.py for tasks to queue
[2025-10-14 16:36:01,219] {logging_mixin.py:115} INFO - [2025-10-14 16:36:01,219] {dagbag.py:507} INFO - Filling up the DagBag from /root/Projects/etlX/venv/lib/python3.9/site-packages/airflow/example_dags/plugins/workday.py
[2025-10-14 16:36:01,222] {processor.py:653} WARNING - No viable dags retrieved from /root/Projects/etlX/venv/lib/python3.9/site-packages/airflow/example_dags/plugins/workday.py
[2025-10-14 16:36:01,237] {processor.py:161} INFO - Processing /root/Projects/etlX/venv/lib/python3.9/site-packages/airflow/example_dags/plugins/workday.py took 0.025 seconds
