[2025-10-14 14:57:20,734] {processor.py:153} INFO - Started process (PID=13417) to work on /root/Projects/etlX/venv/lib/python3.9/site-packages/airflow/example_dags/example_branch_python_dop_operator_3.py
[2025-10-14 14:57:20,735] {processor.py:641} INFO - Processing file /root/Projects/etlX/venv/lib/python3.9/site-packages/airflow/example_dags/example_branch_python_dop_operator_3.py for tasks to queue
[2025-10-14 14:57:20,735] {logging_mixin.py:115} INFO - [2025-10-14 14:57:20,735] {dagbag.py:507} INFO - Filling up the DagBag from /root/Projects/etlX/venv/lib/python3.9/site-packages/airflow/example_dags/example_branch_python_dop_operator_3.py
[2025-10-14 14:57:20,751] {processor.py:651} INFO - DAG(s) dict_keys(['example_branch_dop_operator_v3']) retrieved from /root/Projects/etlX/venv/lib/python3.9/site-packages/airflow/example_dags/example_branch_python_dop_operator_3.py
[2025-10-14 14:57:20,840] {logging_mixin.py:115} INFO - [2025-10-14 14:57:20,839] {manager.py:508} INFO - Created Permission View: can read on DAG:example_branch_dop_operator_v3
[2025-10-14 14:57:20,851] {logging_mixin.py:115} INFO - [2025-10-14 14:57:20,851] {manager.py:508} INFO - Created Permission View: can edit on DAG:example_branch_dop_operator_v3
[2025-10-14 14:57:20,862] {logging_mixin.py:115} INFO - [2025-10-14 14:57:20,862] {manager.py:508} INFO - Created Permission View: can delete on DAG:example_branch_dop_operator_v3
[2025-10-14 14:57:20,862] {logging_mixin.py:115} INFO - [2025-10-14 14:57:20,862] {dag.py:2379} INFO - Sync 1 DAGs
[2025-10-14 14:57:20,871] {logging_mixin.py:115} INFO - [2025-10-14 14:57:20,871] {dag.py:2398} INFO - Creating ORM DAG for example_branch_dop_operator_v3
[2025-10-14 14:57:20,886] {logging_mixin.py:115} INFO - [2025-10-14 14:57:20,886] {dag.py:2927} INFO - Setting next_dagrun for example_branch_dop_operator_v3 to 2025-10-14T17:56:00+00:00, run_after=2025-10-14T17:57:00+00:00
[2025-10-14 14:57:20,906] {processor.py:161} INFO - Processing /root/Projects/etlX/venv/lib/python3.9/site-packages/airflow/example_dags/example_branch_python_dop_operator_3.py took 0.177 seconds
[2025-10-14 14:57:55,711] {processor.py:153} INFO - Started process (PID=13578) to work on /root/Projects/etlX/venv/lib/python3.9/site-packages/airflow/example_dags/example_branch_python_dop_operator_3.py
[2025-10-14 14:57:55,712] {processor.py:641} INFO - Processing file /root/Projects/etlX/venv/lib/python3.9/site-packages/airflow/example_dags/example_branch_python_dop_operator_3.py for tasks to queue
[2025-10-14 14:57:55,713] {logging_mixin.py:115} INFO - [2025-10-14 14:57:55,713] {dagbag.py:507} INFO - Filling up the DagBag from /root/Projects/etlX/venv/lib/python3.9/site-packages/airflow/example_dags/example_branch_python_dop_operator_3.py
[2025-10-14 14:57:55,730] {processor.py:651} INFO - DAG(s) dict_keys(['example_branch_dop_operator_v3']) retrieved from /root/Projects/etlX/venv/lib/python3.9/site-packages/airflow/example_dags/example_branch_python_dop_operator_3.py
[2025-10-14 14:57:55,749] {logging_mixin.py:115} INFO - [2025-10-14 14:57:55,749] {dag.py:2379} INFO - Sync 1 DAGs
[2025-10-14 14:57:55,773] {logging_mixin.py:115} INFO - [2025-10-14 14:57:55,773] {dag.py:2927} INFO - Setting next_dagrun for example_branch_dop_operator_v3 to 2025-10-14T17:56:00+00:00, run_after=2025-10-14T17:57:00+00:00
[2025-10-14 14:57:55,785] {processor.py:161} INFO - Processing /root/Projects/etlX/venv/lib/python3.9/site-packages/airflow/example_dags/example_branch_python_dop_operator_3.py took 0.081 seconds
[2025-10-14 14:58:30,572] {processor.py:153} INFO - Started process (PID=13712) to work on /root/Projects/etlX/venv/lib/python3.9/site-packages/airflow/example_dags/example_branch_python_dop_operator_3.py
[2025-10-14 14:58:30,574] {processor.py:641} INFO - Processing file /root/Projects/etlX/venv/lib/python3.9/site-packages/airflow/example_dags/example_branch_python_dop_operator_3.py for tasks to queue
[2025-10-14 14:58:30,575] {logging_mixin.py:115} INFO - [2025-10-14 14:58:30,575] {dagbag.py:507} INFO - Filling up the DagBag from /root/Projects/etlX/venv/lib/python3.9/site-packages/airflow/example_dags/example_branch_python_dop_operator_3.py
[2025-10-14 14:58:30,593] {processor.py:651} INFO - DAG(s) dict_keys(['example_branch_dop_operator_v3']) retrieved from /root/Projects/etlX/venv/lib/python3.9/site-packages/airflow/example_dags/example_branch_python_dop_operator_3.py
[2025-10-14 14:58:30,616] {logging_mixin.py:115} INFO - [2025-10-14 14:58:30,616] {dag.py:2379} INFO - Sync 1 DAGs
[2025-10-14 14:58:30,638] {logging_mixin.py:115} INFO - [2025-10-14 14:58:30,638] {dag.py:2927} INFO - Setting next_dagrun for example_branch_dop_operator_v3 to 2025-10-14T17:57:00+00:00, run_after=2025-10-14T17:58:00+00:00
[2025-10-14 14:58:30,649] {processor.py:161} INFO - Processing /root/Projects/etlX/venv/lib/python3.9/site-packages/airflow/example_dags/example_branch_python_dop_operator_3.py took 0.086 seconds
[2025-10-14 14:59:02,614] {processor.py:153} INFO - Started process (PID=13840) to work on /root/Projects/etlX/venv/lib/python3.9/site-packages/airflow/example_dags/example_branch_python_dop_operator_3.py
[2025-10-14 14:59:02,615] {processor.py:641} INFO - Processing file /root/Projects/etlX/venv/lib/python3.9/site-packages/airflow/example_dags/example_branch_python_dop_operator_3.py for tasks to queue
[2025-10-14 14:59:02,616] {logging_mixin.py:115} INFO - [2025-10-14 14:59:02,615] {dagbag.py:507} INFO - Filling up the DagBag from /root/Projects/etlX/venv/lib/python3.9/site-packages/airflow/example_dags/example_branch_python_dop_operator_3.py
[2025-10-14 14:59:02,631] {processor.py:651} INFO - DAG(s) dict_keys(['example_branch_dop_operator_v3']) retrieved from /root/Projects/etlX/venv/lib/python3.9/site-packages/airflow/example_dags/example_branch_python_dop_operator_3.py
[2025-10-14 14:59:02,653] {logging_mixin.py:115} INFO - [2025-10-14 14:59:02,653] {dag.py:2379} INFO - Sync 1 DAGs
[2025-10-14 14:59:02,677] {logging_mixin.py:115} INFO - [2025-10-14 14:59:02,677] {dag.py:2927} INFO - Setting next_dagrun for example_branch_dop_operator_v3 to 2025-10-14T17:58:00+00:00, run_after=2025-10-14T17:59:00+00:00
[2025-10-14 14:59:02,692] {processor.py:161} INFO - Processing /root/Projects/etlX/venv/lib/python3.9/site-packages/airflow/example_dags/example_branch_python_dop_operator_3.py took 0.083 seconds
[2025-10-14 14:59:38,105] {processor.py:153} INFO - Started process (PID=13981) to work on /root/Projects/etlX/venv/lib/python3.9/site-packages/airflow/example_dags/example_branch_python_dop_operator_3.py
[2025-10-14 14:59:38,105] {processor.py:641} INFO - Processing file /root/Projects/etlX/venv/lib/python3.9/site-packages/airflow/example_dags/example_branch_python_dop_operator_3.py for tasks to queue
[2025-10-14 14:59:38,106] {logging_mixin.py:115} INFO - [2025-10-14 14:59:38,106] {dagbag.py:507} INFO - Filling up the DagBag from /root/Projects/etlX/venv/lib/python3.9/site-packages/airflow/example_dags/example_branch_python_dop_operator_3.py
[2025-10-14 14:59:38,119] {processor.py:651} INFO - DAG(s) dict_keys(['example_branch_dop_operator_v3']) retrieved from /root/Projects/etlX/venv/lib/python3.9/site-packages/airflow/example_dags/example_branch_python_dop_operator_3.py
[2025-10-14 14:59:38,140] {logging_mixin.py:115} INFO - [2025-10-14 14:59:38,140] {dag.py:2379} INFO - Sync 1 DAGs
[2025-10-14 14:59:38,165] {logging_mixin.py:115} INFO - [2025-10-14 14:59:38,165] {dag.py:2927} INFO - Setting next_dagrun for example_branch_dop_operator_v3 to 2025-10-14T17:58:00+00:00, run_after=2025-10-14T17:59:00+00:00
[2025-10-14 14:59:38,178] {processor.py:161} INFO - Processing /root/Projects/etlX/venv/lib/python3.9/site-packages/airflow/example_dags/example_branch_python_dop_operator_3.py took 0.078 seconds
[2025-10-14 15:00:11,150] {processor.py:153} INFO - Started process (PID=14037) to work on /root/Projects/etlX/venv/lib/python3.9/site-packages/airflow/example_dags/example_branch_python_dop_operator_3.py
[2025-10-14 15:00:11,150] {processor.py:641} INFO - Processing file /root/Projects/etlX/venv/lib/python3.9/site-packages/airflow/example_dags/example_branch_python_dop_operator_3.py for tasks to queue
[2025-10-14 15:00:11,151] {logging_mixin.py:115} INFO - [2025-10-14 15:00:11,151] {dagbag.py:507} INFO - Filling up the DagBag from /root/Projects/etlX/venv/lib/python3.9/site-packages/airflow/example_dags/example_branch_python_dop_operator_3.py
[2025-10-14 15:00:11,163] {processor.py:651} INFO - DAG(s) dict_keys(['example_branch_dop_operator_v3']) retrieved from /root/Projects/etlX/venv/lib/python3.9/site-packages/airflow/example_dags/example_branch_python_dop_operator_3.py
[2025-10-14 15:00:11,184] {logging_mixin.py:115} INFO - [2025-10-14 15:00:11,184] {dag.py:2379} INFO - Sync 1 DAGs
[2025-10-14 15:00:11,208] {logging_mixin.py:115} INFO - [2025-10-14 15:00:11,207] {dag.py:2927} INFO - Setting next_dagrun for example_branch_dop_operator_v3 to 2025-10-14T17:59:00+00:00, run_after=2025-10-14T18:00:00+00:00
[2025-10-14 15:00:11,220] {processor.py:161} INFO - Processing /root/Projects/etlX/venv/lib/python3.9/site-packages/airflow/example_dags/example_branch_python_dop_operator_3.py took 0.075 seconds
[2025-10-14 15:00:48,506] {processor.py:153} INFO - Started process (PID=14224) to work on /root/Projects/etlX/venv/lib/python3.9/site-packages/airflow/example_dags/example_branch_python_dop_operator_3.py
[2025-10-14 15:00:48,506] {processor.py:641} INFO - Processing file /root/Projects/etlX/venv/lib/python3.9/site-packages/airflow/example_dags/example_branch_python_dop_operator_3.py for tasks to queue
[2025-10-14 15:00:48,507] {logging_mixin.py:115} INFO - [2025-10-14 15:00:48,507] {dagbag.py:507} INFO - Filling up the DagBag from /root/Projects/etlX/venv/lib/python3.9/site-packages/airflow/example_dags/example_branch_python_dop_operator_3.py
[2025-10-14 15:00:48,520] {processor.py:651} INFO - DAG(s) dict_keys(['example_branch_dop_operator_v3']) retrieved from /root/Projects/etlX/venv/lib/python3.9/site-packages/airflow/example_dags/example_branch_python_dop_operator_3.py
[2025-10-14 15:00:48,540] {logging_mixin.py:115} INFO - [2025-10-14 15:00:48,540] {dag.py:2379} INFO - Sync 1 DAGs
[2025-10-14 15:00:48,563] {logging_mixin.py:115} INFO - [2025-10-14 15:00:48,563] {dag.py:2927} INFO - Setting next_dagrun for example_branch_dop_operator_v3 to 2025-10-14T17:59:00+00:00, run_after=2025-10-14T18:00:00+00:00
[2025-10-14 15:00:48,575] {processor.py:161} INFO - Processing /root/Projects/etlX/venv/lib/python3.9/site-packages/airflow/example_dags/example_branch_python_dop_operator_3.py took 0.074 seconds
[2025-10-14 15:01:23,193] {processor.py:153} INFO - Started process (PID=14463) to work on /root/Projects/etlX/venv/lib/python3.9/site-packages/airflow/example_dags/example_branch_python_dop_operator_3.py
[2025-10-14 15:01:23,194] {processor.py:641} INFO - Processing file /root/Projects/etlX/venv/lib/python3.9/site-packages/airflow/example_dags/example_branch_python_dop_operator_3.py for tasks to queue
[2025-10-14 15:01:23,195] {logging_mixin.py:115} INFO - [2025-10-14 15:01:23,194] {dagbag.py:507} INFO - Filling up the DagBag from /root/Projects/etlX/venv/lib/python3.9/site-packages/airflow/example_dags/example_branch_python_dop_operator_3.py
[2025-10-14 15:01:23,207] {processor.py:651} INFO - DAG(s) dict_keys(['example_branch_dop_operator_v3']) retrieved from /root/Projects/etlX/venv/lib/python3.9/site-packages/airflow/example_dags/example_branch_python_dop_operator_3.py
[2025-10-14 15:01:23,228] {logging_mixin.py:115} INFO - [2025-10-14 15:01:23,228] {dag.py:2379} INFO - Sync 1 DAGs
[2025-10-14 15:01:23,252] {logging_mixin.py:115} INFO - [2025-10-14 15:01:23,252] {dag.py:2927} INFO - Setting next_dagrun for example_branch_dop_operator_v3 to 2025-10-14T18:00:00+00:00, run_after=2025-10-14T18:01:00+00:00
[2025-10-14 15:01:23,265] {processor.py:161} INFO - Processing /root/Projects/etlX/venv/lib/python3.9/site-packages/airflow/example_dags/example_branch_python_dop_operator_3.py took 0.076 seconds
[2025-10-14 15:01:58,340] {processor.py:153} INFO - Started process (PID=14727) to work on /root/Projects/etlX/venv/lib/python3.9/site-packages/airflow/example_dags/example_branch_python_dop_operator_3.py
[2025-10-14 15:01:58,341] {processor.py:641} INFO - Processing file /root/Projects/etlX/venv/lib/python3.9/site-packages/airflow/example_dags/example_branch_python_dop_operator_3.py for tasks to queue
[2025-10-14 15:01:58,342] {logging_mixin.py:115} INFO - [2025-10-14 15:01:58,341] {dagbag.py:507} INFO - Filling up the DagBag from /root/Projects/etlX/venv/lib/python3.9/site-packages/airflow/example_dags/example_branch_python_dop_operator_3.py
[2025-10-14 15:01:58,354] {processor.py:651} INFO - DAG(s) dict_keys(['example_branch_dop_operator_v3']) retrieved from /root/Projects/etlX/venv/lib/python3.9/site-packages/airflow/example_dags/example_branch_python_dop_operator_3.py
[2025-10-14 15:01:58,375] {logging_mixin.py:115} INFO - [2025-10-14 15:01:58,375] {dag.py:2379} INFO - Sync 1 DAGs
[2025-10-14 15:01:58,400] {logging_mixin.py:115} INFO - [2025-10-14 15:01:58,400] {dag.py:2927} INFO - Setting next_dagrun for example_branch_dop_operator_v3 to 2025-10-14T18:00:00+00:00, run_after=2025-10-14T18:01:00+00:00
[2025-10-14 15:01:58,414] {processor.py:161} INFO - Processing /root/Projects/etlX/venv/lib/python3.9/site-packages/airflow/example_dags/example_branch_python_dop_operator_3.py took 0.079 seconds
[2025-10-14 15:02:33,653] {processor.py:153} INFO - Started process (PID=14838) to work on /root/Projects/etlX/venv/lib/python3.9/site-packages/airflow/example_dags/example_branch_python_dop_operator_3.py
[2025-10-14 15:02:33,654] {processor.py:641} INFO - Processing file /root/Projects/etlX/venv/lib/python3.9/site-packages/airflow/example_dags/example_branch_python_dop_operator_3.py for tasks to queue
[2025-10-14 15:02:33,655] {logging_mixin.py:115} INFO - [2025-10-14 15:02:33,655] {dagbag.py:507} INFO - Filling up the DagBag from /root/Projects/etlX/venv/lib/python3.9/site-packages/airflow/example_dags/example_branch_python_dop_operator_3.py
[2025-10-14 15:02:33,670] {processor.py:651} INFO - DAG(s) dict_keys(['example_branch_dop_operator_v3']) retrieved from /root/Projects/etlX/venv/lib/python3.9/site-packages/airflow/example_dags/example_branch_python_dop_operator_3.py
[2025-10-14 15:02:33,692] {logging_mixin.py:115} INFO - [2025-10-14 15:02:33,692] {dag.py:2379} INFO - Sync 1 DAGs
[2025-10-14 15:02:33,718] {logging_mixin.py:115} INFO - [2025-10-14 15:02:33,718] {dag.py:2927} INFO - Setting next_dagrun for example_branch_dop_operator_v3 to 2025-10-14T18:01:00+00:00, run_after=2025-10-14T18:02:00+00:00
[2025-10-14 15:02:33,732] {processor.py:161} INFO - Processing /root/Projects/etlX/venv/lib/python3.9/site-packages/airflow/example_dags/example_branch_python_dop_operator_3.py took 0.083 seconds
[2025-10-14 15:03:06,150] {processor.py:153} INFO - Started process (PID=14996) to work on /root/Projects/etlX/venv/lib/python3.9/site-packages/airflow/example_dags/example_branch_python_dop_operator_3.py
[2025-10-14 15:03:06,151] {processor.py:641} INFO - Processing file /root/Projects/etlX/venv/lib/python3.9/site-packages/airflow/example_dags/example_branch_python_dop_operator_3.py for tasks to queue
[2025-10-14 15:03:06,152] {logging_mixin.py:115} INFO - [2025-10-14 15:03:06,152] {dagbag.py:507} INFO - Filling up the DagBag from /root/Projects/etlX/venv/lib/python3.9/site-packages/airflow/example_dags/example_branch_python_dop_operator_3.py
[2025-10-14 15:03:06,165] {processor.py:651} INFO - DAG(s) dict_keys(['example_branch_dop_operator_v3']) retrieved from /root/Projects/etlX/venv/lib/python3.9/site-packages/airflow/example_dags/example_branch_python_dop_operator_3.py
[2025-10-14 15:03:06,186] {logging_mixin.py:115} INFO - [2025-10-14 15:03:06,186] {dag.py:2379} INFO - Sync 1 DAGs
[2025-10-14 15:03:06,210] {logging_mixin.py:115} INFO - [2025-10-14 15:03:06,210] {dag.py:2927} INFO - Setting next_dagrun for example_branch_dop_operator_v3 to 2025-10-14T18:02:00+00:00, run_after=2025-10-14T18:03:00+00:00
[2025-10-14 15:03:06,223] {processor.py:161} INFO - Processing /root/Projects/etlX/venv/lib/python3.9/site-packages/airflow/example_dags/example_branch_python_dop_operator_3.py took 0.077 seconds
[2025-10-14 15:10:08,904] {processor.py:153} INFO - Started process (PID=15905) to work on /root/Projects/etlX/venv/lib/python3.9/site-packages/airflow/example_dags/example_branch_python_dop_operator_3.py
[2025-10-14 15:10:08,905] {processor.py:641} INFO - Processing file /root/Projects/etlX/venv/lib/python3.9/site-packages/airflow/example_dags/example_branch_python_dop_operator_3.py for tasks to queue
[2025-10-14 15:10:08,905] {logging_mixin.py:115} INFO - [2025-10-14 15:10:08,905] {dagbag.py:507} INFO - Filling up the DagBag from /root/Projects/etlX/venv/lib/python3.9/site-packages/airflow/example_dags/example_branch_python_dop_operator_3.py
[2025-10-14 15:10:08,920] {processor.py:651} INFO - DAG(s) dict_keys(['example_branch_dop_operator_v3']) retrieved from /root/Projects/etlX/venv/lib/python3.9/site-packages/airflow/example_dags/example_branch_python_dop_operator_3.py
[2025-10-14 15:10:08,943] {logging_mixin.py:115} INFO - [2025-10-14 15:10:08,943] {dag.py:2379} INFO - Sync 1 DAGs
[2025-10-14 15:10:08,968] {logging_mixin.py:115} INFO - [2025-10-14 15:10:08,968] {dag.py:2927} INFO - Setting next_dagrun for example_branch_dop_operator_v3 to 2025-10-14T18:09:00+00:00, run_after=2025-10-14T18:10:00+00:00
[2025-10-14 15:10:08,980] {processor.py:161} INFO - Processing /root/Projects/etlX/venv/lib/python3.9/site-packages/airflow/example_dags/example_branch_python_dop_operator_3.py took 0.081 seconds
[2025-10-14 15:10:42,621] {processor.py:153} INFO - Started process (PID=15960) to work on /root/Projects/etlX/venv/lib/python3.9/site-packages/airflow/example_dags/example_branch_python_dop_operator_3.py
[2025-10-14 15:10:42,622] {processor.py:641} INFO - Processing file /root/Projects/etlX/venv/lib/python3.9/site-packages/airflow/example_dags/example_branch_python_dop_operator_3.py for tasks to queue
[2025-10-14 15:10:42,622] {logging_mixin.py:115} INFO - [2025-10-14 15:10:42,622] {dagbag.py:507} INFO - Filling up the DagBag from /root/Projects/etlX/venv/lib/python3.9/site-packages/airflow/example_dags/example_branch_python_dop_operator_3.py
[2025-10-14 15:10:42,637] {processor.py:651} INFO - DAG(s) dict_keys(['example_branch_dop_operator_v3']) retrieved from /root/Projects/etlX/venv/lib/python3.9/site-packages/airflow/example_dags/example_branch_python_dop_operator_3.py
[2025-10-14 15:10:42,661] {logging_mixin.py:115} INFO - [2025-10-14 15:10:42,660] {dag.py:2379} INFO - Sync 1 DAGs
[2025-10-14 15:10:42,695] {logging_mixin.py:115} INFO - [2025-10-14 15:10:42,695] {dag.py:2927} INFO - Setting next_dagrun for example_branch_dop_operator_v3 to 2025-10-14T18:09:00+00:00, run_after=2025-10-14T18:10:00+00:00
[2025-10-14 15:10:42,710] {processor.py:161} INFO - Processing /root/Projects/etlX/venv/lib/python3.9/site-packages/airflow/example_dags/example_branch_python_dop_operator_3.py took 0.094 seconds
[2025-10-14 15:11:20,132] {processor.py:153} INFO - Started process (PID=16126) to work on /root/Projects/etlX/venv/lib/python3.9/site-packages/airflow/example_dags/example_branch_python_dop_operator_3.py
[2025-10-14 15:11:20,132] {processor.py:641} INFO - Processing file /root/Projects/etlX/venv/lib/python3.9/site-packages/airflow/example_dags/example_branch_python_dop_operator_3.py for tasks to queue
[2025-10-14 15:11:20,133] {logging_mixin.py:115} INFO - [2025-10-14 15:11:20,133] {dagbag.py:507} INFO - Filling up the DagBag from /root/Projects/etlX/venv/lib/python3.9/site-packages/airflow/example_dags/example_branch_python_dop_operator_3.py
[2025-10-14 15:11:20,146] {processor.py:651} INFO - DAG(s) dict_keys(['example_branch_dop_operator_v3']) retrieved from /root/Projects/etlX/venv/lib/python3.9/site-packages/airflow/example_dags/example_branch_python_dop_operator_3.py
[2025-10-14 15:11:20,167] {logging_mixin.py:115} INFO - [2025-10-14 15:11:20,167] {dag.py:2379} INFO - Sync 1 DAGs
[2025-10-14 15:11:20,191] {logging_mixin.py:115} INFO - [2025-10-14 15:11:20,191] {dag.py:2927} INFO - Setting next_dagrun for example_branch_dop_operator_v3 to 2025-10-14T18:10:00+00:00, run_after=2025-10-14T18:11:00+00:00
[2025-10-14 15:11:20,202] {processor.py:161} INFO - Processing /root/Projects/etlX/venv/lib/python3.9/site-packages/airflow/example_dags/example_branch_python_dop_operator_3.py took 0.076 seconds
[2025-10-14 15:11:53,265] {processor.py:153} INFO - Started process (PID=16181) to work on /root/Projects/etlX/venv/lib/python3.9/site-packages/airflow/example_dags/example_branch_python_dop_operator_3.py
[2025-10-14 15:11:53,266] {processor.py:641} INFO - Processing file /root/Projects/etlX/venv/lib/python3.9/site-packages/airflow/example_dags/example_branch_python_dop_operator_3.py for tasks to queue
[2025-10-14 15:11:53,267] {logging_mixin.py:115} INFO - [2025-10-14 15:11:53,267] {dagbag.py:507} INFO - Filling up the DagBag from /root/Projects/etlX/venv/lib/python3.9/site-packages/airflow/example_dags/example_branch_python_dop_operator_3.py
[2025-10-14 15:11:53,294] {processor.py:651} INFO - DAG(s) dict_keys(['example_branch_dop_operator_v3']) retrieved from /root/Projects/etlX/venv/lib/python3.9/site-packages/airflow/example_dags/example_branch_python_dop_operator_3.py
[2025-10-14 15:11:53,328] {logging_mixin.py:115} INFO - [2025-10-14 15:11:53,328] {dag.py:2379} INFO - Sync 1 DAGs
[2025-10-14 15:11:53,352] {logging_mixin.py:115} INFO - [2025-10-14 15:11:53,352] {dag.py:2927} INFO - Setting next_dagrun for example_branch_dop_operator_v3 to 2025-10-14T18:10:00+00:00, run_after=2025-10-14T18:11:00+00:00
[2025-10-14 15:11:53,364] {processor.py:161} INFO - Processing /root/Projects/etlX/venv/lib/python3.9/site-packages/airflow/example_dags/example_branch_python_dop_operator_3.py took 0.109 seconds
[2025-10-14 15:12:28,485] {processor.py:153} INFO - Started process (PID=16240) to work on /root/Projects/etlX/venv/lib/python3.9/site-packages/airflow/example_dags/example_branch_python_dop_operator_3.py
[2025-10-14 15:12:28,486] {processor.py:641} INFO - Processing file /root/Projects/etlX/venv/lib/python3.9/site-packages/airflow/example_dags/example_branch_python_dop_operator_3.py for tasks to queue
[2025-10-14 15:12:28,487] {logging_mixin.py:115} INFO - [2025-10-14 15:12:28,487] {dagbag.py:507} INFO - Filling up the DagBag from /root/Projects/etlX/venv/lib/python3.9/site-packages/airflow/example_dags/example_branch_python_dop_operator_3.py
[2025-10-14 15:12:28,514] {processor.py:651} INFO - DAG(s) dict_keys(['example_branch_dop_operator_v3']) retrieved from /root/Projects/etlX/venv/lib/python3.9/site-packages/airflow/example_dags/example_branch_python_dop_operator_3.py
[2025-10-14 15:12:28,534] {logging_mixin.py:115} INFO - [2025-10-14 15:12:28,534] {dag.py:2379} INFO - Sync 1 DAGs
[2025-10-14 15:12:28,558] {logging_mixin.py:115} INFO - [2025-10-14 15:12:28,558] {dag.py:2927} INFO - Setting next_dagrun for example_branch_dop_operator_v3 to 2025-10-14T18:11:00+00:00, run_after=2025-10-14T18:12:00+00:00
[2025-10-14 15:12:28,569] {processor.py:161} INFO - Processing /root/Projects/etlX/venv/lib/python3.9/site-packages/airflow/example_dags/example_branch_python_dop_operator_3.py took 0.094 seconds
[2025-10-14 15:13:02,296] {processor.py:153} INFO - Started process (PID=16295) to work on /root/Projects/etlX/venv/lib/python3.9/site-packages/airflow/example_dags/example_branch_python_dop_operator_3.py
[2025-10-14 15:13:02,297] {processor.py:641} INFO - Processing file /root/Projects/etlX/venv/lib/python3.9/site-packages/airflow/example_dags/example_branch_python_dop_operator_3.py for tasks to queue
[2025-10-14 15:13:02,298] {logging_mixin.py:115} INFO - [2025-10-14 15:13:02,297] {dagbag.py:507} INFO - Filling up the DagBag from /root/Projects/etlX/venv/lib/python3.9/site-packages/airflow/example_dags/example_branch_python_dop_operator_3.py
[2025-10-14 15:13:02,309] {processor.py:651} INFO - DAG(s) dict_keys(['example_branch_dop_operator_v3']) retrieved from /root/Projects/etlX/venv/lib/python3.9/site-packages/airflow/example_dags/example_branch_python_dop_operator_3.py
[2025-10-14 15:13:02,328] {logging_mixin.py:115} INFO - [2025-10-14 15:13:02,328] {dag.py:2379} INFO - Sync 1 DAGs
[2025-10-14 15:13:02,350] {logging_mixin.py:115} INFO - [2025-10-14 15:13:02,350] {dag.py:2927} INFO - Setting next_dagrun for example_branch_dop_operator_v3 to 2025-10-14T18:12:00+00:00, run_after=2025-10-14T18:13:00+00:00
[2025-10-14 15:13:02,361] {processor.py:161} INFO - Processing /root/Projects/etlX/venv/lib/python3.9/site-packages/airflow/example_dags/example_branch_python_dop_operator_3.py took 0.070 seconds
[2025-10-14 15:13:36,003] {processor.py:153} INFO - Started process (PID=16353) to work on /root/Projects/etlX/venv/lib/python3.9/site-packages/airflow/example_dags/example_branch_python_dop_operator_3.py
[2025-10-14 15:13:36,004] {processor.py:641} INFO - Processing file /root/Projects/etlX/venv/lib/python3.9/site-packages/airflow/example_dags/example_branch_python_dop_operator_3.py for tasks to queue
[2025-10-14 15:13:36,004] {logging_mixin.py:115} INFO - [2025-10-14 15:13:36,004] {dagbag.py:507} INFO - Filling up the DagBag from /root/Projects/etlX/venv/lib/python3.9/site-packages/airflow/example_dags/example_branch_python_dop_operator_3.py
[2025-10-14 15:13:36,020] {processor.py:651} INFO - DAG(s) dict_keys(['example_branch_dop_operator_v3']) retrieved from /root/Projects/etlX/venv/lib/python3.9/site-packages/airflow/example_dags/example_branch_python_dop_operator_3.py
[2025-10-14 15:13:36,043] {logging_mixin.py:115} INFO - [2025-10-14 15:13:36,043] {dag.py:2379} INFO - Sync 1 DAGs
[2025-10-14 15:13:36,072] {logging_mixin.py:115} INFO - [2025-10-14 15:13:36,072] {dag.py:2927} INFO - Setting next_dagrun for example_branch_dop_operator_v3 to 2025-10-14T18:12:00+00:00, run_after=2025-10-14T18:13:00+00:00
[2025-10-14 15:13:36,105] {processor.py:161} INFO - Processing /root/Projects/etlX/venv/lib/python3.9/site-packages/airflow/example_dags/example_branch_python_dop_operator_3.py took 0.108 seconds
[2025-10-14 15:14:09,106] {processor.py:153} INFO - Started process (PID=16408) to work on /root/Projects/etlX/venv/lib/python3.9/site-packages/airflow/example_dags/example_branch_python_dop_operator_3.py
[2025-10-14 15:14:09,107] {processor.py:641} INFO - Processing file /root/Projects/etlX/venv/lib/python3.9/site-packages/airflow/example_dags/example_branch_python_dop_operator_3.py for tasks to queue
[2025-10-14 15:14:09,107] {logging_mixin.py:115} INFO - [2025-10-14 15:14:09,107] {dagbag.py:507} INFO - Filling up the DagBag from /root/Projects/etlX/venv/lib/python3.9/site-packages/airflow/example_dags/example_branch_python_dop_operator_3.py
[2025-10-14 15:14:09,119] {processor.py:651} INFO - DAG(s) dict_keys(['example_branch_dop_operator_v3']) retrieved from /root/Projects/etlX/venv/lib/python3.9/site-packages/airflow/example_dags/example_branch_python_dop_operator_3.py
[2025-10-14 15:14:09,138] {logging_mixin.py:115} INFO - [2025-10-14 15:14:09,138] {dag.py:2379} INFO - Sync 1 DAGs
[2025-10-14 15:14:09,160] {logging_mixin.py:115} INFO - [2025-10-14 15:14:09,160] {dag.py:2927} INFO - Setting next_dagrun for example_branch_dop_operator_v3 to 2025-10-14T18:13:00+00:00, run_after=2025-10-14T18:14:00+00:00
[2025-10-14 15:14:09,171] {processor.py:161} INFO - Processing /root/Projects/etlX/venv/lib/python3.9/site-packages/airflow/example_dags/example_branch_python_dop_operator_3.py took 0.070 seconds
[2025-10-14 15:14:43,068] {processor.py:153} INFO - Started process (PID=16488) to work on /root/Projects/etlX/venv/lib/python3.9/site-packages/airflow/example_dags/example_branch_python_dop_operator_3.py
[2025-10-14 15:14:43,068] {processor.py:641} INFO - Processing file /root/Projects/etlX/venv/lib/python3.9/site-packages/airflow/example_dags/example_branch_python_dop_operator_3.py for tasks to queue
[2025-10-14 15:14:43,069] {logging_mixin.py:115} INFO - [2025-10-14 15:14:43,069] {dagbag.py:507} INFO - Filling up the DagBag from /root/Projects/etlX/venv/lib/python3.9/site-packages/airflow/example_dags/example_branch_python_dop_operator_3.py
[2025-10-14 15:14:43,080] {processor.py:651} INFO - DAG(s) dict_keys(['example_branch_dop_operator_v3']) retrieved from /root/Projects/etlX/venv/lib/python3.9/site-packages/airflow/example_dags/example_branch_python_dop_operator_3.py
[2025-10-14 15:14:43,097] {logging_mixin.py:115} INFO - [2025-10-14 15:14:43,097] {dag.py:2379} INFO - Sync 1 DAGs
[2025-10-14 15:14:43,121] {logging_mixin.py:115} INFO - [2025-10-14 15:14:43,120] {dag.py:2927} INFO - Setting next_dagrun for example_branch_dop_operator_v3 to 2025-10-14T18:13:00+00:00, run_after=2025-10-14T18:14:00+00:00
[2025-10-14 15:14:43,132] {processor.py:161} INFO - Processing /root/Projects/etlX/venv/lib/python3.9/site-packages/airflow/example_dags/example_branch_python_dop_operator_3.py took 0.069 seconds
[2025-10-14 15:15:20,562] {processor.py:153} INFO - Started process (PID=16578) to work on /root/Projects/etlX/venv/lib/python3.9/site-packages/airflow/example_dags/example_branch_python_dop_operator_3.py
[2025-10-14 15:15:20,563] {processor.py:641} INFO - Processing file /root/Projects/etlX/venv/lib/python3.9/site-packages/airflow/example_dags/example_branch_python_dop_operator_3.py for tasks to queue
[2025-10-14 15:15:20,563] {logging_mixin.py:115} INFO - [2025-10-14 15:15:20,563] {dagbag.py:507} INFO - Filling up the DagBag from /root/Projects/etlX/venv/lib/python3.9/site-packages/airflow/example_dags/example_branch_python_dop_operator_3.py
[2025-10-14 15:15:20,575] {processor.py:651} INFO - DAG(s) dict_keys(['example_branch_dop_operator_v3']) retrieved from /root/Projects/etlX/venv/lib/python3.9/site-packages/airflow/example_dags/example_branch_python_dop_operator_3.py
[2025-10-14 15:15:20,595] {logging_mixin.py:115} INFO - [2025-10-14 15:15:20,595] {dag.py:2379} INFO - Sync 1 DAGs
[2025-10-14 15:15:20,618] {logging_mixin.py:115} INFO - [2025-10-14 15:15:20,618] {dag.py:2927} INFO - Setting next_dagrun for example_branch_dop_operator_v3 to 2025-10-14T18:14:00+00:00, run_after=2025-10-14T18:15:00+00:00
[2025-10-14 15:15:20,629] {processor.py:161} INFO - Processing /root/Projects/etlX/venv/lib/python3.9/site-packages/airflow/example_dags/example_branch_python_dop_operator_3.py took 0.072 seconds
[2025-10-14 15:15:55,483] {processor.py:153} INFO - Started process (PID=16637) to work on /root/Projects/etlX/venv/lib/python3.9/site-packages/airflow/example_dags/example_branch_python_dop_operator_3.py
[2025-10-14 15:15:55,484] {processor.py:641} INFO - Processing file /root/Projects/etlX/venv/lib/python3.9/site-packages/airflow/example_dags/example_branch_python_dop_operator_3.py for tasks to queue
[2025-10-14 15:15:55,484] {logging_mixin.py:115} INFO - [2025-10-14 15:15:55,484] {dagbag.py:507} INFO - Filling up the DagBag from /root/Projects/etlX/venv/lib/python3.9/site-packages/airflow/example_dags/example_branch_python_dop_operator_3.py
[2025-10-14 15:15:55,501] {processor.py:651} INFO - DAG(s) dict_keys(['example_branch_dop_operator_v3']) retrieved from /root/Projects/etlX/venv/lib/python3.9/site-packages/airflow/example_dags/example_branch_python_dop_operator_3.py
[2025-10-14 15:15:55,529] {logging_mixin.py:115} INFO - [2025-10-14 15:15:55,529] {dag.py:2379} INFO - Sync 1 DAGs
[2025-10-14 15:15:55,555] {logging_mixin.py:115} INFO - [2025-10-14 15:15:55,554] {dag.py:2927} INFO - Setting next_dagrun for example_branch_dop_operator_v3 to 2025-10-14T18:14:00+00:00, run_after=2025-10-14T18:15:00+00:00
[2025-10-14 15:15:55,565] {processor.py:161} INFO - Processing /root/Projects/etlX/venv/lib/python3.9/site-packages/airflow/example_dags/example_branch_python_dop_operator_3.py took 0.091 seconds
[2025-10-14 15:16:32,029] {processor.py:153} INFO - Started process (PID=16851) to work on /root/Projects/etlX/venv/lib/python3.9/site-packages/airflow/example_dags/example_branch_python_dop_operator_3.py
[2025-10-14 15:16:32,029] {processor.py:641} INFO - Processing file /root/Projects/etlX/venv/lib/python3.9/site-packages/airflow/example_dags/example_branch_python_dop_operator_3.py for tasks to queue
[2025-10-14 15:16:32,031] {logging_mixin.py:115} INFO - [2025-10-14 15:16:32,030] {dagbag.py:507} INFO - Filling up the DagBag from /root/Projects/etlX/venv/lib/python3.9/site-packages/airflow/example_dags/example_branch_python_dop_operator_3.py
[2025-10-14 15:16:32,043] {processor.py:651} INFO - DAG(s) dict_keys(['example_branch_dop_operator_v3']) retrieved from /root/Projects/etlX/venv/lib/python3.9/site-packages/airflow/example_dags/example_branch_python_dop_operator_3.py
[2025-10-14 15:16:32,063] {logging_mixin.py:115} INFO - [2025-10-14 15:16:32,063] {dag.py:2379} INFO - Sync 1 DAGs
[2025-10-14 15:16:32,086] {logging_mixin.py:115} INFO - [2025-10-14 15:16:32,086] {dag.py:2927} INFO - Setting next_dagrun for example_branch_dop_operator_v3 to 2025-10-14T18:15:00+00:00, run_after=2025-10-14T18:16:00+00:00
[2025-10-14 15:16:32,098] {processor.py:161} INFO - Processing /root/Projects/etlX/venv/lib/python3.9/site-packages/airflow/example_dags/example_branch_python_dop_operator_3.py took 0.073 seconds
[2025-10-14 15:17:04,983] {processor.py:153} INFO - Started process (PID=17060) to work on /root/Projects/etlX/venv/lib/python3.9/site-packages/airflow/example_dags/example_branch_python_dop_operator_3.py
[2025-10-14 15:17:04,984] {processor.py:641} INFO - Processing file /root/Projects/etlX/venv/lib/python3.9/site-packages/airflow/example_dags/example_branch_python_dop_operator_3.py for tasks to queue
[2025-10-14 15:17:04,985] {logging_mixin.py:115} INFO - [2025-10-14 15:17:04,985] {dagbag.py:507} INFO - Filling up the DagBag from /root/Projects/etlX/venv/lib/python3.9/site-packages/airflow/example_dags/example_branch_python_dop_operator_3.py
[2025-10-14 15:17:05,000] {processor.py:651} INFO - DAG(s) dict_keys(['example_branch_dop_operator_v3']) retrieved from /root/Projects/etlX/venv/lib/python3.9/site-packages/airflow/example_dags/example_branch_python_dop_operator_3.py
[2025-10-14 15:17:05,019] {logging_mixin.py:115} INFO - [2025-10-14 15:17:05,019] {dag.py:2379} INFO - Sync 1 DAGs
[2025-10-14 15:17:05,042] {logging_mixin.py:115} INFO - [2025-10-14 15:17:05,042] {dag.py:2927} INFO - Setting next_dagrun for example_branch_dop_operator_v3 to 2025-10-14T18:16:00+00:00, run_after=2025-10-14T18:17:00+00:00
[2025-10-14 15:17:05,054] {processor.py:161} INFO - Processing /root/Projects/etlX/venv/lib/python3.9/site-packages/airflow/example_dags/example_branch_python_dop_operator_3.py took 0.079 seconds
[2025-10-14 15:17:39,481] {processor.py:153} INFO - Started process (PID=17140) to work on /root/Projects/etlX/venv/lib/python3.9/site-packages/airflow/example_dags/example_branch_python_dop_operator_3.py
[2025-10-14 15:17:39,482] {processor.py:641} INFO - Processing file /root/Projects/etlX/venv/lib/python3.9/site-packages/airflow/example_dags/example_branch_python_dop_operator_3.py for tasks to queue
[2025-10-14 15:17:39,482] {logging_mixin.py:115} INFO - [2025-10-14 15:17:39,482] {dagbag.py:507} INFO - Filling up the DagBag from /root/Projects/etlX/venv/lib/python3.9/site-packages/airflow/example_dags/example_branch_python_dop_operator_3.py
[2025-10-14 15:17:39,495] {processor.py:651} INFO - DAG(s) dict_keys(['example_branch_dop_operator_v3']) retrieved from /root/Projects/etlX/venv/lib/python3.9/site-packages/airflow/example_dags/example_branch_python_dop_operator_3.py
[2025-10-14 15:17:39,516] {logging_mixin.py:115} INFO - [2025-10-14 15:17:39,516] {dag.py:2379} INFO - Sync 1 DAGs
[2025-10-14 15:17:39,540] {logging_mixin.py:115} INFO - [2025-10-14 15:17:39,540] {dag.py:2927} INFO - Setting next_dagrun for example_branch_dop_operator_v3 to 2025-10-14T18:16:00+00:00, run_after=2025-10-14T18:17:00+00:00
[2025-10-14 15:17:39,552] {processor.py:161} INFO - Processing /root/Projects/etlX/venv/lib/python3.9/site-packages/airflow/example_dags/example_branch_python_dop_operator_3.py took 0.076 seconds
[2025-10-14 15:59:06,541] {processor.py:153} INFO - Started process (PID=19967) to work on /root/Projects/etlX/venv/lib/python3.9/site-packages/airflow/example_dags/example_branch_python_dop_operator_3.py
[2025-10-14 15:59:06,542] {processor.py:641} INFO - Processing file /root/Projects/etlX/venv/lib/python3.9/site-packages/airflow/example_dags/example_branch_python_dop_operator_3.py for tasks to queue
[2025-10-14 15:59:06,543] {logging_mixin.py:115} INFO - [2025-10-14 15:59:06,543] {dagbag.py:507} INFO - Filling up the DagBag from /root/Projects/etlX/venv/lib/python3.9/site-packages/airflow/example_dags/example_branch_python_dop_operator_3.py
[2025-10-14 15:59:06,558] {processor.py:651} INFO - DAG(s) dict_keys(['example_branch_dop_operator_v3']) retrieved from /root/Projects/etlX/venv/lib/python3.9/site-packages/airflow/example_dags/example_branch_python_dop_operator_3.py
[2025-10-14 15:59:06,583] {logging_mixin.py:115} INFO - [2025-10-14 15:59:06,583] {dag.py:2379} INFO - Sync 1 DAGs
[2025-10-14 15:59:06,653] {logging_mixin.py:115} INFO - [2025-10-14 15:59:06,653] {dag.py:2927} INFO - Setting next_dagrun for example_branch_dop_operator_v3 to 2025-10-14T18:58:00+00:00, run_after=2025-10-14T18:59:00+00:00
[2025-10-14 15:59:06,668] {processor.py:161} INFO - Processing /root/Projects/etlX/venv/lib/python3.9/site-packages/airflow/example_dags/example_branch_python_dop_operator_3.py took 0.132 seconds
[2025-10-14 15:59:38,729] {processor.py:153} INFO - Started process (PID=20102) to work on /root/Projects/etlX/venv/lib/python3.9/site-packages/airflow/example_dags/example_branch_python_dop_operator_3.py
[2025-10-14 15:59:38,729] {processor.py:641} INFO - Processing file /root/Projects/etlX/venv/lib/python3.9/site-packages/airflow/example_dags/example_branch_python_dop_operator_3.py for tasks to queue
[2025-10-14 15:59:38,730] {logging_mixin.py:115} INFO - [2025-10-14 15:59:38,730] {dagbag.py:507} INFO - Filling up the DagBag from /root/Projects/etlX/venv/lib/python3.9/site-packages/airflow/example_dags/example_branch_python_dop_operator_3.py
[2025-10-14 15:59:38,742] {processor.py:651} INFO - DAG(s) dict_keys(['example_branch_dop_operator_v3']) retrieved from /root/Projects/etlX/venv/lib/python3.9/site-packages/airflow/example_dags/example_branch_python_dop_operator_3.py
[2025-10-14 15:59:38,762] {logging_mixin.py:115} INFO - [2025-10-14 15:59:38,762] {dag.py:2379} INFO - Sync 1 DAGs
[2025-10-14 15:59:38,784] {logging_mixin.py:115} INFO - [2025-10-14 15:59:38,784] {dag.py:2927} INFO - Setting next_dagrun for example_branch_dop_operator_v3 to 2025-10-14T18:58:00+00:00, run_after=2025-10-14T18:59:00+00:00
[2025-10-14 15:59:38,795] {processor.py:161} INFO - Processing /root/Projects/etlX/venv/lib/python3.9/site-packages/airflow/example_dags/example_branch_python_dop_operator_3.py took 0.070 seconds
[2025-10-14 16:00:12,023] {processor.py:153} INFO - Started process (PID=20160) to work on /root/Projects/etlX/venv/lib/python3.9/site-packages/airflow/example_dags/example_branch_python_dop_operator_3.py
[2025-10-14 16:00:12,024] {processor.py:641} INFO - Processing file /root/Projects/etlX/venv/lib/python3.9/site-packages/airflow/example_dags/example_branch_python_dop_operator_3.py for tasks to queue
[2025-10-14 16:00:12,025] {logging_mixin.py:115} INFO - [2025-10-14 16:00:12,025] {dagbag.py:507} INFO - Filling up the DagBag from /root/Projects/etlX/venv/lib/python3.9/site-packages/airflow/example_dags/example_branch_python_dop_operator_3.py
[2025-10-14 16:00:12,042] {processor.py:651} INFO - DAG(s) dict_keys(['example_branch_dop_operator_v3']) retrieved from /root/Projects/etlX/venv/lib/python3.9/site-packages/airflow/example_dags/example_branch_python_dop_operator_3.py
[2025-10-14 16:00:12,062] {logging_mixin.py:115} INFO - [2025-10-14 16:00:12,062] {dag.py:2379} INFO - Sync 1 DAGs
[2025-10-14 16:00:12,084] {logging_mixin.py:115} INFO - [2025-10-14 16:00:12,084] {dag.py:2927} INFO - Setting next_dagrun for example_branch_dop_operator_v3 to 2025-10-14T18:59:00+00:00, run_after=2025-10-14T19:00:00+00:00
[2025-10-14 16:00:12,097] {processor.py:161} INFO - Processing /root/Projects/etlX/venv/lib/python3.9/site-packages/airflow/example_dags/example_branch_python_dop_operator_3.py took 0.079 seconds
[2025-10-14 16:00:45,730] {processor.py:153} INFO - Started process (PID=20215) to work on /root/Projects/etlX/venv/lib/python3.9/site-packages/airflow/example_dags/example_branch_python_dop_operator_3.py
[2025-10-14 16:00:45,730] {processor.py:641} INFO - Processing file /root/Projects/etlX/venv/lib/python3.9/site-packages/airflow/example_dags/example_branch_python_dop_operator_3.py for tasks to queue
[2025-10-14 16:00:45,731] {logging_mixin.py:115} INFO - [2025-10-14 16:00:45,731] {dagbag.py:507} INFO - Filling up the DagBag from /root/Projects/etlX/venv/lib/python3.9/site-packages/airflow/example_dags/example_branch_python_dop_operator_3.py
[2025-10-14 16:00:45,744] {processor.py:651} INFO - DAG(s) dict_keys(['example_branch_dop_operator_v3']) retrieved from /root/Projects/etlX/venv/lib/python3.9/site-packages/airflow/example_dags/example_branch_python_dop_operator_3.py
[2025-10-14 16:00:45,764] {logging_mixin.py:115} INFO - [2025-10-14 16:00:45,764] {dag.py:2379} INFO - Sync 1 DAGs
[2025-10-14 16:00:45,785] {logging_mixin.py:115} INFO - [2025-10-14 16:00:45,785] {dag.py:2927} INFO - Setting next_dagrun for example_branch_dop_operator_v3 to 2025-10-14T18:59:00+00:00, run_after=2025-10-14T19:00:00+00:00
[2025-10-14 16:00:45,796] {processor.py:161} INFO - Processing /root/Projects/etlX/venv/lib/python3.9/site-packages/airflow/example_dags/example_branch_python_dop_operator_3.py took 0.070 seconds
[2025-10-14 16:01:19,870] {processor.py:153} INFO - Started process (PID=20274) to work on /root/Projects/etlX/venv/lib/python3.9/site-packages/airflow/example_dags/example_branch_python_dop_operator_3.py
[2025-10-14 16:01:19,871] {processor.py:641} INFO - Processing file /root/Projects/etlX/venv/lib/python3.9/site-packages/airflow/example_dags/example_branch_python_dop_operator_3.py for tasks to queue
[2025-10-14 16:01:19,871] {logging_mixin.py:115} INFO - [2025-10-14 16:01:19,871] {dagbag.py:507} INFO - Filling up the DagBag from /root/Projects/etlX/venv/lib/python3.9/site-packages/airflow/example_dags/example_branch_python_dop_operator_3.py
[2025-10-14 16:01:19,883] {processor.py:651} INFO - DAG(s) dict_keys(['example_branch_dop_operator_v3']) retrieved from /root/Projects/etlX/venv/lib/python3.9/site-packages/airflow/example_dags/example_branch_python_dop_operator_3.py
[2025-10-14 16:01:19,903] {logging_mixin.py:115} INFO - [2025-10-14 16:01:19,903] {dag.py:2379} INFO - Sync 1 DAGs
[2025-10-14 16:01:19,925] {logging_mixin.py:115} INFO - [2025-10-14 16:01:19,925] {dag.py:2927} INFO - Setting next_dagrun for example_branch_dop_operator_v3 to 2025-10-14T19:00:00+00:00, run_after=2025-10-14T19:01:00+00:00
[2025-10-14 16:01:19,938] {processor.py:161} INFO - Processing /root/Projects/etlX/venv/lib/python3.9/site-packages/airflow/example_dags/example_branch_python_dop_operator_3.py took 0.075 seconds
[2025-10-14 16:01:56,950] {processor.py:153} INFO - Started process (PID=20334) to work on /root/Projects/etlX/venv/lib/python3.9/site-packages/airflow/example_dags/example_branch_python_dop_operator_3.py
[2025-10-14 16:01:56,951] {processor.py:641} INFO - Processing file /root/Projects/etlX/venv/lib/python3.9/site-packages/airflow/example_dags/example_branch_python_dop_operator_3.py for tasks to queue
[2025-10-14 16:01:56,951] {logging_mixin.py:115} INFO - [2025-10-14 16:01:56,951] {dagbag.py:507} INFO - Filling up the DagBag from /root/Projects/etlX/venv/lib/python3.9/site-packages/airflow/example_dags/example_branch_python_dop_operator_3.py
[2025-10-14 16:01:56,965] {processor.py:651} INFO - DAG(s) dict_keys(['example_branch_dop_operator_v3']) retrieved from /root/Projects/etlX/venv/lib/python3.9/site-packages/airflow/example_dags/example_branch_python_dop_operator_3.py
[2025-10-14 16:01:56,986] {logging_mixin.py:115} INFO - [2025-10-14 16:01:56,986] {dag.py:2379} INFO - Sync 1 DAGs
[2025-10-14 16:01:57,011] {logging_mixin.py:115} INFO - [2025-10-14 16:01:57,011] {dag.py:2927} INFO - Setting next_dagrun for example_branch_dop_operator_v3 to 2025-10-14T19:00:00+00:00, run_after=2025-10-14T19:01:00+00:00
[2025-10-14 16:01:57,023] {processor.py:161} INFO - Processing /root/Projects/etlX/venv/lib/python3.9/site-packages/airflow/example_dags/example_branch_python_dop_operator_3.py took 0.080 seconds
[2025-10-14 16:02:29,797] {processor.py:153} INFO - Started process (PID=20392) to work on /root/Projects/etlX/venv/lib/python3.9/site-packages/airflow/example_dags/example_branch_python_dop_operator_3.py
[2025-10-14 16:02:29,798] {processor.py:641} INFO - Processing file /root/Projects/etlX/venv/lib/python3.9/site-packages/airflow/example_dags/example_branch_python_dop_operator_3.py for tasks to queue
[2025-10-14 16:02:29,800] {logging_mixin.py:115} INFO - [2025-10-14 16:02:29,799] {dagbag.py:507} INFO - Filling up the DagBag from /root/Projects/etlX/venv/lib/python3.9/site-packages/airflow/example_dags/example_branch_python_dop_operator_3.py
[2025-10-14 16:02:29,815] {processor.py:651} INFO - DAG(s) dict_keys(['example_branch_dop_operator_v3']) retrieved from /root/Projects/etlX/venv/lib/python3.9/site-packages/airflow/example_dags/example_branch_python_dop_operator_3.py
[2025-10-14 16:02:29,838] {logging_mixin.py:115} INFO - [2025-10-14 16:02:29,838] {dag.py:2379} INFO - Sync 1 DAGs
[2025-10-14 16:02:29,860] {logging_mixin.py:115} INFO - [2025-10-14 16:02:29,860] {dag.py:2927} INFO - Setting next_dagrun for example_branch_dop_operator_v3 to 2025-10-14T19:01:00+00:00, run_after=2025-10-14T19:02:00+00:00
[2025-10-14 16:02:29,871] {processor.py:161} INFO - Processing /root/Projects/etlX/venv/lib/python3.9/site-packages/airflow/example_dags/example_branch_python_dop_operator_3.py took 0.081 seconds
[2025-10-14 16:03:05,497] {processor.py:153} INFO - Started process (PID=20452) to work on /root/Projects/etlX/venv/lib/python3.9/site-packages/airflow/example_dags/example_branch_python_dop_operator_3.py
[2025-10-14 16:03:05,498] {processor.py:641} INFO - Processing file /root/Projects/etlX/venv/lib/python3.9/site-packages/airflow/example_dags/example_branch_python_dop_operator_3.py for tasks to queue
[2025-10-14 16:03:05,499] {logging_mixin.py:115} INFO - [2025-10-14 16:03:05,499] {dagbag.py:507} INFO - Filling up the DagBag from /root/Projects/etlX/venv/lib/python3.9/site-packages/airflow/example_dags/example_branch_python_dop_operator_3.py
[2025-10-14 16:03:05,522] {processor.py:651} INFO - DAG(s) dict_keys(['example_branch_dop_operator_v3']) retrieved from /root/Projects/etlX/venv/lib/python3.9/site-packages/airflow/example_dags/example_branch_python_dop_operator_3.py
[2025-10-14 16:03:05,545] {logging_mixin.py:115} INFO - [2025-10-14 16:03:05,545] {dag.py:2379} INFO - Sync 1 DAGs
[2025-10-14 16:03:05,568] {logging_mixin.py:115} INFO - [2025-10-14 16:03:05,568] {dag.py:2927} INFO - Setting next_dagrun for example_branch_dop_operator_v3 to 2025-10-14T19:02:00+00:00, run_after=2025-10-14T19:03:00+00:00
[2025-10-14 16:03:05,580] {processor.py:161} INFO - Processing /root/Projects/etlX/venv/lib/python3.9/site-packages/airflow/example_dags/example_branch_python_dop_operator_3.py took 0.090 seconds
[2025-10-14 16:03:39,019] {processor.py:153} INFO - Started process (PID=20558) to work on /root/Projects/etlX/venv/lib/python3.9/site-packages/airflow/example_dags/example_branch_python_dop_operator_3.py
[2025-10-14 16:03:39,020] {processor.py:641} INFO - Processing file /root/Projects/etlX/venv/lib/python3.9/site-packages/airflow/example_dags/example_branch_python_dop_operator_3.py for tasks to queue
[2025-10-14 16:03:39,021] {logging_mixin.py:115} INFO - [2025-10-14 16:03:39,020] {dagbag.py:507} INFO - Filling up the DagBag from /root/Projects/etlX/venv/lib/python3.9/site-packages/airflow/example_dags/example_branch_python_dop_operator_3.py
[2025-10-14 16:03:39,032] {processor.py:651} INFO - DAG(s) dict_keys(['example_branch_dop_operator_v3']) retrieved from /root/Projects/etlX/venv/lib/python3.9/site-packages/airflow/example_dags/example_branch_python_dop_operator_3.py
[2025-10-14 16:03:39,051] {logging_mixin.py:115} INFO - [2025-10-14 16:03:39,051] {dag.py:2379} INFO - Sync 1 DAGs
[2025-10-14 16:03:39,072] {logging_mixin.py:115} INFO - [2025-10-14 16:03:39,072] {dag.py:2927} INFO - Setting next_dagrun for example_branch_dop_operator_v3 to 2025-10-14T19:02:00+00:00, run_after=2025-10-14T19:03:00+00:00
[2025-10-14 16:03:39,083] {processor.py:161} INFO - Processing /root/Projects/etlX/venv/lib/python3.9/site-packages/airflow/example_dags/example_branch_python_dop_operator_3.py took 0.068 seconds
[2025-10-14 16:04:13,728] {processor.py:153} INFO - Started process (PID=20617) to work on /root/Projects/etlX/venv/lib/python3.9/site-packages/airflow/example_dags/example_branch_python_dop_operator_3.py
[2025-10-14 16:04:13,729] {processor.py:641} INFO - Processing file /root/Projects/etlX/venv/lib/python3.9/site-packages/airflow/example_dags/example_branch_python_dop_operator_3.py for tasks to queue
[2025-10-14 16:04:13,729] {logging_mixin.py:115} INFO - [2025-10-14 16:04:13,729] {dagbag.py:507} INFO - Filling up the DagBag from /root/Projects/etlX/venv/lib/python3.9/site-packages/airflow/example_dags/example_branch_python_dop_operator_3.py
[2025-10-14 16:04:13,747] {processor.py:651} INFO - DAG(s) dict_keys(['example_branch_dop_operator_v3']) retrieved from /root/Projects/etlX/venv/lib/python3.9/site-packages/airflow/example_dags/example_branch_python_dop_operator_3.py
[2025-10-14 16:04:13,768] {logging_mixin.py:115} INFO - [2025-10-14 16:04:13,768] {dag.py:2379} INFO - Sync 1 DAGs
[2025-10-14 16:04:13,791] {logging_mixin.py:115} INFO - [2025-10-14 16:04:13,791] {dag.py:2927} INFO - Setting next_dagrun for example_branch_dop_operator_v3 to 2025-10-14T19:03:00+00:00, run_after=2025-10-14T19:04:00+00:00
[2025-10-14 16:04:13,803] {processor.py:161} INFO - Processing /root/Projects/etlX/venv/lib/python3.9/site-packages/airflow/example_dags/example_branch_python_dop_operator_3.py took 0.082 seconds
[2025-10-14 16:04:47,156] {processor.py:153} INFO - Started process (PID=20672) to work on /root/Projects/etlX/venv/lib/python3.9/site-packages/airflow/example_dags/example_branch_python_dop_operator_3.py
[2025-10-14 16:04:47,157] {processor.py:641} INFO - Processing file /root/Projects/etlX/venv/lib/python3.9/site-packages/airflow/example_dags/example_branch_python_dop_operator_3.py for tasks to queue
[2025-10-14 16:04:47,158] {logging_mixin.py:115} INFO - [2025-10-14 16:04:47,158] {dagbag.py:507} INFO - Filling up the DagBag from /root/Projects/etlX/venv/lib/python3.9/site-packages/airflow/example_dags/example_branch_python_dop_operator_3.py
[2025-10-14 16:04:47,175] {processor.py:651} INFO - DAG(s) dict_keys(['example_branch_dop_operator_v3']) retrieved from /root/Projects/etlX/venv/lib/python3.9/site-packages/airflow/example_dags/example_branch_python_dop_operator_3.py
[2025-10-14 16:04:47,194] {logging_mixin.py:115} INFO - [2025-10-14 16:04:47,194] {dag.py:2379} INFO - Sync 1 DAGs
[2025-10-14 16:04:47,215] {logging_mixin.py:115} INFO - [2025-10-14 16:04:47,215] {dag.py:2927} INFO - Setting next_dagrun for example_branch_dop_operator_v3 to 2025-10-14T19:03:00+00:00, run_after=2025-10-14T19:04:00+00:00
[2025-10-14 16:04:47,226] {processor.py:161} INFO - Processing /root/Projects/etlX/venv/lib/python3.9/site-packages/airflow/example_dags/example_branch_python_dop_operator_3.py took 0.077 seconds
[2025-10-14 16:05:22,115] {processor.py:153} INFO - Started process (PID=20732) to work on /root/Projects/etlX/venv/lib/python3.9/site-packages/airflow/example_dags/example_branch_python_dop_operator_3.py
[2025-10-14 16:05:22,116] {processor.py:641} INFO - Processing file /root/Projects/etlX/venv/lib/python3.9/site-packages/airflow/example_dags/example_branch_python_dop_operator_3.py for tasks to queue
[2025-10-14 16:05:22,116] {logging_mixin.py:115} INFO - [2025-10-14 16:05:22,116] {dagbag.py:507} INFO - Filling up the DagBag from /root/Projects/etlX/venv/lib/python3.9/site-packages/airflow/example_dags/example_branch_python_dop_operator_3.py
[2025-10-14 16:05:22,128] {processor.py:651} INFO - DAG(s) dict_keys(['example_branch_dop_operator_v3']) retrieved from /root/Projects/etlX/venv/lib/python3.9/site-packages/airflow/example_dags/example_branch_python_dop_operator_3.py
[2025-10-14 16:05:22,147] {logging_mixin.py:115} INFO - [2025-10-14 16:05:22,147] {dag.py:2379} INFO - Sync 1 DAGs
[2025-10-14 16:05:22,168] {logging_mixin.py:115} INFO - [2025-10-14 16:05:22,168] {dag.py:2927} INFO - Setting next_dagrun for example_branch_dop_operator_v3 to 2025-10-14T19:04:00+00:00, run_after=2025-10-14T19:05:00+00:00
[2025-10-14 16:05:22,179] {processor.py:161} INFO - Processing /root/Projects/etlX/venv/lib/python3.9/site-packages/airflow/example_dags/example_branch_python_dop_operator_3.py took 0.068 seconds
[2025-10-14 16:05:58,277] {processor.py:153} INFO - Started process (PID=20792) to work on /root/Projects/etlX/venv/lib/python3.9/site-packages/airflow/example_dags/example_branch_python_dop_operator_3.py
[2025-10-14 16:05:58,278] {processor.py:641} INFO - Processing file /root/Projects/etlX/venv/lib/python3.9/site-packages/airflow/example_dags/example_branch_python_dop_operator_3.py for tasks to queue
[2025-10-14 16:05:58,278] {logging_mixin.py:115} INFO - [2025-10-14 16:05:58,278] {dagbag.py:507} INFO - Filling up the DagBag from /root/Projects/etlX/venv/lib/python3.9/site-packages/airflow/example_dags/example_branch_python_dop_operator_3.py
[2025-10-14 16:05:58,291] {processor.py:651} INFO - DAG(s) dict_keys(['example_branch_dop_operator_v3']) retrieved from /root/Projects/etlX/venv/lib/python3.9/site-packages/airflow/example_dags/example_branch_python_dop_operator_3.py
[2025-10-14 16:05:58,311] {logging_mixin.py:115} INFO - [2025-10-14 16:05:58,311] {dag.py:2379} INFO - Sync 1 DAGs
[2025-10-14 16:05:58,336] {logging_mixin.py:115} INFO - [2025-10-14 16:05:58,336] {dag.py:2927} INFO - Setting next_dagrun for example_branch_dop_operator_v3 to 2025-10-14T19:04:00+00:00, run_after=2025-10-14T19:05:00+00:00
[2025-10-14 16:05:58,348] {processor.py:161} INFO - Processing /root/Projects/etlX/venv/lib/python3.9/site-packages/airflow/example_dags/example_branch_python_dop_operator_3.py took 0.075 seconds
[2025-10-14 16:06:31,701] {processor.py:153} INFO - Started process (PID=20850) to work on /root/Projects/etlX/venv/lib/python3.9/site-packages/airflow/example_dags/example_branch_python_dop_operator_3.py
[2025-10-14 16:06:31,702] {processor.py:641} INFO - Processing file /root/Projects/etlX/venv/lib/python3.9/site-packages/airflow/example_dags/example_branch_python_dop_operator_3.py for tasks to queue
[2025-10-14 16:06:31,703] {logging_mixin.py:115} INFO - [2025-10-14 16:06:31,703] {dagbag.py:507} INFO - Filling up the DagBag from /root/Projects/etlX/venv/lib/python3.9/site-packages/airflow/example_dags/example_branch_python_dop_operator_3.py
[2025-10-14 16:06:31,715] {processor.py:651} INFO - DAG(s) dict_keys(['example_branch_dop_operator_v3']) retrieved from /root/Projects/etlX/venv/lib/python3.9/site-packages/airflow/example_dags/example_branch_python_dop_operator_3.py
[2025-10-14 16:06:31,735] {logging_mixin.py:115} INFO - [2025-10-14 16:06:31,735] {dag.py:2379} INFO - Sync 1 DAGs
[2025-10-14 16:06:31,758] {logging_mixin.py:115} INFO - [2025-10-14 16:06:31,758] {dag.py:2927} INFO - Setting next_dagrun for example_branch_dop_operator_v3 to 2025-10-14T19:05:00+00:00, run_after=2025-10-14T19:06:00+00:00
[2025-10-14 16:06:31,770] {processor.py:161} INFO - Processing /root/Projects/etlX/venv/lib/python3.9/site-packages/airflow/example_dags/example_branch_python_dop_operator_3.py took 0.073 seconds
[2025-10-14 16:07:04,958] {processor.py:153} INFO - Started process (PID=20905) to work on /root/Projects/etlX/venv/lib/python3.9/site-packages/airflow/example_dags/example_branch_python_dop_operator_3.py
[2025-10-14 16:07:04,959] {processor.py:641} INFO - Processing file /root/Projects/etlX/venv/lib/python3.9/site-packages/airflow/example_dags/example_branch_python_dop_operator_3.py for tasks to queue
[2025-10-14 16:07:04,960] {logging_mixin.py:115} INFO - [2025-10-14 16:07:04,960] {dagbag.py:507} INFO - Filling up the DagBag from /root/Projects/etlX/venv/lib/python3.9/site-packages/airflow/example_dags/example_branch_python_dop_operator_3.py
[2025-10-14 16:07:04,972] {processor.py:651} INFO - DAG(s) dict_keys(['example_branch_dop_operator_v3']) retrieved from /root/Projects/etlX/venv/lib/python3.9/site-packages/airflow/example_dags/example_branch_python_dop_operator_3.py
[2025-10-14 16:07:04,992] {logging_mixin.py:115} INFO - [2025-10-14 16:07:04,992] {dag.py:2379} INFO - Sync 1 DAGs
[2025-10-14 16:07:05,015] {logging_mixin.py:115} INFO - [2025-10-14 16:07:05,015] {dag.py:2927} INFO - Setting next_dagrun for example_branch_dop_operator_v3 to 2025-10-14T19:06:00+00:00, run_after=2025-10-14T19:07:00+00:00
[2025-10-14 16:07:05,027] {processor.py:161} INFO - Processing /root/Projects/etlX/venv/lib/python3.9/site-packages/airflow/example_dags/example_branch_python_dop_operator_3.py took 0.073 seconds
[2025-10-14 16:07:39,226] {processor.py:153} INFO - Started process (PID=21169) to work on /root/Projects/etlX/venv/lib/python3.9/site-packages/airflow/example_dags/example_branch_python_dop_operator_3.py
[2025-10-14 16:07:39,227] {processor.py:641} INFO - Processing file /root/Projects/etlX/venv/lib/python3.9/site-packages/airflow/example_dags/example_branch_python_dop_operator_3.py for tasks to queue
[2025-10-14 16:07:39,227] {logging_mixin.py:115} INFO - [2025-10-14 16:07:39,227] {dagbag.py:507} INFO - Filling up the DagBag from /root/Projects/etlX/venv/lib/python3.9/site-packages/airflow/example_dags/example_branch_python_dop_operator_3.py
[2025-10-14 16:07:39,240] {processor.py:651} INFO - DAG(s) dict_keys(['example_branch_dop_operator_v3']) retrieved from /root/Projects/etlX/venv/lib/python3.9/site-packages/airflow/example_dags/example_branch_python_dop_operator_3.py
[2025-10-14 16:07:39,260] {logging_mixin.py:115} INFO - [2025-10-14 16:07:39,260] {dag.py:2379} INFO - Sync 1 DAGs
[2025-10-14 16:07:39,283] {logging_mixin.py:115} INFO - [2025-10-14 16:07:39,283] {dag.py:2927} INFO - Setting next_dagrun for example_branch_dop_operator_v3 to 2025-10-14T19:06:00+00:00, run_after=2025-10-14T19:07:00+00:00
[2025-10-14 16:07:39,295] {processor.py:161} INFO - Processing /root/Projects/etlX/venv/lib/python3.9/site-packages/airflow/example_dags/example_branch_python_dop_operator_3.py took 0.073 seconds
[2025-10-14 16:08:12,579] {processor.py:153} INFO - Started process (PID=21483) to work on /root/Projects/etlX/venv/lib/python3.9/site-packages/airflow/example_dags/example_branch_python_dop_operator_3.py
[2025-10-14 16:08:12,580] {processor.py:641} INFO - Processing file /root/Projects/etlX/venv/lib/python3.9/site-packages/airflow/example_dags/example_branch_python_dop_operator_3.py for tasks to queue
[2025-10-14 16:08:12,581] {logging_mixin.py:115} INFO - [2025-10-14 16:08:12,581] {dagbag.py:507} INFO - Filling up the DagBag from /root/Projects/etlX/venv/lib/python3.9/site-packages/airflow/example_dags/example_branch_python_dop_operator_3.py
[2025-10-14 16:08:12,601] {processor.py:651} INFO - DAG(s) dict_keys(['example_branch_dop_operator_v3']) retrieved from /root/Projects/etlX/venv/lib/python3.9/site-packages/airflow/example_dags/example_branch_python_dop_operator_3.py
[2025-10-14 16:08:12,625] {logging_mixin.py:115} INFO - [2025-10-14 16:08:12,625] {dag.py:2379} INFO - Sync 1 DAGs
[2025-10-14 16:08:12,648] {logging_mixin.py:115} INFO - [2025-10-14 16:08:12,648] {dag.py:2927} INFO - Setting next_dagrun for example_branch_dop_operator_v3 to 2025-10-14T19:07:00+00:00, run_after=2025-10-14T19:08:00+00:00
[2025-10-14 16:08:12,659] {processor.py:161} INFO - Processing /root/Projects/etlX/venv/lib/python3.9/site-packages/airflow/example_dags/example_branch_python_dop_operator_3.py took 0.093 seconds
[2025-10-14 16:08:49,948] {processor.py:153} INFO - Started process (PID=21646) to work on /root/Projects/etlX/venv/lib/python3.9/site-packages/airflow/example_dags/example_branch_python_dop_operator_3.py
[2025-10-14 16:08:49,949] {processor.py:641} INFO - Processing file /root/Projects/etlX/venv/lib/python3.9/site-packages/airflow/example_dags/example_branch_python_dop_operator_3.py for tasks to queue
[2025-10-14 16:08:49,950] {logging_mixin.py:115} INFO - [2025-10-14 16:08:49,950] {dagbag.py:507} INFO - Filling up the DagBag from /root/Projects/etlX/venv/lib/python3.9/site-packages/airflow/example_dags/example_branch_python_dop_operator_3.py
[2025-10-14 16:08:49,962] {processor.py:651} INFO - DAG(s) dict_keys(['example_branch_dop_operator_v3']) retrieved from /root/Projects/etlX/venv/lib/python3.9/site-packages/airflow/example_dags/example_branch_python_dop_operator_3.py
[2025-10-14 16:08:49,981] {logging_mixin.py:115} INFO - [2025-10-14 16:08:49,981] {dag.py:2379} INFO - Sync 1 DAGs
[2025-10-14 16:08:50,003] {logging_mixin.py:115} INFO - [2025-10-14 16:08:50,003] {dag.py:2927} INFO - Setting next_dagrun for example_branch_dop_operator_v3 to 2025-10-14T19:07:00+00:00, run_after=2025-10-14T19:08:00+00:00
[2025-10-14 16:08:50,015] {processor.py:161} INFO - Processing /root/Projects/etlX/venv/lib/python3.9/site-packages/airflow/example_dags/example_branch_python_dop_operator_3.py took 0.071 seconds
[2025-10-14 16:25:41,187] {processor.py:153} INFO - Started process (PID=22843) to work on /root/Projects/etlX/venv/lib/python3.9/site-packages/airflow/example_dags/example_branch_python_dop_operator_3.py
[2025-10-14 16:25:41,187] {processor.py:641} INFO - Processing file /root/Projects/etlX/venv/lib/python3.9/site-packages/airflow/example_dags/example_branch_python_dop_operator_3.py for tasks to queue
[2025-10-14 16:25:41,188] {logging_mixin.py:115} INFO - [2025-10-14 16:25:41,188] {dagbag.py:507} INFO - Filling up the DagBag from /root/Projects/etlX/venv/lib/python3.9/site-packages/airflow/example_dags/example_branch_python_dop_operator_3.py
[2025-10-14 16:25:41,203] {processor.py:651} INFO - DAG(s) dict_keys(['example_branch_dop_operator_v3']) retrieved from /root/Projects/etlX/venv/lib/python3.9/site-packages/airflow/example_dags/example_branch_python_dop_operator_3.py
[2025-10-14 16:25:41,227] {logging_mixin.py:115} INFO - [2025-10-14 16:25:41,227] {dag.py:2379} INFO - Sync 1 DAGs
[2025-10-14 16:25:41,255] {logging_mixin.py:115} INFO - [2025-10-14 16:25:41,255] {dag.py:2927} INFO - Setting next_dagrun for example_branch_dop_operator_v3 to 2025-10-14T19:24:00+00:00, run_after=2025-10-14T19:25:00+00:00
[2025-10-14 16:25:41,269] {processor.py:161} INFO - Processing /root/Projects/etlX/venv/lib/python3.9/site-packages/airflow/example_dags/example_branch_python_dop_operator_3.py took 0.088 seconds
[2025-10-14 16:26:15,101] {processor.py:153} INFO - Started process (PID=22901) to work on /root/Projects/etlX/venv/lib/python3.9/site-packages/airflow/example_dags/example_branch_python_dop_operator_3.py
[2025-10-14 16:26:15,102] {processor.py:641} INFO - Processing file /root/Projects/etlX/venv/lib/python3.9/site-packages/airflow/example_dags/example_branch_python_dop_operator_3.py for tasks to queue
[2025-10-14 16:26:15,103] {logging_mixin.py:115} INFO - [2025-10-14 16:26:15,103] {dagbag.py:507} INFO - Filling up the DagBag from /root/Projects/etlX/venv/lib/python3.9/site-packages/airflow/example_dags/example_branch_python_dop_operator_3.py
[2025-10-14 16:26:15,115] {processor.py:651} INFO - DAG(s) dict_keys(['example_branch_dop_operator_v3']) retrieved from /root/Projects/etlX/venv/lib/python3.9/site-packages/airflow/example_dags/example_branch_python_dop_operator_3.py
[2025-10-14 16:26:15,133] {logging_mixin.py:115} INFO - [2025-10-14 16:26:15,133] {dag.py:2379} INFO - Sync 1 DAGs
[2025-10-14 16:26:15,155] {logging_mixin.py:115} INFO - [2025-10-14 16:26:15,155] {dag.py:2927} INFO - Setting next_dagrun for example_branch_dop_operator_v3 to 2025-10-14T19:25:00+00:00, run_after=2025-10-14T19:26:00+00:00
[2025-10-14 16:26:15,165] {processor.py:161} INFO - Processing /root/Projects/etlX/venv/lib/python3.9/site-packages/airflow/example_dags/example_branch_python_dop_operator_3.py took 0.068 seconds
[2025-10-14 16:26:49,605] {processor.py:153} INFO - Started process (PID=22956) to work on /root/Projects/etlX/venv/lib/python3.9/site-packages/airflow/example_dags/example_branch_python_dop_operator_3.py
[2025-10-14 16:26:49,606] {processor.py:641} INFO - Processing file /root/Projects/etlX/venv/lib/python3.9/site-packages/airflow/example_dags/example_branch_python_dop_operator_3.py for tasks to queue
[2025-10-14 16:26:49,606] {logging_mixin.py:115} INFO - [2025-10-14 16:26:49,606] {dagbag.py:507} INFO - Filling up the DagBag from /root/Projects/etlX/venv/lib/python3.9/site-packages/airflow/example_dags/example_branch_python_dop_operator_3.py
[2025-10-14 16:26:49,623] {processor.py:651} INFO - DAG(s) dict_keys(['example_branch_dop_operator_v3']) retrieved from /root/Projects/etlX/venv/lib/python3.9/site-packages/airflow/example_dags/example_branch_python_dop_operator_3.py
[2025-10-14 16:26:49,648] {logging_mixin.py:115} INFO - [2025-10-14 16:26:49,648] {dag.py:2379} INFO - Sync 1 DAGs
[2025-10-14 16:26:49,679] {logging_mixin.py:115} INFO - [2025-10-14 16:26:49,679] {dag.py:2927} INFO - Setting next_dagrun for example_branch_dop_operator_v3 to 2025-10-14T19:25:00+00:00, run_after=2025-10-14T19:26:00+00:00
[2025-10-14 16:26:49,694] {processor.py:161} INFO - Processing /root/Projects/etlX/venv/lib/python3.9/site-packages/airflow/example_dags/example_branch_python_dop_operator_3.py took 0.095 seconds
[2025-10-14 16:27:25,752] {processor.py:153} INFO - Started process (PID=23016) to work on /root/Projects/etlX/venv/lib/python3.9/site-packages/airflow/example_dags/example_branch_python_dop_operator_3.py
[2025-10-14 16:27:25,753] {processor.py:641} INFO - Processing file /root/Projects/etlX/venv/lib/python3.9/site-packages/airflow/example_dags/example_branch_python_dop_operator_3.py for tasks to queue
[2025-10-14 16:27:25,754] {logging_mixin.py:115} INFO - [2025-10-14 16:27:25,754] {dagbag.py:507} INFO - Filling up the DagBag from /root/Projects/etlX/venv/lib/python3.9/site-packages/airflow/example_dags/example_branch_python_dop_operator_3.py
[2025-10-14 16:27:25,771] {processor.py:651} INFO - DAG(s) dict_keys(['example_branch_dop_operator_v3']) retrieved from /root/Projects/etlX/venv/lib/python3.9/site-packages/airflow/example_dags/example_branch_python_dop_operator_3.py
[2025-10-14 16:27:25,800] {logging_mixin.py:115} INFO - [2025-10-14 16:27:25,800] {dag.py:2379} INFO - Sync 1 DAGs
[2025-10-14 16:27:25,826] {logging_mixin.py:115} INFO - [2025-10-14 16:27:25,826] {dag.py:2927} INFO - Setting next_dagrun for example_branch_dop_operator_v3 to 2025-10-14T19:26:00+00:00, run_after=2025-10-14T19:27:00+00:00
[2025-10-14 16:27:25,840] {processor.py:161} INFO - Processing /root/Projects/etlX/venv/lib/python3.9/site-packages/airflow/example_dags/example_branch_python_dop_operator_3.py took 0.092 seconds
[2025-10-14 16:28:00,719] {processor.py:153} INFO - Started process (PID=23178) to work on /root/Projects/etlX/venv/lib/python3.9/site-packages/airflow/example_dags/example_branch_python_dop_operator_3.py
[2025-10-14 16:28:00,720] {processor.py:641} INFO - Processing file /root/Projects/etlX/venv/lib/python3.9/site-packages/airflow/example_dags/example_branch_python_dop_operator_3.py for tasks to queue
[2025-10-14 16:28:00,721] {logging_mixin.py:115} INFO - [2025-10-14 16:28:00,721] {dagbag.py:507} INFO - Filling up the DagBag from /root/Projects/etlX/venv/lib/python3.9/site-packages/airflow/example_dags/example_branch_python_dop_operator_3.py
[2025-10-14 16:28:00,738] {processor.py:651} INFO - DAG(s) dict_keys(['example_branch_dop_operator_v3']) retrieved from /root/Projects/etlX/venv/lib/python3.9/site-packages/airflow/example_dags/example_branch_python_dop_operator_3.py
[2025-10-14 16:28:00,757] {logging_mixin.py:115} INFO - [2025-10-14 16:28:00,757] {dag.py:2379} INFO - Sync 1 DAGs
[2025-10-14 16:28:00,779] {logging_mixin.py:115} INFO - [2025-10-14 16:28:00,779] {dag.py:2927} INFO - Setting next_dagrun for example_branch_dop_operator_v3 to 2025-10-14T19:27:00+00:00, run_after=2025-10-14T19:28:00+00:00
[2025-10-14 16:28:00,790] {processor.py:161} INFO - Processing /root/Projects/etlX/venv/lib/python3.9/site-packages/airflow/example_dags/example_branch_python_dop_operator_3.py took 0.079 seconds
[2025-10-14 16:28:37,442] {processor.py:153} INFO - Started process (PID=23344) to work on /root/Projects/etlX/venv/lib/python3.9/site-packages/airflow/example_dags/example_branch_python_dop_operator_3.py
[2025-10-14 16:28:37,443] {processor.py:641} INFO - Processing file /root/Projects/etlX/venv/lib/python3.9/site-packages/airflow/example_dags/example_branch_python_dop_operator_3.py for tasks to queue
[2025-10-14 16:28:37,444] {logging_mixin.py:115} INFO - [2025-10-14 16:28:37,443] {dagbag.py:507} INFO - Filling up the DagBag from /root/Projects/etlX/venv/lib/python3.9/site-packages/airflow/example_dags/example_branch_python_dop_operator_3.py
[2025-10-14 16:28:37,457] {processor.py:651} INFO - DAG(s) dict_keys(['example_branch_dop_operator_v3']) retrieved from /root/Projects/etlX/venv/lib/python3.9/site-packages/airflow/example_dags/example_branch_python_dop_operator_3.py
[2025-10-14 16:28:37,477] {logging_mixin.py:115} INFO - [2025-10-14 16:28:37,477] {dag.py:2379} INFO - Sync 1 DAGs
[2025-10-14 16:28:37,500] {logging_mixin.py:115} INFO - [2025-10-14 16:28:37,500] {dag.py:2927} INFO - Setting next_dagrun for example_branch_dop_operator_v3 to 2025-10-14T19:27:00+00:00, run_after=2025-10-14T19:28:00+00:00
[2025-10-14 16:28:37,511] {processor.py:161} INFO - Processing /root/Projects/etlX/venv/lib/python3.9/site-packages/airflow/example_dags/example_branch_python_dop_operator_3.py took 0.074 seconds
[2025-10-14 16:29:11,355] {processor.py:153} INFO - Started process (PID=23450) to work on /root/Projects/etlX/venv/lib/python3.9/site-packages/airflow/example_dags/example_branch_python_dop_operator_3.py
[2025-10-14 16:29:11,356] {processor.py:641} INFO - Processing file /root/Projects/etlX/venv/lib/python3.9/site-packages/airflow/example_dags/example_branch_python_dop_operator_3.py for tasks to queue
[2025-10-14 16:29:11,357] {logging_mixin.py:115} INFO - [2025-10-14 16:29:11,357] {dagbag.py:507} INFO - Filling up the DagBag from /root/Projects/etlX/venv/lib/python3.9/site-packages/airflow/example_dags/example_branch_python_dop_operator_3.py
[2025-10-14 16:29:11,374] {processor.py:651} INFO - DAG(s) dict_keys(['example_branch_dop_operator_v3']) retrieved from /root/Projects/etlX/venv/lib/python3.9/site-packages/airflow/example_dags/example_branch_python_dop_operator_3.py
[2025-10-14 16:29:11,401] {logging_mixin.py:115} INFO - [2025-10-14 16:29:11,401] {dag.py:2379} INFO - Sync 1 DAGs
[2025-10-14 16:29:11,426] {logging_mixin.py:115} INFO - [2025-10-14 16:29:11,426] {dag.py:2927} INFO - Setting next_dagrun for example_branch_dop_operator_v3 to 2025-10-14T19:28:00+00:00, run_after=2025-10-14T19:29:00+00:00
[2025-10-14 16:29:11,437] {processor.py:161} INFO - Processing /root/Projects/etlX/venv/lib/python3.9/site-packages/airflow/example_dags/example_branch_python_dop_operator_3.py took 0.089 seconds
[2025-10-14 16:29:44,918] {processor.py:153} INFO - Started process (PID=23615) to work on /root/Projects/etlX/venv/lib/python3.9/site-packages/airflow/example_dags/example_branch_python_dop_operator_3.py
[2025-10-14 16:29:44,918] {processor.py:641} INFO - Processing file /root/Projects/etlX/venv/lib/python3.9/site-packages/airflow/example_dags/example_branch_python_dop_operator_3.py for tasks to queue
[2025-10-14 16:29:44,919] {logging_mixin.py:115} INFO - [2025-10-14 16:29:44,919] {dagbag.py:507} INFO - Filling up the DagBag from /root/Projects/etlX/venv/lib/python3.9/site-packages/airflow/example_dags/example_branch_python_dop_operator_3.py
[2025-10-14 16:29:44,931] {processor.py:651} INFO - DAG(s) dict_keys(['example_branch_dop_operator_v3']) retrieved from /root/Projects/etlX/venv/lib/python3.9/site-packages/airflow/example_dags/example_branch_python_dop_operator_3.py
[2025-10-14 16:29:44,949] {logging_mixin.py:115} INFO - [2025-10-14 16:29:44,949] {dag.py:2379} INFO - Sync 1 DAGs
[2025-10-14 16:29:44,974] {logging_mixin.py:115} INFO - [2025-10-14 16:29:44,974] {dag.py:2927} INFO - Setting next_dagrun for example_branch_dop_operator_v3 to 2025-10-14T19:28:00+00:00, run_after=2025-10-14T19:29:00+00:00
[2025-10-14 16:29:44,986] {processor.py:161} INFO - Processing /root/Projects/etlX/venv/lib/python3.9/site-packages/airflow/example_dags/example_branch_python_dop_operator_3.py took 0.073 seconds
