[2025-10-14 14:57:23,228] {processor.py:153} INFO - Started process (PID=13448) to work on /root/Projects/etlX/venv/lib/python3.9/site-packages/airflow/example_dags/example_branch_operator.py
[2025-10-14 14:57:23,229] {processor.py:641} INFO - Processing file /root/Projects/etlX/venv/lib/python3.9/site-packages/airflow/example_dags/example_branch_operator.py for tasks to queue
[2025-10-14 14:57:23,229] {logging_mixin.py:115} INFO - [2025-10-14 14:57:23,229] {dagbag.py:507} INFO - Filling up the DagBag from /root/Projects/etlX/venv/lib/python3.9/site-packages/airflow/example_dags/example_branch_operator.py
[2025-10-14 14:57:23,242] {processor.py:651} INFO - DAG(s) dict_keys(['example_branch_operator']) retrieved from /root/Projects/etlX/venv/lib/python3.9/site-packages/airflow/example_dags/example_branch_operator.py
[2025-10-14 14:57:23,309] {logging_mixin.py:115} INFO - [2025-10-14 14:57:23,308] {manager.py:508} INFO - Created Permission View: can read on DAG:example_branch_operator
[2025-10-14 14:57:23,317] {logging_mixin.py:115} INFO - [2025-10-14 14:57:23,317] {manager.py:508} INFO - Created Permission View: can edit on DAG:example_branch_operator
[2025-10-14 14:57:23,324] {logging_mixin.py:115} INFO - [2025-10-14 14:57:23,324] {manager.py:508} INFO - Created Permission View: can delete on DAG:example_branch_operator
[2025-10-14 14:57:23,324] {logging_mixin.py:115} INFO - [2025-10-14 14:57:23,324] {dag.py:2379} INFO - Sync 1 DAGs
[2025-10-14 14:57:23,331] {logging_mixin.py:115} INFO - [2025-10-14 14:57:23,331] {dag.py:2398} INFO - Creating ORM DAG for example_branch_operator
[2025-10-14 14:57:23,341] {logging_mixin.py:115} INFO - [2025-10-14 14:57:23,341] {dag.py:2927} INFO - Setting next_dagrun for example_branch_operator to 2025-10-13T00:00:00+00:00, run_after=2025-10-14T00:00:00+00:00
[2025-10-14 14:57:23,354] {processor.py:161} INFO - Processing /root/Projects/etlX/venv/lib/python3.9/site-packages/airflow/example_dags/example_branch_operator.py took 0.130 seconds
[2025-10-14 14:57:58,019] {processor.py:153} INFO - Started process (PID=13608) to work on /root/Projects/etlX/venv/lib/python3.9/site-packages/airflow/example_dags/example_branch_operator.py
[2025-10-14 14:57:58,021] {processor.py:641} INFO - Processing file /root/Projects/etlX/venv/lib/python3.9/site-packages/airflow/example_dags/example_branch_operator.py for tasks to queue
[2025-10-14 14:57:58,022] {logging_mixin.py:115} INFO - [2025-10-14 14:57:58,022] {dagbag.py:507} INFO - Filling up the DagBag from /root/Projects/etlX/venv/lib/python3.9/site-packages/airflow/example_dags/example_branch_operator.py
[2025-10-14 14:57:58,040] {processor.py:651} INFO - DAG(s) dict_keys(['example_branch_operator']) retrieved from /root/Projects/etlX/venv/lib/python3.9/site-packages/airflow/example_dags/example_branch_operator.py
[2025-10-14 14:57:58,059] {logging_mixin.py:115} INFO - [2025-10-14 14:57:58,059] {dag.py:2379} INFO - Sync 1 DAGs
[2025-10-14 14:57:58,079] {logging_mixin.py:115} INFO - [2025-10-14 14:57:58,079] {dag.py:2927} INFO - Setting next_dagrun for example_branch_operator to 2025-10-13T00:00:00+00:00, run_after=2025-10-14T00:00:00+00:00
[2025-10-14 14:57:58,090] {processor.py:161} INFO - Processing /root/Projects/etlX/venv/lib/python3.9/site-packages/airflow/example_dags/example_branch_operator.py took 0.079 seconds
[2025-10-14 14:58:34,923] {processor.py:153} INFO - Started process (PID=13719) to work on /root/Projects/etlX/venv/lib/python3.9/site-packages/airflow/example_dags/example_branch_operator.py
[2025-10-14 14:58:34,924] {processor.py:641} INFO - Processing file /root/Projects/etlX/venv/lib/python3.9/site-packages/airflow/example_dags/example_branch_operator.py for tasks to queue
[2025-10-14 14:58:34,924] {logging_mixin.py:115} INFO - [2025-10-14 14:58:34,924] {dagbag.py:507} INFO - Filling up the DagBag from /root/Projects/etlX/venv/lib/python3.9/site-packages/airflow/example_dags/example_branch_operator.py
[2025-10-14 14:58:34,936] {processor.py:651} INFO - DAG(s) dict_keys(['example_branch_operator']) retrieved from /root/Projects/etlX/venv/lib/python3.9/site-packages/airflow/example_dags/example_branch_operator.py
[2025-10-14 14:58:34,956] {logging_mixin.py:115} INFO - [2025-10-14 14:58:34,956] {dag.py:2379} INFO - Sync 1 DAGs
[2025-10-14 14:58:34,975] {logging_mixin.py:115} INFO - [2025-10-14 14:58:34,975] {dag.py:2927} INFO - Setting next_dagrun for example_branch_operator to 2025-10-13T00:00:00+00:00, run_after=2025-10-14T00:00:00+00:00
[2025-10-14 14:58:34,986] {processor.py:161} INFO - Processing /root/Projects/etlX/venv/lib/python3.9/site-packages/airflow/example_dags/example_branch_operator.py took 0.067 seconds
[2025-10-14 14:59:06,594] {processor.py:153} INFO - Started process (PID=13876) to work on /root/Projects/etlX/venv/lib/python3.9/site-packages/airflow/example_dags/example_branch_operator.py
[2025-10-14 14:59:06,595] {processor.py:641} INFO - Processing file /root/Projects/etlX/venv/lib/python3.9/site-packages/airflow/example_dags/example_branch_operator.py for tasks to queue
[2025-10-14 14:59:06,596] {logging_mixin.py:115} INFO - [2025-10-14 14:59:06,596] {dagbag.py:507} INFO - Filling up the DagBag from /root/Projects/etlX/venv/lib/python3.9/site-packages/airflow/example_dags/example_branch_operator.py
[2025-10-14 14:59:06,616] {processor.py:651} INFO - DAG(s) dict_keys(['example_branch_operator']) retrieved from /root/Projects/etlX/venv/lib/python3.9/site-packages/airflow/example_dags/example_branch_operator.py
[2025-10-14 14:59:06,636] {logging_mixin.py:115} INFO - [2025-10-14 14:59:06,636] {dag.py:2379} INFO - Sync 1 DAGs
[2025-10-14 14:59:06,656] {logging_mixin.py:115} INFO - [2025-10-14 14:59:06,655] {dag.py:2927} INFO - Setting next_dagrun for example_branch_operator to 2025-10-13T00:00:00+00:00, run_after=2025-10-14T00:00:00+00:00
[2025-10-14 14:59:06,666] {processor.py:161} INFO - Processing /root/Projects/etlX/venv/lib/python3.9/site-packages/airflow/example_dags/example_branch_operator.py took 0.079 seconds
[2025-10-14 14:59:43,118] {processor.py:153} INFO - Started process (PID=13989) to work on /root/Projects/etlX/venv/lib/python3.9/site-packages/airflow/example_dags/example_branch_operator.py
[2025-10-14 14:59:43,119] {processor.py:641} INFO - Processing file /root/Projects/etlX/venv/lib/python3.9/site-packages/airflow/example_dags/example_branch_operator.py for tasks to queue
[2025-10-14 14:59:43,120] {logging_mixin.py:115} INFO - [2025-10-14 14:59:43,119] {dagbag.py:507} INFO - Filling up the DagBag from /root/Projects/etlX/venv/lib/python3.9/site-packages/airflow/example_dags/example_branch_operator.py
[2025-10-14 14:59:43,141] {processor.py:651} INFO - DAG(s) dict_keys(['example_branch_operator']) retrieved from /root/Projects/etlX/venv/lib/python3.9/site-packages/airflow/example_dags/example_branch_operator.py
[2025-10-14 14:59:43,182] {logging_mixin.py:115} INFO - [2025-10-14 14:59:43,182] {dag.py:2379} INFO - Sync 1 DAGs
[2025-10-14 14:59:43,212] {logging_mixin.py:115} INFO - [2025-10-14 14:59:43,212] {dag.py:2927} INFO - Setting next_dagrun for example_branch_operator to 2025-10-13T00:00:00+00:00, run_after=2025-10-14T00:00:00+00:00
[2025-10-14 14:59:43,229] {processor.py:161} INFO - Processing /root/Projects/etlX/venv/lib/python3.9/site-packages/airflow/example_dags/example_branch_operator.py took 0.117 seconds
[2025-10-14 15:00:16,370] {processor.py:153} INFO - Started process (PID=14048) to work on /root/Projects/etlX/venv/lib/python3.9/site-packages/airflow/example_dags/example_branch_operator.py
[2025-10-14 15:00:16,370] {processor.py:641} INFO - Processing file /root/Projects/etlX/venv/lib/python3.9/site-packages/airflow/example_dags/example_branch_operator.py for tasks to queue
[2025-10-14 15:00:16,371] {logging_mixin.py:115} INFO - [2025-10-14 15:00:16,371] {dagbag.py:507} INFO - Filling up the DagBag from /root/Projects/etlX/venv/lib/python3.9/site-packages/airflow/example_dags/example_branch_operator.py
[2025-10-14 15:00:16,384] {processor.py:651} INFO - DAG(s) dict_keys(['example_branch_operator']) retrieved from /root/Projects/etlX/venv/lib/python3.9/site-packages/airflow/example_dags/example_branch_operator.py
[2025-10-14 15:00:16,405] {logging_mixin.py:115} INFO - [2025-10-14 15:00:16,405] {dag.py:2379} INFO - Sync 1 DAGs
[2025-10-14 15:00:16,426] {logging_mixin.py:115} INFO - [2025-10-14 15:00:16,426] {dag.py:2927} INFO - Setting next_dagrun for example_branch_operator to 2025-10-13T00:00:00+00:00, run_after=2025-10-14T00:00:00+00:00
[2025-10-14 15:00:16,438] {processor.py:161} INFO - Processing /root/Projects/etlX/venv/lib/python3.9/site-packages/airflow/example_dags/example_branch_operator.py took 0.073 seconds
[2025-10-14 15:00:54,031] {processor.py:153} INFO - Started process (PID=14284) to work on /root/Projects/etlX/venv/lib/python3.9/site-packages/airflow/example_dags/example_branch_operator.py
[2025-10-14 15:00:54,031] {processor.py:641} INFO - Processing file /root/Projects/etlX/venv/lib/python3.9/site-packages/airflow/example_dags/example_branch_operator.py for tasks to queue
[2025-10-14 15:00:54,032] {logging_mixin.py:115} INFO - [2025-10-14 15:00:54,032] {dagbag.py:507} INFO - Filling up the DagBag from /root/Projects/etlX/venv/lib/python3.9/site-packages/airflow/example_dags/example_branch_operator.py
[2025-10-14 15:00:54,046] {processor.py:651} INFO - DAG(s) dict_keys(['example_branch_operator']) retrieved from /root/Projects/etlX/venv/lib/python3.9/site-packages/airflow/example_dags/example_branch_operator.py
[2025-10-14 15:00:54,071] {logging_mixin.py:115} INFO - [2025-10-14 15:00:54,071] {dag.py:2379} INFO - Sync 1 DAGs
[2025-10-14 15:00:54,094] {logging_mixin.py:115} INFO - [2025-10-14 15:00:54,094] {dag.py:2927} INFO - Setting next_dagrun for example_branch_operator to 2025-10-13T00:00:00+00:00, run_after=2025-10-14T00:00:00+00:00
[2025-10-14 15:00:54,109] {processor.py:161} INFO - Processing /root/Projects/etlX/venv/lib/python3.9/site-packages/airflow/example_dags/example_branch_operator.py took 0.084 seconds
[2025-10-14 15:01:27,351] {processor.py:153} INFO - Started process (PID=14470) to work on /root/Projects/etlX/venv/lib/python3.9/site-packages/airflow/example_dags/example_branch_operator.py
[2025-10-14 15:01:27,352] {processor.py:641} INFO - Processing file /root/Projects/etlX/venv/lib/python3.9/site-packages/airflow/example_dags/example_branch_operator.py for tasks to queue
[2025-10-14 15:01:27,353] {logging_mixin.py:115} INFO - [2025-10-14 15:01:27,353] {dagbag.py:507} INFO - Filling up the DagBag from /root/Projects/etlX/venv/lib/python3.9/site-packages/airflow/example_dags/example_branch_operator.py
[2025-10-14 15:01:27,369] {processor.py:651} INFO - DAG(s) dict_keys(['example_branch_operator']) retrieved from /root/Projects/etlX/venv/lib/python3.9/site-packages/airflow/example_dags/example_branch_operator.py
[2025-10-14 15:01:27,390] {logging_mixin.py:115} INFO - [2025-10-14 15:01:27,390] {dag.py:2379} INFO - Sync 1 DAGs
[2025-10-14 15:01:27,410] {logging_mixin.py:115} INFO - [2025-10-14 15:01:27,409] {dag.py:2927} INFO - Setting next_dagrun for example_branch_operator to 2025-10-13T00:00:00+00:00, run_after=2025-10-14T00:00:00+00:00
[2025-10-14 15:01:27,420] {processor.py:161} INFO - Processing /root/Projects/etlX/venv/lib/python3.9/site-packages/airflow/example_dags/example_branch_operator.py took 0.075 seconds
[2025-10-14 15:02:03,248] {processor.py:153} INFO - Started process (PID=14785) to work on /root/Projects/etlX/venv/lib/python3.9/site-packages/airflow/example_dags/example_branch_operator.py
[2025-10-14 15:02:03,249] {processor.py:641} INFO - Processing file /root/Projects/etlX/venv/lib/python3.9/site-packages/airflow/example_dags/example_branch_operator.py for tasks to queue
[2025-10-14 15:02:03,250] {logging_mixin.py:115} INFO - [2025-10-14 15:02:03,250] {dagbag.py:507} INFO - Filling up the DagBag from /root/Projects/etlX/venv/lib/python3.9/site-packages/airflow/example_dags/example_branch_operator.py
[2025-10-14 15:02:03,267] {processor.py:651} INFO - DAG(s) dict_keys(['example_branch_operator']) retrieved from /root/Projects/etlX/venv/lib/python3.9/site-packages/airflow/example_dags/example_branch_operator.py
[2025-10-14 15:02:03,287] {logging_mixin.py:115} INFO - [2025-10-14 15:02:03,287] {dag.py:2379} INFO - Sync 1 DAGs
[2025-10-14 15:02:03,329] {logging_mixin.py:115} INFO - [2025-10-14 15:02:03,329] {dag.py:2927} INFO - Setting next_dagrun for example_branch_operator to 2025-10-13T00:00:00+00:00, run_after=2025-10-14T00:00:00+00:00
[2025-10-14 15:02:03,349] {processor.py:161} INFO - Processing /root/Projects/etlX/venv/lib/python3.9/site-packages/airflow/example_dags/example_branch_operator.py took 0.108 seconds
[2025-10-14 15:02:36,594] {processor.py:153} INFO - Started process (PID=14845) to work on /root/Projects/etlX/venv/lib/python3.9/site-packages/airflow/example_dags/example_branch_operator.py
[2025-10-14 15:02:36,595] {processor.py:641} INFO - Processing file /root/Projects/etlX/venv/lib/python3.9/site-packages/airflow/example_dags/example_branch_operator.py for tasks to queue
[2025-10-14 15:02:36,595] {logging_mixin.py:115} INFO - [2025-10-14 15:02:36,595] {dagbag.py:507} INFO - Filling up the DagBag from /root/Projects/etlX/venv/lib/python3.9/site-packages/airflow/example_dags/example_branch_operator.py
[2025-10-14 15:02:36,609] {processor.py:651} INFO - DAG(s) dict_keys(['example_branch_operator']) retrieved from /root/Projects/etlX/venv/lib/python3.9/site-packages/airflow/example_dags/example_branch_operator.py
[2025-10-14 15:02:36,630] {logging_mixin.py:115} INFO - [2025-10-14 15:02:36,630] {dag.py:2379} INFO - Sync 1 DAGs
[2025-10-14 15:02:36,653] {logging_mixin.py:115} INFO - [2025-10-14 15:02:36,652] {dag.py:2927} INFO - Setting next_dagrun for example_branch_operator to 2025-10-13T00:00:00+00:00, run_after=2025-10-14T00:00:00+00:00
[2025-10-14 15:02:36,665] {processor.py:161} INFO - Processing /root/Projects/etlX/venv/lib/python3.9/site-packages/airflow/example_dags/example_branch_operator.py took 0.076 seconds
[2025-10-14 15:03:09,171] {processor.py:153} INFO - Started process (PID=15002) to work on /root/Projects/etlX/venv/lib/python3.9/site-packages/airflow/example_dags/example_branch_operator.py
[2025-10-14 15:03:09,171] {processor.py:641} INFO - Processing file /root/Projects/etlX/venv/lib/python3.9/site-packages/airflow/example_dags/example_branch_operator.py for tasks to queue
[2025-10-14 15:03:09,172] {logging_mixin.py:115} INFO - [2025-10-14 15:03:09,172] {dagbag.py:507} INFO - Filling up the DagBag from /root/Projects/etlX/venv/lib/python3.9/site-packages/airflow/example_dags/example_branch_operator.py
[2025-10-14 15:03:09,185] {processor.py:651} INFO - DAG(s) dict_keys(['example_branch_operator']) retrieved from /root/Projects/etlX/venv/lib/python3.9/site-packages/airflow/example_dags/example_branch_operator.py
[2025-10-14 15:03:09,208] {logging_mixin.py:115} INFO - [2025-10-14 15:03:09,208] {dag.py:2379} INFO - Sync 1 DAGs
[2025-10-14 15:03:09,229] {logging_mixin.py:115} INFO - [2025-10-14 15:03:09,229] {dag.py:2927} INFO - Setting next_dagrun for example_branch_operator to 2025-10-13T00:00:00+00:00, run_after=2025-10-14T00:00:00+00:00
[2025-10-14 15:03:09,242] {processor.py:161} INFO - Processing /root/Projects/etlX/venv/lib/python3.9/site-packages/airflow/example_dags/example_branch_operator.py took 0.076 seconds
[2025-10-14 15:10:10,887] {processor.py:153} INFO - Started process (PID=15907) to work on /root/Projects/etlX/venv/lib/python3.9/site-packages/airflow/example_dags/example_branch_operator.py
[2025-10-14 15:10:10,888] {processor.py:641} INFO - Processing file /root/Projects/etlX/venv/lib/python3.9/site-packages/airflow/example_dags/example_branch_operator.py for tasks to queue
[2025-10-14 15:10:10,888] {logging_mixin.py:115} INFO - [2025-10-14 15:10:10,888] {dagbag.py:507} INFO - Filling up the DagBag from /root/Projects/etlX/venv/lib/python3.9/site-packages/airflow/example_dags/example_branch_operator.py
[2025-10-14 15:10:10,902] {processor.py:651} INFO - DAG(s) dict_keys(['example_branch_operator']) retrieved from /root/Projects/etlX/venv/lib/python3.9/site-packages/airflow/example_dags/example_branch_operator.py
[2025-10-14 15:10:10,922] {logging_mixin.py:115} INFO - [2025-10-14 15:10:10,922] {dag.py:2379} INFO - Sync 1 DAGs
[2025-10-14 15:10:10,944] {logging_mixin.py:115} INFO - [2025-10-14 15:10:10,944] {dag.py:2927} INFO - Setting next_dagrun for example_branch_operator to 2025-10-13T00:00:00+00:00, run_after=2025-10-14T00:00:00+00:00
[2025-10-14 15:10:10,956] {processor.py:161} INFO - Processing /root/Projects/etlX/venv/lib/python3.9/site-packages/airflow/example_dags/example_branch_operator.py took 0.074 seconds
[2025-10-14 15:10:45,012] {processor.py:153} INFO - Started process (PID=15965) to work on /root/Projects/etlX/venv/lib/python3.9/site-packages/airflow/example_dags/example_branch_operator.py
[2025-10-14 15:10:45,012] {processor.py:641} INFO - Processing file /root/Projects/etlX/venv/lib/python3.9/site-packages/airflow/example_dags/example_branch_operator.py for tasks to queue
[2025-10-14 15:10:45,013] {logging_mixin.py:115} INFO - [2025-10-14 15:10:45,013] {dagbag.py:507} INFO - Filling up the DagBag from /root/Projects/etlX/venv/lib/python3.9/site-packages/airflow/example_dags/example_branch_operator.py
[2025-10-14 15:10:45,029] {processor.py:651} INFO - DAG(s) dict_keys(['example_branch_operator']) retrieved from /root/Projects/etlX/venv/lib/python3.9/site-packages/airflow/example_dags/example_branch_operator.py
[2025-10-14 15:10:45,053] {logging_mixin.py:115} INFO - [2025-10-14 15:10:45,053] {dag.py:2379} INFO - Sync 1 DAGs
[2025-10-14 15:10:45,079] {logging_mixin.py:115} INFO - [2025-10-14 15:10:45,079] {dag.py:2927} INFO - Setting next_dagrun for example_branch_operator to 2025-10-13T00:00:00+00:00, run_after=2025-10-14T00:00:00+00:00
[2025-10-14 15:10:45,095] {processor.py:161} INFO - Processing /root/Projects/etlX/venv/lib/python3.9/site-packages/airflow/example_dags/example_branch_operator.py took 0.089 seconds
[2025-10-14 15:11:21,692] {processor.py:153} INFO - Started process (PID=16128) to work on /root/Projects/etlX/venv/lib/python3.9/site-packages/airflow/example_dags/example_branch_operator.py
[2025-10-14 15:11:21,693] {processor.py:641} INFO - Processing file /root/Projects/etlX/venv/lib/python3.9/site-packages/airflow/example_dags/example_branch_operator.py for tasks to queue
[2025-10-14 15:11:21,695] {logging_mixin.py:115} INFO - [2025-10-14 15:11:21,694] {dagbag.py:507} INFO - Filling up the DagBag from /root/Projects/etlX/venv/lib/python3.9/site-packages/airflow/example_dags/example_branch_operator.py
[2025-10-14 15:11:21,708] {processor.py:651} INFO - DAG(s) dict_keys(['example_branch_operator']) retrieved from /root/Projects/etlX/venv/lib/python3.9/site-packages/airflow/example_dags/example_branch_operator.py
[2025-10-14 15:11:21,728] {logging_mixin.py:115} INFO - [2025-10-14 15:11:21,728] {dag.py:2379} INFO - Sync 1 DAGs
[2025-10-14 15:11:21,750] {logging_mixin.py:115} INFO - [2025-10-14 15:11:21,750] {dag.py:2927} INFO - Setting next_dagrun for example_branch_operator to 2025-10-13T00:00:00+00:00, run_after=2025-10-14T00:00:00+00:00
[2025-10-14 15:11:21,763] {processor.py:161} INFO - Processing /root/Projects/etlX/venv/lib/python3.9/site-packages/airflow/example_dags/example_branch_operator.py took 0.075 seconds
[2025-10-14 15:11:55,345] {processor.py:153} INFO - Started process (PID=16183) to work on /root/Projects/etlX/venv/lib/python3.9/site-packages/airflow/example_dags/example_branch_operator.py
[2025-10-14 15:11:55,345] {processor.py:641} INFO - Processing file /root/Projects/etlX/venv/lib/python3.9/site-packages/airflow/example_dags/example_branch_operator.py for tasks to queue
[2025-10-14 15:11:55,346] {logging_mixin.py:115} INFO - [2025-10-14 15:11:55,346] {dagbag.py:507} INFO - Filling up the DagBag from /root/Projects/etlX/venv/lib/python3.9/site-packages/airflow/example_dags/example_branch_operator.py
[2025-10-14 15:11:55,359] {processor.py:651} INFO - DAG(s) dict_keys(['example_branch_operator']) retrieved from /root/Projects/etlX/venv/lib/python3.9/site-packages/airflow/example_dags/example_branch_operator.py
[2025-10-14 15:11:55,380] {logging_mixin.py:115} INFO - [2025-10-14 15:11:55,380] {dag.py:2379} INFO - Sync 1 DAGs
[2025-10-14 15:11:55,406] {logging_mixin.py:115} INFO - [2025-10-14 15:11:55,406] {dag.py:2927} INFO - Setting next_dagrun for example_branch_operator to 2025-10-13T00:00:00+00:00, run_after=2025-10-14T00:00:00+00:00
[2025-10-14 15:11:55,422] {processor.py:161} INFO - Processing /root/Projects/etlX/venv/lib/python3.9/site-packages/airflow/example_dags/example_branch_operator.py took 0.082 seconds
[2025-10-14 15:12:31,008] {processor.py:153} INFO - Started process (PID=16242) to work on /root/Projects/etlX/venv/lib/python3.9/site-packages/airflow/example_dags/example_branch_operator.py
[2025-10-14 15:12:31,008] {processor.py:641} INFO - Processing file /root/Projects/etlX/venv/lib/python3.9/site-packages/airflow/example_dags/example_branch_operator.py for tasks to queue
[2025-10-14 15:12:31,009] {logging_mixin.py:115} INFO - [2025-10-14 15:12:31,009] {dagbag.py:507} INFO - Filling up the DagBag from /root/Projects/etlX/venv/lib/python3.9/site-packages/airflow/example_dags/example_branch_operator.py
[2025-10-14 15:12:31,022] {processor.py:651} INFO - DAG(s) dict_keys(['example_branch_operator']) retrieved from /root/Projects/etlX/venv/lib/python3.9/site-packages/airflow/example_dags/example_branch_operator.py
[2025-10-14 15:12:31,043] {logging_mixin.py:115} INFO - [2025-10-14 15:12:31,043] {dag.py:2379} INFO - Sync 1 DAGs
[2025-10-14 15:12:31,065] {logging_mixin.py:115} INFO - [2025-10-14 15:12:31,065] {dag.py:2927} INFO - Setting next_dagrun for example_branch_operator to 2025-10-13T00:00:00+00:00, run_after=2025-10-14T00:00:00+00:00
[2025-10-14 15:12:31,077] {processor.py:161} INFO - Processing /root/Projects/etlX/venv/lib/python3.9/site-packages/airflow/example_dags/example_branch_operator.py took 0.074 seconds
[2025-10-14 15:13:03,265] {processor.py:153} INFO - Started process (PID=16300) to work on /root/Projects/etlX/venv/lib/python3.9/site-packages/airflow/example_dags/example_branch_operator.py
[2025-10-14 15:13:03,266] {processor.py:641} INFO - Processing file /root/Projects/etlX/venv/lib/python3.9/site-packages/airflow/example_dags/example_branch_operator.py for tasks to queue
[2025-10-14 15:13:03,266] {logging_mixin.py:115} INFO - [2025-10-14 15:13:03,266] {dagbag.py:507} INFO - Filling up the DagBag from /root/Projects/etlX/venv/lib/python3.9/site-packages/airflow/example_dags/example_branch_operator.py
[2025-10-14 15:13:03,278] {processor.py:651} INFO - DAG(s) dict_keys(['example_branch_operator']) retrieved from /root/Projects/etlX/venv/lib/python3.9/site-packages/airflow/example_dags/example_branch_operator.py
[2025-10-14 15:13:03,298] {logging_mixin.py:115} INFO - [2025-10-14 15:13:03,298] {dag.py:2379} INFO - Sync 1 DAGs
[2025-10-14 15:13:03,318] {logging_mixin.py:115} INFO - [2025-10-14 15:13:03,318] {dag.py:2927} INFO - Setting next_dagrun for example_branch_operator to 2025-10-13T00:00:00+00:00, run_after=2025-10-14T00:00:00+00:00
[2025-10-14 15:13:03,329] {processor.py:161} INFO - Processing /root/Projects/etlX/venv/lib/python3.9/site-packages/airflow/example_dags/example_branch_operator.py took 0.068 seconds
[2025-10-14 15:13:39,881] {processor.py:153} INFO - Started process (PID=16360) to work on /root/Projects/etlX/venv/lib/python3.9/site-packages/airflow/example_dags/example_branch_operator.py
[2025-10-14 15:13:39,882] {processor.py:641} INFO - Processing file /root/Projects/etlX/venv/lib/python3.9/site-packages/airflow/example_dags/example_branch_operator.py for tasks to queue
[2025-10-14 15:13:39,883] {logging_mixin.py:115} INFO - [2025-10-14 15:13:39,883] {dagbag.py:507} INFO - Filling up the DagBag from /root/Projects/etlX/venv/lib/python3.9/site-packages/airflow/example_dags/example_branch_operator.py
[2025-10-14 15:13:39,896] {processor.py:651} INFO - DAG(s) dict_keys(['example_branch_operator']) retrieved from /root/Projects/etlX/venv/lib/python3.9/site-packages/airflow/example_dags/example_branch_operator.py
[2025-10-14 15:13:39,918] {logging_mixin.py:115} INFO - [2025-10-14 15:13:39,918] {dag.py:2379} INFO - Sync 1 DAGs
[2025-10-14 15:13:39,942] {logging_mixin.py:115} INFO - [2025-10-14 15:13:39,942] {dag.py:2927} INFO - Setting next_dagrun for example_branch_operator to 2025-10-13T00:00:00+00:00, run_after=2025-10-14T00:00:00+00:00
[2025-10-14 15:13:39,956] {processor.py:161} INFO - Processing /root/Projects/etlX/venv/lib/python3.9/site-packages/airflow/example_dags/example_branch_operator.py took 0.080 seconds
[2025-10-14 15:14:13,268] {processor.py:153} INFO - Started process (PID=16415) to work on /root/Projects/etlX/venv/lib/python3.9/site-packages/airflow/example_dags/example_branch_operator.py
[2025-10-14 15:14:13,269] {processor.py:641} INFO - Processing file /root/Projects/etlX/venv/lib/python3.9/site-packages/airflow/example_dags/example_branch_operator.py for tasks to queue
[2025-10-14 15:14:13,270] {logging_mixin.py:115} INFO - [2025-10-14 15:14:13,270] {dagbag.py:507} INFO - Filling up the DagBag from /root/Projects/etlX/venv/lib/python3.9/site-packages/airflow/example_dags/example_branch_operator.py
[2025-10-14 15:14:13,283] {processor.py:651} INFO - DAG(s) dict_keys(['example_branch_operator']) retrieved from /root/Projects/etlX/venv/lib/python3.9/site-packages/airflow/example_dags/example_branch_operator.py
[2025-10-14 15:14:13,303] {logging_mixin.py:115} INFO - [2025-10-14 15:14:13,303] {dag.py:2379} INFO - Sync 1 DAGs
[2025-10-14 15:14:13,323] {logging_mixin.py:115} INFO - [2025-10-14 15:14:13,323] {dag.py:2927} INFO - Setting next_dagrun for example_branch_operator to 2025-10-13T00:00:00+00:00, run_after=2025-10-14T00:00:00+00:00
[2025-10-14 15:14:13,335] {processor.py:161} INFO - Processing /root/Projects/etlX/venv/lib/python3.9/site-packages/airflow/example_dags/example_branch_operator.py took 0.076 seconds
[2025-10-14 15:14:48,280] {processor.py:153} INFO - Started process (PID=16526) to work on /root/Projects/etlX/venv/lib/python3.9/site-packages/airflow/example_dags/example_branch_operator.py
[2025-10-14 15:14:48,281] {processor.py:641} INFO - Processing file /root/Projects/etlX/venv/lib/python3.9/site-packages/airflow/example_dags/example_branch_operator.py for tasks to queue
[2025-10-14 15:14:48,281] {logging_mixin.py:115} INFO - [2025-10-14 15:14:48,281] {dagbag.py:507} INFO - Filling up the DagBag from /root/Projects/etlX/venv/lib/python3.9/site-packages/airflow/example_dags/example_branch_operator.py
[2025-10-14 15:14:48,295] {processor.py:651} INFO - DAG(s) dict_keys(['example_branch_operator']) retrieved from /root/Projects/etlX/venv/lib/python3.9/site-packages/airflow/example_dags/example_branch_operator.py
[2025-10-14 15:14:48,313] {logging_mixin.py:115} INFO - [2025-10-14 15:14:48,313] {dag.py:2379} INFO - Sync 1 DAGs
[2025-10-14 15:14:48,333] {logging_mixin.py:115} INFO - [2025-10-14 15:14:48,333] {dag.py:2927} INFO - Setting next_dagrun for example_branch_operator to 2025-10-13T00:00:00+00:00, run_after=2025-10-14T00:00:00+00:00
[2025-10-14 15:14:48,343] {processor.py:161} INFO - Processing /root/Projects/etlX/venv/lib/python3.9/site-packages/airflow/example_dags/example_branch_operator.py took 0.073 seconds
[2025-10-14 15:15:25,234] {processor.py:153} INFO - Started process (PID=16586) to work on /root/Projects/etlX/venv/lib/python3.9/site-packages/airflow/example_dags/example_branch_operator.py
[2025-10-14 15:15:25,235] {processor.py:641} INFO - Processing file /root/Projects/etlX/venv/lib/python3.9/site-packages/airflow/example_dags/example_branch_operator.py for tasks to queue
[2025-10-14 15:15:25,236] {logging_mixin.py:115} INFO - [2025-10-14 15:15:25,236] {dagbag.py:507} INFO - Filling up the DagBag from /root/Projects/etlX/venv/lib/python3.9/site-packages/airflow/example_dags/example_branch_operator.py
[2025-10-14 15:15:25,255] {processor.py:651} INFO - DAG(s) dict_keys(['example_branch_operator']) retrieved from /root/Projects/etlX/venv/lib/python3.9/site-packages/airflow/example_dags/example_branch_operator.py
[2025-10-14 15:15:25,280] {logging_mixin.py:115} INFO - [2025-10-14 15:15:25,280] {dag.py:2379} INFO - Sync 1 DAGs
[2025-10-14 15:15:25,299] {logging_mixin.py:115} INFO - [2025-10-14 15:15:25,299] {dag.py:2927} INFO - Setting next_dagrun for example_branch_operator to 2025-10-13T00:00:00+00:00, run_after=2025-10-14T00:00:00+00:00
[2025-10-14 15:15:25,310] {processor.py:161} INFO - Processing /root/Projects/etlX/venv/lib/python3.9/site-packages/airflow/example_dags/example_branch_operator.py took 0.082 seconds
[2025-10-14 15:16:00,611] {processor.py:153} INFO - Started process (PID=16645) to work on /root/Projects/etlX/venv/lib/python3.9/site-packages/airflow/example_dags/example_branch_operator.py
[2025-10-14 15:16:00,611] {processor.py:641} INFO - Processing file /root/Projects/etlX/venv/lib/python3.9/site-packages/airflow/example_dags/example_branch_operator.py for tasks to queue
[2025-10-14 15:16:00,612] {logging_mixin.py:115} INFO - [2025-10-14 15:16:00,612] {dagbag.py:507} INFO - Filling up the DagBag from /root/Projects/etlX/venv/lib/python3.9/site-packages/airflow/example_dags/example_branch_operator.py
[2025-10-14 15:16:00,624] {processor.py:651} INFO - DAG(s) dict_keys(['example_branch_operator']) retrieved from /root/Projects/etlX/venv/lib/python3.9/site-packages/airflow/example_dags/example_branch_operator.py
[2025-10-14 15:16:00,644] {logging_mixin.py:115} INFO - [2025-10-14 15:16:00,644] {dag.py:2379} INFO - Sync 1 DAGs
[2025-10-14 15:16:00,664] {logging_mixin.py:115} INFO - [2025-10-14 15:16:00,664] {dag.py:2927} INFO - Setting next_dagrun for example_branch_operator to 2025-10-13T00:00:00+00:00, run_after=2025-10-14T00:00:00+00:00
[2025-10-14 15:16:00,676] {processor.py:161} INFO - Processing /root/Projects/etlX/venv/lib/python3.9/site-packages/airflow/example_dags/example_branch_operator.py took 0.069 seconds
[2025-10-14 15:16:36,040] {processor.py:153} INFO - Started process (PID=16911) to work on /root/Projects/etlX/venv/lib/python3.9/site-packages/airflow/example_dags/example_branch_operator.py
[2025-10-14 15:16:36,041] {processor.py:641} INFO - Processing file /root/Projects/etlX/venv/lib/python3.9/site-packages/airflow/example_dags/example_branch_operator.py for tasks to queue
[2025-10-14 15:16:36,041] {logging_mixin.py:115} INFO - [2025-10-14 15:16:36,041] {dagbag.py:507} INFO - Filling up the DagBag from /root/Projects/etlX/venv/lib/python3.9/site-packages/airflow/example_dags/example_branch_operator.py
[2025-10-14 15:16:36,054] {processor.py:651} INFO - DAG(s) dict_keys(['example_branch_operator']) retrieved from /root/Projects/etlX/venv/lib/python3.9/site-packages/airflow/example_dags/example_branch_operator.py
[2025-10-14 15:16:36,074] {logging_mixin.py:115} INFO - [2025-10-14 15:16:36,074] {dag.py:2379} INFO - Sync 1 DAGs
[2025-10-14 15:16:36,094] {logging_mixin.py:115} INFO - [2025-10-14 15:16:36,094] {dag.py:2927} INFO - Setting next_dagrun for example_branch_operator to 2025-10-13T00:00:00+00:00, run_after=2025-10-14T00:00:00+00:00
[2025-10-14 15:16:36,104] {processor.py:161} INFO - Processing /root/Projects/etlX/venv/lib/python3.9/site-packages/airflow/example_dags/example_branch_operator.py took 0.069 seconds
[2025-10-14 15:17:10,075] {processor.py:153} INFO - Started process (PID=17068) to work on /root/Projects/etlX/venv/lib/python3.9/site-packages/airflow/example_dags/example_branch_operator.py
[2025-10-14 15:17:10,076] {processor.py:641} INFO - Processing file /root/Projects/etlX/venv/lib/python3.9/site-packages/airflow/example_dags/example_branch_operator.py for tasks to queue
[2025-10-14 15:17:10,077] {logging_mixin.py:115} INFO - [2025-10-14 15:17:10,077] {dagbag.py:507} INFO - Filling up the DagBag from /root/Projects/etlX/venv/lib/python3.9/site-packages/airflow/example_dags/example_branch_operator.py
[2025-10-14 15:17:10,098] {processor.py:651} INFO - DAG(s) dict_keys(['example_branch_operator']) retrieved from /root/Projects/etlX/venv/lib/python3.9/site-packages/airflow/example_dags/example_branch_operator.py
[2025-10-14 15:17:10,118] {logging_mixin.py:115} INFO - [2025-10-14 15:17:10,118] {dag.py:2379} INFO - Sync 1 DAGs
[2025-10-14 15:17:10,137] {logging_mixin.py:115} INFO - [2025-10-14 15:17:10,137] {dag.py:2927} INFO - Setting next_dagrun for example_branch_operator to 2025-10-13T00:00:00+00:00, run_after=2025-10-14T00:00:00+00:00
[2025-10-14 15:17:10,148] {processor.py:161} INFO - Processing /root/Projects/etlX/venv/lib/python3.9/site-packages/airflow/example_dags/example_branch_operator.py took 0.083 seconds
[2025-10-14 15:17:45,393] {processor.py:153} INFO - Started process (PID=17229) to work on /root/Projects/etlX/venv/lib/python3.9/site-packages/airflow/example_dags/example_branch_operator.py
[2025-10-14 15:17:45,393] {processor.py:641} INFO - Processing file /root/Projects/etlX/venv/lib/python3.9/site-packages/airflow/example_dags/example_branch_operator.py for tasks to queue
[2025-10-14 15:17:45,394] {logging_mixin.py:115} INFO - [2025-10-14 15:17:45,394] {dagbag.py:507} INFO - Filling up the DagBag from /root/Projects/etlX/venv/lib/python3.9/site-packages/airflow/example_dags/example_branch_operator.py
[2025-10-14 15:17:45,407] {processor.py:651} INFO - DAG(s) dict_keys(['example_branch_operator']) retrieved from /root/Projects/etlX/venv/lib/python3.9/site-packages/airflow/example_dags/example_branch_operator.py
[2025-10-14 15:17:45,428] {logging_mixin.py:115} INFO - [2025-10-14 15:17:45,428] {dag.py:2379} INFO - Sync 1 DAGs
[2025-10-14 15:17:45,449] {logging_mixin.py:115} INFO - [2025-10-14 15:17:45,449] {dag.py:2927} INFO - Setting next_dagrun for example_branch_operator to 2025-10-13T00:00:00+00:00, run_after=2025-10-14T00:00:00+00:00
[2025-10-14 15:17:45,461] {processor.py:161} INFO - Processing /root/Projects/etlX/venv/lib/python3.9/site-packages/airflow/example_dags/example_branch_operator.py took 0.073 seconds
[2025-10-14 15:59:07,640] {processor.py:153} INFO - Started process (PID=19998) to work on /root/Projects/etlX/venv/lib/python3.9/site-packages/airflow/example_dags/example_branch_operator.py
[2025-10-14 15:59:07,640] {processor.py:641} INFO - Processing file /root/Projects/etlX/venv/lib/python3.9/site-packages/airflow/example_dags/example_branch_operator.py for tasks to queue
[2025-10-14 15:59:07,641] {logging_mixin.py:115} INFO - [2025-10-14 15:59:07,641] {dagbag.py:507} INFO - Filling up the DagBag from /root/Projects/etlX/venv/lib/python3.9/site-packages/airflow/example_dags/example_branch_operator.py
[2025-10-14 15:59:07,655] {processor.py:651} INFO - DAG(s) dict_keys(['example_branch_operator']) retrieved from /root/Projects/etlX/venv/lib/python3.9/site-packages/airflow/example_dags/example_branch_operator.py
[2025-10-14 15:59:07,676] {logging_mixin.py:115} INFO - [2025-10-14 15:59:07,675] {dag.py:2379} INFO - Sync 1 DAGs
[2025-10-14 15:59:07,696] {logging_mixin.py:115} INFO - [2025-10-14 15:59:07,696] {dag.py:2927} INFO - Setting next_dagrun for example_branch_operator to 2025-10-13T00:00:00+00:00, run_after=2025-10-14T00:00:00+00:00
[2025-10-14 15:59:07,707] {processor.py:161} INFO - Processing /root/Projects/etlX/venv/lib/python3.9/site-packages/airflow/example_dags/example_branch_operator.py took 0.072 seconds
[2025-10-14 15:59:41,046] {processor.py:153} INFO - Started process (PID=20107) to work on /root/Projects/etlX/venv/lib/python3.9/site-packages/airflow/example_dags/example_branch_operator.py
[2025-10-14 15:59:41,047] {processor.py:641} INFO - Processing file /root/Projects/etlX/venv/lib/python3.9/site-packages/airflow/example_dags/example_branch_operator.py for tasks to queue
[2025-10-14 15:59:41,048] {logging_mixin.py:115} INFO - [2025-10-14 15:59:41,048] {dagbag.py:507} INFO - Filling up the DagBag from /root/Projects/etlX/venv/lib/python3.9/site-packages/airflow/example_dags/example_branch_operator.py
[2025-10-14 15:59:41,072] {processor.py:651} INFO - DAG(s) dict_keys(['example_branch_operator']) retrieved from /root/Projects/etlX/venv/lib/python3.9/site-packages/airflow/example_dags/example_branch_operator.py
[2025-10-14 15:59:41,097] {logging_mixin.py:115} INFO - [2025-10-14 15:59:41,097] {dag.py:2379} INFO - Sync 1 DAGs
[2025-10-14 15:59:41,117] {logging_mixin.py:115} INFO - [2025-10-14 15:59:41,117] {dag.py:2927} INFO - Setting next_dagrun for example_branch_operator to 2025-10-13T00:00:00+00:00, run_after=2025-10-14T00:00:00+00:00
[2025-10-14 15:59:41,127] {processor.py:161} INFO - Processing /root/Projects/etlX/venv/lib/python3.9/site-packages/airflow/example_dags/example_branch_operator.py took 0.090 seconds
[2025-10-14 16:00:14,887] {processor.py:153} INFO - Started process (PID=20163) to work on /root/Projects/etlX/venv/lib/python3.9/site-packages/airflow/example_dags/example_branch_operator.py
[2025-10-14 16:00:14,888] {processor.py:641} INFO - Processing file /root/Projects/etlX/venv/lib/python3.9/site-packages/airflow/example_dags/example_branch_operator.py for tasks to queue
[2025-10-14 16:00:14,889] {logging_mixin.py:115} INFO - [2025-10-14 16:00:14,889] {dagbag.py:507} INFO - Filling up the DagBag from /root/Projects/etlX/venv/lib/python3.9/site-packages/airflow/example_dags/example_branch_operator.py
[2025-10-14 16:00:14,902] {processor.py:651} INFO - DAG(s) dict_keys(['example_branch_operator']) retrieved from /root/Projects/etlX/venv/lib/python3.9/site-packages/airflow/example_dags/example_branch_operator.py
[2025-10-14 16:00:14,922] {logging_mixin.py:115} INFO - [2025-10-14 16:00:14,922] {dag.py:2379} INFO - Sync 1 DAGs
[2025-10-14 16:00:14,942] {logging_mixin.py:115} INFO - [2025-10-14 16:00:14,942] {dag.py:2927} INFO - Setting next_dagrun for example_branch_operator to 2025-10-13T00:00:00+00:00, run_after=2025-10-14T00:00:00+00:00
[2025-10-14 16:00:14,954] {processor.py:161} INFO - Processing /root/Projects/etlX/venv/lib/python3.9/site-packages/airflow/example_dags/example_branch_operator.py took 0.071 seconds
[2025-10-14 16:00:48,426] {processor.py:153} INFO - Started process (PID=20221) to work on /root/Projects/etlX/venv/lib/python3.9/site-packages/airflow/example_dags/example_branch_operator.py
[2025-10-14 16:00:48,427] {processor.py:641} INFO - Processing file /root/Projects/etlX/venv/lib/python3.9/site-packages/airflow/example_dags/example_branch_operator.py for tasks to queue
[2025-10-14 16:00:48,428] {logging_mixin.py:115} INFO - [2025-10-14 16:00:48,428] {dagbag.py:507} INFO - Filling up the DagBag from /root/Projects/etlX/venv/lib/python3.9/site-packages/airflow/example_dags/example_branch_operator.py
[2025-10-14 16:00:48,440] {processor.py:651} INFO - DAG(s) dict_keys(['example_branch_operator']) retrieved from /root/Projects/etlX/venv/lib/python3.9/site-packages/airflow/example_dags/example_branch_operator.py
[2025-10-14 16:00:48,460] {logging_mixin.py:115} INFO - [2025-10-14 16:00:48,460] {dag.py:2379} INFO - Sync 1 DAGs
[2025-10-14 16:00:48,481] {logging_mixin.py:115} INFO - [2025-10-14 16:00:48,481] {dag.py:2927} INFO - Setting next_dagrun for example_branch_operator to 2025-10-13T00:00:00+00:00, run_after=2025-10-14T00:00:00+00:00
[2025-10-14 16:00:48,492] {processor.py:161} INFO - Processing /root/Projects/etlX/venv/lib/python3.9/site-packages/airflow/example_dags/example_branch_operator.py took 0.070 seconds
[2025-10-14 16:01:24,312] {processor.py:153} INFO - Started process (PID=20281) to work on /root/Projects/etlX/venv/lib/python3.9/site-packages/airflow/example_dags/example_branch_operator.py
[2025-10-14 16:01:24,313] {processor.py:641} INFO - Processing file /root/Projects/etlX/venv/lib/python3.9/site-packages/airflow/example_dags/example_branch_operator.py for tasks to queue
[2025-10-14 16:01:24,313] {logging_mixin.py:115} INFO - [2025-10-14 16:01:24,313] {dagbag.py:507} INFO - Filling up the DagBag from /root/Projects/etlX/venv/lib/python3.9/site-packages/airflow/example_dags/example_branch_operator.py
[2025-10-14 16:01:24,326] {processor.py:651} INFO - DAG(s) dict_keys(['example_branch_operator']) retrieved from /root/Projects/etlX/venv/lib/python3.9/site-packages/airflow/example_dags/example_branch_operator.py
[2025-10-14 16:01:24,345] {logging_mixin.py:115} INFO - [2025-10-14 16:01:24,345] {dag.py:2379} INFO - Sync 1 DAGs
[2025-10-14 16:01:24,365] {logging_mixin.py:115} INFO - [2025-10-14 16:01:24,365] {dag.py:2927} INFO - Setting next_dagrun for example_branch_operator to 2025-10-13T00:00:00+00:00, run_after=2025-10-14T00:00:00+00:00
[2025-10-14 16:01:24,375] {processor.py:161} INFO - Processing /root/Projects/etlX/venv/lib/python3.9/site-packages/airflow/example_dags/example_branch_operator.py took 0.073 seconds
[2025-10-14 16:01:59,351] {processor.py:153} INFO - Started process (PID=20339) to work on /root/Projects/etlX/venv/lib/python3.9/site-packages/airflow/example_dags/example_branch_operator.py
[2025-10-14 16:01:59,351] {processor.py:641} INFO - Processing file /root/Projects/etlX/venv/lib/python3.9/site-packages/airflow/example_dags/example_branch_operator.py for tasks to queue
[2025-10-14 16:01:59,352] {logging_mixin.py:115} INFO - [2025-10-14 16:01:59,352] {dagbag.py:507} INFO - Filling up the DagBag from /root/Projects/etlX/venv/lib/python3.9/site-packages/airflow/example_dags/example_branch_operator.py
[2025-10-14 16:01:59,365] {processor.py:651} INFO - DAG(s) dict_keys(['example_branch_operator']) retrieved from /root/Projects/etlX/venv/lib/python3.9/site-packages/airflow/example_dags/example_branch_operator.py
[2025-10-14 16:01:59,387] {logging_mixin.py:115} INFO - [2025-10-14 16:01:59,387] {dag.py:2379} INFO - Sync 1 DAGs
[2025-10-14 16:01:59,410] {logging_mixin.py:115} INFO - [2025-10-14 16:01:59,410] {dag.py:2927} INFO - Setting next_dagrun for example_branch_operator to 2025-10-13T00:00:00+00:00, run_after=2025-10-14T00:00:00+00:00
[2025-10-14 16:01:59,424] {processor.py:161} INFO - Processing /root/Projects/etlX/venv/lib/python3.9/site-packages/airflow/example_dags/example_branch_operator.py took 0.078 seconds
[2025-10-14 16:02:34,376] {processor.py:153} INFO - Started process (PID=20399) to work on /root/Projects/etlX/venv/lib/python3.9/site-packages/airflow/example_dags/example_branch_operator.py
[2025-10-14 16:02:34,377] {processor.py:641} INFO - Processing file /root/Projects/etlX/venv/lib/python3.9/site-packages/airflow/example_dags/example_branch_operator.py for tasks to queue
[2025-10-14 16:02:34,379] {logging_mixin.py:115} INFO - [2025-10-14 16:02:34,378] {dagbag.py:507} INFO - Filling up the DagBag from /root/Projects/etlX/venv/lib/python3.9/site-packages/airflow/example_dags/example_branch_operator.py
[2025-10-14 16:02:34,396] {processor.py:651} INFO - DAG(s) dict_keys(['example_branch_operator']) retrieved from /root/Projects/etlX/venv/lib/python3.9/site-packages/airflow/example_dags/example_branch_operator.py
[2025-10-14 16:02:34,419] {logging_mixin.py:115} INFO - [2025-10-14 16:02:34,419] {dag.py:2379} INFO - Sync 1 DAGs
[2025-10-14 16:02:34,447] {logging_mixin.py:115} INFO - [2025-10-14 16:02:34,447] {dag.py:2927} INFO - Setting next_dagrun for example_branch_operator to 2025-10-13T00:00:00+00:00, run_after=2025-10-14T00:00:00+00:00
[2025-10-14 16:02:34,461] {processor.py:161} INFO - Processing /root/Projects/etlX/venv/lib/python3.9/site-packages/airflow/example_dags/example_branch_operator.py took 0.093 seconds
[2025-10-14 16:03:09,055] {processor.py:153} INFO - Started process (PID=20455) to work on /root/Projects/etlX/venv/lib/python3.9/site-packages/airflow/example_dags/example_branch_operator.py
[2025-10-14 16:03:09,056] {processor.py:641} INFO - Processing file /root/Projects/etlX/venv/lib/python3.9/site-packages/airflow/example_dags/example_branch_operator.py for tasks to queue
[2025-10-14 16:03:09,057] {logging_mixin.py:115} INFO - [2025-10-14 16:03:09,057] {dagbag.py:507} INFO - Filling up the DagBag from /root/Projects/etlX/venv/lib/python3.9/site-packages/airflow/example_dags/example_branch_operator.py
[2025-10-14 16:03:09,075] {processor.py:651} INFO - DAG(s) dict_keys(['example_branch_operator']) retrieved from /root/Projects/etlX/venv/lib/python3.9/site-packages/airflow/example_dags/example_branch_operator.py
[2025-10-14 16:03:09,096] {logging_mixin.py:115} INFO - [2025-10-14 16:03:09,096] {dag.py:2379} INFO - Sync 1 DAGs
[2025-10-14 16:03:09,115] {logging_mixin.py:115} INFO - [2025-10-14 16:03:09,115] {dag.py:2927} INFO - Setting next_dagrun for example_branch_operator to 2025-10-13T00:00:00+00:00, run_after=2025-10-14T00:00:00+00:00
[2025-10-14 16:03:09,126] {processor.py:161} INFO - Processing /root/Projects/etlX/venv/lib/python3.9/site-packages/airflow/example_dags/example_branch_operator.py took 0.078 seconds
[2025-10-14 16:03:41,923] {processor.py:153} INFO - Started process (PID=20564) to work on /root/Projects/etlX/venv/lib/python3.9/site-packages/airflow/example_dags/example_branch_operator.py
[2025-10-14 16:03:41,924] {processor.py:641} INFO - Processing file /root/Projects/etlX/venv/lib/python3.9/site-packages/airflow/example_dags/example_branch_operator.py for tasks to queue
[2025-10-14 16:03:41,925] {logging_mixin.py:115} INFO - [2025-10-14 16:03:41,925] {dagbag.py:507} INFO - Filling up the DagBag from /root/Projects/etlX/venv/lib/python3.9/site-packages/airflow/example_dags/example_branch_operator.py
[2025-10-14 16:03:41,938] {processor.py:651} INFO - DAG(s) dict_keys(['example_branch_operator']) retrieved from /root/Projects/etlX/venv/lib/python3.9/site-packages/airflow/example_dags/example_branch_operator.py
[2025-10-14 16:03:41,955] {logging_mixin.py:115} INFO - [2025-10-14 16:03:41,955] {dag.py:2379} INFO - Sync 1 DAGs
[2025-10-14 16:03:41,976] {logging_mixin.py:115} INFO - [2025-10-14 16:03:41,976] {dag.py:2927} INFO - Setting next_dagrun for example_branch_operator to 2025-10-13T00:00:00+00:00, run_after=2025-10-14T00:00:00+00:00
[2025-10-14 16:03:41,986] {processor.py:161} INFO - Processing /root/Projects/etlX/venv/lib/python3.9/site-packages/airflow/example_dags/example_branch_operator.py took 0.071 seconds
[2025-10-14 16:04:16,146] {processor.py:153} INFO - Started process (PID=20619) to work on /root/Projects/etlX/venv/lib/python3.9/site-packages/airflow/example_dags/example_branch_operator.py
[2025-10-14 16:04:16,147] {processor.py:641} INFO - Processing file /root/Projects/etlX/venv/lib/python3.9/site-packages/airflow/example_dags/example_branch_operator.py for tasks to queue
[2025-10-14 16:04:16,149] {logging_mixin.py:115} INFO - [2025-10-14 16:04:16,149] {dagbag.py:507} INFO - Filling up the DagBag from /root/Projects/etlX/venv/lib/python3.9/site-packages/airflow/example_dags/example_branch_operator.py
[2025-10-14 16:04:16,164] {processor.py:651} INFO - DAG(s) dict_keys(['example_branch_operator']) retrieved from /root/Projects/etlX/venv/lib/python3.9/site-packages/airflow/example_dags/example_branch_operator.py
[2025-10-14 16:04:16,183] {logging_mixin.py:115} INFO - [2025-10-14 16:04:16,183] {dag.py:2379} INFO - Sync 1 DAGs
[2025-10-14 16:04:16,203] {logging_mixin.py:115} INFO - [2025-10-14 16:04:16,203] {dag.py:2927} INFO - Setting next_dagrun for example_branch_operator to 2025-10-13T00:00:00+00:00, run_after=2025-10-14T00:00:00+00:00
[2025-10-14 16:04:16,214] {processor.py:161} INFO - Processing /root/Projects/etlX/venv/lib/python3.9/site-packages/airflow/example_dags/example_branch_operator.py took 0.080 seconds
[2025-10-14 16:04:51,253] {processor.py:153} INFO - Started process (PID=20679) to work on /root/Projects/etlX/venv/lib/python3.9/site-packages/airflow/example_dags/example_branch_operator.py
[2025-10-14 16:04:51,254] {processor.py:641} INFO - Processing file /root/Projects/etlX/venv/lib/python3.9/site-packages/airflow/example_dags/example_branch_operator.py for tasks to queue
[2025-10-14 16:04:51,255] {logging_mixin.py:115} INFO - [2025-10-14 16:04:51,255] {dagbag.py:507} INFO - Filling up the DagBag from /root/Projects/etlX/venv/lib/python3.9/site-packages/airflow/example_dags/example_branch_operator.py
[2025-10-14 16:04:51,273] {processor.py:651} INFO - DAG(s) dict_keys(['example_branch_operator']) retrieved from /root/Projects/etlX/venv/lib/python3.9/site-packages/airflow/example_dags/example_branch_operator.py
[2025-10-14 16:04:51,296] {logging_mixin.py:115} INFO - [2025-10-14 16:04:51,296] {dag.py:2379} INFO - Sync 1 DAGs
[2025-10-14 16:04:51,319] {logging_mixin.py:115} INFO - [2025-10-14 16:04:51,319] {dag.py:2927} INFO - Setting next_dagrun for example_branch_operator to 2025-10-13T00:00:00+00:00, run_after=2025-10-14T00:00:00+00:00
[2025-10-14 16:04:51,354] {processor.py:161} INFO - Processing /root/Projects/etlX/venv/lib/python3.9/site-packages/airflow/example_dags/example_branch_operator.py took 0.110 seconds
[2025-10-14 16:05:25,725] {processor.py:153} INFO - Started process (PID=20739) to work on /root/Projects/etlX/venv/lib/python3.9/site-packages/airflow/example_dags/example_branch_operator.py
[2025-10-14 16:05:25,726] {processor.py:641} INFO - Processing file /root/Projects/etlX/venv/lib/python3.9/site-packages/airflow/example_dags/example_branch_operator.py for tasks to queue
[2025-10-14 16:05:25,727] {logging_mixin.py:115} INFO - [2025-10-14 16:05:25,726] {dagbag.py:507} INFO - Filling up the DagBag from /root/Projects/etlX/venv/lib/python3.9/site-packages/airflow/example_dags/example_branch_operator.py
[2025-10-14 16:05:25,745] {processor.py:651} INFO - DAG(s) dict_keys(['example_branch_operator']) retrieved from /root/Projects/etlX/venv/lib/python3.9/site-packages/airflow/example_dags/example_branch_operator.py
[2025-10-14 16:05:25,766] {logging_mixin.py:115} INFO - [2025-10-14 16:05:25,766] {dag.py:2379} INFO - Sync 1 DAGs
[2025-10-14 16:05:25,786] {logging_mixin.py:115} INFO - [2025-10-14 16:05:25,786] {dag.py:2927} INFO - Setting next_dagrun for example_branch_operator to 2025-10-13T00:00:00+00:00, run_after=2025-10-14T00:00:00+00:00
[2025-10-14 16:05:25,796] {processor.py:161} INFO - Processing /root/Projects/etlX/venv/lib/python3.9/site-packages/airflow/example_dags/example_branch_operator.py took 0.080 seconds
[2025-10-14 16:06:00,673] {processor.py:153} INFO - Started process (PID=20797) to work on /root/Projects/etlX/venv/lib/python3.9/site-packages/airflow/example_dags/example_branch_operator.py
[2025-10-14 16:06:00,674] {processor.py:641} INFO - Processing file /root/Projects/etlX/venv/lib/python3.9/site-packages/airflow/example_dags/example_branch_operator.py for tasks to queue
[2025-10-14 16:06:00,674] {logging_mixin.py:115} INFO - [2025-10-14 16:06:00,674] {dagbag.py:507} INFO - Filling up the DagBag from /root/Projects/etlX/venv/lib/python3.9/site-packages/airflow/example_dags/example_branch_operator.py
[2025-10-14 16:06:00,688] {processor.py:651} INFO - DAG(s) dict_keys(['example_branch_operator']) retrieved from /root/Projects/etlX/venv/lib/python3.9/site-packages/airflow/example_dags/example_branch_operator.py
[2025-10-14 16:06:00,708] {logging_mixin.py:115} INFO - [2025-10-14 16:06:00,708] {dag.py:2379} INFO - Sync 1 DAGs
[2025-10-14 16:06:00,728] {logging_mixin.py:115} INFO - [2025-10-14 16:06:00,728] {dag.py:2927} INFO - Setting next_dagrun for example_branch_operator to 2025-10-13T00:00:00+00:00, run_after=2025-10-14T00:00:00+00:00
[2025-10-14 16:06:00,739] {processor.py:161} INFO - Processing /root/Projects/etlX/venv/lib/python3.9/site-packages/airflow/example_dags/example_branch_operator.py took 0.072 seconds
[2025-10-14 16:06:35,548] {processor.py:153} INFO - Started process (PID=20857) to work on /root/Projects/etlX/venv/lib/python3.9/site-packages/airflow/example_dags/example_branch_operator.py
[2025-10-14 16:06:35,548] {processor.py:641} INFO - Processing file /root/Projects/etlX/venv/lib/python3.9/site-packages/airflow/example_dags/example_branch_operator.py for tasks to queue
[2025-10-14 16:06:35,549] {logging_mixin.py:115} INFO - [2025-10-14 16:06:35,549] {dagbag.py:507} INFO - Filling up the DagBag from /root/Projects/etlX/venv/lib/python3.9/site-packages/airflow/example_dags/example_branch_operator.py
[2025-10-14 16:06:35,562] {processor.py:651} INFO - DAG(s) dict_keys(['example_branch_operator']) retrieved from /root/Projects/etlX/venv/lib/python3.9/site-packages/airflow/example_dags/example_branch_operator.py
[2025-10-14 16:06:35,583] {logging_mixin.py:115} INFO - [2025-10-14 16:06:35,583] {dag.py:2379} INFO - Sync 1 DAGs
[2025-10-14 16:06:35,605] {logging_mixin.py:115} INFO - [2025-10-14 16:06:35,605] {dag.py:2927} INFO - Setting next_dagrun for example_branch_operator to 2025-10-13T00:00:00+00:00, run_after=2025-10-14T00:00:00+00:00
[2025-10-14 16:06:35,616] {processor.py:161} INFO - Processing /root/Projects/etlX/venv/lib/python3.9/site-packages/airflow/example_dags/example_branch_operator.py took 0.073 seconds
[2025-10-14 16:07:09,451] {processor.py:153} INFO - Started process (PID=20912) to work on /root/Projects/etlX/venv/lib/python3.9/site-packages/airflow/example_dags/example_branch_operator.py
[2025-10-14 16:07:09,452] {processor.py:641} INFO - Processing file /root/Projects/etlX/venv/lib/python3.9/site-packages/airflow/example_dags/example_branch_operator.py for tasks to queue
[2025-10-14 16:07:09,452] {logging_mixin.py:115} INFO - [2025-10-14 16:07:09,452] {dagbag.py:507} INFO - Filling up the DagBag from /root/Projects/etlX/venv/lib/python3.9/site-packages/airflow/example_dags/example_branch_operator.py
[2025-10-14 16:07:09,465] {processor.py:651} INFO - DAG(s) dict_keys(['example_branch_operator']) retrieved from /root/Projects/etlX/venv/lib/python3.9/site-packages/airflow/example_dags/example_branch_operator.py
[2025-10-14 16:07:09,486] {logging_mixin.py:115} INFO - [2025-10-14 16:07:09,486] {dag.py:2379} INFO - Sync 1 DAGs
[2025-10-14 16:07:09,507] {logging_mixin.py:115} INFO - [2025-10-14 16:07:09,507] {dag.py:2927} INFO - Setting next_dagrun for example_branch_operator to 2025-10-13T00:00:00+00:00, run_after=2025-10-14T00:00:00+00:00
[2025-10-14 16:07:09,518] {processor.py:161} INFO - Processing /root/Projects/etlX/venv/lib/python3.9/site-packages/airflow/example_dags/example_branch_operator.py took 0.072 seconds
[2025-10-14 16:07:42,168] {processor.py:153} INFO - Started process (PID=21179) to work on /root/Projects/etlX/venv/lib/python3.9/site-packages/airflow/example_dags/example_branch_operator.py
[2025-10-14 16:07:42,168] {processor.py:641} INFO - Processing file /root/Projects/etlX/venv/lib/python3.9/site-packages/airflow/example_dags/example_branch_operator.py for tasks to queue
[2025-10-14 16:07:42,169] {logging_mixin.py:115} INFO - [2025-10-14 16:07:42,169] {dagbag.py:507} INFO - Filling up the DagBag from /root/Projects/etlX/venv/lib/python3.9/site-packages/airflow/example_dags/example_branch_operator.py
[2025-10-14 16:07:42,193] {processor.py:651} INFO - DAG(s) dict_keys(['example_branch_operator']) retrieved from /root/Projects/etlX/venv/lib/python3.9/site-packages/airflow/example_dags/example_branch_operator.py
[2025-10-14 16:07:42,225] {logging_mixin.py:115} INFO - [2025-10-14 16:07:42,225] {dag.py:2379} INFO - Sync 1 DAGs
[2025-10-14 16:07:42,261] {logging_mixin.py:115} INFO - [2025-10-14 16:07:42,260] {dag.py:2927} INFO - Setting next_dagrun for example_branch_operator to 2025-10-13T00:00:00+00:00, run_after=2025-10-14T00:00:00+00:00
[2025-10-14 16:07:42,276] {processor.py:161} INFO - Processing /root/Projects/etlX/venv/lib/python3.9/site-packages/airflow/example_dags/example_branch_operator.py took 0.114 seconds
[2025-10-14 16:08:16,699] {processor.py:153} INFO - Started process (PID=21490) to work on /root/Projects/etlX/venv/lib/python3.9/site-packages/airflow/example_dags/example_branch_operator.py
[2025-10-14 16:08:16,700] {processor.py:641} INFO - Processing file /root/Projects/etlX/venv/lib/python3.9/site-packages/airflow/example_dags/example_branch_operator.py for tasks to queue
[2025-10-14 16:08:16,700] {logging_mixin.py:115} INFO - [2025-10-14 16:08:16,700] {dagbag.py:507} INFO - Filling up the DagBag from /root/Projects/etlX/venv/lib/python3.9/site-packages/airflow/example_dags/example_branch_operator.py
[2025-10-14 16:08:16,718] {processor.py:651} INFO - DAG(s) dict_keys(['example_branch_operator']) retrieved from /root/Projects/etlX/venv/lib/python3.9/site-packages/airflow/example_dags/example_branch_operator.py
[2025-10-14 16:08:16,745] {logging_mixin.py:115} INFO - [2025-10-14 16:08:16,745] {dag.py:2379} INFO - Sync 1 DAGs
[2025-10-14 16:08:16,767] {logging_mixin.py:115} INFO - [2025-10-14 16:08:16,767] {dag.py:2927} INFO - Setting next_dagrun for example_branch_operator to 2025-10-13T00:00:00+00:00, run_after=2025-10-14T00:00:00+00:00
[2025-10-14 16:08:16,778] {processor.py:161} INFO - Processing /root/Projects/etlX/venv/lib/python3.9/site-packages/airflow/example_dags/example_branch_operator.py took 0.085 seconds
[2025-10-14 16:08:54,991] {processor.py:153} INFO - Started process (PID=21705) to work on /root/Projects/etlX/venv/lib/python3.9/site-packages/airflow/example_dags/example_branch_operator.py
[2025-10-14 16:08:54,992] {processor.py:641} INFO - Processing file /root/Projects/etlX/venv/lib/python3.9/site-packages/airflow/example_dags/example_branch_operator.py for tasks to queue
[2025-10-14 16:08:54,992] {logging_mixin.py:115} INFO - [2025-10-14 16:08:54,992] {dagbag.py:507} INFO - Filling up the DagBag from /root/Projects/etlX/venv/lib/python3.9/site-packages/airflow/example_dags/example_branch_operator.py
[2025-10-14 16:08:55,004] {processor.py:651} INFO - DAG(s) dict_keys(['example_branch_operator']) retrieved from /root/Projects/etlX/venv/lib/python3.9/site-packages/airflow/example_dags/example_branch_operator.py
[2025-10-14 16:08:55,024] {logging_mixin.py:115} INFO - [2025-10-14 16:08:55,024] {dag.py:2379} INFO - Sync 1 DAGs
[2025-10-14 16:08:55,046] {logging_mixin.py:115} INFO - [2025-10-14 16:08:55,046] {dag.py:2927} INFO - Setting next_dagrun for example_branch_operator to 2025-10-13T00:00:00+00:00, run_after=2025-10-14T00:00:00+00:00
[2025-10-14 16:08:55,059] {processor.py:161} INFO - Processing /root/Projects/etlX/venv/lib/python3.9/site-packages/airflow/example_dags/example_branch_operator.py took 0.072 seconds
[2025-10-14 16:25:43,460] {processor.py:153} INFO - Started process (PID=22845) to work on /root/Projects/etlX/venv/lib/python3.9/site-packages/airflow/example_dags/example_branch_operator.py
[2025-10-14 16:25:43,460] {processor.py:641} INFO - Processing file /root/Projects/etlX/venv/lib/python3.9/site-packages/airflow/example_dags/example_branch_operator.py for tasks to queue
[2025-10-14 16:25:43,461] {logging_mixin.py:115} INFO - [2025-10-14 16:25:43,461] {dagbag.py:507} INFO - Filling up the DagBag from /root/Projects/etlX/venv/lib/python3.9/site-packages/airflow/example_dags/example_branch_operator.py
[2025-10-14 16:25:43,474] {processor.py:651} INFO - DAG(s) dict_keys(['example_branch_operator']) retrieved from /root/Projects/etlX/venv/lib/python3.9/site-packages/airflow/example_dags/example_branch_operator.py
[2025-10-14 16:25:43,494] {logging_mixin.py:115} INFO - [2025-10-14 16:25:43,494] {dag.py:2379} INFO - Sync 1 DAGs
[2025-10-14 16:25:43,517] {logging_mixin.py:115} INFO - [2025-10-14 16:25:43,517] {dag.py:2927} INFO - Setting next_dagrun for example_branch_operator to 2025-10-13T00:00:00+00:00, run_after=2025-10-14T00:00:00+00:00
[2025-10-14 16:25:43,530] {processor.py:161} INFO - Processing /root/Projects/etlX/venv/lib/python3.9/site-packages/airflow/example_dags/example_branch_operator.py took 0.075 seconds
[2025-10-14 16:26:17,436] {processor.py:153} INFO - Started process (PID=22903) to work on /root/Projects/etlX/venv/lib/python3.9/site-packages/airflow/example_dags/example_branch_operator.py
[2025-10-14 16:26:17,437] {processor.py:641} INFO - Processing file /root/Projects/etlX/venv/lib/python3.9/site-packages/airflow/example_dags/example_branch_operator.py for tasks to queue
[2025-10-14 16:26:17,437] {logging_mixin.py:115} INFO - [2025-10-14 16:26:17,437] {dagbag.py:507} INFO - Filling up the DagBag from /root/Projects/etlX/venv/lib/python3.9/site-packages/airflow/example_dags/example_branch_operator.py
[2025-10-14 16:26:17,449] {processor.py:651} INFO - DAG(s) dict_keys(['example_branch_operator']) retrieved from /root/Projects/etlX/venv/lib/python3.9/site-packages/airflow/example_dags/example_branch_operator.py
[2025-10-14 16:26:17,469] {logging_mixin.py:115} INFO - [2025-10-14 16:26:17,469] {dag.py:2379} INFO - Sync 1 DAGs
[2025-10-14 16:26:17,489] {logging_mixin.py:115} INFO - [2025-10-14 16:26:17,489] {dag.py:2927} INFO - Setting next_dagrun for example_branch_operator to 2025-10-13T00:00:00+00:00, run_after=2025-10-14T00:00:00+00:00
[2025-10-14 16:26:17,499] {processor.py:161} INFO - Processing /root/Projects/etlX/venv/lib/python3.9/site-packages/airflow/example_dags/example_branch_operator.py took 0.067 seconds
[2025-10-14 16:26:53,625] {processor.py:153} INFO - Started process (PID=22963) to work on /root/Projects/etlX/venv/lib/python3.9/site-packages/airflow/example_dags/example_branch_operator.py
[2025-10-14 16:26:53,626] {processor.py:641} INFO - Processing file /root/Projects/etlX/venv/lib/python3.9/site-packages/airflow/example_dags/example_branch_operator.py for tasks to queue
[2025-10-14 16:26:53,627] {logging_mixin.py:115} INFO - [2025-10-14 16:26:53,627] {dagbag.py:507} INFO - Filling up the DagBag from /root/Projects/etlX/venv/lib/python3.9/site-packages/airflow/example_dags/example_branch_operator.py
[2025-10-14 16:26:53,643] {processor.py:651} INFO - DAG(s) dict_keys(['example_branch_operator']) retrieved from /root/Projects/etlX/venv/lib/python3.9/site-packages/airflow/example_dags/example_branch_operator.py
[2025-10-14 16:26:53,665] {logging_mixin.py:115} INFO - [2025-10-14 16:26:53,665] {dag.py:2379} INFO - Sync 1 DAGs
[2025-10-14 16:26:53,684] {logging_mixin.py:115} INFO - [2025-10-14 16:26:53,684] {dag.py:2927} INFO - Setting next_dagrun for example_branch_operator to 2025-10-13T00:00:00+00:00, run_after=2025-10-14T00:00:00+00:00
[2025-10-14 16:26:53,695] {processor.py:161} INFO - Processing /root/Projects/etlX/venv/lib/python3.9/site-packages/airflow/example_dags/example_branch_operator.py took 0.076 seconds
[2025-10-14 16:27:28,617] {processor.py:153} INFO - Started process (PID=23074) to work on /root/Projects/etlX/venv/lib/python3.9/site-packages/airflow/example_dags/example_branch_operator.py
[2025-10-14 16:27:28,618] {processor.py:641} INFO - Processing file /root/Projects/etlX/venv/lib/python3.9/site-packages/airflow/example_dags/example_branch_operator.py for tasks to queue
[2025-10-14 16:27:28,619] {logging_mixin.py:115} INFO - [2025-10-14 16:27:28,618] {dagbag.py:507} INFO - Filling up the DagBag from /root/Projects/etlX/venv/lib/python3.9/site-packages/airflow/example_dags/example_branch_operator.py
[2025-10-14 16:27:28,632] {processor.py:651} INFO - DAG(s) dict_keys(['example_branch_operator']) retrieved from /root/Projects/etlX/venv/lib/python3.9/site-packages/airflow/example_dags/example_branch_operator.py
[2025-10-14 16:27:28,654] {logging_mixin.py:115} INFO - [2025-10-14 16:27:28,653] {dag.py:2379} INFO - Sync 1 DAGs
[2025-10-14 16:27:28,676] {logging_mixin.py:115} INFO - [2025-10-14 16:27:28,676] {dag.py:2927} INFO - Setting next_dagrun for example_branch_operator to 2025-10-13T00:00:00+00:00, run_after=2025-10-14T00:00:00+00:00
[2025-10-14 16:27:28,686] {processor.py:161} INFO - Processing /root/Projects/etlX/venv/lib/python3.9/site-packages/airflow/example_dags/example_branch_operator.py took 0.073 seconds
[2025-10-14 16:28:02,251] {processor.py:153} INFO - Started process (PID=23183) to work on /root/Projects/etlX/venv/lib/python3.9/site-packages/airflow/example_dags/example_branch_operator.py
[2025-10-14 16:28:02,252] {processor.py:641} INFO - Processing file /root/Projects/etlX/venv/lib/python3.9/site-packages/airflow/example_dags/example_branch_operator.py for tasks to queue
[2025-10-14 16:28:02,253] {logging_mixin.py:115} INFO - [2025-10-14 16:28:02,253] {dagbag.py:507} INFO - Filling up the DagBag from /root/Projects/etlX/venv/lib/python3.9/site-packages/airflow/example_dags/example_branch_operator.py
[2025-10-14 16:28:02,270] {processor.py:651} INFO - DAG(s) dict_keys(['example_branch_operator']) retrieved from /root/Projects/etlX/venv/lib/python3.9/site-packages/airflow/example_dags/example_branch_operator.py
[2025-10-14 16:28:02,296] {logging_mixin.py:115} INFO - [2025-10-14 16:28:02,296] {dag.py:2379} INFO - Sync 1 DAGs
[2025-10-14 16:28:02,317] {logging_mixin.py:115} INFO - [2025-10-14 16:28:02,317] {dag.py:2927} INFO - Setting next_dagrun for example_branch_operator to 2025-10-13T00:00:00+00:00, run_after=2025-10-14T00:00:00+00:00
[2025-10-14 16:28:02,328] {processor.py:161} INFO - Processing /root/Projects/etlX/venv/lib/python3.9/site-packages/airflow/example_dags/example_branch_operator.py took 0.083 seconds
[2025-10-14 16:28:39,714] {processor.py:153} INFO - Started process (PID=23346) to work on /root/Projects/etlX/venv/lib/python3.9/site-packages/airflow/example_dags/example_branch_operator.py
[2025-10-14 16:28:39,715] {processor.py:641} INFO - Processing file /root/Projects/etlX/venv/lib/python3.9/site-packages/airflow/example_dags/example_branch_operator.py for tasks to queue
[2025-10-14 16:28:39,715] {logging_mixin.py:115} INFO - [2025-10-14 16:28:39,715] {dagbag.py:507} INFO - Filling up the DagBag from /root/Projects/etlX/venv/lib/python3.9/site-packages/airflow/example_dags/example_branch_operator.py
[2025-10-14 16:28:39,728] {processor.py:651} INFO - DAG(s) dict_keys(['example_branch_operator']) retrieved from /root/Projects/etlX/venv/lib/python3.9/site-packages/airflow/example_dags/example_branch_operator.py
[2025-10-14 16:28:39,747] {logging_mixin.py:115} INFO - [2025-10-14 16:28:39,747] {dag.py:2379} INFO - Sync 1 DAGs
[2025-10-14 16:28:39,767] {logging_mixin.py:115} INFO - [2025-10-14 16:28:39,767] {dag.py:2927} INFO - Setting next_dagrun for example_branch_operator to 2025-10-13T00:00:00+00:00, run_after=2025-10-14T00:00:00+00:00
[2025-10-14 16:28:39,778] {processor.py:161} INFO - Processing /root/Projects/etlX/venv/lib/python3.9/site-packages/airflow/example_dags/example_branch_operator.py took 0.069 seconds
[2025-10-14 16:29:15,372] {processor.py:153} INFO - Started process (PID=23457) to work on /root/Projects/etlX/venv/lib/python3.9/site-packages/airflow/example_dags/example_branch_operator.py
[2025-10-14 16:29:15,373] {processor.py:641} INFO - Processing file /root/Projects/etlX/venv/lib/python3.9/site-packages/airflow/example_dags/example_branch_operator.py for tasks to queue
[2025-10-14 16:29:15,373] {logging_mixin.py:115} INFO - [2025-10-14 16:29:15,373] {dagbag.py:507} INFO - Filling up the DagBag from /root/Projects/etlX/venv/lib/python3.9/site-packages/airflow/example_dags/example_branch_operator.py
[2025-10-14 16:29:15,387] {processor.py:651} INFO - DAG(s) dict_keys(['example_branch_operator']) retrieved from /root/Projects/etlX/venv/lib/python3.9/site-packages/airflow/example_dags/example_branch_operator.py
[2025-10-14 16:29:15,406] {logging_mixin.py:115} INFO - [2025-10-14 16:29:15,406] {dag.py:2379} INFO - Sync 1 DAGs
[2025-10-14 16:29:15,426] {logging_mixin.py:115} INFO - [2025-10-14 16:29:15,426] {dag.py:2927} INFO - Setting next_dagrun for example_branch_operator to 2025-10-13T00:00:00+00:00, run_after=2025-10-14T00:00:00+00:00
[2025-10-14 16:29:15,437] {processor.py:161} INFO - Processing /root/Projects/etlX/venv/lib/python3.9/site-packages/airflow/example_dags/example_branch_operator.py took 0.076 seconds
[2025-10-14 16:29:48,407] {processor.py:153} INFO - Started process (PID=23622) to work on /root/Projects/etlX/venv/lib/python3.9/site-packages/airflow/example_dags/example_branch_operator.py
[2025-10-14 16:29:48,408] {processor.py:641} INFO - Processing file /root/Projects/etlX/venv/lib/python3.9/site-packages/airflow/example_dags/example_branch_operator.py for tasks to queue
[2025-10-14 16:29:48,409] {logging_mixin.py:115} INFO - [2025-10-14 16:29:48,409] {dagbag.py:507} INFO - Filling up the DagBag from /root/Projects/etlX/venv/lib/python3.9/site-packages/airflow/example_dags/example_branch_operator.py
[2025-10-14 16:29:48,429] {processor.py:651} INFO - DAG(s) dict_keys(['example_branch_operator']) retrieved from /root/Projects/etlX/venv/lib/python3.9/site-packages/airflow/example_dags/example_branch_operator.py
[2025-10-14 16:29:48,450] {logging_mixin.py:115} INFO - [2025-10-14 16:29:48,450] {dag.py:2379} INFO - Sync 1 DAGs
[2025-10-14 16:29:48,471] {logging_mixin.py:115} INFO - [2025-10-14 16:29:48,471] {dag.py:2927} INFO - Setting next_dagrun for example_branch_operator to 2025-10-13T00:00:00+00:00, run_after=2025-10-14T00:00:00+00:00
[2025-10-14 16:29:48,482] {processor.py:161} INFO - Processing /root/Projects/etlX/venv/lib/python3.9/site-packages/airflow/example_dags/example_branch_operator.py took 0.081 seconds
