[2025-10-14 14:57:17,849] {processor.py:153} INFO - Started process (PID=13389) to work on /root/Projects/etlX/venv/lib/python3.9/site-packages/airflow/example_dags/example_external_task_marker_dag.py
[2025-10-14 14:57:17,850] {processor.py:641} INFO - Processing file /root/Projects/etlX/venv/lib/python3.9/site-packages/airflow/example_dags/example_external_task_marker_dag.py for tasks to queue
[2025-10-14 14:57:17,850] {logging_mixin.py:115} INFO - [2025-10-14 14:57:17,850] {dagbag.py:507} INFO - Filling up the DagBag from /root/Projects/etlX/venv/lib/python3.9/site-packages/airflow/example_dags/example_external_task_marker_dag.py
[2025-10-14 14:57:17,856] {processor.py:651} INFO - DAG(s) dict_keys(['example_external_task_marker_parent', 'example_external_task_marker_child']) retrieved from /root/Projects/etlX/venv/lib/python3.9/site-packages/airflow/example_dags/example_external_task_marker_dag.py
[2025-10-14 14:57:17,918] {logging_mixin.py:115} INFO - [2025-10-14 14:57:17,918] {manager.py:508} INFO - Created Permission View: can read on DAG:example_external_task_marker_parent
[2025-10-14 14:57:17,926] {logging_mixin.py:115} INFO - [2025-10-14 14:57:17,925] {manager.py:508} INFO - Created Permission View: can edit on DAG:example_external_task_marker_parent
[2025-10-14 14:57:17,931] {logging_mixin.py:115} INFO - [2025-10-14 14:57:17,931] {manager.py:508} INFO - Created Permission View: can delete on DAG:example_external_task_marker_parent
[2025-10-14 14:57:17,956] {logging_mixin.py:115} INFO - [2025-10-14 14:57:17,956] {manager.py:508} INFO - Created Permission View: can read on DAG:example_external_task_marker_child
[2025-10-14 14:57:17,962] {logging_mixin.py:115} INFO - [2025-10-14 14:57:17,962] {manager.py:508} INFO - Created Permission View: can edit on DAG:example_external_task_marker_child
[2025-10-14 14:57:17,968] {logging_mixin.py:115} INFO - [2025-10-14 14:57:17,968] {manager.py:508} INFO - Created Permission View: can delete on DAG:example_external_task_marker_child
[2025-10-14 14:57:17,969] {logging_mixin.py:115} INFO - [2025-10-14 14:57:17,968] {dag.py:2379} INFO - Sync 2 DAGs
[2025-10-14 14:57:17,975] {logging_mixin.py:115} INFO - [2025-10-14 14:57:17,975] {dag.py:2398} INFO - Creating ORM DAG for example_external_task_marker_child
[2025-10-14 14:57:17,975] {logging_mixin.py:115} INFO - [2025-10-14 14:57:17,975] {dag.py:2398} INFO - Creating ORM DAG for example_external_task_marker_parent
[2025-10-14 14:57:17,982] {logging_mixin.py:115} INFO - [2025-10-14 14:57:17,982] {dag.py:2927} INFO - Setting next_dagrun for example_external_task_marker_child to None, run_after=None
[2025-10-14 14:57:17,983] {logging_mixin.py:115} INFO - [2025-10-14 14:57:17,983] {dag.py:2927} INFO - Setting next_dagrun for example_external_task_marker_parent to None, run_after=None
[2025-10-14 14:57:17,994] {processor.py:161} INFO - Processing /root/Projects/etlX/venv/lib/python3.9/site-packages/airflow/example_dags/example_external_task_marker_dag.py took 0.150 seconds
[2025-10-14 14:57:52,842] {processor.py:153} INFO - Started process (PID=13549) to work on /root/Projects/etlX/venv/lib/python3.9/site-packages/airflow/example_dags/example_external_task_marker_dag.py
[2025-10-14 14:57:52,844] {processor.py:641} INFO - Processing file /root/Projects/etlX/venv/lib/python3.9/site-packages/airflow/example_dags/example_external_task_marker_dag.py for tasks to queue
[2025-10-14 14:57:52,845] {logging_mixin.py:115} INFO - [2025-10-14 14:57:52,845] {dagbag.py:507} INFO - Filling up the DagBag from /root/Projects/etlX/venv/lib/python3.9/site-packages/airflow/example_dags/example_external_task_marker_dag.py
[2025-10-14 14:57:52,852] {processor.py:651} INFO - DAG(s) dict_keys(['example_external_task_marker_parent', 'example_external_task_marker_child']) retrieved from /root/Projects/etlX/venv/lib/python3.9/site-packages/airflow/example_dags/example_external_task_marker_dag.py
[2025-10-14 14:57:52,894] {logging_mixin.py:115} INFO - [2025-10-14 14:57:52,894] {dag.py:2379} INFO - Sync 2 DAGs
[2025-10-14 14:57:52,919] {logging_mixin.py:115} INFO - [2025-10-14 14:57:52,919] {dag.py:2927} INFO - Setting next_dagrun for example_external_task_marker_child to None, run_after=None
[2025-10-14 14:57:52,919] {logging_mixin.py:115} INFO - [2025-10-14 14:57:52,919] {dag.py:2927} INFO - Setting next_dagrun for example_external_task_marker_parent to None, run_after=None
[2025-10-14 14:57:52,931] {processor.py:161} INFO - Processing /root/Projects/etlX/venv/lib/python3.9/site-packages/airflow/example_dags/example_external_task_marker_dag.py took 0.094 seconds
[2025-10-14 14:58:27,779] {processor.py:153} INFO - Started process (PID=13709) to work on /root/Projects/etlX/venv/lib/python3.9/site-packages/airflow/example_dags/example_external_task_marker_dag.py
[2025-10-14 14:58:27,780] {processor.py:641} INFO - Processing file /root/Projects/etlX/venv/lib/python3.9/site-packages/airflow/example_dags/example_external_task_marker_dag.py for tasks to queue
[2025-10-14 14:58:27,781] {logging_mixin.py:115} INFO - [2025-10-14 14:58:27,781] {dagbag.py:507} INFO - Filling up the DagBag from /root/Projects/etlX/venv/lib/python3.9/site-packages/airflow/example_dags/example_external_task_marker_dag.py
[2025-10-14 14:58:27,791] {processor.py:651} INFO - DAG(s) dict_keys(['example_external_task_marker_parent', 'example_external_task_marker_child']) retrieved from /root/Projects/etlX/venv/lib/python3.9/site-packages/airflow/example_dags/example_external_task_marker_dag.py
[2025-10-14 14:58:27,825] {logging_mixin.py:115} INFO - [2025-10-14 14:58:27,825] {dag.py:2379} INFO - Sync 2 DAGs
[2025-10-14 14:58:27,845] {logging_mixin.py:115} INFO - [2025-10-14 14:58:27,844] {dag.py:2927} INFO - Setting next_dagrun for example_external_task_marker_child to None, run_after=None
[2025-10-14 14:58:27,845] {logging_mixin.py:115} INFO - [2025-10-14 14:58:27,845] {dag.py:2927} INFO - Setting next_dagrun for example_external_task_marker_parent to None, run_after=None
[2025-10-14 14:58:27,855] {processor.py:161} INFO - Processing /root/Projects/etlX/venv/lib/python3.9/site-packages/airflow/example_dags/example_external_task_marker_dag.py took 0.084 seconds
[2025-10-14 14:59:00,901] {processor.py:153} INFO - Started process (PID=13815) to work on /root/Projects/etlX/venv/lib/python3.9/site-packages/airflow/example_dags/example_external_task_marker_dag.py
[2025-10-14 14:59:00,902] {processor.py:641} INFO - Processing file /root/Projects/etlX/venv/lib/python3.9/site-packages/airflow/example_dags/example_external_task_marker_dag.py for tasks to queue
[2025-10-14 14:59:00,902] {logging_mixin.py:115} INFO - [2025-10-14 14:59:00,902] {dagbag.py:507} INFO - Filling up the DagBag from /root/Projects/etlX/venv/lib/python3.9/site-packages/airflow/example_dags/example_external_task_marker_dag.py
[2025-10-14 14:59:00,908] {processor.py:651} INFO - DAG(s) dict_keys(['example_external_task_marker_parent', 'example_external_task_marker_child']) retrieved from /root/Projects/etlX/venv/lib/python3.9/site-packages/airflow/example_dags/example_external_task_marker_dag.py
[2025-10-14 14:59:00,941] {logging_mixin.py:115} INFO - [2025-10-14 14:59:00,941] {dag.py:2379} INFO - Sync 2 DAGs
[2025-10-14 14:59:00,962] {logging_mixin.py:115} INFO - [2025-10-14 14:59:00,962] {dag.py:2927} INFO - Setting next_dagrun for example_external_task_marker_child to None, run_after=None
[2025-10-14 14:59:00,962] {logging_mixin.py:115} INFO - [2025-10-14 14:59:00,962] {dag.py:2927} INFO - Setting next_dagrun for example_external_task_marker_parent to None, run_after=None
[2025-10-14 14:59:00,973] {processor.py:161} INFO - Processing /root/Projects/etlX/venv/lib/python3.9/site-packages/airflow/example_dags/example_external_task_marker_dag.py took 0.076 seconds
[2025-10-14 14:59:34,776] {processor.py:153} INFO - Started process (PID=13975) to work on /root/Projects/etlX/venv/lib/python3.9/site-packages/airflow/example_dags/example_external_task_marker_dag.py
[2025-10-14 14:59:34,777] {processor.py:641} INFO - Processing file /root/Projects/etlX/venv/lib/python3.9/site-packages/airflow/example_dags/example_external_task_marker_dag.py for tasks to queue
[2025-10-14 14:59:34,777] {logging_mixin.py:115} INFO - [2025-10-14 14:59:34,777] {dagbag.py:507} INFO - Filling up the DagBag from /root/Projects/etlX/venv/lib/python3.9/site-packages/airflow/example_dags/example_external_task_marker_dag.py
[2025-10-14 14:59:34,783] {processor.py:651} INFO - DAG(s) dict_keys(['example_external_task_marker_parent', 'example_external_task_marker_child']) retrieved from /root/Projects/etlX/venv/lib/python3.9/site-packages/airflow/example_dags/example_external_task_marker_dag.py
[2025-10-14 14:59:34,819] {logging_mixin.py:115} INFO - [2025-10-14 14:59:34,819] {dag.py:2379} INFO - Sync 2 DAGs
[2025-10-14 14:59:34,839] {logging_mixin.py:115} INFO - [2025-10-14 14:59:34,839] {dag.py:2927} INFO - Setting next_dagrun for example_external_task_marker_child to None, run_after=None
[2025-10-14 14:59:34,839] {logging_mixin.py:115} INFO - [2025-10-14 14:59:34,839] {dag.py:2927} INFO - Setting next_dagrun for example_external_task_marker_parent to None, run_after=None
[2025-10-14 14:59:34,852] {processor.py:161} INFO - Processing /root/Projects/etlX/venv/lib/python3.9/site-packages/airflow/example_dags/example_external_task_marker_dag.py took 0.081 seconds
[2025-10-14 15:00:07,364] {processor.py:153} INFO - Started process (PID=14033) to work on /root/Projects/etlX/venv/lib/python3.9/site-packages/airflow/example_dags/example_external_task_marker_dag.py
[2025-10-14 15:00:07,364] {processor.py:641} INFO - Processing file /root/Projects/etlX/venv/lib/python3.9/site-packages/airflow/example_dags/example_external_task_marker_dag.py for tasks to queue
[2025-10-14 15:00:07,365] {logging_mixin.py:115} INFO - [2025-10-14 15:00:07,365] {dagbag.py:507} INFO - Filling up the DagBag from /root/Projects/etlX/venv/lib/python3.9/site-packages/airflow/example_dags/example_external_task_marker_dag.py
[2025-10-14 15:00:07,372] {processor.py:651} INFO - DAG(s) dict_keys(['example_external_task_marker_parent', 'example_external_task_marker_child']) retrieved from /root/Projects/etlX/venv/lib/python3.9/site-packages/airflow/example_dags/example_external_task_marker_dag.py
[2025-10-14 15:00:07,413] {logging_mixin.py:115} INFO - [2025-10-14 15:00:07,413] {dag.py:2379} INFO - Sync 2 DAGs
[2025-10-14 15:00:07,436] {logging_mixin.py:115} INFO - [2025-10-14 15:00:07,436] {dag.py:2927} INFO - Setting next_dagrun for example_external_task_marker_child to None, run_after=None
[2025-10-14 15:00:07,436] {logging_mixin.py:115} INFO - [2025-10-14 15:00:07,436] {dag.py:2927} INFO - Setting next_dagrun for example_external_task_marker_parent to None, run_after=None
[2025-10-14 15:00:07,449] {processor.py:161} INFO - Processing /root/Projects/etlX/venv/lib/python3.9/site-packages/airflow/example_dags/example_external_task_marker_dag.py took 0.091 seconds
[2025-10-14 15:00:42,811] {processor.py:153} INFO - Started process (PID=14140) to work on /root/Projects/etlX/venv/lib/python3.9/site-packages/airflow/example_dags/example_external_task_marker_dag.py
[2025-10-14 15:00:42,812] {processor.py:641} INFO - Processing file /root/Projects/etlX/venv/lib/python3.9/site-packages/airflow/example_dags/example_external_task_marker_dag.py for tasks to queue
[2025-10-14 15:00:42,813] {logging_mixin.py:115} INFO - [2025-10-14 15:00:42,812] {dagbag.py:507} INFO - Filling up the DagBag from /root/Projects/etlX/venv/lib/python3.9/site-packages/airflow/example_dags/example_external_task_marker_dag.py
[2025-10-14 15:00:42,819] {processor.py:651} INFO - DAG(s) dict_keys(['example_external_task_marker_parent', 'example_external_task_marker_child']) retrieved from /root/Projects/etlX/venv/lib/python3.9/site-packages/airflow/example_dags/example_external_task_marker_dag.py
[2025-10-14 15:00:42,858] {logging_mixin.py:115} INFO - [2025-10-14 15:00:42,858] {dag.py:2379} INFO - Sync 2 DAGs
[2025-10-14 15:00:42,878] {logging_mixin.py:115} INFO - [2025-10-14 15:00:42,878] {dag.py:2927} INFO - Setting next_dagrun for example_external_task_marker_child to None, run_after=None
[2025-10-14 15:00:42,878] {logging_mixin.py:115} INFO - [2025-10-14 15:00:42,878] {dag.py:2927} INFO - Setting next_dagrun for example_external_task_marker_parent to None, run_after=None
[2025-10-14 15:00:42,890] {processor.py:161} INFO - Processing /root/Projects/etlX/venv/lib/python3.9/site-packages/airflow/example_dags/example_external_task_marker_dag.py took 0.084 seconds
[2025-10-14 15:01:19,346] {processor.py:153} INFO - Started process (PID=14456) to work on /root/Projects/etlX/venv/lib/python3.9/site-packages/airflow/example_dags/example_external_task_marker_dag.py
[2025-10-14 15:01:19,348] {processor.py:641} INFO - Processing file /root/Projects/etlX/venv/lib/python3.9/site-packages/airflow/example_dags/example_external_task_marker_dag.py for tasks to queue
[2025-10-14 15:01:19,348] {logging_mixin.py:115} INFO - [2025-10-14 15:01:19,348] {dagbag.py:507} INFO - Filling up the DagBag from /root/Projects/etlX/venv/lib/python3.9/site-packages/airflow/example_dags/example_external_task_marker_dag.py
[2025-10-14 15:01:19,355] {processor.py:651} INFO - DAG(s) dict_keys(['example_external_task_marker_parent', 'example_external_task_marker_child']) retrieved from /root/Projects/etlX/venv/lib/python3.9/site-packages/airflow/example_dags/example_external_task_marker_dag.py
[2025-10-14 15:01:19,393] {logging_mixin.py:115} INFO - [2025-10-14 15:01:19,393] {dag.py:2379} INFO - Sync 2 DAGs
[2025-10-14 15:01:19,412] {logging_mixin.py:115} INFO - [2025-10-14 15:01:19,412] {dag.py:2927} INFO - Setting next_dagrun for example_external_task_marker_child to None, run_after=None
[2025-10-14 15:01:19,412] {logging_mixin.py:115} INFO - [2025-10-14 15:01:19,412] {dag.py:2927} INFO - Setting next_dagrun for example_external_task_marker_parent to None, run_after=None
[2025-10-14 15:01:19,426] {processor.py:161} INFO - Processing /root/Projects/etlX/venv/lib/python3.9/site-packages/airflow/example_dags/example_external_task_marker_dag.py took 0.085 seconds
[2025-10-14 15:01:53,641] {processor.py:153} INFO - Started process (PID=14669) to work on /root/Projects/etlX/venv/lib/python3.9/site-packages/airflow/example_dags/example_external_task_marker_dag.py
[2025-10-14 15:01:53,642] {processor.py:641} INFO - Processing file /root/Projects/etlX/venv/lib/python3.9/site-packages/airflow/example_dags/example_external_task_marker_dag.py for tasks to queue
[2025-10-14 15:01:53,642] {logging_mixin.py:115} INFO - [2025-10-14 15:01:53,642] {dagbag.py:507} INFO - Filling up the DagBag from /root/Projects/etlX/venv/lib/python3.9/site-packages/airflow/example_dags/example_external_task_marker_dag.py
[2025-10-14 15:01:53,650] {processor.py:651} INFO - DAG(s) dict_keys(['example_external_task_marker_parent', 'example_external_task_marker_child']) retrieved from /root/Projects/etlX/venv/lib/python3.9/site-packages/airflow/example_dags/example_external_task_marker_dag.py
[2025-10-14 15:01:53,697] {logging_mixin.py:115} INFO - [2025-10-14 15:01:53,697] {dag.py:2379} INFO - Sync 2 DAGs
[2025-10-14 15:01:53,727] {logging_mixin.py:115} INFO - [2025-10-14 15:01:53,727] {dag.py:2927} INFO - Setting next_dagrun for example_external_task_marker_child to None, run_after=None
[2025-10-14 15:01:53,727] {logging_mixin.py:115} INFO - [2025-10-14 15:01:53,727] {dag.py:2927} INFO - Setting next_dagrun for example_external_task_marker_parent to None, run_after=None
[2025-10-14 15:01:53,751] {processor.py:161} INFO - Processing /root/Projects/etlX/venv/lib/python3.9/site-packages/airflow/example_dags/example_external_task_marker_dag.py took 0.117 seconds
[2025-10-14 15:02:28,841] {processor.py:153} INFO - Started process (PID=14831) to work on /root/Projects/etlX/venv/lib/python3.9/site-packages/airflow/example_dags/example_external_task_marker_dag.py
[2025-10-14 15:02:28,842] {processor.py:641} INFO - Processing file /root/Projects/etlX/venv/lib/python3.9/site-packages/airflow/example_dags/example_external_task_marker_dag.py for tasks to queue
[2025-10-14 15:02:28,843] {logging_mixin.py:115} INFO - [2025-10-14 15:02:28,842] {dagbag.py:507} INFO - Filling up the DagBag from /root/Projects/etlX/venv/lib/python3.9/site-packages/airflow/example_dags/example_external_task_marker_dag.py
[2025-10-14 15:02:28,850] {processor.py:651} INFO - DAG(s) dict_keys(['example_external_task_marker_parent', 'example_external_task_marker_child']) retrieved from /root/Projects/etlX/venv/lib/python3.9/site-packages/airflow/example_dags/example_external_task_marker_dag.py
[2025-10-14 15:02:28,892] {logging_mixin.py:115} INFO - [2025-10-14 15:02:28,892] {dag.py:2379} INFO - Sync 2 DAGs
[2025-10-14 15:02:28,914] {logging_mixin.py:115} INFO - [2025-10-14 15:02:28,914] {dag.py:2927} INFO - Setting next_dagrun for example_external_task_marker_child to None, run_after=None
[2025-10-14 15:02:28,915] {logging_mixin.py:115} INFO - [2025-10-14 15:02:28,915] {dag.py:2927} INFO - Setting next_dagrun for example_external_task_marker_parent to None, run_after=None
[2025-10-14 15:02:28,929] {processor.py:161} INFO - Processing /root/Projects/etlX/venv/lib/python3.9/site-packages/airflow/example_dags/example_external_task_marker_dag.py took 0.093 seconds
[2025-10-14 15:03:03,276] {processor.py:153} INFO - Started process (PID=14989) to work on /root/Projects/etlX/venv/lib/python3.9/site-packages/airflow/example_dags/example_external_task_marker_dag.py
[2025-10-14 15:03:03,277] {processor.py:641} INFO - Processing file /root/Projects/etlX/venv/lib/python3.9/site-packages/airflow/example_dags/example_external_task_marker_dag.py for tasks to queue
[2025-10-14 15:03:03,277] {logging_mixin.py:115} INFO - [2025-10-14 15:03:03,277] {dagbag.py:507} INFO - Filling up the DagBag from /root/Projects/etlX/venv/lib/python3.9/site-packages/airflow/example_dags/example_external_task_marker_dag.py
[2025-10-14 15:03:03,284] {processor.py:651} INFO - DAG(s) dict_keys(['example_external_task_marker_parent', 'example_external_task_marker_child']) retrieved from /root/Projects/etlX/venv/lib/python3.9/site-packages/airflow/example_dags/example_external_task_marker_dag.py
[2025-10-14 15:03:03,321] {logging_mixin.py:115} INFO - [2025-10-14 15:03:03,321] {dag.py:2379} INFO - Sync 2 DAGs
[2025-10-14 15:03:03,343] {logging_mixin.py:115} INFO - [2025-10-14 15:03:03,343] {dag.py:2927} INFO - Setting next_dagrun for example_external_task_marker_child to None, run_after=None
[2025-10-14 15:03:03,343] {logging_mixin.py:115} INFO - [2025-10-14 15:03:03,343] {dag.py:2927} INFO - Setting next_dagrun for example_external_task_marker_parent to None, run_after=None
[2025-10-14 15:03:03,356] {processor.py:161} INFO - Processing /root/Projects/etlX/venv/lib/python3.9/site-packages/airflow/example_dags/example_external_task_marker_dag.py took 0.084 seconds
[2025-10-14 15:10:06,048] {processor.py:153} INFO - Started process (PID=15899) to work on /root/Projects/etlX/venv/lib/python3.9/site-packages/airflow/example_dags/example_external_task_marker_dag.py
[2025-10-14 15:10:06,049] {processor.py:641} INFO - Processing file /root/Projects/etlX/venv/lib/python3.9/site-packages/airflow/example_dags/example_external_task_marker_dag.py for tasks to queue
[2025-10-14 15:10:06,050] {logging_mixin.py:115} INFO - [2025-10-14 15:10:06,050] {dagbag.py:507} INFO - Filling up the DagBag from /root/Projects/etlX/venv/lib/python3.9/site-packages/airflow/example_dags/example_external_task_marker_dag.py
[2025-10-14 15:10:06,057] {processor.py:651} INFO - DAG(s) dict_keys(['example_external_task_marker_parent', 'example_external_task_marker_child']) retrieved from /root/Projects/etlX/venv/lib/python3.9/site-packages/airflow/example_dags/example_external_task_marker_dag.py
[2025-10-14 15:10:06,101] {logging_mixin.py:115} INFO - [2025-10-14 15:10:06,101] {dag.py:2379} INFO - Sync 2 DAGs
[2025-10-14 15:10:06,126] {logging_mixin.py:115} INFO - [2025-10-14 15:10:06,126] {dag.py:2927} INFO - Setting next_dagrun for example_external_task_marker_child to None, run_after=None
[2025-10-14 15:10:06,126] {logging_mixin.py:115} INFO - [2025-10-14 15:10:06,126] {dag.py:2927} INFO - Setting next_dagrun for example_external_task_marker_parent to None, run_after=None
[2025-10-14 15:10:06,145] {processor.py:161} INFO - Processing /root/Projects/etlX/venv/lib/python3.9/site-packages/airflow/example_dags/example_external_task_marker_dag.py took 0.104 seconds
[2025-10-14 15:10:40,921] {processor.py:153} INFO - Started process (PID=15957) to work on /root/Projects/etlX/venv/lib/python3.9/site-packages/airflow/example_dags/example_external_task_marker_dag.py
[2025-10-14 15:10:40,921] {processor.py:641} INFO - Processing file /root/Projects/etlX/venv/lib/python3.9/site-packages/airflow/example_dags/example_external_task_marker_dag.py for tasks to queue
[2025-10-14 15:10:40,922] {logging_mixin.py:115} INFO - [2025-10-14 15:10:40,922] {dagbag.py:507} INFO - Filling up the DagBag from /root/Projects/etlX/venv/lib/python3.9/site-packages/airflow/example_dags/example_external_task_marker_dag.py
[2025-10-14 15:10:40,928] {processor.py:651} INFO - DAG(s) dict_keys(['example_external_task_marker_parent', 'example_external_task_marker_child']) retrieved from /root/Projects/etlX/venv/lib/python3.9/site-packages/airflow/example_dags/example_external_task_marker_dag.py
[2025-10-14 15:10:40,966] {logging_mixin.py:115} INFO - [2025-10-14 15:10:40,965] {dag.py:2379} INFO - Sync 2 DAGs
[2025-10-14 15:10:40,986] {logging_mixin.py:115} INFO - [2025-10-14 15:10:40,985] {dag.py:2927} INFO - Setting next_dagrun for example_external_task_marker_child to None, run_after=None
[2025-10-14 15:10:40,986] {logging_mixin.py:115} INFO - [2025-10-14 15:10:40,986] {dag.py:2927} INFO - Setting next_dagrun for example_external_task_marker_parent to None, run_after=None
[2025-10-14 15:10:40,998] {processor.py:161} INFO - Processing /root/Projects/etlX/venv/lib/python3.9/site-packages/airflow/example_dags/example_external_task_marker_dag.py took 0.082 seconds
[2025-10-14 15:11:14,981] {processor.py:153} INFO - Started process (PID=16078) to work on /root/Projects/etlX/venv/lib/python3.9/site-packages/airflow/example_dags/example_external_task_marker_dag.py
[2025-10-14 15:11:14,982] {processor.py:641} INFO - Processing file /root/Projects/etlX/venv/lib/python3.9/site-packages/airflow/example_dags/example_external_task_marker_dag.py for tasks to queue
[2025-10-14 15:11:14,983] {logging_mixin.py:115} INFO - [2025-10-14 15:11:14,982] {dagbag.py:507} INFO - Filling up the DagBag from /root/Projects/etlX/venv/lib/python3.9/site-packages/airflow/example_dags/example_external_task_marker_dag.py
[2025-10-14 15:11:14,990] {processor.py:651} INFO - DAG(s) dict_keys(['example_external_task_marker_parent', 'example_external_task_marker_child']) retrieved from /root/Projects/etlX/venv/lib/python3.9/site-packages/airflow/example_dags/example_external_task_marker_dag.py
[2025-10-14 15:11:15,031] {logging_mixin.py:115} INFO - [2025-10-14 15:11:15,030] {dag.py:2379} INFO - Sync 2 DAGs
[2025-10-14 15:11:15,055] {logging_mixin.py:115} INFO - [2025-10-14 15:11:15,055] {dag.py:2927} INFO - Setting next_dagrun for example_external_task_marker_child to None, run_after=None
[2025-10-14 15:11:15,055] {logging_mixin.py:115} INFO - [2025-10-14 15:11:15,055] {dag.py:2927} INFO - Setting next_dagrun for example_external_task_marker_parent to None, run_after=None
[2025-10-14 15:11:15,069] {processor.py:161} INFO - Processing /root/Projects/etlX/venv/lib/python3.9/site-packages/airflow/example_dags/example_external_task_marker_dag.py took 0.092 seconds
[2025-10-14 15:11:48,458] {processor.py:153} INFO - Started process (PID=16173) to work on /root/Projects/etlX/venv/lib/python3.9/site-packages/airflow/example_dags/example_external_task_marker_dag.py
[2025-10-14 15:11:48,458] {processor.py:641} INFO - Processing file /root/Projects/etlX/venv/lib/python3.9/site-packages/airflow/example_dags/example_external_task_marker_dag.py for tasks to queue
[2025-10-14 15:11:48,459] {logging_mixin.py:115} INFO - [2025-10-14 15:11:48,459] {dagbag.py:507} INFO - Filling up the DagBag from /root/Projects/etlX/venv/lib/python3.9/site-packages/airflow/example_dags/example_external_task_marker_dag.py
[2025-10-14 15:11:48,466] {processor.py:651} INFO - DAG(s) dict_keys(['example_external_task_marker_parent', 'example_external_task_marker_child']) retrieved from /root/Projects/etlX/venv/lib/python3.9/site-packages/airflow/example_dags/example_external_task_marker_dag.py
[2025-10-14 15:11:48,507] {logging_mixin.py:115} INFO - [2025-10-14 15:11:48,507] {dag.py:2379} INFO - Sync 2 DAGs
[2025-10-14 15:11:48,529] {logging_mixin.py:115} INFO - [2025-10-14 15:11:48,529] {dag.py:2927} INFO - Setting next_dagrun for example_external_task_marker_child to None, run_after=None
[2025-10-14 15:11:48,529] {logging_mixin.py:115} INFO - [2025-10-14 15:11:48,529] {dag.py:2927} INFO - Setting next_dagrun for example_external_task_marker_parent to None, run_after=None
[2025-10-14 15:11:48,543] {processor.py:161} INFO - Processing /root/Projects/etlX/venv/lib/python3.9/site-packages/airflow/example_dags/example_external_task_marker_dag.py took 0.091 seconds
[2025-10-14 15:12:24,929] {processor.py:153} INFO - Started process (PID=16233) to work on /root/Projects/etlX/venv/lib/python3.9/site-packages/airflow/example_dags/example_external_task_marker_dag.py
[2025-10-14 15:12:24,929] {processor.py:641} INFO - Processing file /root/Projects/etlX/venv/lib/python3.9/site-packages/airflow/example_dags/example_external_task_marker_dag.py for tasks to queue
[2025-10-14 15:12:24,930] {logging_mixin.py:115} INFO - [2025-10-14 15:12:24,930] {dagbag.py:507} INFO - Filling up the DagBag from /root/Projects/etlX/venv/lib/python3.9/site-packages/airflow/example_dags/example_external_task_marker_dag.py
[2025-10-14 15:12:24,937] {processor.py:651} INFO - DAG(s) dict_keys(['example_external_task_marker_parent', 'example_external_task_marker_child']) retrieved from /root/Projects/etlX/venv/lib/python3.9/site-packages/airflow/example_dags/example_external_task_marker_dag.py
[2025-10-14 15:12:24,972] {logging_mixin.py:115} INFO - [2025-10-14 15:12:24,972] {dag.py:2379} INFO - Sync 2 DAGs
[2025-10-14 15:12:24,993] {logging_mixin.py:115} INFO - [2025-10-14 15:12:24,992] {dag.py:2927} INFO - Setting next_dagrun for example_external_task_marker_child to None, run_after=None
[2025-10-14 15:12:24,993] {logging_mixin.py:115} INFO - [2025-10-14 15:12:24,993] {dag.py:2927} INFO - Setting next_dagrun for example_external_task_marker_parent to None, run_after=None
[2025-10-14 15:12:25,005] {processor.py:161} INFO - Processing /root/Projects/etlX/venv/lib/python3.9/site-packages/airflow/example_dags/example_external_task_marker_dag.py took 0.081 seconds
[2025-10-14 15:12:57,606] {processor.py:153} INFO - Started process (PID=16288) to work on /root/Projects/etlX/venv/lib/python3.9/site-packages/airflow/example_dags/example_external_task_marker_dag.py
[2025-10-14 15:12:57,606] {processor.py:641} INFO - Processing file /root/Projects/etlX/venv/lib/python3.9/site-packages/airflow/example_dags/example_external_task_marker_dag.py for tasks to queue
[2025-10-14 15:12:57,607] {logging_mixin.py:115} INFO - [2025-10-14 15:12:57,607] {dagbag.py:507} INFO - Filling up the DagBag from /root/Projects/etlX/venv/lib/python3.9/site-packages/airflow/example_dags/example_external_task_marker_dag.py
[2025-10-14 15:12:57,612] {processor.py:651} INFO - DAG(s) dict_keys(['example_external_task_marker_parent', 'example_external_task_marker_child']) retrieved from /root/Projects/etlX/venv/lib/python3.9/site-packages/airflow/example_dags/example_external_task_marker_dag.py
[2025-10-14 15:12:57,646] {logging_mixin.py:115} INFO - [2025-10-14 15:12:57,645] {dag.py:2379} INFO - Sync 2 DAGs
[2025-10-14 15:12:57,664] {logging_mixin.py:115} INFO - [2025-10-14 15:12:57,664] {dag.py:2927} INFO - Setting next_dagrun for example_external_task_marker_child to None, run_after=None
[2025-10-14 15:12:57,665] {logging_mixin.py:115} INFO - [2025-10-14 15:12:57,664] {dag.py:2927} INFO - Setting next_dagrun for example_external_task_marker_parent to None, run_after=None
[2025-10-14 15:12:57,675] {processor.py:161} INFO - Processing /root/Projects/etlX/venv/lib/python3.9/site-packages/airflow/example_dags/example_external_task_marker_dag.py took 0.074 seconds
[2025-10-14 15:13:31,771] {processor.py:153} INFO - Started process (PID=16346) to work on /root/Projects/etlX/venv/lib/python3.9/site-packages/airflow/example_dags/example_external_task_marker_dag.py
[2025-10-14 15:13:31,772] {processor.py:641} INFO - Processing file /root/Projects/etlX/venv/lib/python3.9/site-packages/airflow/example_dags/example_external_task_marker_dag.py for tasks to queue
[2025-10-14 15:13:31,772] {logging_mixin.py:115} INFO - [2025-10-14 15:13:31,772] {dagbag.py:507} INFO - Filling up the DagBag from /root/Projects/etlX/venv/lib/python3.9/site-packages/airflow/example_dags/example_external_task_marker_dag.py
[2025-10-14 15:13:31,779] {processor.py:651} INFO - DAG(s) dict_keys(['example_external_task_marker_parent', 'example_external_task_marker_child']) retrieved from /root/Projects/etlX/venv/lib/python3.9/site-packages/airflow/example_dags/example_external_task_marker_dag.py
[2025-10-14 15:13:31,819] {logging_mixin.py:115} INFO - [2025-10-14 15:13:31,819] {dag.py:2379} INFO - Sync 2 DAGs
[2025-10-14 15:13:31,840] {logging_mixin.py:115} INFO - [2025-10-14 15:13:31,840] {dag.py:2927} INFO - Setting next_dagrun for example_external_task_marker_child to None, run_after=None
[2025-10-14 15:13:31,840] {logging_mixin.py:115} INFO - [2025-10-14 15:13:31,840] {dag.py:2927} INFO - Setting next_dagrun for example_external_task_marker_parent to None, run_after=None
[2025-10-14 15:13:31,854] {processor.py:161} INFO - Processing /root/Projects/etlX/venv/lib/python3.9/site-packages/airflow/example_dags/example_external_task_marker_dag.py took 0.088 seconds
[2025-10-14 15:14:05,567] {processor.py:153} INFO - Started process (PID=16402) to work on /root/Projects/etlX/venv/lib/python3.9/site-packages/airflow/example_dags/example_external_task_marker_dag.py
[2025-10-14 15:14:05,568] {processor.py:641} INFO - Processing file /root/Projects/etlX/venv/lib/python3.9/site-packages/airflow/example_dags/example_external_task_marker_dag.py for tasks to queue
[2025-10-14 15:14:05,568] {logging_mixin.py:115} INFO - [2025-10-14 15:14:05,568] {dagbag.py:507} INFO - Filling up the DagBag from /root/Projects/etlX/venv/lib/python3.9/site-packages/airflow/example_dags/example_external_task_marker_dag.py
[2025-10-14 15:14:05,574] {processor.py:651} INFO - DAG(s) dict_keys(['example_external_task_marker_parent', 'example_external_task_marker_child']) retrieved from /root/Projects/etlX/venv/lib/python3.9/site-packages/airflow/example_dags/example_external_task_marker_dag.py
[2025-10-14 15:14:05,607] {logging_mixin.py:115} INFO - [2025-10-14 15:14:05,607] {dag.py:2379} INFO - Sync 2 DAGs
[2025-10-14 15:14:05,626] {logging_mixin.py:115} INFO - [2025-10-14 15:14:05,625] {dag.py:2927} INFO - Setting next_dagrun for example_external_task_marker_child to None, run_after=None
[2025-10-14 15:14:05,626] {logging_mixin.py:115} INFO - [2025-10-14 15:14:05,626] {dag.py:2927} INFO - Setting next_dagrun for example_external_task_marker_parent to None, run_after=None
[2025-10-14 15:14:05,636] {processor.py:161} INFO - Processing /root/Projects/etlX/venv/lib/python3.9/site-packages/airflow/example_dags/example_external_task_marker_dag.py took 0.074 seconds
[2025-10-14 15:14:40,279] {processor.py:153} INFO - Started process (PID=16460) to work on /root/Projects/etlX/venv/lib/python3.9/site-packages/airflow/example_dags/example_external_task_marker_dag.py
[2025-10-14 15:14:40,280] {processor.py:641} INFO - Processing file /root/Projects/etlX/venv/lib/python3.9/site-packages/airflow/example_dags/example_external_task_marker_dag.py for tasks to queue
[2025-10-14 15:14:40,280] {logging_mixin.py:115} INFO - [2025-10-14 15:14:40,280] {dagbag.py:507} INFO - Filling up the DagBag from /root/Projects/etlX/venv/lib/python3.9/site-packages/airflow/example_dags/example_external_task_marker_dag.py
[2025-10-14 15:14:40,286] {processor.py:651} INFO - DAG(s) dict_keys(['example_external_task_marker_parent', 'example_external_task_marker_child']) retrieved from /root/Projects/etlX/venv/lib/python3.9/site-packages/airflow/example_dags/example_external_task_marker_dag.py
[2025-10-14 15:14:40,322] {logging_mixin.py:115} INFO - [2025-10-14 15:14:40,322] {dag.py:2379} INFO - Sync 2 DAGs
[2025-10-14 15:14:40,343] {logging_mixin.py:115} INFO - [2025-10-14 15:14:40,343] {dag.py:2927} INFO - Setting next_dagrun for example_external_task_marker_child to None, run_after=None
[2025-10-14 15:14:40,343] {logging_mixin.py:115} INFO - [2025-10-14 15:14:40,343] {dag.py:2927} INFO - Setting next_dagrun for example_external_task_marker_parent to None, run_after=None
[2025-10-14 15:14:40,355] {processor.py:161} INFO - Processing /root/Projects/etlX/venv/lib/python3.9/site-packages/airflow/example_dags/example_external_task_marker_dag.py took 0.081 seconds
[2025-10-14 15:15:15,089] {processor.py:153} INFO - Started process (PID=16570) to work on /root/Projects/etlX/venv/lib/python3.9/site-packages/airflow/example_dags/example_external_task_marker_dag.py
[2025-10-14 15:15:15,090] {processor.py:641} INFO - Processing file /root/Projects/etlX/venv/lib/python3.9/site-packages/airflow/example_dags/example_external_task_marker_dag.py for tasks to queue
[2025-10-14 15:15:15,090] {logging_mixin.py:115} INFO - [2025-10-14 15:15:15,090] {dagbag.py:507} INFO - Filling up the DagBag from /root/Projects/etlX/venv/lib/python3.9/site-packages/airflow/example_dags/example_external_task_marker_dag.py
[2025-10-14 15:15:15,096] {processor.py:651} INFO - DAG(s) dict_keys(['example_external_task_marker_parent', 'example_external_task_marker_child']) retrieved from /root/Projects/etlX/venv/lib/python3.9/site-packages/airflow/example_dags/example_external_task_marker_dag.py
[2025-10-14 15:15:15,129] {logging_mixin.py:115} INFO - [2025-10-14 15:15:15,129] {dag.py:2379} INFO - Sync 2 DAGs
[2025-10-14 15:15:15,148] {logging_mixin.py:115} INFO - [2025-10-14 15:15:15,148] {dag.py:2927} INFO - Setting next_dagrun for example_external_task_marker_child to None, run_after=None
[2025-10-14 15:15:15,148] {logging_mixin.py:115} INFO - [2025-10-14 15:15:15,148] {dag.py:2927} INFO - Setting next_dagrun for example_external_task_marker_parent to None, run_after=None
[2025-10-14 15:15:15,159] {processor.py:161} INFO - Processing /root/Projects/etlX/venv/lib/python3.9/site-packages/airflow/example_dags/example_external_task_marker_dag.py took 0.074 seconds
[2025-10-14 15:15:50,326] {processor.py:153} INFO - Started process (PID=16629) to work on /root/Projects/etlX/venv/lib/python3.9/site-packages/airflow/example_dags/example_external_task_marker_dag.py
[2025-10-14 15:15:50,326] {processor.py:641} INFO - Processing file /root/Projects/etlX/venv/lib/python3.9/site-packages/airflow/example_dags/example_external_task_marker_dag.py for tasks to queue
[2025-10-14 15:15:50,327] {logging_mixin.py:115} INFO - [2025-10-14 15:15:50,327] {dagbag.py:507} INFO - Filling up the DagBag from /root/Projects/etlX/venv/lib/python3.9/site-packages/airflow/example_dags/example_external_task_marker_dag.py
[2025-10-14 15:15:50,333] {processor.py:651} INFO - DAG(s) dict_keys(['example_external_task_marker_parent', 'example_external_task_marker_child']) retrieved from /root/Projects/etlX/venv/lib/python3.9/site-packages/airflow/example_dags/example_external_task_marker_dag.py
[2025-10-14 15:15:50,368] {logging_mixin.py:115} INFO - [2025-10-14 15:15:50,368] {dag.py:2379} INFO - Sync 2 DAGs
[2025-10-14 15:15:50,387] {logging_mixin.py:115} INFO - [2025-10-14 15:15:50,387] {dag.py:2927} INFO - Setting next_dagrun for example_external_task_marker_child to None, run_after=None
[2025-10-14 15:15:50,387] {logging_mixin.py:115} INFO - [2025-10-14 15:15:50,387] {dag.py:2927} INFO - Setting next_dagrun for example_external_task_marker_parent to None, run_after=None
[2025-10-14 15:15:50,398] {processor.py:161} INFO - Processing /root/Projects/etlX/venv/lib/python3.9/site-packages/airflow/example_dags/example_external_task_marker_dag.py took 0.077 seconds
[2025-10-14 15:16:27,063] {processor.py:153} INFO - Started process (PID=16843) to work on /root/Projects/etlX/venv/lib/python3.9/site-packages/airflow/example_dags/example_external_task_marker_dag.py
[2025-10-14 15:16:27,064] {processor.py:641} INFO - Processing file /root/Projects/etlX/venv/lib/python3.9/site-packages/airflow/example_dags/example_external_task_marker_dag.py for tasks to queue
[2025-10-14 15:16:27,065] {logging_mixin.py:115} INFO - [2025-10-14 15:16:27,065] {dagbag.py:507} INFO - Filling up the DagBag from /root/Projects/etlX/venv/lib/python3.9/site-packages/airflow/example_dags/example_external_task_marker_dag.py
[2025-10-14 15:16:27,078] {processor.py:651} INFO - DAG(s) dict_keys(['example_external_task_marker_parent', 'example_external_task_marker_child']) retrieved from /root/Projects/etlX/venv/lib/python3.9/site-packages/airflow/example_dags/example_external_task_marker_dag.py
[2025-10-14 15:16:27,126] {logging_mixin.py:115} INFO - [2025-10-14 15:16:27,126] {dag.py:2379} INFO - Sync 2 DAGs
[2025-10-14 15:16:27,144] {logging_mixin.py:115} INFO - [2025-10-14 15:16:27,144] {dag.py:2927} INFO - Setting next_dagrun for example_external_task_marker_child to None, run_after=None
[2025-10-14 15:16:27,144] {logging_mixin.py:115} INFO - [2025-10-14 15:16:27,144] {dag.py:2927} INFO - Setting next_dagrun for example_external_task_marker_parent to None, run_after=None
[2025-10-14 15:16:27,155] {processor.py:161} INFO - Processing /root/Projects/etlX/venv/lib/python3.9/site-packages/airflow/example_dags/example_external_task_marker_dag.py took 0.103 seconds
[2025-10-14 15:17:01,451] {processor.py:153} INFO - Started process (PID=17054) to work on /root/Projects/etlX/venv/lib/python3.9/site-packages/airflow/example_dags/example_external_task_marker_dag.py
[2025-10-14 15:17:01,452] {processor.py:641} INFO - Processing file /root/Projects/etlX/venv/lib/python3.9/site-packages/airflow/example_dags/example_external_task_marker_dag.py for tasks to queue
[2025-10-14 15:17:01,453] {logging_mixin.py:115} INFO - [2025-10-14 15:17:01,453] {dagbag.py:507} INFO - Filling up the DagBag from /root/Projects/etlX/venv/lib/python3.9/site-packages/airflow/example_dags/example_external_task_marker_dag.py
[2025-10-14 15:17:01,461] {processor.py:651} INFO - DAG(s) dict_keys(['example_external_task_marker_parent', 'example_external_task_marker_child']) retrieved from /root/Projects/etlX/venv/lib/python3.9/site-packages/airflow/example_dags/example_external_task_marker_dag.py
[2025-10-14 15:17:01,500] {logging_mixin.py:115} INFO - [2025-10-14 15:17:01,500] {dag.py:2379} INFO - Sync 2 DAGs
[2025-10-14 15:17:01,519] {logging_mixin.py:115} INFO - [2025-10-14 15:17:01,519] {dag.py:2927} INFO - Setting next_dagrun for example_external_task_marker_child to None, run_after=None
[2025-10-14 15:17:01,519] {logging_mixin.py:115} INFO - [2025-10-14 15:17:01,519] {dag.py:2927} INFO - Setting next_dagrun for example_external_task_marker_parent to None, run_after=None
[2025-10-14 15:17:01,530] {processor.py:161} INFO - Processing /root/Projects/etlX/venv/lib/python3.9/site-packages/airflow/example_dags/example_external_task_marker_dag.py took 0.089 seconds
[2025-10-14 15:17:36,436] {processor.py:153} INFO - Started process (PID=17112) to work on /root/Projects/etlX/venv/lib/python3.9/site-packages/airflow/example_dags/example_external_task_marker_dag.py
[2025-10-14 15:17:36,436] {processor.py:641} INFO - Processing file /root/Projects/etlX/venv/lib/python3.9/site-packages/airflow/example_dags/example_external_task_marker_dag.py for tasks to queue
[2025-10-14 15:17:36,437] {logging_mixin.py:115} INFO - [2025-10-14 15:17:36,437] {dagbag.py:507} INFO - Filling up the DagBag from /root/Projects/etlX/venv/lib/python3.9/site-packages/airflow/example_dags/example_external_task_marker_dag.py
[2025-10-14 15:17:36,443] {processor.py:651} INFO - DAG(s) dict_keys(['example_external_task_marker_parent', 'example_external_task_marker_child']) retrieved from /root/Projects/etlX/venv/lib/python3.9/site-packages/airflow/example_dags/example_external_task_marker_dag.py
[2025-10-14 15:17:36,484] {logging_mixin.py:115} INFO - [2025-10-14 15:17:36,484] {dag.py:2379} INFO - Sync 2 DAGs
[2025-10-14 15:17:36,506] {logging_mixin.py:115} INFO - [2025-10-14 15:17:36,506] {dag.py:2927} INFO - Setting next_dagrun for example_external_task_marker_child to None, run_after=None
[2025-10-14 15:17:36,506] {logging_mixin.py:115} INFO - [2025-10-14 15:17:36,506] {dag.py:2927} INFO - Setting next_dagrun for example_external_task_marker_parent to None, run_after=None
[2025-10-14 15:17:36,519] {processor.py:161} INFO - Processing /root/Projects/etlX/venv/lib/python3.9/site-packages/airflow/example_dags/example_external_task_marker_dag.py took 0.089 seconds
[2025-10-14 15:59:03,645] {processor.py:153} INFO - Started process (PID=19939) to work on /root/Projects/etlX/venv/lib/python3.9/site-packages/airflow/example_dags/example_external_task_marker_dag.py
[2025-10-14 15:59:03,645] {processor.py:641} INFO - Processing file /root/Projects/etlX/venv/lib/python3.9/site-packages/airflow/example_dags/example_external_task_marker_dag.py for tasks to queue
[2025-10-14 15:59:03,646] {logging_mixin.py:115} INFO - [2025-10-14 15:59:03,646] {dagbag.py:507} INFO - Filling up the DagBag from /root/Projects/etlX/venv/lib/python3.9/site-packages/airflow/example_dags/example_external_task_marker_dag.py
[2025-10-14 15:59:03,653] {processor.py:651} INFO - DAG(s) dict_keys(['example_external_task_marker_parent', 'example_external_task_marker_child']) retrieved from /root/Projects/etlX/venv/lib/python3.9/site-packages/airflow/example_dags/example_external_task_marker_dag.py
[2025-10-14 15:59:03,692] {logging_mixin.py:115} INFO - [2025-10-14 15:59:03,692] {dag.py:2379} INFO - Sync 2 DAGs
[2025-10-14 15:59:03,713] {logging_mixin.py:115} INFO - [2025-10-14 15:59:03,713] {dag.py:2927} INFO - Setting next_dagrun for example_external_task_marker_child to None, run_after=None
[2025-10-14 15:59:03,714] {logging_mixin.py:115} INFO - [2025-10-14 15:59:03,714] {dag.py:2927} INFO - Setting next_dagrun for example_external_task_marker_parent to None, run_after=None
[2025-10-14 15:59:03,729] {processor.py:161} INFO - Processing /root/Projects/etlX/venv/lib/python3.9/site-packages/airflow/example_dags/example_external_task_marker_dag.py took 0.090 seconds
[2025-10-14 15:59:36,936] {processor.py:153} INFO - Started process (PID=20099) to work on /root/Projects/etlX/venv/lib/python3.9/site-packages/airflow/example_dags/example_external_task_marker_dag.py
[2025-10-14 15:59:36,937] {processor.py:641} INFO - Processing file /root/Projects/etlX/venv/lib/python3.9/site-packages/airflow/example_dags/example_external_task_marker_dag.py for tasks to queue
[2025-10-14 15:59:36,938] {logging_mixin.py:115} INFO - [2025-10-14 15:59:36,938] {dagbag.py:507} INFO - Filling up the DagBag from /root/Projects/etlX/venv/lib/python3.9/site-packages/airflow/example_dags/example_external_task_marker_dag.py
[2025-10-14 15:59:36,947] {processor.py:651} INFO - DAG(s) dict_keys(['example_external_task_marker_parent', 'example_external_task_marker_child']) retrieved from /root/Projects/etlX/venv/lib/python3.9/site-packages/airflow/example_dags/example_external_task_marker_dag.py
[2025-10-14 15:59:36,990] {logging_mixin.py:115} INFO - [2025-10-14 15:59:36,990] {dag.py:2379} INFO - Sync 2 DAGs
[2025-10-14 15:59:37,008] {logging_mixin.py:115} INFO - [2025-10-14 15:59:37,008] {dag.py:2927} INFO - Setting next_dagrun for example_external_task_marker_child to None, run_after=None
[2025-10-14 15:59:37,008] {logging_mixin.py:115} INFO - [2025-10-14 15:59:37,008] {dag.py:2927} INFO - Setting next_dagrun for example_external_task_marker_parent to None, run_after=None
[2025-10-14 15:59:37,019] {processor.py:161} INFO - Processing /root/Projects/etlX/venv/lib/python3.9/site-packages/airflow/example_dags/example_external_task_marker_dag.py took 0.089 seconds
[2025-10-14 16:00:08,994] {processor.py:153} INFO - Started process (PID=20154) to work on /root/Projects/etlX/venv/lib/python3.9/site-packages/airflow/example_dags/example_external_task_marker_dag.py
[2025-10-14 16:00:08,995] {processor.py:641} INFO - Processing file /root/Projects/etlX/venv/lib/python3.9/site-packages/airflow/example_dags/example_external_task_marker_dag.py for tasks to queue
[2025-10-14 16:00:08,995] {logging_mixin.py:115} INFO - [2025-10-14 16:00:08,995] {dagbag.py:507} INFO - Filling up the DagBag from /root/Projects/etlX/venv/lib/python3.9/site-packages/airflow/example_dags/example_external_task_marker_dag.py
[2025-10-14 16:00:09,002] {processor.py:651} INFO - DAG(s) dict_keys(['example_external_task_marker_parent', 'example_external_task_marker_child']) retrieved from /root/Projects/etlX/venv/lib/python3.9/site-packages/airflow/example_dags/example_external_task_marker_dag.py
[2025-10-14 16:00:09,035] {logging_mixin.py:115} INFO - [2025-10-14 16:00:09,034] {dag.py:2379} INFO - Sync 2 DAGs
[2025-10-14 16:00:09,054] {logging_mixin.py:115} INFO - [2025-10-14 16:00:09,054] {dag.py:2927} INFO - Setting next_dagrun for example_external_task_marker_child to None, run_after=None
[2025-10-14 16:00:09,054] {logging_mixin.py:115} INFO - [2025-10-14 16:00:09,054] {dag.py:2927} INFO - Setting next_dagrun for example_external_task_marker_parent to None, run_after=None
[2025-10-14 16:00:09,065] {processor.py:161} INFO - Processing /root/Projects/etlX/venv/lib/python3.9/site-packages/airflow/example_dags/example_external_task_marker_dag.py took 0.075 seconds
[2025-10-14 16:00:42,892] {processor.py:153} INFO - Started process (PID=20212) to work on /root/Projects/etlX/venv/lib/python3.9/site-packages/airflow/example_dags/example_external_task_marker_dag.py
[2025-10-14 16:00:42,893] {processor.py:641} INFO - Processing file /root/Projects/etlX/venv/lib/python3.9/site-packages/airflow/example_dags/example_external_task_marker_dag.py for tasks to queue
[2025-10-14 16:00:42,894] {logging_mixin.py:115} INFO - [2025-10-14 16:00:42,894] {dagbag.py:507} INFO - Filling up the DagBag from /root/Projects/etlX/venv/lib/python3.9/site-packages/airflow/example_dags/example_external_task_marker_dag.py
[2025-10-14 16:00:42,903] {processor.py:651} INFO - DAG(s) dict_keys(['example_external_task_marker_parent', 'example_external_task_marker_child']) retrieved from /root/Projects/etlX/venv/lib/python3.9/site-packages/airflow/example_dags/example_external_task_marker_dag.py
[2025-10-14 16:00:42,958] {logging_mixin.py:115} INFO - [2025-10-14 16:00:42,958] {dag.py:2379} INFO - Sync 2 DAGs
[2025-10-14 16:00:42,983] {logging_mixin.py:115} INFO - [2025-10-14 16:00:42,983] {dag.py:2927} INFO - Setting next_dagrun for example_external_task_marker_child to None, run_after=None
[2025-10-14 16:00:42,983] {logging_mixin.py:115} INFO - [2025-10-14 16:00:42,983] {dag.py:2927} INFO - Setting next_dagrun for example_external_task_marker_parent to None, run_after=None
[2025-10-14 16:00:42,995] {processor.py:161} INFO - Processing /root/Projects/etlX/venv/lib/python3.9/site-packages/airflow/example_dags/example_external_task_marker_dag.py took 0.110 seconds
[2025-10-14 16:01:16,073] {processor.py:153} INFO - Started process (PID=20267) to work on /root/Projects/etlX/venv/lib/python3.9/site-packages/airflow/example_dags/example_external_task_marker_dag.py
[2025-10-14 16:01:16,074] {processor.py:641} INFO - Processing file /root/Projects/etlX/venv/lib/python3.9/site-packages/airflow/example_dags/example_external_task_marker_dag.py for tasks to queue
[2025-10-14 16:01:16,075] {logging_mixin.py:115} INFO - [2025-10-14 16:01:16,075] {dagbag.py:507} INFO - Filling up the DagBag from /root/Projects/etlX/venv/lib/python3.9/site-packages/airflow/example_dags/example_external_task_marker_dag.py
[2025-10-14 16:01:16,083] {processor.py:651} INFO - DAG(s) dict_keys(['example_external_task_marker_parent', 'example_external_task_marker_child']) retrieved from /root/Projects/etlX/venv/lib/python3.9/site-packages/airflow/example_dags/example_external_task_marker_dag.py
[2025-10-14 16:01:16,118] {logging_mixin.py:115} INFO - [2025-10-14 16:01:16,118] {dag.py:2379} INFO - Sync 2 DAGs
[2025-10-14 16:01:16,139] {logging_mixin.py:115} INFO - [2025-10-14 16:01:16,139] {dag.py:2927} INFO - Setting next_dagrun for example_external_task_marker_child to None, run_after=None
[2025-10-14 16:01:16,139] {logging_mixin.py:115} INFO - [2025-10-14 16:01:16,139] {dag.py:2927} INFO - Setting next_dagrun for example_external_task_marker_parent to None, run_after=None
[2025-10-14 16:01:16,152] {processor.py:161} INFO - Processing /root/Projects/etlX/venv/lib/python3.9/site-packages/airflow/example_dags/example_external_task_marker_dag.py took 0.085 seconds
[2025-10-14 16:01:51,582] {processor.py:153} INFO - Started process (PID=20326) to work on /root/Projects/etlX/venv/lib/python3.9/site-packages/airflow/example_dags/example_external_task_marker_dag.py
[2025-10-14 16:01:51,583] {processor.py:641} INFO - Processing file /root/Projects/etlX/venv/lib/python3.9/site-packages/airflow/example_dags/example_external_task_marker_dag.py for tasks to queue
[2025-10-14 16:01:51,584] {logging_mixin.py:115} INFO - [2025-10-14 16:01:51,583] {dagbag.py:507} INFO - Filling up the DagBag from /root/Projects/etlX/venv/lib/python3.9/site-packages/airflow/example_dags/example_external_task_marker_dag.py
[2025-10-14 16:01:51,592] {processor.py:651} INFO - DAG(s) dict_keys(['example_external_task_marker_parent', 'example_external_task_marker_child']) retrieved from /root/Projects/etlX/venv/lib/python3.9/site-packages/airflow/example_dags/example_external_task_marker_dag.py
[2025-10-14 16:01:51,635] {logging_mixin.py:115} INFO - [2025-10-14 16:01:51,635] {dag.py:2379} INFO - Sync 2 DAGs
[2025-10-14 16:01:51,659] {logging_mixin.py:115} INFO - [2025-10-14 16:01:51,659] {dag.py:2927} INFO - Setting next_dagrun for example_external_task_marker_child to None, run_after=None
[2025-10-14 16:01:51,660] {logging_mixin.py:115} INFO - [2025-10-14 16:01:51,660] {dag.py:2927} INFO - Setting next_dagrun for example_external_task_marker_parent to None, run_after=None
[2025-10-14 16:01:51,674] {processor.py:161} INFO - Processing /root/Projects/etlX/venv/lib/python3.9/site-packages/airflow/example_dags/example_external_task_marker_dag.py took 0.098 seconds
[2025-10-14 16:02:25,205] {processor.py:153} INFO - Started process (PID=20384) to work on /root/Projects/etlX/venv/lib/python3.9/site-packages/airflow/example_dags/example_external_task_marker_dag.py
[2025-10-14 16:02:25,206] {processor.py:641} INFO - Processing file /root/Projects/etlX/venv/lib/python3.9/site-packages/airflow/example_dags/example_external_task_marker_dag.py for tasks to queue
[2025-10-14 16:02:25,206] {logging_mixin.py:115} INFO - [2025-10-14 16:02:25,206] {dagbag.py:507} INFO - Filling up the DagBag from /root/Projects/etlX/venv/lib/python3.9/site-packages/airflow/example_dags/example_external_task_marker_dag.py
[2025-10-14 16:02:25,212] {processor.py:651} INFO - DAG(s) dict_keys(['example_external_task_marker_parent', 'example_external_task_marker_child']) retrieved from /root/Projects/etlX/venv/lib/python3.9/site-packages/airflow/example_dags/example_external_task_marker_dag.py
[2025-10-14 16:02:25,248] {logging_mixin.py:115} INFO - [2025-10-14 16:02:25,248] {dag.py:2379} INFO - Sync 2 DAGs
[2025-10-14 16:02:25,268] {logging_mixin.py:115} INFO - [2025-10-14 16:02:25,268] {dag.py:2927} INFO - Setting next_dagrun for example_external_task_marker_child to None, run_after=None
[2025-10-14 16:02:25,268] {logging_mixin.py:115} INFO - [2025-10-14 16:02:25,268] {dag.py:2927} INFO - Setting next_dagrun for example_external_task_marker_parent to None, run_after=None
[2025-10-14 16:02:25,280] {processor.py:161} INFO - Processing /root/Projects/etlX/venv/lib/python3.9/site-packages/airflow/example_dags/example_external_task_marker_dag.py took 0.079 seconds
[2025-10-14 16:03:00,347] {processor.py:153} INFO - Started process (PID=20441) to work on /root/Projects/etlX/venv/lib/python3.9/site-packages/airflow/example_dags/example_external_task_marker_dag.py
[2025-10-14 16:03:00,348] {processor.py:641} INFO - Processing file /root/Projects/etlX/venv/lib/python3.9/site-packages/airflow/example_dags/example_external_task_marker_dag.py for tasks to queue
[2025-10-14 16:03:00,349] {logging_mixin.py:115} INFO - [2025-10-14 16:03:00,349] {dagbag.py:507} INFO - Filling up the DagBag from /root/Projects/etlX/venv/lib/python3.9/site-packages/airflow/example_dags/example_external_task_marker_dag.py
[2025-10-14 16:03:00,355] {processor.py:651} INFO - DAG(s) dict_keys(['example_external_task_marker_parent', 'example_external_task_marker_child']) retrieved from /root/Projects/etlX/venv/lib/python3.9/site-packages/airflow/example_dags/example_external_task_marker_dag.py
[2025-10-14 16:03:00,390] {logging_mixin.py:115} INFO - [2025-10-14 16:03:00,390] {dag.py:2379} INFO - Sync 2 DAGs
[2025-10-14 16:03:00,411] {logging_mixin.py:115} INFO - [2025-10-14 16:03:00,411] {dag.py:2927} INFO - Setting next_dagrun for example_external_task_marker_child to None, run_after=None
[2025-10-14 16:03:00,411] {logging_mixin.py:115} INFO - [2025-10-14 16:03:00,411] {dag.py:2927} INFO - Setting next_dagrun for example_external_task_marker_parent to None, run_after=None
[2025-10-14 16:03:00,424] {processor.py:161} INFO - Processing /root/Projects/etlX/venv/lib/python3.9/site-packages/airflow/example_dags/example_external_task_marker_dag.py took 0.082 seconds
[2025-10-14 16:03:34,976] {processor.py:153} INFO - Started process (PID=20499) to work on /root/Projects/etlX/venv/lib/python3.9/site-packages/airflow/example_dags/example_external_task_marker_dag.py
[2025-10-14 16:03:34,977] {processor.py:641} INFO - Processing file /root/Projects/etlX/venv/lib/python3.9/site-packages/airflow/example_dags/example_external_task_marker_dag.py for tasks to queue
[2025-10-14 16:03:34,977] {logging_mixin.py:115} INFO - [2025-10-14 16:03:34,977] {dagbag.py:507} INFO - Filling up the DagBag from /root/Projects/etlX/venv/lib/python3.9/site-packages/airflow/example_dags/example_external_task_marker_dag.py
[2025-10-14 16:03:34,983] {processor.py:651} INFO - DAG(s) dict_keys(['example_external_task_marker_parent', 'example_external_task_marker_child']) retrieved from /root/Projects/etlX/venv/lib/python3.9/site-packages/airflow/example_dags/example_external_task_marker_dag.py
[2025-10-14 16:03:35,017] {logging_mixin.py:115} INFO - [2025-10-14 16:03:35,017] {dag.py:2379} INFO - Sync 2 DAGs
[2025-10-14 16:03:35,037] {logging_mixin.py:115} INFO - [2025-10-14 16:03:35,037] {dag.py:2927} INFO - Setting next_dagrun for example_external_task_marker_child to None, run_after=None
[2025-10-14 16:03:35,037] {logging_mixin.py:115} INFO - [2025-10-14 16:03:35,037] {dag.py:2927} INFO - Setting next_dagrun for example_external_task_marker_parent to None, run_after=None
[2025-10-14 16:03:35,049] {processor.py:161} INFO - Processing /root/Projects/etlX/venv/lib/python3.9/site-packages/airflow/example_dags/example_external_task_marker_dag.py took 0.077 seconds
[2025-10-14 16:04:10,034] {processor.py:153} INFO - Started process (PID=20610) to work on /root/Projects/etlX/venv/lib/python3.9/site-packages/airflow/example_dags/example_external_task_marker_dag.py
[2025-10-14 16:04:10,035] {processor.py:641} INFO - Processing file /root/Projects/etlX/venv/lib/python3.9/site-packages/airflow/example_dags/example_external_task_marker_dag.py for tasks to queue
[2025-10-14 16:04:10,036] {logging_mixin.py:115} INFO - [2025-10-14 16:04:10,035] {dagbag.py:507} INFO - Filling up the DagBag from /root/Projects/etlX/venv/lib/python3.9/site-packages/airflow/example_dags/example_external_task_marker_dag.py
[2025-10-14 16:04:10,041] {processor.py:651} INFO - DAG(s) dict_keys(['example_external_task_marker_parent', 'example_external_task_marker_child']) retrieved from /root/Projects/etlX/venv/lib/python3.9/site-packages/airflow/example_dags/example_external_task_marker_dag.py
[2025-10-14 16:04:10,074] {logging_mixin.py:115} INFO - [2025-10-14 16:04:10,074] {dag.py:2379} INFO - Sync 2 DAGs
[2025-10-14 16:04:10,092] {logging_mixin.py:115} INFO - [2025-10-14 16:04:10,092] {dag.py:2927} INFO - Setting next_dagrun for example_external_task_marker_child to None, run_after=None
[2025-10-14 16:04:10,093] {logging_mixin.py:115} INFO - [2025-10-14 16:04:10,093] {dag.py:2927} INFO - Setting next_dagrun for example_external_task_marker_parent to None, run_after=None
[2025-10-14 16:04:10,103] {processor.py:161} INFO - Processing /root/Projects/etlX/venv/lib/python3.9/site-packages/airflow/example_dags/example_external_task_marker_dag.py took 0.073 seconds
[2025-10-14 16:04:42,863] {processor.py:153} INFO - Started process (PID=20665) to work on /root/Projects/etlX/venv/lib/python3.9/site-packages/airflow/example_dags/example_external_task_marker_dag.py
[2025-10-14 16:04:42,864] {processor.py:641} INFO - Processing file /root/Projects/etlX/venv/lib/python3.9/site-packages/airflow/example_dags/example_external_task_marker_dag.py for tasks to queue
[2025-10-14 16:04:42,865] {logging_mixin.py:115} INFO - [2025-10-14 16:04:42,865] {dagbag.py:507} INFO - Filling up the DagBag from /root/Projects/etlX/venv/lib/python3.9/site-packages/airflow/example_dags/example_external_task_marker_dag.py
[2025-10-14 16:04:42,871] {processor.py:651} INFO - DAG(s) dict_keys(['example_external_task_marker_parent', 'example_external_task_marker_child']) retrieved from /root/Projects/etlX/venv/lib/python3.9/site-packages/airflow/example_dags/example_external_task_marker_dag.py
[2025-10-14 16:04:42,902] {logging_mixin.py:115} INFO - [2025-10-14 16:04:42,902] {dag.py:2379} INFO - Sync 2 DAGs
[2025-10-14 16:04:42,920] {logging_mixin.py:115} INFO - [2025-10-14 16:04:42,920] {dag.py:2927} INFO - Setting next_dagrun for example_external_task_marker_child to None, run_after=None
[2025-10-14 16:04:42,920] {logging_mixin.py:115} INFO - [2025-10-14 16:04:42,920] {dag.py:2927} INFO - Setting next_dagrun for example_external_task_marker_parent to None, run_after=None
[2025-10-14 16:04:42,931] {processor.py:161} INFO - Processing /root/Projects/etlX/venv/lib/python3.9/site-packages/airflow/example_dags/example_external_task_marker_dag.py took 0.072 seconds
[2025-10-14 16:05:16,875] {processor.py:153} INFO - Started process (PID=20724) to work on /root/Projects/etlX/venv/lib/python3.9/site-packages/airflow/example_dags/example_external_task_marker_dag.py
[2025-10-14 16:05:16,876] {processor.py:641} INFO - Processing file /root/Projects/etlX/venv/lib/python3.9/site-packages/airflow/example_dags/example_external_task_marker_dag.py for tasks to queue
[2025-10-14 16:05:16,877] {logging_mixin.py:115} INFO - [2025-10-14 16:05:16,877] {dagbag.py:507} INFO - Filling up the DagBag from /root/Projects/etlX/venv/lib/python3.9/site-packages/airflow/example_dags/example_external_task_marker_dag.py
[2025-10-14 16:05:16,885] {processor.py:651} INFO - DAG(s) dict_keys(['example_external_task_marker_parent', 'example_external_task_marker_child']) retrieved from /root/Projects/etlX/venv/lib/python3.9/site-packages/airflow/example_dags/example_external_task_marker_dag.py
[2025-10-14 16:05:16,925] {logging_mixin.py:115} INFO - [2025-10-14 16:05:16,925] {dag.py:2379} INFO - Sync 2 DAGs
[2025-10-14 16:05:16,943] {logging_mixin.py:115} INFO - [2025-10-14 16:05:16,943] {dag.py:2927} INFO - Setting next_dagrun for example_external_task_marker_child to None, run_after=None
[2025-10-14 16:05:16,944] {logging_mixin.py:115} INFO - [2025-10-14 16:05:16,944] {dag.py:2927} INFO - Setting next_dagrun for example_external_task_marker_parent to None, run_after=None
[2025-10-14 16:05:16,955] {processor.py:161} INFO - Processing /root/Projects/etlX/venv/lib/python3.9/site-packages/airflow/example_dags/example_external_task_marker_dag.py took 0.087 seconds
[2025-10-14 16:05:50,739] {processor.py:153} INFO - Started process (PID=20782) to work on /root/Projects/etlX/venv/lib/python3.9/site-packages/airflow/example_dags/example_external_task_marker_dag.py
[2025-10-14 16:05:50,740] {processor.py:641} INFO - Processing file /root/Projects/etlX/venv/lib/python3.9/site-packages/airflow/example_dags/example_external_task_marker_dag.py for tasks to queue
[2025-10-14 16:05:50,741] {logging_mixin.py:115} INFO - [2025-10-14 16:05:50,740] {dagbag.py:507} INFO - Filling up the DagBag from /root/Projects/etlX/venv/lib/python3.9/site-packages/airflow/example_dags/example_external_task_marker_dag.py
[2025-10-14 16:05:50,747] {processor.py:651} INFO - DAG(s) dict_keys(['example_external_task_marker_parent', 'example_external_task_marker_child']) retrieved from /root/Projects/etlX/venv/lib/python3.9/site-packages/airflow/example_dags/example_external_task_marker_dag.py
[2025-10-14 16:05:50,780] {logging_mixin.py:115} INFO - [2025-10-14 16:05:50,780] {dag.py:2379} INFO - Sync 2 DAGs
[2025-10-14 16:05:50,799] {logging_mixin.py:115} INFO - [2025-10-14 16:05:50,799] {dag.py:2927} INFO - Setting next_dagrun for example_external_task_marker_child to None, run_after=None
[2025-10-14 16:05:50,799] {logging_mixin.py:115} INFO - [2025-10-14 16:05:50,799] {dag.py:2927} INFO - Setting next_dagrun for example_external_task_marker_parent to None, run_after=None
[2025-10-14 16:05:50,810] {processor.py:161} INFO - Processing /root/Projects/etlX/venv/lib/python3.9/site-packages/airflow/example_dags/example_external_task_marker_dag.py took 0.079 seconds
[2025-10-14 16:06:26,297] {processor.py:153} INFO - Started process (PID=20842) to work on /root/Projects/etlX/venv/lib/python3.9/site-packages/airflow/example_dags/example_external_task_marker_dag.py
[2025-10-14 16:06:26,298] {processor.py:641} INFO - Processing file /root/Projects/etlX/venv/lib/python3.9/site-packages/airflow/example_dags/example_external_task_marker_dag.py for tasks to queue
[2025-10-14 16:06:26,299] {logging_mixin.py:115} INFO - [2025-10-14 16:06:26,299] {dagbag.py:507} INFO - Filling up the DagBag from /root/Projects/etlX/venv/lib/python3.9/site-packages/airflow/example_dags/example_external_task_marker_dag.py
[2025-10-14 16:06:26,306] {processor.py:651} INFO - DAG(s) dict_keys(['example_external_task_marker_parent', 'example_external_task_marker_child']) retrieved from /root/Projects/etlX/venv/lib/python3.9/site-packages/airflow/example_dags/example_external_task_marker_dag.py
[2025-10-14 16:06:26,344] {logging_mixin.py:115} INFO - [2025-10-14 16:06:26,344] {dag.py:2379} INFO - Sync 2 DAGs
[2025-10-14 16:06:26,362] {logging_mixin.py:115} INFO - [2025-10-14 16:06:26,362] {dag.py:2927} INFO - Setting next_dagrun for example_external_task_marker_child to None, run_after=None
[2025-10-14 16:06:26,362] {logging_mixin.py:115} INFO - [2025-10-14 16:06:26,362] {dag.py:2927} INFO - Setting next_dagrun for example_external_task_marker_parent to None, run_after=None
[2025-10-14 16:06:26,375] {processor.py:161} INFO - Processing /root/Projects/etlX/venv/lib/python3.9/site-packages/airflow/example_dags/example_external_task_marker_dag.py took 0.083 seconds
[2025-10-14 16:07:01,434] {processor.py:153} INFO - Started process (PID=20901) to work on /root/Projects/etlX/venv/lib/python3.9/site-packages/airflow/example_dags/example_external_task_marker_dag.py
[2025-10-14 16:07:01,435] {processor.py:641} INFO - Processing file /root/Projects/etlX/venv/lib/python3.9/site-packages/airflow/example_dags/example_external_task_marker_dag.py for tasks to queue
[2025-10-14 16:07:01,435] {logging_mixin.py:115} INFO - [2025-10-14 16:07:01,435] {dagbag.py:507} INFO - Filling up the DagBag from /root/Projects/etlX/venv/lib/python3.9/site-packages/airflow/example_dags/example_external_task_marker_dag.py
[2025-10-14 16:07:01,441] {processor.py:651} INFO - DAG(s) dict_keys(['example_external_task_marker_parent', 'example_external_task_marker_child']) retrieved from /root/Projects/etlX/venv/lib/python3.9/site-packages/airflow/example_dags/example_external_task_marker_dag.py
[2025-10-14 16:07:01,474] {logging_mixin.py:115} INFO - [2025-10-14 16:07:01,474] {dag.py:2379} INFO - Sync 2 DAGs
[2025-10-14 16:07:01,492] {logging_mixin.py:115} INFO - [2025-10-14 16:07:01,492] {dag.py:2927} INFO - Setting next_dagrun for example_external_task_marker_child to None, run_after=None
[2025-10-14 16:07:01,493] {logging_mixin.py:115} INFO - [2025-10-14 16:07:01,492] {dag.py:2927} INFO - Setting next_dagrun for example_external_task_marker_parent to None, run_after=None
[2025-10-14 16:07:01,505] {processor.py:161} INFO - Processing /root/Projects/etlX/venv/lib/python3.9/site-packages/airflow/example_dags/example_external_task_marker_dag.py took 0.076 seconds
[2025-10-14 16:07:35,403] {processor.py:153} INFO - Started process (PID=21111) to work on /root/Projects/etlX/venv/lib/python3.9/site-packages/airflow/example_dags/example_external_task_marker_dag.py
[2025-10-14 16:07:35,404] {processor.py:641} INFO - Processing file /root/Projects/etlX/venv/lib/python3.9/site-packages/airflow/example_dags/example_external_task_marker_dag.py for tasks to queue
[2025-10-14 16:07:35,405] {logging_mixin.py:115} INFO - [2025-10-14 16:07:35,405] {dagbag.py:507} INFO - Filling up the DagBag from /root/Projects/etlX/venv/lib/python3.9/site-packages/airflow/example_dags/example_external_task_marker_dag.py
[2025-10-14 16:07:35,412] {processor.py:651} INFO - DAG(s) dict_keys(['example_external_task_marker_parent', 'example_external_task_marker_child']) retrieved from /root/Projects/etlX/venv/lib/python3.9/site-packages/airflow/example_dags/example_external_task_marker_dag.py
[2025-10-14 16:07:35,451] {logging_mixin.py:115} INFO - [2025-10-14 16:07:35,451] {dag.py:2379} INFO - Sync 2 DAGs
[2025-10-14 16:07:35,471] {logging_mixin.py:115} INFO - [2025-10-14 16:07:35,471] {dag.py:2927} INFO - Setting next_dagrun for example_external_task_marker_child to None, run_after=None
[2025-10-14 16:07:35,471] {logging_mixin.py:115} INFO - [2025-10-14 16:07:35,471] {dag.py:2927} INFO - Setting next_dagrun for example_external_task_marker_parent to None, run_after=None
[2025-10-14 16:07:35,484] {processor.py:161} INFO - Processing /root/Projects/etlX/venv/lib/python3.9/site-packages/airflow/example_dags/example_external_task_marker_dag.py took 0.086 seconds
[2025-10-14 16:08:09,736] {processor.py:153} INFO - Started process (PID=21426) to work on /root/Projects/etlX/venv/lib/python3.9/site-packages/airflow/example_dags/example_external_task_marker_dag.py
[2025-10-14 16:08:09,737] {processor.py:641} INFO - Processing file /root/Projects/etlX/venv/lib/python3.9/site-packages/airflow/example_dags/example_external_task_marker_dag.py for tasks to queue
[2025-10-14 16:08:09,738] {logging_mixin.py:115} INFO - [2025-10-14 16:08:09,738] {dagbag.py:507} INFO - Filling up the DagBag from /root/Projects/etlX/venv/lib/python3.9/site-packages/airflow/example_dags/example_external_task_marker_dag.py
[2025-10-14 16:08:09,746] {processor.py:651} INFO - DAG(s) dict_keys(['example_external_task_marker_parent', 'example_external_task_marker_child']) retrieved from /root/Projects/etlX/venv/lib/python3.9/site-packages/airflow/example_dags/example_external_task_marker_dag.py
[2025-10-14 16:08:09,787] {logging_mixin.py:115} INFO - [2025-10-14 16:08:09,787] {dag.py:2379} INFO - Sync 2 DAGs
[2025-10-14 16:08:09,808] {logging_mixin.py:115} INFO - [2025-10-14 16:08:09,808] {dag.py:2927} INFO - Setting next_dagrun for example_external_task_marker_child to None, run_after=None
[2025-10-14 16:08:09,808] {logging_mixin.py:115} INFO - [2025-10-14 16:08:09,808] {dag.py:2927} INFO - Setting next_dagrun for example_external_task_marker_parent to None, run_after=None
[2025-10-14 16:08:09,819] {processor.py:161} INFO - Processing /root/Projects/etlX/venv/lib/python3.9/site-packages/airflow/example_dags/example_external_task_marker_dag.py took 0.089 seconds
[2025-10-14 16:08:44,188] {processor.py:153} INFO - Started process (PID=21587) to work on /root/Projects/etlX/venv/lib/python3.9/site-packages/airflow/example_dags/example_external_task_marker_dag.py
[2025-10-14 16:08:44,189] {processor.py:641} INFO - Processing file /root/Projects/etlX/venv/lib/python3.9/site-packages/airflow/example_dags/example_external_task_marker_dag.py for tasks to queue
[2025-10-14 16:08:44,190] {logging_mixin.py:115} INFO - [2025-10-14 16:08:44,190] {dagbag.py:507} INFO - Filling up the DagBag from /root/Projects/etlX/venv/lib/python3.9/site-packages/airflow/example_dags/example_external_task_marker_dag.py
[2025-10-14 16:08:44,214] {processor.py:651} INFO - DAG(s) dict_keys(['example_external_task_marker_parent', 'example_external_task_marker_child']) retrieved from /root/Projects/etlX/venv/lib/python3.9/site-packages/airflow/example_dags/example_external_task_marker_dag.py
[2025-10-14 16:08:44,286] {logging_mixin.py:115} INFO - [2025-10-14 16:08:44,286] {dag.py:2379} INFO - Sync 2 DAGs
[2025-10-14 16:08:44,324] {logging_mixin.py:115} INFO - [2025-10-14 16:08:44,324] {dag.py:2927} INFO - Setting next_dagrun for example_external_task_marker_child to None, run_after=None
[2025-10-14 16:08:44,324] {logging_mixin.py:115} INFO - [2025-10-14 16:08:44,324] {dag.py:2927} INFO - Setting next_dagrun for example_external_task_marker_parent to None, run_after=None
[2025-10-14 16:08:44,339] {processor.py:161} INFO - Processing /root/Projects/etlX/venv/lib/python3.9/site-packages/airflow/example_dags/example_external_task_marker_dag.py took 0.156 seconds
[2025-10-14 16:25:38,304] {processor.py:153} INFO - Started process (PID=22837) to work on /root/Projects/etlX/venv/lib/python3.9/site-packages/airflow/example_dags/example_external_task_marker_dag.py
[2025-10-14 16:25:38,305] {processor.py:641} INFO - Processing file /root/Projects/etlX/venv/lib/python3.9/site-packages/airflow/example_dags/example_external_task_marker_dag.py for tasks to queue
[2025-10-14 16:25:38,306] {logging_mixin.py:115} INFO - [2025-10-14 16:25:38,306] {dagbag.py:507} INFO - Filling up the DagBag from /root/Projects/etlX/venv/lib/python3.9/site-packages/airflow/example_dags/example_external_task_marker_dag.py
[2025-10-14 16:25:38,315] {processor.py:651} INFO - DAG(s) dict_keys(['example_external_task_marker_parent', 'example_external_task_marker_child']) retrieved from /root/Projects/etlX/venv/lib/python3.9/site-packages/airflow/example_dags/example_external_task_marker_dag.py
[2025-10-14 16:25:38,352] {logging_mixin.py:115} INFO - [2025-10-14 16:25:38,352] {dag.py:2379} INFO - Sync 2 DAGs
[2025-10-14 16:25:38,370] {logging_mixin.py:115} INFO - [2025-10-14 16:25:38,370] {dag.py:2927} INFO - Setting next_dagrun for example_external_task_marker_child to None, run_after=None
[2025-10-14 16:25:38,370] {logging_mixin.py:115} INFO - [2025-10-14 16:25:38,370] {dag.py:2927} INFO - Setting next_dagrun for example_external_task_marker_parent to None, run_after=None
[2025-10-14 16:25:38,381] {processor.py:161} INFO - Processing /root/Projects/etlX/venv/lib/python3.9/site-packages/airflow/example_dags/example_external_task_marker_dag.py took 0.083 seconds
[2025-10-14 16:26:13,311] {processor.py:153} INFO - Started process (PID=22895) to work on /root/Projects/etlX/venv/lib/python3.9/site-packages/airflow/example_dags/example_external_task_marker_dag.py
[2025-10-14 16:26:13,312] {processor.py:641} INFO - Processing file /root/Projects/etlX/venv/lib/python3.9/site-packages/airflow/example_dags/example_external_task_marker_dag.py for tasks to queue
[2025-10-14 16:26:13,313] {logging_mixin.py:115} INFO - [2025-10-14 16:26:13,312] {dagbag.py:507} INFO - Filling up the DagBag from /root/Projects/etlX/venv/lib/python3.9/site-packages/airflow/example_dags/example_external_task_marker_dag.py
[2025-10-14 16:26:13,323] {processor.py:651} INFO - DAG(s) dict_keys(['example_external_task_marker_parent', 'example_external_task_marker_child']) retrieved from /root/Projects/etlX/venv/lib/python3.9/site-packages/airflow/example_dags/example_external_task_marker_dag.py
[2025-10-14 16:26:13,361] {logging_mixin.py:115} INFO - [2025-10-14 16:26:13,361] {dag.py:2379} INFO - Sync 2 DAGs
[2025-10-14 16:26:13,380] {logging_mixin.py:115} INFO - [2025-10-14 16:26:13,380] {dag.py:2927} INFO - Setting next_dagrun for example_external_task_marker_child to None, run_after=None
[2025-10-14 16:26:13,380] {logging_mixin.py:115} INFO - [2025-10-14 16:26:13,380] {dag.py:2927} INFO - Setting next_dagrun for example_external_task_marker_parent to None, run_after=None
[2025-10-14 16:26:13,390] {processor.py:161} INFO - Processing /root/Projects/etlX/venv/lib/python3.9/site-packages/airflow/example_dags/example_external_task_marker_dag.py took 0.086 seconds
[2025-10-14 16:26:46,767] {processor.py:153} INFO - Started process (PID=22953) to work on /root/Projects/etlX/venv/lib/python3.9/site-packages/airflow/example_dags/example_external_task_marker_dag.py
[2025-10-14 16:26:46,768] {processor.py:641} INFO - Processing file /root/Projects/etlX/venv/lib/python3.9/site-packages/airflow/example_dags/example_external_task_marker_dag.py for tasks to queue
[2025-10-14 16:26:46,768] {logging_mixin.py:115} INFO - [2025-10-14 16:26:46,768] {dagbag.py:507} INFO - Filling up the DagBag from /root/Projects/etlX/venv/lib/python3.9/site-packages/airflow/example_dags/example_external_task_marker_dag.py
[2025-10-14 16:26:46,774] {processor.py:651} INFO - DAG(s) dict_keys(['example_external_task_marker_parent', 'example_external_task_marker_child']) retrieved from /root/Projects/etlX/venv/lib/python3.9/site-packages/airflow/example_dags/example_external_task_marker_dag.py
[2025-10-14 16:26:46,808] {logging_mixin.py:115} INFO - [2025-10-14 16:26:46,808] {dag.py:2379} INFO - Sync 2 DAGs
[2025-10-14 16:26:46,827] {logging_mixin.py:115} INFO - [2025-10-14 16:26:46,827] {dag.py:2927} INFO - Setting next_dagrun for example_external_task_marker_child to None, run_after=None
[2025-10-14 16:26:46,828] {logging_mixin.py:115} INFO - [2025-10-14 16:26:46,828] {dag.py:2927} INFO - Setting next_dagrun for example_external_task_marker_parent to None, run_after=None
[2025-10-14 16:26:46,839] {processor.py:161} INFO - Processing /root/Projects/etlX/venv/lib/python3.9/site-packages/airflow/example_dags/example_external_task_marker_dag.py took 0.075 seconds
[2025-10-14 16:27:20,608] {processor.py:153} INFO - Started process (PID=23008) to work on /root/Projects/etlX/venv/lib/python3.9/site-packages/airflow/example_dags/example_external_task_marker_dag.py
[2025-10-14 16:27:20,609] {processor.py:641} INFO - Processing file /root/Projects/etlX/venv/lib/python3.9/site-packages/airflow/example_dags/example_external_task_marker_dag.py for tasks to queue
[2025-10-14 16:27:20,609] {logging_mixin.py:115} INFO - [2025-10-14 16:27:20,609] {dagbag.py:507} INFO - Filling up the DagBag from /root/Projects/etlX/venv/lib/python3.9/site-packages/airflow/example_dags/example_external_task_marker_dag.py
[2025-10-14 16:27:20,615] {processor.py:651} INFO - DAG(s) dict_keys(['example_external_task_marker_parent', 'example_external_task_marker_child']) retrieved from /root/Projects/etlX/venv/lib/python3.9/site-packages/airflow/example_dags/example_external_task_marker_dag.py
[2025-10-14 16:27:20,647] {logging_mixin.py:115} INFO - [2025-10-14 16:27:20,647] {dag.py:2379} INFO - Sync 2 DAGs
[2025-10-14 16:27:20,666] {logging_mixin.py:115} INFO - [2025-10-14 16:27:20,666] {dag.py:2927} INFO - Setting next_dagrun for example_external_task_marker_child to None, run_after=None
[2025-10-14 16:27:20,666] {logging_mixin.py:115} INFO - [2025-10-14 16:27:20,666] {dag.py:2927} INFO - Setting next_dagrun for example_external_task_marker_parent to None, run_after=None
[2025-10-14 16:27:20,677] {processor.py:161} INFO - Processing /root/Projects/etlX/venv/lib/python3.9/site-packages/airflow/example_dags/example_external_task_marker_dag.py took 0.073 seconds
[2025-10-14 16:27:56,668] {processor.py:153} INFO - Started process (PID=23170) to work on /root/Projects/etlX/venv/lib/python3.9/site-packages/airflow/example_dags/example_external_task_marker_dag.py
[2025-10-14 16:27:56,669] {processor.py:641} INFO - Processing file /root/Projects/etlX/venv/lib/python3.9/site-packages/airflow/example_dags/example_external_task_marker_dag.py for tasks to queue
[2025-10-14 16:27:56,670] {logging_mixin.py:115} INFO - [2025-10-14 16:27:56,670] {dagbag.py:507} INFO - Filling up the DagBag from /root/Projects/etlX/venv/lib/python3.9/site-packages/airflow/example_dags/example_external_task_marker_dag.py
[2025-10-14 16:27:56,681] {processor.py:651} INFO - DAG(s) dict_keys(['example_external_task_marker_parent', 'example_external_task_marker_child']) retrieved from /root/Projects/etlX/venv/lib/python3.9/site-packages/airflow/example_dags/example_external_task_marker_dag.py
[2025-10-14 16:27:56,714] {logging_mixin.py:115} INFO - [2025-10-14 16:27:56,714] {dag.py:2379} INFO - Sync 2 DAGs
[2025-10-14 16:27:56,733] {logging_mixin.py:115} INFO - [2025-10-14 16:27:56,733] {dag.py:2927} INFO - Setting next_dagrun for example_external_task_marker_child to None, run_after=None
[2025-10-14 16:27:56,733] {logging_mixin.py:115} INFO - [2025-10-14 16:27:56,733] {dag.py:2927} INFO - Setting next_dagrun for example_external_task_marker_parent to None, run_after=None
[2025-10-14 16:27:56,744] {processor.py:161} INFO - Processing /root/Projects/etlX/venv/lib/python3.9/site-packages/airflow/example_dags/example_external_task_marker_dag.py took 0.084 seconds
[2025-10-14 16:28:32,483] {processor.py:153} INFO - Started process (PID=23333) to work on /root/Projects/etlX/venv/lib/python3.9/site-packages/airflow/example_dags/example_external_task_marker_dag.py
[2025-10-14 16:28:32,483] {processor.py:641} INFO - Processing file /root/Projects/etlX/venv/lib/python3.9/site-packages/airflow/example_dags/example_external_task_marker_dag.py for tasks to queue
[2025-10-14 16:28:32,484] {logging_mixin.py:115} INFO - [2025-10-14 16:28:32,484] {dagbag.py:507} INFO - Filling up the DagBag from /root/Projects/etlX/venv/lib/python3.9/site-packages/airflow/example_dags/example_external_task_marker_dag.py
[2025-10-14 16:28:32,490] {processor.py:651} INFO - DAG(s) dict_keys(['example_external_task_marker_parent', 'example_external_task_marker_child']) retrieved from /root/Projects/etlX/venv/lib/python3.9/site-packages/airflow/example_dags/example_external_task_marker_dag.py
[2025-10-14 16:28:32,523] {logging_mixin.py:115} INFO - [2025-10-14 16:28:32,523] {dag.py:2379} INFO - Sync 2 DAGs
[2025-10-14 16:28:32,543] {logging_mixin.py:115} INFO - [2025-10-14 16:28:32,543] {dag.py:2927} INFO - Setting next_dagrun for example_external_task_marker_child to None, run_after=None
[2025-10-14 16:28:32,543] {logging_mixin.py:115} INFO - [2025-10-14 16:28:32,543] {dag.py:2927} INFO - Setting next_dagrun for example_external_task_marker_parent to None, run_after=None
[2025-10-14 16:28:32,554] {processor.py:161} INFO - Processing /root/Projects/etlX/venv/lib/python3.9/site-packages/airflow/example_dags/example_external_task_marker_dag.py took 0.075 seconds
[2025-10-14 16:29:06,203] {processor.py:153} INFO - Started process (PID=23442) to work on /root/Projects/etlX/venv/lib/python3.9/site-packages/airflow/example_dags/example_external_task_marker_dag.py
[2025-10-14 16:29:06,203] {processor.py:641} INFO - Processing file /root/Projects/etlX/venv/lib/python3.9/site-packages/airflow/example_dags/example_external_task_marker_dag.py for tasks to queue
[2025-10-14 16:29:06,204] {logging_mixin.py:115} INFO - [2025-10-14 16:29:06,204] {dagbag.py:507} INFO - Filling up the DagBag from /root/Projects/etlX/venv/lib/python3.9/site-packages/airflow/example_dags/example_external_task_marker_dag.py
[2025-10-14 16:29:06,210] {processor.py:651} INFO - DAG(s) dict_keys(['example_external_task_marker_parent', 'example_external_task_marker_child']) retrieved from /root/Projects/etlX/venv/lib/python3.9/site-packages/airflow/example_dags/example_external_task_marker_dag.py
[2025-10-14 16:29:06,284] {logging_mixin.py:115} INFO - [2025-10-14 16:29:06,284] {dag.py:2379} INFO - Sync 2 DAGs
[2025-10-14 16:29:06,302] {logging_mixin.py:115} INFO - [2025-10-14 16:29:06,302] {dag.py:2927} INFO - Setting next_dagrun for example_external_task_marker_child to None, run_after=None
[2025-10-14 16:29:06,303] {logging_mixin.py:115} INFO - [2025-10-14 16:29:06,303] {dag.py:2927} INFO - Setting next_dagrun for example_external_task_marker_parent to None, run_after=None
[2025-10-14 16:29:06,313] {processor.py:161} INFO - Processing /root/Projects/etlX/venv/lib/python3.9/site-packages/airflow/example_dags/example_external_task_marker_dag.py took 0.115 seconds
[2025-10-14 16:29:39,420] {processor.py:153} INFO - Started process (PID=23607) to work on /root/Projects/etlX/venv/lib/python3.9/site-packages/airflow/example_dags/example_external_task_marker_dag.py
[2025-10-14 16:29:39,421] {processor.py:641} INFO - Processing file /root/Projects/etlX/venv/lib/python3.9/site-packages/airflow/example_dags/example_external_task_marker_dag.py for tasks to queue
[2025-10-14 16:29:39,422] {logging_mixin.py:115} INFO - [2025-10-14 16:29:39,422] {dagbag.py:507} INFO - Filling up the DagBag from /root/Projects/etlX/venv/lib/python3.9/site-packages/airflow/example_dags/example_external_task_marker_dag.py
[2025-10-14 16:29:39,430] {processor.py:651} INFO - DAG(s) dict_keys(['example_external_task_marker_parent', 'example_external_task_marker_child']) retrieved from /root/Projects/etlX/venv/lib/python3.9/site-packages/airflow/example_dags/example_external_task_marker_dag.py
[2025-10-14 16:29:39,464] {logging_mixin.py:115} INFO - [2025-10-14 16:29:39,464] {dag.py:2379} INFO - Sync 2 DAGs
[2025-10-14 16:29:39,482] {logging_mixin.py:115} INFO - [2025-10-14 16:29:39,482] {dag.py:2927} INFO - Setting next_dagrun for example_external_task_marker_child to None, run_after=None
[2025-10-14 16:29:39,483] {logging_mixin.py:115} INFO - [2025-10-14 16:29:39,483] {dag.py:2927} INFO - Setting next_dagrun for example_external_task_marker_parent to None, run_after=None
[2025-10-14 16:29:39,493] {processor.py:161} INFO - Processing /root/Projects/etlX/venv/lib/python3.9/site-packages/airflow/example_dags/example_external_task_marker_dag.py took 0.080 seconds
