[2025-10-14 14:57:24,473] {processor.py:153} INFO - Started process (PID=13452) to work on /root/Projects/etlX/venv/lib/python3.9/site-packages/airflow/example_dags/example_branch_labels.py
[2025-10-14 14:57:24,474] {processor.py:641} INFO - Processing file /root/Projects/etlX/venv/lib/python3.9/site-packages/airflow/example_dags/example_branch_labels.py for tasks to queue
[2025-10-14 14:57:24,475] {logging_mixin.py:115} INFO - [2025-10-14 14:57:24,475] {dagbag.py:507} INFO - Filling up the DagBag from /root/Projects/etlX/venv/lib/python3.9/site-packages/airflow/example_dags/example_branch_labels.py
[2025-10-14 14:57:24,483] {processor.py:651} INFO - DAG(s) dict_keys(['example_branch_labels']) retrieved from /root/Projects/etlX/venv/lib/python3.9/site-packages/airflow/example_dags/example_branch_labels.py
[2025-10-14 14:57:24,567] {logging_mixin.py:115} INFO - [2025-10-14 14:57:24,567] {manager.py:508} INFO - Created Permission View: can read on DAG:example_branch_labels
[2025-10-14 14:57:24,578] {logging_mixin.py:115} INFO - [2025-10-14 14:57:24,578] {manager.py:508} INFO - Created Permission View: can edit on DAG:example_branch_labels
[2025-10-14 14:57:24,585] {logging_mixin.py:115} INFO - [2025-10-14 14:57:24,585] {manager.py:508} INFO - Created Permission View: can delete on DAG:example_branch_labels
[2025-10-14 14:57:24,585] {logging_mixin.py:115} INFO - [2025-10-14 14:57:24,585] {dag.py:2379} INFO - Sync 1 DAGs
[2025-10-14 14:57:24,593] {logging_mixin.py:115} INFO - [2025-10-14 14:57:24,593] {dag.py:2398} INFO - Creating ORM DAG for example_branch_labels
[2025-10-14 14:57:24,602] {logging_mixin.py:115} INFO - [2025-10-14 14:57:24,601] {dag.py:2927} INFO - Setting next_dagrun for example_branch_labels to 2025-10-13T00:00:00+00:00, run_after=2025-10-14T00:00:00+00:00
[2025-10-14 14:57:24,611] {processor.py:161} INFO - Processing /root/Projects/etlX/venv/lib/python3.9/site-packages/airflow/example_dags/example_branch_labels.py took 0.144 seconds
[2025-10-14 14:57:59,143] {processor.py:153} INFO - Started process (PID=13609) to work on /root/Projects/etlX/venv/lib/python3.9/site-packages/airflow/example_dags/example_branch_labels.py
[2025-10-14 14:57:59,143] {processor.py:641} INFO - Processing file /root/Projects/etlX/venv/lib/python3.9/site-packages/airflow/example_dags/example_branch_labels.py for tasks to queue
[2025-10-14 14:57:59,144] {logging_mixin.py:115} INFO - [2025-10-14 14:57:59,144] {dagbag.py:507} INFO - Filling up the DagBag from /root/Projects/etlX/venv/lib/python3.9/site-packages/airflow/example_dags/example_branch_labels.py
[2025-10-14 14:57:59,151] {processor.py:651} INFO - DAG(s) dict_keys(['example_branch_labels']) retrieved from /root/Projects/etlX/venv/lib/python3.9/site-packages/airflow/example_dags/example_branch_labels.py
[2025-10-14 14:57:59,171] {logging_mixin.py:115} INFO - [2025-10-14 14:57:59,171] {dag.py:2379} INFO - Sync 1 DAGs
[2025-10-14 14:57:59,191] {logging_mixin.py:115} INFO - [2025-10-14 14:57:59,191] {dag.py:2927} INFO - Setting next_dagrun for example_branch_labels to 2025-10-13T00:00:00+00:00, run_after=2025-10-14T00:00:00+00:00
[2025-10-14 14:57:59,201] {processor.py:161} INFO - Processing /root/Projects/etlX/venv/lib/python3.9/site-packages/airflow/example_dags/example_branch_labels.py took 0.063 seconds
[2025-10-14 14:58:36,080] {processor.py:153} INFO - Started process (PID=13720) to work on /root/Projects/etlX/venv/lib/python3.9/site-packages/airflow/example_dags/example_branch_labels.py
[2025-10-14 14:58:36,081] {processor.py:641} INFO - Processing file /root/Projects/etlX/venv/lib/python3.9/site-packages/airflow/example_dags/example_branch_labels.py for tasks to queue
[2025-10-14 14:58:36,081] {logging_mixin.py:115} INFO - [2025-10-14 14:58:36,081] {dagbag.py:507} INFO - Filling up the DagBag from /root/Projects/etlX/venv/lib/python3.9/site-packages/airflow/example_dags/example_branch_labels.py
[2025-10-14 14:58:36,091] {processor.py:651} INFO - DAG(s) dict_keys(['example_branch_labels']) retrieved from /root/Projects/etlX/venv/lib/python3.9/site-packages/airflow/example_dags/example_branch_labels.py
[2025-10-14 14:58:36,114] {logging_mixin.py:115} INFO - [2025-10-14 14:58:36,114] {dag.py:2379} INFO - Sync 1 DAGs
[2025-10-14 14:58:36,134] {logging_mixin.py:115} INFO - [2025-10-14 14:58:36,134] {dag.py:2927} INFO - Setting next_dagrun for example_branch_labels to 2025-10-13T00:00:00+00:00, run_after=2025-10-14T00:00:00+00:00
[2025-10-14 14:58:36,146] {processor.py:161} INFO - Processing /root/Projects/etlX/venv/lib/python3.9/site-packages/airflow/example_dags/example_branch_labels.py took 0.072 seconds
[2025-10-14 14:59:08,924] {processor.py:153} INFO - Started process (PID=13932) to work on /root/Projects/etlX/venv/lib/python3.9/site-packages/airflow/example_dags/example_branch_labels.py
[2025-10-14 14:59:08,924] {processor.py:641} INFO - Processing file /root/Projects/etlX/venv/lib/python3.9/site-packages/airflow/example_dags/example_branch_labels.py for tasks to queue
[2025-10-14 14:59:08,925] {logging_mixin.py:115} INFO - [2025-10-14 14:59:08,925] {dagbag.py:507} INFO - Filling up the DagBag from /root/Projects/etlX/venv/lib/python3.9/site-packages/airflow/example_dags/example_branch_labels.py
[2025-10-14 14:59:08,932] {processor.py:651} INFO - DAG(s) dict_keys(['example_branch_labels']) retrieved from /root/Projects/etlX/venv/lib/python3.9/site-packages/airflow/example_dags/example_branch_labels.py
[2025-10-14 14:59:08,953] {logging_mixin.py:115} INFO - [2025-10-14 14:59:08,953] {dag.py:2379} INFO - Sync 1 DAGs
[2025-10-14 14:59:08,973] {logging_mixin.py:115} INFO - [2025-10-14 14:59:08,973] {dag.py:2927} INFO - Setting next_dagrun for example_branch_labels to 2025-10-13T00:00:00+00:00, run_after=2025-10-14T00:00:00+00:00
[2025-10-14 14:59:08,983] {processor.py:161} INFO - Processing /root/Projects/etlX/venv/lib/python3.9/site-packages/airflow/example_dags/example_branch_labels.py took 0.064 seconds
[2025-10-14 14:59:47,486] {processor.py:153} INFO - Started process (PID=13996) to work on /root/Projects/etlX/venv/lib/python3.9/site-packages/airflow/example_dags/example_branch_labels.py
[2025-10-14 14:59:47,486] {processor.py:641} INFO - Processing file /root/Projects/etlX/venv/lib/python3.9/site-packages/airflow/example_dags/example_branch_labels.py for tasks to queue
[2025-10-14 14:59:47,487] {logging_mixin.py:115} INFO - [2025-10-14 14:59:47,487] {dagbag.py:507} INFO - Filling up the DagBag from /root/Projects/etlX/venv/lib/python3.9/site-packages/airflow/example_dags/example_branch_labels.py
[2025-10-14 14:59:47,496] {processor.py:651} INFO - DAG(s) dict_keys(['example_branch_labels']) retrieved from /root/Projects/etlX/venv/lib/python3.9/site-packages/airflow/example_dags/example_branch_labels.py
[2025-10-14 14:59:47,518] {logging_mixin.py:115} INFO - [2025-10-14 14:59:47,518] {dag.py:2379} INFO - Sync 1 DAGs
[2025-10-14 14:59:47,546] {logging_mixin.py:115} INFO - [2025-10-14 14:59:47,546] {dag.py:2927} INFO - Setting next_dagrun for example_branch_labels to 2025-10-13T00:00:00+00:00, run_after=2025-10-14T00:00:00+00:00
[2025-10-14 14:59:47,561] {processor.py:161} INFO - Processing /root/Projects/etlX/venv/lib/python3.9/site-packages/airflow/example_dags/example_branch_labels.py took 0.081 seconds
[2025-10-14 15:00:20,370] {processor.py:153} INFO - Started process (PID=14052) to work on /root/Projects/etlX/venv/lib/python3.9/site-packages/airflow/example_dags/example_branch_labels.py
[2025-10-14 15:00:20,371] {processor.py:641} INFO - Processing file /root/Projects/etlX/venv/lib/python3.9/site-packages/airflow/example_dags/example_branch_labels.py for tasks to queue
[2025-10-14 15:00:20,371] {logging_mixin.py:115} INFO - [2025-10-14 15:00:20,371] {dagbag.py:507} INFO - Filling up the DagBag from /root/Projects/etlX/venv/lib/python3.9/site-packages/airflow/example_dags/example_branch_labels.py
[2025-10-14 15:00:20,380] {processor.py:651} INFO - DAG(s) dict_keys(['example_branch_labels']) retrieved from /root/Projects/etlX/venv/lib/python3.9/site-packages/airflow/example_dags/example_branch_labels.py
[2025-10-14 15:00:20,400] {logging_mixin.py:115} INFO - [2025-10-14 15:00:20,400] {dag.py:2379} INFO - Sync 1 DAGs
[2025-10-14 15:00:20,421] {logging_mixin.py:115} INFO - [2025-10-14 15:00:20,421] {dag.py:2927} INFO - Setting next_dagrun for example_branch_labels to 2025-10-13T00:00:00+00:00, run_after=2025-10-14T00:00:00+00:00
[2025-10-14 15:00:20,431] {processor.py:161} INFO - Processing /root/Projects/etlX/venv/lib/python3.9/site-packages/airflow/example_dags/example_branch_labels.py took 0.066 seconds
[2025-10-14 15:00:55,168] {processor.py:153} INFO - Started process (PID=14314) to work on /root/Projects/etlX/venv/lib/python3.9/site-packages/airflow/example_dags/example_branch_labels.py
[2025-10-14 15:00:55,169] {processor.py:641} INFO - Processing file /root/Projects/etlX/venv/lib/python3.9/site-packages/airflow/example_dags/example_branch_labels.py for tasks to queue
[2025-10-14 15:00:55,169] {logging_mixin.py:115} INFO - [2025-10-14 15:00:55,169] {dagbag.py:507} INFO - Filling up the DagBag from /root/Projects/etlX/venv/lib/python3.9/site-packages/airflow/example_dags/example_branch_labels.py
[2025-10-14 15:00:55,178] {processor.py:651} INFO - DAG(s) dict_keys(['example_branch_labels']) retrieved from /root/Projects/etlX/venv/lib/python3.9/site-packages/airflow/example_dags/example_branch_labels.py
[2025-10-14 15:00:55,199] {logging_mixin.py:115} INFO - [2025-10-14 15:00:55,199] {dag.py:2379} INFO - Sync 1 DAGs
[2025-10-14 15:00:55,222] {logging_mixin.py:115} INFO - [2025-10-14 15:00:55,221] {dag.py:2927} INFO - Setting next_dagrun for example_branch_labels to 2025-10-13T00:00:00+00:00, run_after=2025-10-14T00:00:00+00:00
[2025-10-14 15:00:55,233] {processor.py:161} INFO - Processing /root/Projects/etlX/venv/lib/python3.9/site-packages/airflow/example_dags/example_branch_labels.py took 0.070 seconds
[2025-10-14 15:01:28,494] {processor.py:153} INFO - Started process (PID=14474) to work on /root/Projects/etlX/venv/lib/python3.9/site-packages/airflow/example_dags/example_branch_labels.py
[2025-10-14 15:01:28,494] {processor.py:641} INFO - Processing file /root/Projects/etlX/venv/lib/python3.9/site-packages/airflow/example_dags/example_branch_labels.py for tasks to queue
[2025-10-14 15:01:28,496] {logging_mixin.py:115} INFO - [2025-10-14 15:01:28,496] {dagbag.py:507} INFO - Filling up the DagBag from /root/Projects/etlX/venv/lib/python3.9/site-packages/airflow/example_dags/example_branch_labels.py
[2025-10-14 15:01:28,505] {processor.py:651} INFO - DAG(s) dict_keys(['example_branch_labels']) retrieved from /root/Projects/etlX/venv/lib/python3.9/site-packages/airflow/example_dags/example_branch_labels.py
[2025-10-14 15:01:28,530] {logging_mixin.py:115} INFO - [2025-10-14 15:01:28,530] {dag.py:2379} INFO - Sync 1 DAGs
[2025-10-14 15:01:28,558] {logging_mixin.py:115} INFO - [2025-10-14 15:01:28,558] {dag.py:2927} INFO - Setting next_dagrun for example_branch_labels to 2025-10-13T00:00:00+00:00, run_after=2025-10-14T00:00:00+00:00
[2025-10-14 15:01:28,572] {processor.py:161} INFO - Processing /root/Projects/etlX/venv/lib/python3.9/site-packages/airflow/example_dags/example_branch_labels.py took 0.084 seconds
[2025-10-14 15:02:03,880] {processor.py:153} INFO - Started process (PID=14786) to work on /root/Projects/etlX/venv/lib/python3.9/site-packages/airflow/example_dags/example_branch_labels.py
[2025-10-14 15:02:03,881] {processor.py:641} INFO - Processing file /root/Projects/etlX/venv/lib/python3.9/site-packages/airflow/example_dags/example_branch_labels.py for tasks to queue
[2025-10-14 15:02:03,881] {logging_mixin.py:115} INFO - [2025-10-14 15:02:03,881] {dagbag.py:507} INFO - Filling up the DagBag from /root/Projects/etlX/venv/lib/python3.9/site-packages/airflow/example_dags/example_branch_labels.py
[2025-10-14 15:02:03,889] {processor.py:651} INFO - DAG(s) dict_keys(['example_branch_labels']) retrieved from /root/Projects/etlX/venv/lib/python3.9/site-packages/airflow/example_dags/example_branch_labels.py
[2025-10-14 15:02:03,910] {logging_mixin.py:115} INFO - [2025-10-14 15:02:03,910] {dag.py:2379} INFO - Sync 1 DAGs
[2025-10-14 15:02:03,933] {logging_mixin.py:115} INFO - [2025-10-14 15:02:03,933] {dag.py:2927} INFO - Setting next_dagrun for example_branch_labels to 2025-10-13T00:00:00+00:00, run_after=2025-10-14T00:00:00+00:00
[2025-10-14 15:02:03,943] {processor.py:161} INFO - Processing /root/Projects/etlX/venv/lib/python3.9/site-packages/airflow/example_dags/example_branch_labels.py took 0.068 seconds
[2025-10-14 15:02:37,735] {processor.py:153} INFO - Started process (PID=14846) to work on /root/Projects/etlX/venv/lib/python3.9/site-packages/airflow/example_dags/example_branch_labels.py
[2025-10-14 15:02:37,735] {processor.py:641} INFO - Processing file /root/Projects/etlX/venv/lib/python3.9/site-packages/airflow/example_dags/example_branch_labels.py for tasks to queue
[2025-10-14 15:02:37,736] {logging_mixin.py:115} INFO - [2025-10-14 15:02:37,736] {dagbag.py:507} INFO - Filling up the DagBag from /root/Projects/etlX/venv/lib/python3.9/site-packages/airflow/example_dags/example_branch_labels.py
[2025-10-14 15:02:37,753] {processor.py:651} INFO - DAG(s) dict_keys(['example_branch_labels']) retrieved from /root/Projects/etlX/venv/lib/python3.9/site-packages/airflow/example_dags/example_branch_labels.py
[2025-10-14 15:02:37,778] {logging_mixin.py:115} INFO - [2025-10-14 15:02:37,778] {dag.py:2379} INFO - Sync 1 DAGs
[2025-10-14 15:02:37,811] {logging_mixin.py:115} INFO - [2025-10-14 15:02:37,811] {dag.py:2927} INFO - Setting next_dagrun for example_branch_labels to 2025-10-13T00:00:00+00:00, run_after=2025-10-14T00:00:00+00:00
[2025-10-14 15:02:37,828] {processor.py:161} INFO - Processing /root/Projects/etlX/venv/lib/python3.9/site-packages/airflow/example_dags/example_branch_labels.py took 0.099 seconds
[2025-10-14 15:03:10,150] {processor.py:153} INFO - Started process (PID=15003) to work on /root/Projects/etlX/venv/lib/python3.9/site-packages/airflow/example_dags/example_branch_labels.py
[2025-10-14 15:03:10,150] {processor.py:641} INFO - Processing file /root/Projects/etlX/venv/lib/python3.9/site-packages/airflow/example_dags/example_branch_labels.py for tasks to queue
[2025-10-14 15:03:10,151] {logging_mixin.py:115} INFO - [2025-10-14 15:03:10,151] {dagbag.py:507} INFO - Filling up the DagBag from /root/Projects/etlX/venv/lib/python3.9/site-packages/airflow/example_dags/example_branch_labels.py
[2025-10-14 15:03:10,159] {processor.py:651} INFO - DAG(s) dict_keys(['example_branch_labels']) retrieved from /root/Projects/etlX/venv/lib/python3.9/site-packages/airflow/example_dags/example_branch_labels.py
[2025-10-14 15:03:10,182] {logging_mixin.py:115} INFO - [2025-10-14 15:03:10,182] {dag.py:2379} INFO - Sync 1 DAGs
[2025-10-14 15:03:10,205] {logging_mixin.py:115} INFO - [2025-10-14 15:03:10,204] {dag.py:2927} INFO - Setting next_dagrun for example_branch_labels to 2025-10-13T00:00:00+00:00, run_after=2025-10-14T00:00:00+00:00
[2025-10-14 15:03:10,216] {processor.py:161} INFO - Processing /root/Projects/etlX/venv/lib/python3.9/site-packages/airflow/example_dags/example_branch_labels.py took 0.071 seconds
[2025-10-14 15:10:11,767] {processor.py:153} INFO - Started process (PID=15911) to work on /root/Projects/etlX/venv/lib/python3.9/site-packages/airflow/example_dags/example_branch_labels.py
[2025-10-14 15:10:11,768] {processor.py:641} INFO - Processing file /root/Projects/etlX/venv/lib/python3.9/site-packages/airflow/example_dags/example_branch_labels.py for tasks to queue
[2025-10-14 15:10:11,769] {logging_mixin.py:115} INFO - [2025-10-14 15:10:11,768] {dagbag.py:507} INFO - Filling up the DagBag from /root/Projects/etlX/venv/lib/python3.9/site-packages/airflow/example_dags/example_branch_labels.py
[2025-10-14 15:10:11,779] {processor.py:651} INFO - DAG(s) dict_keys(['example_branch_labels']) retrieved from /root/Projects/etlX/venv/lib/python3.9/site-packages/airflow/example_dags/example_branch_labels.py
[2025-10-14 15:10:11,803] {logging_mixin.py:115} INFO - [2025-10-14 15:10:11,803] {dag.py:2379} INFO - Sync 1 DAGs
[2025-10-14 15:10:11,829] {logging_mixin.py:115} INFO - [2025-10-14 15:10:11,829] {dag.py:2927} INFO - Setting next_dagrun for example_branch_labels to 2025-10-13T00:00:00+00:00, run_after=2025-10-14T00:00:00+00:00
[2025-10-14 15:10:11,844] {processor.py:161} INFO - Processing /root/Projects/etlX/venv/lib/python3.9/site-packages/airflow/example_dags/example_branch_labels.py took 0.082 seconds
[2025-10-14 15:10:46,152] {processor.py:153} INFO - Started process (PID=15966) to work on /root/Projects/etlX/venv/lib/python3.9/site-packages/airflow/example_dags/example_branch_labels.py
[2025-10-14 15:10:46,153] {processor.py:641} INFO - Processing file /root/Projects/etlX/venv/lib/python3.9/site-packages/airflow/example_dags/example_branch_labels.py for tasks to queue
[2025-10-14 15:10:46,154] {logging_mixin.py:115} INFO - [2025-10-14 15:10:46,154] {dagbag.py:507} INFO - Filling up the DagBag from /root/Projects/etlX/venv/lib/python3.9/site-packages/airflow/example_dags/example_branch_labels.py
[2025-10-14 15:10:46,162] {processor.py:651} INFO - DAG(s) dict_keys(['example_branch_labels']) retrieved from /root/Projects/etlX/venv/lib/python3.9/site-packages/airflow/example_dags/example_branch_labels.py
[2025-10-14 15:10:46,184] {logging_mixin.py:115} INFO - [2025-10-14 15:10:46,184] {dag.py:2379} INFO - Sync 1 DAGs
[2025-10-14 15:10:46,207] {logging_mixin.py:115} INFO - [2025-10-14 15:10:46,206] {dag.py:2927} INFO - Setting next_dagrun for example_branch_labels to 2025-10-13T00:00:00+00:00, run_after=2025-10-14T00:00:00+00:00
[2025-10-14 15:10:46,219] {processor.py:161} INFO - Processing /root/Projects/etlX/venv/lib/python3.9/site-packages/airflow/example_dags/example_branch_labels.py took 0.071 seconds
[2025-10-14 15:11:22,834] {processor.py:153} INFO - Started process (PID=16129) to work on /root/Projects/etlX/venv/lib/python3.9/site-packages/airflow/example_dags/example_branch_labels.py
[2025-10-14 15:11:22,835] {processor.py:641} INFO - Processing file /root/Projects/etlX/venv/lib/python3.9/site-packages/airflow/example_dags/example_branch_labels.py for tasks to queue
[2025-10-14 15:11:22,836] {logging_mixin.py:115} INFO - [2025-10-14 15:11:22,836] {dagbag.py:507} INFO - Filling up the DagBag from /root/Projects/etlX/venv/lib/python3.9/site-packages/airflow/example_dags/example_branch_labels.py
[2025-10-14 15:11:22,844] {processor.py:651} INFO - DAG(s) dict_keys(['example_branch_labels']) retrieved from /root/Projects/etlX/venv/lib/python3.9/site-packages/airflow/example_dags/example_branch_labels.py
[2025-10-14 15:11:22,867] {logging_mixin.py:115} INFO - [2025-10-14 15:11:22,867] {dag.py:2379} INFO - Sync 1 DAGs
[2025-10-14 15:11:22,892] {logging_mixin.py:115} INFO - [2025-10-14 15:11:22,892] {dag.py:2927} INFO - Setting next_dagrun for example_branch_labels to 2025-10-13T00:00:00+00:00, run_after=2025-10-14T00:00:00+00:00
[2025-10-14 15:11:22,906] {processor.py:161} INFO - Processing /root/Projects/etlX/venv/lib/python3.9/site-packages/airflow/example_dags/example_branch_labels.py took 0.076 seconds
[2025-10-14 15:11:56,542] {processor.py:153} INFO - Started process (PID=16187) to work on /root/Projects/etlX/venv/lib/python3.9/site-packages/airflow/example_dags/example_branch_labels.py
[2025-10-14 15:11:56,543] {processor.py:641} INFO - Processing file /root/Projects/etlX/venv/lib/python3.9/site-packages/airflow/example_dags/example_branch_labels.py for tasks to queue
[2025-10-14 15:11:56,544] {logging_mixin.py:115} INFO - [2025-10-14 15:11:56,544] {dagbag.py:507} INFO - Filling up the DagBag from /root/Projects/etlX/venv/lib/python3.9/site-packages/airflow/example_dags/example_branch_labels.py
[2025-10-14 15:11:56,554] {processor.py:651} INFO - DAG(s) dict_keys(['example_branch_labels']) retrieved from /root/Projects/etlX/venv/lib/python3.9/site-packages/airflow/example_dags/example_branch_labels.py
[2025-10-14 15:11:56,580] {logging_mixin.py:115} INFO - [2025-10-14 15:11:56,580] {dag.py:2379} INFO - Sync 1 DAGs
[2025-10-14 15:11:56,607] {logging_mixin.py:115} INFO - [2025-10-14 15:11:56,607] {dag.py:2927} INFO - Setting next_dagrun for example_branch_labels to 2025-10-13T00:00:00+00:00, run_after=2025-10-14T00:00:00+00:00
[2025-10-14 15:11:56,622] {processor.py:161} INFO - Processing /root/Projects/etlX/venv/lib/python3.9/site-packages/airflow/example_dags/example_branch_labels.py took 0.088 seconds
[2025-10-14 15:12:31,464] {processor.py:153} INFO - Started process (PID=16243) to work on /root/Projects/etlX/venv/lib/python3.9/site-packages/airflow/example_dags/example_branch_labels.py
[2025-10-14 15:12:31,465] {processor.py:641} INFO - Processing file /root/Projects/etlX/venv/lib/python3.9/site-packages/airflow/example_dags/example_branch_labels.py for tasks to queue
[2025-10-14 15:12:31,466] {logging_mixin.py:115} INFO - [2025-10-14 15:12:31,465] {dagbag.py:507} INFO - Filling up the DagBag from /root/Projects/etlX/venv/lib/python3.9/site-packages/airflow/example_dags/example_branch_labels.py
[2025-10-14 15:12:31,473] {processor.py:651} INFO - DAG(s) dict_keys(['example_branch_labels']) retrieved from /root/Projects/etlX/venv/lib/python3.9/site-packages/airflow/example_dags/example_branch_labels.py
[2025-10-14 15:12:31,494] {logging_mixin.py:115} INFO - [2025-10-14 15:12:31,494] {dag.py:2379} INFO - Sync 1 DAGs
[2025-10-14 15:12:31,516] {logging_mixin.py:115} INFO - [2025-10-14 15:12:31,516] {dag.py:2927} INFO - Setting next_dagrun for example_branch_labels to 2025-10-13T00:00:00+00:00, run_after=2025-10-14T00:00:00+00:00
[2025-10-14 15:12:31,528] {processor.py:161} INFO - Processing /root/Projects/etlX/venv/lib/python3.9/site-packages/airflow/example_dags/example_branch_labels.py took 0.068 seconds
[2025-10-14 15:13:04,440] {processor.py:153} INFO - Started process (PID=16301) to work on /root/Projects/etlX/venv/lib/python3.9/site-packages/airflow/example_dags/example_branch_labels.py
[2025-10-14 15:13:04,441] {processor.py:641} INFO - Processing file /root/Projects/etlX/venv/lib/python3.9/site-packages/airflow/example_dags/example_branch_labels.py for tasks to queue
[2025-10-14 15:13:04,442] {logging_mixin.py:115} INFO - [2025-10-14 15:13:04,442] {dagbag.py:507} INFO - Filling up the DagBag from /root/Projects/etlX/venv/lib/python3.9/site-packages/airflow/example_dags/example_branch_labels.py
[2025-10-14 15:13:04,453] {processor.py:651} INFO - DAG(s) dict_keys(['example_branch_labels']) retrieved from /root/Projects/etlX/venv/lib/python3.9/site-packages/airflow/example_dags/example_branch_labels.py
[2025-10-14 15:13:04,473] {logging_mixin.py:115} INFO - [2025-10-14 15:13:04,473] {dag.py:2379} INFO - Sync 1 DAGs
[2025-10-14 15:13:04,493] {logging_mixin.py:115} INFO - [2025-10-14 15:13:04,493] {dag.py:2927} INFO - Setting next_dagrun for example_branch_labels to 2025-10-13T00:00:00+00:00, run_after=2025-10-14T00:00:00+00:00
[2025-10-14 15:13:04,503] {processor.py:161} INFO - Processing /root/Projects/etlX/venv/lib/python3.9/site-packages/airflow/example_dags/example_branch_labels.py took 0.069 seconds
[2025-10-14 15:13:41,022] {processor.py:153} INFO - Started process (PID=16361) to work on /root/Projects/etlX/venv/lib/python3.9/site-packages/airflow/example_dags/example_branch_labels.py
[2025-10-14 15:13:41,023] {processor.py:641} INFO - Processing file /root/Projects/etlX/venv/lib/python3.9/site-packages/airflow/example_dags/example_branch_labels.py for tasks to queue
[2025-10-14 15:13:41,024] {logging_mixin.py:115} INFO - [2025-10-14 15:13:41,024] {dagbag.py:507} INFO - Filling up the DagBag from /root/Projects/etlX/venv/lib/python3.9/site-packages/airflow/example_dags/example_branch_labels.py
[2025-10-14 15:13:41,032] {processor.py:651} INFO - DAG(s) dict_keys(['example_branch_labels']) retrieved from /root/Projects/etlX/venv/lib/python3.9/site-packages/airflow/example_dags/example_branch_labels.py
[2025-10-14 15:13:41,055] {logging_mixin.py:115} INFO - [2025-10-14 15:13:41,055] {dag.py:2379} INFO - Sync 1 DAGs
[2025-10-14 15:13:41,079] {logging_mixin.py:115} INFO - [2025-10-14 15:13:41,079] {dag.py:2927} INFO - Setting next_dagrun for example_branch_labels to 2025-10-13T00:00:00+00:00, run_after=2025-10-14T00:00:00+00:00
[2025-10-14 15:13:41,092] {processor.py:161} INFO - Processing /root/Projects/etlX/venv/lib/python3.9/site-packages/airflow/example_dags/example_branch_labels.py took 0.074 seconds
[2025-10-14 15:14:14,301] {processor.py:153} INFO - Started process (PID=16417) to work on /root/Projects/etlX/venv/lib/python3.9/site-packages/airflow/example_dags/example_branch_labels.py
[2025-10-14 15:14:14,302] {processor.py:641} INFO - Processing file /root/Projects/etlX/venv/lib/python3.9/site-packages/airflow/example_dags/example_branch_labels.py for tasks to queue
[2025-10-14 15:14:14,302] {logging_mixin.py:115} INFO - [2025-10-14 15:14:14,302] {dagbag.py:507} INFO - Filling up the DagBag from /root/Projects/etlX/venv/lib/python3.9/site-packages/airflow/example_dags/example_branch_labels.py
[2025-10-14 15:14:14,314] {processor.py:651} INFO - DAG(s) dict_keys(['example_branch_labels']) retrieved from /root/Projects/etlX/venv/lib/python3.9/site-packages/airflow/example_dags/example_branch_labels.py
[2025-10-14 15:14:14,337] {logging_mixin.py:115} INFO - [2025-10-14 15:14:14,337] {dag.py:2379} INFO - Sync 1 DAGs
[2025-10-14 15:14:14,357] {logging_mixin.py:115} INFO - [2025-10-14 15:14:14,357] {dag.py:2927} INFO - Setting next_dagrun for example_branch_labels to 2025-10-13T00:00:00+00:00, run_after=2025-10-14T00:00:00+00:00
[2025-10-14 15:14:14,367] {processor.py:161} INFO - Processing /root/Projects/etlX/venv/lib/python3.9/site-packages/airflow/example_dags/example_branch_labels.py took 0.074 seconds
[2025-10-14 15:14:49,421] {processor.py:153} INFO - Started process (PID=16527) to work on /root/Projects/etlX/venv/lib/python3.9/site-packages/airflow/example_dags/example_branch_labels.py
[2025-10-14 15:14:49,422] {processor.py:641} INFO - Processing file /root/Projects/etlX/venv/lib/python3.9/site-packages/airflow/example_dags/example_branch_labels.py for tasks to queue
[2025-10-14 15:14:49,423] {logging_mixin.py:115} INFO - [2025-10-14 15:14:49,423] {dagbag.py:507} INFO - Filling up the DagBag from /root/Projects/etlX/venv/lib/python3.9/site-packages/airflow/example_dags/example_branch_labels.py
[2025-10-14 15:14:49,438] {processor.py:651} INFO - DAG(s) dict_keys(['example_branch_labels']) retrieved from /root/Projects/etlX/venv/lib/python3.9/site-packages/airflow/example_dags/example_branch_labels.py
[2025-10-14 15:14:49,474] {logging_mixin.py:115} INFO - [2025-10-14 15:14:49,474] {dag.py:2379} INFO - Sync 1 DAGs
[2025-10-14 15:14:49,499] {logging_mixin.py:115} INFO - [2025-10-14 15:14:49,499] {dag.py:2927} INFO - Setting next_dagrun for example_branch_labels to 2025-10-13T00:00:00+00:00, run_after=2025-10-14T00:00:00+00:00
[2025-10-14 15:14:49,510] {processor.py:161} INFO - Processing /root/Projects/etlX/venv/lib/python3.9/site-packages/airflow/example_dags/example_branch_labels.py took 0.096 seconds
[2025-10-14 15:15:26,381] {processor.py:153} INFO - Started process (PID=16587) to work on /root/Projects/etlX/venv/lib/python3.9/site-packages/airflow/example_dags/example_branch_labels.py
[2025-10-14 15:15:26,382] {processor.py:641} INFO - Processing file /root/Projects/etlX/venv/lib/python3.9/site-packages/airflow/example_dags/example_branch_labels.py for tasks to queue
[2025-10-14 15:15:26,383] {logging_mixin.py:115} INFO - [2025-10-14 15:15:26,382] {dagbag.py:507} INFO - Filling up the DagBag from /root/Projects/etlX/venv/lib/python3.9/site-packages/airflow/example_dags/example_branch_labels.py
[2025-10-14 15:15:26,391] {processor.py:651} INFO - DAG(s) dict_keys(['example_branch_labels']) retrieved from /root/Projects/etlX/venv/lib/python3.9/site-packages/airflow/example_dags/example_branch_labels.py
[2025-10-14 15:15:26,412] {logging_mixin.py:115} INFO - [2025-10-14 15:15:26,412] {dag.py:2379} INFO - Sync 1 DAGs
[2025-10-14 15:15:26,433] {logging_mixin.py:115} INFO - [2025-10-14 15:15:26,433] {dag.py:2927} INFO - Setting next_dagrun for example_branch_labels to 2025-10-13T00:00:00+00:00, run_after=2025-10-14T00:00:00+00:00
[2025-10-14 15:15:26,444] {processor.py:161} INFO - Processing /root/Projects/etlX/venv/lib/python3.9/site-packages/airflow/example_dags/example_branch_labels.py took 0.071 seconds
[2025-10-14 15:16:01,760] {processor.py:153} INFO - Started process (PID=16646) to work on /root/Projects/etlX/venv/lib/python3.9/site-packages/airflow/example_dags/example_branch_labels.py
[2025-10-14 15:16:01,761] {processor.py:641} INFO - Processing file /root/Projects/etlX/venv/lib/python3.9/site-packages/airflow/example_dags/example_branch_labels.py for tasks to queue
[2025-10-14 15:16:01,762] {logging_mixin.py:115} INFO - [2025-10-14 15:16:01,761] {dagbag.py:507} INFO - Filling up the DagBag from /root/Projects/etlX/venv/lib/python3.9/site-packages/airflow/example_dags/example_branch_labels.py
[2025-10-14 15:16:01,769] {processor.py:651} INFO - DAG(s) dict_keys(['example_branch_labels']) retrieved from /root/Projects/etlX/venv/lib/python3.9/site-packages/airflow/example_dags/example_branch_labels.py
[2025-10-14 15:16:01,789] {logging_mixin.py:115} INFO - [2025-10-14 15:16:01,789] {dag.py:2379} INFO - Sync 1 DAGs
[2025-10-14 15:16:01,809] {logging_mixin.py:115} INFO - [2025-10-14 15:16:01,809] {dag.py:2927} INFO - Setting next_dagrun for example_branch_labels to 2025-10-13T00:00:00+00:00, run_after=2025-10-14T00:00:00+00:00
[2025-10-14 15:16:01,819] {processor.py:161} INFO - Processing /root/Projects/etlX/venv/lib/python3.9/site-packages/airflow/example_dags/example_branch_labels.py took 0.064 seconds
[2025-10-14 15:16:37,208] {processor.py:153} INFO - Started process (PID=16912) to work on /root/Projects/etlX/venv/lib/python3.9/site-packages/airflow/example_dags/example_branch_labels.py
[2025-10-14 15:16:37,209] {processor.py:641} INFO - Processing file /root/Projects/etlX/venv/lib/python3.9/site-packages/airflow/example_dags/example_branch_labels.py for tasks to queue
[2025-10-14 15:16:37,210] {logging_mixin.py:115} INFO - [2025-10-14 15:16:37,210] {dagbag.py:507} INFO - Filling up the DagBag from /root/Projects/etlX/venv/lib/python3.9/site-packages/airflow/example_dags/example_branch_labels.py
[2025-10-14 15:16:37,218] {processor.py:651} INFO - DAG(s) dict_keys(['example_branch_labels']) retrieved from /root/Projects/etlX/venv/lib/python3.9/site-packages/airflow/example_dags/example_branch_labels.py
[2025-10-14 15:16:37,239] {logging_mixin.py:115} INFO - [2025-10-14 15:16:37,239] {dag.py:2379} INFO - Sync 1 DAGs
[2025-10-14 15:16:37,262] {logging_mixin.py:115} INFO - [2025-10-14 15:16:37,261] {dag.py:2927} INFO - Setting next_dagrun for example_branch_labels to 2025-10-13T00:00:00+00:00, run_after=2025-10-14T00:00:00+00:00
[2025-10-14 15:16:37,275] {processor.py:161} INFO - Processing /root/Projects/etlX/venv/lib/python3.9/site-packages/airflow/example_dags/example_branch_labels.py took 0.080 seconds
[2025-10-14 15:17:11,734] {processor.py:153} INFO - Started process (PID=17073) to work on /root/Projects/etlX/venv/lib/python3.9/site-packages/airflow/example_dags/example_branch_labels.py
[2025-10-14 15:17:11,735] {processor.py:641} INFO - Processing file /root/Projects/etlX/venv/lib/python3.9/site-packages/airflow/example_dags/example_branch_labels.py for tasks to queue
[2025-10-14 15:17:11,735] {logging_mixin.py:115} INFO - [2025-10-14 15:17:11,735] {dagbag.py:507} INFO - Filling up the DagBag from /root/Projects/etlX/venv/lib/python3.9/site-packages/airflow/example_dags/example_branch_labels.py
[2025-10-14 15:17:11,743] {processor.py:651} INFO - DAG(s) dict_keys(['example_branch_labels']) retrieved from /root/Projects/etlX/venv/lib/python3.9/site-packages/airflow/example_dags/example_branch_labels.py
[2025-10-14 15:17:11,764] {logging_mixin.py:115} INFO - [2025-10-14 15:17:11,764] {dag.py:2379} INFO - Sync 1 DAGs
[2025-10-14 15:17:11,786] {logging_mixin.py:115} INFO - [2025-10-14 15:17:11,785] {dag.py:2927} INFO - Setting next_dagrun for example_branch_labels to 2025-10-13T00:00:00+00:00, run_after=2025-10-14T00:00:00+00:00
[2025-10-14 15:17:11,798] {processor.py:161} INFO - Processing /root/Projects/etlX/venv/lib/python3.9/site-packages/airflow/example_dags/example_branch_labels.py took 0.070 seconds
[2025-10-14 15:17:47,294] {processor.py:153} INFO - Started process (PID=17231) to work on /root/Projects/etlX/venv/lib/python3.9/site-packages/airflow/example_dags/example_branch_labels.py
[2025-10-14 15:17:47,295] {processor.py:641} INFO - Processing file /root/Projects/etlX/venv/lib/python3.9/site-packages/airflow/example_dags/example_branch_labels.py for tasks to queue
[2025-10-14 15:17:47,296] {logging_mixin.py:115} INFO - [2025-10-14 15:17:47,296] {dagbag.py:507} INFO - Filling up the DagBag from /root/Projects/etlX/venv/lib/python3.9/site-packages/airflow/example_dags/example_branch_labels.py
[2025-10-14 15:17:47,310] {processor.py:651} INFO - DAG(s) dict_keys(['example_branch_labels']) retrieved from /root/Projects/etlX/venv/lib/python3.9/site-packages/airflow/example_dags/example_branch_labels.py
[2025-10-14 15:17:47,350] {logging_mixin.py:115} INFO - [2025-10-14 15:17:47,350] {dag.py:2379} INFO - Sync 1 DAGs
[2025-10-14 15:17:47,397] {logging_mixin.py:115} INFO - [2025-10-14 15:17:47,397] {dag.py:2927} INFO - Setting next_dagrun for example_branch_labels to 2025-10-13T00:00:00+00:00, run_after=2025-10-14T00:00:00+00:00
[2025-10-14 15:17:47,418] {processor.py:161} INFO - Processing /root/Projects/etlX/venv/lib/python3.9/site-packages/airflow/example_dags/example_branch_labels.py took 0.153 seconds
[2025-10-14 15:59:08,784] {processor.py:153} INFO - Started process (PID=19999) to work on /root/Projects/etlX/venv/lib/python3.9/site-packages/airflow/example_dags/example_branch_labels.py
[2025-10-14 15:59:08,784] {processor.py:641} INFO - Processing file /root/Projects/etlX/venv/lib/python3.9/site-packages/airflow/example_dags/example_branch_labels.py for tasks to queue
[2025-10-14 15:59:08,785] {logging_mixin.py:115} INFO - [2025-10-14 15:59:08,785] {dagbag.py:507} INFO - Filling up the DagBag from /root/Projects/etlX/venv/lib/python3.9/site-packages/airflow/example_dags/example_branch_labels.py
[2025-10-14 15:59:08,793] {processor.py:651} INFO - DAG(s) dict_keys(['example_branch_labels']) retrieved from /root/Projects/etlX/venv/lib/python3.9/site-packages/airflow/example_dags/example_branch_labels.py
[2025-10-14 15:59:08,813] {logging_mixin.py:115} INFO - [2025-10-14 15:59:08,813] {dag.py:2379} INFO - Sync 1 DAGs
[2025-10-14 15:59:08,834] {logging_mixin.py:115} INFO - [2025-10-14 15:59:08,834] {dag.py:2927} INFO - Setting next_dagrun for example_branch_labels to 2025-10-13T00:00:00+00:00, run_after=2025-10-14T00:00:00+00:00
[2025-10-14 15:59:08,846] {processor.py:161} INFO - Processing /root/Projects/etlX/venv/lib/python3.9/site-packages/airflow/example_dags/example_branch_labels.py took 0.066 seconds
[2025-10-14 15:59:42,270] {processor.py:153} INFO - Started process (PID=20108) to work on /root/Projects/etlX/venv/lib/python3.9/site-packages/airflow/example_dags/example_branch_labels.py
[2025-10-14 15:59:42,271] {processor.py:641} INFO - Processing file /root/Projects/etlX/venv/lib/python3.9/site-packages/airflow/example_dags/example_branch_labels.py for tasks to queue
[2025-10-14 15:59:42,271] {logging_mixin.py:115} INFO - [2025-10-14 15:59:42,271] {dagbag.py:507} INFO - Filling up the DagBag from /root/Projects/etlX/venv/lib/python3.9/site-packages/airflow/example_dags/example_branch_labels.py
[2025-10-14 15:59:42,279] {processor.py:651} INFO - DAG(s) dict_keys(['example_branch_labels']) retrieved from /root/Projects/etlX/venv/lib/python3.9/site-packages/airflow/example_dags/example_branch_labels.py
[2025-10-14 15:59:42,299] {logging_mixin.py:115} INFO - [2025-10-14 15:59:42,299] {dag.py:2379} INFO - Sync 1 DAGs
[2025-10-14 15:59:42,319] {logging_mixin.py:115} INFO - [2025-10-14 15:59:42,319] {dag.py:2927} INFO - Setting next_dagrun for example_branch_labels to 2025-10-13T00:00:00+00:00, run_after=2025-10-14T00:00:00+00:00
[2025-10-14 15:59:42,329] {processor.py:161} INFO - Processing /root/Projects/etlX/venv/lib/python3.9/site-packages/airflow/example_dags/example_branch_labels.py took 0.063 seconds
[2025-10-14 16:00:16,031] {processor.py:153} INFO - Started process (PID=20167) to work on /root/Projects/etlX/venv/lib/python3.9/site-packages/airflow/example_dags/example_branch_labels.py
[2025-10-14 16:00:16,031] {processor.py:641} INFO - Processing file /root/Projects/etlX/venv/lib/python3.9/site-packages/airflow/example_dags/example_branch_labels.py for tasks to queue
[2025-10-14 16:00:16,032] {logging_mixin.py:115} INFO - [2025-10-14 16:00:16,032] {dagbag.py:507} INFO - Filling up the DagBag from /root/Projects/etlX/venv/lib/python3.9/site-packages/airflow/example_dags/example_branch_labels.py
[2025-10-14 16:00:16,040] {processor.py:651} INFO - DAG(s) dict_keys(['example_branch_labels']) retrieved from /root/Projects/etlX/venv/lib/python3.9/site-packages/airflow/example_dags/example_branch_labels.py
[2025-10-14 16:00:16,059] {logging_mixin.py:115} INFO - [2025-10-14 16:00:16,059] {dag.py:2379} INFO - Sync 1 DAGs
[2025-10-14 16:00:16,080] {logging_mixin.py:115} INFO - [2025-10-14 16:00:16,080] {dag.py:2927} INFO - Setting next_dagrun for example_branch_labels to 2025-10-13T00:00:00+00:00, run_after=2025-10-14T00:00:00+00:00
[2025-10-14 16:00:16,090] {processor.py:161} INFO - Processing /root/Projects/etlX/venv/lib/python3.9/site-packages/airflow/example_dags/example_branch_labels.py took 0.064 seconds
[2025-10-14 16:00:49,564] {processor.py:153} INFO - Started process (PID=20222) to work on /root/Projects/etlX/venv/lib/python3.9/site-packages/airflow/example_dags/example_branch_labels.py
[2025-10-14 16:00:49,565] {processor.py:641} INFO - Processing file /root/Projects/etlX/venv/lib/python3.9/site-packages/airflow/example_dags/example_branch_labels.py for tasks to queue
[2025-10-14 16:00:49,565] {logging_mixin.py:115} INFO - [2025-10-14 16:00:49,565] {dagbag.py:507} INFO - Filling up the DagBag from /root/Projects/etlX/venv/lib/python3.9/site-packages/airflow/example_dags/example_branch_labels.py
[2025-10-14 16:00:49,574] {processor.py:651} INFO - DAG(s) dict_keys(['example_branch_labels']) retrieved from /root/Projects/etlX/venv/lib/python3.9/site-packages/airflow/example_dags/example_branch_labels.py
[2025-10-14 16:00:49,595] {logging_mixin.py:115} INFO - [2025-10-14 16:00:49,595] {dag.py:2379} INFO - Sync 1 DAGs
[2025-10-14 16:00:49,617] {logging_mixin.py:115} INFO - [2025-10-14 16:00:49,617] {dag.py:2927} INFO - Setting next_dagrun for example_branch_labels to 2025-10-13T00:00:00+00:00, run_after=2025-10-14T00:00:00+00:00
[2025-10-14 16:00:49,629] {processor.py:161} INFO - Processing /root/Projects/etlX/venv/lib/python3.9/site-packages/airflow/example_dags/example_branch_labels.py took 0.070 seconds
[2025-10-14 16:01:25,454] {processor.py:153} INFO - Started process (PID=20282) to work on /root/Projects/etlX/venv/lib/python3.9/site-packages/airflow/example_dags/example_branch_labels.py
[2025-10-14 16:01:25,454] {processor.py:641} INFO - Processing file /root/Projects/etlX/venv/lib/python3.9/site-packages/airflow/example_dags/example_branch_labels.py for tasks to queue
[2025-10-14 16:01:25,455] {logging_mixin.py:115} INFO - [2025-10-14 16:01:25,455] {dagbag.py:507} INFO - Filling up the DagBag from /root/Projects/etlX/venv/lib/python3.9/site-packages/airflow/example_dags/example_branch_labels.py
[2025-10-14 16:01:25,466] {processor.py:651} INFO - DAG(s) dict_keys(['example_branch_labels']) retrieved from /root/Projects/etlX/venv/lib/python3.9/site-packages/airflow/example_dags/example_branch_labels.py
[2025-10-14 16:01:25,490] {logging_mixin.py:115} INFO - [2025-10-14 16:01:25,490] {dag.py:2379} INFO - Sync 1 DAGs
[2025-10-14 16:01:25,510] {logging_mixin.py:115} INFO - [2025-10-14 16:01:25,510] {dag.py:2927} INFO - Setting next_dagrun for example_branch_labels to 2025-10-13T00:00:00+00:00, run_after=2025-10-14T00:00:00+00:00
[2025-10-14 16:01:25,520] {processor.py:161} INFO - Processing /root/Projects/etlX/venv/lib/python3.9/site-packages/airflow/example_dags/example_branch_labels.py took 0.075 seconds
[2025-10-14 16:02:03,351] {processor.py:153} INFO - Started process (PID=20346) to work on /root/Projects/etlX/venv/lib/python3.9/site-packages/airflow/example_dags/example_branch_labels.py
[2025-10-14 16:02:03,351] {processor.py:641} INFO - Processing file /root/Projects/etlX/venv/lib/python3.9/site-packages/airflow/example_dags/example_branch_labels.py for tasks to queue
[2025-10-14 16:02:03,352] {logging_mixin.py:115} INFO - [2025-10-14 16:02:03,352] {dagbag.py:507} INFO - Filling up the DagBag from /root/Projects/etlX/venv/lib/python3.9/site-packages/airflow/example_dags/example_branch_labels.py
[2025-10-14 16:02:03,359] {processor.py:651} INFO - DAG(s) dict_keys(['example_branch_labels']) retrieved from /root/Projects/etlX/venv/lib/python3.9/site-packages/airflow/example_dags/example_branch_labels.py
[2025-10-14 16:02:03,381] {logging_mixin.py:115} INFO - [2025-10-14 16:02:03,380] {dag.py:2379} INFO - Sync 1 DAGs
[2025-10-14 16:02:03,402] {logging_mixin.py:115} INFO - [2025-10-14 16:02:03,401] {dag.py:2927} INFO - Setting next_dagrun for example_branch_labels to 2025-10-13T00:00:00+00:00, run_after=2025-10-14T00:00:00+00:00
[2025-10-14 16:02:03,413] {processor.py:161} INFO - Processing /root/Projects/etlX/venv/lib/python3.9/site-packages/airflow/example_dags/example_branch_labels.py took 0.067 seconds
[2025-10-14 16:02:36,761] {processor.py:153} INFO - Started process (PID=20401) to work on /root/Projects/etlX/venv/lib/python3.9/site-packages/airflow/example_dags/example_branch_labels.py
[2025-10-14 16:02:36,762] {processor.py:641} INFO - Processing file /root/Projects/etlX/venv/lib/python3.9/site-packages/airflow/example_dags/example_branch_labels.py for tasks to queue
[2025-10-14 16:02:36,762] {logging_mixin.py:115} INFO - [2025-10-14 16:02:36,762] {dagbag.py:507} INFO - Filling up the DagBag from /root/Projects/etlX/venv/lib/python3.9/site-packages/airflow/example_dags/example_branch_labels.py
[2025-10-14 16:02:36,771] {processor.py:651} INFO - DAG(s) dict_keys(['example_branch_labels']) retrieved from /root/Projects/etlX/venv/lib/python3.9/site-packages/airflow/example_dags/example_branch_labels.py
[2025-10-14 16:02:36,792] {logging_mixin.py:115} INFO - [2025-10-14 16:02:36,792] {dag.py:2379} INFO - Sync 1 DAGs
[2025-10-14 16:02:36,815] {logging_mixin.py:115} INFO - [2025-10-14 16:02:36,815] {dag.py:2927} INFO - Setting next_dagrun for example_branch_labels to 2025-10-13T00:00:00+00:00, run_after=2025-10-14T00:00:00+00:00
[2025-10-14 16:02:36,826] {processor.py:161} INFO - Processing /root/Projects/etlX/venv/lib/python3.9/site-packages/airflow/example_dags/example_branch_labels.py took 0.071 seconds
[2025-10-14 16:03:09,347] {processor.py:153} INFO - Started process (PID=20456) to work on /root/Projects/etlX/venv/lib/python3.9/site-packages/airflow/example_dags/example_branch_labels.py
[2025-10-14 16:03:09,348] {processor.py:641} INFO - Processing file /root/Projects/etlX/venv/lib/python3.9/site-packages/airflow/example_dags/example_branch_labels.py for tasks to queue
[2025-10-14 16:03:09,349] {logging_mixin.py:115} INFO - [2025-10-14 16:03:09,348] {dagbag.py:507} INFO - Filling up the DagBag from /root/Projects/etlX/venv/lib/python3.9/site-packages/airflow/example_dags/example_branch_labels.py
[2025-10-14 16:03:09,359] {processor.py:651} INFO - DAG(s) dict_keys(['example_branch_labels']) retrieved from /root/Projects/etlX/venv/lib/python3.9/site-packages/airflow/example_dags/example_branch_labels.py
[2025-10-14 16:03:09,387] {logging_mixin.py:115} INFO - [2025-10-14 16:03:09,387] {dag.py:2379} INFO - Sync 1 DAGs
[2025-10-14 16:03:09,412] {logging_mixin.py:115} INFO - [2025-10-14 16:03:09,412] {dag.py:2927} INFO - Setting next_dagrun for example_branch_labels to 2025-10-13T00:00:00+00:00, run_after=2025-10-14T00:00:00+00:00
[2025-10-14 16:03:09,422] {processor.py:161} INFO - Processing /root/Projects/etlX/venv/lib/python3.9/site-packages/airflow/example_dags/example_branch_labels.py took 0.081 seconds
[2025-10-14 16:03:43,049] {processor.py:153} INFO - Started process (PID=20565) to work on /root/Projects/etlX/venv/lib/python3.9/site-packages/airflow/example_dags/example_branch_labels.py
[2025-10-14 16:03:43,049] {processor.py:641} INFO - Processing file /root/Projects/etlX/venv/lib/python3.9/site-packages/airflow/example_dags/example_branch_labels.py for tasks to queue
[2025-10-14 16:03:43,050] {logging_mixin.py:115} INFO - [2025-10-14 16:03:43,050] {dagbag.py:507} INFO - Filling up the DagBag from /root/Projects/etlX/venv/lib/python3.9/site-packages/airflow/example_dags/example_branch_labels.py
[2025-10-14 16:03:43,058] {processor.py:651} INFO - DAG(s) dict_keys(['example_branch_labels']) retrieved from /root/Projects/etlX/venv/lib/python3.9/site-packages/airflow/example_dags/example_branch_labels.py
[2025-10-14 16:03:43,079] {logging_mixin.py:115} INFO - [2025-10-14 16:03:43,079] {dag.py:2379} INFO - Sync 1 DAGs
[2025-10-14 16:03:43,100] {logging_mixin.py:115} INFO - [2025-10-14 16:03:43,100] {dag.py:2927} INFO - Setting next_dagrun for example_branch_labels to 2025-10-13T00:00:00+00:00, run_after=2025-10-14T00:00:00+00:00
[2025-10-14 16:03:43,112] {processor.py:161} INFO - Processing /root/Projects/etlX/venv/lib/python3.9/site-packages/airflow/example_dags/example_branch_labels.py took 0.067 seconds
[2025-10-14 16:04:20,039] {processor.py:153} INFO - Started process (PID=20626) to work on /root/Projects/etlX/venv/lib/python3.9/site-packages/airflow/example_dags/example_branch_labels.py
[2025-10-14 16:04:20,040] {processor.py:641} INFO - Processing file /root/Projects/etlX/venv/lib/python3.9/site-packages/airflow/example_dags/example_branch_labels.py for tasks to queue
[2025-10-14 16:04:20,042] {logging_mixin.py:115} INFO - [2025-10-14 16:04:20,041] {dagbag.py:507} INFO - Filling up the DagBag from /root/Projects/etlX/venv/lib/python3.9/site-packages/airflow/example_dags/example_branch_labels.py
[2025-10-14 16:04:20,061] {processor.py:651} INFO - DAG(s) dict_keys(['example_branch_labels']) retrieved from /root/Projects/etlX/venv/lib/python3.9/site-packages/airflow/example_dags/example_branch_labels.py
[2025-10-14 16:04:20,096] {logging_mixin.py:115} INFO - [2025-10-14 16:04:20,096] {dag.py:2379} INFO - Sync 1 DAGs
[2025-10-14 16:04:20,120] {logging_mixin.py:115} INFO - [2025-10-14 16:04:20,120] {dag.py:2927} INFO - Setting next_dagrun for example_branch_labels to 2025-10-13T00:00:00+00:00, run_after=2025-10-14T00:00:00+00:00
[2025-10-14 16:04:20,131] {processor.py:161} INFO - Processing /root/Projects/etlX/venv/lib/python3.9/site-packages/airflow/example_dags/example_branch_labels.py took 0.103 seconds
[2025-10-14 16:04:54,016] {processor.py:153} INFO - Started process (PID=20685) to work on /root/Projects/etlX/venv/lib/python3.9/site-packages/airflow/example_dags/example_branch_labels.py
[2025-10-14 16:04:54,017] {processor.py:641} INFO - Processing file /root/Projects/etlX/venv/lib/python3.9/site-packages/airflow/example_dags/example_branch_labels.py for tasks to queue
[2025-10-14 16:04:54,018] {logging_mixin.py:115} INFO - [2025-10-14 16:04:54,018] {dagbag.py:507} INFO - Filling up the DagBag from /root/Projects/etlX/venv/lib/python3.9/site-packages/airflow/example_dags/example_branch_labels.py
[2025-10-14 16:04:54,030] {processor.py:651} INFO - DAG(s) dict_keys(['example_branch_labels']) retrieved from /root/Projects/etlX/venv/lib/python3.9/site-packages/airflow/example_dags/example_branch_labels.py
[2025-10-14 16:04:54,062] {logging_mixin.py:115} INFO - [2025-10-14 16:04:54,061] {dag.py:2379} INFO - Sync 1 DAGs
[2025-10-14 16:04:54,094] {logging_mixin.py:115} INFO - [2025-10-14 16:04:54,094] {dag.py:2927} INFO - Setting next_dagrun for example_branch_labels to 2025-10-13T00:00:00+00:00, run_after=2025-10-14T00:00:00+00:00
[2025-10-14 16:04:54,108] {processor.py:161} INFO - Processing /root/Projects/etlX/venv/lib/python3.9/site-packages/airflow/example_dags/example_branch_labels.py took 0.099 seconds
[2025-10-14 16:05:29,181] {processor.py:153} INFO - Started process (PID=20745) to work on /root/Projects/etlX/venv/lib/python3.9/site-packages/airflow/example_dags/example_branch_labels.py
[2025-10-14 16:05:29,182] {processor.py:641} INFO - Processing file /root/Projects/etlX/venv/lib/python3.9/site-packages/airflow/example_dags/example_branch_labels.py for tasks to queue
[2025-10-14 16:05:29,183] {logging_mixin.py:115} INFO - [2025-10-14 16:05:29,183] {dagbag.py:507} INFO - Filling up the DagBag from /root/Projects/etlX/venv/lib/python3.9/site-packages/airflow/example_dags/example_branch_labels.py
[2025-10-14 16:05:29,196] {processor.py:651} INFO - DAG(s) dict_keys(['example_branch_labels']) retrieved from /root/Projects/etlX/venv/lib/python3.9/site-packages/airflow/example_dags/example_branch_labels.py
[2025-10-14 16:05:29,218] {logging_mixin.py:115} INFO - [2025-10-14 16:05:29,218] {dag.py:2379} INFO - Sync 1 DAGs
[2025-10-14 16:05:29,238] {logging_mixin.py:115} INFO - [2025-10-14 16:05:29,238] {dag.py:2927} INFO - Setting next_dagrun for example_branch_labels to 2025-10-13T00:00:00+00:00, run_after=2025-10-14T00:00:00+00:00
[2025-10-14 16:05:29,248] {processor.py:161} INFO - Processing /root/Projects/etlX/venv/lib/python3.9/site-packages/airflow/example_dags/example_branch_labels.py took 0.074 seconds
[2025-10-14 16:06:02,800] {processor.py:153} INFO - Started process (PID=20800) to work on /root/Projects/etlX/venv/lib/python3.9/site-packages/airflow/example_dags/example_branch_labels.py
[2025-10-14 16:06:02,801] {processor.py:641} INFO - Processing file /root/Projects/etlX/venv/lib/python3.9/site-packages/airflow/example_dags/example_branch_labels.py for tasks to queue
[2025-10-14 16:06:02,802] {logging_mixin.py:115} INFO - [2025-10-14 16:06:02,802] {dagbag.py:507} INFO - Filling up the DagBag from /root/Projects/etlX/venv/lib/python3.9/site-packages/airflow/example_dags/example_branch_labels.py
[2025-10-14 16:06:02,816] {processor.py:651} INFO - DAG(s) dict_keys(['example_branch_labels']) retrieved from /root/Projects/etlX/venv/lib/python3.9/site-packages/airflow/example_dags/example_branch_labels.py
[2025-10-14 16:06:02,842] {logging_mixin.py:115} INFO - [2025-10-14 16:06:02,842] {dag.py:2379} INFO - Sync 1 DAGs
[2025-10-14 16:06:02,863] {logging_mixin.py:115} INFO - [2025-10-14 16:06:02,862] {dag.py:2927} INFO - Setting next_dagrun for example_branch_labels to 2025-10-13T00:00:00+00:00, run_after=2025-10-14T00:00:00+00:00
[2025-10-14 16:06:02,873] {processor.py:161} INFO - Processing /root/Projects/etlX/venv/lib/python3.9/site-packages/airflow/example_dags/example_branch_labels.py took 0.082 seconds
[2025-10-14 16:06:36,685] {processor.py:153} INFO - Started process (PID=20858) to work on /root/Projects/etlX/venv/lib/python3.9/site-packages/airflow/example_dags/example_branch_labels.py
[2025-10-14 16:06:36,686] {processor.py:641} INFO - Processing file /root/Projects/etlX/venv/lib/python3.9/site-packages/airflow/example_dags/example_branch_labels.py for tasks to queue
[2025-10-14 16:06:36,687] {logging_mixin.py:115} INFO - [2025-10-14 16:06:36,687] {dagbag.py:507} INFO - Filling up the DagBag from /root/Projects/etlX/venv/lib/python3.9/site-packages/airflow/example_dags/example_branch_labels.py
[2025-10-14 16:06:36,694] {processor.py:651} INFO - DAG(s) dict_keys(['example_branch_labels']) retrieved from /root/Projects/etlX/venv/lib/python3.9/site-packages/airflow/example_dags/example_branch_labels.py
[2025-10-14 16:06:36,714] {logging_mixin.py:115} INFO - [2025-10-14 16:06:36,714] {dag.py:2379} INFO - Sync 1 DAGs
[2025-10-14 16:06:36,735] {logging_mixin.py:115} INFO - [2025-10-14 16:06:36,735] {dag.py:2927} INFO - Setting next_dagrun for example_branch_labels to 2025-10-13T00:00:00+00:00, run_after=2025-10-14T00:00:00+00:00
[2025-10-14 16:06:36,747] {processor.py:161} INFO - Processing /root/Projects/etlX/venv/lib/python3.9/site-packages/airflow/example_dags/example_branch_labels.py took 0.066 seconds
[2025-10-14 16:07:10,588] {processor.py:153} INFO - Started process (PID=20916) to work on /root/Projects/etlX/venv/lib/python3.9/site-packages/airflow/example_dags/example_branch_labels.py
[2025-10-14 16:07:10,588] {processor.py:641} INFO - Processing file /root/Projects/etlX/venv/lib/python3.9/site-packages/airflow/example_dags/example_branch_labels.py for tasks to queue
[2025-10-14 16:07:10,589] {logging_mixin.py:115} INFO - [2025-10-14 16:07:10,589] {dagbag.py:507} INFO - Filling up the DagBag from /root/Projects/etlX/venv/lib/python3.9/site-packages/airflow/example_dags/example_branch_labels.py
[2025-10-14 16:07:10,597] {processor.py:651} INFO - DAG(s) dict_keys(['example_branch_labels']) retrieved from /root/Projects/etlX/venv/lib/python3.9/site-packages/airflow/example_dags/example_branch_labels.py
[2025-10-14 16:07:10,618] {logging_mixin.py:115} INFO - [2025-10-14 16:07:10,618] {dag.py:2379} INFO - Sync 1 DAGs
[2025-10-14 16:07:10,642] {logging_mixin.py:115} INFO - [2025-10-14 16:07:10,642] {dag.py:2927} INFO - Setting next_dagrun for example_branch_labels to 2025-10-13T00:00:00+00:00, run_after=2025-10-14T00:00:00+00:00
[2025-10-14 16:07:10,654] {processor.py:161} INFO - Processing /root/Projects/etlX/venv/lib/python3.9/site-packages/airflow/example_dags/example_branch_labels.py took 0.071 seconds
[2025-10-14 16:07:43,413] {processor.py:153} INFO - Started process (PID=21202) to work on /root/Projects/etlX/venv/lib/python3.9/site-packages/airflow/example_dags/example_branch_labels.py
[2025-10-14 16:07:43,414] {processor.py:641} INFO - Processing file /root/Projects/etlX/venv/lib/python3.9/site-packages/airflow/example_dags/example_branch_labels.py for tasks to queue
[2025-10-14 16:07:43,415] {logging_mixin.py:115} INFO - [2025-10-14 16:07:43,414] {dagbag.py:507} INFO - Filling up the DagBag from /root/Projects/etlX/venv/lib/python3.9/site-packages/airflow/example_dags/example_branch_labels.py
[2025-10-14 16:07:43,423] {processor.py:651} INFO - DAG(s) dict_keys(['example_branch_labels']) retrieved from /root/Projects/etlX/venv/lib/python3.9/site-packages/airflow/example_dags/example_branch_labels.py
[2025-10-14 16:07:43,446] {logging_mixin.py:115} INFO - [2025-10-14 16:07:43,446] {dag.py:2379} INFO - Sync 1 DAGs
[2025-10-14 16:07:43,472] {logging_mixin.py:115} INFO - [2025-10-14 16:07:43,472] {dag.py:2927} INFO - Setting next_dagrun for example_branch_labels to 2025-10-13T00:00:00+00:00, run_after=2025-10-14T00:00:00+00:00
[2025-10-14 16:07:43,484] {processor.py:161} INFO - Processing /root/Projects/etlX/venv/lib/python3.9/site-packages/airflow/example_dags/example_branch_labels.py took 0.077 seconds
[2025-10-14 16:08:17,826] {processor.py:153} INFO - Started process (PID=21491) to work on /root/Projects/etlX/venv/lib/python3.9/site-packages/airflow/example_dags/example_branch_labels.py
[2025-10-14 16:08:17,826] {processor.py:641} INFO - Processing file /root/Projects/etlX/venv/lib/python3.9/site-packages/airflow/example_dags/example_branch_labels.py for tasks to queue
[2025-10-14 16:08:17,827] {logging_mixin.py:115} INFO - [2025-10-14 16:08:17,827] {dagbag.py:507} INFO - Filling up the DagBag from /root/Projects/etlX/venv/lib/python3.9/site-packages/airflow/example_dags/example_branch_labels.py
[2025-10-14 16:08:17,835] {processor.py:651} INFO - DAG(s) dict_keys(['example_branch_labels']) retrieved from /root/Projects/etlX/venv/lib/python3.9/site-packages/airflow/example_dags/example_branch_labels.py
[2025-10-14 16:08:17,856] {logging_mixin.py:115} INFO - [2025-10-14 16:08:17,856] {dag.py:2379} INFO - Sync 1 DAGs
[2025-10-14 16:08:17,877] {logging_mixin.py:115} INFO - [2025-10-14 16:08:17,877] {dag.py:2927} INFO - Setting next_dagrun for example_branch_labels to 2025-10-13T00:00:00+00:00, run_after=2025-10-14T00:00:00+00:00
[2025-10-14 16:08:17,888] {processor.py:161} INFO - Processing /root/Projects/etlX/venv/lib/python3.9/site-packages/airflow/example_dags/example_branch_labels.py took 0.067 seconds
[2025-10-14 16:08:55,685] {processor.py:153} INFO - Started process (PID=21728) to work on /root/Projects/etlX/venv/lib/python3.9/site-packages/airflow/example_dags/example_branch_labels.py
[2025-10-14 16:08:55,686] {processor.py:641} INFO - Processing file /root/Projects/etlX/venv/lib/python3.9/site-packages/airflow/example_dags/example_branch_labels.py for tasks to queue
[2025-10-14 16:08:55,687] {logging_mixin.py:115} INFO - [2025-10-14 16:08:55,687] {dagbag.py:507} INFO - Filling up the DagBag from /root/Projects/etlX/venv/lib/python3.9/site-packages/airflow/example_dags/example_branch_labels.py
[2025-10-14 16:08:55,696] {processor.py:651} INFO - DAG(s) dict_keys(['example_branch_labels']) retrieved from /root/Projects/etlX/venv/lib/python3.9/site-packages/airflow/example_dags/example_branch_labels.py
[2025-10-14 16:08:55,719] {logging_mixin.py:115} INFO - [2025-10-14 16:08:55,719] {dag.py:2379} INFO - Sync 1 DAGs
[2025-10-14 16:08:55,743] {logging_mixin.py:115} INFO - [2025-10-14 16:08:55,742] {dag.py:2927} INFO - Setting next_dagrun for example_branch_labels to 2025-10-13T00:00:00+00:00, run_after=2025-10-14T00:00:00+00:00
[2025-10-14 16:08:55,754] {processor.py:161} INFO - Processing /root/Projects/etlX/venv/lib/python3.9/site-packages/airflow/example_dags/example_branch_labels.py took 0.073 seconds
[2025-10-14 16:25:44,476] {processor.py:153} INFO - Started process (PID=22849) to work on /root/Projects/etlX/venv/lib/python3.9/site-packages/airflow/example_dags/example_branch_labels.py
[2025-10-14 16:25:44,477] {processor.py:641} INFO - Processing file /root/Projects/etlX/venv/lib/python3.9/site-packages/airflow/example_dags/example_branch_labels.py for tasks to queue
[2025-10-14 16:25:44,478] {logging_mixin.py:115} INFO - [2025-10-14 16:25:44,477] {dagbag.py:507} INFO - Filling up the DagBag from /root/Projects/etlX/venv/lib/python3.9/site-packages/airflow/example_dags/example_branch_labels.py
[2025-10-14 16:25:44,486] {processor.py:651} INFO - DAG(s) dict_keys(['example_branch_labels']) retrieved from /root/Projects/etlX/venv/lib/python3.9/site-packages/airflow/example_dags/example_branch_labels.py
[2025-10-14 16:25:44,506] {logging_mixin.py:115} INFO - [2025-10-14 16:25:44,506] {dag.py:2379} INFO - Sync 1 DAGs
[2025-10-14 16:25:44,528] {logging_mixin.py:115} INFO - [2025-10-14 16:25:44,528] {dag.py:2927} INFO - Setting next_dagrun for example_branch_labels to 2025-10-13T00:00:00+00:00, run_after=2025-10-14T00:00:00+00:00
[2025-10-14 16:25:44,540] {processor.py:161} INFO - Processing /root/Projects/etlX/venv/lib/python3.9/site-packages/airflow/example_dags/example_branch_labels.py took 0.068 seconds
[2025-10-14 16:26:18,594] {processor.py:153} INFO - Started process (PID=22904) to work on /root/Projects/etlX/venv/lib/python3.9/site-packages/airflow/example_dags/example_branch_labels.py
[2025-10-14 16:26:18,595] {processor.py:641} INFO - Processing file /root/Projects/etlX/venv/lib/python3.9/site-packages/airflow/example_dags/example_branch_labels.py for tasks to queue
[2025-10-14 16:26:18,596] {logging_mixin.py:115} INFO - [2025-10-14 16:26:18,596] {dagbag.py:507} INFO - Filling up the DagBag from /root/Projects/etlX/venv/lib/python3.9/site-packages/airflow/example_dags/example_branch_labels.py
[2025-10-14 16:26:18,609] {processor.py:651} INFO - DAG(s) dict_keys(['example_branch_labels']) retrieved from /root/Projects/etlX/venv/lib/python3.9/site-packages/airflow/example_dags/example_branch_labels.py
[2025-10-14 16:26:18,631] {logging_mixin.py:115} INFO - [2025-10-14 16:26:18,630] {dag.py:2379} INFO - Sync 1 DAGs
[2025-10-14 16:26:18,652] {logging_mixin.py:115} INFO - [2025-10-14 16:26:18,651] {dag.py:2927} INFO - Setting next_dagrun for example_branch_labels to 2025-10-13T00:00:00+00:00, run_after=2025-10-14T00:00:00+00:00
[2025-10-14 16:26:18,662] {processor.py:161} INFO - Processing /root/Projects/etlX/venv/lib/python3.9/site-packages/airflow/example_dags/example_branch_labels.py took 0.074 seconds
[2025-10-14 16:26:54,771] {processor.py:153} INFO - Started process (PID=22964) to work on /root/Projects/etlX/venv/lib/python3.9/site-packages/airflow/example_dags/example_branch_labels.py
[2025-10-14 16:26:54,772] {processor.py:641} INFO - Processing file /root/Projects/etlX/venv/lib/python3.9/site-packages/airflow/example_dags/example_branch_labels.py for tasks to queue
[2025-10-14 16:26:54,773] {logging_mixin.py:115} INFO - [2025-10-14 16:26:54,773] {dagbag.py:507} INFO - Filling up the DagBag from /root/Projects/etlX/venv/lib/python3.9/site-packages/airflow/example_dags/example_branch_labels.py
[2025-10-14 16:26:54,786] {processor.py:651} INFO - DAG(s) dict_keys(['example_branch_labels']) retrieved from /root/Projects/etlX/venv/lib/python3.9/site-packages/airflow/example_dags/example_branch_labels.py
[2025-10-14 16:26:54,807] {logging_mixin.py:115} INFO - [2025-10-14 16:26:54,806] {dag.py:2379} INFO - Sync 1 DAGs
[2025-10-14 16:26:54,827] {logging_mixin.py:115} INFO - [2025-10-14 16:26:54,826] {dag.py:2927} INFO - Setting next_dagrun for example_branch_labels to 2025-10-13T00:00:00+00:00, run_after=2025-10-14T00:00:00+00:00
[2025-10-14 16:26:54,837] {processor.py:161} INFO - Processing /root/Projects/etlX/venv/lib/python3.9/site-packages/airflow/example_dags/example_branch_labels.py took 0.072 seconds
[2025-10-14 16:27:29,763] {processor.py:153} INFO - Started process (PID=23075) to work on /root/Projects/etlX/venv/lib/python3.9/site-packages/airflow/example_dags/example_branch_labels.py
[2025-10-14 16:27:29,764] {processor.py:641} INFO - Processing file /root/Projects/etlX/venv/lib/python3.9/site-packages/airflow/example_dags/example_branch_labels.py for tasks to queue
[2025-10-14 16:27:29,765] {logging_mixin.py:115} INFO - [2025-10-14 16:27:29,764] {dagbag.py:507} INFO - Filling up the DagBag from /root/Projects/etlX/venv/lib/python3.9/site-packages/airflow/example_dags/example_branch_labels.py
[2025-10-14 16:27:29,773] {processor.py:651} INFO - DAG(s) dict_keys(['example_branch_labels']) retrieved from /root/Projects/etlX/venv/lib/python3.9/site-packages/airflow/example_dags/example_branch_labels.py
[2025-10-14 16:27:29,794] {logging_mixin.py:115} INFO - [2025-10-14 16:27:29,794] {dag.py:2379} INFO - Sync 1 DAGs
[2025-10-14 16:27:29,816] {logging_mixin.py:115} INFO - [2025-10-14 16:27:29,816] {dag.py:2927} INFO - Setting next_dagrun for example_branch_labels to 2025-10-13T00:00:00+00:00, run_after=2025-10-14T00:00:00+00:00
[2025-10-14 16:27:29,828] {processor.py:161} INFO - Processing /root/Projects/etlX/venv/lib/python3.9/site-packages/airflow/example_dags/example_branch_labels.py took 0.069 seconds
[2025-10-14 16:28:05,804] {processor.py:153} INFO - Started process (PID=23186) to work on /root/Projects/etlX/venv/lib/python3.9/site-packages/airflow/example_dags/example_branch_labels.py
[2025-10-14 16:28:05,805] {processor.py:641} INFO - Processing file /root/Projects/etlX/venv/lib/python3.9/site-packages/airflow/example_dags/example_branch_labels.py for tasks to queue
[2025-10-14 16:28:05,806] {logging_mixin.py:115} INFO - [2025-10-14 16:28:05,806] {dagbag.py:507} INFO - Filling up the DagBag from /root/Projects/etlX/venv/lib/python3.9/site-packages/airflow/example_dags/example_branch_labels.py
[2025-10-14 16:28:05,818] {processor.py:651} INFO - DAG(s) dict_keys(['example_branch_labels']) retrieved from /root/Projects/etlX/venv/lib/python3.9/site-packages/airflow/example_dags/example_branch_labels.py
[2025-10-14 16:28:05,843] {logging_mixin.py:115} INFO - [2025-10-14 16:28:05,843] {dag.py:2379} INFO - Sync 1 DAGs
[2025-10-14 16:28:05,865] {logging_mixin.py:115} INFO - [2025-10-14 16:28:05,865] {dag.py:2927} INFO - Setting next_dagrun for example_branch_labels to 2025-10-13T00:00:00+00:00, run_after=2025-10-14T00:00:00+00:00
[2025-10-14 16:28:05,877] {processor.py:161} INFO - Processing /root/Projects/etlX/venv/lib/python3.9/site-packages/airflow/example_dags/example_branch_labels.py took 0.084 seconds
[2025-10-14 16:28:44,433] {processor.py:153} INFO - Started process (PID=23353) to work on /root/Projects/etlX/venv/lib/python3.9/site-packages/airflow/example_dags/example_branch_labels.py
[2025-10-14 16:28:44,434] {processor.py:641} INFO - Processing file /root/Projects/etlX/venv/lib/python3.9/site-packages/airflow/example_dags/example_branch_labels.py for tasks to queue
[2025-10-14 16:28:44,435] {logging_mixin.py:115} INFO - [2025-10-14 16:28:44,435] {dagbag.py:507} INFO - Filling up the DagBag from /root/Projects/etlX/venv/lib/python3.9/site-packages/airflow/example_dags/example_branch_labels.py
[2025-10-14 16:28:44,446] {processor.py:651} INFO - DAG(s) dict_keys(['example_branch_labels']) retrieved from /root/Projects/etlX/venv/lib/python3.9/site-packages/airflow/example_dags/example_branch_labels.py
[2025-10-14 16:28:44,468] {logging_mixin.py:115} INFO - [2025-10-14 16:28:44,468] {dag.py:2379} INFO - Sync 1 DAGs
[2025-10-14 16:28:44,488] {logging_mixin.py:115} INFO - [2025-10-14 16:28:44,488] {dag.py:2927} INFO - Setting next_dagrun for example_branch_labels to 2025-10-13T00:00:00+00:00, run_after=2025-10-14T00:00:00+00:00
[2025-10-14 16:28:44,499] {processor.py:161} INFO - Processing /root/Projects/etlX/venv/lib/python3.9/site-packages/airflow/example_dags/example_branch_labels.py took 0.075 seconds
[2025-10-14 16:29:17,960] {processor.py:153} INFO - Started process (PID=23463) to work on /root/Projects/etlX/venv/lib/python3.9/site-packages/airflow/example_dags/example_branch_labels.py
[2025-10-14 16:29:17,961] {processor.py:641} INFO - Processing file /root/Projects/etlX/venv/lib/python3.9/site-packages/airflow/example_dags/example_branch_labels.py for tasks to queue
[2025-10-14 16:29:17,962] {logging_mixin.py:115} INFO - [2025-10-14 16:29:17,962] {dagbag.py:507} INFO - Filling up the DagBag from /root/Projects/etlX/venv/lib/python3.9/site-packages/airflow/example_dags/example_branch_labels.py
[2025-10-14 16:29:17,972] {processor.py:651} INFO - DAG(s) dict_keys(['example_branch_labels']) retrieved from /root/Projects/etlX/venv/lib/python3.9/site-packages/airflow/example_dags/example_branch_labels.py
[2025-10-14 16:29:17,995] {logging_mixin.py:115} INFO - [2025-10-14 16:29:17,995] {dag.py:2379} INFO - Sync 1 DAGs
[2025-10-14 16:29:18,015] {logging_mixin.py:115} INFO - [2025-10-14 16:29:18,015] {dag.py:2927} INFO - Setting next_dagrun for example_branch_labels to 2025-10-13T00:00:00+00:00, run_after=2025-10-14T00:00:00+00:00
[2025-10-14 16:29:18,025] {processor.py:161} INFO - Processing /root/Projects/etlX/venv/lib/python3.9/site-packages/airflow/example_dags/example_branch_labels.py took 0.071 seconds
[2025-10-14 16:29:51,938] {processor.py:153} INFO - Started process (PID=23628) to work on /root/Projects/etlX/venv/lib/python3.9/site-packages/airflow/example_dags/example_branch_labels.py
[2025-10-14 16:29:51,939] {processor.py:641} INFO - Processing file /root/Projects/etlX/venv/lib/python3.9/site-packages/airflow/example_dags/example_branch_labels.py for tasks to queue
[2025-10-14 16:29:51,939] {logging_mixin.py:115} INFO - [2025-10-14 16:29:51,939] {dagbag.py:507} INFO - Filling up the DagBag from /root/Projects/etlX/venv/lib/python3.9/site-packages/airflow/example_dags/example_branch_labels.py
[2025-10-14 16:29:51,946] {processor.py:651} INFO - DAG(s) dict_keys(['example_branch_labels']) retrieved from /root/Projects/etlX/venv/lib/python3.9/site-packages/airflow/example_dags/example_branch_labels.py
[2025-10-14 16:29:51,968] {logging_mixin.py:115} INFO - [2025-10-14 16:29:51,968] {dag.py:2379} INFO - Sync 1 DAGs
[2025-10-14 16:29:51,990] {logging_mixin.py:115} INFO - [2025-10-14 16:29:51,990] {dag.py:2927} INFO - Setting next_dagrun for example_branch_labels to 2025-10-13T00:00:00+00:00, run_after=2025-10-14T00:00:00+00:00
[2025-10-14 16:29:52,004] {processor.py:161} INFO - Processing /root/Projects/etlX/venv/lib/python3.9/site-packages/airflow/example_dags/example_branch_labels.py took 0.070 seconds
