[2025-10-14 14:57:02,608] {processor.py:153} INFO - Started process (PID=13214) to work on /root/Projects/etlX/venv/lib/python3.9/site-packages/airflow/example_dags/example_task_group_decorator.py
[2025-10-14 14:57:02,608] {processor.py:641} INFO - Processing file /root/Projects/etlX/venv/lib/python3.9/site-packages/airflow/example_dags/example_task_group_decorator.py for tasks to queue
[2025-10-14 14:57:02,609] {logging_mixin.py:115} INFO - [2025-10-14 14:57:02,609] {dagbag.py:507} INFO - Filling up the DagBag from /root/Projects/etlX/venv/lib/python3.9/site-packages/airflow/example_dags/example_task_group_decorator.py
[2025-10-14 14:57:02,642] {processor.py:651} INFO - DAG(s) dict_keys(['example_task_group_decorator']) retrieved from /root/Projects/etlX/venv/lib/python3.9/site-packages/airflow/example_dags/example_task_group_decorator.py
[2025-10-14 14:57:02,737] {logging_mixin.py:115} INFO - [2025-10-14 14:57:02,737] {manager.py:508} INFO - Created Permission View: can read on DAG:example_task_group_decorator
[2025-10-14 14:57:02,748] {logging_mixin.py:115} INFO - [2025-10-14 14:57:02,748] {manager.py:508} INFO - Created Permission View: can edit on DAG:example_task_group_decorator
[2025-10-14 14:57:02,772] {logging_mixin.py:115} INFO - [2025-10-14 14:57:02,772] {manager.py:508} INFO - Created Permission View: can delete on DAG:example_task_group_decorator
[2025-10-14 14:57:02,773] {logging_mixin.py:115} INFO - [2025-10-14 14:57:02,773] {dag.py:2379} INFO - Sync 1 DAGs
[2025-10-14 14:57:02,885] {logging_mixin.py:115} INFO - [2025-10-14 14:57:02,885] {dag.py:2398} INFO - Creating ORM DAG for example_task_group_decorator
[2025-10-14 14:57:02,901] {logging_mixin.py:115} INFO - [2025-10-14 14:57:02,901] {dag.py:2927} INFO - Setting next_dagrun for example_task_group_decorator to 2025-10-13T17:57:02.901026+00:00, run_after=2025-10-14T17:57:02.901026+00:00
[2025-10-14 14:57:02,931] {processor.py:161} INFO - Processing /root/Projects/etlX/venv/lib/python3.9/site-packages/airflow/example_dags/example_task_group_decorator.py took 0.329 seconds
[2025-10-14 14:57:40,044] {processor.py:153} INFO - Started process (PID=13527) to work on /root/Projects/etlX/venv/lib/python3.9/site-packages/airflow/example_dags/example_task_group_decorator.py
[2025-10-14 14:57:40,045] {processor.py:641} INFO - Processing file /root/Projects/etlX/venv/lib/python3.9/site-packages/airflow/example_dags/example_task_group_decorator.py for tasks to queue
[2025-10-14 14:57:40,045] {logging_mixin.py:115} INFO - [2025-10-14 14:57:40,045] {dagbag.py:507} INFO - Filling up the DagBag from /root/Projects/etlX/venv/lib/python3.9/site-packages/airflow/example_dags/example_task_group_decorator.py
[2025-10-14 14:57:40,079] {processor.py:651} INFO - DAG(s) dict_keys(['example_task_group_decorator']) retrieved from /root/Projects/etlX/venv/lib/python3.9/site-packages/airflow/example_dags/example_task_group_decorator.py
[2025-10-14 14:57:40,156] {logging_mixin.py:115} INFO - [2025-10-14 14:57:40,156] {manager.py:508} INFO - Created Permission View: can delete on DAG:example_task_group_decorator
[2025-10-14 14:57:40,157] {logging_mixin.py:115} INFO - [2025-10-14 14:57:40,157] {dag.py:2379} INFO - Sync 1 DAGs
[2025-10-14 14:57:40,174] {logging_mixin.py:115} INFO - [2025-10-14 14:57:40,174] {dag.py:2927} INFO - Setting next_dagrun for example_task_group_decorator to 2025-10-13T17:57:40.174040+00:00, run_after=2025-10-14T17:57:40.174040+00:00
[2025-10-14 14:57:40,185] {processor.py:161} INFO - Processing /root/Projects/etlX/venv/lib/python3.9/site-packages/airflow/example_dags/example_task_group_decorator.py took 0.147 seconds
[2025-10-14 14:58:14,479] {processor.py:153} INFO - Started process (PID=13687) to work on /root/Projects/etlX/venv/lib/python3.9/site-packages/airflow/example_dags/example_task_group_decorator.py
[2025-10-14 14:58:14,479] {processor.py:641} INFO - Processing file /root/Projects/etlX/venv/lib/python3.9/site-packages/airflow/example_dags/example_task_group_decorator.py for tasks to queue
[2025-10-14 14:58:14,480] {logging_mixin.py:115} INFO - [2025-10-14 14:58:14,480] {dagbag.py:507} INFO - Filling up the DagBag from /root/Projects/etlX/venv/lib/python3.9/site-packages/airflow/example_dags/example_task_group_decorator.py
[2025-10-14 14:58:14,505] {processor.py:651} INFO - DAG(s) dict_keys(['example_task_group_decorator']) retrieved from /root/Projects/etlX/venv/lib/python3.9/site-packages/airflow/example_dags/example_task_group_decorator.py
[2025-10-14 14:58:14,550] {logging_mixin.py:115} INFO - [2025-10-14 14:58:14,550] {dag.py:2379} INFO - Sync 1 DAGs
[2025-10-14 14:58:14,564] {logging_mixin.py:115} INFO - [2025-10-14 14:58:14,563] {dag.py:2927} INFO - Setting next_dagrun for example_task_group_decorator to 2025-10-13T17:58:14.563682+00:00, run_after=2025-10-14T17:58:14.563682+00:00
[2025-10-14 14:58:14,575] {processor.py:161} INFO - Processing /root/Projects/etlX/venv/lib/python3.9/site-packages/airflow/example_dags/example_task_group_decorator.py took 0.100 seconds
[2025-10-14 14:58:48,319] {processor.py:153} INFO - Started process (PID=13742) to work on /root/Projects/etlX/venv/lib/python3.9/site-packages/airflow/example_dags/example_task_group_decorator.py
[2025-10-14 14:58:48,320] {processor.py:641} INFO - Processing file /root/Projects/etlX/venv/lib/python3.9/site-packages/airflow/example_dags/example_task_group_decorator.py for tasks to queue
[2025-10-14 14:58:48,321] {logging_mixin.py:115} INFO - [2025-10-14 14:58:48,321] {dagbag.py:507} INFO - Filling up the DagBag from /root/Projects/etlX/venv/lib/python3.9/site-packages/airflow/example_dags/example_task_group_decorator.py
[2025-10-14 14:58:48,355] {processor.py:651} INFO - DAG(s) dict_keys(['example_task_group_decorator']) retrieved from /root/Projects/etlX/venv/lib/python3.9/site-packages/airflow/example_dags/example_task_group_decorator.py
[2025-10-14 14:58:48,436] {logging_mixin.py:115} INFO - [2025-10-14 14:58:48,436] {dag.py:2379} INFO - Sync 1 DAGs
[2025-10-14 14:58:48,449] {logging_mixin.py:115} INFO - [2025-10-14 14:58:48,449] {dag.py:2927} INFO - Setting next_dagrun for example_task_group_decorator to 2025-10-13T17:58:48.449578+00:00, run_after=2025-10-14T17:58:48.449578+00:00
[2025-10-14 14:58:48,461] {processor.py:161} INFO - Processing /root/Projects/etlX/venv/lib/python3.9/site-packages/airflow/example_dags/example_task_group_decorator.py took 0.148 seconds
[2025-10-14 14:59:21,443] {processor.py:153} INFO - Started process (PID=13953) to work on /root/Projects/etlX/venv/lib/python3.9/site-packages/airflow/example_dags/example_task_group_decorator.py
[2025-10-14 14:59:21,443] {processor.py:641} INFO - Processing file /root/Projects/etlX/venv/lib/python3.9/site-packages/airflow/example_dags/example_task_group_decorator.py for tasks to queue
[2025-10-14 14:59:21,444] {logging_mixin.py:115} INFO - [2025-10-14 14:59:21,444] {dagbag.py:507} INFO - Filling up the DagBag from /root/Projects/etlX/venv/lib/python3.9/site-packages/airflow/example_dags/example_task_group_decorator.py
[2025-10-14 14:59:21,469] {processor.py:651} INFO - DAG(s) dict_keys(['example_task_group_decorator']) retrieved from /root/Projects/etlX/venv/lib/python3.9/site-packages/airflow/example_dags/example_task_group_decorator.py
[2025-10-14 14:59:21,532] {logging_mixin.py:115} INFO - [2025-10-14 14:59:21,532] {dag.py:2379} INFO - Sync 1 DAGs
[2025-10-14 14:59:21,549] {logging_mixin.py:115} INFO - [2025-10-14 14:59:21,549] {dag.py:2927} INFO - Setting next_dagrun for example_task_group_decorator to 2025-10-13T17:59:21.548881+00:00, run_after=2025-10-14T17:59:21.548881+00:00
[2025-10-14 14:59:21,570] {processor.py:161} INFO - Processing /root/Projects/etlX/venv/lib/python3.9/site-packages/airflow/example_dags/example_task_group_decorator.py took 0.131 seconds
[2025-10-14 14:59:55,671] {processor.py:153} INFO - Started process (PID=14011) to work on /root/Projects/etlX/venv/lib/python3.9/site-packages/airflow/example_dags/example_task_group_decorator.py
[2025-10-14 14:59:55,672] {processor.py:641} INFO - Processing file /root/Projects/etlX/venv/lib/python3.9/site-packages/airflow/example_dags/example_task_group_decorator.py for tasks to queue
[2025-10-14 14:59:55,672] {logging_mixin.py:115} INFO - [2025-10-14 14:59:55,672] {dagbag.py:507} INFO - Filling up the DagBag from /root/Projects/etlX/venv/lib/python3.9/site-packages/airflow/example_dags/example_task_group_decorator.py
[2025-10-14 14:59:55,704] {processor.py:651} INFO - DAG(s) dict_keys(['example_task_group_decorator']) retrieved from /root/Projects/etlX/venv/lib/python3.9/site-packages/airflow/example_dags/example_task_group_decorator.py
[2025-10-14 14:59:55,765] {logging_mixin.py:115} INFO - [2025-10-14 14:59:55,765] {dag.py:2379} INFO - Sync 1 DAGs
[2025-10-14 14:59:55,783] {logging_mixin.py:115} INFO - [2025-10-14 14:59:55,782] {dag.py:2927} INFO - Setting next_dagrun for example_task_group_decorator to 2025-10-13T17:59:55.782642+00:00, run_after=2025-10-14T17:59:55.782642+00:00
[2025-10-14 14:59:55,797] {processor.py:161} INFO - Processing /root/Projects/etlX/venv/lib/python3.9/site-packages/airflow/example_dags/example_task_group_decorator.py took 0.131 seconds
[2025-10-14 15:00:29,047] {processor.py:153} INFO - Started process (PID=14066) to work on /root/Projects/etlX/venv/lib/python3.9/site-packages/airflow/example_dags/example_task_group_decorator.py
[2025-10-14 15:00:29,048] {processor.py:641} INFO - Processing file /root/Projects/etlX/venv/lib/python3.9/site-packages/airflow/example_dags/example_task_group_decorator.py for tasks to queue
[2025-10-14 15:00:29,048] {logging_mixin.py:115} INFO - [2025-10-14 15:00:29,048] {dagbag.py:507} INFO - Filling up the DagBag from /root/Projects/etlX/venv/lib/python3.9/site-packages/airflow/example_dags/example_task_group_decorator.py
[2025-10-14 15:00:29,075] {processor.py:651} INFO - DAG(s) dict_keys(['example_task_group_decorator']) retrieved from /root/Projects/etlX/venv/lib/python3.9/site-packages/airflow/example_dags/example_task_group_decorator.py
[2025-10-14 15:00:29,125] {logging_mixin.py:115} INFO - [2025-10-14 15:00:29,125] {dag.py:2379} INFO - Sync 1 DAGs
[2025-10-14 15:00:29,139] {logging_mixin.py:115} INFO - [2025-10-14 15:00:29,139] {dag.py:2927} INFO - Setting next_dagrun for example_task_group_decorator to 2025-10-13T18:00:29.139081+00:00, run_after=2025-10-14T18:00:29.139081+00:00
[2025-10-14 15:00:29,151] {processor.py:161} INFO - Processing /root/Projects/etlX/venv/lib/python3.9/site-packages/airflow/example_dags/example_task_group_decorator.py took 0.109 seconds
[2025-10-14 15:01:02,761] {processor.py:153} INFO - Started process (PID=14378) to work on /root/Projects/etlX/venv/lib/python3.9/site-packages/airflow/example_dags/example_task_group_decorator.py
[2025-10-14 15:01:02,762] {processor.py:641} INFO - Processing file /root/Projects/etlX/venv/lib/python3.9/site-packages/airflow/example_dags/example_task_group_decorator.py for tasks to queue
[2025-10-14 15:01:02,763] {logging_mixin.py:115} INFO - [2025-10-14 15:01:02,762] {dagbag.py:507} INFO - Filling up the DagBag from /root/Projects/etlX/venv/lib/python3.9/site-packages/airflow/example_dags/example_task_group_decorator.py
[2025-10-14 15:01:02,790] {processor.py:651} INFO - DAG(s) dict_keys(['example_task_group_decorator']) retrieved from /root/Projects/etlX/venv/lib/python3.9/site-packages/airflow/example_dags/example_task_group_decorator.py
[2025-10-14 15:01:02,836] {logging_mixin.py:115} INFO - [2025-10-14 15:01:02,836] {dag.py:2379} INFO - Sync 1 DAGs
[2025-10-14 15:01:02,850] {logging_mixin.py:115} INFO - [2025-10-14 15:01:02,850] {dag.py:2927} INFO - Setting next_dagrun for example_task_group_decorator to 2025-10-13T18:01:02.849731+00:00, run_after=2025-10-14T18:01:02.849731+00:00
[2025-10-14 15:01:02,861] {processor.py:161} INFO - Processing /root/Projects/etlX/venv/lib/python3.9/site-packages/airflow/example_dags/example_task_group_decorator.py took 0.105 seconds
[2025-10-14 15:01:35,621] {processor.py:153} INFO - Started process (PID=14484) to work on /root/Projects/etlX/venv/lib/python3.9/site-packages/airflow/example_dags/example_task_group_decorator.py
[2025-10-14 15:01:35,622] {processor.py:641} INFO - Processing file /root/Projects/etlX/venv/lib/python3.9/site-packages/airflow/example_dags/example_task_group_decorator.py for tasks to queue
[2025-10-14 15:01:35,623] {logging_mixin.py:115} INFO - [2025-10-14 15:01:35,623] {dagbag.py:507} INFO - Filling up the DagBag from /root/Projects/etlX/venv/lib/python3.9/site-packages/airflow/example_dags/example_task_group_decorator.py
[2025-10-14 15:01:35,651] {processor.py:651} INFO - DAG(s) dict_keys(['example_task_group_decorator']) retrieved from /root/Projects/etlX/venv/lib/python3.9/site-packages/airflow/example_dags/example_task_group_decorator.py
[2025-10-14 15:01:35,704] {logging_mixin.py:115} INFO - [2025-10-14 15:01:35,704] {dag.py:2379} INFO - Sync 1 DAGs
[2025-10-14 15:01:35,721] {logging_mixin.py:115} INFO - [2025-10-14 15:01:35,720] {dag.py:2927} INFO - Setting next_dagrun for example_task_group_decorator to 2025-10-13T18:01:35.720160+00:00, run_after=2025-10-14T18:01:35.720160+00:00
[2025-10-14 15:01:35,735] {processor.py:161} INFO - Processing /root/Projects/etlX/venv/lib/python3.9/site-packages/airflow/example_dags/example_task_group_decorator.py took 0.118 seconds
[2025-10-14 15:02:09,661] {processor.py:153} INFO - Started process (PID=14798) to work on /root/Projects/etlX/venv/lib/python3.9/site-packages/airflow/example_dags/example_task_group_decorator.py
[2025-10-14 15:02:09,662] {processor.py:641} INFO - Processing file /root/Projects/etlX/venv/lib/python3.9/site-packages/airflow/example_dags/example_task_group_decorator.py for tasks to queue
[2025-10-14 15:02:09,663] {logging_mixin.py:115} INFO - [2025-10-14 15:02:09,663] {dagbag.py:507} INFO - Filling up the DagBag from /root/Projects/etlX/venv/lib/python3.9/site-packages/airflow/example_dags/example_task_group_decorator.py
[2025-10-14 15:02:09,700] {processor.py:651} INFO - DAG(s) dict_keys(['example_task_group_decorator']) retrieved from /root/Projects/etlX/venv/lib/python3.9/site-packages/airflow/example_dags/example_task_group_decorator.py
[2025-10-14 15:02:09,760] {logging_mixin.py:115} INFO - [2025-10-14 15:02:09,760] {dag.py:2379} INFO - Sync 1 DAGs
[2025-10-14 15:02:09,778] {logging_mixin.py:115} INFO - [2025-10-14 15:02:09,778] {dag.py:2927} INFO - Setting next_dagrun for example_task_group_decorator to 2025-10-13T18:02:09.778003+00:00, run_after=2025-10-14T18:02:09.778003+00:00
[2025-10-14 15:02:09,794] {processor.py:161} INFO - Processing /root/Projects/etlX/venv/lib/python3.9/site-packages/airflow/example_dags/example_task_group_decorator.py took 0.139 seconds
[2025-10-14 15:02:43,927] {processor.py:153} INFO - Started process (PID=14855) to work on /root/Projects/etlX/venv/lib/python3.9/site-packages/airflow/example_dags/example_task_group_decorator.py
[2025-10-14 15:02:43,928] {processor.py:641} INFO - Processing file /root/Projects/etlX/venv/lib/python3.9/site-packages/airflow/example_dags/example_task_group_decorator.py for tasks to queue
[2025-10-14 15:02:43,932] {logging_mixin.py:115} INFO - [2025-10-14 15:02:43,931] {dagbag.py:507} INFO - Filling up the DagBag from /root/Projects/etlX/venv/lib/python3.9/site-packages/airflow/example_dags/example_task_group_decorator.py
[2025-10-14 15:02:43,978] {processor.py:651} INFO - DAG(s) dict_keys(['example_task_group_decorator']) retrieved from /root/Projects/etlX/venv/lib/python3.9/site-packages/airflow/example_dags/example_task_group_decorator.py
[2025-10-14 15:02:44,007] {logging_mixin.py:115} INFO - [2025-10-14 15:02:44,007] {dag.py:2379} INFO - Sync 1 DAGs
[2025-10-14 15:02:44,034] {logging_mixin.py:115} INFO - [2025-10-14 15:02:44,034] {dag.py:2927} INFO - Setting next_dagrun for example_task_group_decorator to 2025-10-13T18:02:44.033692+00:00, run_after=2025-10-14T18:02:44.033692+00:00
[2025-10-14 15:02:44,050] {processor.py:161} INFO - Processing /root/Projects/etlX/venv/lib/python3.9/site-packages/airflow/example_dags/example_task_group_decorator.py took 0.129 seconds
[2025-10-14 15:03:14,719] {processor.py:153} INFO - Started process (PID=15010) to work on /root/Projects/etlX/venv/lib/python3.9/site-packages/airflow/example_dags/example_task_group_decorator.py
[2025-10-14 15:03:14,720] {processor.py:641} INFO - Processing file /root/Projects/etlX/venv/lib/python3.9/site-packages/airflow/example_dags/example_task_group_decorator.py for tasks to queue
[2025-10-14 15:03:14,720] {logging_mixin.py:115} INFO - [2025-10-14 15:03:14,720] {dagbag.py:507} INFO - Filling up the DagBag from /root/Projects/etlX/venv/lib/python3.9/site-packages/airflow/example_dags/example_task_group_decorator.py
[2025-10-14 15:03:14,748] {processor.py:651} INFO - DAG(s) dict_keys(['example_task_group_decorator']) retrieved from /root/Projects/etlX/venv/lib/python3.9/site-packages/airflow/example_dags/example_task_group_decorator.py
[2025-10-14 15:03:14,773] {logging_mixin.py:115} INFO - [2025-10-14 15:03:14,773] {dag.py:2379} INFO - Sync 1 DAGs
[2025-10-14 15:03:14,791] {logging_mixin.py:115} INFO - [2025-10-14 15:03:14,791] {dag.py:2927} INFO - Setting next_dagrun for example_task_group_decorator to 2025-10-13T18:03:14.791096+00:00, run_after=2025-10-14T18:03:14.791096+00:00
[2025-10-14 15:03:14,804] {processor.py:161} INFO - Processing /root/Projects/etlX/venv/lib/python3.9/site-packages/airflow/example_dags/example_task_group_decorator.py took 0.090 seconds
[2025-10-14 15:09:52,119] {processor.py:153} INFO - Started process (PID=15775) to work on /root/Projects/etlX/venv/lib/python3.9/site-packages/airflow/example_dags/example_task_group_decorator.py
[2025-10-14 15:09:52,120] {processor.py:641} INFO - Processing file /root/Projects/etlX/venv/lib/python3.9/site-packages/airflow/example_dags/example_task_group_decorator.py for tasks to queue
[2025-10-14 15:09:52,120] {logging_mixin.py:115} INFO - [2025-10-14 15:09:52,120] {dagbag.py:507} INFO - Filling up the DagBag from /root/Projects/etlX/venv/lib/python3.9/site-packages/airflow/example_dags/example_task_group_decorator.py
[2025-10-14 15:09:52,149] {processor.py:651} INFO - DAG(s) dict_keys(['example_task_group_decorator']) retrieved from /root/Projects/etlX/venv/lib/python3.9/site-packages/airflow/example_dags/example_task_group_decorator.py
[2025-10-14 15:09:52,199] {logging_mixin.py:115} INFO - [2025-10-14 15:09:52,199] {dag.py:2379} INFO - Sync 1 DAGs
[2025-10-14 15:09:52,213] {logging_mixin.py:115} INFO - [2025-10-14 15:09:52,213] {dag.py:2927} INFO - Setting next_dagrun for example_task_group_decorator to 2025-10-13T18:09:52.213545+00:00, run_after=2025-10-14T18:09:52.213545+00:00
[2025-10-14 15:09:52,227] {processor.py:161} INFO - Processing /root/Projects/etlX/venv/lib/python3.9/site-packages/airflow/example_dags/example_task_group_decorator.py took 0.112 seconds
[2025-10-14 15:10:27,170] {processor.py:153} INFO - Started process (PID=15935) to work on /root/Projects/etlX/venv/lib/python3.9/site-packages/airflow/example_dags/example_task_group_decorator.py
[2025-10-14 15:10:27,171] {processor.py:641} INFO - Processing file /root/Projects/etlX/venv/lib/python3.9/site-packages/airflow/example_dags/example_task_group_decorator.py for tasks to queue
[2025-10-14 15:10:27,172] {logging_mixin.py:115} INFO - [2025-10-14 15:10:27,171] {dagbag.py:507} INFO - Filling up the DagBag from /root/Projects/etlX/venv/lib/python3.9/site-packages/airflow/example_dags/example_task_group_decorator.py
[2025-10-14 15:10:27,199] {processor.py:651} INFO - DAG(s) dict_keys(['example_task_group_decorator']) retrieved from /root/Projects/etlX/venv/lib/python3.9/site-packages/airflow/example_dags/example_task_group_decorator.py
[2025-10-14 15:10:27,248] {logging_mixin.py:115} INFO - [2025-10-14 15:10:27,248] {dag.py:2379} INFO - Sync 1 DAGs
[2025-10-14 15:10:27,265] {logging_mixin.py:115} INFO - [2025-10-14 15:10:27,265] {dag.py:2927} INFO - Setting next_dagrun for example_task_group_decorator to 2025-10-13T18:10:27.265028+00:00, run_after=2025-10-14T18:10:27.265028+00:00
[2025-10-14 15:10:27,277] {processor.py:161} INFO - Processing /root/Projects/etlX/venv/lib/python3.9/site-packages/airflow/example_dags/example_task_group_decorator.py took 0.112 seconds
[2025-10-14 15:11:01,436] {processor.py:153} INFO - Started process (PID=15993) to work on /root/Projects/etlX/venv/lib/python3.9/site-packages/airflow/example_dags/example_task_group_decorator.py
[2025-10-14 15:11:01,437] {processor.py:641} INFO - Processing file /root/Projects/etlX/venv/lib/python3.9/site-packages/airflow/example_dags/example_task_group_decorator.py for tasks to queue
[2025-10-14 15:11:01,438] {logging_mixin.py:115} INFO - [2025-10-14 15:11:01,438] {dagbag.py:507} INFO - Filling up the DagBag from /root/Projects/etlX/venv/lib/python3.9/site-packages/airflow/example_dags/example_task_group_decorator.py
[2025-10-14 15:11:01,466] {processor.py:651} INFO - DAG(s) dict_keys(['example_task_group_decorator']) retrieved from /root/Projects/etlX/venv/lib/python3.9/site-packages/airflow/example_dags/example_task_group_decorator.py
[2025-10-14 15:11:01,516] {logging_mixin.py:115} INFO - [2025-10-14 15:11:01,516] {dag.py:2379} INFO - Sync 1 DAGs
[2025-10-14 15:11:01,530] {logging_mixin.py:115} INFO - [2025-10-14 15:11:01,530] {dag.py:2927} INFO - Setting next_dagrun for example_task_group_decorator to 2025-10-13T18:11:01.530555+00:00, run_after=2025-10-14T18:11:01.530555+00:00
[2025-10-14 15:11:01,543] {processor.py:161} INFO - Processing /root/Projects/etlX/venv/lib/python3.9/site-packages/airflow/example_dags/example_task_group_decorator.py took 0.112 seconds
[2025-10-14 15:11:34,637] {processor.py:153} INFO - Started process (PID=16151) to work on /root/Projects/etlX/venv/lib/python3.9/site-packages/airflow/example_dags/example_task_group_decorator.py
[2025-10-14 15:11:34,638] {processor.py:641} INFO - Processing file /root/Projects/etlX/venv/lib/python3.9/site-packages/airflow/example_dags/example_task_group_decorator.py for tasks to queue
[2025-10-14 15:11:34,639] {logging_mixin.py:115} INFO - [2025-10-14 15:11:34,639] {dagbag.py:507} INFO - Filling up the DagBag from /root/Projects/etlX/venv/lib/python3.9/site-packages/airflow/example_dags/example_task_group_decorator.py
[2025-10-14 15:11:34,672] {processor.py:651} INFO - DAG(s) dict_keys(['example_task_group_decorator']) retrieved from /root/Projects/etlX/venv/lib/python3.9/site-packages/airflow/example_dags/example_task_group_decorator.py
[2025-10-14 15:11:34,732] {logging_mixin.py:115} INFO - [2025-10-14 15:11:34,732] {dag.py:2379} INFO - Sync 1 DAGs
[2025-10-14 15:11:34,752] {logging_mixin.py:115} INFO - [2025-10-14 15:11:34,752] {dag.py:2927} INFO - Setting next_dagrun for example_task_group_decorator to 2025-10-13T18:11:34.752242+00:00, run_after=2025-10-14T18:11:34.752242+00:00
[2025-10-14 15:11:34,770] {processor.py:161} INFO - Processing /root/Projects/etlX/venv/lib/python3.9/site-packages/airflow/example_dags/example_task_group_decorator.py took 0.138 seconds
[2025-10-14 15:12:10,468] {processor.py:153} INFO - Started process (PID=16209) to work on /root/Projects/etlX/venv/lib/python3.9/site-packages/airflow/example_dags/example_task_group_decorator.py
[2025-10-14 15:12:10,469] {processor.py:641} INFO - Processing file /root/Projects/etlX/venv/lib/python3.9/site-packages/airflow/example_dags/example_task_group_decorator.py for tasks to queue
[2025-10-14 15:12:10,470] {logging_mixin.py:115} INFO - [2025-10-14 15:12:10,469] {dagbag.py:507} INFO - Filling up the DagBag from /root/Projects/etlX/venv/lib/python3.9/site-packages/airflow/example_dags/example_task_group_decorator.py
[2025-10-14 15:12:10,506] {processor.py:651} INFO - DAG(s) dict_keys(['example_task_group_decorator']) retrieved from /root/Projects/etlX/venv/lib/python3.9/site-packages/airflow/example_dags/example_task_group_decorator.py
[2025-10-14 15:12:10,566] {logging_mixin.py:115} INFO - [2025-10-14 15:12:10,566] {dag.py:2379} INFO - Sync 1 DAGs
[2025-10-14 15:12:10,581] {logging_mixin.py:115} INFO - [2025-10-14 15:12:10,581] {dag.py:2927} INFO - Setting next_dagrun for example_task_group_decorator to 2025-10-13T18:12:10.580708+00:00, run_after=2025-10-14T18:12:10.580708+00:00
[2025-10-14 15:12:10,592] {processor.py:161} INFO - Processing /root/Projects/etlX/venv/lib/python3.9/site-packages/airflow/example_dags/example_task_group_decorator.py took 0.131 seconds
[2025-10-14 15:12:42,879] {processor.py:153} INFO - Started process (PID=16264) to work on /root/Projects/etlX/venv/lib/python3.9/site-packages/airflow/example_dags/example_task_group_decorator.py
[2025-10-14 15:12:42,880] {processor.py:641} INFO - Processing file /root/Projects/etlX/venv/lib/python3.9/site-packages/airflow/example_dags/example_task_group_decorator.py for tasks to queue
[2025-10-14 15:12:42,881] {logging_mixin.py:115} INFO - [2025-10-14 15:12:42,881] {dagbag.py:507} INFO - Filling up the DagBag from /root/Projects/etlX/venv/lib/python3.9/site-packages/airflow/example_dags/example_task_group_decorator.py
[2025-10-14 15:12:42,908] {processor.py:651} INFO - DAG(s) dict_keys(['example_task_group_decorator']) retrieved from /root/Projects/etlX/venv/lib/python3.9/site-packages/airflow/example_dags/example_task_group_decorator.py
[2025-10-14 15:12:42,953] {logging_mixin.py:115} INFO - [2025-10-14 15:12:42,953] {dag.py:2379} INFO - Sync 1 DAGs
[2025-10-14 15:12:42,966] {logging_mixin.py:115} INFO - [2025-10-14 15:12:42,966] {dag.py:2927} INFO - Setting next_dagrun for example_task_group_decorator to 2025-10-13T18:12:42.966391+00:00, run_after=2025-10-14T18:12:42.966391+00:00
[2025-10-14 15:12:42,978] {processor.py:161} INFO - Processing /root/Projects/etlX/venv/lib/python3.9/site-packages/airflow/example_dags/example_task_group_decorator.py took 0.108 seconds
[2025-10-14 15:13:16,871] {processor.py:153} INFO - Started process (PID=16322) to work on /root/Projects/etlX/venv/lib/python3.9/site-packages/airflow/example_dags/example_task_group_decorator.py
[2025-10-14 15:13:16,872] {processor.py:641} INFO - Processing file /root/Projects/etlX/venv/lib/python3.9/site-packages/airflow/example_dags/example_task_group_decorator.py for tasks to queue
[2025-10-14 15:13:16,872] {logging_mixin.py:115} INFO - [2025-10-14 15:13:16,872] {dagbag.py:507} INFO - Filling up the DagBag from /root/Projects/etlX/venv/lib/python3.9/site-packages/airflow/example_dags/example_task_group_decorator.py
[2025-10-14 15:13:16,897] {processor.py:651} INFO - DAG(s) dict_keys(['example_task_group_decorator']) retrieved from /root/Projects/etlX/venv/lib/python3.9/site-packages/airflow/example_dags/example_task_group_decorator.py
[2025-10-14 15:13:16,943] {logging_mixin.py:115} INFO - [2025-10-14 15:13:16,943] {dag.py:2379} INFO - Sync 1 DAGs
[2025-10-14 15:13:16,956] {logging_mixin.py:115} INFO - [2025-10-14 15:13:16,956] {dag.py:2927} INFO - Setting next_dagrun for example_task_group_decorator to 2025-10-13T18:13:16.956461+00:00, run_after=2025-10-14T18:13:16.956461+00:00
[2025-10-14 15:13:16,970] {processor.py:161} INFO - Processing /root/Projects/etlX/venv/lib/python3.9/site-packages/airflow/example_dags/example_task_group_decorator.py took 0.104 seconds
[2025-10-14 15:13:51,267] {processor.py:153} INFO - Started process (PID=16377) to work on /root/Projects/etlX/venv/lib/python3.9/site-packages/airflow/example_dags/example_task_group_decorator.py
[2025-10-14 15:13:51,267] {processor.py:641} INFO - Processing file /root/Projects/etlX/venv/lib/python3.9/site-packages/airflow/example_dags/example_task_group_decorator.py for tasks to queue
[2025-10-14 15:13:51,268] {logging_mixin.py:115} INFO - [2025-10-14 15:13:51,268] {dagbag.py:507} INFO - Filling up the DagBag from /root/Projects/etlX/venv/lib/python3.9/site-packages/airflow/example_dags/example_task_group_decorator.py
[2025-10-14 15:13:51,293] {processor.py:651} INFO - DAG(s) dict_keys(['example_task_group_decorator']) retrieved from /root/Projects/etlX/venv/lib/python3.9/site-packages/airflow/example_dags/example_task_group_decorator.py
[2025-10-14 15:13:51,341] {logging_mixin.py:115} INFO - [2025-10-14 15:13:51,341] {dag.py:2379} INFO - Sync 1 DAGs
[2025-10-14 15:13:51,355] {logging_mixin.py:115} INFO - [2025-10-14 15:13:51,355] {dag.py:2927} INFO - Setting next_dagrun for example_task_group_decorator to 2025-10-13T18:13:51.354946+00:00, run_after=2025-10-14T18:13:51.354946+00:00
[2025-10-14 15:13:51,367] {processor.py:161} INFO - Processing /root/Projects/etlX/venv/lib/python3.9/site-packages/airflow/example_dags/example_task_group_decorator.py took 0.105 seconds
[2025-10-14 15:14:23,549] {processor.py:153} INFO - Started process (PID=16432) to work on /root/Projects/etlX/venv/lib/python3.9/site-packages/airflow/example_dags/example_task_group_decorator.py
[2025-10-14 15:14:23,550] {processor.py:641} INFO - Processing file /root/Projects/etlX/venv/lib/python3.9/site-packages/airflow/example_dags/example_task_group_decorator.py for tasks to queue
[2025-10-14 15:14:23,551] {logging_mixin.py:115} INFO - [2025-10-14 15:14:23,551] {dagbag.py:507} INFO - Filling up the DagBag from /root/Projects/etlX/venv/lib/python3.9/site-packages/airflow/example_dags/example_task_group_decorator.py
[2025-10-14 15:14:23,581] {processor.py:651} INFO - DAG(s) dict_keys(['example_task_group_decorator']) retrieved from /root/Projects/etlX/venv/lib/python3.9/site-packages/airflow/example_dags/example_task_group_decorator.py
[2025-10-14 15:14:23,627] {logging_mixin.py:115} INFO - [2025-10-14 15:14:23,626] {dag.py:2379} INFO - Sync 1 DAGs
[2025-10-14 15:14:23,640] {logging_mixin.py:115} INFO - [2025-10-14 15:14:23,640] {dag.py:2927} INFO - Setting next_dagrun for example_task_group_decorator to 2025-10-13T18:14:23.639870+00:00, run_after=2025-10-14T18:14:23.639870+00:00
[2025-10-14 15:14:23,652] {processor.py:161} INFO - Processing /root/Projects/etlX/venv/lib/python3.9/site-packages/airflow/example_dags/example_task_group_decorator.py took 0.111 seconds
[2025-10-14 15:14:58,789] {processor.py:153} INFO - Started process (PID=16542) to work on /root/Projects/etlX/venv/lib/python3.9/site-packages/airflow/example_dags/example_task_group_decorator.py
[2025-10-14 15:14:58,790] {processor.py:641} INFO - Processing file /root/Projects/etlX/venv/lib/python3.9/site-packages/airflow/example_dags/example_task_group_decorator.py for tasks to queue
[2025-10-14 15:14:58,790] {logging_mixin.py:115} INFO - [2025-10-14 15:14:58,790] {dagbag.py:507} INFO - Filling up the DagBag from /root/Projects/etlX/venv/lib/python3.9/site-packages/airflow/example_dags/example_task_group_decorator.py
[2025-10-14 15:14:58,817] {processor.py:651} INFO - DAG(s) dict_keys(['example_task_group_decorator']) retrieved from /root/Projects/etlX/venv/lib/python3.9/site-packages/airflow/example_dags/example_task_group_decorator.py
[2025-10-14 15:14:58,862] {logging_mixin.py:115} INFO - [2025-10-14 15:14:58,862] {dag.py:2379} INFO - Sync 1 DAGs
[2025-10-14 15:14:58,875] {logging_mixin.py:115} INFO - [2025-10-14 15:14:58,875] {dag.py:2927} INFO - Setting next_dagrun for example_task_group_decorator to 2025-10-13T18:14:58.875119+00:00, run_after=2025-10-14T18:14:58.875119+00:00
[2025-10-14 15:14:58,887] {processor.py:161} INFO - Processing /root/Projects/etlX/venv/lib/python3.9/site-packages/airflow/example_dags/example_task_group_decorator.py took 0.102 seconds
[2025-10-14 15:15:33,753] {processor.py:153} INFO - Started process (PID=16600) to work on /root/Projects/etlX/venv/lib/python3.9/site-packages/airflow/example_dags/example_task_group_decorator.py
[2025-10-14 15:15:33,754] {processor.py:641} INFO - Processing file /root/Projects/etlX/venv/lib/python3.9/site-packages/airflow/example_dags/example_task_group_decorator.py for tasks to queue
[2025-10-14 15:15:33,755] {logging_mixin.py:115} INFO - [2025-10-14 15:15:33,755] {dagbag.py:507} INFO - Filling up the DagBag from /root/Projects/etlX/venv/lib/python3.9/site-packages/airflow/example_dags/example_task_group_decorator.py
[2025-10-14 15:15:33,784] {processor.py:651} INFO - DAG(s) dict_keys(['example_task_group_decorator']) retrieved from /root/Projects/etlX/venv/lib/python3.9/site-packages/airflow/example_dags/example_task_group_decorator.py
[2025-10-14 15:15:33,808] {logging_mixin.py:115} INFO - [2025-10-14 15:15:33,808] {dag.py:2379} INFO - Sync 1 DAGs
[2025-10-14 15:15:33,826] {logging_mixin.py:115} INFO - [2025-10-14 15:15:33,826] {dag.py:2927} INFO - Setting next_dagrun for example_task_group_decorator to 2025-10-13T18:15:33.825633+00:00, run_after=2025-10-14T18:15:33.825633+00:00
[2025-10-14 15:15:33,837] {processor.py:161} INFO - Processing /root/Projects/etlX/venv/lib/python3.9/site-packages/airflow/example_dags/example_task_group_decorator.py took 0.090 seconds
[2025-10-14 15:16:08,735] {processor.py:153} INFO - Started process (PID=16710) to work on /root/Projects/etlX/venv/lib/python3.9/site-packages/airflow/example_dags/example_task_group_decorator.py
[2025-10-14 15:16:08,736] {processor.py:641} INFO - Processing file /root/Projects/etlX/venv/lib/python3.9/site-packages/airflow/example_dags/example_task_group_decorator.py for tasks to queue
[2025-10-14 15:16:08,737] {logging_mixin.py:115} INFO - [2025-10-14 15:16:08,736] {dagbag.py:507} INFO - Filling up the DagBag from /root/Projects/etlX/venv/lib/python3.9/site-packages/airflow/example_dags/example_task_group_decorator.py
[2025-10-14 15:16:08,761] {processor.py:651} INFO - DAG(s) dict_keys(['example_task_group_decorator']) retrieved from /root/Projects/etlX/venv/lib/python3.9/site-packages/airflow/example_dags/example_task_group_decorator.py
[2025-10-14 15:16:08,784] {logging_mixin.py:115} INFO - [2025-10-14 15:16:08,784] {dag.py:2379} INFO - Sync 1 DAGs
[2025-10-14 15:16:08,800] {logging_mixin.py:115} INFO - [2025-10-14 15:16:08,800] {dag.py:2927} INFO - Setting next_dagrun for example_task_group_decorator to 2025-10-13T18:16:08.799794+00:00, run_after=2025-10-14T18:16:08.799794+00:00
[2025-10-14 15:16:08,811] {processor.py:161} INFO - Processing /root/Projects/etlX/venv/lib/python3.9/site-packages/airflow/example_dags/example_task_group_decorator.py took 0.080 seconds
[2025-10-14 15:16:43,007] {processor.py:153} INFO - Started process (PID=16971) to work on /root/Projects/etlX/venv/lib/python3.9/site-packages/airflow/example_dags/example_task_group_decorator.py
[2025-10-14 15:16:43,007] {processor.py:641} INFO - Processing file /root/Projects/etlX/venv/lib/python3.9/site-packages/airflow/example_dags/example_task_group_decorator.py for tasks to queue
[2025-10-14 15:16:43,008] {logging_mixin.py:115} INFO - [2025-10-14 15:16:43,008] {dagbag.py:507} INFO - Filling up the DagBag from /root/Projects/etlX/venv/lib/python3.9/site-packages/airflow/example_dags/example_task_group_decorator.py
[2025-10-14 15:16:43,035] {processor.py:651} INFO - DAG(s) dict_keys(['example_task_group_decorator']) retrieved from /root/Projects/etlX/venv/lib/python3.9/site-packages/airflow/example_dags/example_task_group_decorator.py
[2025-10-14 15:16:43,061] {logging_mixin.py:115} INFO - [2025-10-14 15:16:43,061] {dag.py:2379} INFO - Sync 1 DAGs
[2025-10-14 15:16:43,078] {logging_mixin.py:115} INFO - [2025-10-14 15:16:43,078] {dag.py:2927} INFO - Setting next_dagrun for example_task_group_decorator to 2025-10-13T18:16:43.077748+00:00, run_after=2025-10-14T18:16:43.077748+00:00
[2025-10-14 15:16:43,089] {processor.py:161} INFO - Processing /root/Projects/etlX/venv/lib/python3.9/site-packages/airflow/example_dags/example_task_group_decorator.py took 0.087 seconds
[2025-10-14 15:17:14,023] {processor.py:153} INFO - Started process (PID=17075) to work on /root/Projects/etlX/venv/lib/python3.9/site-packages/airflow/example_dags/example_task_group_decorator.py
[2025-10-14 15:17:14,023] {processor.py:641} INFO - Processing file /root/Projects/etlX/venv/lib/python3.9/site-packages/airflow/example_dags/example_task_group_decorator.py for tasks to queue
[2025-10-14 15:17:14,024] {logging_mixin.py:115} INFO - [2025-10-14 15:17:14,024] {dagbag.py:507} INFO - Filling up the DagBag from /root/Projects/etlX/venv/lib/python3.9/site-packages/airflow/example_dags/example_task_group_decorator.py
[2025-10-14 15:17:14,050] {processor.py:651} INFO - DAG(s) dict_keys(['example_task_group_decorator']) retrieved from /root/Projects/etlX/venv/lib/python3.9/site-packages/airflow/example_dags/example_task_group_decorator.py
[2025-10-14 15:17:14,074] {logging_mixin.py:115} INFO - [2025-10-14 15:17:14,074] {dag.py:2379} INFO - Sync 1 DAGs
[2025-10-14 15:17:14,091] {logging_mixin.py:115} INFO - [2025-10-14 15:17:14,091] {dag.py:2927} INFO - Setting next_dagrun for example_task_group_decorator to 2025-10-13T18:17:14.090714+00:00, run_after=2025-10-14T18:17:14.090714+00:00
[2025-10-14 15:17:14,102] {processor.py:161} INFO - Processing /root/Projects/etlX/venv/lib/python3.9/site-packages/airflow/example_dags/example_task_group_decorator.py took 0.086 seconds
[2025-10-14 15:17:46,542] {processor.py:153} INFO - Started process (PID=17230) to work on /root/Projects/etlX/venv/lib/python3.9/site-packages/airflow/example_dags/example_task_group_decorator.py
[2025-10-14 15:17:46,543] {processor.py:641} INFO - Processing file /root/Projects/etlX/venv/lib/python3.9/site-packages/airflow/example_dags/example_task_group_decorator.py for tasks to queue
[2025-10-14 15:17:46,544] {logging_mixin.py:115} INFO - [2025-10-14 15:17:46,544] {dagbag.py:507} INFO - Filling up the DagBag from /root/Projects/etlX/venv/lib/python3.9/site-packages/airflow/example_dags/example_task_group_decorator.py
[2025-10-14 15:17:46,583] {processor.py:651} INFO - DAG(s) dict_keys(['example_task_group_decorator']) retrieved from /root/Projects/etlX/venv/lib/python3.9/site-packages/airflow/example_dags/example_task_group_decorator.py
[2025-10-14 15:17:46,654] {logging_mixin.py:115} INFO - [2025-10-14 15:17:46,654] {dag.py:2379} INFO - Sync 1 DAGs
[2025-10-14 15:17:46,674] {logging_mixin.py:115} INFO - [2025-10-14 15:17:46,674] {dag.py:2927} INFO - Setting next_dagrun for example_task_group_decorator to 2025-10-13T18:17:46.674120+00:00, run_after=2025-10-14T18:17:46.674120+00:00
[2025-10-14 15:17:46,692] {processor.py:161} INFO - Processing /root/Projects/etlX/venv/lib/python3.9/site-packages/airflow/example_dags/example_task_group_decorator.py took 0.156 seconds
[2025-10-14 15:58:50,468] {processor.py:153} INFO - Started process (PID=19814) to work on /root/Projects/etlX/venv/lib/python3.9/site-packages/airflow/example_dags/example_task_group_decorator.py
[2025-10-14 15:58:50,469] {processor.py:641} INFO - Processing file /root/Projects/etlX/venv/lib/python3.9/site-packages/airflow/example_dags/example_task_group_decorator.py for tasks to queue
[2025-10-14 15:58:50,469] {logging_mixin.py:115} INFO - [2025-10-14 15:58:50,469] {dagbag.py:507} INFO - Filling up the DagBag from /root/Projects/etlX/venv/lib/python3.9/site-packages/airflow/example_dags/example_task_group_decorator.py
[2025-10-14 15:58:50,500] {processor.py:651} INFO - DAG(s) dict_keys(['example_task_group_decorator']) retrieved from /root/Projects/etlX/venv/lib/python3.9/site-packages/airflow/example_dags/example_task_group_decorator.py
[2025-10-14 15:58:50,555] {logging_mixin.py:115} INFO - [2025-10-14 15:58:50,555] {dag.py:2379} INFO - Sync 1 DAGs
[2025-10-14 15:58:50,568] {logging_mixin.py:115} INFO - [2025-10-14 15:58:50,568] {dag.py:2927} INFO - Setting next_dagrun for example_task_group_decorator to 2025-10-13T18:58:50.568369+00:00, run_after=2025-10-14T18:58:50.568369+00:00
[2025-10-14 15:58:50,583] {processor.py:161} INFO - Processing /root/Projects/etlX/venv/lib/python3.9/site-packages/airflow/example_dags/example_task_group_decorator.py took 0.121 seconds
[2025-10-14 15:59:23,103] {processor.py:153} INFO - Started process (PID=20077) to work on /root/Projects/etlX/venv/lib/python3.9/site-packages/airflow/example_dags/example_task_group_decorator.py
[2025-10-14 15:59:23,104] {processor.py:641} INFO - Processing file /root/Projects/etlX/venv/lib/python3.9/site-packages/airflow/example_dags/example_task_group_decorator.py for tasks to queue
[2025-10-14 15:59:23,104] {logging_mixin.py:115} INFO - [2025-10-14 15:59:23,104] {dagbag.py:507} INFO - Filling up the DagBag from /root/Projects/etlX/venv/lib/python3.9/site-packages/airflow/example_dags/example_task_group_decorator.py
[2025-10-14 15:59:23,129] {processor.py:651} INFO - DAG(s) dict_keys(['example_task_group_decorator']) retrieved from /root/Projects/etlX/venv/lib/python3.9/site-packages/airflow/example_dags/example_task_group_decorator.py
[2025-10-14 15:59:23,177] {logging_mixin.py:115} INFO - [2025-10-14 15:59:23,177] {dag.py:2379} INFO - Sync 1 DAGs
[2025-10-14 15:59:23,191] {logging_mixin.py:115} INFO - [2025-10-14 15:59:23,191] {dag.py:2927} INFO - Setting next_dagrun for example_task_group_decorator to 2025-10-13T18:59:23.191214+00:00, run_after=2025-10-14T18:59:23.191214+00:00
[2025-10-14 15:59:23,204] {processor.py:161} INFO - Processing /root/Projects/etlX/venv/lib/python3.9/site-packages/airflow/example_dags/example_task_group_decorator.py took 0.105 seconds
[2025-10-14 15:59:56,496] {processor.py:153} INFO - Started process (PID=20132) to work on /root/Projects/etlX/venv/lib/python3.9/site-packages/airflow/example_dags/example_task_group_decorator.py
[2025-10-14 15:59:56,497] {processor.py:641} INFO - Processing file /root/Projects/etlX/venv/lib/python3.9/site-packages/airflow/example_dags/example_task_group_decorator.py for tasks to queue
[2025-10-14 15:59:56,498] {logging_mixin.py:115} INFO - [2025-10-14 15:59:56,498] {dagbag.py:507} INFO - Filling up the DagBag from /root/Projects/etlX/venv/lib/python3.9/site-packages/airflow/example_dags/example_task_group_decorator.py
[2025-10-14 15:59:56,526] {processor.py:651} INFO - DAG(s) dict_keys(['example_task_group_decorator']) retrieved from /root/Projects/etlX/venv/lib/python3.9/site-packages/airflow/example_dags/example_task_group_decorator.py
[2025-10-14 15:59:56,571] {logging_mixin.py:115} INFO - [2025-10-14 15:59:56,571] {dag.py:2379} INFO - Sync 1 DAGs
[2025-10-14 15:59:56,584] {logging_mixin.py:115} INFO - [2025-10-14 15:59:56,584] {dag.py:2927} INFO - Setting next_dagrun for example_task_group_decorator to 2025-10-13T18:59:56.584397+00:00, run_after=2025-10-14T18:59:56.584397+00:00
[2025-10-14 15:59:56,596] {processor.py:161} INFO - Processing /root/Projects/etlX/venv/lib/python3.9/site-packages/airflow/example_dags/example_task_group_decorator.py took 0.108 seconds
[2025-10-14 16:00:29,285] {processor.py:153} INFO - Started process (PID=20187) to work on /root/Projects/etlX/venv/lib/python3.9/site-packages/airflow/example_dags/example_task_group_decorator.py
[2025-10-14 16:00:29,286] {processor.py:641} INFO - Processing file /root/Projects/etlX/venv/lib/python3.9/site-packages/airflow/example_dags/example_task_group_decorator.py for tasks to queue
[2025-10-14 16:00:29,287] {logging_mixin.py:115} INFO - [2025-10-14 16:00:29,287] {dagbag.py:507} INFO - Filling up the DagBag from /root/Projects/etlX/venv/lib/python3.9/site-packages/airflow/example_dags/example_task_group_decorator.py
[2025-10-14 16:00:29,318] {processor.py:651} INFO - DAG(s) dict_keys(['example_task_group_decorator']) retrieved from /root/Projects/etlX/venv/lib/python3.9/site-packages/airflow/example_dags/example_task_group_decorator.py
[2025-10-14 16:00:29,367] {logging_mixin.py:115} INFO - [2025-10-14 16:00:29,367] {dag.py:2379} INFO - Sync 1 DAGs
[2025-10-14 16:00:29,381] {logging_mixin.py:115} INFO - [2025-10-14 16:00:29,381] {dag.py:2927} INFO - Setting next_dagrun for example_task_group_decorator to 2025-10-13T19:00:29.381279+00:00, run_after=2025-10-14T19:00:29.381279+00:00
[2025-10-14 16:00:29,393] {processor.py:161} INFO - Processing /root/Projects/etlX/venv/lib/python3.9/site-packages/airflow/example_dags/example_task_group_decorator.py took 0.112 seconds
[2025-10-14 16:01:03,476] {processor.py:153} INFO - Started process (PID=20245) to work on /root/Projects/etlX/venv/lib/python3.9/site-packages/airflow/example_dags/example_task_group_decorator.py
[2025-10-14 16:01:03,477] {processor.py:641} INFO - Processing file /root/Projects/etlX/venv/lib/python3.9/site-packages/airflow/example_dags/example_task_group_decorator.py for tasks to queue
[2025-10-14 16:01:03,478] {logging_mixin.py:115} INFO - [2025-10-14 16:01:03,478] {dagbag.py:507} INFO - Filling up the DagBag from /root/Projects/etlX/venv/lib/python3.9/site-packages/airflow/example_dags/example_task_group_decorator.py
[2025-10-14 16:01:03,509] {processor.py:651} INFO - DAG(s) dict_keys(['example_task_group_decorator']) retrieved from /root/Projects/etlX/venv/lib/python3.9/site-packages/airflow/example_dags/example_task_group_decorator.py
[2025-10-14 16:01:03,554] {logging_mixin.py:115} INFO - [2025-10-14 16:01:03,554] {dag.py:2379} INFO - Sync 1 DAGs
[2025-10-14 16:01:03,568] {logging_mixin.py:115} INFO - [2025-10-14 16:01:03,567] {dag.py:2927} INFO - Setting next_dagrun for example_task_group_decorator to 2025-10-13T19:01:03.567689+00:00, run_after=2025-10-14T19:01:03.567689+00:00
[2025-10-14 16:01:03,579] {processor.py:161} INFO - Processing /root/Projects/etlX/venv/lib/python3.9/site-packages/airflow/example_dags/example_task_group_decorator.py took 0.111 seconds
[2025-10-14 16:01:37,336] {processor.py:153} INFO - Started process (PID=20303) to work on /root/Projects/etlX/venv/lib/python3.9/site-packages/airflow/example_dags/example_task_group_decorator.py
[2025-10-14 16:01:37,337] {processor.py:641} INFO - Processing file /root/Projects/etlX/venv/lib/python3.9/site-packages/airflow/example_dags/example_task_group_decorator.py for tasks to queue
[2025-10-14 16:01:37,338] {logging_mixin.py:115} INFO - [2025-10-14 16:01:37,338] {dagbag.py:507} INFO - Filling up the DagBag from /root/Projects/etlX/venv/lib/python3.9/site-packages/airflow/example_dags/example_task_group_decorator.py
[2025-10-14 16:01:37,376] {processor.py:651} INFO - DAG(s) dict_keys(['example_task_group_decorator']) retrieved from /root/Projects/etlX/venv/lib/python3.9/site-packages/airflow/example_dags/example_task_group_decorator.py
[2025-10-14 16:01:37,399] {logging_mixin.py:115} INFO - [2025-10-14 16:01:37,399] {dag.py:2379} INFO - Sync 1 DAGs
[2025-10-14 16:01:37,414] {logging_mixin.py:115} INFO - [2025-10-14 16:01:37,414] {dag.py:2927} INFO - Setting next_dagrun for example_task_group_decorator to 2025-10-13T19:01:37.414080+00:00, run_after=2025-10-14T19:01:37.414080+00:00
[2025-10-14 16:01:37,425] {processor.py:161} INFO - Processing /root/Projects/etlX/venv/lib/python3.9/site-packages/airflow/example_dags/example_task_group_decorator.py took 0.098 seconds
[2025-10-14 16:02:11,778] {processor.py:153} INFO - Started process (PID=20358) to work on /root/Projects/etlX/venv/lib/python3.9/site-packages/airflow/example_dags/example_task_group_decorator.py
[2025-10-14 16:02:11,779] {processor.py:641} INFO - Processing file /root/Projects/etlX/venv/lib/python3.9/site-packages/airflow/example_dags/example_task_group_decorator.py for tasks to queue
[2025-10-14 16:02:11,779] {logging_mixin.py:115} INFO - [2025-10-14 16:02:11,779] {dagbag.py:507} INFO - Filling up the DagBag from /root/Projects/etlX/venv/lib/python3.9/site-packages/airflow/example_dags/example_task_group_decorator.py
[2025-10-14 16:02:11,806] {processor.py:651} INFO - DAG(s) dict_keys(['example_task_group_decorator']) retrieved from /root/Projects/etlX/venv/lib/python3.9/site-packages/airflow/example_dags/example_task_group_decorator.py
[2025-10-14 16:02:11,855] {logging_mixin.py:115} INFO - [2025-10-14 16:02:11,854] {dag.py:2379} INFO - Sync 1 DAGs
[2025-10-14 16:02:11,868] {logging_mixin.py:115} INFO - [2025-10-14 16:02:11,868] {dag.py:2927} INFO - Setting next_dagrun for example_task_group_decorator to 2025-10-13T19:02:11.867828+00:00, run_after=2025-10-14T19:02:11.867828+00:00
[2025-10-14 16:02:11,879] {processor.py:161} INFO - Processing /root/Projects/etlX/venv/lib/python3.9/site-packages/airflow/example_dags/example_task_group_decorator.py took 0.105 seconds
[2025-10-14 16:02:44,528] {processor.py:153} INFO - Started process (PID=20415) to work on /root/Projects/etlX/venv/lib/python3.9/site-packages/airflow/example_dags/example_task_group_decorator.py
[2025-10-14 16:02:44,530] {processor.py:641} INFO - Processing file /root/Projects/etlX/venv/lib/python3.9/site-packages/airflow/example_dags/example_task_group_decorator.py for tasks to queue
[2025-10-14 16:02:44,531] {logging_mixin.py:115} INFO - [2025-10-14 16:02:44,531] {dagbag.py:507} INFO - Filling up the DagBag from /root/Projects/etlX/venv/lib/python3.9/site-packages/airflow/example_dags/example_task_group_decorator.py
[2025-10-14 16:02:44,559] {processor.py:651} INFO - DAG(s) dict_keys(['example_task_group_decorator']) retrieved from /root/Projects/etlX/venv/lib/python3.9/site-packages/airflow/example_dags/example_task_group_decorator.py
[2025-10-14 16:02:44,607] {logging_mixin.py:115} INFO - [2025-10-14 16:02:44,607] {dag.py:2379} INFO - Sync 1 DAGs
[2025-10-14 16:02:44,621] {logging_mixin.py:115} INFO - [2025-10-14 16:02:44,620] {dag.py:2927} INFO - Setting next_dagrun for example_task_group_decorator to 2025-10-13T19:02:44.620592+00:00, run_after=2025-10-14T19:02:44.620592+00:00
[2025-10-14 16:02:44,632] {processor.py:161} INFO - Processing /root/Projects/etlX/venv/lib/python3.9/site-packages/airflow/example_dags/example_task_group_decorator.py took 0.112 seconds
[2025-10-14 16:03:17,166] {processor.py:153} INFO - Started process (PID=20470) to work on /root/Projects/etlX/venv/lib/python3.9/site-packages/airflow/example_dags/example_task_group_decorator.py
[2025-10-14 16:03:17,167] {processor.py:641} INFO - Processing file /root/Projects/etlX/venv/lib/python3.9/site-packages/airflow/example_dags/example_task_group_decorator.py for tasks to queue
[2025-10-14 16:03:17,169] {logging_mixin.py:115} INFO - [2025-10-14 16:03:17,168] {dagbag.py:507} INFO - Filling up the DagBag from /root/Projects/etlX/venv/lib/python3.9/site-packages/airflow/example_dags/example_task_group_decorator.py
[2025-10-14 16:03:17,194] {processor.py:651} INFO - DAG(s) dict_keys(['example_task_group_decorator']) retrieved from /root/Projects/etlX/venv/lib/python3.9/site-packages/airflow/example_dags/example_task_group_decorator.py
[2025-10-14 16:03:17,240] {logging_mixin.py:115} INFO - [2025-10-14 16:03:17,240] {dag.py:2379} INFO - Sync 1 DAGs
[2025-10-14 16:03:17,254] {logging_mixin.py:115} INFO - [2025-10-14 16:03:17,254] {dag.py:2927} INFO - Setting next_dagrun for example_task_group_decorator to 2025-10-13T19:03:17.253991+00:00, run_after=2025-10-14T19:03:17.253991+00:00
[2025-10-14 16:03:17,265] {processor.py:161} INFO - Processing /root/Projects/etlX/venv/lib/python3.9/site-packages/airflow/example_dags/example_task_group_decorator.py took 0.109 seconds
[2025-10-14 16:03:50,519] {processor.py:153} INFO - Started process (PID=20578) to work on /root/Projects/etlX/venv/lib/python3.9/site-packages/airflow/example_dags/example_task_group_decorator.py
[2025-10-14 16:03:50,520] {processor.py:641} INFO - Processing file /root/Projects/etlX/venv/lib/python3.9/site-packages/airflow/example_dags/example_task_group_decorator.py for tasks to queue
[2025-10-14 16:03:50,521] {logging_mixin.py:115} INFO - [2025-10-14 16:03:50,521] {dagbag.py:507} INFO - Filling up the DagBag from /root/Projects/etlX/venv/lib/python3.9/site-packages/airflow/example_dags/example_task_group_decorator.py
[2025-10-14 16:03:50,552] {processor.py:651} INFO - DAG(s) dict_keys(['example_task_group_decorator']) retrieved from /root/Projects/etlX/venv/lib/python3.9/site-packages/airflow/example_dags/example_task_group_decorator.py
[2025-10-14 16:03:50,625] {logging_mixin.py:115} INFO - [2025-10-14 16:03:50,624] {dag.py:2379} INFO - Sync 1 DAGs
[2025-10-14 16:03:50,638] {logging_mixin.py:115} INFO - [2025-10-14 16:03:50,638] {dag.py:2927} INFO - Setting next_dagrun for example_task_group_decorator to 2025-10-13T19:03:50.638360+00:00, run_after=2025-10-14T19:03:50.638360+00:00
[2025-10-14 16:03:50,650] {processor.py:161} INFO - Processing /root/Projects/etlX/venv/lib/python3.9/site-packages/airflow/example_dags/example_task_group_decorator.py took 0.138 seconds
[2025-10-14 16:04:22,873] {processor.py:153} INFO - Started process (PID=20633) to work on /root/Projects/etlX/venv/lib/python3.9/site-packages/airflow/example_dags/example_task_group_decorator.py
[2025-10-14 16:04:22,874] {processor.py:641} INFO - Processing file /root/Projects/etlX/venv/lib/python3.9/site-packages/airflow/example_dags/example_task_group_decorator.py for tasks to queue
[2025-10-14 16:04:22,874] {logging_mixin.py:115} INFO - [2025-10-14 16:04:22,874] {dagbag.py:507} INFO - Filling up the DagBag from /root/Projects/etlX/venv/lib/python3.9/site-packages/airflow/example_dags/example_task_group_decorator.py
[2025-10-14 16:04:22,902] {processor.py:651} INFO - DAG(s) dict_keys(['example_task_group_decorator']) retrieved from /root/Projects/etlX/venv/lib/python3.9/site-packages/airflow/example_dags/example_task_group_decorator.py
[2025-10-14 16:04:22,952] {logging_mixin.py:115} INFO - [2025-10-14 16:04:22,952] {dag.py:2379} INFO - Sync 1 DAGs
[2025-10-14 16:04:22,967] {logging_mixin.py:115} INFO - [2025-10-14 16:04:22,967] {dag.py:2927} INFO - Setting next_dagrun for example_task_group_decorator to 2025-10-13T19:04:22.966947+00:00, run_after=2025-10-14T19:04:22.966947+00:00
[2025-10-14 16:04:22,979] {processor.py:161} INFO - Processing /root/Projects/etlX/venv/lib/python3.9/site-packages/airflow/example_dags/example_task_group_decorator.py took 0.111 seconds
[2025-10-14 16:04:57,729] {processor.py:153} INFO - Started process (PID=20692) to work on /root/Projects/etlX/venv/lib/python3.9/site-packages/airflow/example_dags/example_task_group_decorator.py
[2025-10-14 16:04:57,729] {processor.py:641} INFO - Processing file /root/Projects/etlX/venv/lib/python3.9/site-packages/airflow/example_dags/example_task_group_decorator.py for tasks to queue
[2025-10-14 16:04:57,730] {logging_mixin.py:115} INFO - [2025-10-14 16:04:57,730] {dagbag.py:507} INFO - Filling up the DagBag from /root/Projects/etlX/venv/lib/python3.9/site-packages/airflow/example_dags/example_task_group_decorator.py
[2025-10-14 16:04:57,758] {processor.py:651} INFO - DAG(s) dict_keys(['example_task_group_decorator']) retrieved from /root/Projects/etlX/venv/lib/python3.9/site-packages/airflow/example_dags/example_task_group_decorator.py
[2025-10-14 16:04:57,783] {logging_mixin.py:115} INFO - [2025-10-14 16:04:57,783] {dag.py:2379} INFO - Sync 1 DAGs
[2025-10-14 16:04:57,800] {logging_mixin.py:115} INFO - [2025-10-14 16:04:57,800] {dag.py:2927} INFO - Setting next_dagrun for example_task_group_decorator to 2025-10-13T19:04:57.799802+00:00, run_after=2025-10-14T19:04:57.799802+00:00
[2025-10-14 16:04:57,812] {processor.py:161} INFO - Processing /root/Projects/etlX/venv/lib/python3.9/site-packages/airflow/example_dags/example_task_group_decorator.py took 0.089 seconds
[2025-10-14 16:05:31,158] {processor.py:153} INFO - Started process (PID=20747) to work on /root/Projects/etlX/venv/lib/python3.9/site-packages/airflow/example_dags/example_task_group_decorator.py
[2025-10-14 16:05:31,158] {processor.py:641} INFO - Processing file /root/Projects/etlX/venv/lib/python3.9/site-packages/airflow/example_dags/example_task_group_decorator.py for tasks to queue
[2025-10-14 16:05:31,159] {logging_mixin.py:115} INFO - [2025-10-14 16:05:31,159] {dagbag.py:507} INFO - Filling up the DagBag from /root/Projects/etlX/venv/lib/python3.9/site-packages/airflow/example_dags/example_task_group_decorator.py
[2025-10-14 16:05:31,185] {processor.py:651} INFO - DAG(s) dict_keys(['example_task_group_decorator']) retrieved from /root/Projects/etlX/venv/lib/python3.9/site-packages/airflow/example_dags/example_task_group_decorator.py
[2025-10-14 16:05:31,230] {logging_mixin.py:115} INFO - [2025-10-14 16:05:31,230] {dag.py:2379} INFO - Sync 1 DAGs
[2025-10-14 16:05:31,244] {logging_mixin.py:115} INFO - [2025-10-14 16:05:31,244] {dag.py:2927} INFO - Setting next_dagrun for example_task_group_decorator to 2025-10-13T19:05:31.244008+00:00, run_after=2025-10-14T19:05:31.244008+00:00
[2025-10-14 16:05:31,254] {processor.py:161} INFO - Processing /root/Projects/etlX/venv/lib/python3.9/site-packages/airflow/example_dags/example_task_group_decorator.py took 0.102 seconds
[2025-10-14 16:06:05,103] {processor.py:153} INFO - Started process (PID=20805) to work on /root/Projects/etlX/venv/lib/python3.9/site-packages/airflow/example_dags/example_task_group_decorator.py
[2025-10-14 16:06:05,104] {processor.py:641} INFO - Processing file /root/Projects/etlX/venv/lib/python3.9/site-packages/airflow/example_dags/example_task_group_decorator.py for tasks to queue
[2025-10-14 16:06:05,105] {logging_mixin.py:115} INFO - [2025-10-14 16:06:05,105] {dagbag.py:507} INFO - Filling up the DagBag from /root/Projects/etlX/venv/lib/python3.9/site-packages/airflow/example_dags/example_task_group_decorator.py
[2025-10-14 16:06:05,135] {processor.py:651} INFO - DAG(s) dict_keys(['example_task_group_decorator']) retrieved from /root/Projects/etlX/venv/lib/python3.9/site-packages/airflow/example_dags/example_task_group_decorator.py
[2025-10-14 16:06:05,180] {logging_mixin.py:115} INFO - [2025-10-14 16:06:05,180] {dag.py:2379} INFO - Sync 1 DAGs
[2025-10-14 16:06:05,192] {logging_mixin.py:115} INFO - [2025-10-14 16:06:05,192] {dag.py:2927} INFO - Setting next_dagrun for example_task_group_decorator to 2025-10-13T19:06:05.192577+00:00, run_after=2025-10-14T19:06:05.192577+00:00
[2025-10-14 16:06:05,204] {processor.py:161} INFO - Processing /root/Projects/etlX/venv/lib/python3.9/site-packages/airflow/example_dags/example_task_group_decorator.py took 0.109 seconds
[2025-10-14 16:06:37,318] {processor.py:153} INFO - Started process (PID=20859) to work on /root/Projects/etlX/venv/lib/python3.9/site-packages/airflow/example_dags/example_task_group_decorator.py
[2025-10-14 16:06:37,319] {processor.py:641} INFO - Processing file /root/Projects/etlX/venv/lib/python3.9/site-packages/airflow/example_dags/example_task_group_decorator.py for tasks to queue
[2025-10-14 16:06:37,320] {logging_mixin.py:115} INFO - [2025-10-14 16:06:37,319] {dagbag.py:507} INFO - Filling up the DagBag from /root/Projects/etlX/venv/lib/python3.9/site-packages/airflow/example_dags/example_task_group_decorator.py
[2025-10-14 16:06:37,349] {processor.py:651} INFO - DAG(s) dict_keys(['example_task_group_decorator']) retrieved from /root/Projects/etlX/venv/lib/python3.9/site-packages/airflow/example_dags/example_task_group_decorator.py
[2025-10-14 16:06:37,404] {logging_mixin.py:115} INFO - [2025-10-14 16:06:37,404] {dag.py:2379} INFO - Sync 1 DAGs
[2025-10-14 16:06:37,421] {logging_mixin.py:115} INFO - [2025-10-14 16:06:37,420] {dag.py:2927} INFO - Setting next_dagrun for example_task_group_decorator to 2025-10-13T19:06:37.420548+00:00, run_after=2025-10-14T19:06:37.420548+00:00
[2025-10-14 16:06:37,434] {processor.py:161} INFO - Processing /root/Projects/etlX/venv/lib/python3.9/site-packages/airflow/example_dags/example_task_group_decorator.py took 0.120 seconds
[2025-10-14 16:07:11,731] {processor.py:153} INFO - Started process (PID=20917) to work on /root/Projects/etlX/venv/lib/python3.9/site-packages/airflow/example_dags/example_task_group_decorator.py
[2025-10-14 16:07:11,731] {processor.py:641} INFO - Processing file /root/Projects/etlX/venv/lib/python3.9/site-packages/airflow/example_dags/example_task_group_decorator.py for tasks to queue
[2025-10-14 16:07:11,732] {logging_mixin.py:115} INFO - [2025-10-14 16:07:11,732] {dagbag.py:507} INFO - Filling up the DagBag from /root/Projects/etlX/venv/lib/python3.9/site-packages/airflow/example_dags/example_task_group_decorator.py
[2025-10-14 16:07:11,769] {processor.py:651} INFO - DAG(s) dict_keys(['example_task_group_decorator']) retrieved from /root/Projects/etlX/venv/lib/python3.9/site-packages/airflow/example_dags/example_task_group_decorator.py
[2025-10-14 16:07:11,834] {logging_mixin.py:115} INFO - [2025-10-14 16:07:11,834] {dag.py:2379} INFO - Sync 1 DAGs
[2025-10-14 16:07:11,853] {logging_mixin.py:115} INFO - [2025-10-14 16:07:11,852] {dag.py:2927} INFO - Setting next_dagrun for example_task_group_decorator to 2025-10-13T19:07:11.852555+00:00, run_after=2025-10-14T19:07:11.852555+00:00
[2025-10-14 16:07:11,872] {processor.py:161} INFO - Processing /root/Projects/etlX/venv/lib/python3.9/site-packages/airflow/example_dags/example_task_group_decorator.py took 0.146 seconds
[2025-10-14 16:07:44,374] {processor.py:153} INFO - Started process (PID=21228) to work on /root/Projects/etlX/venv/lib/python3.9/site-packages/airflow/example_dags/example_task_group_decorator.py
[2025-10-14 16:07:44,375] {processor.py:641} INFO - Processing file /root/Projects/etlX/venv/lib/python3.9/site-packages/airflow/example_dags/example_task_group_decorator.py for tasks to queue
[2025-10-14 16:07:44,375] {logging_mixin.py:115} INFO - [2025-10-14 16:07:44,375] {dagbag.py:507} INFO - Filling up the DagBag from /root/Projects/etlX/venv/lib/python3.9/site-packages/airflow/example_dags/example_task_group_decorator.py
[2025-10-14 16:07:44,406] {processor.py:651} INFO - DAG(s) dict_keys(['example_task_group_decorator']) retrieved from /root/Projects/etlX/venv/lib/python3.9/site-packages/airflow/example_dags/example_task_group_decorator.py
[2025-10-14 16:07:44,514] {logging_mixin.py:115} INFO - [2025-10-14 16:07:44,514] {dag.py:2379} INFO - Sync 1 DAGs
[2025-10-14 16:07:44,538] {logging_mixin.py:115} INFO - [2025-10-14 16:07:44,538] {dag.py:2927} INFO - Setting next_dagrun for example_task_group_decorator to 2025-10-13T19:07:44.538271+00:00, run_after=2025-10-14T19:07:44.538271+00:00
[2025-10-14 16:07:44,553] {processor.py:161} INFO - Processing /root/Projects/etlX/venv/lib/python3.9/site-packages/airflow/example_dags/example_task_group_decorator.py took 0.184 seconds
[2025-10-14 16:08:15,444] {processor.py:153} INFO - Started process (PID=21486) to work on /root/Projects/etlX/venv/lib/python3.9/site-packages/airflow/example_dags/example_task_group_decorator.py
[2025-10-14 16:08:15,445] {processor.py:641} INFO - Processing file /root/Projects/etlX/venv/lib/python3.9/site-packages/airflow/example_dags/example_task_group_decorator.py for tasks to queue
[2025-10-14 16:08:15,446] {logging_mixin.py:115} INFO - [2025-10-14 16:08:15,446] {dagbag.py:507} INFO - Filling up the DagBag from /root/Projects/etlX/venv/lib/python3.9/site-packages/airflow/example_dags/example_task_group_decorator.py
[2025-10-14 16:08:15,482] {processor.py:651} INFO - DAG(s) dict_keys(['example_task_group_decorator']) retrieved from /root/Projects/etlX/venv/lib/python3.9/site-packages/airflow/example_dags/example_task_group_decorator.py
[2025-10-14 16:08:15,515] {logging_mixin.py:115} INFO - [2025-10-14 16:08:15,515] {dag.py:2379} INFO - Sync 1 DAGs
[2025-10-14 16:08:15,534] {logging_mixin.py:115} INFO - [2025-10-14 16:08:15,533] {dag.py:2927} INFO - Setting next_dagrun for example_task_group_decorator to 2025-10-13T19:08:15.533563+00:00, run_after=2025-10-14T19:08:15.533563+00:00
[2025-10-14 16:08:15,544] {processor.py:161} INFO - Processing /root/Projects/etlX/venv/lib/python3.9/site-packages/airflow/example_dags/example_task_group_decorator.py took 0.106 seconds
[2025-10-14 16:08:47,571] {processor.py:153} INFO - Started process (PID=21641) to work on /root/Projects/etlX/venv/lib/python3.9/site-packages/airflow/example_dags/example_task_group_decorator.py
[2025-10-14 16:08:47,572] {processor.py:641} INFO - Processing file /root/Projects/etlX/venv/lib/python3.9/site-packages/airflow/example_dags/example_task_group_decorator.py for tasks to queue
[2025-10-14 16:08:47,573] {logging_mixin.py:115} INFO - [2025-10-14 16:08:47,573] {dagbag.py:507} INFO - Filling up the DagBag from /root/Projects/etlX/venv/lib/python3.9/site-packages/airflow/example_dags/example_task_group_decorator.py
[2025-10-14 16:08:47,612] {processor.py:651} INFO - DAG(s) dict_keys(['example_task_group_decorator']) retrieved from /root/Projects/etlX/venv/lib/python3.9/site-packages/airflow/example_dags/example_task_group_decorator.py
[2025-10-14 16:08:47,659] {logging_mixin.py:115} INFO - [2025-10-14 16:08:47,659] {dag.py:2379} INFO - Sync 1 DAGs
[2025-10-14 16:08:47,676] {logging_mixin.py:115} INFO - [2025-10-14 16:08:47,676] {dag.py:2927} INFO - Setting next_dagrun for example_task_group_decorator to 2025-10-13T19:08:47.675564+00:00, run_after=2025-10-14T19:08:47.675564+00:00
[2025-10-14 16:08:47,689] {processor.py:161} INFO - Processing /root/Projects/etlX/venv/lib/python3.9/site-packages/airflow/example_dags/example_task_group_decorator.py took 0.124 seconds
[2025-10-14 16:25:24,470] {processor.py:153} INFO - Started process (PID=22712) to work on /root/Projects/etlX/venv/lib/python3.9/site-packages/airflow/example_dags/example_task_group_decorator.py
[2025-10-14 16:25:24,471] {processor.py:641} INFO - Processing file /root/Projects/etlX/venv/lib/python3.9/site-packages/airflow/example_dags/example_task_group_decorator.py for tasks to queue
[2025-10-14 16:25:24,471] {logging_mixin.py:115} INFO - [2025-10-14 16:25:24,471] {dagbag.py:507} INFO - Filling up the DagBag from /root/Projects/etlX/venv/lib/python3.9/site-packages/airflow/example_dags/example_task_group_decorator.py
[2025-10-14 16:25:24,497] {processor.py:651} INFO - DAG(s) dict_keys(['example_task_group_decorator']) retrieved from /root/Projects/etlX/venv/lib/python3.9/site-packages/airflow/example_dags/example_task_group_decorator.py
[2025-10-14 16:25:24,543] {logging_mixin.py:115} INFO - [2025-10-14 16:25:24,543] {dag.py:2379} INFO - Sync 1 DAGs
[2025-10-14 16:25:24,556] {logging_mixin.py:115} INFO - [2025-10-14 16:25:24,556] {dag.py:2927} INFO - Setting next_dagrun for example_task_group_decorator to 2025-10-13T19:25:24.556219+00:00, run_after=2025-10-14T19:25:24.556219+00:00
[2025-10-14 16:25:24,568] {processor.py:161} INFO - Processing /root/Projects/etlX/venv/lib/python3.9/site-packages/airflow/example_dags/example_task_group_decorator.py took 0.102 seconds
[2025-10-14 16:25:59,648] {processor.py:153} INFO - Started process (PID=22873) to work on /root/Projects/etlX/venv/lib/python3.9/site-packages/airflow/example_dags/example_task_group_decorator.py
[2025-10-14 16:25:59,649] {processor.py:641} INFO - Processing file /root/Projects/etlX/venv/lib/python3.9/site-packages/airflow/example_dags/example_task_group_decorator.py for tasks to queue
[2025-10-14 16:25:59,650] {logging_mixin.py:115} INFO - [2025-10-14 16:25:59,650] {dagbag.py:507} INFO - Filling up the DagBag from /root/Projects/etlX/venv/lib/python3.9/site-packages/airflow/example_dags/example_task_group_decorator.py
[2025-10-14 16:25:59,684] {processor.py:651} INFO - DAG(s) dict_keys(['example_task_group_decorator']) retrieved from /root/Projects/etlX/venv/lib/python3.9/site-packages/airflow/example_dags/example_task_group_decorator.py
[2025-10-14 16:25:59,729] {logging_mixin.py:115} INFO - [2025-10-14 16:25:59,729] {dag.py:2379} INFO - Sync 1 DAGs
[2025-10-14 16:25:59,743] {logging_mixin.py:115} INFO - [2025-10-14 16:25:59,743] {dag.py:2927} INFO - Setting next_dagrun for example_task_group_decorator to 2025-10-13T19:25:59.743284+00:00, run_after=2025-10-14T19:25:59.743284+00:00
[2025-10-14 16:25:59,755] {processor.py:161} INFO - Processing /root/Projects/etlX/venv/lib/python3.9/site-packages/airflow/example_dags/example_task_group_decorator.py took 0.116 seconds
[2025-10-14 16:26:33,930] {processor.py:153} INFO - Started process (PID=22931) to work on /root/Projects/etlX/venv/lib/python3.9/site-packages/airflow/example_dags/example_task_group_decorator.py
[2025-10-14 16:26:33,931] {processor.py:641} INFO - Processing file /root/Projects/etlX/venv/lib/python3.9/site-packages/airflow/example_dags/example_task_group_decorator.py for tasks to queue
[2025-10-14 16:26:33,932] {logging_mixin.py:115} INFO - [2025-10-14 16:26:33,931] {dagbag.py:507} INFO - Filling up the DagBag from /root/Projects/etlX/venv/lib/python3.9/site-packages/airflow/example_dags/example_task_group_decorator.py
[2025-10-14 16:26:33,958] {processor.py:651} INFO - DAG(s) dict_keys(['example_task_group_decorator']) retrieved from /root/Projects/etlX/venv/lib/python3.9/site-packages/airflow/example_dags/example_task_group_decorator.py
[2025-10-14 16:26:34,010] {logging_mixin.py:115} INFO - [2025-10-14 16:26:34,010] {dag.py:2379} INFO - Sync 1 DAGs
[2025-10-14 16:26:34,027] {logging_mixin.py:115} INFO - [2025-10-14 16:26:34,027] {dag.py:2927} INFO - Setting next_dagrun for example_task_group_decorator to 2025-10-13T19:26:34.027425+00:00, run_after=2025-10-14T19:26:34.027425+00:00
[2025-10-14 16:26:34,040] {processor.py:161} INFO - Processing /root/Projects/etlX/venv/lib/python3.9/site-packages/airflow/example_dags/example_task_group_decorator.py took 0.114 seconds
[2025-10-14 16:27:07,931] {processor.py:153} INFO - Started process (PID=22986) to work on /root/Projects/etlX/venv/lib/python3.9/site-packages/airflow/example_dags/example_task_group_decorator.py
[2025-10-14 16:27:07,932] {processor.py:641} INFO - Processing file /root/Projects/etlX/venv/lib/python3.9/site-packages/airflow/example_dags/example_task_group_decorator.py for tasks to queue
[2025-10-14 16:27:07,933] {logging_mixin.py:115} INFO - [2025-10-14 16:27:07,933] {dagbag.py:507} INFO - Filling up the DagBag from /root/Projects/etlX/venv/lib/python3.9/site-packages/airflow/example_dags/example_task_group_decorator.py
[2025-10-14 16:27:07,971] {processor.py:651} INFO - DAG(s) dict_keys(['example_task_group_decorator']) retrieved from /root/Projects/etlX/venv/lib/python3.9/site-packages/airflow/example_dags/example_task_group_decorator.py
[2025-10-14 16:27:08,017] {logging_mixin.py:115} INFO - [2025-10-14 16:27:08,016] {dag.py:2379} INFO - Sync 1 DAGs
[2025-10-14 16:27:08,030] {logging_mixin.py:115} INFO - [2025-10-14 16:27:08,030] {dag.py:2927} INFO - Setting next_dagrun for example_task_group_decorator to 2025-10-13T19:27:08.030129+00:00, run_after=2025-10-14T19:27:08.030129+00:00
[2025-10-14 16:27:08,042] {processor.py:161} INFO - Processing /root/Projects/etlX/venv/lib/python3.9/site-packages/airflow/example_dags/example_task_group_decorator.py took 0.122 seconds
[2025-10-14 16:27:42,349] {processor.py:153} INFO - Started process (PID=23147) to work on /root/Projects/etlX/venv/lib/python3.9/site-packages/airflow/example_dags/example_task_group_decorator.py
[2025-10-14 16:27:42,349] {processor.py:641} INFO - Processing file /root/Projects/etlX/venv/lib/python3.9/site-packages/airflow/example_dags/example_task_group_decorator.py for tasks to queue
[2025-10-14 16:27:42,350] {logging_mixin.py:115} INFO - [2025-10-14 16:27:42,350] {dagbag.py:507} INFO - Filling up the DagBag from /root/Projects/etlX/venv/lib/python3.9/site-packages/airflow/example_dags/example_task_group_decorator.py
[2025-10-14 16:27:42,376] {processor.py:651} INFO - DAG(s) dict_keys(['example_task_group_decorator']) retrieved from /root/Projects/etlX/venv/lib/python3.9/site-packages/airflow/example_dags/example_task_group_decorator.py
[2025-10-14 16:27:42,421] {logging_mixin.py:115} INFO - [2025-10-14 16:27:42,421] {dag.py:2379} INFO - Sync 1 DAGs
[2025-10-14 16:27:42,435] {logging_mixin.py:115} INFO - [2025-10-14 16:27:42,434] {dag.py:2927} INFO - Setting next_dagrun for example_task_group_decorator to 2025-10-13T19:27:42.434624+00:00, run_after=2025-10-14T19:27:42.434624+00:00
[2025-10-14 16:27:42,446] {processor.py:161} INFO - Processing /root/Projects/etlX/venv/lib/python3.9/site-packages/airflow/example_dags/example_task_group_decorator.py took 0.101 seconds
[2025-10-14 16:28:16,095] {processor.py:153} INFO - Started process (PID=23308) to work on /root/Projects/etlX/venv/lib/python3.9/site-packages/airflow/example_dags/example_task_group_decorator.py
[2025-10-14 16:28:16,096] {processor.py:641} INFO - Processing file /root/Projects/etlX/venv/lib/python3.9/site-packages/airflow/example_dags/example_task_group_decorator.py for tasks to queue
[2025-10-14 16:28:16,097] {logging_mixin.py:115} INFO - [2025-10-14 16:28:16,097] {dagbag.py:507} INFO - Filling up the DagBag from /root/Projects/etlX/venv/lib/python3.9/site-packages/airflow/example_dags/example_task_group_decorator.py
[2025-10-14 16:28:16,122] {processor.py:651} INFO - DAG(s) dict_keys(['example_task_group_decorator']) retrieved from /root/Projects/etlX/venv/lib/python3.9/site-packages/airflow/example_dags/example_task_group_decorator.py
[2025-10-14 16:28:16,168] {logging_mixin.py:115} INFO - [2025-10-14 16:28:16,168] {dag.py:2379} INFO - Sync 1 DAGs
[2025-10-14 16:28:16,182] {logging_mixin.py:115} INFO - [2025-10-14 16:28:16,182] {dag.py:2927} INFO - Setting next_dagrun for example_task_group_decorator to 2025-10-13T19:28:16.182143+00:00, run_after=2025-10-14T19:28:16.182143+00:00
[2025-10-14 16:28:16,194] {processor.py:161} INFO - Processing /root/Projects/etlX/venv/lib/python3.9/site-packages/airflow/example_dags/example_task_group_decorator.py took 0.104 seconds
[2025-10-14 16:28:51,011] {processor.py:153} INFO - Started process (PID=23366) to work on /root/Projects/etlX/venv/lib/python3.9/site-packages/airflow/example_dags/example_task_group_decorator.py
[2025-10-14 16:28:51,012] {processor.py:641} INFO - Processing file /root/Projects/etlX/venv/lib/python3.9/site-packages/airflow/example_dags/example_task_group_decorator.py for tasks to queue
[2025-10-14 16:28:51,012] {logging_mixin.py:115} INFO - [2025-10-14 16:28:51,012] {dagbag.py:507} INFO - Filling up the DagBag from /root/Projects/etlX/venv/lib/python3.9/site-packages/airflow/example_dags/example_task_group_decorator.py
[2025-10-14 16:28:51,041] {processor.py:651} INFO - DAG(s) dict_keys(['example_task_group_decorator']) retrieved from /root/Projects/etlX/venv/lib/python3.9/site-packages/airflow/example_dags/example_task_group_decorator.py
[2025-10-14 16:28:51,090] {logging_mixin.py:115} INFO - [2025-10-14 16:28:51,090] {dag.py:2379} INFO - Sync 1 DAGs
[2025-10-14 16:28:51,106] {logging_mixin.py:115} INFO - [2025-10-14 16:28:51,106] {dag.py:2927} INFO - Setting next_dagrun for example_task_group_decorator to 2025-10-13T19:28:51.106460+00:00, run_after=2025-10-14T19:28:51.106460+00:00
[2025-10-14 16:28:51,121] {processor.py:161} INFO - Processing /root/Projects/etlX/venv/lib/python3.9/site-packages/airflow/example_dags/example_task_group_decorator.py took 0.117 seconds
[2025-10-14 16:29:24,344] {processor.py:153} INFO - Started process (PID=23524) to work on /root/Projects/etlX/venv/lib/python3.9/site-packages/airflow/example_dags/example_task_group_decorator.py
[2025-10-14 16:29:24,345] {processor.py:641} INFO - Processing file /root/Projects/etlX/venv/lib/python3.9/site-packages/airflow/example_dags/example_task_group_decorator.py for tasks to queue
[2025-10-14 16:29:24,346] {logging_mixin.py:115} INFO - [2025-10-14 16:29:24,346] {dagbag.py:507} INFO - Filling up the DagBag from /root/Projects/etlX/venv/lib/python3.9/site-packages/airflow/example_dags/example_task_group_decorator.py
[2025-10-14 16:29:24,373] {processor.py:651} INFO - DAG(s) dict_keys(['example_task_group_decorator']) retrieved from /root/Projects/etlX/venv/lib/python3.9/site-packages/airflow/example_dags/example_task_group_decorator.py
[2025-10-14 16:29:24,419] {logging_mixin.py:115} INFO - [2025-10-14 16:29:24,418] {dag.py:2379} INFO - Sync 1 DAGs
[2025-10-14 16:29:24,432] {logging_mixin.py:115} INFO - [2025-10-14 16:29:24,432] {dag.py:2927} INFO - Setting next_dagrun for example_task_group_decorator to 2025-10-13T19:29:24.431701+00:00, run_after=2025-10-14T19:29:24.431701+00:00
[2025-10-14 16:29:24,443] {processor.py:161} INFO - Processing /root/Projects/etlX/venv/lib/python3.9/site-packages/airflow/example_dags/example_task_group_decorator.py took 0.104 seconds
[2025-10-14 16:29:58,104] {processor.py:153} INFO - Started process (PID=23637) to work on /root/Projects/etlX/venv/lib/python3.9/site-packages/airflow/example_dags/example_task_group_decorator.py
[2025-10-14 16:29:58,105] {processor.py:641} INFO - Processing file /root/Projects/etlX/venv/lib/python3.9/site-packages/airflow/example_dags/example_task_group_decorator.py for tasks to queue
[2025-10-14 16:29:58,105] {logging_mixin.py:115} INFO - [2025-10-14 16:29:58,105] {dagbag.py:507} INFO - Filling up the DagBag from /root/Projects/etlX/venv/lib/python3.9/site-packages/airflow/example_dags/example_task_group_decorator.py
[2025-10-14 16:29:58,148] {processor.py:651} INFO - DAG(s) dict_keys(['example_task_group_decorator']) retrieved from /root/Projects/etlX/venv/lib/python3.9/site-packages/airflow/example_dags/example_task_group_decorator.py
[2025-10-14 16:29:58,270] {logging_mixin.py:115} INFO - [2025-10-14 16:29:58,270] {dag.py:2379} INFO - Sync 1 DAGs
[2025-10-14 16:29:58,284] {logging_mixin.py:115} INFO - [2025-10-14 16:29:58,284] {dag.py:2927} INFO - Setting next_dagrun for example_task_group_decorator to 2025-10-13T19:29:58.284456+00:00, run_after=2025-10-14T19:29:58.284456+00:00
[2025-10-14 16:29:58,297] {processor.py:161} INFO - Processing /root/Projects/etlX/venv/lib/python3.9/site-packages/airflow/example_dags/example_task_group_decorator.py took 0.199 seconds
[2025-10-14 16:36:11,116] {processor.py:153} INFO - Started process (PID=24527) to work on /root/Projects/etlX/venv/lib/python3.9/site-packages/airflow/example_dags/example_task_group_decorator.py
[2025-10-14 16:36:11,116] {processor.py:641} INFO - Processing file /root/Projects/etlX/venv/lib/python3.9/site-packages/airflow/example_dags/example_task_group_decorator.py for tasks to queue
[2025-10-14 16:36:11,117] {logging_mixin.py:115} INFO - [2025-10-14 16:36:11,117] {dagbag.py:507} INFO - Filling up the DagBag from /root/Projects/etlX/venv/lib/python3.9/site-packages/airflow/example_dags/example_task_group_decorator.py
[2025-10-14 16:36:11,148] {processor.py:651} INFO - DAG(s) dict_keys(['example_task_group_decorator']) retrieved from /root/Projects/etlX/venv/lib/python3.9/site-packages/airflow/example_dags/example_task_group_decorator.py
[2025-10-14 16:36:11,198] {logging_mixin.py:115} INFO - [2025-10-14 16:36:11,198] {dag.py:2379} INFO - Sync 1 DAGs
[2025-10-14 16:36:11,212] {logging_mixin.py:115} INFO - [2025-10-14 16:36:11,212] {dag.py:2927} INFO - Setting next_dagrun for example_task_group_decorator to 2025-10-13T19:36:11.211966+00:00, run_after=2025-10-14T19:36:11.211966+00:00
[2025-10-14 16:36:11,224] {processor.py:161} INFO - Processing /root/Projects/etlX/venv/lib/python3.9/site-packages/airflow/example_dags/example_task_group_decorator.py took 0.113 seconds
