[2025-10-14 14:57:01,359] {processor.py:153} INFO - Started process (PID=13213) to work on /root/Projects/etlX/venv/lib/python3.9/site-packages/airflow/example_dags/example_time_delta_sensor_async.py
[2025-10-14 14:57:01,360] {processor.py:641} INFO - Processing file /root/Projects/etlX/venv/lib/python3.9/site-packages/airflow/example_dags/example_time_delta_sensor_async.py for tasks to queue
[2025-10-14 14:57:01,360] {logging_mixin.py:115} INFO - [2025-10-14 14:57:01,360] {dagbag.py:507} INFO - Filling up the DagBag from /root/Projects/etlX/venv/lib/python3.9/site-packages/airflow/example_dags/example_time_delta_sensor_async.py
[2025-10-14 14:57:01,368] {processor.py:651} INFO - DAG(s) dict_keys(['example_time_delta_sensor_async']) retrieved from /root/Projects/etlX/venv/lib/python3.9/site-packages/airflow/example_dags/example_time_delta_sensor_async.py
[2025-10-14 14:57:01,440] {logging_mixin.py:115} INFO - [2025-10-14 14:57:01,440] {manager.py:508} INFO - Created Permission View: can read on DAG:example_time_delta_sensor_async
[2025-10-14 14:57:01,448] {logging_mixin.py:115} INFO - [2025-10-14 14:57:01,448] {manager.py:508} INFO - Created Permission View: can edit on DAG:example_time_delta_sensor_async
[2025-10-14 14:57:01,454] {logging_mixin.py:115} INFO - [2025-10-14 14:57:01,454] {manager.py:508} INFO - Created Permission View: can delete on DAG:example_time_delta_sensor_async
[2025-10-14 14:57:01,454] {logging_mixin.py:115} INFO - [2025-10-14 14:57:01,454] {dag.py:2379} INFO - Sync 1 DAGs
[2025-10-14 14:57:01,462] {logging_mixin.py:115} INFO - [2025-10-14 14:57:01,461] {dag.py:2398} INFO - Creating ORM DAG for example_time_delta_sensor_async
[2025-10-14 14:57:01,469] {logging_mixin.py:115} INFO - [2025-10-14 14:57:01,469] {dag.py:2927} INFO - Setting next_dagrun for example_time_delta_sensor_async to None, run_after=None
[2025-10-14 14:57:01,480] {processor.py:161} INFO - Processing /root/Projects/etlX/venv/lib/python3.9/site-packages/airflow/example_dags/example_time_delta_sensor_async.py took 0.125 seconds
[2025-10-14 14:57:39,707] {processor.py:153} INFO - Started process (PID=13526) to work on /root/Projects/etlX/venv/lib/python3.9/site-packages/airflow/example_dags/example_time_delta_sensor_async.py
[2025-10-14 14:57:39,707] {processor.py:641} INFO - Processing file /root/Projects/etlX/venv/lib/python3.9/site-packages/airflow/example_dags/example_time_delta_sensor_async.py for tasks to queue
[2025-10-14 14:57:39,708] {logging_mixin.py:115} INFO - [2025-10-14 14:57:39,708] {dagbag.py:507} INFO - Filling up the DagBag from /root/Projects/etlX/venv/lib/python3.9/site-packages/airflow/example_dags/example_time_delta_sensor_async.py
[2025-10-14 14:57:39,716] {processor.py:651} INFO - DAG(s) dict_keys(['example_time_delta_sensor_async']) retrieved from /root/Projects/etlX/venv/lib/python3.9/site-packages/airflow/example_dags/example_time_delta_sensor_async.py
[2025-10-14 14:57:39,750] {logging_mixin.py:115} INFO - [2025-10-14 14:57:39,750] {dag.py:2379} INFO - Sync 1 DAGs
[2025-10-14 14:57:39,773] {logging_mixin.py:115} INFO - [2025-10-14 14:57:39,773] {dag.py:2927} INFO - Setting next_dagrun for example_time_delta_sensor_async to None, run_after=None
[2025-10-14 14:57:39,787] {processor.py:161} INFO - Processing /root/Projects/etlX/venv/lib/python3.9/site-packages/airflow/example_dags/example_time_delta_sensor_async.py took 0.084 seconds
[2025-10-14 14:58:13,349] {processor.py:153} INFO - Started process (PID=13683) to work on /root/Projects/etlX/venv/lib/python3.9/site-packages/airflow/example_dags/example_time_delta_sensor_async.py
[2025-10-14 14:58:13,350] {processor.py:641} INFO - Processing file /root/Projects/etlX/venv/lib/python3.9/site-packages/airflow/example_dags/example_time_delta_sensor_async.py for tasks to queue
[2025-10-14 14:58:13,351] {logging_mixin.py:115} INFO - [2025-10-14 14:58:13,351] {dagbag.py:507} INFO - Filling up the DagBag from /root/Projects/etlX/venv/lib/python3.9/site-packages/airflow/example_dags/example_time_delta_sensor_async.py
[2025-10-14 14:58:13,362] {processor.py:651} INFO - DAG(s) dict_keys(['example_time_delta_sensor_async']) retrieved from /root/Projects/etlX/venv/lib/python3.9/site-packages/airflow/example_dags/example_time_delta_sensor_async.py
[2025-10-14 14:58:13,394] {logging_mixin.py:115} INFO - [2025-10-14 14:58:13,394] {dag.py:2379} INFO - Sync 1 DAGs
[2025-10-14 14:58:13,413] {logging_mixin.py:115} INFO - [2025-10-14 14:58:13,413] {dag.py:2927} INFO - Setting next_dagrun for example_time_delta_sensor_async to None, run_after=None
[2025-10-14 14:58:13,423] {processor.py:161} INFO - Processing /root/Projects/etlX/venv/lib/python3.9/site-packages/airflow/example_dags/example_time_delta_sensor_async.py took 0.082 seconds
[2025-10-14 14:58:47,156] {processor.py:153} INFO - Started process (PID=13741) to work on /root/Projects/etlX/venv/lib/python3.9/site-packages/airflow/example_dags/example_time_delta_sensor_async.py
[2025-10-14 14:58:47,156] {processor.py:641} INFO - Processing file /root/Projects/etlX/venv/lib/python3.9/site-packages/airflow/example_dags/example_time_delta_sensor_async.py for tasks to queue
[2025-10-14 14:58:47,157] {logging_mixin.py:115} INFO - [2025-10-14 14:58:47,157] {dagbag.py:507} INFO - Filling up the DagBag from /root/Projects/etlX/venv/lib/python3.9/site-packages/airflow/example_dags/example_time_delta_sensor_async.py
[2025-10-14 14:58:47,164] {processor.py:651} INFO - DAG(s) dict_keys(['example_time_delta_sensor_async']) retrieved from /root/Projects/etlX/venv/lib/python3.9/site-packages/airflow/example_dags/example_time_delta_sensor_async.py
[2025-10-14 14:58:47,194] {logging_mixin.py:115} INFO - [2025-10-14 14:58:47,194] {dag.py:2379} INFO - Sync 1 DAGs
[2025-10-14 14:58:47,212] {logging_mixin.py:115} INFO - [2025-10-14 14:58:47,212] {dag.py:2927} INFO - Setting next_dagrun for example_time_delta_sensor_async to None, run_after=None
[2025-10-14 14:58:47,223] {processor.py:161} INFO - Processing /root/Projects/etlX/venv/lib/python3.9/site-packages/airflow/example_dags/example_time_delta_sensor_async.py took 0.072 seconds
[2025-10-14 14:59:20,477] {processor.py:153} INFO - Started process (PID=13952) to work on /root/Projects/etlX/venv/lib/python3.9/site-packages/airflow/example_dags/example_time_delta_sensor_async.py
[2025-10-14 14:59:20,478] {processor.py:641} INFO - Processing file /root/Projects/etlX/venv/lib/python3.9/site-packages/airflow/example_dags/example_time_delta_sensor_async.py for tasks to queue
[2025-10-14 14:59:20,479] {logging_mixin.py:115} INFO - [2025-10-14 14:59:20,479] {dagbag.py:507} INFO - Filling up the DagBag from /root/Projects/etlX/venv/lib/python3.9/site-packages/airflow/example_dags/example_time_delta_sensor_async.py
[2025-10-14 14:59:20,488] {processor.py:651} INFO - DAG(s) dict_keys(['example_time_delta_sensor_async']) retrieved from /root/Projects/etlX/venv/lib/python3.9/site-packages/airflow/example_dags/example_time_delta_sensor_async.py
[2025-10-14 14:59:20,522] {logging_mixin.py:115} INFO - [2025-10-14 14:59:20,522] {dag.py:2379} INFO - Sync 1 DAGs
[2025-10-14 14:59:20,545] {logging_mixin.py:115} INFO - [2025-10-14 14:59:20,545] {dag.py:2927} INFO - Setting next_dagrun for example_time_delta_sensor_async to None, run_after=None
[2025-10-14 14:59:20,586] {processor.py:161} INFO - Processing /root/Projects/etlX/venv/lib/python3.9/site-packages/airflow/example_dags/example_time_delta_sensor_async.py took 0.114 seconds
[2025-10-14 14:59:54,520] {processor.py:153} INFO - Started process (PID=14010) to work on /root/Projects/etlX/venv/lib/python3.9/site-packages/airflow/example_dags/example_time_delta_sensor_async.py
[2025-10-14 14:59:54,521] {processor.py:641} INFO - Processing file /root/Projects/etlX/venv/lib/python3.9/site-packages/airflow/example_dags/example_time_delta_sensor_async.py for tasks to queue
[2025-10-14 14:59:54,521] {logging_mixin.py:115} INFO - [2025-10-14 14:59:54,521] {dagbag.py:507} INFO - Filling up the DagBag from /root/Projects/etlX/venv/lib/python3.9/site-packages/airflow/example_dags/example_time_delta_sensor_async.py
[2025-10-14 14:59:54,528] {processor.py:651} INFO - DAG(s) dict_keys(['example_time_delta_sensor_async']) retrieved from /root/Projects/etlX/venv/lib/python3.9/site-packages/airflow/example_dags/example_time_delta_sensor_async.py
[2025-10-14 14:59:54,563] {logging_mixin.py:115} INFO - [2025-10-14 14:59:54,563] {dag.py:2379} INFO - Sync 1 DAGs
[2025-10-14 14:59:54,585] {logging_mixin.py:115} INFO - [2025-10-14 14:59:54,584] {dag.py:2927} INFO - Setting next_dagrun for example_time_delta_sensor_async to None, run_after=None
[2025-10-14 14:59:54,597] {processor.py:161} INFO - Processing /root/Projects/etlX/venv/lib/python3.9/site-packages/airflow/example_dags/example_time_delta_sensor_async.py took 0.081 seconds
[2025-10-14 15:00:26,669] {processor.py:153} INFO - Started process (PID=14064) to work on /root/Projects/etlX/venv/lib/python3.9/site-packages/airflow/example_dags/example_time_delta_sensor_async.py
[2025-10-14 15:00:26,669] {processor.py:641} INFO - Processing file /root/Projects/etlX/venv/lib/python3.9/site-packages/airflow/example_dags/example_time_delta_sensor_async.py for tasks to queue
[2025-10-14 15:00:26,670] {logging_mixin.py:115} INFO - [2025-10-14 15:00:26,670] {dagbag.py:507} INFO - Filling up the DagBag from /root/Projects/etlX/venv/lib/python3.9/site-packages/airflow/example_dags/example_time_delta_sensor_async.py
[2025-10-14 15:00:26,678] {processor.py:651} INFO - DAG(s) dict_keys(['example_time_delta_sensor_async']) retrieved from /root/Projects/etlX/venv/lib/python3.9/site-packages/airflow/example_dags/example_time_delta_sensor_async.py
[2025-10-14 15:00:26,712] {logging_mixin.py:115} INFO - [2025-10-14 15:00:26,712] {dag.py:2379} INFO - Sync 1 DAGs
[2025-10-14 15:00:26,751] {logging_mixin.py:115} INFO - [2025-10-14 15:00:26,751] {dag.py:2927} INFO - Setting next_dagrun for example_time_delta_sensor_async to None, run_after=None
[2025-10-14 15:00:26,770] {processor.py:161} INFO - Processing /root/Projects/etlX/venv/lib/python3.9/site-packages/airflow/example_dags/example_time_delta_sensor_async.py took 0.106 seconds
[2025-10-14 15:01:01,618] {processor.py:153} INFO - Started process (PID=14377) to work on /root/Projects/etlX/venv/lib/python3.9/site-packages/airflow/example_dags/example_time_delta_sensor_async.py
[2025-10-14 15:01:01,619] {processor.py:641} INFO - Processing file /root/Projects/etlX/venv/lib/python3.9/site-packages/airflow/example_dags/example_time_delta_sensor_async.py for tasks to queue
[2025-10-14 15:01:01,619] {logging_mixin.py:115} INFO - [2025-10-14 15:01:01,619] {dagbag.py:507} INFO - Filling up the DagBag from /root/Projects/etlX/venv/lib/python3.9/site-packages/airflow/example_dags/example_time_delta_sensor_async.py
[2025-10-14 15:01:01,627] {processor.py:651} INFO - DAG(s) dict_keys(['example_time_delta_sensor_async']) retrieved from /root/Projects/etlX/venv/lib/python3.9/site-packages/airflow/example_dags/example_time_delta_sensor_async.py
[2025-10-14 15:01:01,660] {logging_mixin.py:115} INFO - [2025-10-14 15:01:01,660] {dag.py:2379} INFO - Sync 1 DAGs
[2025-10-14 15:01:01,680] {logging_mixin.py:115} INFO - [2025-10-14 15:01:01,680] {dag.py:2927} INFO - Setting next_dagrun for example_time_delta_sensor_async to None, run_after=None
[2025-10-14 15:01:01,691] {processor.py:161} INFO - Processing /root/Projects/etlX/venv/lib/python3.9/site-packages/airflow/example_dags/example_time_delta_sensor_async.py took 0.079 seconds
[2025-10-14 15:01:32,502] {processor.py:153} INFO - Started process (PID=14478) to work on /root/Projects/etlX/venv/lib/python3.9/site-packages/airflow/example_dags/example_time_delta_sensor_async.py
[2025-10-14 15:01:32,503] {processor.py:641} INFO - Processing file /root/Projects/etlX/venv/lib/python3.9/site-packages/airflow/example_dags/example_time_delta_sensor_async.py for tasks to queue
[2025-10-14 15:01:32,503] {logging_mixin.py:115} INFO - [2025-10-14 15:01:32,503] {dagbag.py:507} INFO - Filling up the DagBag from /root/Projects/etlX/venv/lib/python3.9/site-packages/airflow/example_dags/example_time_delta_sensor_async.py
[2025-10-14 15:01:32,513] {processor.py:651} INFO - DAG(s) dict_keys(['example_time_delta_sensor_async']) retrieved from /root/Projects/etlX/venv/lib/python3.9/site-packages/airflow/example_dags/example_time_delta_sensor_async.py
[2025-10-14 15:01:32,557] {logging_mixin.py:115} INFO - [2025-10-14 15:01:32,557] {dag.py:2379} INFO - Sync 1 DAGs
[2025-10-14 15:01:32,579] {logging_mixin.py:115} INFO - [2025-10-14 15:01:32,579] {dag.py:2927} INFO - Setting next_dagrun for example_time_delta_sensor_async to None, run_after=None
[2025-10-14 15:01:32,591] {processor.py:161} INFO - Processing /root/Projects/etlX/venv/lib/python3.9/site-packages/airflow/example_dags/example_time_delta_sensor_async.py took 0.096 seconds
[2025-10-14 15:02:07,297] {processor.py:153} INFO - Started process (PID=14792) to work on /root/Projects/etlX/venv/lib/python3.9/site-packages/airflow/example_dags/example_time_delta_sensor_async.py
[2025-10-14 15:02:07,297] {processor.py:641} INFO - Processing file /root/Projects/etlX/venv/lib/python3.9/site-packages/airflow/example_dags/example_time_delta_sensor_async.py for tasks to queue
[2025-10-14 15:02:07,298] {logging_mixin.py:115} INFO - [2025-10-14 15:02:07,298] {dagbag.py:507} INFO - Filling up the DagBag from /root/Projects/etlX/venv/lib/python3.9/site-packages/airflow/example_dags/example_time_delta_sensor_async.py
[2025-10-14 15:02:07,306] {processor.py:651} INFO - DAG(s) dict_keys(['example_time_delta_sensor_async']) retrieved from /root/Projects/etlX/venv/lib/python3.9/site-packages/airflow/example_dags/example_time_delta_sensor_async.py
[2025-10-14 15:02:07,339] {logging_mixin.py:115} INFO - [2025-10-14 15:02:07,339] {dag.py:2379} INFO - Sync 1 DAGs
[2025-10-14 15:02:07,359] {logging_mixin.py:115} INFO - [2025-10-14 15:02:07,359] {dag.py:2927} INFO - Setting next_dagrun for example_time_delta_sensor_async to None, run_after=None
[2025-10-14 15:02:07,372] {processor.py:161} INFO - Processing /root/Projects/etlX/venv/lib/python3.9/site-packages/airflow/example_dags/example_time_delta_sensor_async.py took 0.080 seconds
[2025-10-14 15:02:40,307] {processor.py:153} INFO - Started process (PID=14849) to work on /root/Projects/etlX/venv/lib/python3.9/site-packages/airflow/example_dags/example_time_delta_sensor_async.py
[2025-10-14 15:02:40,308] {processor.py:641} INFO - Processing file /root/Projects/etlX/venv/lib/python3.9/site-packages/airflow/example_dags/example_time_delta_sensor_async.py for tasks to queue
[2025-10-14 15:02:40,309] {logging_mixin.py:115} INFO - [2025-10-14 15:02:40,309] {dagbag.py:507} INFO - Filling up the DagBag from /root/Projects/etlX/venv/lib/python3.9/site-packages/airflow/example_dags/example_time_delta_sensor_async.py
[2025-10-14 15:02:40,317] {processor.py:651} INFO - DAG(s) dict_keys(['example_time_delta_sensor_async']) retrieved from /root/Projects/etlX/venv/lib/python3.9/site-packages/airflow/example_dags/example_time_delta_sensor_async.py
[2025-10-14 15:02:40,357] {logging_mixin.py:115} INFO - [2025-10-14 15:02:40,357] {dag.py:2379} INFO - Sync 1 DAGs
[2025-10-14 15:02:40,383] {logging_mixin.py:115} INFO - [2025-10-14 15:02:40,383] {dag.py:2927} INFO - Setting next_dagrun for example_time_delta_sensor_async to None, run_after=None
[2025-10-14 15:02:40,397] {processor.py:161} INFO - Processing /root/Projects/etlX/venv/lib/python3.9/site-packages/airflow/example_dags/example_time_delta_sensor_async.py took 0.094 seconds
[2025-10-14 15:03:13,581] {processor.py:153} INFO - Started process (PID=15009) to work on /root/Projects/etlX/venv/lib/python3.9/site-packages/airflow/example_dags/example_time_delta_sensor_async.py
[2025-10-14 15:03:13,582] {processor.py:641} INFO - Processing file /root/Projects/etlX/venv/lib/python3.9/site-packages/airflow/example_dags/example_time_delta_sensor_async.py for tasks to queue
[2025-10-14 15:03:13,583] {logging_mixin.py:115} INFO - [2025-10-14 15:03:13,583] {dagbag.py:507} INFO - Filling up the DagBag from /root/Projects/etlX/venv/lib/python3.9/site-packages/airflow/example_dags/example_time_delta_sensor_async.py
[2025-10-14 15:03:13,590] {processor.py:651} INFO - DAG(s) dict_keys(['example_time_delta_sensor_async']) retrieved from /root/Projects/etlX/venv/lib/python3.9/site-packages/airflow/example_dags/example_time_delta_sensor_async.py
[2025-10-14 15:03:13,625] {logging_mixin.py:115} INFO - [2025-10-14 15:03:13,625] {dag.py:2379} INFO - Sync 1 DAGs
[2025-10-14 15:03:13,646] {logging_mixin.py:115} INFO - [2025-10-14 15:03:13,646] {dag.py:2927} INFO - Setting next_dagrun for example_time_delta_sensor_async to None, run_after=None
[2025-10-14 15:03:13,658] {processor.py:161} INFO - Processing /root/Projects/etlX/venv/lib/python3.9/site-packages/airflow/example_dags/example_time_delta_sensor_async.py took 0.082 seconds
[2025-10-14 15:09:50,979] {processor.py:153} INFO - Started process (PID=15774) to work on /root/Projects/etlX/venv/lib/python3.9/site-packages/airflow/example_dags/example_time_delta_sensor_async.py
[2025-10-14 15:09:50,980] {processor.py:641} INFO - Processing file /root/Projects/etlX/venv/lib/python3.9/site-packages/airflow/example_dags/example_time_delta_sensor_async.py for tasks to queue
[2025-10-14 15:09:50,980] {logging_mixin.py:115} INFO - [2025-10-14 15:09:50,980] {dagbag.py:507} INFO - Filling up the DagBag from /root/Projects/etlX/venv/lib/python3.9/site-packages/airflow/example_dags/example_time_delta_sensor_async.py
[2025-10-14 15:09:50,989] {processor.py:651} INFO - DAG(s) dict_keys(['example_time_delta_sensor_async']) retrieved from /root/Projects/etlX/venv/lib/python3.9/site-packages/airflow/example_dags/example_time_delta_sensor_async.py
[2025-10-14 15:09:51,021] {logging_mixin.py:115} INFO - [2025-10-14 15:09:51,021] {dag.py:2379} INFO - Sync 1 DAGs
[2025-10-14 15:09:51,042] {logging_mixin.py:115} INFO - [2025-10-14 15:09:51,042] {dag.py:2927} INFO - Setting next_dagrun for example_time_delta_sensor_async to None, run_after=None
[2025-10-14 15:09:51,055] {processor.py:161} INFO - Processing /root/Projects/etlX/venv/lib/python3.9/site-packages/airflow/example_dags/example_time_delta_sensor_async.py took 0.080 seconds
[2025-10-14 15:10:26,029] {processor.py:153} INFO - Started process (PID=15934) to work on /root/Projects/etlX/venv/lib/python3.9/site-packages/airflow/example_dags/example_time_delta_sensor_async.py
[2025-10-14 15:10:26,030] {processor.py:641} INFO - Processing file /root/Projects/etlX/venv/lib/python3.9/site-packages/airflow/example_dags/example_time_delta_sensor_async.py for tasks to queue
[2025-10-14 15:10:26,031] {logging_mixin.py:115} INFO - [2025-10-14 15:10:26,030] {dagbag.py:507} INFO - Filling up the DagBag from /root/Projects/etlX/venv/lib/python3.9/site-packages/airflow/example_dags/example_time_delta_sensor_async.py
[2025-10-14 15:10:26,039] {processor.py:651} INFO - DAG(s) dict_keys(['example_time_delta_sensor_async']) retrieved from /root/Projects/etlX/venv/lib/python3.9/site-packages/airflow/example_dags/example_time_delta_sensor_async.py
[2025-10-14 15:10:26,072] {logging_mixin.py:115} INFO - [2025-10-14 15:10:26,072] {dag.py:2379} INFO - Sync 1 DAGs
[2025-10-14 15:10:26,093] {logging_mixin.py:115} INFO - [2025-10-14 15:10:26,093] {dag.py:2927} INFO - Setting next_dagrun for example_time_delta_sensor_async to None, run_after=None
[2025-10-14 15:10:26,105] {processor.py:161} INFO - Processing /root/Projects/etlX/venv/lib/python3.9/site-packages/airflow/example_dags/example_time_delta_sensor_async.py took 0.080 seconds
[2025-10-14 15:11:00,547] {processor.py:153} INFO - Started process (PID=15989) to work on /root/Projects/etlX/venv/lib/python3.9/site-packages/airflow/example_dags/example_time_delta_sensor_async.py
[2025-10-14 15:11:00,548] {processor.py:641} INFO - Processing file /root/Projects/etlX/venv/lib/python3.9/site-packages/airflow/example_dags/example_time_delta_sensor_async.py for tasks to queue
[2025-10-14 15:11:00,548] {logging_mixin.py:115} INFO - [2025-10-14 15:11:00,548] {dagbag.py:507} INFO - Filling up the DagBag from /root/Projects/etlX/venv/lib/python3.9/site-packages/airflow/example_dags/example_time_delta_sensor_async.py
[2025-10-14 15:11:00,556] {processor.py:651} INFO - DAG(s) dict_keys(['example_time_delta_sensor_async']) retrieved from /root/Projects/etlX/venv/lib/python3.9/site-packages/airflow/example_dags/example_time_delta_sensor_async.py
[2025-10-14 15:11:00,588] {logging_mixin.py:115} INFO - [2025-10-14 15:11:00,588] {dag.py:2379} INFO - Sync 1 DAGs
[2025-10-14 15:11:00,608] {logging_mixin.py:115} INFO - [2025-10-14 15:11:00,608] {dag.py:2927} INFO - Setting next_dagrun for example_time_delta_sensor_async to None, run_after=None
[2025-10-14 15:11:00,621] {processor.py:161} INFO - Processing /root/Projects/etlX/venv/lib/python3.9/site-packages/airflow/example_dags/example_time_delta_sensor_async.py took 0.079 seconds
[2025-10-14 15:11:34,224] {processor.py:153} INFO - Started process (PID=16150) to work on /root/Projects/etlX/venv/lib/python3.9/site-packages/airflow/example_dags/example_time_delta_sensor_async.py
[2025-10-14 15:11:34,225] {processor.py:641} INFO - Processing file /root/Projects/etlX/venv/lib/python3.9/site-packages/airflow/example_dags/example_time_delta_sensor_async.py for tasks to queue
[2025-10-14 15:11:34,225] {logging_mixin.py:115} INFO - [2025-10-14 15:11:34,225] {dagbag.py:507} INFO - Filling up the DagBag from /root/Projects/etlX/venv/lib/python3.9/site-packages/airflow/example_dags/example_time_delta_sensor_async.py
[2025-10-14 15:11:34,235] {processor.py:651} INFO - DAG(s) dict_keys(['example_time_delta_sensor_async']) retrieved from /root/Projects/etlX/venv/lib/python3.9/site-packages/airflow/example_dags/example_time_delta_sensor_async.py
[2025-10-14 15:11:34,279] {logging_mixin.py:115} INFO - [2025-10-14 15:11:34,279] {dag.py:2379} INFO - Sync 1 DAGs
[2025-10-14 15:11:34,308] {logging_mixin.py:115} INFO - [2025-10-14 15:11:34,307] {dag.py:2927} INFO - Setting next_dagrun for example_time_delta_sensor_async to None, run_after=None
[2025-10-14 15:11:34,325] {processor.py:161} INFO - Processing /root/Projects/etlX/venv/lib/python3.9/site-packages/airflow/example_dags/example_time_delta_sensor_async.py took 0.107 seconds
[2025-10-14 15:12:09,226] {processor.py:153} INFO - Started process (PID=16208) to work on /root/Projects/etlX/venv/lib/python3.9/site-packages/airflow/example_dags/example_time_delta_sensor_async.py
[2025-10-14 15:12:09,227] {processor.py:641} INFO - Processing file /root/Projects/etlX/venv/lib/python3.9/site-packages/airflow/example_dags/example_time_delta_sensor_async.py for tasks to queue
[2025-10-14 15:12:09,228] {logging_mixin.py:115} INFO - [2025-10-14 15:12:09,228] {dagbag.py:507} INFO - Filling up the DagBag from /root/Projects/etlX/venv/lib/python3.9/site-packages/airflow/example_dags/example_time_delta_sensor_async.py
[2025-10-14 15:12:09,239] {processor.py:651} INFO - DAG(s) dict_keys(['example_time_delta_sensor_async']) retrieved from /root/Projects/etlX/venv/lib/python3.9/site-packages/airflow/example_dags/example_time_delta_sensor_async.py
[2025-10-14 15:12:09,284] {logging_mixin.py:115} INFO - [2025-10-14 15:12:09,284] {dag.py:2379} INFO - Sync 1 DAGs
[2025-10-14 15:12:09,311] {logging_mixin.py:115} INFO - [2025-10-14 15:12:09,310] {dag.py:2927} INFO - Setting next_dagrun for example_time_delta_sensor_async to None, run_after=None
[2025-10-14 15:12:09,327] {processor.py:161} INFO - Processing /root/Projects/etlX/venv/lib/python3.9/site-packages/airflow/example_dags/example_time_delta_sensor_async.py took 0.106 seconds
[2025-10-14 15:12:42,470] {processor.py:153} INFO - Started process (PID=16263) to work on /root/Projects/etlX/venv/lib/python3.9/site-packages/airflow/example_dags/example_time_delta_sensor_async.py
[2025-10-14 15:12:42,470] {processor.py:641} INFO - Processing file /root/Projects/etlX/venv/lib/python3.9/site-packages/airflow/example_dags/example_time_delta_sensor_async.py for tasks to queue
[2025-10-14 15:12:42,471] {logging_mixin.py:115} INFO - [2025-10-14 15:12:42,471] {dagbag.py:507} INFO - Filling up the DagBag from /root/Projects/etlX/venv/lib/python3.9/site-packages/airflow/example_dags/example_time_delta_sensor_async.py
[2025-10-14 15:12:42,478] {processor.py:651} INFO - DAG(s) dict_keys(['example_time_delta_sensor_async']) retrieved from /root/Projects/etlX/venv/lib/python3.9/site-packages/airflow/example_dags/example_time_delta_sensor_async.py
[2025-10-14 15:12:42,509] {logging_mixin.py:115} INFO - [2025-10-14 15:12:42,509] {dag.py:2379} INFO - Sync 1 DAGs
[2025-10-14 15:12:42,527] {logging_mixin.py:115} INFO - [2025-10-14 15:12:42,527] {dag.py:2927} INFO - Setting next_dagrun for example_time_delta_sensor_async to None, run_after=None
[2025-10-14 15:12:42,538] {processor.py:161} INFO - Processing /root/Projects/etlX/venv/lib/python3.9/site-packages/airflow/example_dags/example_time_delta_sensor_async.py took 0.073 seconds
[2025-10-14 15:13:15,736] {processor.py:153} INFO - Started process (PID=16318) to work on /root/Projects/etlX/venv/lib/python3.9/site-packages/airflow/example_dags/example_time_delta_sensor_async.py
[2025-10-14 15:13:15,737] {processor.py:641} INFO - Processing file /root/Projects/etlX/venv/lib/python3.9/site-packages/airflow/example_dags/example_time_delta_sensor_async.py for tasks to queue
[2025-10-14 15:13:15,737] {logging_mixin.py:115} INFO - [2025-10-14 15:13:15,737] {dagbag.py:507} INFO - Filling up the DagBag from /root/Projects/etlX/venv/lib/python3.9/site-packages/airflow/example_dags/example_time_delta_sensor_async.py
[2025-10-14 15:13:15,746] {processor.py:651} INFO - DAG(s) dict_keys(['example_time_delta_sensor_async']) retrieved from /root/Projects/etlX/venv/lib/python3.9/site-packages/airflow/example_dags/example_time_delta_sensor_async.py
[2025-10-14 15:13:15,776] {logging_mixin.py:115} INFO - [2025-10-14 15:13:15,776] {dag.py:2379} INFO - Sync 1 DAGs
[2025-10-14 15:13:15,795] {logging_mixin.py:115} INFO - [2025-10-14 15:13:15,795] {dag.py:2927} INFO - Setting next_dagrun for example_time_delta_sensor_async to None, run_after=None
[2025-10-14 15:13:15,805] {processor.py:161} INFO - Processing /root/Projects/etlX/venv/lib/python3.9/site-packages/airflow/example_dags/example_time_delta_sensor_async.py took 0.075 seconds
[2025-10-14 15:13:50,133] {processor.py:153} INFO - Started process (PID=16376) to work on /root/Projects/etlX/venv/lib/python3.9/site-packages/airflow/example_dags/example_time_delta_sensor_async.py
[2025-10-14 15:13:50,133] {processor.py:641} INFO - Processing file /root/Projects/etlX/venv/lib/python3.9/site-packages/airflow/example_dags/example_time_delta_sensor_async.py for tasks to queue
[2025-10-14 15:13:50,134] {logging_mixin.py:115} INFO - [2025-10-14 15:13:50,134] {dagbag.py:507} INFO - Filling up the DagBag from /root/Projects/etlX/venv/lib/python3.9/site-packages/airflow/example_dags/example_time_delta_sensor_async.py
[2025-10-14 15:13:50,141] {processor.py:651} INFO - DAG(s) dict_keys(['example_time_delta_sensor_async']) retrieved from /root/Projects/etlX/venv/lib/python3.9/site-packages/airflow/example_dags/example_time_delta_sensor_async.py
[2025-10-14 15:13:50,171] {logging_mixin.py:115} INFO - [2025-10-14 15:13:50,171] {dag.py:2379} INFO - Sync 1 DAGs
[2025-10-14 15:13:50,190] {logging_mixin.py:115} INFO - [2025-10-14 15:13:50,190] {dag.py:2927} INFO - Setting next_dagrun for example_time_delta_sensor_async to None, run_after=None
[2025-10-14 15:13:50,201] {processor.py:161} INFO - Processing /root/Projects/etlX/venv/lib/python3.9/site-packages/airflow/example_dags/example_time_delta_sensor_async.py took 0.073 seconds
[2025-10-14 15:14:22,401] {processor.py:153} INFO - Started process (PID=16431) to work on /root/Projects/etlX/venv/lib/python3.9/site-packages/airflow/example_dags/example_time_delta_sensor_async.py
[2025-10-14 15:14:22,401] {processor.py:641} INFO - Processing file /root/Projects/etlX/venv/lib/python3.9/site-packages/airflow/example_dags/example_time_delta_sensor_async.py for tasks to queue
[2025-10-14 15:14:22,402] {logging_mixin.py:115} INFO - [2025-10-14 15:14:22,402] {dagbag.py:507} INFO - Filling up the DagBag from /root/Projects/etlX/venv/lib/python3.9/site-packages/airflow/example_dags/example_time_delta_sensor_async.py
[2025-10-14 15:14:22,409] {processor.py:651} INFO - DAG(s) dict_keys(['example_time_delta_sensor_async']) retrieved from /root/Projects/etlX/venv/lib/python3.9/site-packages/airflow/example_dags/example_time_delta_sensor_async.py
[2025-10-14 15:14:22,441] {logging_mixin.py:115} INFO - [2025-10-14 15:14:22,441] {dag.py:2379} INFO - Sync 1 DAGs
[2025-10-14 15:14:22,460] {logging_mixin.py:115} INFO - [2025-10-14 15:14:22,460] {dag.py:2927} INFO - Setting next_dagrun for example_time_delta_sensor_async to None, run_after=None
[2025-10-14 15:14:22,470] {processor.py:161} INFO - Processing /root/Projects/etlX/venv/lib/python3.9/site-packages/airflow/example_dags/example_time_delta_sensor_async.py took 0.074 seconds
[2025-10-14 15:14:57,554] {processor.py:153} INFO - Started process (PID=16541) to work on /root/Projects/etlX/venv/lib/python3.9/site-packages/airflow/example_dags/example_time_delta_sensor_async.py
[2025-10-14 15:14:57,555] {processor.py:641} INFO - Processing file /root/Projects/etlX/venv/lib/python3.9/site-packages/airflow/example_dags/example_time_delta_sensor_async.py for tasks to queue
[2025-10-14 15:14:57,555] {logging_mixin.py:115} INFO - [2025-10-14 15:14:57,555] {dagbag.py:507} INFO - Filling up the DagBag from /root/Projects/etlX/venv/lib/python3.9/site-packages/airflow/example_dags/example_time_delta_sensor_async.py
[2025-10-14 15:14:57,564] {processor.py:651} INFO - DAG(s) dict_keys(['example_time_delta_sensor_async']) retrieved from /root/Projects/etlX/venv/lib/python3.9/site-packages/airflow/example_dags/example_time_delta_sensor_async.py
[2025-10-14 15:14:57,594] {logging_mixin.py:115} INFO - [2025-10-14 15:14:57,594] {dag.py:2379} INFO - Sync 1 DAGs
[2025-10-14 15:14:57,637] {logging_mixin.py:115} INFO - [2025-10-14 15:14:57,636] {dag.py:2927} INFO - Setting next_dagrun for example_time_delta_sensor_async to None, run_after=None
[2025-10-14 15:14:57,647] {processor.py:161} INFO - Processing /root/Projects/etlX/venv/lib/python3.9/site-packages/airflow/example_dags/example_time_delta_sensor_async.py took 0.098 seconds
[2025-10-14 15:15:32,613] {processor.py:153} INFO - Started process (PID=16599) to work on /root/Projects/etlX/venv/lib/python3.9/site-packages/airflow/example_dags/example_time_delta_sensor_async.py
[2025-10-14 15:15:32,614] {processor.py:641} INFO - Processing file /root/Projects/etlX/venv/lib/python3.9/site-packages/airflow/example_dags/example_time_delta_sensor_async.py for tasks to queue
[2025-10-14 15:15:32,615] {logging_mixin.py:115} INFO - [2025-10-14 15:15:32,615] {dagbag.py:507} INFO - Filling up the DagBag from /root/Projects/etlX/venv/lib/python3.9/site-packages/airflow/example_dags/example_time_delta_sensor_async.py
[2025-10-14 15:15:32,626] {processor.py:651} INFO - DAG(s) dict_keys(['example_time_delta_sensor_async']) retrieved from /root/Projects/etlX/venv/lib/python3.9/site-packages/airflow/example_dags/example_time_delta_sensor_async.py
[2025-10-14 15:15:32,657] {logging_mixin.py:115} INFO - [2025-10-14 15:15:32,657] {dag.py:2379} INFO - Sync 1 DAGs
[2025-10-14 15:15:32,676] {logging_mixin.py:115} INFO - [2025-10-14 15:15:32,676] {dag.py:2927} INFO - Setting next_dagrun for example_time_delta_sensor_async to None, run_after=None
[2025-10-14 15:15:32,687] {processor.py:161} INFO - Processing /root/Projects/etlX/venv/lib/python3.9/site-packages/airflow/example_dags/example_time_delta_sensor_async.py took 0.084 seconds
[2025-10-14 15:16:03,590] {processor.py:153} INFO - Started process (PID=16648) to work on /root/Projects/etlX/venv/lib/python3.9/site-packages/airflow/example_dags/example_time_delta_sensor_async.py
[2025-10-14 15:16:03,591] {processor.py:641} INFO - Processing file /root/Projects/etlX/venv/lib/python3.9/site-packages/airflow/example_dags/example_time_delta_sensor_async.py for tasks to queue
[2025-10-14 15:16:03,591] {logging_mixin.py:115} INFO - [2025-10-14 15:16:03,591] {dagbag.py:507} INFO - Filling up the DagBag from /root/Projects/etlX/venv/lib/python3.9/site-packages/airflow/example_dags/example_time_delta_sensor_async.py
[2025-10-14 15:16:03,600] {processor.py:651} INFO - DAG(s) dict_keys(['example_time_delta_sensor_async']) retrieved from /root/Projects/etlX/venv/lib/python3.9/site-packages/airflow/example_dags/example_time_delta_sensor_async.py
[2025-10-14 15:16:03,635] {logging_mixin.py:115} INFO - [2025-10-14 15:16:03,635] {dag.py:2379} INFO - Sync 1 DAGs
[2025-10-14 15:16:03,656] {logging_mixin.py:115} INFO - [2025-10-14 15:16:03,656] {dag.py:2927} INFO - Setting next_dagrun for example_time_delta_sensor_async to None, run_after=None
[2025-10-14 15:16:03,668] {processor.py:161} INFO - Processing /root/Projects/etlX/venv/lib/python3.9/site-packages/airflow/example_dags/example_time_delta_sensor_async.py took 0.082 seconds
[2025-10-14 15:16:35,645] {processor.py:153} INFO - Started process (PID=16910) to work on /root/Projects/etlX/venv/lib/python3.9/site-packages/airflow/example_dags/example_time_delta_sensor_async.py
[2025-10-14 15:16:35,646] {processor.py:641} INFO - Processing file /root/Projects/etlX/venv/lib/python3.9/site-packages/airflow/example_dags/example_time_delta_sensor_async.py for tasks to queue
[2025-10-14 15:16:35,646] {logging_mixin.py:115} INFO - [2025-10-14 15:16:35,646] {dagbag.py:507} INFO - Filling up the DagBag from /root/Projects/etlX/venv/lib/python3.9/site-packages/airflow/example_dags/example_time_delta_sensor_async.py
[2025-10-14 15:16:35,654] {processor.py:651} INFO - DAG(s) dict_keys(['example_time_delta_sensor_async']) retrieved from /root/Projects/etlX/venv/lib/python3.9/site-packages/airflow/example_dags/example_time_delta_sensor_async.py
[2025-10-14 15:16:35,687] {logging_mixin.py:115} INFO - [2025-10-14 15:16:35,687] {dag.py:2379} INFO - Sync 1 DAGs
[2025-10-14 15:16:35,707] {logging_mixin.py:115} INFO - [2025-10-14 15:16:35,706] {dag.py:2927} INFO - Setting next_dagrun for example_time_delta_sensor_async to None, run_after=None
[2025-10-14 15:16:35,717] {processor.py:161} INFO - Processing /root/Projects/etlX/venv/lib/python3.9/site-packages/airflow/example_dags/example_time_delta_sensor_async.py took 0.077 seconds
[2025-10-14 15:17:08,809] {processor.py:153} INFO - Started process (PID=17067) to work on /root/Projects/etlX/venv/lib/python3.9/site-packages/airflow/example_dags/example_time_delta_sensor_async.py
[2025-10-14 15:17:08,810] {processor.py:641} INFO - Processing file /root/Projects/etlX/venv/lib/python3.9/site-packages/airflow/example_dags/example_time_delta_sensor_async.py for tasks to queue
[2025-10-14 15:17:08,811] {logging_mixin.py:115} INFO - [2025-10-14 15:17:08,811] {dagbag.py:507} INFO - Filling up the DagBag from /root/Projects/etlX/venv/lib/python3.9/site-packages/airflow/example_dags/example_time_delta_sensor_async.py
[2025-10-14 15:17:08,822] {processor.py:651} INFO - DAG(s) dict_keys(['example_time_delta_sensor_async']) retrieved from /root/Projects/etlX/venv/lib/python3.9/site-packages/airflow/example_dags/example_time_delta_sensor_async.py
[2025-10-14 15:17:08,871] {logging_mixin.py:115} INFO - [2025-10-14 15:17:08,871] {dag.py:2379} INFO - Sync 1 DAGs
[2025-10-14 15:17:08,894] {logging_mixin.py:115} INFO - [2025-10-14 15:17:08,894] {dag.py:2927} INFO - Setting next_dagrun for example_time_delta_sensor_async to None, run_after=None
[2025-10-14 15:17:08,907] {processor.py:161} INFO - Processing /root/Projects/etlX/venv/lib/python3.9/site-packages/airflow/example_dags/example_time_delta_sensor_async.py took 0.103 seconds
[2025-10-14 15:17:45,129] {processor.py:153} INFO - Started process (PID=17228) to work on /root/Projects/etlX/venv/lib/python3.9/site-packages/airflow/example_dags/example_time_delta_sensor_async.py
[2025-10-14 15:17:45,130] {processor.py:641} INFO - Processing file /root/Projects/etlX/venv/lib/python3.9/site-packages/airflow/example_dags/example_time_delta_sensor_async.py for tasks to queue
[2025-10-14 15:17:45,131] {logging_mixin.py:115} INFO - [2025-10-14 15:17:45,131] {dagbag.py:507} INFO - Filling up the DagBag from /root/Projects/etlX/venv/lib/python3.9/site-packages/airflow/example_dags/example_time_delta_sensor_async.py
[2025-10-14 15:17:45,138] {processor.py:651} INFO - DAG(s) dict_keys(['example_time_delta_sensor_async']) retrieved from /root/Projects/etlX/venv/lib/python3.9/site-packages/airflow/example_dags/example_time_delta_sensor_async.py
[2025-10-14 15:17:45,168] {logging_mixin.py:115} INFO - [2025-10-14 15:17:45,168] {dag.py:2379} INFO - Sync 1 DAGs
[2025-10-14 15:17:45,187] {logging_mixin.py:115} INFO - [2025-10-14 15:17:45,187] {dag.py:2927} INFO - Setting next_dagrun for example_time_delta_sensor_async to None, run_after=None
[2025-10-14 15:17:45,199] {processor.py:161} INFO - Processing /root/Projects/etlX/venv/lib/python3.9/site-packages/airflow/example_dags/example_time_delta_sensor_async.py took 0.075 seconds
[2025-10-14 15:58:49,216] {processor.py:153} INFO - Started process (PID=19813) to work on /root/Projects/etlX/venv/lib/python3.9/site-packages/airflow/example_dags/example_time_delta_sensor_async.py
[2025-10-14 15:58:49,217] {processor.py:641} INFO - Processing file /root/Projects/etlX/venv/lib/python3.9/site-packages/airflow/example_dags/example_time_delta_sensor_async.py for tasks to queue
[2025-10-14 15:58:49,218] {logging_mixin.py:115} INFO - [2025-10-14 15:58:49,218] {dagbag.py:507} INFO - Filling up the DagBag from /root/Projects/etlX/venv/lib/python3.9/site-packages/airflow/example_dags/example_time_delta_sensor_async.py
[2025-10-14 15:58:49,250] {processor.py:651} INFO - DAG(s) dict_keys(['example_time_delta_sensor_async']) retrieved from /root/Projects/etlX/venv/lib/python3.9/site-packages/airflow/example_dags/example_time_delta_sensor_async.py
[2025-10-14 15:58:49,280] {logging_mixin.py:115} INFO - [2025-10-14 15:58:49,280] {dag.py:2379} INFO - Sync 1 DAGs
[2025-10-14 15:58:49,299] {logging_mixin.py:115} INFO - [2025-10-14 15:58:49,299] {dag.py:2927} INFO - Setting next_dagrun for example_time_delta_sensor_async to None, run_after=None
[2025-10-14 15:58:49,310] {processor.py:161} INFO - Processing /root/Projects/etlX/venv/lib/python3.9/site-packages/airflow/example_dags/example_time_delta_sensor_async.py took 0.099 seconds
[2025-10-14 15:59:22,929] {processor.py:153} INFO - Started process (PID=20076) to work on /root/Projects/etlX/venv/lib/python3.9/site-packages/airflow/example_dags/example_time_delta_sensor_async.py
[2025-10-14 15:59:22,930] {processor.py:641} INFO - Processing file /root/Projects/etlX/venv/lib/python3.9/site-packages/airflow/example_dags/example_time_delta_sensor_async.py for tasks to queue
[2025-10-14 15:59:22,930] {logging_mixin.py:115} INFO - [2025-10-14 15:59:22,930] {dagbag.py:507} INFO - Filling up the DagBag from /root/Projects/etlX/venv/lib/python3.9/site-packages/airflow/example_dags/example_time_delta_sensor_async.py
[2025-10-14 15:59:22,938] {processor.py:651} INFO - DAG(s) dict_keys(['example_time_delta_sensor_async']) retrieved from /root/Projects/etlX/venv/lib/python3.9/site-packages/airflow/example_dags/example_time_delta_sensor_async.py
[2025-10-14 15:59:22,971] {logging_mixin.py:115} INFO - [2025-10-14 15:59:22,971] {dag.py:2379} INFO - Sync 1 DAGs
[2025-10-14 15:59:22,991] {logging_mixin.py:115} INFO - [2025-10-14 15:59:22,991] {dag.py:2927} INFO - Setting next_dagrun for example_time_delta_sensor_async to None, run_after=None
[2025-10-14 15:59:23,003] {processor.py:161} INFO - Processing /root/Projects/etlX/venv/lib/python3.9/site-packages/airflow/example_dags/example_time_delta_sensor_async.py took 0.078 seconds
[2025-10-14 15:59:55,353] {processor.py:153} INFO - Started process (PID=20131) to work on /root/Projects/etlX/venv/lib/python3.9/site-packages/airflow/example_dags/example_time_delta_sensor_async.py
[2025-10-14 15:59:55,354] {processor.py:641} INFO - Processing file /root/Projects/etlX/venv/lib/python3.9/site-packages/airflow/example_dags/example_time_delta_sensor_async.py for tasks to queue
[2025-10-14 15:59:55,355] {logging_mixin.py:115} INFO - [2025-10-14 15:59:55,355] {dagbag.py:507} INFO - Filling up the DagBag from /root/Projects/etlX/venv/lib/python3.9/site-packages/airflow/example_dags/example_time_delta_sensor_async.py
[2025-10-14 15:59:55,365] {processor.py:651} INFO - DAG(s) dict_keys(['example_time_delta_sensor_async']) retrieved from /root/Projects/etlX/venv/lib/python3.9/site-packages/airflow/example_dags/example_time_delta_sensor_async.py
[2025-10-14 15:59:55,395] {logging_mixin.py:115} INFO - [2025-10-14 15:59:55,395] {dag.py:2379} INFO - Sync 1 DAGs
[2025-10-14 15:59:55,414] {logging_mixin.py:115} INFO - [2025-10-14 15:59:55,414] {dag.py:2927} INFO - Setting next_dagrun for example_time_delta_sensor_async to None, run_after=None
[2025-10-14 15:59:55,425] {processor.py:161} INFO - Processing /root/Projects/etlX/venv/lib/python3.9/site-packages/airflow/example_dags/example_time_delta_sensor_async.py took 0.079 seconds
[2025-10-14 16:00:28,151] {processor.py:153} INFO - Started process (PID=20186) to work on /root/Projects/etlX/venv/lib/python3.9/site-packages/airflow/example_dags/example_time_delta_sensor_async.py
[2025-10-14 16:00:28,152] {processor.py:641} INFO - Processing file /root/Projects/etlX/venv/lib/python3.9/site-packages/airflow/example_dags/example_time_delta_sensor_async.py for tasks to queue
[2025-10-14 16:00:28,153] {logging_mixin.py:115} INFO - [2025-10-14 16:00:28,153] {dagbag.py:507} INFO - Filling up the DagBag from /root/Projects/etlX/venv/lib/python3.9/site-packages/airflow/example_dags/example_time_delta_sensor_async.py
[2025-10-14 16:00:28,161] {processor.py:651} INFO - DAG(s) dict_keys(['example_time_delta_sensor_async']) retrieved from /root/Projects/etlX/venv/lib/python3.9/site-packages/airflow/example_dags/example_time_delta_sensor_async.py
[2025-10-14 16:00:28,193] {logging_mixin.py:115} INFO - [2025-10-14 16:00:28,193] {dag.py:2379} INFO - Sync 1 DAGs
[2025-10-14 16:00:28,214] {logging_mixin.py:115} INFO - [2025-10-14 16:00:28,214] {dag.py:2927} INFO - Setting next_dagrun for example_time_delta_sensor_async to None, run_after=None
[2025-10-14 16:00:28,226] {processor.py:161} INFO - Processing /root/Projects/etlX/venv/lib/python3.9/site-packages/airflow/example_dags/example_time_delta_sensor_async.py took 0.080 seconds
[2025-10-14 16:01:02,311] {processor.py:153} INFO - Started process (PID=20244) to work on /root/Projects/etlX/venv/lib/python3.9/site-packages/airflow/example_dags/example_time_delta_sensor_async.py
[2025-10-14 16:01:02,312] {processor.py:641} INFO - Processing file /root/Projects/etlX/venv/lib/python3.9/site-packages/airflow/example_dags/example_time_delta_sensor_async.py for tasks to queue
[2025-10-14 16:01:02,313] {logging_mixin.py:115} INFO - [2025-10-14 16:01:02,313] {dagbag.py:507} INFO - Filling up the DagBag from /root/Projects/etlX/venv/lib/python3.9/site-packages/airflow/example_dags/example_time_delta_sensor_async.py
[2025-10-14 16:01:02,320] {processor.py:651} INFO - DAG(s) dict_keys(['example_time_delta_sensor_async']) retrieved from /root/Projects/etlX/venv/lib/python3.9/site-packages/airflow/example_dags/example_time_delta_sensor_async.py
[2025-10-14 16:01:02,349] {logging_mixin.py:115} INFO - [2025-10-14 16:01:02,349] {dag.py:2379} INFO - Sync 1 DAGs
[2025-10-14 16:01:02,368] {logging_mixin.py:115} INFO - [2025-10-14 16:01:02,368] {dag.py:2927} INFO - Setting next_dagrun for example_time_delta_sensor_async to None, run_after=None
[2025-10-14 16:01:02,379] {processor.py:161} INFO - Processing /root/Projects/etlX/venv/lib/python3.9/site-packages/airflow/example_dags/example_time_delta_sensor_async.py took 0.071 seconds
[2025-10-14 16:01:36,754] {processor.py:153} INFO - Started process (PID=20302) to work on /root/Projects/etlX/venv/lib/python3.9/site-packages/airflow/example_dags/example_time_delta_sensor_async.py
[2025-10-14 16:01:36,755] {processor.py:641} INFO - Processing file /root/Projects/etlX/venv/lib/python3.9/site-packages/airflow/example_dags/example_time_delta_sensor_async.py for tasks to queue
[2025-10-14 16:01:36,755] {logging_mixin.py:115} INFO - [2025-10-14 16:01:36,755] {dagbag.py:507} INFO - Filling up the DagBag from /root/Projects/etlX/venv/lib/python3.9/site-packages/airflow/example_dags/example_time_delta_sensor_async.py
[2025-10-14 16:01:36,762] {processor.py:651} INFO - DAG(s) dict_keys(['example_time_delta_sensor_async']) retrieved from /root/Projects/etlX/venv/lib/python3.9/site-packages/airflow/example_dags/example_time_delta_sensor_async.py
[2025-10-14 16:01:36,792] {logging_mixin.py:115} INFO - [2025-10-14 16:01:36,792] {dag.py:2379} INFO - Sync 1 DAGs
[2025-10-14 16:01:36,811] {logging_mixin.py:115} INFO - [2025-10-14 16:01:36,811] {dag.py:2927} INFO - Setting next_dagrun for example_time_delta_sensor_async to None, run_after=None
[2025-10-14 16:01:36,822] {processor.py:161} INFO - Processing /root/Projects/etlX/venv/lib/python3.9/site-packages/airflow/example_dags/example_time_delta_sensor_async.py took 0.073 seconds
[2025-10-14 16:02:10,641] {processor.py:153} INFO - Started process (PID=20357) to work on /root/Projects/etlX/venv/lib/python3.9/site-packages/airflow/example_dags/example_time_delta_sensor_async.py
[2025-10-14 16:02:10,642] {processor.py:641} INFO - Processing file /root/Projects/etlX/venv/lib/python3.9/site-packages/airflow/example_dags/example_time_delta_sensor_async.py for tasks to queue
[2025-10-14 16:02:10,642] {logging_mixin.py:115} INFO - [2025-10-14 16:02:10,642] {dagbag.py:507} INFO - Filling up the DagBag from /root/Projects/etlX/venv/lib/python3.9/site-packages/airflow/example_dags/example_time_delta_sensor_async.py
[2025-10-14 16:02:10,649] {processor.py:651} INFO - DAG(s) dict_keys(['example_time_delta_sensor_async']) retrieved from /root/Projects/etlX/venv/lib/python3.9/site-packages/airflow/example_dags/example_time_delta_sensor_async.py
[2025-10-14 16:02:10,680] {logging_mixin.py:115} INFO - [2025-10-14 16:02:10,680] {dag.py:2379} INFO - Sync 1 DAGs
[2025-10-14 16:02:10,699] {logging_mixin.py:115} INFO - [2025-10-14 16:02:10,699] {dag.py:2927} INFO - Setting next_dagrun for example_time_delta_sensor_async to None, run_after=None
[2025-10-14 16:02:10,710] {processor.py:161} INFO - Processing /root/Projects/etlX/venv/lib/python3.9/site-packages/airflow/example_dags/example_time_delta_sensor_async.py took 0.073 seconds
[2025-10-14 16:02:43,373] {processor.py:153} INFO - Started process (PID=20414) to work on /root/Projects/etlX/venv/lib/python3.9/site-packages/airflow/example_dags/example_time_delta_sensor_async.py
[2025-10-14 16:02:43,373] {processor.py:641} INFO - Processing file /root/Projects/etlX/venv/lib/python3.9/site-packages/airflow/example_dags/example_time_delta_sensor_async.py for tasks to queue
[2025-10-14 16:02:43,374] {logging_mixin.py:115} INFO - [2025-10-14 16:02:43,374] {dagbag.py:507} INFO - Filling up the DagBag from /root/Projects/etlX/venv/lib/python3.9/site-packages/airflow/example_dags/example_time_delta_sensor_async.py
[2025-10-14 16:02:43,381] {processor.py:651} INFO - DAG(s) dict_keys(['example_time_delta_sensor_async']) retrieved from /root/Projects/etlX/venv/lib/python3.9/site-packages/airflow/example_dags/example_time_delta_sensor_async.py
[2025-10-14 16:02:43,414] {logging_mixin.py:115} INFO - [2025-10-14 16:02:43,414] {dag.py:2379} INFO - Sync 1 DAGs
[2025-10-14 16:02:43,433] {logging_mixin.py:115} INFO - [2025-10-14 16:02:43,433] {dag.py:2927} INFO - Setting next_dagrun for example_time_delta_sensor_async to None, run_after=None
[2025-10-14 16:02:43,445] {processor.py:161} INFO - Processing /root/Projects/etlX/venv/lib/python3.9/site-packages/airflow/example_dags/example_time_delta_sensor_async.py took 0.078 seconds
[2025-10-14 16:03:15,468] {processor.py:153} INFO - Started process (PID=20468) to work on /root/Projects/etlX/venv/lib/python3.9/site-packages/airflow/example_dags/example_time_delta_sensor_async.py
[2025-10-14 16:03:15,469] {processor.py:641} INFO - Processing file /root/Projects/etlX/venv/lib/python3.9/site-packages/airflow/example_dags/example_time_delta_sensor_async.py for tasks to queue
[2025-10-14 16:03:15,470] {logging_mixin.py:115} INFO - [2025-10-14 16:03:15,470] {dagbag.py:507} INFO - Filling up the DagBag from /root/Projects/etlX/venv/lib/python3.9/site-packages/airflow/example_dags/example_time_delta_sensor_async.py
[2025-10-14 16:03:15,477] {processor.py:651} INFO - DAG(s) dict_keys(['example_time_delta_sensor_async']) retrieved from /root/Projects/etlX/venv/lib/python3.9/site-packages/airflow/example_dags/example_time_delta_sensor_async.py
[2025-10-14 16:03:15,507] {logging_mixin.py:115} INFO - [2025-10-14 16:03:15,507] {dag.py:2379} INFO - Sync 1 DAGs
[2025-10-14 16:03:15,525] {logging_mixin.py:115} INFO - [2025-10-14 16:03:15,525] {dag.py:2927} INFO - Setting next_dagrun for example_time_delta_sensor_async to None, run_after=None
[2025-10-14 16:03:15,536] {processor.py:161} INFO - Processing /root/Projects/etlX/venv/lib/python3.9/site-packages/airflow/example_dags/example_time_delta_sensor_async.py took 0.072 seconds
[2025-10-14 16:03:49,363] {processor.py:153} INFO - Started process (PID=20574) to work on /root/Projects/etlX/venv/lib/python3.9/site-packages/airflow/example_dags/example_time_delta_sensor_async.py
[2025-10-14 16:03:49,363] {processor.py:641} INFO - Processing file /root/Projects/etlX/venv/lib/python3.9/site-packages/airflow/example_dags/example_time_delta_sensor_async.py for tasks to queue
[2025-10-14 16:03:49,364] {logging_mixin.py:115} INFO - [2025-10-14 16:03:49,364] {dagbag.py:507} INFO - Filling up the DagBag from /root/Projects/etlX/venv/lib/python3.9/site-packages/airflow/example_dags/example_time_delta_sensor_async.py
[2025-10-14 16:03:49,371] {processor.py:651} INFO - DAG(s) dict_keys(['example_time_delta_sensor_async']) retrieved from /root/Projects/etlX/venv/lib/python3.9/site-packages/airflow/example_dags/example_time_delta_sensor_async.py
[2025-10-14 16:03:49,401] {logging_mixin.py:115} INFO - [2025-10-14 16:03:49,401] {dag.py:2379} INFO - Sync 1 DAGs
[2025-10-14 16:03:49,419] {logging_mixin.py:115} INFO - [2025-10-14 16:03:49,419] {dag.py:2927} INFO - Setting next_dagrun for example_time_delta_sensor_async to None, run_after=None
[2025-10-14 16:03:49,430] {processor.py:161} INFO - Processing /root/Projects/etlX/venv/lib/python3.9/site-packages/airflow/example_dags/example_time_delta_sensor_async.py took 0.074 seconds
[2025-10-14 16:04:22,565] {processor.py:153} INFO - Started process (PID=20632) to work on /root/Projects/etlX/venv/lib/python3.9/site-packages/airflow/example_dags/example_time_delta_sensor_async.py
[2025-10-14 16:04:22,566] {processor.py:641} INFO - Processing file /root/Projects/etlX/venv/lib/python3.9/site-packages/airflow/example_dags/example_time_delta_sensor_async.py for tasks to queue
[2025-10-14 16:04:22,566] {logging_mixin.py:115} INFO - [2025-10-14 16:04:22,566] {dagbag.py:507} INFO - Filling up the DagBag from /root/Projects/etlX/venv/lib/python3.9/site-packages/airflow/example_dags/example_time_delta_sensor_async.py
[2025-10-14 16:04:22,573] {processor.py:651} INFO - DAG(s) dict_keys(['example_time_delta_sensor_async']) retrieved from /root/Projects/etlX/venv/lib/python3.9/site-packages/airflow/example_dags/example_time_delta_sensor_async.py
[2025-10-14 16:04:22,603] {logging_mixin.py:115} INFO - [2025-10-14 16:04:22,603] {dag.py:2379} INFO - Sync 1 DAGs
[2025-10-14 16:04:22,621] {logging_mixin.py:115} INFO - [2025-10-14 16:04:22,621] {dag.py:2927} INFO - Setting next_dagrun for example_time_delta_sensor_async to None, run_after=None
[2025-10-14 16:04:22,632] {processor.py:161} INFO - Processing /root/Projects/etlX/venv/lib/python3.9/site-packages/airflow/example_dags/example_time_delta_sensor_async.py took 0.071 seconds
[2025-10-14 16:04:56,591] {processor.py:153} INFO - Started process (PID=20691) to work on /root/Projects/etlX/venv/lib/python3.9/site-packages/airflow/example_dags/example_time_delta_sensor_async.py
[2025-10-14 16:04:56,591] {processor.py:641} INFO - Processing file /root/Projects/etlX/venv/lib/python3.9/site-packages/airflow/example_dags/example_time_delta_sensor_async.py for tasks to queue
[2025-10-14 16:04:56,592] {logging_mixin.py:115} INFO - [2025-10-14 16:04:56,592] {dagbag.py:507} INFO - Filling up the DagBag from /root/Projects/etlX/venv/lib/python3.9/site-packages/airflow/example_dags/example_time_delta_sensor_async.py
[2025-10-14 16:04:56,599] {processor.py:651} INFO - DAG(s) dict_keys(['example_time_delta_sensor_async']) retrieved from /root/Projects/etlX/venv/lib/python3.9/site-packages/airflow/example_dags/example_time_delta_sensor_async.py
[2025-10-14 16:04:56,631] {logging_mixin.py:115} INFO - [2025-10-14 16:04:56,631] {dag.py:2379} INFO - Sync 1 DAGs
[2025-10-14 16:04:56,650] {logging_mixin.py:115} INFO - [2025-10-14 16:04:56,649] {dag.py:2927} INFO - Setting next_dagrun for example_time_delta_sensor_async to None, run_after=None
[2025-10-14 16:04:56,660] {processor.py:161} INFO - Processing /root/Projects/etlX/venv/lib/python3.9/site-packages/airflow/example_dags/example_time_delta_sensor_async.py took 0.074 seconds
[2025-10-14 16:05:28,018] {processor.py:153} INFO - Started process (PID=20744) to work on /root/Projects/etlX/venv/lib/python3.9/site-packages/airflow/example_dags/example_time_delta_sensor_async.py
[2025-10-14 16:05:28,019] {processor.py:641} INFO - Processing file /root/Projects/etlX/venv/lib/python3.9/site-packages/airflow/example_dags/example_time_delta_sensor_async.py for tasks to queue
[2025-10-14 16:05:28,020] {logging_mixin.py:115} INFO - [2025-10-14 16:05:28,020] {dagbag.py:507} INFO - Filling up the DagBag from /root/Projects/etlX/venv/lib/python3.9/site-packages/airflow/example_dags/example_time_delta_sensor_async.py
[2025-10-14 16:05:28,031] {processor.py:651} INFO - DAG(s) dict_keys(['example_time_delta_sensor_async']) retrieved from /root/Projects/etlX/venv/lib/python3.9/site-packages/airflow/example_dags/example_time_delta_sensor_async.py
[2025-10-14 16:05:28,062] {logging_mixin.py:115} INFO - [2025-10-14 16:05:28,062] {dag.py:2379} INFO - Sync 1 DAGs
[2025-10-14 16:05:28,080] {logging_mixin.py:115} INFO - [2025-10-14 16:05:28,080] {dag.py:2927} INFO - Setting next_dagrun for example_time_delta_sensor_async to None, run_after=None
[2025-10-14 16:05:28,090] {processor.py:161} INFO - Processing /root/Projects/etlX/venv/lib/python3.9/site-packages/airflow/example_dags/example_time_delta_sensor_async.py took 0.080 seconds
[2025-10-14 16:06:02,320] {processor.py:153} INFO - Started process (PID=20799) to work on /root/Projects/etlX/venv/lib/python3.9/site-packages/airflow/example_dags/example_time_delta_sensor_async.py
[2025-10-14 16:06:02,321] {processor.py:641} INFO - Processing file /root/Projects/etlX/venv/lib/python3.9/site-packages/airflow/example_dags/example_time_delta_sensor_async.py for tasks to queue
[2025-10-14 16:06:02,321] {logging_mixin.py:115} INFO - [2025-10-14 16:06:02,321] {dagbag.py:507} INFO - Filling up the DagBag from /root/Projects/etlX/venv/lib/python3.9/site-packages/airflow/example_dags/example_time_delta_sensor_async.py
[2025-10-14 16:06:02,330] {processor.py:651} INFO - DAG(s) dict_keys(['example_time_delta_sensor_async']) retrieved from /root/Projects/etlX/venv/lib/python3.9/site-packages/airflow/example_dags/example_time_delta_sensor_async.py
[2025-10-14 16:06:02,361] {logging_mixin.py:115} INFO - [2025-10-14 16:06:02,361] {dag.py:2379} INFO - Sync 1 DAGs
[2025-10-14 16:06:02,379] {logging_mixin.py:115} INFO - [2025-10-14 16:06:02,379] {dag.py:2927} INFO - Setting next_dagrun for example_time_delta_sensor_async to None, run_after=None
[2025-10-14 16:06:02,389] {processor.py:161} INFO - Processing /root/Projects/etlX/venv/lib/python3.9/site-packages/airflow/example_dags/example_time_delta_sensor_async.py took 0.078 seconds
[2025-10-14 16:06:34,421] {processor.py:153} INFO - Started process (PID=20856) to work on /root/Projects/etlX/venv/lib/python3.9/site-packages/airflow/example_dags/example_time_delta_sensor_async.py
[2025-10-14 16:06:34,422] {processor.py:641} INFO - Processing file /root/Projects/etlX/venv/lib/python3.9/site-packages/airflow/example_dags/example_time_delta_sensor_async.py for tasks to queue
[2025-10-14 16:06:34,423] {logging_mixin.py:115} INFO - [2025-10-14 16:06:34,423] {dagbag.py:507} INFO - Filling up the DagBag from /root/Projects/etlX/venv/lib/python3.9/site-packages/airflow/example_dags/example_time_delta_sensor_async.py
[2025-10-14 16:06:34,431] {processor.py:651} INFO - DAG(s) dict_keys(['example_time_delta_sensor_async']) retrieved from /root/Projects/etlX/venv/lib/python3.9/site-packages/airflow/example_dags/example_time_delta_sensor_async.py
[2025-10-14 16:06:34,461] {logging_mixin.py:115} INFO - [2025-10-14 16:06:34,461] {dag.py:2379} INFO - Sync 1 DAGs
[2025-10-14 16:06:34,479] {logging_mixin.py:115} INFO - [2025-10-14 16:06:34,479] {dag.py:2927} INFO - Setting next_dagrun for example_time_delta_sensor_async to None, run_after=None
[2025-10-14 16:06:34,490] {processor.py:161} INFO - Processing /root/Projects/etlX/venv/lib/python3.9/site-packages/airflow/example_dags/example_time_delta_sensor_async.py took 0.077 seconds
[2025-10-14 16:07:08,312] {processor.py:153} INFO - Started process (PID=20911) to work on /root/Projects/etlX/venv/lib/python3.9/site-packages/airflow/example_dags/example_time_delta_sensor_async.py
[2025-10-14 16:07:08,313] {processor.py:641} INFO - Processing file /root/Projects/etlX/venv/lib/python3.9/site-packages/airflow/example_dags/example_time_delta_sensor_async.py for tasks to queue
[2025-10-14 16:07:08,313] {logging_mixin.py:115} INFO - [2025-10-14 16:07:08,313] {dagbag.py:507} INFO - Filling up the DagBag from /root/Projects/etlX/venv/lib/python3.9/site-packages/airflow/example_dags/example_time_delta_sensor_async.py
[2025-10-14 16:07:08,323] {processor.py:651} INFO - DAG(s) dict_keys(['example_time_delta_sensor_async']) retrieved from /root/Projects/etlX/venv/lib/python3.9/site-packages/airflow/example_dags/example_time_delta_sensor_async.py
[2025-10-14 16:07:08,353] {logging_mixin.py:115} INFO - [2025-10-14 16:07:08,353] {dag.py:2379} INFO - Sync 1 DAGs
[2025-10-14 16:07:08,372] {logging_mixin.py:115} INFO - [2025-10-14 16:07:08,372] {dag.py:2927} INFO - Setting next_dagrun for example_time_delta_sensor_async to None, run_after=None
[2025-10-14 16:07:08,382] {processor.py:161} INFO - Processing /root/Projects/etlX/venv/lib/python3.9/site-packages/airflow/example_dags/example_time_delta_sensor_async.py took 0.076 seconds
[2025-10-14 16:07:41,512] {processor.py:153} INFO - Started process (PID=21174) to work on /root/Projects/etlX/venv/lib/python3.9/site-packages/airflow/example_dags/example_time_delta_sensor_async.py
[2025-10-14 16:07:41,512] {processor.py:641} INFO - Processing file /root/Projects/etlX/venv/lib/python3.9/site-packages/airflow/example_dags/example_time_delta_sensor_async.py for tasks to queue
[2025-10-14 16:07:41,513] {logging_mixin.py:115} INFO - [2025-10-14 16:07:41,513] {dagbag.py:507} INFO - Filling up the DagBag from /root/Projects/etlX/venv/lib/python3.9/site-packages/airflow/example_dags/example_time_delta_sensor_async.py
[2025-10-14 16:07:41,524] {processor.py:651} INFO - DAG(s) dict_keys(['example_time_delta_sensor_async']) retrieved from /root/Projects/etlX/venv/lib/python3.9/site-packages/airflow/example_dags/example_time_delta_sensor_async.py
[2025-10-14 16:07:41,561] {logging_mixin.py:115} INFO - [2025-10-14 16:07:41,560] {dag.py:2379} INFO - Sync 1 DAGs
[2025-10-14 16:07:41,583] {logging_mixin.py:115} INFO - [2025-10-14 16:07:41,582] {dag.py:2927} INFO - Setting next_dagrun for example_time_delta_sensor_async to None, run_after=None
[2025-10-14 16:07:41,597] {processor.py:161} INFO - Processing /root/Projects/etlX/venv/lib/python3.9/site-packages/airflow/example_dags/example_time_delta_sensor_async.py took 0.091 seconds
[2025-10-14 16:08:14,940] {processor.py:153} INFO - Started process (PID=21485) to work on /root/Projects/etlX/venv/lib/python3.9/site-packages/airflow/example_dags/example_time_delta_sensor_async.py
[2025-10-14 16:08:14,941] {processor.py:641} INFO - Processing file /root/Projects/etlX/venv/lib/python3.9/site-packages/airflow/example_dags/example_time_delta_sensor_async.py for tasks to queue
[2025-10-14 16:08:14,942] {logging_mixin.py:115} INFO - [2025-10-14 16:08:14,942] {dagbag.py:507} INFO - Filling up the DagBag from /root/Projects/etlX/venv/lib/python3.9/site-packages/airflow/example_dags/example_time_delta_sensor_async.py
[2025-10-14 16:08:14,953] {processor.py:651} INFO - DAG(s) dict_keys(['example_time_delta_sensor_async']) retrieved from /root/Projects/etlX/venv/lib/python3.9/site-packages/airflow/example_dags/example_time_delta_sensor_async.py
[2025-10-14 16:08:14,984] {logging_mixin.py:115} INFO - [2025-10-14 16:08:14,984] {dag.py:2379} INFO - Sync 1 DAGs
[2025-10-14 16:08:15,003] {logging_mixin.py:115} INFO - [2025-10-14 16:08:15,003] {dag.py:2927} INFO - Setting next_dagrun for example_time_delta_sensor_async to None, run_after=None
[2025-10-14 16:08:15,013] {processor.py:161} INFO - Processing /root/Projects/etlX/venv/lib/python3.9/site-packages/airflow/example_dags/example_time_delta_sensor_async.py took 0.081 seconds
[2025-10-14 16:08:46,417] {processor.py:153} INFO - Started process (PID=21611) to work on /root/Projects/etlX/venv/lib/python3.9/site-packages/airflow/example_dags/example_time_delta_sensor_async.py
[2025-10-14 16:08:46,418] {processor.py:641} INFO - Processing file /root/Projects/etlX/venv/lib/python3.9/site-packages/airflow/example_dags/example_time_delta_sensor_async.py for tasks to queue
[2025-10-14 16:08:46,418] {logging_mixin.py:115} INFO - [2025-10-14 16:08:46,418] {dagbag.py:507} INFO - Filling up the DagBag from /root/Projects/etlX/venv/lib/python3.9/site-packages/airflow/example_dags/example_time_delta_sensor_async.py
[2025-10-14 16:08:46,426] {processor.py:651} INFO - DAG(s) dict_keys(['example_time_delta_sensor_async']) retrieved from /root/Projects/etlX/venv/lib/python3.9/site-packages/airflow/example_dags/example_time_delta_sensor_async.py
[2025-10-14 16:08:46,457] {logging_mixin.py:115} INFO - [2025-10-14 16:08:46,457] {dag.py:2379} INFO - Sync 1 DAGs
[2025-10-14 16:08:46,477] {logging_mixin.py:115} INFO - [2025-10-14 16:08:46,477] {dag.py:2927} INFO - Setting next_dagrun for example_time_delta_sensor_async to None, run_after=None
[2025-10-14 16:08:46,488] {processor.py:161} INFO - Processing /root/Projects/etlX/venv/lib/python3.9/site-packages/airflow/example_dags/example_time_delta_sensor_async.py took 0.076 seconds
[2025-10-14 16:25:24,332] {processor.py:153} INFO - Started process (PID=22711) to work on /root/Projects/etlX/venv/lib/python3.9/site-packages/airflow/example_dags/example_time_delta_sensor_async.py
[2025-10-14 16:25:24,333] {processor.py:641} INFO - Processing file /root/Projects/etlX/venv/lib/python3.9/site-packages/airflow/example_dags/example_time_delta_sensor_async.py for tasks to queue
[2025-10-14 16:25:24,334] {logging_mixin.py:115} INFO - [2025-10-14 16:25:24,334] {dagbag.py:507} INFO - Filling up the DagBag from /root/Projects/etlX/venv/lib/python3.9/site-packages/airflow/example_dags/example_time_delta_sensor_async.py
[2025-10-14 16:25:24,344] {processor.py:651} INFO - DAG(s) dict_keys(['example_time_delta_sensor_async']) retrieved from /root/Projects/etlX/venv/lib/python3.9/site-packages/airflow/example_dags/example_time_delta_sensor_async.py
[2025-10-14 16:25:24,375] {logging_mixin.py:115} INFO - [2025-10-14 16:25:24,375] {dag.py:2379} INFO - Sync 1 DAGs
[2025-10-14 16:25:24,393] {logging_mixin.py:115} INFO - [2025-10-14 16:25:24,393] {dag.py:2927} INFO - Setting next_dagrun for example_time_delta_sensor_async to None, run_after=None
[2025-10-14 16:25:24,404] {processor.py:161} INFO - Processing /root/Projects/etlX/venv/lib/python3.9/site-packages/airflow/example_dags/example_time_delta_sensor_async.py took 0.077 seconds
[2025-10-14 16:25:59,004] {processor.py:153} INFO - Started process (PID=22872) to work on /root/Projects/etlX/venv/lib/python3.9/site-packages/airflow/example_dags/example_time_delta_sensor_async.py
[2025-10-14 16:25:59,004] {processor.py:641} INFO - Processing file /root/Projects/etlX/venv/lib/python3.9/site-packages/airflow/example_dags/example_time_delta_sensor_async.py for tasks to queue
[2025-10-14 16:25:59,005] {logging_mixin.py:115} INFO - [2025-10-14 16:25:59,005] {dagbag.py:507} INFO - Filling up the DagBag from /root/Projects/etlX/venv/lib/python3.9/site-packages/airflow/example_dags/example_time_delta_sensor_async.py
[2025-10-14 16:25:59,012] {processor.py:651} INFO - DAG(s) dict_keys(['example_time_delta_sensor_async']) retrieved from /root/Projects/etlX/venv/lib/python3.9/site-packages/airflow/example_dags/example_time_delta_sensor_async.py
[2025-10-14 16:25:59,043] {logging_mixin.py:115} INFO - [2025-10-14 16:25:59,043] {dag.py:2379} INFO - Sync 1 DAGs
[2025-10-14 16:25:59,061] {logging_mixin.py:115} INFO - [2025-10-14 16:25:59,061] {dag.py:2927} INFO - Setting next_dagrun for example_time_delta_sensor_async to None, run_after=None
[2025-10-14 16:25:59,072] {processor.py:161} INFO - Processing /root/Projects/etlX/venv/lib/python3.9/site-packages/airflow/example_dags/example_time_delta_sensor_async.py took 0.072 seconds
[2025-10-14 16:26:32,794] {processor.py:153} INFO - Started process (PID=22930) to work on /root/Projects/etlX/venv/lib/python3.9/site-packages/airflow/example_dags/example_time_delta_sensor_async.py
[2025-10-14 16:26:32,795] {processor.py:641} INFO - Processing file /root/Projects/etlX/venv/lib/python3.9/site-packages/airflow/example_dags/example_time_delta_sensor_async.py for tasks to queue
[2025-10-14 16:26:32,796] {logging_mixin.py:115} INFO - [2025-10-14 16:26:32,796] {dagbag.py:507} INFO - Filling up the DagBag from /root/Projects/etlX/venv/lib/python3.9/site-packages/airflow/example_dags/example_time_delta_sensor_async.py
[2025-10-14 16:26:32,804] {processor.py:651} INFO - DAG(s) dict_keys(['example_time_delta_sensor_async']) retrieved from /root/Projects/etlX/venv/lib/python3.9/site-packages/airflow/example_dags/example_time_delta_sensor_async.py
[2025-10-14 16:26:32,837] {logging_mixin.py:115} INFO - [2025-10-14 16:26:32,836] {dag.py:2379} INFO - Sync 1 DAGs
[2025-10-14 16:26:32,857] {logging_mixin.py:115} INFO - [2025-10-14 16:26:32,857] {dag.py:2927} INFO - Setting next_dagrun for example_time_delta_sensor_async to None, run_after=None
[2025-10-14 16:26:32,870] {processor.py:161} INFO - Processing /root/Projects/etlX/venv/lib/python3.9/site-packages/airflow/example_dags/example_time_delta_sensor_async.py took 0.080 seconds
[2025-10-14 16:27:07,199] {processor.py:153} INFO - Started process (PID=22985) to work on /root/Projects/etlX/venv/lib/python3.9/site-packages/airflow/example_dags/example_time_delta_sensor_async.py
[2025-10-14 16:27:07,201] {processor.py:641} INFO - Processing file /root/Projects/etlX/venv/lib/python3.9/site-packages/airflow/example_dags/example_time_delta_sensor_async.py for tasks to queue
[2025-10-14 16:27:07,202] {logging_mixin.py:115} INFO - [2025-10-14 16:27:07,202] {dagbag.py:507} INFO - Filling up the DagBag from /root/Projects/etlX/venv/lib/python3.9/site-packages/airflow/example_dags/example_time_delta_sensor_async.py
[2025-10-14 16:27:07,218] {processor.py:651} INFO - DAG(s) dict_keys(['example_time_delta_sensor_async']) retrieved from /root/Projects/etlX/venv/lib/python3.9/site-packages/airflow/example_dags/example_time_delta_sensor_async.py
[2025-10-14 16:27:07,259] {logging_mixin.py:115} INFO - [2025-10-14 16:27:07,259] {dag.py:2379} INFO - Sync 1 DAGs
[2025-10-14 16:27:07,278] {logging_mixin.py:115} INFO - [2025-10-14 16:27:07,278] {dag.py:2927} INFO - Setting next_dagrun for example_time_delta_sensor_async to None, run_after=None
[2025-10-14 16:27:07,288] {processor.py:161} INFO - Processing /root/Projects/etlX/venv/lib/python3.9/site-packages/airflow/example_dags/example_time_delta_sensor_async.py took 0.101 seconds
[2025-10-14 16:27:41,221] {processor.py:153} INFO - Started process (PID=23146) to work on /root/Projects/etlX/venv/lib/python3.9/site-packages/airflow/example_dags/example_time_delta_sensor_async.py
[2025-10-14 16:27:41,222] {processor.py:641} INFO - Processing file /root/Projects/etlX/venv/lib/python3.9/site-packages/airflow/example_dags/example_time_delta_sensor_async.py for tasks to queue
[2025-10-14 16:27:41,222] {logging_mixin.py:115} INFO - [2025-10-14 16:27:41,222] {dagbag.py:507} INFO - Filling up the DagBag from /root/Projects/etlX/venv/lib/python3.9/site-packages/airflow/example_dags/example_time_delta_sensor_async.py
[2025-10-14 16:27:41,233] {processor.py:651} INFO - DAG(s) dict_keys(['example_time_delta_sensor_async']) retrieved from /root/Projects/etlX/venv/lib/python3.9/site-packages/airflow/example_dags/example_time_delta_sensor_async.py
[2025-10-14 16:27:41,264] {logging_mixin.py:115} INFO - [2025-10-14 16:27:41,264] {dag.py:2379} INFO - Sync 1 DAGs
[2025-10-14 16:27:41,282] {logging_mixin.py:115} INFO - [2025-10-14 16:27:41,282] {dag.py:2927} INFO - Setting next_dagrun for example_time_delta_sensor_async to None, run_after=None
[2025-10-14 16:27:41,293] {processor.py:161} INFO - Processing /root/Projects/etlX/venv/lib/python3.9/site-packages/airflow/example_dags/example_time_delta_sensor_async.py took 0.079 seconds
[2025-10-14 16:28:14,920] {processor.py:153} INFO - Started process (PID=23304) to work on /root/Projects/etlX/venv/lib/python3.9/site-packages/airflow/example_dags/example_time_delta_sensor_async.py
[2025-10-14 16:28:14,920] {processor.py:641} INFO - Processing file /root/Projects/etlX/venv/lib/python3.9/site-packages/airflow/example_dags/example_time_delta_sensor_async.py for tasks to queue
[2025-10-14 16:28:14,921] {logging_mixin.py:115} INFO - [2025-10-14 16:28:14,921] {dagbag.py:507} INFO - Filling up the DagBag from /root/Projects/etlX/venv/lib/python3.9/site-packages/airflow/example_dags/example_time_delta_sensor_async.py
[2025-10-14 16:28:14,929] {processor.py:651} INFO - DAG(s) dict_keys(['example_time_delta_sensor_async']) retrieved from /root/Projects/etlX/venv/lib/python3.9/site-packages/airflow/example_dags/example_time_delta_sensor_async.py
[2025-10-14 16:28:14,967] {logging_mixin.py:115} INFO - [2025-10-14 16:28:14,967] {dag.py:2379} INFO - Sync 1 DAGs
[2025-10-14 16:28:14,990] {logging_mixin.py:115} INFO - [2025-10-14 16:28:14,990] {dag.py:2927} INFO - Setting next_dagrun for example_time_delta_sensor_async to None, run_after=None
[2025-10-14 16:28:15,003] {processor.py:161} INFO - Processing /root/Projects/etlX/venv/lib/python3.9/site-packages/airflow/example_dags/example_time_delta_sensor_async.py took 0.088 seconds
[2025-10-14 16:28:47,576] {processor.py:153} INFO - Started process (PID=23360) to work on /root/Projects/etlX/venv/lib/python3.9/site-packages/airflow/example_dags/example_time_delta_sensor_async.py
[2025-10-14 16:28:47,576] {processor.py:641} INFO - Processing file /root/Projects/etlX/venv/lib/python3.9/site-packages/airflow/example_dags/example_time_delta_sensor_async.py for tasks to queue
[2025-10-14 16:28:47,577] {logging_mixin.py:115} INFO - [2025-10-14 16:28:47,577] {dagbag.py:507} INFO - Filling up the DagBag from /root/Projects/etlX/venv/lib/python3.9/site-packages/airflow/example_dags/example_time_delta_sensor_async.py
[2025-10-14 16:28:47,584] {processor.py:651} INFO - DAG(s) dict_keys(['example_time_delta_sensor_async']) retrieved from /root/Projects/etlX/venv/lib/python3.9/site-packages/airflow/example_dags/example_time_delta_sensor_async.py
[2025-10-14 16:28:47,617] {logging_mixin.py:115} INFO - [2025-10-14 16:28:47,617] {dag.py:2379} INFO - Sync 1 DAGs
[2025-10-14 16:28:47,638] {logging_mixin.py:115} INFO - [2025-10-14 16:28:47,638] {dag.py:2927} INFO - Setting next_dagrun for example_time_delta_sensor_async to None, run_after=None
[2025-10-14 16:28:47,650] {processor.py:161} INFO - Processing /root/Projects/etlX/venv/lib/python3.9/site-packages/airflow/example_dags/example_time_delta_sensor_async.py took 0.078 seconds
[2025-10-14 16:29:21,495] {processor.py:153} INFO - Started process (PID=23488) to work on /root/Projects/etlX/venv/lib/python3.9/site-packages/airflow/example_dags/example_time_delta_sensor_async.py
[2025-10-14 16:29:21,496] {processor.py:641} INFO - Processing file /root/Projects/etlX/venv/lib/python3.9/site-packages/airflow/example_dags/example_time_delta_sensor_async.py for tasks to queue
[2025-10-14 16:29:21,497] {logging_mixin.py:115} INFO - [2025-10-14 16:29:21,496] {dagbag.py:507} INFO - Filling up the DagBag from /root/Projects/etlX/venv/lib/python3.9/site-packages/airflow/example_dags/example_time_delta_sensor_async.py
[2025-10-14 16:29:21,505] {processor.py:651} INFO - DAG(s) dict_keys(['example_time_delta_sensor_async']) retrieved from /root/Projects/etlX/venv/lib/python3.9/site-packages/airflow/example_dags/example_time_delta_sensor_async.py
[2025-10-14 16:29:21,536] {logging_mixin.py:115} INFO - [2025-10-14 16:29:21,535] {dag.py:2379} INFO - Sync 1 DAGs
[2025-10-14 16:29:21,556] {logging_mixin.py:115} INFO - [2025-10-14 16:29:21,556] {dag.py:2927} INFO - Setting next_dagrun for example_time_delta_sensor_async to None, run_after=None
[2025-10-14 16:29:21,568] {processor.py:161} INFO - Processing /root/Projects/etlX/venv/lib/python3.9/site-packages/airflow/example_dags/example_time_delta_sensor_async.py took 0.079 seconds
[2025-10-14 16:29:55,219] {processor.py:153} INFO - Started process (PID=23634) to work on /root/Projects/etlX/venv/lib/python3.9/site-packages/airflow/example_dags/example_time_delta_sensor_async.py
[2025-10-14 16:29:55,220] {processor.py:641} INFO - Processing file /root/Projects/etlX/venv/lib/python3.9/site-packages/airflow/example_dags/example_time_delta_sensor_async.py for tasks to queue
[2025-10-14 16:29:55,220] {logging_mixin.py:115} INFO - [2025-10-14 16:29:55,220] {dagbag.py:507} INFO - Filling up the DagBag from /root/Projects/etlX/venv/lib/python3.9/site-packages/airflow/example_dags/example_time_delta_sensor_async.py
[2025-10-14 16:29:55,228] {processor.py:651} INFO - DAG(s) dict_keys(['example_time_delta_sensor_async']) retrieved from /root/Projects/etlX/venv/lib/python3.9/site-packages/airflow/example_dags/example_time_delta_sensor_async.py
[2025-10-14 16:29:55,263] {logging_mixin.py:115} INFO - [2025-10-14 16:29:55,263] {dag.py:2379} INFO - Sync 1 DAGs
[2025-10-14 16:29:55,284] {logging_mixin.py:115} INFO - [2025-10-14 16:29:55,284] {dag.py:2927} INFO - Setting next_dagrun for example_time_delta_sensor_async to None, run_after=None
[2025-10-14 16:29:55,298] {processor.py:161} INFO - Processing /root/Projects/etlX/venv/lib/python3.9/site-packages/airflow/example_dags/example_time_delta_sensor_async.py took 0.083 seconds
[2025-10-14 16:36:09,974] {processor.py:153} INFO - Started process (PID=24506) to work on /root/Projects/etlX/venv/lib/python3.9/site-packages/airflow/example_dags/example_time_delta_sensor_async.py
[2025-10-14 16:36:09,976] {processor.py:641} INFO - Processing file /root/Projects/etlX/venv/lib/python3.9/site-packages/airflow/example_dags/example_time_delta_sensor_async.py for tasks to queue
[2025-10-14 16:36:09,976] {logging_mixin.py:115} INFO - [2025-10-14 16:36:09,976] {dagbag.py:507} INFO - Filling up the DagBag from /root/Projects/etlX/venv/lib/python3.9/site-packages/airflow/example_dags/example_time_delta_sensor_async.py
[2025-10-14 16:36:09,984] {processor.py:651} INFO - DAG(s) dict_keys(['example_time_delta_sensor_async']) retrieved from /root/Projects/etlX/venv/lib/python3.9/site-packages/airflow/example_dags/example_time_delta_sensor_async.py
[2025-10-14 16:36:10,016] {logging_mixin.py:115} INFO - [2025-10-14 16:36:10,016] {dag.py:2379} INFO - Sync 1 DAGs
[2025-10-14 16:36:10,038] {logging_mixin.py:115} INFO - [2025-10-14 16:36:10,038] {dag.py:2927} INFO - Setting next_dagrun for example_time_delta_sensor_async to None, run_after=None
[2025-10-14 16:36:10,051] {processor.py:161} INFO - Processing /root/Projects/etlX/venv/lib/python3.9/site-packages/airflow/example_dags/example_time_delta_sensor_async.py took 0.082 seconds
