[2025-10-14 14:57:19,385] {processor.py:153} INFO - Started process (PID=13394) to work on /root/Projects/etlX/venv/lib/python3.9/site-packages/airflow/example_dags/example_complex.py
[2025-10-14 14:57:19,386] {processor.py:641} INFO - Processing file /root/Projects/etlX/venv/lib/python3.9/site-packages/airflow/example_dags/example_complex.py for tasks to queue
[2025-10-14 14:57:19,386] {logging_mixin.py:115} INFO - [2025-10-14 14:57:19,386] {dagbag.py:507} INFO - Filling up the DagBag from /root/Projects/etlX/venv/lib/python3.9/site-packages/airflow/example_dags/example_complex.py
[2025-10-14 14:57:19,399] {processor.py:651} INFO - DAG(s) dict_keys(['example_complex']) retrieved from /root/Projects/etlX/venv/lib/python3.9/site-packages/airflow/example_dags/example_complex.py
[2025-10-14 14:57:19,462] {logging_mixin.py:115} INFO - [2025-10-14 14:57:19,462] {manager.py:508} INFO - Created Permission View: can read on DAG:example_complex
[2025-10-14 14:57:19,470] {logging_mixin.py:115} INFO - [2025-10-14 14:57:19,470] {manager.py:508} INFO - Created Permission View: can edit on DAG:example_complex
[2025-10-14 14:57:19,476] {logging_mixin.py:115} INFO - [2025-10-14 14:57:19,476] {manager.py:508} INFO - Created Permission View: can delete on DAG:example_complex
[2025-10-14 14:57:19,477] {logging_mixin.py:115} INFO - [2025-10-14 14:57:19,477] {dag.py:2379} INFO - Sync 1 DAGs
[2025-10-14 14:57:19,483] {logging_mixin.py:115} INFO - [2025-10-14 14:57:19,483] {dag.py:2398} INFO - Creating ORM DAG for example_complex
[2025-10-14 14:57:19,491] {logging_mixin.py:115} INFO - [2025-10-14 14:57:19,491] {dag.py:2927} INFO - Setting next_dagrun for example_complex to None, run_after=None
[2025-10-14 14:57:19,503] {processor.py:161} INFO - Processing /root/Projects/etlX/venv/lib/python3.9/site-packages/airflow/example_dags/example_complex.py took 0.122 seconds
[2025-10-14 14:57:55,335] {processor.py:153} INFO - Started process (PID=13573) to work on /root/Projects/etlX/venv/lib/python3.9/site-packages/airflow/example_dags/example_complex.py
[2025-10-14 14:57:55,336] {processor.py:641} INFO - Processing file /root/Projects/etlX/venv/lib/python3.9/site-packages/airflow/example_dags/example_complex.py for tasks to queue
[2025-10-14 14:57:55,337] {logging_mixin.py:115} INFO - [2025-10-14 14:57:55,337] {dagbag.py:507} INFO - Filling up the DagBag from /root/Projects/etlX/venv/lib/python3.9/site-packages/airflow/example_dags/example_complex.py
[2025-10-14 14:57:55,349] {processor.py:651} INFO - DAG(s) dict_keys(['example_complex']) retrieved from /root/Projects/etlX/venv/lib/python3.9/site-packages/airflow/example_dags/example_complex.py
[2025-10-14 14:57:55,371] {logging_mixin.py:115} INFO - [2025-10-14 14:57:55,371] {dag.py:2379} INFO - Sync 1 DAGs
[2025-10-14 14:57:55,392] {logging_mixin.py:115} INFO - [2025-10-14 14:57:55,392] {dag.py:2927} INFO - Setting next_dagrun for example_complex to None, run_after=None
[2025-10-14 14:57:55,406] {processor.py:161} INFO - Processing /root/Projects/etlX/venv/lib/python3.9/site-packages/airflow/example_dags/example_complex.py took 0.075 seconds
[2025-10-14 14:58:30,187] {processor.py:153} INFO - Started process (PID=13711) to work on /root/Projects/etlX/venv/lib/python3.9/site-packages/airflow/example_dags/example_complex.py
[2025-10-14 14:58:30,189] {processor.py:641} INFO - Processing file /root/Projects/etlX/venv/lib/python3.9/site-packages/airflow/example_dags/example_complex.py for tasks to queue
[2025-10-14 14:58:30,190] {logging_mixin.py:115} INFO - [2025-10-14 14:58:30,190] {dagbag.py:507} INFO - Filling up the DagBag from /root/Projects/etlX/venv/lib/python3.9/site-packages/airflow/example_dags/example_complex.py
[2025-10-14 14:58:30,222] {processor.py:651} INFO - DAG(s) dict_keys(['example_complex']) retrieved from /root/Projects/etlX/venv/lib/python3.9/site-packages/airflow/example_dags/example_complex.py
[2025-10-14 14:58:30,255] {logging_mixin.py:115} INFO - [2025-10-14 14:58:30,254] {dag.py:2379} INFO - Sync 1 DAGs
[2025-10-14 14:58:30,274] {logging_mixin.py:115} INFO - [2025-10-14 14:58:30,274] {dag.py:2927} INFO - Setting next_dagrun for example_complex to None, run_after=None
[2025-10-14 14:58:30,285] {processor.py:161} INFO - Processing /root/Projects/etlX/venv/lib/python3.9/site-packages/airflow/example_dags/example_complex.py took 0.109 seconds
[2025-10-14 14:59:02,340] {processor.py:153} INFO - Started process (PID=13839) to work on /root/Projects/etlX/venv/lib/python3.9/site-packages/airflow/example_dags/example_complex.py
[2025-10-14 14:59:02,340] {processor.py:641} INFO - Processing file /root/Projects/etlX/venv/lib/python3.9/site-packages/airflow/example_dags/example_complex.py for tasks to queue
[2025-10-14 14:59:02,341] {logging_mixin.py:115} INFO - [2025-10-14 14:59:02,341] {dagbag.py:507} INFO - Filling up the DagBag from /root/Projects/etlX/venv/lib/python3.9/site-packages/airflow/example_dags/example_complex.py
[2025-10-14 14:59:02,357] {processor.py:651} INFO - DAG(s) dict_keys(['example_complex']) retrieved from /root/Projects/etlX/venv/lib/python3.9/site-packages/airflow/example_dags/example_complex.py
[2025-10-14 14:59:02,382] {logging_mixin.py:115} INFO - [2025-10-14 14:59:02,382] {dag.py:2379} INFO - Sync 1 DAGs
[2025-10-14 14:59:02,403] {logging_mixin.py:115} INFO - [2025-10-14 14:59:02,403] {dag.py:2927} INFO - Setting next_dagrun for example_complex to None, run_after=None
[2025-10-14 14:59:02,415] {processor.py:161} INFO - Processing /root/Projects/etlX/venv/lib/python3.9/site-packages/airflow/example_dags/example_complex.py took 0.081 seconds
[2025-10-14 14:59:36,970] {processor.py:153} INFO - Started process (PID=13980) to work on /root/Projects/etlX/venv/lib/python3.9/site-packages/airflow/example_dags/example_complex.py
[2025-10-14 14:59:36,971] {processor.py:641} INFO - Processing file /root/Projects/etlX/venv/lib/python3.9/site-packages/airflow/example_dags/example_complex.py for tasks to queue
[2025-10-14 14:59:36,971] {logging_mixin.py:115} INFO - [2025-10-14 14:59:36,971] {dagbag.py:507} INFO - Filling up the DagBag from /root/Projects/etlX/venv/lib/python3.9/site-packages/airflow/example_dags/example_complex.py
[2025-10-14 14:59:36,984] {processor.py:651} INFO - DAG(s) dict_keys(['example_complex']) retrieved from /root/Projects/etlX/venv/lib/python3.9/site-packages/airflow/example_dags/example_complex.py
[2025-10-14 14:59:37,006] {logging_mixin.py:115} INFO - [2025-10-14 14:59:37,006] {dag.py:2379} INFO - Sync 1 DAGs
[2025-10-14 14:59:37,024] {logging_mixin.py:115} INFO - [2025-10-14 14:59:37,024] {dag.py:2927} INFO - Setting next_dagrun for example_complex to None, run_after=None
[2025-10-14 14:59:37,035] {processor.py:161} INFO - Processing /root/Projects/etlX/venv/lib/python3.9/site-packages/airflow/example_dags/example_complex.py took 0.069 seconds
[2025-10-14 15:00:09,978] {processor.py:153} INFO - Started process (PID=14036) to work on /root/Projects/etlX/venv/lib/python3.9/site-packages/airflow/example_dags/example_complex.py
[2025-10-14 15:00:09,979] {processor.py:641} INFO - Processing file /root/Projects/etlX/venv/lib/python3.9/site-packages/airflow/example_dags/example_complex.py for tasks to queue
[2025-10-14 15:00:09,979] {logging_mixin.py:115} INFO - [2025-10-14 15:00:09,979] {dagbag.py:507} INFO - Filling up the DagBag from /root/Projects/etlX/venv/lib/python3.9/site-packages/airflow/example_dags/example_complex.py
[2025-10-14 15:00:09,992] {processor.py:651} INFO - DAG(s) dict_keys(['example_complex']) retrieved from /root/Projects/etlX/venv/lib/python3.9/site-packages/airflow/example_dags/example_complex.py
[2025-10-14 15:00:10,015] {logging_mixin.py:115} INFO - [2025-10-14 15:00:10,015] {dag.py:2379} INFO - Sync 1 DAGs
[2025-10-14 15:00:10,034] {logging_mixin.py:115} INFO - [2025-10-14 15:00:10,034] {dag.py:2927} INFO - Setting next_dagrun for example_complex to None, run_after=None
[2025-10-14 15:00:10,047] {processor.py:161} INFO - Processing /root/Projects/etlX/venv/lib/python3.9/site-packages/airflow/example_dags/example_complex.py took 0.073 seconds
[2025-10-14 15:00:47,372] {processor.py:153} INFO - Started process (PID=14198) to work on /root/Projects/etlX/venv/lib/python3.9/site-packages/airflow/example_dags/example_complex.py
[2025-10-14 15:00:47,373] {processor.py:641} INFO - Processing file /root/Projects/etlX/venv/lib/python3.9/site-packages/airflow/example_dags/example_complex.py for tasks to queue
[2025-10-14 15:00:47,374] {logging_mixin.py:115} INFO - [2025-10-14 15:00:47,374] {dagbag.py:507} INFO - Filling up the DagBag from /root/Projects/etlX/venv/lib/python3.9/site-packages/airflow/example_dags/example_complex.py
[2025-10-14 15:00:47,388] {processor.py:651} INFO - DAG(s) dict_keys(['example_complex']) retrieved from /root/Projects/etlX/venv/lib/python3.9/site-packages/airflow/example_dags/example_complex.py
[2025-10-14 15:00:47,410] {logging_mixin.py:115} INFO - [2025-10-14 15:00:47,410] {dag.py:2379} INFO - Sync 1 DAGs
[2025-10-14 15:00:47,429] {logging_mixin.py:115} INFO - [2025-10-14 15:00:47,429] {dag.py:2927} INFO - Setting next_dagrun for example_complex to None, run_after=None
[2025-10-14 15:00:47,441] {processor.py:161} INFO - Processing /root/Projects/etlX/venv/lib/python3.9/site-packages/airflow/example_dags/example_complex.py took 0.074 seconds
[2025-10-14 15:01:22,202] {processor.py:153} INFO - Started process (PID=14462) to work on /root/Projects/etlX/venv/lib/python3.9/site-packages/airflow/example_dags/example_complex.py
[2025-10-14 15:01:22,203] {processor.py:641} INFO - Processing file /root/Projects/etlX/venv/lib/python3.9/site-packages/airflow/example_dags/example_complex.py for tasks to queue
[2025-10-14 15:01:22,203] {logging_mixin.py:115} INFO - [2025-10-14 15:01:22,203] {dagbag.py:507} INFO - Filling up the DagBag from /root/Projects/etlX/venv/lib/python3.9/site-packages/airflow/example_dags/example_complex.py
[2025-10-14 15:01:22,215] {processor.py:651} INFO - DAG(s) dict_keys(['example_complex']) retrieved from /root/Projects/etlX/venv/lib/python3.9/site-packages/airflow/example_dags/example_complex.py
[2025-10-14 15:01:22,238] {logging_mixin.py:115} INFO - [2025-10-14 15:01:22,238] {dag.py:2379} INFO - Sync 1 DAGs
[2025-10-14 15:01:22,258] {logging_mixin.py:115} INFO - [2025-10-14 15:01:22,258] {dag.py:2927} INFO - Setting next_dagrun for example_complex to None, run_after=None
[2025-10-14 15:01:22,269] {processor.py:161} INFO - Processing /root/Projects/etlX/venv/lib/python3.9/site-packages/airflow/example_dags/example_complex.py took 0.071 seconds
[2025-10-14 15:01:57,263] {processor.py:153} INFO - Started process (PID=14726) to work on /root/Projects/etlX/venv/lib/python3.9/site-packages/airflow/example_dags/example_complex.py
[2025-10-14 15:01:57,263] {processor.py:641} INFO - Processing file /root/Projects/etlX/venv/lib/python3.9/site-packages/airflow/example_dags/example_complex.py for tasks to queue
[2025-10-14 15:01:57,264] {logging_mixin.py:115} INFO - [2025-10-14 15:01:57,264] {dagbag.py:507} INFO - Filling up the DagBag from /root/Projects/etlX/venv/lib/python3.9/site-packages/airflow/example_dags/example_complex.py
[2025-10-14 15:01:57,277] {processor.py:651} INFO - DAG(s) dict_keys(['example_complex']) retrieved from /root/Projects/etlX/venv/lib/python3.9/site-packages/airflow/example_dags/example_complex.py
[2025-10-14 15:01:57,299] {logging_mixin.py:115} INFO - [2025-10-14 15:01:57,299] {dag.py:2379} INFO - Sync 1 DAGs
[2025-10-14 15:01:57,317] {logging_mixin.py:115} INFO - [2025-10-14 15:01:57,317] {dag.py:2927} INFO - Setting next_dagrun for example_complex to None, run_after=None
[2025-10-14 15:01:57,328] {processor.py:161} INFO - Processing /root/Projects/etlX/venv/lib/python3.9/site-packages/airflow/example_dags/example_complex.py took 0.070 seconds
[2025-10-14 15:02:32,411] {processor.py:153} INFO - Started process (PID=14837) to work on /root/Projects/etlX/venv/lib/python3.9/site-packages/airflow/example_dags/example_complex.py
[2025-10-14 15:02:32,414] {processor.py:641} INFO - Processing file /root/Projects/etlX/venv/lib/python3.9/site-packages/airflow/example_dags/example_complex.py for tasks to queue
[2025-10-14 15:02:32,415] {logging_mixin.py:115} INFO - [2025-10-14 15:02:32,415] {dagbag.py:507} INFO - Filling up the DagBag from /root/Projects/etlX/venv/lib/python3.9/site-packages/airflow/example_dags/example_complex.py
[2025-10-14 15:02:32,439] {processor.py:651} INFO - DAG(s) dict_keys(['example_complex']) retrieved from /root/Projects/etlX/venv/lib/python3.9/site-packages/airflow/example_dags/example_complex.py
[2025-10-14 15:02:32,474] {logging_mixin.py:115} INFO - [2025-10-14 15:02:32,474] {dag.py:2379} INFO - Sync 1 DAGs
[2025-10-14 15:02:32,512] {logging_mixin.py:115} INFO - [2025-10-14 15:02:32,512] {dag.py:2927} INFO - Setting next_dagrun for example_complex to None, run_after=None
[2025-10-14 15:02:32,542] {processor.py:161} INFO - Processing /root/Projects/etlX/venv/lib/python3.9/site-packages/airflow/example_dags/example_complex.py took 0.138 seconds
[2025-10-14 15:03:05,003] {processor.py:153} INFO - Started process (PID=14995) to work on /root/Projects/etlX/venv/lib/python3.9/site-packages/airflow/example_dags/example_complex.py
[2025-10-14 15:03:05,004] {processor.py:641} INFO - Processing file /root/Projects/etlX/venv/lib/python3.9/site-packages/airflow/example_dags/example_complex.py for tasks to queue
[2025-10-14 15:03:05,005] {logging_mixin.py:115} INFO - [2025-10-14 15:03:05,004] {dagbag.py:507} INFO - Filling up the DagBag from /root/Projects/etlX/venv/lib/python3.9/site-packages/airflow/example_dags/example_complex.py
[2025-10-14 15:03:05,018] {processor.py:651} INFO - DAG(s) dict_keys(['example_complex']) retrieved from /root/Projects/etlX/venv/lib/python3.9/site-packages/airflow/example_dags/example_complex.py
[2025-10-14 15:03:05,041] {logging_mixin.py:115} INFO - [2025-10-14 15:03:05,041] {dag.py:2379} INFO - Sync 1 DAGs
[2025-10-14 15:03:05,063] {logging_mixin.py:115} INFO - [2025-10-14 15:03:05,063] {dag.py:2927} INFO - Setting next_dagrun for example_complex to None, run_after=None
[2025-10-14 15:03:05,075] {processor.py:161} INFO - Processing /root/Projects/etlX/venv/lib/python3.9/site-packages/airflow/example_dags/example_complex.py took 0.076 seconds
[2025-10-14 15:10:07,765] {processor.py:153} INFO - Started process (PID=15904) to work on /root/Projects/etlX/venv/lib/python3.9/site-packages/airflow/example_dags/example_complex.py
[2025-10-14 15:10:07,766] {processor.py:641} INFO - Processing file /root/Projects/etlX/venv/lib/python3.9/site-packages/airflow/example_dags/example_complex.py for tasks to queue
[2025-10-14 15:10:07,767] {logging_mixin.py:115} INFO - [2025-10-14 15:10:07,767] {dagbag.py:507} INFO - Filling up the DagBag from /root/Projects/etlX/venv/lib/python3.9/site-packages/airflow/example_dags/example_complex.py
[2025-10-14 15:10:07,779] {processor.py:651} INFO - DAG(s) dict_keys(['example_complex']) retrieved from /root/Projects/etlX/venv/lib/python3.9/site-packages/airflow/example_dags/example_complex.py
[2025-10-14 15:10:07,802] {logging_mixin.py:115} INFO - [2025-10-14 15:10:07,802] {dag.py:2379} INFO - Sync 1 DAGs
[2025-10-14 15:10:07,822] {logging_mixin.py:115} INFO - [2025-10-14 15:10:07,822] {dag.py:2927} INFO - Setting next_dagrun for example_complex to None, run_after=None
[2025-10-14 15:10:07,834] {processor.py:161} INFO - Processing /root/Projects/etlX/venv/lib/python3.9/site-packages/airflow/example_dags/example_complex.py took 0.073 seconds
[2025-10-14 15:10:42,411] {processor.py:153} INFO - Started process (PID=15959) to work on /root/Projects/etlX/venv/lib/python3.9/site-packages/airflow/example_dags/example_complex.py
[2025-10-14 15:10:42,412] {processor.py:641} INFO - Processing file /root/Projects/etlX/venv/lib/python3.9/site-packages/airflow/example_dags/example_complex.py for tasks to queue
[2025-10-14 15:10:42,413] {logging_mixin.py:115} INFO - [2025-10-14 15:10:42,412] {dagbag.py:507} INFO - Filling up the DagBag from /root/Projects/etlX/venv/lib/python3.9/site-packages/airflow/example_dags/example_complex.py
[2025-10-14 15:10:42,425] {processor.py:651} INFO - DAG(s) dict_keys(['example_complex']) retrieved from /root/Projects/etlX/venv/lib/python3.9/site-packages/airflow/example_dags/example_complex.py
[2025-10-14 15:10:42,448] {logging_mixin.py:115} INFO - [2025-10-14 15:10:42,448] {dag.py:2379} INFO - Sync 1 DAGs
[2025-10-14 15:10:42,468] {logging_mixin.py:115} INFO - [2025-10-14 15:10:42,468] {dag.py:2927} INFO - Setting next_dagrun for example_complex to None, run_after=None
[2025-10-14 15:10:42,480] {processor.py:161} INFO - Processing /root/Projects/etlX/venv/lib/python3.9/site-packages/airflow/example_dags/example_complex.py took 0.073 seconds
[2025-10-14 15:11:17,363] {processor.py:153} INFO - Started process (PID=16120) to work on /root/Projects/etlX/venv/lib/python3.9/site-packages/airflow/example_dags/example_complex.py
[2025-10-14 15:11:17,364] {processor.py:641} INFO - Processing file /root/Projects/etlX/venv/lib/python3.9/site-packages/airflow/example_dags/example_complex.py for tasks to queue
[2025-10-14 15:11:17,364] {logging_mixin.py:115} INFO - [2025-10-14 15:11:17,364] {dagbag.py:507} INFO - Filling up the DagBag from /root/Projects/etlX/venv/lib/python3.9/site-packages/airflow/example_dags/example_complex.py
[2025-10-14 15:11:17,377] {processor.py:651} INFO - DAG(s) dict_keys(['example_complex']) retrieved from /root/Projects/etlX/venv/lib/python3.9/site-packages/airflow/example_dags/example_complex.py
[2025-10-14 15:11:17,400] {logging_mixin.py:115} INFO - [2025-10-14 15:11:17,400] {dag.py:2379} INFO - Sync 1 DAGs
[2025-10-14 15:11:17,421] {logging_mixin.py:115} INFO - [2025-10-14 15:11:17,421] {dag.py:2927} INFO - Setting next_dagrun for example_complex to None, run_after=None
[2025-10-14 15:11:17,434] {processor.py:161} INFO - Processing /root/Projects/etlX/venv/lib/python3.9/site-packages/airflow/example_dags/example_complex.py took 0.075 seconds
[2025-10-14 15:11:52,106] {processor.py:153} INFO - Started process (PID=16180) to work on /root/Projects/etlX/venv/lib/python3.9/site-packages/airflow/example_dags/example_complex.py
[2025-10-14 15:11:52,107] {processor.py:641} INFO - Processing file /root/Projects/etlX/venv/lib/python3.9/site-packages/airflow/example_dags/example_complex.py for tasks to queue
[2025-10-14 15:11:52,108] {logging_mixin.py:115} INFO - [2025-10-14 15:11:52,108] {dagbag.py:507} INFO - Filling up the DagBag from /root/Projects/etlX/venv/lib/python3.9/site-packages/airflow/example_dags/example_complex.py
[2025-10-14 15:11:52,121] {processor.py:651} INFO - DAG(s) dict_keys(['example_complex']) retrieved from /root/Projects/etlX/venv/lib/python3.9/site-packages/airflow/example_dags/example_complex.py
[2025-10-14 15:11:52,146] {logging_mixin.py:115} INFO - [2025-10-14 15:11:52,146] {dag.py:2379} INFO - Sync 1 DAGs
[2025-10-14 15:11:52,169] {logging_mixin.py:115} INFO - [2025-10-14 15:11:52,169] {dag.py:2927} INFO - Setting next_dagrun for example_complex to None, run_after=None
[2025-10-14 15:11:52,181] {processor.py:161} INFO - Processing /root/Projects/etlX/venv/lib/python3.9/site-packages/airflow/example_dags/example_complex.py took 0.080 seconds
[2025-10-14 15:12:26,322] {processor.py:153} INFO - Started process (PID=16235) to work on /root/Projects/etlX/venv/lib/python3.9/site-packages/airflow/example_dags/example_complex.py
[2025-10-14 15:12:26,322] {processor.py:641} INFO - Processing file /root/Projects/etlX/venv/lib/python3.9/site-packages/airflow/example_dags/example_complex.py for tasks to queue
[2025-10-14 15:12:26,323] {logging_mixin.py:115} INFO - [2025-10-14 15:12:26,323] {dagbag.py:507} INFO - Filling up the DagBag from /root/Projects/etlX/venv/lib/python3.9/site-packages/airflow/example_dags/example_complex.py
[2025-10-14 15:12:26,336] {processor.py:651} INFO - DAG(s) dict_keys(['example_complex']) retrieved from /root/Projects/etlX/venv/lib/python3.9/site-packages/airflow/example_dags/example_complex.py
[2025-10-14 15:12:26,359] {logging_mixin.py:115} INFO - [2025-10-14 15:12:26,359] {dag.py:2379} INFO - Sync 1 DAGs
[2025-10-14 15:12:26,379] {logging_mixin.py:115} INFO - [2025-10-14 15:12:26,379] {dag.py:2927} INFO - Setting next_dagrun for example_complex to None, run_after=None
[2025-10-14 15:12:26,390] {processor.py:161} INFO - Processing /root/Projects/etlX/venv/lib/python3.9/site-packages/airflow/example_dags/example_complex.py took 0.073 seconds
[2025-10-14 15:13:01,158] {processor.py:153} INFO - Started process (PID=16294) to work on /root/Projects/etlX/venv/lib/python3.9/site-packages/airflow/example_dags/example_complex.py
[2025-10-14 15:13:01,159] {processor.py:641} INFO - Processing file /root/Projects/etlX/venv/lib/python3.9/site-packages/airflow/example_dags/example_complex.py for tasks to queue
[2025-10-14 15:13:01,159] {logging_mixin.py:115} INFO - [2025-10-14 15:13:01,159] {dagbag.py:507} INFO - Filling up the DagBag from /root/Projects/etlX/venv/lib/python3.9/site-packages/airflow/example_dags/example_complex.py
[2025-10-14 15:13:01,171] {processor.py:651} INFO - DAG(s) dict_keys(['example_complex']) retrieved from /root/Projects/etlX/venv/lib/python3.9/site-packages/airflow/example_dags/example_complex.py
[2025-10-14 15:13:01,192] {logging_mixin.py:115} INFO - [2025-10-14 15:13:01,192] {dag.py:2379} INFO - Sync 1 DAGs
[2025-10-14 15:13:01,211] {logging_mixin.py:115} INFO - [2025-10-14 15:13:01,210] {dag.py:2927} INFO - Setting next_dagrun for example_complex to None, run_after=None
[2025-10-14 15:13:01,221] {processor.py:161} INFO - Processing /root/Projects/etlX/venv/lib/python3.9/site-packages/airflow/example_dags/example_complex.py took 0.068 seconds
[2025-10-14 15:13:34,756] {processor.py:153} INFO - Started process (PID=16349) to work on /root/Projects/etlX/venv/lib/python3.9/site-packages/airflow/example_dags/example_complex.py
[2025-10-14 15:13:34,757] {processor.py:641} INFO - Processing file /root/Projects/etlX/venv/lib/python3.9/site-packages/airflow/example_dags/example_complex.py for tasks to queue
[2025-10-14 15:13:34,758] {logging_mixin.py:115} INFO - [2025-10-14 15:13:34,758] {dagbag.py:507} INFO - Filling up the DagBag from /root/Projects/etlX/venv/lib/python3.9/site-packages/airflow/example_dags/example_complex.py
[2025-10-14 15:13:34,776] {processor.py:651} INFO - DAG(s) dict_keys(['example_complex']) retrieved from /root/Projects/etlX/venv/lib/python3.9/site-packages/airflow/example_dags/example_complex.py
[2025-10-14 15:13:34,814] {logging_mixin.py:115} INFO - [2025-10-14 15:13:34,814] {dag.py:2379} INFO - Sync 1 DAGs
[2025-10-14 15:13:34,842] {logging_mixin.py:115} INFO - [2025-10-14 15:13:34,842] {dag.py:2927} INFO - Setting next_dagrun for example_complex to None, run_after=None
[2025-10-14 15:13:34,863] {processor.py:161} INFO - Processing /root/Projects/etlX/venv/lib/python3.9/site-packages/airflow/example_dags/example_complex.py took 0.112 seconds
[2025-10-14 15:14:07,963] {processor.py:153} INFO - Started process (PID=16407) to work on /root/Projects/etlX/venv/lib/python3.9/site-packages/airflow/example_dags/example_complex.py
[2025-10-14 15:14:07,964] {processor.py:641} INFO - Processing file /root/Projects/etlX/venv/lib/python3.9/site-packages/airflow/example_dags/example_complex.py for tasks to queue
[2025-10-14 15:14:07,965] {logging_mixin.py:115} INFO - [2025-10-14 15:14:07,965] {dagbag.py:507} INFO - Filling up the DagBag from /root/Projects/etlX/venv/lib/python3.9/site-packages/airflow/example_dags/example_complex.py
[2025-10-14 15:14:07,977] {processor.py:651} INFO - DAG(s) dict_keys(['example_complex']) retrieved from /root/Projects/etlX/venv/lib/python3.9/site-packages/airflow/example_dags/example_complex.py
[2025-10-14 15:14:07,998] {logging_mixin.py:115} INFO - [2025-10-14 15:14:07,998] {dag.py:2379} INFO - Sync 1 DAGs
[2025-10-14 15:14:08,016] {logging_mixin.py:115} INFO - [2025-10-14 15:14:08,016] {dag.py:2927} INFO - Setting next_dagrun for example_complex to None, run_after=None
[2025-10-14 15:14:08,027] {processor.py:161} INFO - Processing /root/Projects/etlX/venv/lib/python3.9/site-packages/airflow/example_dags/example_complex.py took 0.071 seconds
[2025-10-14 15:14:41,904] {processor.py:153} INFO - Started process (PID=16462) to work on /root/Projects/etlX/venv/lib/python3.9/site-packages/airflow/example_dags/example_complex.py
[2025-10-14 15:14:41,904] {processor.py:641} INFO - Processing file /root/Projects/etlX/venv/lib/python3.9/site-packages/airflow/example_dags/example_complex.py for tasks to queue
[2025-10-14 15:14:41,905] {logging_mixin.py:115} INFO - [2025-10-14 15:14:41,905] {dagbag.py:507} INFO - Filling up the DagBag from /root/Projects/etlX/venv/lib/python3.9/site-packages/airflow/example_dags/example_complex.py
[2025-10-14 15:14:41,917] {processor.py:651} INFO - DAG(s) dict_keys(['example_complex']) retrieved from /root/Projects/etlX/venv/lib/python3.9/site-packages/airflow/example_dags/example_complex.py
[2025-10-14 15:14:41,938] {logging_mixin.py:115} INFO - [2025-10-14 15:14:41,938] {dag.py:2379} INFO - Sync 1 DAGs
[2025-10-14 15:14:41,958] {logging_mixin.py:115} INFO - [2025-10-14 15:14:41,957] {dag.py:2927} INFO - Setting next_dagrun for example_complex to None, run_after=None
[2025-10-14 15:14:41,969] {processor.py:161} INFO - Processing /root/Projects/etlX/venv/lib/python3.9/site-packages/airflow/example_dags/example_complex.py took 0.069 seconds
[2025-10-14 15:15:19,422] {processor.py:153} INFO - Started process (PID=16577) to work on /root/Projects/etlX/venv/lib/python3.9/site-packages/airflow/example_dags/example_complex.py
[2025-10-14 15:15:19,423] {processor.py:641} INFO - Processing file /root/Projects/etlX/venv/lib/python3.9/site-packages/airflow/example_dags/example_complex.py for tasks to queue
[2025-10-14 15:15:19,423] {logging_mixin.py:115} INFO - [2025-10-14 15:15:19,423] {dagbag.py:507} INFO - Filling up the DagBag from /root/Projects/etlX/venv/lib/python3.9/site-packages/airflow/example_dags/example_complex.py
[2025-10-14 15:15:19,439] {processor.py:651} INFO - DAG(s) dict_keys(['example_complex']) retrieved from /root/Projects/etlX/venv/lib/python3.9/site-packages/airflow/example_dags/example_complex.py
[2025-10-14 15:15:19,463] {logging_mixin.py:115} INFO - [2025-10-14 15:15:19,463] {dag.py:2379} INFO - Sync 1 DAGs
[2025-10-14 15:15:19,485] {logging_mixin.py:115} INFO - [2025-10-14 15:15:19,485] {dag.py:2927} INFO - Setting next_dagrun for example_complex to None, run_after=None
[2025-10-14 15:15:19,500] {processor.py:161} INFO - Processing /root/Projects/etlX/venv/lib/python3.9/site-packages/airflow/example_dags/example_complex.py took 0.083 seconds
[2025-10-14 15:15:54,324] {processor.py:153} INFO - Started process (PID=16633) to work on /root/Projects/etlX/venv/lib/python3.9/site-packages/airflow/example_dags/example_complex.py
[2025-10-14 15:15:54,325] {processor.py:641} INFO - Processing file /root/Projects/etlX/venv/lib/python3.9/site-packages/airflow/example_dags/example_complex.py for tasks to queue
[2025-10-14 15:15:54,325] {logging_mixin.py:115} INFO - [2025-10-14 15:15:54,325] {dagbag.py:507} INFO - Filling up the DagBag from /root/Projects/etlX/venv/lib/python3.9/site-packages/airflow/example_dags/example_complex.py
[2025-10-14 15:15:54,339] {processor.py:651} INFO - DAG(s) dict_keys(['example_complex']) retrieved from /root/Projects/etlX/venv/lib/python3.9/site-packages/airflow/example_dags/example_complex.py
[2025-10-14 15:15:54,365] {logging_mixin.py:115} INFO - [2025-10-14 15:15:54,365] {dag.py:2379} INFO - Sync 1 DAGs
[2025-10-14 15:15:54,387] {logging_mixin.py:115} INFO - [2025-10-14 15:15:54,387] {dag.py:2927} INFO - Setting next_dagrun for example_complex to None, run_after=None
[2025-10-14 15:15:54,400] {processor.py:161} INFO - Processing /root/Projects/etlX/venv/lib/python3.9/site-packages/airflow/example_dags/example_complex.py took 0.080 seconds
[2025-10-14 15:16:30,892] {processor.py:153} INFO - Started process (PID=16850) to work on /root/Projects/etlX/venv/lib/python3.9/site-packages/airflow/example_dags/example_complex.py
[2025-10-14 15:16:30,893] {processor.py:641} INFO - Processing file /root/Projects/etlX/venv/lib/python3.9/site-packages/airflow/example_dags/example_complex.py for tasks to queue
[2025-10-14 15:16:30,893] {logging_mixin.py:115} INFO - [2025-10-14 15:16:30,893] {dagbag.py:507} INFO - Filling up the DagBag from /root/Projects/etlX/venv/lib/python3.9/site-packages/airflow/example_dags/example_complex.py
[2025-10-14 15:16:30,906] {processor.py:651} INFO - DAG(s) dict_keys(['example_complex']) retrieved from /root/Projects/etlX/venv/lib/python3.9/site-packages/airflow/example_dags/example_complex.py
[2025-10-14 15:16:30,929] {logging_mixin.py:115} INFO - [2025-10-14 15:16:30,928] {dag.py:2379} INFO - Sync 1 DAGs
[2025-10-14 15:16:30,948] {logging_mixin.py:115} INFO - [2025-10-14 15:16:30,948] {dag.py:2927} INFO - Setting next_dagrun for example_complex to None, run_after=None
[2025-10-14 15:16:30,960] {processor.py:161} INFO - Processing /root/Projects/etlX/venv/lib/python3.9/site-packages/airflow/example_dags/example_complex.py took 0.073 seconds
[2025-10-14 15:17:03,834] {processor.py:153} INFO - Started process (PID=17059) to work on /root/Projects/etlX/venv/lib/python3.9/site-packages/airflow/example_dags/example_complex.py
[2025-10-14 15:17:03,835] {processor.py:641} INFO - Processing file /root/Projects/etlX/venv/lib/python3.9/site-packages/airflow/example_dags/example_complex.py for tasks to queue
[2025-10-14 15:17:03,835] {logging_mixin.py:115} INFO - [2025-10-14 15:17:03,835] {dagbag.py:507} INFO - Filling up the DagBag from /root/Projects/etlX/venv/lib/python3.9/site-packages/airflow/example_dags/example_complex.py
[2025-10-14 15:17:03,847] {processor.py:651} INFO - DAG(s) dict_keys(['example_complex']) retrieved from /root/Projects/etlX/venv/lib/python3.9/site-packages/airflow/example_dags/example_complex.py
[2025-10-14 15:17:03,869] {logging_mixin.py:115} INFO - [2025-10-14 15:17:03,869] {dag.py:2379} INFO - Sync 1 DAGs
[2025-10-14 15:17:03,887] {logging_mixin.py:115} INFO - [2025-10-14 15:17:03,887] {dag.py:2927} INFO - Setting next_dagrun for example_complex to None, run_after=None
[2025-10-14 15:17:03,898] {processor.py:161} INFO - Processing /root/Projects/etlX/venv/lib/python3.9/site-packages/airflow/example_dags/example_complex.py took 0.068 seconds
[2025-10-14 15:17:38,240] {processor.py:153} INFO - Started process (PID=17114) to work on /root/Projects/etlX/venv/lib/python3.9/site-packages/airflow/example_dags/example_complex.py
[2025-10-14 15:17:38,240] {processor.py:641} INFO - Processing file /root/Projects/etlX/venv/lib/python3.9/site-packages/airflow/example_dags/example_complex.py for tasks to queue
[2025-10-14 15:17:38,241] {logging_mixin.py:115} INFO - [2025-10-14 15:17:38,241] {dagbag.py:507} INFO - Filling up the DagBag from /root/Projects/etlX/venv/lib/python3.9/site-packages/airflow/example_dags/example_complex.py
[2025-10-14 15:17:38,258] {processor.py:651} INFO - DAG(s) dict_keys(['example_complex']) retrieved from /root/Projects/etlX/venv/lib/python3.9/site-packages/airflow/example_dags/example_complex.py
[2025-10-14 15:17:38,285] {logging_mixin.py:115} INFO - [2025-10-14 15:17:38,285] {dag.py:2379} INFO - Sync 1 DAGs
[2025-10-14 15:17:38,313] {logging_mixin.py:115} INFO - [2025-10-14 15:17:38,313] {dag.py:2927} INFO - Setting next_dagrun for example_complex to None, run_after=None
[2025-10-14 15:17:38,327] {processor.py:161} INFO - Processing /root/Projects/etlX/venv/lib/python3.9/site-packages/airflow/example_dags/example_complex.py took 0.092 seconds
[2025-10-14 15:59:06,034] {processor.py:153} INFO - Started process (PID=19966) to work on /root/Projects/etlX/venv/lib/python3.9/site-packages/airflow/example_dags/example_complex.py
[2025-10-14 15:59:06,034] {processor.py:641} INFO - Processing file /root/Projects/etlX/venv/lib/python3.9/site-packages/airflow/example_dags/example_complex.py for tasks to queue
[2025-10-14 15:59:06,035] {logging_mixin.py:115} INFO - [2025-10-14 15:59:06,035] {dagbag.py:507} INFO - Filling up the DagBag from /root/Projects/etlX/venv/lib/python3.9/site-packages/airflow/example_dags/example_complex.py
[2025-10-14 15:59:06,049] {processor.py:651} INFO - DAG(s) dict_keys(['example_complex']) retrieved from /root/Projects/etlX/venv/lib/python3.9/site-packages/airflow/example_dags/example_complex.py
[2025-10-14 15:59:06,081] {logging_mixin.py:115} INFO - [2025-10-14 15:59:06,081] {dag.py:2379} INFO - Sync 1 DAGs
[2025-10-14 15:59:06,104] {logging_mixin.py:115} INFO - [2025-10-14 15:59:06,104] {dag.py:2927} INFO - Setting next_dagrun for example_complex to None, run_after=None
[2025-10-14 15:59:06,117] {processor.py:161} INFO - Processing /root/Projects/etlX/venv/lib/python3.9/site-packages/airflow/example_dags/example_complex.py took 0.088 seconds
[2025-10-14 15:59:38,576] {processor.py:153} INFO - Started process (PID=20101) to work on /root/Projects/etlX/venv/lib/python3.9/site-packages/airflow/example_dags/example_complex.py
[2025-10-14 15:59:38,576] {processor.py:641} INFO - Processing file /root/Projects/etlX/venv/lib/python3.9/site-packages/airflow/example_dags/example_complex.py for tasks to queue
[2025-10-14 15:59:38,577] {logging_mixin.py:115} INFO - [2025-10-14 15:59:38,577] {dagbag.py:507} INFO - Filling up the DagBag from /root/Projects/etlX/venv/lib/python3.9/site-packages/airflow/example_dags/example_complex.py
[2025-10-14 15:59:38,589] {processor.py:651} INFO - DAG(s) dict_keys(['example_complex']) retrieved from /root/Projects/etlX/venv/lib/python3.9/site-packages/airflow/example_dags/example_complex.py
[2025-10-14 15:59:38,609] {logging_mixin.py:115} INFO - [2025-10-14 15:59:38,609] {dag.py:2379} INFO - Sync 1 DAGs
[2025-10-14 15:59:38,628] {logging_mixin.py:115} INFO - [2025-10-14 15:59:38,628] {dag.py:2927} INFO - Setting next_dagrun for example_complex to None, run_after=None
[2025-10-14 15:59:38,639] {processor.py:161} INFO - Processing /root/Projects/etlX/venv/lib/python3.9/site-packages/airflow/example_dags/example_complex.py took 0.068 seconds
[2025-10-14 16:00:10,865] {processor.py:153} INFO - Started process (PID=20156) to work on /root/Projects/etlX/venv/lib/python3.9/site-packages/airflow/example_dags/example_complex.py
[2025-10-14 16:00:10,865] {processor.py:641} INFO - Processing file /root/Projects/etlX/venv/lib/python3.9/site-packages/airflow/example_dags/example_complex.py for tasks to queue
[2025-10-14 16:00:10,866] {logging_mixin.py:115} INFO - [2025-10-14 16:00:10,866] {dagbag.py:507} INFO - Filling up the DagBag from /root/Projects/etlX/venv/lib/python3.9/site-packages/airflow/example_dags/example_complex.py
[2025-10-14 16:00:10,878] {processor.py:651} INFO - DAG(s) dict_keys(['example_complex']) retrieved from /root/Projects/etlX/venv/lib/python3.9/site-packages/airflow/example_dags/example_complex.py
[2025-10-14 16:00:10,901] {logging_mixin.py:115} INFO - [2025-10-14 16:00:10,901] {dag.py:2379} INFO - Sync 1 DAGs
[2025-10-14 16:00:10,920] {logging_mixin.py:115} INFO - [2025-10-14 16:00:10,920] {dag.py:2927} INFO - Setting next_dagrun for example_complex to None, run_after=None
[2025-10-14 16:00:10,932] {processor.py:161} INFO - Processing /root/Projects/etlX/venv/lib/python3.9/site-packages/airflow/example_dags/example_complex.py took 0.071 seconds
[2025-10-14 16:00:45,373] {processor.py:153} INFO - Started process (PID=20214) to work on /root/Projects/etlX/venv/lib/python3.9/site-packages/airflow/example_dags/example_complex.py
[2025-10-14 16:00:45,374] {processor.py:641} INFO - Processing file /root/Projects/etlX/venv/lib/python3.9/site-packages/airflow/example_dags/example_complex.py for tasks to queue
[2025-10-14 16:00:45,375] {logging_mixin.py:115} INFO - [2025-10-14 16:00:45,375] {dagbag.py:507} INFO - Filling up the DagBag from /root/Projects/etlX/venv/lib/python3.9/site-packages/airflow/example_dags/example_complex.py
[2025-10-14 16:00:45,388] {processor.py:651} INFO - DAG(s) dict_keys(['example_complex']) retrieved from /root/Projects/etlX/venv/lib/python3.9/site-packages/airflow/example_dags/example_complex.py
[2025-10-14 16:00:45,411] {logging_mixin.py:115} INFO - [2025-10-14 16:00:45,411] {dag.py:2379} INFO - Sync 1 DAGs
[2025-10-14 16:00:45,431] {logging_mixin.py:115} INFO - [2025-10-14 16:00:45,431] {dag.py:2927} INFO - Setting next_dagrun for example_complex to None, run_after=None
[2025-10-14 16:00:45,448] {processor.py:161} INFO - Processing /root/Projects/etlX/venv/lib/python3.9/site-packages/airflow/example_dags/example_complex.py took 0.082 seconds
[2025-10-14 16:01:18,725] {processor.py:153} INFO - Started process (PID=20273) to work on /root/Projects/etlX/venv/lib/python3.9/site-packages/airflow/example_dags/example_complex.py
[2025-10-14 16:01:18,726] {processor.py:641} INFO - Processing file /root/Projects/etlX/venv/lib/python3.9/site-packages/airflow/example_dags/example_complex.py for tasks to queue
[2025-10-14 16:01:18,727] {logging_mixin.py:115} INFO - [2025-10-14 16:01:18,727] {dagbag.py:507} INFO - Filling up the DagBag from /root/Projects/etlX/venv/lib/python3.9/site-packages/airflow/example_dags/example_complex.py
[2025-10-14 16:01:18,739] {processor.py:651} INFO - DAG(s) dict_keys(['example_complex']) retrieved from /root/Projects/etlX/venv/lib/python3.9/site-packages/airflow/example_dags/example_complex.py
[2025-10-14 16:01:18,761] {logging_mixin.py:115} INFO - [2025-10-14 16:01:18,761] {dag.py:2379} INFO - Sync 1 DAGs
[2025-10-14 16:01:18,779] {logging_mixin.py:115} INFO - [2025-10-14 16:01:18,779] {dag.py:2927} INFO - Setting next_dagrun for example_complex to None, run_after=None
[2025-10-14 16:01:18,789] {processor.py:161} INFO - Processing /root/Projects/etlX/venv/lib/python3.9/site-packages/airflow/example_dags/example_complex.py took 0.068 seconds
[2025-10-14 16:01:53,519] {processor.py:153} INFO - Started process (PID=20328) to work on /root/Projects/etlX/venv/lib/python3.9/site-packages/airflow/example_dags/example_complex.py
[2025-10-14 16:01:53,520] {processor.py:641} INFO - Processing file /root/Projects/etlX/venv/lib/python3.9/site-packages/airflow/example_dags/example_complex.py for tasks to queue
[2025-10-14 16:01:53,521] {logging_mixin.py:115} INFO - [2025-10-14 16:01:53,521] {dagbag.py:507} INFO - Filling up the DagBag from /root/Projects/etlX/venv/lib/python3.9/site-packages/airflow/example_dags/example_complex.py
[2025-10-14 16:01:53,534] {processor.py:651} INFO - DAG(s) dict_keys(['example_complex']) retrieved from /root/Projects/etlX/venv/lib/python3.9/site-packages/airflow/example_dags/example_complex.py
[2025-10-14 16:01:53,559] {logging_mixin.py:115} INFO - [2025-10-14 16:01:53,559] {dag.py:2379} INFO - Sync 1 DAGs
[2025-10-14 16:01:53,580] {logging_mixin.py:115} INFO - [2025-10-14 16:01:53,579] {dag.py:2927} INFO - Setting next_dagrun for example_complex to None, run_after=None
[2025-10-14 16:01:53,593] {processor.py:161} INFO - Processing /root/Projects/etlX/venv/lib/python3.9/site-packages/airflow/example_dags/example_complex.py took 0.078 seconds
[2025-10-14 16:02:27,588] {processor.py:153} INFO - Started process (PID=20386) to work on /root/Projects/etlX/venv/lib/python3.9/site-packages/airflow/example_dags/example_complex.py
[2025-10-14 16:02:27,589] {processor.py:641} INFO - Processing file /root/Projects/etlX/venv/lib/python3.9/site-packages/airflow/example_dags/example_complex.py for tasks to queue
[2025-10-14 16:02:27,590] {logging_mixin.py:115} INFO - [2025-10-14 16:02:27,590] {dagbag.py:507} INFO - Filling up the DagBag from /root/Projects/etlX/venv/lib/python3.9/site-packages/airflow/example_dags/example_complex.py
[2025-10-14 16:02:27,607] {processor.py:651} INFO - DAG(s) dict_keys(['example_complex']) retrieved from /root/Projects/etlX/venv/lib/python3.9/site-packages/airflow/example_dags/example_complex.py
[2025-10-14 16:02:27,630] {logging_mixin.py:115} INFO - [2025-10-14 16:02:27,630] {dag.py:2379} INFO - Sync 1 DAGs
[2025-10-14 16:02:27,649] {logging_mixin.py:115} INFO - [2025-10-14 16:02:27,648] {dag.py:2927} INFO - Setting next_dagrun for example_complex to None, run_after=None
[2025-10-14 16:02:27,659] {processor.py:161} INFO - Processing /root/Projects/etlX/venv/lib/python3.9/site-packages/airflow/example_dags/example_complex.py took 0.077 seconds
[2025-10-14 16:03:02,729] {processor.py:153} INFO - Started process (PID=20446) to work on /root/Projects/etlX/venv/lib/python3.9/site-packages/airflow/example_dags/example_complex.py
[2025-10-14 16:03:02,729] {processor.py:641} INFO - Processing file /root/Projects/etlX/venv/lib/python3.9/site-packages/airflow/example_dags/example_complex.py for tasks to queue
[2025-10-14 16:03:02,730] {logging_mixin.py:115} INFO - [2025-10-14 16:03:02,730] {dagbag.py:507} INFO - Filling up the DagBag from /root/Projects/etlX/venv/lib/python3.9/site-packages/airflow/example_dags/example_complex.py
[2025-10-14 16:03:02,743] {processor.py:651} INFO - DAG(s) dict_keys(['example_complex']) retrieved from /root/Projects/etlX/venv/lib/python3.9/site-packages/airflow/example_dags/example_complex.py
[2025-10-14 16:03:02,766] {logging_mixin.py:115} INFO - [2025-10-14 16:03:02,766] {dag.py:2379} INFO - Sync 1 DAGs
[2025-10-14 16:03:02,787] {logging_mixin.py:115} INFO - [2025-10-14 16:03:02,787] {dag.py:2927} INFO - Setting next_dagrun for example_complex to None, run_after=None
[2025-10-14 16:03:02,800] {processor.py:161} INFO - Processing /root/Projects/etlX/venv/lib/python3.9/site-packages/airflow/example_dags/example_complex.py took 0.075 seconds
[2025-10-14 16:03:37,887] {processor.py:153} INFO - Started process (PID=20528) to work on /root/Projects/etlX/venv/lib/python3.9/site-packages/airflow/example_dags/example_complex.py
[2025-10-14 16:03:37,888] {processor.py:641} INFO - Processing file /root/Projects/etlX/venv/lib/python3.9/site-packages/airflow/example_dags/example_complex.py for tasks to queue
[2025-10-14 16:03:37,889] {logging_mixin.py:115} INFO - [2025-10-14 16:03:37,888] {dagbag.py:507} INFO - Filling up the DagBag from /root/Projects/etlX/venv/lib/python3.9/site-packages/airflow/example_dags/example_complex.py
[2025-10-14 16:03:37,902] {processor.py:651} INFO - DAG(s) dict_keys(['example_complex']) retrieved from /root/Projects/etlX/venv/lib/python3.9/site-packages/airflow/example_dags/example_complex.py
[2025-10-14 16:03:37,925] {logging_mixin.py:115} INFO - [2025-10-14 16:03:37,925] {dag.py:2379} INFO - Sync 1 DAGs
[2025-10-14 16:03:37,945] {logging_mixin.py:115} INFO - [2025-10-14 16:03:37,945] {dag.py:2927} INFO - Setting next_dagrun for example_complex to None, run_after=None
[2025-10-14 16:03:37,956] {processor.py:161} INFO - Processing /root/Projects/etlX/venv/lib/python3.9/site-packages/airflow/example_dags/example_complex.py took 0.074 seconds
[2025-10-14 16:04:12,426] {processor.py:153} INFO - Started process (PID=20615) to work on /root/Projects/etlX/venv/lib/python3.9/site-packages/airflow/example_dags/example_complex.py
[2025-10-14 16:04:12,427] {processor.py:641} INFO - Processing file /root/Projects/etlX/venv/lib/python3.9/site-packages/airflow/example_dags/example_complex.py for tasks to queue
[2025-10-14 16:04:12,427] {logging_mixin.py:115} INFO - [2025-10-14 16:04:12,427] {dagbag.py:507} INFO - Filling up the DagBag from /root/Projects/etlX/venv/lib/python3.9/site-packages/airflow/example_dags/example_complex.py
[2025-10-14 16:04:12,441] {processor.py:651} INFO - DAG(s) dict_keys(['example_complex']) retrieved from /root/Projects/etlX/venv/lib/python3.9/site-packages/airflow/example_dags/example_complex.py
[2025-10-14 16:04:12,463] {logging_mixin.py:115} INFO - [2025-10-14 16:04:12,463] {dag.py:2379} INFO - Sync 1 DAGs
[2025-10-14 16:04:12,484] {logging_mixin.py:115} INFO - [2025-10-14 16:04:12,484] {dag.py:2927} INFO - Setting next_dagrun for example_complex to None, run_after=None
[2025-10-14 16:04:12,497] {processor.py:161} INFO - Processing /root/Projects/etlX/venv/lib/python3.9/site-packages/airflow/example_dags/example_complex.py took 0.075 seconds
[2025-10-14 16:04:46,012] {processor.py:153} INFO - Started process (PID=20671) to work on /root/Projects/etlX/venv/lib/python3.9/site-packages/airflow/example_dags/example_complex.py
[2025-10-14 16:04:46,013] {processor.py:641} INFO - Processing file /root/Projects/etlX/venv/lib/python3.9/site-packages/airflow/example_dags/example_complex.py for tasks to queue
[2025-10-14 16:04:46,014] {logging_mixin.py:115} INFO - [2025-10-14 16:04:46,014] {dagbag.py:507} INFO - Filling up the DagBag from /root/Projects/etlX/venv/lib/python3.9/site-packages/airflow/example_dags/example_complex.py
[2025-10-14 16:04:46,034] {processor.py:651} INFO - DAG(s) dict_keys(['example_complex']) retrieved from /root/Projects/etlX/venv/lib/python3.9/site-packages/airflow/example_dags/example_complex.py
[2025-10-14 16:04:46,056] {logging_mixin.py:115} INFO - [2025-10-14 16:04:46,055] {dag.py:2379} INFO - Sync 1 DAGs
[2025-10-14 16:04:46,074] {logging_mixin.py:115} INFO - [2025-10-14 16:04:46,074] {dag.py:2927} INFO - Setting next_dagrun for example_complex to None, run_after=None
[2025-10-14 16:04:46,085] {processor.py:161} INFO - Processing /root/Projects/etlX/venv/lib/python3.9/site-packages/airflow/example_dags/example_complex.py took 0.080 seconds
[2025-10-14 16:05:20,877] {processor.py:153} INFO - Started process (PID=20731) to work on /root/Projects/etlX/venv/lib/python3.9/site-packages/airflow/example_dags/example_complex.py
[2025-10-14 16:05:20,879] {processor.py:641} INFO - Processing file /root/Projects/etlX/venv/lib/python3.9/site-packages/airflow/example_dags/example_complex.py for tasks to queue
[2025-10-14 16:05:20,881] {logging_mixin.py:115} INFO - [2025-10-14 16:05:20,880] {dagbag.py:507} INFO - Filling up the DagBag from /root/Projects/etlX/venv/lib/python3.9/site-packages/airflow/example_dags/example_complex.py
[2025-10-14 16:05:20,904] {processor.py:651} INFO - DAG(s) dict_keys(['example_complex']) retrieved from /root/Projects/etlX/venv/lib/python3.9/site-packages/airflow/example_dags/example_complex.py
[2025-10-14 16:05:20,940] {logging_mixin.py:115} INFO - [2025-10-14 16:05:20,940] {dag.py:2379} INFO - Sync 1 DAGs
[2025-10-14 16:05:20,963] {logging_mixin.py:115} INFO - [2025-10-14 16:05:20,963] {dag.py:2927} INFO - Setting next_dagrun for example_complex to None, run_after=None
[2025-10-14 16:05:20,974] {processor.py:161} INFO - Processing /root/Projects/etlX/venv/lib/python3.9/site-packages/airflow/example_dags/example_complex.py took 0.108 seconds
[2025-10-14 16:05:54,948] {processor.py:153} INFO - Started process (PID=20789) to work on /root/Projects/etlX/venv/lib/python3.9/site-packages/airflow/example_dags/example_complex.py
[2025-10-14 16:05:54,949] {processor.py:641} INFO - Processing file /root/Projects/etlX/venv/lib/python3.9/site-packages/airflow/example_dags/example_complex.py for tasks to queue
[2025-10-14 16:05:54,950] {logging_mixin.py:115} INFO - [2025-10-14 16:05:54,949] {dagbag.py:507} INFO - Filling up the DagBag from /root/Projects/etlX/venv/lib/python3.9/site-packages/airflow/example_dags/example_complex.py
[2025-10-14 16:05:54,971] {processor.py:651} INFO - DAG(s) dict_keys(['example_complex']) retrieved from /root/Projects/etlX/venv/lib/python3.9/site-packages/airflow/example_dags/example_complex.py
[2025-10-14 16:05:54,993] {logging_mixin.py:115} INFO - [2025-10-14 16:05:54,993] {dag.py:2379} INFO - Sync 1 DAGs
[2025-10-14 16:05:55,012] {logging_mixin.py:115} INFO - [2025-10-14 16:05:55,011] {dag.py:2927} INFO - Setting next_dagrun for example_complex to None, run_after=None
[2025-10-14 16:05:55,022] {processor.py:161} INFO - Processing /root/Projects/etlX/venv/lib/python3.9/site-packages/airflow/example_dags/example_complex.py took 0.082 seconds
[2025-10-14 16:06:29,425] {processor.py:153} INFO - Started process (PID=20845) to work on /root/Projects/etlX/venv/lib/python3.9/site-packages/airflow/example_dags/example_complex.py
[2025-10-14 16:06:29,425] {processor.py:641} INFO - Processing file /root/Projects/etlX/venv/lib/python3.9/site-packages/airflow/example_dags/example_complex.py for tasks to queue
[2025-10-14 16:06:29,426] {logging_mixin.py:115} INFO - [2025-10-14 16:06:29,426] {dagbag.py:507} INFO - Filling up the DagBag from /root/Projects/etlX/venv/lib/python3.9/site-packages/airflow/example_dags/example_complex.py
[2025-10-14 16:06:29,438] {processor.py:651} INFO - DAG(s) dict_keys(['example_complex']) retrieved from /root/Projects/etlX/venv/lib/python3.9/site-packages/airflow/example_dags/example_complex.py
[2025-10-14 16:06:29,460] {logging_mixin.py:115} INFO - [2025-10-14 16:06:29,460] {dag.py:2379} INFO - Sync 1 DAGs
[2025-10-14 16:06:29,479] {logging_mixin.py:115} INFO - [2025-10-14 16:06:29,479] {dag.py:2927} INFO - Setting next_dagrun for example_complex to None, run_after=None
[2025-10-14 16:06:29,490] {processor.py:161} INFO - Processing /root/Projects/etlX/venv/lib/python3.9/site-packages/airflow/example_dags/example_complex.py took 0.070 seconds
[2025-10-14 16:07:03,733] {processor.py:153} INFO - Started process (PID=20904) to work on /root/Projects/etlX/venv/lib/python3.9/site-packages/airflow/example_dags/example_complex.py
[2025-10-14 16:07:03,733] {processor.py:641} INFO - Processing file /root/Projects/etlX/venv/lib/python3.9/site-packages/airflow/example_dags/example_complex.py for tasks to queue
[2025-10-14 16:07:03,734] {logging_mixin.py:115} INFO - [2025-10-14 16:07:03,734] {dagbag.py:507} INFO - Filling up the DagBag from /root/Projects/etlX/venv/lib/python3.9/site-packages/airflow/example_dags/example_complex.py
[2025-10-14 16:07:03,754] {processor.py:651} INFO - DAG(s) dict_keys(['example_complex']) retrieved from /root/Projects/etlX/venv/lib/python3.9/site-packages/airflow/example_dags/example_complex.py
[2025-10-14 16:07:03,783] {logging_mixin.py:115} INFO - [2025-10-14 16:07:03,783] {dag.py:2379} INFO - Sync 1 DAGs
[2025-10-14 16:07:03,809] {logging_mixin.py:115} INFO - [2025-10-14 16:07:03,809] {dag.py:2927} INFO - Setting next_dagrun for example_complex to None, run_after=None
[2025-10-14 16:07:03,822] {processor.py:161} INFO - Processing /root/Projects/etlX/venv/lib/python3.9/site-packages/airflow/example_dags/example_complex.py took 0.101 seconds
[2025-10-14 16:07:38,958] {processor.py:153} INFO - Started process (PID=21168) to work on /root/Projects/etlX/venv/lib/python3.9/site-packages/airflow/example_dags/example_complex.py
[2025-10-14 16:07:38,958] {processor.py:641} INFO - Processing file /root/Projects/etlX/venv/lib/python3.9/site-packages/airflow/example_dags/example_complex.py for tasks to queue
[2025-10-14 16:07:38,960] {logging_mixin.py:115} INFO - [2025-10-14 16:07:38,960] {dagbag.py:507} INFO - Filling up the DagBag from /root/Projects/etlX/venv/lib/python3.9/site-packages/airflow/example_dags/example_complex.py
[2025-10-14 16:07:38,975] {processor.py:651} INFO - DAG(s) dict_keys(['example_complex']) retrieved from /root/Projects/etlX/venv/lib/python3.9/site-packages/airflow/example_dags/example_complex.py
[2025-10-14 16:07:39,002] {logging_mixin.py:115} INFO - [2025-10-14 16:07:39,001] {dag.py:2379} INFO - Sync 1 DAGs
[2025-10-14 16:07:39,024] {logging_mixin.py:115} INFO - [2025-10-14 16:07:39,024] {dag.py:2927} INFO - Setting next_dagrun for example_complex to None, run_after=None
[2025-10-14 16:07:39,039] {processor.py:161} INFO - Processing /root/Projects/etlX/venv/lib/python3.9/site-packages/airflow/example_dags/example_complex.py took 0.087 seconds
[2025-10-14 16:08:11,464] {processor.py:153} INFO - Started process (PID=21450) to work on /root/Projects/etlX/venv/lib/python3.9/site-packages/airflow/example_dags/example_complex.py
[2025-10-14 16:08:11,465] {processor.py:641} INFO - Processing file /root/Projects/etlX/venv/lib/python3.9/site-packages/airflow/example_dags/example_complex.py for tasks to queue
[2025-10-14 16:08:11,467] {logging_mixin.py:115} INFO - [2025-10-14 16:08:11,466] {dagbag.py:507} INFO - Filling up the DagBag from /root/Projects/etlX/venv/lib/python3.9/site-packages/airflow/example_dags/example_complex.py
[2025-10-14 16:08:11,484] {processor.py:651} INFO - DAG(s) dict_keys(['example_complex']) retrieved from /root/Projects/etlX/venv/lib/python3.9/site-packages/airflow/example_dags/example_complex.py
[2025-10-14 16:08:11,513] {logging_mixin.py:115} INFO - [2025-10-14 16:08:11,513] {dag.py:2379} INFO - Sync 1 DAGs
[2025-10-14 16:08:11,536] {logging_mixin.py:115} INFO - [2025-10-14 16:08:11,535] {dag.py:2927} INFO - Setting next_dagrun for example_complex to None, run_after=None
[2025-10-14 16:08:11,546] {processor.py:161} INFO - Processing /root/Projects/etlX/venv/lib/python3.9/site-packages/airflow/example_dags/example_complex.py took 0.092 seconds
[2025-10-14 16:08:48,827] {processor.py:153} INFO - Started process (PID=21645) to work on /root/Projects/etlX/venv/lib/python3.9/site-packages/airflow/example_dags/example_complex.py
[2025-10-14 16:08:48,828] {processor.py:641} INFO - Processing file /root/Projects/etlX/venv/lib/python3.9/site-packages/airflow/example_dags/example_complex.py for tasks to queue
[2025-10-14 16:08:48,829] {logging_mixin.py:115} INFO - [2025-10-14 16:08:48,829] {dagbag.py:507} INFO - Filling up the DagBag from /root/Projects/etlX/venv/lib/python3.9/site-packages/airflow/example_dags/example_complex.py
[2025-10-14 16:08:48,846] {processor.py:651} INFO - DAG(s) dict_keys(['example_complex']) retrieved from /root/Projects/etlX/venv/lib/python3.9/site-packages/airflow/example_dags/example_complex.py
[2025-10-14 16:08:48,873] {logging_mixin.py:115} INFO - [2025-10-14 16:08:48,873] {dag.py:2379} INFO - Sync 1 DAGs
[2025-10-14 16:08:48,889] {logging_mixin.py:115} INFO - [2025-10-14 16:08:48,889] {dag.py:2927} INFO - Setting next_dagrun for example_complex to None, run_after=None
[2025-10-14 16:08:48,901] {processor.py:161} INFO - Processing /root/Projects/etlX/venv/lib/python3.9/site-packages/airflow/example_dags/example_complex.py took 0.080 seconds
[2025-10-14 16:25:40,009] {processor.py:153} INFO - Started process (PID=22842) to work on /root/Projects/etlX/venv/lib/python3.9/site-packages/airflow/example_dags/example_complex.py
[2025-10-14 16:25:40,009] {processor.py:641} INFO - Processing file /root/Projects/etlX/venv/lib/python3.9/site-packages/airflow/example_dags/example_complex.py for tasks to queue
[2025-10-14 16:25:40,010] {logging_mixin.py:115} INFO - [2025-10-14 16:25:40,010] {dagbag.py:507} INFO - Filling up the DagBag from /root/Projects/etlX/venv/lib/python3.9/site-packages/airflow/example_dags/example_complex.py
[2025-10-14 16:25:40,026] {processor.py:651} INFO - DAG(s) dict_keys(['example_complex']) retrieved from /root/Projects/etlX/venv/lib/python3.9/site-packages/airflow/example_dags/example_complex.py
[2025-10-14 16:25:40,050] {logging_mixin.py:115} INFO - [2025-10-14 16:25:40,050] {dag.py:2379} INFO - Sync 1 DAGs
[2025-10-14 16:25:40,072] {logging_mixin.py:115} INFO - [2025-10-14 16:25:40,072] {dag.py:2927} INFO - Setting next_dagrun for example_complex to None, run_after=None
[2025-10-14 16:25:40,084] {processor.py:161} INFO - Processing /root/Projects/etlX/venv/lib/python3.9/site-packages/airflow/example_dags/example_complex.py took 0.080 seconds
[2025-10-14 16:26:14,874] {processor.py:153} INFO - Started process (PID=22898) to work on /root/Projects/etlX/venv/lib/python3.9/site-packages/airflow/example_dags/example_complex.py
[2025-10-14 16:26:14,875] {processor.py:641} INFO - Processing file /root/Projects/etlX/venv/lib/python3.9/site-packages/airflow/example_dags/example_complex.py for tasks to queue
[2025-10-14 16:26:14,876] {logging_mixin.py:115} INFO - [2025-10-14 16:26:14,876] {dagbag.py:507} INFO - Filling up the DagBag from /root/Projects/etlX/venv/lib/python3.9/site-packages/airflow/example_dags/example_complex.py
[2025-10-14 16:26:14,888] {processor.py:651} INFO - DAG(s) dict_keys(['example_complex']) retrieved from /root/Projects/etlX/venv/lib/python3.9/site-packages/airflow/example_dags/example_complex.py
[2025-10-14 16:26:14,911] {logging_mixin.py:115} INFO - [2025-10-14 16:26:14,911] {dag.py:2379} INFO - Sync 1 DAGs
[2025-10-14 16:26:14,931] {logging_mixin.py:115} INFO - [2025-10-14 16:26:14,931] {dag.py:2927} INFO - Setting next_dagrun for example_complex to None, run_after=None
[2025-10-14 16:26:14,941] {processor.py:161} INFO - Processing /root/Projects/etlX/venv/lib/python3.9/site-packages/airflow/example_dags/example_complex.py took 0.071 seconds
[2025-10-14 16:26:48,472] {processor.py:153} INFO - Started process (PID=22955) to work on /root/Projects/etlX/venv/lib/python3.9/site-packages/airflow/example_dags/example_complex.py
[2025-10-14 16:26:48,473] {processor.py:641} INFO - Processing file /root/Projects/etlX/venv/lib/python3.9/site-packages/airflow/example_dags/example_complex.py for tasks to queue
[2025-10-14 16:26:48,473] {logging_mixin.py:115} INFO - [2025-10-14 16:26:48,473] {dagbag.py:507} INFO - Filling up the DagBag from /root/Projects/etlX/venv/lib/python3.9/site-packages/airflow/example_dags/example_complex.py
[2025-10-14 16:26:48,492] {processor.py:651} INFO - DAG(s) dict_keys(['example_complex']) retrieved from /root/Projects/etlX/venv/lib/python3.9/site-packages/airflow/example_dags/example_complex.py
[2025-10-14 16:26:48,514] {logging_mixin.py:115} INFO - [2025-10-14 16:26:48,514] {dag.py:2379} INFO - Sync 1 DAGs
[2025-10-14 16:26:48,534] {logging_mixin.py:115} INFO - [2025-10-14 16:26:48,534] {dag.py:2927} INFO - Setting next_dagrun for example_complex to None, run_after=None
[2025-10-14 16:26:48,546] {processor.py:161} INFO - Processing /root/Projects/etlX/venv/lib/python3.9/site-packages/airflow/example_dags/example_complex.py took 0.080 seconds
[2025-10-14 16:27:23,004] {processor.py:153} INFO - Started process (PID=23013) to work on /root/Projects/etlX/venv/lib/python3.9/site-packages/airflow/example_dags/example_complex.py
[2025-10-14 16:27:23,005] {processor.py:641} INFO - Processing file /root/Projects/etlX/venv/lib/python3.9/site-packages/airflow/example_dags/example_complex.py for tasks to queue
[2025-10-14 16:27:23,006] {logging_mixin.py:115} INFO - [2025-10-14 16:27:23,006] {dagbag.py:507} INFO - Filling up the DagBag from /root/Projects/etlX/venv/lib/python3.9/site-packages/airflow/example_dags/example_complex.py
[2025-10-14 16:27:23,023] {processor.py:651} INFO - DAG(s) dict_keys(['example_complex']) retrieved from /root/Projects/etlX/venv/lib/python3.9/site-packages/airflow/example_dags/example_complex.py
[2025-10-14 16:27:23,047] {logging_mixin.py:115} INFO - [2025-10-14 16:27:23,047] {dag.py:2379} INFO - Sync 1 DAGs
[2025-10-14 16:27:23,067] {logging_mixin.py:115} INFO - [2025-10-14 16:27:23,067] {dag.py:2927} INFO - Setting next_dagrun for example_complex to None, run_after=None
[2025-10-14 16:27:23,078] {processor.py:161} INFO - Processing /root/Projects/etlX/venv/lib/python3.9/site-packages/airflow/example_dags/example_complex.py took 0.080 seconds
[2025-10-14 16:27:58,101] {processor.py:153} INFO - Started process (PID=23175) to work on /root/Projects/etlX/venv/lib/python3.9/site-packages/airflow/example_dags/example_complex.py
[2025-10-14 16:27:58,102] {processor.py:641} INFO - Processing file /root/Projects/etlX/venv/lib/python3.9/site-packages/airflow/example_dags/example_complex.py for tasks to queue
[2025-10-14 16:27:58,102] {logging_mixin.py:115} INFO - [2025-10-14 16:27:58,102] {dagbag.py:507} INFO - Filling up the DagBag from /root/Projects/etlX/venv/lib/python3.9/site-packages/airflow/example_dags/example_complex.py
[2025-10-14 16:27:58,114] {processor.py:651} INFO - DAG(s) dict_keys(['example_complex']) retrieved from /root/Projects/etlX/venv/lib/python3.9/site-packages/airflow/example_dags/example_complex.py
[2025-10-14 16:27:58,137] {logging_mixin.py:115} INFO - [2025-10-14 16:27:58,136] {dag.py:2379} INFO - Sync 1 DAGs
[2025-10-14 16:27:58,155] {logging_mixin.py:115} INFO - [2025-10-14 16:27:58,155] {dag.py:2927} INFO - Setting next_dagrun for example_complex to None, run_after=None
[2025-10-14 16:27:58,165] {processor.py:161} INFO - Processing /root/Projects/etlX/venv/lib/python3.9/site-packages/airflow/example_dags/example_complex.py took 0.068 seconds
[2025-10-14 16:28:34,853] {processor.py:153} INFO - Started process (PID=23338) to work on /root/Projects/etlX/venv/lib/python3.9/site-packages/airflow/example_dags/example_complex.py
[2025-10-14 16:28:34,854] {processor.py:641} INFO - Processing file /root/Projects/etlX/venv/lib/python3.9/site-packages/airflow/example_dags/example_complex.py for tasks to queue
[2025-10-14 16:28:34,854] {logging_mixin.py:115} INFO - [2025-10-14 16:28:34,854] {dagbag.py:507} INFO - Filling up the DagBag from /root/Projects/etlX/venv/lib/python3.9/site-packages/airflow/example_dags/example_complex.py
[2025-10-14 16:28:34,869] {processor.py:651} INFO - DAG(s) dict_keys(['example_complex']) retrieved from /root/Projects/etlX/venv/lib/python3.9/site-packages/airflow/example_dags/example_complex.py
[2025-10-14 16:28:34,892] {logging_mixin.py:115} INFO - [2025-10-14 16:28:34,892] {dag.py:2379} INFO - Sync 1 DAGs
[2025-10-14 16:28:34,910] {logging_mixin.py:115} INFO - [2025-10-14 16:28:34,910] {dag.py:2927} INFO - Setting next_dagrun for example_complex to None, run_after=None
[2025-10-14 16:28:34,921] {processor.py:161} INFO - Processing /root/Projects/etlX/venv/lib/python3.9/site-packages/airflow/example_dags/example_complex.py took 0.073 seconds
[2025-10-14 16:29:07,806] {processor.py:153} INFO - Started process (PID=23444) to work on /root/Projects/etlX/venv/lib/python3.9/site-packages/airflow/example_dags/example_complex.py
[2025-10-14 16:29:07,807] {processor.py:641} INFO - Processing file /root/Projects/etlX/venv/lib/python3.9/site-packages/airflow/example_dags/example_complex.py for tasks to queue
[2025-10-14 16:29:07,808] {logging_mixin.py:115} INFO - [2025-10-14 16:29:07,808] {dagbag.py:507} INFO - Filling up the DagBag from /root/Projects/etlX/venv/lib/python3.9/site-packages/airflow/example_dags/example_complex.py
[2025-10-14 16:29:07,821] {processor.py:651} INFO - DAG(s) dict_keys(['example_complex']) retrieved from /root/Projects/etlX/venv/lib/python3.9/site-packages/airflow/example_dags/example_complex.py
[2025-10-14 16:29:07,845] {logging_mixin.py:115} INFO - [2025-10-14 16:29:07,845] {dag.py:2379} INFO - Sync 1 DAGs
[2025-10-14 16:29:07,864] {logging_mixin.py:115} INFO - [2025-10-14 16:29:07,864] {dag.py:2927} INFO - Setting next_dagrun for example_complex to None, run_after=None
[2025-10-14 16:29:07,875] {processor.py:161} INFO - Processing /root/Projects/etlX/venv/lib/python3.9/site-packages/airflow/example_dags/example_complex.py took 0.075 seconds
[2025-10-14 16:29:43,781] {processor.py:153} INFO - Started process (PID=23614) to work on /root/Projects/etlX/venv/lib/python3.9/site-packages/airflow/example_dags/example_complex.py
[2025-10-14 16:29:43,782] {processor.py:641} INFO - Processing file /root/Projects/etlX/venv/lib/python3.9/site-packages/airflow/example_dags/example_complex.py for tasks to queue
[2025-10-14 16:29:43,783] {logging_mixin.py:115} INFO - [2025-10-14 16:29:43,783] {dagbag.py:507} INFO - Filling up the DagBag from /root/Projects/etlX/venv/lib/python3.9/site-packages/airflow/example_dags/example_complex.py
[2025-10-14 16:29:43,796] {processor.py:651} INFO - DAG(s) dict_keys(['example_complex']) retrieved from /root/Projects/etlX/venv/lib/python3.9/site-packages/airflow/example_dags/example_complex.py
[2025-10-14 16:29:43,819] {logging_mixin.py:115} INFO - [2025-10-14 16:29:43,819] {dag.py:2379} INFO - Sync 1 DAGs
[2025-10-14 16:29:43,838] {logging_mixin.py:115} INFO - [2025-10-14 16:29:43,838] {dag.py:2927} INFO - Setting next_dagrun for example_complex to None, run_after=None
[2025-10-14 16:29:43,850] {processor.py:161} INFO - Processing /root/Projects/etlX/venv/lib/python3.9/site-packages/airflow/example_dags/example_complex.py took 0.073 seconds
