[2025-10-14 14:56:56,348] {processor.py:153} INFO - Started process (PID=13152) to work on /root/Projects/etlX/venv/lib/python3.9/site-packages/airflow/example_dags/example_xcomargs.py
[2025-10-14 14:56:56,349] {processor.py:641} INFO - Processing file /root/Projects/etlX/venv/lib/python3.9/site-packages/airflow/example_dags/example_xcomargs.py for tasks to queue
[2025-10-14 14:56:56,349] {logging_mixin.py:115} INFO - [2025-10-14 14:56:56,349] {dagbag.py:507} INFO - Filling up the DagBag from /root/Projects/etlX/venv/lib/python3.9/site-packages/airflow/example_dags/example_xcomargs.py
[2025-10-14 14:56:56,374] {processor.py:651} INFO - DAG(s) dict_keys(['example_xcom_args', 'example_xcom_args_with_operators']) retrieved from /root/Projects/etlX/venv/lib/python3.9/site-packages/airflow/example_dags/example_xcomargs.py
[2025-10-14 14:56:56,441] {logging_mixin.py:115} INFO - [2025-10-14 14:56:56,441] {manager.py:508} INFO - Created Permission View: can read on DAG:example_xcom_args
[2025-10-14 14:56:56,451] {logging_mixin.py:115} INFO - [2025-10-14 14:56:56,451] {manager.py:508} INFO - Created Permission View: can edit on DAG:example_xcom_args
[2025-10-14 14:56:56,457] {logging_mixin.py:115} INFO - [2025-10-14 14:56:56,457] {manager.py:508} INFO - Created Permission View: can delete on DAG:example_xcom_args
[2025-10-14 14:56:56,473] {logging_mixin.py:115} INFO - [2025-10-14 14:56:56,472] {manager.py:508} INFO - Created Permission View: can read on DAG:example_xcom_args_with_operators
[2025-10-14 14:56:56,480] {logging_mixin.py:115} INFO - [2025-10-14 14:56:56,480] {manager.py:508} INFO - Created Permission View: can edit on DAG:example_xcom_args_with_operators
[2025-10-14 14:56:56,487] {logging_mixin.py:115} INFO - [2025-10-14 14:56:56,487] {manager.py:508} INFO - Created Permission View: can delete on DAG:example_xcom_args_with_operators
[2025-10-14 14:56:56,487] {logging_mixin.py:115} INFO - [2025-10-14 14:56:56,487] {dag.py:2379} INFO - Sync 2 DAGs
[2025-10-14 14:56:56,494] {logging_mixin.py:115} INFO - [2025-10-14 14:56:56,494] {dag.py:2398} INFO - Creating ORM DAG for example_xcom_args
[2025-10-14 14:56:56,494] {logging_mixin.py:115} INFO - [2025-10-14 14:56:56,494] {dag.py:2398} INFO - Creating ORM DAG for example_xcom_args_with_operators
[2025-10-14 14:56:56,502] {logging_mixin.py:115} INFO - [2025-10-14 14:56:56,502] {dag.py:2927} INFO - Setting next_dagrun for example_xcom_args to None, run_after=None
[2025-10-14 14:56:56,502] {logging_mixin.py:115} INFO - [2025-10-14 14:56:56,502] {dag.py:2927} INFO - Setting next_dagrun for example_xcom_args_with_operators to None, run_after=None
[2025-10-14 14:56:56,517] {processor.py:161} INFO - Processing /root/Projects/etlX/venv/lib/python3.9/site-packages/airflow/example_dags/example_xcomargs.py took 0.174 seconds
[2025-10-14 14:57:34,786] {processor.py:153} INFO - Started process (PID=13519) to work on /root/Projects/etlX/venv/lib/python3.9/site-packages/airflow/example_dags/example_xcomargs.py
[2025-10-14 14:57:34,786] {processor.py:641} INFO - Processing file /root/Projects/etlX/venv/lib/python3.9/site-packages/airflow/example_dags/example_xcomargs.py for tasks to queue
[2025-10-14 14:57:34,787] {logging_mixin.py:115} INFO - [2025-10-14 14:57:34,787] {dagbag.py:507} INFO - Filling up the DagBag from /root/Projects/etlX/venv/lib/python3.9/site-packages/airflow/example_dags/example_xcomargs.py
[2025-10-14 14:57:34,812] {processor.py:651} INFO - DAG(s) dict_keys(['example_xcom_args', 'example_xcom_args_with_operators']) retrieved from /root/Projects/etlX/venv/lib/python3.9/site-packages/airflow/example_dags/example_xcomargs.py
[2025-10-14 14:57:34,866] {logging_mixin.py:115} INFO - [2025-10-14 14:57:34,866] {dag.py:2379} INFO - Sync 2 DAGs
[2025-10-14 14:57:34,882] {logging_mixin.py:115} INFO - [2025-10-14 14:57:34,882] {dag.py:2927} INFO - Setting next_dagrun for example_xcom_args to None, run_after=None
[2025-10-14 14:57:34,882] {logging_mixin.py:115} INFO - [2025-10-14 14:57:34,882] {dag.py:2927} INFO - Setting next_dagrun for example_xcom_args_with_operators to None, run_after=None
[2025-10-14 14:57:34,896] {processor.py:161} INFO - Processing /root/Projects/etlX/venv/lib/python3.9/site-packages/airflow/example_dags/example_xcomargs.py took 0.115 seconds
[2025-10-14 14:58:09,308] {processor.py:153} INFO - Started process (PID=13679) to work on /root/Projects/etlX/venv/lib/python3.9/site-packages/airflow/example_dags/example_xcomargs.py
[2025-10-14 14:58:09,309] {processor.py:641} INFO - Processing file /root/Projects/etlX/venv/lib/python3.9/site-packages/airflow/example_dags/example_xcomargs.py for tasks to queue
[2025-10-14 14:58:09,309] {logging_mixin.py:115} INFO - [2025-10-14 14:58:09,309] {dagbag.py:507} INFO - Filling up the DagBag from /root/Projects/etlX/venv/lib/python3.9/site-packages/airflow/example_dags/example_xcomargs.py
[2025-10-14 14:58:09,330] {processor.py:651} INFO - DAG(s) dict_keys(['example_xcom_args', 'example_xcom_args_with_operators']) retrieved from /root/Projects/etlX/venv/lib/python3.9/site-packages/airflow/example_dags/example_xcomargs.py
[2025-10-14 14:58:09,376] {logging_mixin.py:115} INFO - [2025-10-14 14:58:09,376] {dag.py:2379} INFO - Sync 2 DAGs
[2025-10-14 14:58:09,389] {logging_mixin.py:115} INFO - [2025-10-14 14:58:09,389] {dag.py:2927} INFO - Setting next_dagrun for example_xcom_args to None, run_after=None
[2025-10-14 14:58:09,389] {logging_mixin.py:115} INFO - [2025-10-14 14:58:09,389] {dag.py:2927} INFO - Setting next_dagrun for example_xcom_args_with_operators to None, run_after=None
[2025-10-14 14:58:09,399] {processor.py:161} INFO - Processing /root/Projects/etlX/venv/lib/python3.9/site-packages/airflow/example_dags/example_xcomargs.py took 0.095 seconds
[2025-10-14 14:58:43,163] {processor.py:153} INFO - Started process (PID=13734) to work on /root/Projects/etlX/venv/lib/python3.9/site-packages/airflow/example_dags/example_xcomargs.py
[2025-10-14 14:58:43,164] {processor.py:641} INFO - Processing file /root/Projects/etlX/venv/lib/python3.9/site-packages/airflow/example_dags/example_xcomargs.py for tasks to queue
[2025-10-14 14:58:43,165] {logging_mixin.py:115} INFO - [2025-10-14 14:58:43,165] {dagbag.py:507} INFO - Filling up the DagBag from /root/Projects/etlX/venv/lib/python3.9/site-packages/airflow/example_dags/example_xcomargs.py
[2025-10-14 14:58:43,190] {processor.py:651} INFO - DAG(s) dict_keys(['example_xcom_args', 'example_xcom_args_with_operators']) retrieved from /root/Projects/etlX/venv/lib/python3.9/site-packages/airflow/example_dags/example_xcomargs.py
[2025-10-14 14:58:43,213] {logging_mixin.py:115} INFO - [2025-10-14 14:58:43,212] {dag.py:2379} INFO - Sync 2 DAGs
[2025-10-14 14:58:43,228] {logging_mixin.py:115} INFO - [2025-10-14 14:58:43,228] {dag.py:2927} INFO - Setting next_dagrun for example_xcom_args to None, run_after=None
[2025-10-14 14:58:43,228] {logging_mixin.py:115} INFO - [2025-10-14 14:58:43,228] {dag.py:2927} INFO - Setting next_dagrun for example_xcom_args_with_operators to None, run_after=None
[2025-10-14 14:58:43,239] {processor.py:161} INFO - Processing /root/Projects/etlX/venv/lib/python3.9/site-packages/airflow/example_dags/example_xcomargs.py took 0.081 seconds
[2025-10-14 14:59:16,541] {processor.py:153} INFO - Started process (PID=13945) to work on /root/Projects/etlX/venv/lib/python3.9/site-packages/airflow/example_dags/example_xcomargs.py
[2025-10-14 14:59:16,541] {processor.py:641} INFO - Processing file /root/Projects/etlX/venv/lib/python3.9/site-packages/airflow/example_dags/example_xcomargs.py for tasks to queue
[2025-10-14 14:59:16,542] {logging_mixin.py:115} INFO - [2025-10-14 14:59:16,542] {dagbag.py:507} INFO - Filling up the DagBag from /root/Projects/etlX/venv/lib/python3.9/site-packages/airflow/example_dags/example_xcomargs.py
[2025-10-14 14:59:16,563] {processor.py:651} INFO - DAG(s) dict_keys(['example_xcom_args', 'example_xcom_args_with_operators']) retrieved from /root/Projects/etlX/venv/lib/python3.9/site-packages/airflow/example_dags/example_xcomargs.py
[2025-10-14 14:59:16,608] {logging_mixin.py:115} INFO - [2025-10-14 14:59:16,608] {dag.py:2379} INFO - Sync 2 DAGs
[2025-10-14 14:59:16,621] {logging_mixin.py:115} INFO - [2025-10-14 14:59:16,621] {dag.py:2927} INFO - Setting next_dagrun for example_xcom_args to None, run_after=None
[2025-10-14 14:59:16,621] {logging_mixin.py:115} INFO - [2025-10-14 14:59:16,621] {dag.py:2927} INFO - Setting next_dagrun for example_xcom_args_with_operators to None, run_after=None
[2025-10-14 14:59:16,632] {processor.py:161} INFO - Processing /root/Projects/etlX/venv/lib/python3.9/site-packages/airflow/example_dags/example_xcomargs.py took 0.096 seconds
[2025-10-14 14:59:49,212] {processor.py:153} INFO - Started process (PID=14001) to work on /root/Projects/etlX/venv/lib/python3.9/site-packages/airflow/example_dags/example_xcomargs.py
[2025-10-14 14:59:49,213] {processor.py:641} INFO - Processing file /root/Projects/etlX/venv/lib/python3.9/site-packages/airflow/example_dags/example_xcomargs.py for tasks to queue
[2025-10-14 14:59:49,214] {logging_mixin.py:115} INFO - [2025-10-14 14:59:49,213] {dagbag.py:507} INFO - Filling up the DagBag from /root/Projects/etlX/venv/lib/python3.9/site-packages/airflow/example_dags/example_xcomargs.py
[2025-10-14 14:59:49,238] {processor.py:651} INFO - DAG(s) dict_keys(['example_xcom_args', 'example_xcom_args_with_operators']) retrieved from /root/Projects/etlX/venv/lib/python3.9/site-packages/airflow/example_dags/example_xcomargs.py
[2025-10-14 14:59:49,289] {logging_mixin.py:115} INFO - [2025-10-14 14:59:49,289] {dag.py:2379} INFO - Sync 2 DAGs
[2025-10-14 14:59:49,304] {logging_mixin.py:115} INFO - [2025-10-14 14:59:49,304] {dag.py:2927} INFO - Setting next_dagrun for example_xcom_args to None, run_after=None
[2025-10-14 14:59:49,304] {logging_mixin.py:115} INFO - [2025-10-14 14:59:49,304] {dag.py:2927} INFO - Setting next_dagrun for example_xcom_args_with_operators to None, run_after=None
[2025-10-14 14:59:49,317] {processor.py:161} INFO - Processing /root/Projects/etlX/venv/lib/python3.9/site-packages/airflow/example_dags/example_xcomargs.py took 0.110 seconds
[2025-10-14 15:00:19,852] {processor.py:153} INFO - Started process (PID=14051) to work on /root/Projects/etlX/venv/lib/python3.9/site-packages/airflow/example_dags/example_xcomargs.py
[2025-10-14 15:00:19,852] {processor.py:641} INFO - Processing file /root/Projects/etlX/venv/lib/python3.9/site-packages/airflow/example_dags/example_xcomargs.py for tasks to queue
[2025-10-14 15:00:19,853] {logging_mixin.py:115} INFO - [2025-10-14 15:00:19,853] {dagbag.py:507} INFO - Filling up the DagBag from /root/Projects/etlX/venv/lib/python3.9/site-packages/airflow/example_dags/example_xcomargs.py
[2025-10-14 15:00:19,880] {processor.py:651} INFO - DAG(s) dict_keys(['example_xcom_args', 'example_xcom_args_with_operators']) retrieved from /root/Projects/etlX/venv/lib/python3.9/site-packages/airflow/example_dags/example_xcomargs.py
[2025-10-14 15:00:19,964] {logging_mixin.py:115} INFO - [2025-10-14 15:00:19,964] {dag.py:2379} INFO - Sync 2 DAGs
[2025-10-14 15:00:19,977] {logging_mixin.py:115} INFO - [2025-10-14 15:00:19,977] {dag.py:2927} INFO - Setting next_dagrun for example_xcom_args to None, run_after=None
[2025-10-14 15:00:19,977] {logging_mixin.py:115} INFO - [2025-10-14 15:00:19,977] {dag.py:2927} INFO - Setting next_dagrun for example_xcom_args_with_operators to None, run_after=None
[2025-10-14 15:00:19,989] {processor.py:161} INFO - Processing /root/Projects/etlX/venv/lib/python3.9/site-packages/airflow/example_dags/example_xcomargs.py took 0.144 seconds
[2025-10-14 15:00:52,790] {processor.py:153} INFO - Started process (PID=14261) to work on /root/Projects/etlX/venv/lib/python3.9/site-packages/airflow/example_dags/example_xcomargs.py
[2025-10-14 15:00:52,790] {processor.py:641} INFO - Processing file /root/Projects/etlX/venv/lib/python3.9/site-packages/airflow/example_dags/example_xcomargs.py for tasks to queue
[2025-10-14 15:00:52,791] {logging_mixin.py:115} INFO - [2025-10-14 15:00:52,791] {dagbag.py:507} INFO - Filling up the DagBag from /root/Projects/etlX/venv/lib/python3.9/site-packages/airflow/example_dags/example_xcomargs.py
[2025-10-14 15:00:52,814] {processor.py:651} INFO - DAG(s) dict_keys(['example_xcom_args', 'example_xcom_args_with_operators']) retrieved from /root/Projects/etlX/venv/lib/python3.9/site-packages/airflow/example_dags/example_xcomargs.py
[2025-10-14 15:00:52,873] {logging_mixin.py:115} INFO - [2025-10-14 15:00:52,873] {dag.py:2379} INFO - Sync 2 DAGs
[2025-10-14 15:00:52,891] {logging_mixin.py:115} INFO - [2025-10-14 15:00:52,891] {dag.py:2927} INFO - Setting next_dagrun for example_xcom_args to None, run_after=None
[2025-10-14 15:00:52,891] {logging_mixin.py:115} INFO - [2025-10-14 15:00:52,891] {dag.py:2927} INFO - Setting next_dagrun for example_xcom_args_with_operators to None, run_after=None
[2025-10-14 15:00:52,906] {processor.py:161} INFO - Processing /root/Projects/etlX/venv/lib/python3.9/site-packages/airflow/example_dags/example_xcomargs.py took 0.120 seconds
[2025-10-14 15:01:26,629] {processor.py:153} INFO - Started process (PID=14469) to work on /root/Projects/etlX/venv/lib/python3.9/site-packages/airflow/example_dags/example_xcomargs.py
[2025-10-14 15:01:26,630] {processor.py:641} INFO - Processing file /root/Projects/etlX/venv/lib/python3.9/site-packages/airflow/example_dags/example_xcomargs.py for tasks to queue
[2025-10-14 15:01:26,631] {logging_mixin.py:115} INFO - [2025-10-14 15:01:26,631] {dagbag.py:507} INFO - Filling up the DagBag from /root/Projects/etlX/venv/lib/python3.9/site-packages/airflow/example_dags/example_xcomargs.py
[2025-10-14 15:01:26,658] {processor.py:651} INFO - DAG(s) dict_keys(['example_xcom_args', 'example_xcom_args_with_operators']) retrieved from /root/Projects/etlX/venv/lib/python3.9/site-packages/airflow/example_dags/example_xcomargs.py
[2025-10-14 15:01:26,707] {logging_mixin.py:115} INFO - [2025-10-14 15:01:26,706] {dag.py:2379} INFO - Sync 2 DAGs
[2025-10-14 15:01:26,723] {logging_mixin.py:115} INFO - [2025-10-14 15:01:26,723] {dag.py:2927} INFO - Setting next_dagrun for example_xcom_args to None, run_after=None
[2025-10-14 15:01:26,723] {logging_mixin.py:115} INFO - [2025-10-14 15:01:26,723] {dag.py:2927} INFO - Setting next_dagrun for example_xcom_args_with_operators to None, run_after=None
[2025-10-14 15:01:26,735] {processor.py:161} INFO - Processing /root/Projects/etlX/venv/lib/python3.9/site-packages/airflow/example_dags/example_xcomargs.py took 0.111 seconds
[2025-10-14 15:02:00,727] {processor.py:153} INFO - Started process (PID=14754) to work on /root/Projects/etlX/venv/lib/python3.9/site-packages/airflow/example_dags/example_xcomargs.py
[2025-10-14 15:02:00,728] {processor.py:641} INFO - Processing file /root/Projects/etlX/venv/lib/python3.9/site-packages/airflow/example_dags/example_xcomargs.py for tasks to queue
[2025-10-14 15:02:00,728] {logging_mixin.py:115} INFO - [2025-10-14 15:02:00,728] {dagbag.py:507} INFO - Filling up the DagBag from /root/Projects/etlX/venv/lib/python3.9/site-packages/airflow/example_dags/example_xcomargs.py
[2025-10-14 15:02:00,754] {processor.py:651} INFO - DAG(s) dict_keys(['example_xcom_args', 'example_xcom_args_with_operators']) retrieved from /root/Projects/etlX/venv/lib/python3.9/site-packages/airflow/example_dags/example_xcomargs.py
[2025-10-14 15:02:00,838] {logging_mixin.py:115} INFO - [2025-10-14 15:02:00,838] {dag.py:2379} INFO - Sync 2 DAGs
[2025-10-14 15:02:00,853] {logging_mixin.py:115} INFO - [2025-10-14 15:02:00,853] {dag.py:2927} INFO - Setting next_dagrun for example_xcom_args to None, run_after=None
[2025-10-14 15:02:00,853] {logging_mixin.py:115} INFO - [2025-10-14 15:02:00,853] {dag.py:2927} INFO - Setting next_dagrun for example_xcom_args_with_operators to None, run_after=None
[2025-10-14 15:02:00,866] {processor.py:161} INFO - Processing /root/Projects/etlX/venv/lib/python3.9/site-packages/airflow/example_dags/example_xcomargs.py took 0.144 seconds
[2025-10-14 15:02:34,305] {processor.py:153} INFO - Started process (PID=14840) to work on /root/Projects/etlX/venv/lib/python3.9/site-packages/airflow/example_dags/example_xcomargs.py
[2025-10-14 15:02:34,305] {processor.py:641} INFO - Processing file /root/Projects/etlX/venv/lib/python3.9/site-packages/airflow/example_dags/example_xcomargs.py for tasks to queue
[2025-10-14 15:02:34,306] {logging_mixin.py:115} INFO - [2025-10-14 15:02:34,306] {dagbag.py:507} INFO - Filling up the DagBag from /root/Projects/etlX/venv/lib/python3.9/site-packages/airflow/example_dags/example_xcomargs.py
[2025-10-14 15:02:34,329] {processor.py:651} INFO - DAG(s) dict_keys(['example_xcom_args', 'example_xcom_args_with_operators']) retrieved from /root/Projects/etlX/venv/lib/python3.9/site-packages/airflow/example_dags/example_xcomargs.py
[2025-10-14 15:02:34,355] {logging_mixin.py:115} INFO - [2025-10-14 15:02:34,355] {dag.py:2379} INFO - Sync 2 DAGs
[2025-10-14 15:02:34,374] {logging_mixin.py:115} INFO - [2025-10-14 15:02:34,374] {dag.py:2927} INFO - Setting next_dagrun for example_xcom_args to None, run_after=None
[2025-10-14 15:02:34,374] {logging_mixin.py:115} INFO - [2025-10-14 15:02:34,374] {dag.py:2927} INFO - Setting next_dagrun for example_xcom_args_with_operators to None, run_after=None
[2025-10-14 15:02:34,389] {processor.py:161} INFO - Processing /root/Projects/etlX/venv/lib/python3.9/site-packages/airflow/example_dags/example_xcomargs.py took 0.089 seconds
[2025-10-14 15:03:04,708] {processor.py:153} INFO - Started process (PID=14994) to work on /root/Projects/etlX/venv/lib/python3.9/site-packages/airflow/example_dags/example_xcomargs.py
[2025-10-14 15:03:04,710] {processor.py:641} INFO - Processing file /root/Projects/etlX/venv/lib/python3.9/site-packages/airflow/example_dags/example_xcomargs.py for tasks to queue
[2025-10-14 15:03:04,710] {logging_mixin.py:115} INFO - [2025-10-14 15:03:04,710] {dagbag.py:507} INFO - Filling up the DagBag from /root/Projects/etlX/venv/lib/python3.9/site-packages/airflow/example_dags/example_xcomargs.py
[2025-10-14 15:03:04,732] {processor.py:651} INFO - DAG(s) dict_keys(['example_xcom_args', 'example_xcom_args_with_operators']) retrieved from /root/Projects/etlX/venv/lib/python3.9/site-packages/airflow/example_dags/example_xcomargs.py
[2025-10-14 15:03:04,758] {logging_mixin.py:115} INFO - [2025-10-14 15:03:04,758] {dag.py:2379} INFO - Sync 2 DAGs
[2025-10-14 15:03:04,776] {logging_mixin.py:115} INFO - [2025-10-14 15:03:04,775] {dag.py:2927} INFO - Setting next_dagrun for example_xcom_args to None, run_after=None
[2025-10-14 15:03:04,776] {logging_mixin.py:115} INFO - [2025-10-14 15:03:04,776] {dag.py:2927} INFO - Setting next_dagrun for example_xcom_args_with_operators to None, run_after=None
[2025-10-14 15:03:04,790] {processor.py:161} INFO - Processing /root/Projects/etlX/venv/lib/python3.9/site-packages/airflow/example_dags/example_xcomargs.py took 0.086 seconds
[2025-10-14 15:09:46,971] {processor.py:153} INFO - Started process (PID=15716) to work on /root/Projects/etlX/venv/lib/python3.9/site-packages/airflow/example_dags/example_xcomargs.py
[2025-10-14 15:09:46,972] {processor.py:641} INFO - Processing file /root/Projects/etlX/venv/lib/python3.9/site-packages/airflow/example_dags/example_xcomargs.py for tasks to queue
[2025-10-14 15:09:46,972] {logging_mixin.py:115} INFO - [2025-10-14 15:09:46,972] {dagbag.py:507} INFO - Filling up the DagBag from /root/Projects/etlX/venv/lib/python3.9/site-packages/airflow/example_dags/example_xcomargs.py
[2025-10-14 15:09:47,001] {processor.py:651} INFO - DAG(s) dict_keys(['example_xcom_args', 'example_xcom_args_with_operators']) retrieved from /root/Projects/etlX/venv/lib/python3.9/site-packages/airflow/example_dags/example_xcomargs.py
[2025-10-14 15:09:47,059] {logging_mixin.py:115} INFO - [2025-10-14 15:09:47,059] {dag.py:2379} INFO - Sync 2 DAGs
[2025-10-14 15:09:47,075] {logging_mixin.py:115} INFO - [2025-10-14 15:09:47,075] {dag.py:2927} INFO - Setting next_dagrun for example_xcom_args to None, run_after=None
[2025-10-14 15:09:47,075] {logging_mixin.py:115} INFO - [2025-10-14 15:09:47,075] {dag.py:2927} INFO - Setting next_dagrun for example_xcom_args_with_operators to None, run_after=None
[2025-10-14 15:09:47,091] {processor.py:161} INFO - Processing /root/Projects/etlX/venv/lib/python3.9/site-packages/airflow/example_dags/example_xcomargs.py took 0.125 seconds
[2025-10-14 15:10:22,062] {processor.py:153} INFO - Started process (PID=15927) to work on /root/Projects/etlX/venv/lib/python3.9/site-packages/airflow/example_dags/example_xcomargs.py
[2025-10-14 15:10:22,062] {processor.py:641} INFO - Processing file /root/Projects/etlX/venv/lib/python3.9/site-packages/airflow/example_dags/example_xcomargs.py for tasks to queue
[2025-10-14 15:10:22,063] {logging_mixin.py:115} INFO - [2025-10-14 15:10:22,063] {dagbag.py:507} INFO - Filling up the DagBag from /root/Projects/etlX/venv/lib/python3.9/site-packages/airflow/example_dags/example_xcomargs.py
[2025-10-14 15:10:22,085] {processor.py:651} INFO - DAG(s) dict_keys(['example_xcom_args', 'example_xcom_args_with_operators']) retrieved from /root/Projects/etlX/venv/lib/python3.9/site-packages/airflow/example_dags/example_xcomargs.py
[2025-10-14 15:10:22,135] {logging_mixin.py:115} INFO - [2025-10-14 15:10:22,135] {dag.py:2379} INFO - Sync 2 DAGs
[2025-10-14 15:10:22,149] {logging_mixin.py:115} INFO - [2025-10-14 15:10:22,149] {dag.py:2927} INFO - Setting next_dagrun for example_xcom_args to None, run_after=None
[2025-10-14 15:10:22,149] {logging_mixin.py:115} INFO - [2025-10-14 15:10:22,149] {dag.py:2927} INFO - Setting next_dagrun for example_xcom_args_with_operators to None, run_after=None
[2025-10-14 15:10:22,161] {processor.py:161} INFO - Processing /root/Projects/etlX/venv/lib/python3.9/site-packages/airflow/example_dags/example_xcomargs.py took 0.104 seconds
[2025-10-14 15:10:56,410] {processor.py:153} INFO - Started process (PID=15982) to work on /root/Projects/etlX/venv/lib/python3.9/site-packages/airflow/example_dags/example_xcomargs.py
[2025-10-14 15:10:56,410] {processor.py:641} INFO - Processing file /root/Projects/etlX/venv/lib/python3.9/site-packages/airflow/example_dags/example_xcomargs.py for tasks to queue
[2025-10-14 15:10:56,411] {logging_mixin.py:115} INFO - [2025-10-14 15:10:56,411] {dagbag.py:507} INFO - Filling up the DagBag from /root/Projects/etlX/venv/lib/python3.9/site-packages/airflow/example_dags/example_xcomargs.py
[2025-10-14 15:10:56,435] {processor.py:651} INFO - DAG(s) dict_keys(['example_xcom_args', 'example_xcom_args_with_operators']) retrieved from /root/Projects/etlX/venv/lib/python3.9/site-packages/airflow/example_dags/example_xcomargs.py
[2025-10-14 15:10:56,461] {logging_mixin.py:115} INFO - [2025-10-14 15:10:56,460] {dag.py:2379} INFO - Sync 2 DAGs
[2025-10-14 15:10:56,478] {logging_mixin.py:115} INFO - [2025-10-14 15:10:56,478] {dag.py:2927} INFO - Setting next_dagrun for example_xcom_args to None, run_after=None
[2025-10-14 15:10:56,478] {logging_mixin.py:115} INFO - [2025-10-14 15:10:56,478] {dag.py:2927} INFO - Setting next_dagrun for example_xcom_args_with_operators to None, run_after=None
[2025-10-14 15:10:56,490] {processor.py:161} INFO - Processing /root/Projects/etlX/venv/lib/python3.9/site-packages/airflow/example_dags/example_xcomargs.py took 0.085 seconds
[2025-10-14 15:11:29,383] {processor.py:153} INFO - Started process (PID=16143) to work on /root/Projects/etlX/venv/lib/python3.9/site-packages/airflow/example_dags/example_xcomargs.py
[2025-10-14 15:11:29,383] {processor.py:641} INFO - Processing file /root/Projects/etlX/venv/lib/python3.9/site-packages/airflow/example_dags/example_xcomargs.py for tasks to queue
[2025-10-14 15:11:29,384] {logging_mixin.py:115} INFO - [2025-10-14 15:11:29,384] {dagbag.py:507} INFO - Filling up the DagBag from /root/Projects/etlX/venv/lib/python3.9/site-packages/airflow/example_dags/example_xcomargs.py
[2025-10-14 15:11:29,406] {processor.py:651} INFO - DAG(s) dict_keys(['example_xcom_args', 'example_xcom_args_with_operators']) retrieved from /root/Projects/etlX/venv/lib/python3.9/site-packages/airflow/example_dags/example_xcomargs.py
[2025-10-14 15:11:29,455] {logging_mixin.py:115} INFO - [2025-10-14 15:11:29,455] {dag.py:2379} INFO - Sync 2 DAGs
[2025-10-14 15:11:29,469] {logging_mixin.py:115} INFO - [2025-10-14 15:11:29,468] {dag.py:2927} INFO - Setting next_dagrun for example_xcom_args to None, run_after=None
[2025-10-14 15:11:29,469] {logging_mixin.py:115} INFO - [2025-10-14 15:11:29,469] {dag.py:2927} INFO - Setting next_dagrun for example_xcom_args_with_operators to None, run_after=None
[2025-10-14 15:11:29,481] {processor.py:161} INFO - Processing /root/Projects/etlX/venv/lib/python3.9/site-packages/airflow/example_dags/example_xcomargs.py took 0.103 seconds
[2025-10-14 15:12:04,630] {processor.py:153} INFO - Started process (PID=16201) to work on /root/Projects/etlX/venv/lib/python3.9/site-packages/airflow/example_dags/example_xcomargs.py
[2025-10-14 15:12:04,631] {processor.py:641} INFO - Processing file /root/Projects/etlX/venv/lib/python3.9/site-packages/airflow/example_dags/example_xcomargs.py for tasks to queue
[2025-10-14 15:12:04,632] {logging_mixin.py:115} INFO - [2025-10-14 15:12:04,632] {dagbag.py:507} INFO - Filling up the DagBag from /root/Projects/etlX/venv/lib/python3.9/site-packages/airflow/example_dags/example_xcomargs.py
[2025-10-14 15:12:04,658] {processor.py:651} INFO - DAG(s) dict_keys(['example_xcom_args', 'example_xcom_args_with_operators']) retrieved from /root/Projects/etlX/venv/lib/python3.9/site-packages/airflow/example_dags/example_xcomargs.py
[2025-10-14 15:12:04,710] {logging_mixin.py:115} INFO - [2025-10-14 15:12:04,710] {dag.py:2379} INFO - Sync 2 DAGs
[2025-10-14 15:12:04,726] {logging_mixin.py:115} INFO - [2025-10-14 15:12:04,726] {dag.py:2927} INFO - Setting next_dagrun for example_xcom_args to None, run_after=None
[2025-10-14 15:12:04,726] {logging_mixin.py:115} INFO - [2025-10-14 15:12:04,726] {dag.py:2927} INFO - Setting next_dagrun for example_xcom_args_with_operators to None, run_after=None
[2025-10-14 15:12:04,741] {processor.py:161} INFO - Processing /root/Projects/etlX/venv/lib/python3.9/site-packages/airflow/example_dags/example_xcomargs.py took 0.117 seconds
[2025-10-14 15:12:39,115] {processor.py:153} INFO - Started process (PID=16256) to work on /root/Projects/etlX/venv/lib/python3.9/site-packages/airflow/example_dags/example_xcomargs.py
[2025-10-14 15:12:39,116] {processor.py:641} INFO - Processing file /root/Projects/etlX/venv/lib/python3.9/site-packages/airflow/example_dags/example_xcomargs.py for tasks to queue
[2025-10-14 15:12:39,116] {logging_mixin.py:115} INFO - [2025-10-14 15:12:39,116] {dagbag.py:507} INFO - Filling up the DagBag from /root/Projects/etlX/venv/lib/python3.9/site-packages/airflow/example_dags/example_xcomargs.py
[2025-10-14 15:12:39,141] {processor.py:651} INFO - DAG(s) dict_keys(['example_xcom_args', 'example_xcom_args_with_operators']) retrieved from /root/Projects/etlX/venv/lib/python3.9/site-packages/airflow/example_dags/example_xcomargs.py
[2025-10-14 15:12:39,194] {logging_mixin.py:115} INFO - [2025-10-14 15:12:39,193] {dag.py:2379} INFO - Sync 2 DAGs
[2025-10-14 15:12:39,208] {logging_mixin.py:115} INFO - [2025-10-14 15:12:39,208] {dag.py:2927} INFO - Setting next_dagrun for example_xcom_args to None, run_after=None
[2025-10-14 15:12:39,208] {logging_mixin.py:115} INFO - [2025-10-14 15:12:39,208] {dag.py:2927} INFO - Setting next_dagrun for example_xcom_args_with_operators to None, run_after=None
[2025-10-14 15:12:39,222] {processor.py:161} INFO - Processing /root/Projects/etlX/venv/lib/python3.9/site-packages/airflow/example_dags/example_xcomargs.py took 0.112 seconds
[2025-10-14 15:13:12,179] {processor.py:153} INFO - Started process (PID=16311) to work on /root/Projects/etlX/venv/lib/python3.9/site-packages/airflow/example_dags/example_xcomargs.py
[2025-10-14 15:13:12,180] {processor.py:641} INFO - Processing file /root/Projects/etlX/venv/lib/python3.9/site-packages/airflow/example_dags/example_xcomargs.py for tasks to queue
[2025-10-14 15:13:12,180] {logging_mixin.py:115} INFO - [2025-10-14 15:13:12,180] {dagbag.py:507} INFO - Filling up the DagBag from /root/Projects/etlX/venv/lib/python3.9/site-packages/airflow/example_dags/example_xcomargs.py
[2025-10-14 15:13:12,207] {processor.py:651} INFO - DAG(s) dict_keys(['example_xcom_args', 'example_xcom_args_with_operators']) retrieved from /root/Projects/etlX/venv/lib/python3.9/site-packages/airflow/example_dags/example_xcomargs.py
[2025-10-14 15:13:12,258] {logging_mixin.py:115} INFO - [2025-10-14 15:13:12,258] {dag.py:2379} INFO - Sync 2 DAGs
[2025-10-14 15:13:12,272] {logging_mixin.py:115} INFO - [2025-10-14 15:13:12,271] {dag.py:2927} INFO - Setting next_dagrun for example_xcom_args to None, run_after=None
[2025-10-14 15:13:12,272] {logging_mixin.py:115} INFO - [2025-10-14 15:13:12,272] {dag.py:2927} INFO - Setting next_dagrun for example_xcom_args_with_operators to None, run_after=None
[2025-10-14 15:13:12,284] {processor.py:161} INFO - Processing /root/Projects/etlX/venv/lib/python3.9/site-packages/airflow/example_dags/example_xcomargs.py took 0.110 seconds
[2025-10-14 15:13:43,735] {processor.py:153} INFO - Started process (PID=16364) to work on /root/Projects/etlX/venv/lib/python3.9/site-packages/airflow/example_dags/example_xcomargs.py
[2025-10-14 15:13:43,736] {processor.py:641} INFO - Processing file /root/Projects/etlX/venv/lib/python3.9/site-packages/airflow/example_dags/example_xcomargs.py for tasks to queue
[2025-10-14 15:13:43,737] {logging_mixin.py:115} INFO - [2025-10-14 15:13:43,737] {dagbag.py:507} INFO - Filling up the DagBag from /root/Projects/etlX/venv/lib/python3.9/site-packages/airflow/example_dags/example_xcomargs.py
[2025-10-14 15:13:43,762] {processor.py:651} INFO - DAG(s) dict_keys(['example_xcom_args', 'example_xcom_args_with_operators']) retrieved from /root/Projects/etlX/venv/lib/python3.9/site-packages/airflow/example_dags/example_xcomargs.py
[2025-10-14 15:13:43,822] {logging_mixin.py:115} INFO - [2025-10-14 15:13:43,822] {dag.py:2379} INFO - Sync 2 DAGs
[2025-10-14 15:13:43,839] {logging_mixin.py:115} INFO - [2025-10-14 15:13:43,839] {dag.py:2927} INFO - Setting next_dagrun for example_xcom_args to None, run_after=None
[2025-10-14 15:13:43,840] {logging_mixin.py:115} INFO - [2025-10-14 15:13:43,840] {dag.py:2927} INFO - Setting next_dagrun for example_xcom_args_with_operators to None, run_after=None
[2025-10-14 15:13:43,860] {processor.py:161} INFO - Processing /root/Projects/etlX/venv/lib/python3.9/site-packages/airflow/example_dags/example_xcomargs.py took 0.131 seconds
[2025-10-14 15:14:16,014] {processor.py:153} INFO - Started process (PID=16422) to work on /root/Projects/etlX/venv/lib/python3.9/site-packages/airflow/example_dags/example_xcomargs.py
[2025-10-14 15:14:16,014] {processor.py:641} INFO - Processing file /root/Projects/etlX/venv/lib/python3.9/site-packages/airflow/example_dags/example_xcomargs.py for tasks to queue
[2025-10-14 15:14:16,015] {logging_mixin.py:115} INFO - [2025-10-14 15:14:16,015] {dagbag.py:507} INFO - Filling up the DagBag from /root/Projects/etlX/venv/lib/python3.9/site-packages/airflow/example_dags/example_xcomargs.py
[2025-10-14 15:14:16,038] {processor.py:651} INFO - DAG(s) dict_keys(['example_xcom_args', 'example_xcom_args_with_operators']) retrieved from /root/Projects/etlX/venv/lib/python3.9/site-packages/airflow/example_dags/example_xcomargs.py
[2025-10-14 15:14:16,091] {logging_mixin.py:115} INFO - [2025-10-14 15:14:16,091] {dag.py:2379} INFO - Sync 2 DAGs
[2025-10-14 15:14:16,105] {logging_mixin.py:115} INFO - [2025-10-14 15:14:16,105] {dag.py:2927} INFO - Setting next_dagrun for example_xcom_args to None, run_after=None
[2025-10-14 15:14:16,105] {logging_mixin.py:115} INFO - [2025-10-14 15:14:16,105] {dag.py:2927} INFO - Setting next_dagrun for example_xcom_args_with_operators to None, run_after=None
[2025-10-14 15:14:16,117] {processor.py:161} INFO - Processing /root/Projects/etlX/venv/lib/python3.9/site-packages/airflow/example_dags/example_xcomargs.py took 0.109 seconds
[2025-10-14 15:14:50,690] {processor.py:153} INFO - Started process (PID=16528) to work on /root/Projects/etlX/venv/lib/python3.9/site-packages/airflow/example_dags/example_xcomargs.py
[2025-10-14 15:14:50,691] {processor.py:641} INFO - Processing file /root/Projects/etlX/venv/lib/python3.9/site-packages/airflow/example_dags/example_xcomargs.py for tasks to queue
[2025-10-14 15:14:50,692] {logging_mixin.py:115} INFO - [2025-10-14 15:14:50,692] {dagbag.py:507} INFO - Filling up the DagBag from /root/Projects/etlX/venv/lib/python3.9/site-packages/airflow/example_dags/example_xcomargs.py
[2025-10-14 15:14:50,724] {processor.py:651} INFO - DAG(s) dict_keys(['example_xcom_args', 'example_xcom_args_with_operators']) retrieved from /root/Projects/etlX/venv/lib/python3.9/site-packages/airflow/example_dags/example_xcomargs.py
[2025-10-14 15:14:50,770] {logging_mixin.py:115} INFO - [2025-10-14 15:14:50,769] {dag.py:2379} INFO - Sync 2 DAGs
[2025-10-14 15:14:50,782] {logging_mixin.py:115} INFO - [2025-10-14 15:14:50,782] {dag.py:2927} INFO - Setting next_dagrun for example_xcom_args to None, run_after=None
[2025-10-14 15:14:50,783] {logging_mixin.py:115} INFO - [2025-10-14 15:14:50,783] {dag.py:2927} INFO - Setting next_dagrun for example_xcom_args_with_operators to None, run_after=None
[2025-10-14 15:14:50,794] {processor.py:161} INFO - Processing /root/Projects/etlX/venv/lib/python3.9/site-packages/airflow/example_dags/example_xcomargs.py took 0.111 seconds
[2025-10-14 15:15:23,457] {processor.py:153} INFO - Started process (PID=16584) to work on /root/Projects/etlX/venv/lib/python3.9/site-packages/airflow/example_dags/example_xcomargs.py
[2025-10-14 15:15:23,459] {processor.py:641} INFO - Processing file /root/Projects/etlX/venv/lib/python3.9/site-packages/airflow/example_dags/example_xcomargs.py for tasks to queue
[2025-10-14 15:15:23,460] {logging_mixin.py:115} INFO - [2025-10-14 15:15:23,460] {dagbag.py:507} INFO - Filling up the DagBag from /root/Projects/etlX/venv/lib/python3.9/site-packages/airflow/example_dags/example_xcomargs.py
[2025-10-14 15:15:23,489] {processor.py:651} INFO - DAG(s) dict_keys(['example_xcom_args', 'example_xcom_args_with_operators']) retrieved from /root/Projects/etlX/venv/lib/python3.9/site-packages/airflow/example_dags/example_xcomargs.py
[2025-10-14 15:15:23,512] {logging_mixin.py:115} INFO - [2025-10-14 15:15:23,512] {dag.py:2379} INFO - Sync 2 DAGs
[2025-10-14 15:15:23,527] {logging_mixin.py:115} INFO - [2025-10-14 15:15:23,527] {dag.py:2927} INFO - Setting next_dagrun for example_xcom_args to None, run_after=None
[2025-10-14 15:15:23,527] {logging_mixin.py:115} INFO - [2025-10-14 15:15:23,527] {dag.py:2927} INFO - Setting next_dagrun for example_xcom_args_with_operators to None, run_after=None
[2025-10-14 15:15:23,538] {processor.py:161} INFO - Processing /root/Projects/etlX/venv/lib/python3.9/site-packages/airflow/example_dags/example_xcomargs.py took 0.089 seconds
[2025-10-14 15:15:57,975] {processor.py:153} INFO - Started process (PID=16639) to work on /root/Projects/etlX/venv/lib/python3.9/site-packages/airflow/example_dags/example_xcomargs.py
[2025-10-14 15:15:57,976] {processor.py:641} INFO - Processing file /root/Projects/etlX/venv/lib/python3.9/site-packages/airflow/example_dags/example_xcomargs.py for tasks to queue
[2025-10-14 15:15:57,976] {logging_mixin.py:115} INFO - [2025-10-14 15:15:57,976] {dagbag.py:507} INFO - Filling up the DagBag from /root/Projects/etlX/venv/lib/python3.9/site-packages/airflow/example_dags/example_xcomargs.py
[2025-10-14 15:15:57,997] {processor.py:651} INFO - DAG(s) dict_keys(['example_xcom_args', 'example_xcom_args_with_operators']) retrieved from /root/Projects/etlX/venv/lib/python3.9/site-packages/airflow/example_dags/example_xcomargs.py
[2025-10-14 15:15:58,020] {logging_mixin.py:115} INFO - [2025-10-14 15:15:58,020] {dag.py:2379} INFO - Sync 2 DAGs
[2025-10-14 15:15:58,035] {logging_mixin.py:115} INFO - [2025-10-14 15:15:58,035] {dag.py:2927} INFO - Setting next_dagrun for example_xcom_args to None, run_after=None
[2025-10-14 15:15:58,035] {logging_mixin.py:115} INFO - [2025-10-14 15:15:58,035] {dag.py:2927} INFO - Setting next_dagrun for example_xcom_args_with_operators to None, run_after=None
[2025-10-14 15:15:58,046] {processor.py:161} INFO - Processing /root/Projects/etlX/venv/lib/python3.9/site-packages/airflow/example_dags/example_xcomargs.py took 0.077 seconds
[2025-10-14 15:16:29,363] {processor.py:153} INFO - Started process (PID=16845) to work on /root/Projects/etlX/venv/lib/python3.9/site-packages/airflow/example_dags/example_xcomargs.py
[2025-10-14 15:16:29,364] {processor.py:641} INFO - Processing file /root/Projects/etlX/venv/lib/python3.9/site-packages/airflow/example_dags/example_xcomargs.py for tasks to queue
[2025-10-14 15:16:29,365] {logging_mixin.py:115} INFO - [2025-10-14 15:16:29,365] {dagbag.py:507} INFO - Filling up the DagBag from /root/Projects/etlX/venv/lib/python3.9/site-packages/airflow/example_dags/example_xcomargs.py
[2025-10-14 15:16:29,393] {processor.py:651} INFO - DAG(s) dict_keys(['example_xcom_args', 'example_xcom_args_with_operators']) retrieved from /root/Projects/etlX/venv/lib/python3.9/site-packages/airflow/example_dags/example_xcomargs.py
[2025-10-14 15:16:29,416] {logging_mixin.py:115} INFO - [2025-10-14 15:16:29,416] {dag.py:2379} INFO - Sync 2 DAGs
[2025-10-14 15:16:29,431] {logging_mixin.py:115} INFO - [2025-10-14 15:16:29,431] {dag.py:2927} INFO - Setting next_dagrun for example_xcom_args to None, run_after=None
[2025-10-14 15:16:29,432] {logging_mixin.py:115} INFO - [2025-10-14 15:16:29,432] {dag.py:2927} INFO - Setting next_dagrun for example_xcom_args_with_operators to None, run_after=None
[2025-10-14 15:16:29,442] {processor.py:161} INFO - Processing /root/Projects/etlX/venv/lib/python3.9/site-packages/airflow/example_dags/example_xcomargs.py took 0.086 seconds
[2025-10-14 15:16:59,967] {processor.py:153} INFO - Started process (PID=17052) to work on /root/Projects/etlX/venv/lib/python3.9/site-packages/airflow/example_dags/example_xcomargs.py
[2025-10-14 15:16:59,968] {processor.py:641} INFO - Processing file /root/Projects/etlX/venv/lib/python3.9/site-packages/airflow/example_dags/example_xcomargs.py for tasks to queue
[2025-10-14 15:16:59,968] {logging_mixin.py:115} INFO - [2025-10-14 15:16:59,968] {dagbag.py:507} INFO - Filling up the DagBag from /root/Projects/etlX/venv/lib/python3.9/site-packages/airflow/example_dags/example_xcomargs.py
[2025-10-14 15:16:59,989] {processor.py:651} INFO - DAG(s) dict_keys(['example_xcom_args', 'example_xcom_args_with_operators']) retrieved from /root/Projects/etlX/venv/lib/python3.9/site-packages/airflow/example_dags/example_xcomargs.py
[2025-10-14 15:17:00,012] {logging_mixin.py:115} INFO - [2025-10-14 15:17:00,012] {dag.py:2379} INFO - Sync 2 DAGs
[2025-10-14 15:17:00,029] {logging_mixin.py:115} INFO - [2025-10-14 15:17:00,029] {dag.py:2927} INFO - Setting next_dagrun for example_xcom_args to None, run_after=None
[2025-10-14 15:17:00,029] {logging_mixin.py:115} INFO - [2025-10-14 15:17:00,029] {dag.py:2927} INFO - Setting next_dagrun for example_xcom_args_with_operators to None, run_after=None
[2025-10-14 15:17:00,040] {processor.py:161} INFO - Processing /root/Projects/etlX/venv/lib/python3.9/site-packages/airflow/example_dags/example_xcomargs.py took 0.077 seconds
[2025-10-14 15:17:32,447] {processor.py:153} INFO - Started process (PID=17105) to work on /root/Projects/etlX/venv/lib/python3.9/site-packages/airflow/example_dags/example_xcomargs.py
[2025-10-14 15:17:32,448] {processor.py:641} INFO - Processing file /root/Projects/etlX/venv/lib/python3.9/site-packages/airflow/example_dags/example_xcomargs.py for tasks to queue
[2025-10-14 15:17:32,448] {logging_mixin.py:115} INFO - [2025-10-14 15:17:32,448] {dagbag.py:507} INFO - Filling up the DagBag from /root/Projects/etlX/venv/lib/python3.9/site-packages/airflow/example_dags/example_xcomargs.py
[2025-10-14 15:17:32,477] {processor.py:651} INFO - DAG(s) dict_keys(['example_xcom_args', 'example_xcom_args_with_operators']) retrieved from /root/Projects/etlX/venv/lib/python3.9/site-packages/airflow/example_dags/example_xcomargs.py
[2025-10-14 15:17:32,505] {logging_mixin.py:115} INFO - [2025-10-14 15:17:32,505] {dag.py:2379} INFO - Sync 2 DAGs
[2025-10-14 15:17:32,526] {logging_mixin.py:115} INFO - [2025-10-14 15:17:32,526] {dag.py:2927} INFO - Setting next_dagrun for example_xcom_args to None, run_after=None
[2025-10-14 15:17:32,526] {logging_mixin.py:115} INFO - [2025-10-14 15:17:32,526] {dag.py:2927} INFO - Setting next_dagrun for example_xcom_args_with_operators to None, run_after=None
[2025-10-14 15:17:32,540] {processor.py:161} INFO - Processing /root/Projects/etlX/venv/lib/python3.9/site-packages/airflow/example_dags/example_xcomargs.py took 0.099 seconds
[2025-10-14 15:58:45,219] {processor.py:153} INFO - Started process (PID=19777) to work on /root/Projects/etlX/venv/lib/python3.9/site-packages/airflow/example_dags/example_xcomargs.py
[2025-10-14 15:58:45,221] {processor.py:641} INFO - Processing file /root/Projects/etlX/venv/lib/python3.9/site-packages/airflow/example_dags/example_xcomargs.py for tasks to queue
[2025-10-14 15:58:45,221] {logging_mixin.py:115} INFO - [2025-10-14 15:58:45,221] {dagbag.py:507} INFO - Filling up the DagBag from /root/Projects/etlX/venv/lib/python3.9/site-packages/airflow/example_dags/example_xcomargs.py
[2025-10-14 15:58:45,244] {processor.py:651} INFO - DAG(s) dict_keys(['example_xcom_args', 'example_xcom_args_with_operators']) retrieved from /root/Projects/etlX/venv/lib/python3.9/site-packages/airflow/example_dags/example_xcomargs.py
[2025-10-14 15:58:45,289] {logging_mixin.py:115} INFO - [2025-10-14 15:58:45,289] {dag.py:2379} INFO - Sync 2 DAGs
[2025-10-14 15:58:45,302] {logging_mixin.py:115} INFO - [2025-10-14 15:58:45,302] {dag.py:2927} INFO - Setting next_dagrun for example_xcom_args to None, run_after=None
[2025-10-14 15:58:45,302] {logging_mixin.py:115} INFO - [2025-10-14 15:58:45,302] {dag.py:2927} INFO - Setting next_dagrun for example_xcom_args_with_operators to None, run_after=None
[2025-10-14 15:58:45,314] {processor.py:161} INFO - Processing /root/Projects/etlX/venv/lib/python3.9/site-packages/airflow/example_dags/example_xcomargs.py took 0.132 seconds
[2025-10-14 15:59:19,117] {processor.py:153} INFO - Started process (PID=20069) to work on /root/Projects/etlX/venv/lib/python3.9/site-packages/airflow/example_dags/example_xcomargs.py
[2025-10-14 15:59:19,118] {processor.py:641} INFO - Processing file /root/Projects/etlX/venv/lib/python3.9/site-packages/airflow/example_dags/example_xcomargs.py for tasks to queue
[2025-10-14 15:59:19,119] {logging_mixin.py:115} INFO - [2025-10-14 15:59:19,119] {dagbag.py:507} INFO - Filling up the DagBag from /root/Projects/etlX/venv/lib/python3.9/site-packages/airflow/example_dags/example_xcomargs.py
[2025-10-14 15:59:19,141] {processor.py:651} INFO - DAG(s) dict_keys(['example_xcom_args', 'example_xcom_args_with_operators']) retrieved from /root/Projects/etlX/venv/lib/python3.9/site-packages/airflow/example_dags/example_xcomargs.py
[2025-10-14 15:59:19,186] {logging_mixin.py:115} INFO - [2025-10-14 15:59:19,186] {dag.py:2379} INFO - Sync 2 DAGs
[2025-10-14 15:59:19,199] {logging_mixin.py:115} INFO - [2025-10-14 15:59:19,199] {dag.py:2927} INFO - Setting next_dagrun for example_xcom_args to None, run_after=None
[2025-10-14 15:59:19,199] {logging_mixin.py:115} INFO - [2025-10-14 15:59:19,199] {dag.py:2927} INFO - Setting next_dagrun for example_xcom_args_with_operators to None, run_after=None
[2025-10-14 15:59:19,210] {processor.py:161} INFO - Processing /root/Projects/etlX/venv/lib/python3.9/site-packages/airflow/example_dags/example_xcomargs.py took 0.101 seconds
[2025-10-14 15:59:51,312] {processor.py:153} INFO - Started process (PID=20124) to work on /root/Projects/etlX/venv/lib/python3.9/site-packages/airflow/example_dags/example_xcomargs.py
[2025-10-14 15:59:51,313] {processor.py:641} INFO - Processing file /root/Projects/etlX/venv/lib/python3.9/site-packages/airflow/example_dags/example_xcomargs.py for tasks to queue
[2025-10-14 15:59:51,313] {logging_mixin.py:115} INFO - [2025-10-14 15:59:51,313] {dagbag.py:507} INFO - Filling up the DagBag from /root/Projects/etlX/venv/lib/python3.9/site-packages/airflow/example_dags/example_xcomargs.py
[2025-10-14 15:59:51,336] {processor.py:651} INFO - DAG(s) dict_keys(['example_xcom_args', 'example_xcom_args_with_operators']) retrieved from /root/Projects/etlX/venv/lib/python3.9/site-packages/airflow/example_dags/example_xcomargs.py
[2025-10-14 15:59:51,383] {logging_mixin.py:115} INFO - [2025-10-14 15:59:51,383] {dag.py:2379} INFO - Sync 2 DAGs
[2025-10-14 15:59:51,397] {logging_mixin.py:115} INFO - [2025-10-14 15:59:51,396] {dag.py:2927} INFO - Setting next_dagrun for example_xcom_args to None, run_after=None
[2025-10-14 15:59:51,397] {logging_mixin.py:115} INFO - [2025-10-14 15:59:51,397] {dag.py:2927} INFO - Setting next_dagrun for example_xcom_args_with_operators to None, run_after=None
[2025-10-14 15:59:51,408] {processor.py:161} INFO - Processing /root/Projects/etlX/venv/lib/python3.9/site-packages/airflow/example_dags/example_xcomargs.py took 0.103 seconds
[2025-10-14 16:00:24,751] {processor.py:153} INFO - Started process (PID=20179) to work on /root/Projects/etlX/venv/lib/python3.9/site-packages/airflow/example_dags/example_xcomargs.py
[2025-10-14 16:00:24,752] {processor.py:641} INFO - Processing file /root/Projects/etlX/venv/lib/python3.9/site-packages/airflow/example_dags/example_xcomargs.py for tasks to queue
[2025-10-14 16:00:24,752] {logging_mixin.py:115} INFO - [2025-10-14 16:00:24,752] {dagbag.py:507} INFO - Filling up the DagBag from /root/Projects/etlX/venv/lib/python3.9/site-packages/airflow/example_dags/example_xcomargs.py
[2025-10-14 16:00:24,775] {processor.py:651} INFO - DAG(s) dict_keys(['example_xcom_args', 'example_xcom_args_with_operators']) retrieved from /root/Projects/etlX/venv/lib/python3.9/site-packages/airflow/example_dags/example_xcomargs.py
[2025-10-14 16:00:24,799] {logging_mixin.py:115} INFO - [2025-10-14 16:00:24,799] {dag.py:2379} INFO - Sync 2 DAGs
[2025-10-14 16:00:24,815] {logging_mixin.py:115} INFO - [2025-10-14 16:00:24,815] {dag.py:2927} INFO - Setting next_dagrun for example_xcom_args to None, run_after=None
[2025-10-14 16:00:24,815] {logging_mixin.py:115} INFO - [2025-10-14 16:00:24,815] {dag.py:2927} INFO - Setting next_dagrun for example_xcom_args_with_operators to None, run_after=None
[2025-10-14 16:00:24,826] {processor.py:161} INFO - Processing /root/Projects/etlX/venv/lib/python3.9/site-packages/airflow/example_dags/example_xcomargs.py took 0.079 seconds
[2025-10-14 16:00:58,331] {processor.py:153} INFO - Started process (PID=20237) to work on /root/Projects/etlX/venv/lib/python3.9/site-packages/airflow/example_dags/example_xcomargs.py
[2025-10-14 16:00:58,332] {processor.py:641} INFO - Processing file /root/Projects/etlX/venv/lib/python3.9/site-packages/airflow/example_dags/example_xcomargs.py for tasks to queue
[2025-10-14 16:00:58,333] {logging_mixin.py:115} INFO - [2025-10-14 16:00:58,333] {dagbag.py:507} INFO - Filling up the DagBag from /root/Projects/etlX/venv/lib/python3.9/site-packages/airflow/example_dags/example_xcomargs.py
[2025-10-14 16:00:58,353] {processor.py:651} INFO - DAG(s) dict_keys(['example_xcom_args', 'example_xcom_args_with_operators']) retrieved from /root/Projects/etlX/venv/lib/python3.9/site-packages/airflow/example_dags/example_xcomargs.py
[2025-10-14 16:00:58,400] {logging_mixin.py:115} INFO - [2025-10-14 16:00:58,400] {dag.py:2379} INFO - Sync 2 DAGs
[2025-10-14 16:00:58,413] {logging_mixin.py:115} INFO - [2025-10-14 16:00:58,413] {dag.py:2927} INFO - Setting next_dagrun for example_xcom_args to None, run_after=None
[2025-10-14 16:00:58,413] {logging_mixin.py:115} INFO - [2025-10-14 16:00:58,413] {dag.py:2927} INFO - Setting next_dagrun for example_xcom_args_with_operators to None, run_after=None
[2025-10-14 16:00:58,425] {processor.py:161} INFO - Processing /root/Projects/etlX/venv/lib/python3.9/site-packages/airflow/example_dags/example_xcomargs.py took 0.102 seconds
[2025-10-14 16:01:31,176] {processor.py:153} INFO - Started process (PID=20291) to work on /root/Projects/etlX/venv/lib/python3.9/site-packages/airflow/example_dags/example_xcomargs.py
[2025-10-14 16:01:31,177] {processor.py:641} INFO - Processing file /root/Projects/etlX/venv/lib/python3.9/site-packages/airflow/example_dags/example_xcomargs.py for tasks to queue
[2025-10-14 16:01:31,177] {logging_mixin.py:115} INFO - [2025-10-14 16:01:31,177] {dagbag.py:507} INFO - Filling up the DagBag from /root/Projects/etlX/venv/lib/python3.9/site-packages/airflow/example_dags/example_xcomargs.py
[2025-10-14 16:01:31,200] {processor.py:651} INFO - DAG(s) dict_keys(['example_xcom_args', 'example_xcom_args_with_operators']) retrieved from /root/Projects/etlX/venv/lib/python3.9/site-packages/airflow/example_dags/example_xcomargs.py
[2025-10-14 16:01:31,223] {logging_mixin.py:115} INFO - [2025-10-14 16:01:31,223] {dag.py:2379} INFO - Sync 2 DAGs
[2025-10-14 16:01:31,238] {logging_mixin.py:115} INFO - [2025-10-14 16:01:31,238] {dag.py:2927} INFO - Setting next_dagrun for example_xcom_args to None, run_after=None
[2025-10-14 16:01:31,238] {logging_mixin.py:115} INFO - [2025-10-14 16:01:31,238] {dag.py:2927} INFO - Setting next_dagrun for example_xcom_args_with_operators to None, run_after=None
[2025-10-14 16:01:31,249] {processor.py:161} INFO - Processing /root/Projects/etlX/venv/lib/python3.9/site-packages/airflow/example_dags/example_xcomargs.py took 0.079 seconds
[2025-10-14 16:02:06,783] {processor.py:153} INFO - Started process (PID=20349) to work on /root/Projects/etlX/venv/lib/python3.9/site-packages/airflow/example_dags/example_xcomargs.py
[2025-10-14 16:02:06,784] {processor.py:641} INFO - Processing file /root/Projects/etlX/venv/lib/python3.9/site-packages/airflow/example_dags/example_xcomargs.py for tasks to queue
[2025-10-14 16:02:06,784] {logging_mixin.py:115} INFO - [2025-10-14 16:02:06,784] {dagbag.py:507} INFO - Filling up the DagBag from /root/Projects/etlX/venv/lib/python3.9/site-packages/airflow/example_dags/example_xcomargs.py
[2025-10-14 16:02:06,820] {processor.py:651} INFO - DAG(s) dict_keys(['example_xcom_args', 'example_xcom_args_with_operators']) retrieved from /root/Projects/etlX/venv/lib/python3.9/site-packages/airflow/example_dags/example_xcomargs.py
[2025-10-14 16:02:06,889] {logging_mixin.py:115} INFO - [2025-10-14 16:02:06,889] {dag.py:2379} INFO - Sync 2 DAGs
[2025-10-14 16:02:06,905] {logging_mixin.py:115} INFO - [2025-10-14 16:02:06,905] {dag.py:2927} INFO - Setting next_dagrun for example_xcom_args to None, run_after=None
[2025-10-14 16:02:06,906] {logging_mixin.py:115} INFO - [2025-10-14 16:02:06,906] {dag.py:2927} INFO - Setting next_dagrun for example_xcom_args_with_operators to None, run_after=None
[2025-10-14 16:02:06,920] {processor.py:161} INFO - Processing /root/Projects/etlX/venv/lib/python3.9/site-packages/airflow/example_dags/example_xcomargs.py took 0.142 seconds
[2025-10-14 16:02:38,950] {processor.py:153} INFO - Started process (PID=20406) to work on /root/Projects/etlX/venv/lib/python3.9/site-packages/airflow/example_dags/example_xcomargs.py
[2025-10-14 16:02:38,951] {processor.py:641} INFO - Processing file /root/Projects/etlX/venv/lib/python3.9/site-packages/airflow/example_dags/example_xcomargs.py for tasks to queue
[2025-10-14 16:02:38,951] {logging_mixin.py:115} INFO - [2025-10-14 16:02:38,951] {dagbag.py:507} INFO - Filling up the DagBag from /root/Projects/etlX/venv/lib/python3.9/site-packages/airflow/example_dags/example_xcomargs.py
[2025-10-14 16:02:38,972] {processor.py:651} INFO - DAG(s) dict_keys(['example_xcom_args', 'example_xcom_args_with_operators']) retrieved from /root/Projects/etlX/venv/lib/python3.9/site-packages/airflow/example_dags/example_xcomargs.py
[2025-10-14 16:02:39,023] {logging_mixin.py:115} INFO - [2025-10-14 16:02:39,023] {dag.py:2379} INFO - Sync 2 DAGs
[2025-10-14 16:02:39,038] {logging_mixin.py:115} INFO - [2025-10-14 16:02:39,038] {dag.py:2927} INFO - Setting next_dagrun for example_xcom_args to None, run_after=None
[2025-10-14 16:02:39,038] {logging_mixin.py:115} INFO - [2025-10-14 16:02:39,038] {dag.py:2927} INFO - Setting next_dagrun for example_xcom_args_with_operators to None, run_after=None
[2025-10-14 16:02:39,051] {processor.py:161} INFO - Processing /root/Projects/etlX/venv/lib/python3.9/site-packages/airflow/example_dags/example_xcomargs.py took 0.106 seconds
[2025-10-14 16:03:10,318] {processor.py:153} INFO - Started process (PID=20460) to work on /root/Projects/etlX/venv/lib/python3.9/site-packages/airflow/example_dags/example_xcomargs.py
[2025-10-14 16:03:10,319] {processor.py:641} INFO - Processing file /root/Projects/etlX/venv/lib/python3.9/site-packages/airflow/example_dags/example_xcomargs.py for tasks to queue
[2025-10-14 16:03:10,320] {logging_mixin.py:115} INFO - [2025-10-14 16:03:10,320] {dagbag.py:507} INFO - Filling up the DagBag from /root/Projects/etlX/venv/lib/python3.9/site-packages/airflow/example_dags/example_xcomargs.py
[2025-10-14 16:03:10,346] {processor.py:651} INFO - DAG(s) dict_keys(['example_xcom_args', 'example_xcom_args_with_operators']) retrieved from /root/Projects/etlX/venv/lib/python3.9/site-packages/airflow/example_dags/example_xcomargs.py
[2025-10-14 16:03:10,392] {logging_mixin.py:115} INFO - [2025-10-14 16:03:10,392] {dag.py:2379} INFO - Sync 2 DAGs
[2025-10-14 16:03:10,405] {logging_mixin.py:115} INFO - [2025-10-14 16:03:10,405] {dag.py:2927} INFO - Setting next_dagrun for example_xcom_args to None, run_after=None
[2025-10-14 16:03:10,405] {logging_mixin.py:115} INFO - [2025-10-14 16:03:10,405] {dag.py:2927} INFO - Setting next_dagrun for example_xcom_args_with_operators to None, run_after=None
[2025-10-14 16:03:10,416] {processor.py:161} INFO - Processing /root/Projects/etlX/venv/lib/python3.9/site-packages/airflow/example_dags/example_xcomargs.py took 0.105 seconds
[2025-10-14 16:03:44,201] {processor.py:153} INFO - Started process (PID=20566) to work on /root/Projects/etlX/venv/lib/python3.9/site-packages/airflow/example_dags/example_xcomargs.py
[2025-10-14 16:03:44,202] {processor.py:641} INFO - Processing file /root/Projects/etlX/venv/lib/python3.9/site-packages/airflow/example_dags/example_xcomargs.py for tasks to queue
[2025-10-14 16:03:44,203] {logging_mixin.py:115} INFO - [2025-10-14 16:03:44,203] {dagbag.py:507} INFO - Filling up the DagBag from /root/Projects/etlX/venv/lib/python3.9/site-packages/airflow/example_dags/example_xcomargs.py
[2025-10-14 16:03:44,235] {processor.py:651} INFO - DAG(s) dict_keys(['example_xcom_args', 'example_xcom_args_with_operators']) retrieved from /root/Projects/etlX/venv/lib/python3.9/site-packages/airflow/example_dags/example_xcomargs.py
[2025-10-14 16:03:44,284] {logging_mixin.py:115} INFO - [2025-10-14 16:03:44,284] {dag.py:2379} INFO - Sync 2 DAGs
[2025-10-14 16:03:44,298] {logging_mixin.py:115} INFO - [2025-10-14 16:03:44,298] {dag.py:2927} INFO - Setting next_dagrun for example_xcom_args to None, run_after=None
[2025-10-14 16:03:44,298] {logging_mixin.py:115} INFO - [2025-10-14 16:03:44,298] {dag.py:2927} INFO - Setting next_dagrun for example_xcom_args_with_operators to None, run_after=None
[2025-10-14 16:03:44,310] {processor.py:161} INFO - Processing /root/Projects/etlX/venv/lib/python3.9/site-packages/airflow/example_dags/example_xcomargs.py took 0.115 seconds
[2025-10-14 16:04:17,263] {processor.py:153} INFO - Started process (PID=20623) to work on /root/Projects/etlX/venv/lib/python3.9/site-packages/airflow/example_dags/example_xcomargs.py
[2025-10-14 16:04:17,263] {processor.py:641} INFO - Processing file /root/Projects/etlX/venv/lib/python3.9/site-packages/airflow/example_dags/example_xcomargs.py for tasks to queue
[2025-10-14 16:04:17,264] {logging_mixin.py:115} INFO - [2025-10-14 16:04:17,264] {dagbag.py:507} INFO - Filling up the DagBag from /root/Projects/etlX/venv/lib/python3.9/site-packages/airflow/example_dags/example_xcomargs.py
[2025-10-14 16:04:17,285] {processor.py:651} INFO - DAG(s) dict_keys(['example_xcom_args', 'example_xcom_args_with_operators']) retrieved from /root/Projects/etlX/venv/lib/python3.9/site-packages/airflow/example_dags/example_xcomargs.py
[2025-10-14 16:04:17,308] {logging_mixin.py:115} INFO - [2025-10-14 16:04:17,308] {dag.py:2379} INFO - Sync 2 DAGs
[2025-10-14 16:04:17,323] {logging_mixin.py:115} INFO - [2025-10-14 16:04:17,323] {dag.py:2927} INFO - Setting next_dagrun for example_xcom_args to None, run_after=None
[2025-10-14 16:04:17,323] {logging_mixin.py:115} INFO - [2025-10-14 16:04:17,323] {dag.py:2927} INFO - Setting next_dagrun for example_xcom_args_with_operators to None, run_after=None
[2025-10-14 16:04:17,334] {processor.py:161} INFO - Processing /root/Projects/etlX/venv/lib/python3.9/site-packages/airflow/example_dags/example_xcomargs.py took 0.076 seconds
[2025-10-14 16:04:48,314] {processor.py:153} INFO - Started process (PID=20676) to work on /root/Projects/etlX/venv/lib/python3.9/site-packages/airflow/example_dags/example_xcomargs.py
[2025-10-14 16:04:48,315] {processor.py:641} INFO - Processing file /root/Projects/etlX/venv/lib/python3.9/site-packages/airflow/example_dags/example_xcomargs.py for tasks to queue
[2025-10-14 16:04:48,315] {logging_mixin.py:115} INFO - [2025-10-14 16:04:48,315] {dagbag.py:507} INFO - Filling up the DagBag from /root/Projects/etlX/venv/lib/python3.9/site-packages/airflow/example_dags/example_xcomargs.py
[2025-10-14 16:04:48,337] {processor.py:651} INFO - DAG(s) dict_keys(['example_xcom_args', 'example_xcom_args_with_operators']) retrieved from /root/Projects/etlX/venv/lib/python3.9/site-packages/airflow/example_dags/example_xcomargs.py
[2025-10-14 16:04:48,359] {logging_mixin.py:115} INFO - [2025-10-14 16:04:48,359] {dag.py:2379} INFO - Sync 2 DAGs
[2025-10-14 16:04:48,375] {logging_mixin.py:115} INFO - [2025-10-14 16:04:48,375] {dag.py:2927} INFO - Setting next_dagrun for example_xcom_args to None, run_after=None
[2025-10-14 16:04:48,375] {logging_mixin.py:115} INFO - [2025-10-14 16:04:48,375] {dag.py:2927} INFO - Setting next_dagrun for example_xcom_args_with_operators to None, run_after=None
[2025-10-14 16:04:48,386] {processor.py:161} INFO - Processing /root/Projects/etlX/venv/lib/python3.9/site-packages/airflow/example_dags/example_xcomargs.py took 0.079 seconds
[2025-10-14 16:05:19,252] {processor.py:153} INFO - Started process (PID=20729) to work on /root/Projects/etlX/venv/lib/python3.9/site-packages/airflow/example_dags/example_xcomargs.py
[2025-10-14 16:05:19,253] {processor.py:641} INFO - Processing file /root/Projects/etlX/venv/lib/python3.9/site-packages/airflow/example_dags/example_xcomargs.py for tasks to queue
[2025-10-14 16:05:19,253] {logging_mixin.py:115} INFO - [2025-10-14 16:05:19,253] {dagbag.py:507} INFO - Filling up the DagBag from /root/Projects/etlX/venv/lib/python3.9/site-packages/airflow/example_dags/example_xcomargs.py
[2025-10-14 16:05:19,275] {processor.py:651} INFO - DAG(s) dict_keys(['example_xcom_args', 'example_xcom_args_with_operators']) retrieved from /root/Projects/etlX/venv/lib/python3.9/site-packages/airflow/example_dags/example_xcomargs.py
[2025-10-14 16:05:19,297] {logging_mixin.py:115} INFO - [2025-10-14 16:05:19,297] {dag.py:2379} INFO - Sync 2 DAGs
[2025-10-14 16:05:19,313] {logging_mixin.py:115} INFO - [2025-10-14 16:05:19,313] {dag.py:2927} INFO - Setting next_dagrun for example_xcom_args to None, run_after=None
[2025-10-14 16:05:19,313] {logging_mixin.py:115} INFO - [2025-10-14 16:05:19,313] {dag.py:2927} INFO - Setting next_dagrun for example_xcom_args_with_operators to None, run_after=None
[2025-10-14 16:05:19,325] {processor.py:161} INFO - Processing /root/Projects/etlX/venv/lib/python3.9/site-packages/airflow/example_dags/example_xcomargs.py took 0.077 seconds
[2025-10-14 16:05:51,905] {processor.py:153} INFO - Started process (PID=20783) to work on /root/Projects/etlX/venv/lib/python3.9/site-packages/airflow/example_dags/example_xcomargs.py
[2025-10-14 16:05:51,907] {processor.py:641} INFO - Processing file /root/Projects/etlX/venv/lib/python3.9/site-packages/airflow/example_dags/example_xcomargs.py for tasks to queue
[2025-10-14 16:05:51,908] {logging_mixin.py:115} INFO - [2025-10-14 16:05:51,908] {dagbag.py:507} INFO - Filling up the DagBag from /root/Projects/etlX/venv/lib/python3.9/site-packages/airflow/example_dags/example_xcomargs.py
[2025-10-14 16:05:51,930] {processor.py:651} INFO - DAG(s) dict_keys(['example_xcom_args', 'example_xcom_args_with_operators']) retrieved from /root/Projects/etlX/venv/lib/python3.9/site-packages/airflow/example_dags/example_xcomargs.py
[2025-10-14 16:05:51,953] {logging_mixin.py:115} INFO - [2025-10-14 16:05:51,953] {dag.py:2379} INFO - Sync 2 DAGs
[2025-10-14 16:05:51,968] {logging_mixin.py:115} INFO - [2025-10-14 16:05:51,968] {dag.py:2927} INFO - Setting next_dagrun for example_xcom_args to None, run_after=None
[2025-10-14 16:05:51,968] {logging_mixin.py:115} INFO - [2025-10-14 16:05:51,968] {dag.py:2927} INFO - Setting next_dagrun for example_xcom_args_with_operators to None, run_after=None
[2025-10-14 16:05:51,979] {processor.py:161} INFO - Processing /root/Projects/etlX/venv/lib/python3.9/site-packages/airflow/example_dags/example_xcomargs.py took 0.085 seconds
[2025-10-14 16:06:23,020] {processor.py:153} INFO - Started process (PID=20836) to work on /root/Projects/etlX/venv/lib/python3.9/site-packages/airflow/example_dags/example_xcomargs.py
[2025-10-14 16:06:23,021] {processor.py:641} INFO - Processing file /root/Projects/etlX/venv/lib/python3.9/site-packages/airflow/example_dags/example_xcomargs.py for tasks to queue
[2025-10-14 16:06:23,022] {logging_mixin.py:115} INFO - [2025-10-14 16:06:23,022] {dagbag.py:507} INFO - Filling up the DagBag from /root/Projects/etlX/venv/lib/python3.9/site-packages/airflow/example_dags/example_xcomargs.py
[2025-10-14 16:06:23,050] {processor.py:651} INFO - DAG(s) dict_keys(['example_xcom_args', 'example_xcom_args_with_operators']) retrieved from /root/Projects/etlX/venv/lib/python3.9/site-packages/airflow/example_dags/example_xcomargs.py
[2025-10-14 16:06:23,108] {logging_mixin.py:115} INFO - [2025-10-14 16:06:23,108] {dag.py:2379} INFO - Sync 2 DAGs
[2025-10-14 16:06:23,125] {logging_mixin.py:115} INFO - [2025-10-14 16:06:23,125] {dag.py:2927} INFO - Setting next_dagrun for example_xcom_args to None, run_after=None
[2025-10-14 16:06:23,125] {logging_mixin.py:115} INFO - [2025-10-14 16:06:23,125] {dag.py:2927} INFO - Setting next_dagrun for example_xcom_args_with_operators to None, run_after=None
[2025-10-14 16:06:23,139] {processor.py:161} INFO - Processing /root/Projects/etlX/venv/lib/python3.9/site-packages/airflow/example_dags/example_xcomargs.py took 0.124 seconds
[2025-10-14 16:06:54,708] {processor.py:153} INFO - Started process (PID=20888) to work on /root/Projects/etlX/venv/lib/python3.9/site-packages/airflow/example_dags/example_xcomargs.py
[2025-10-14 16:06:54,710] {processor.py:641} INFO - Processing file /root/Projects/etlX/venv/lib/python3.9/site-packages/airflow/example_dags/example_xcomargs.py for tasks to queue
[2025-10-14 16:06:54,711] {logging_mixin.py:115} INFO - [2025-10-14 16:06:54,711] {dagbag.py:507} INFO - Filling up the DagBag from /root/Projects/etlX/venv/lib/python3.9/site-packages/airflow/example_dags/example_xcomargs.py
[2025-10-14 16:06:54,761] {processor.py:651} INFO - DAG(s) dict_keys(['example_xcom_args', 'example_xcom_args_with_operators']) retrieved from /root/Projects/etlX/venv/lib/python3.9/site-packages/airflow/example_dags/example_xcomargs.py
[2025-10-14 16:06:54,785] {logging_mixin.py:115} INFO - [2025-10-14 16:06:54,785] {dag.py:2379} INFO - Sync 2 DAGs
[2025-10-14 16:06:54,801] {logging_mixin.py:115} INFO - [2025-10-14 16:06:54,801] {dag.py:2927} INFO - Setting next_dagrun for example_xcom_args to None, run_after=None
[2025-10-14 16:06:54,801] {logging_mixin.py:115} INFO - [2025-10-14 16:06:54,801] {dag.py:2927} INFO - Setting next_dagrun for example_xcom_args_with_operators to None, run_after=None
[2025-10-14 16:06:54,811] {processor.py:161} INFO - Processing /root/Projects/etlX/venv/lib/python3.9/site-packages/airflow/example_dags/example_xcomargs.py took 0.112 seconds
[2025-10-14 16:07:28,162] {processor.py:153} INFO - Started process (PID=21049) to work on /root/Projects/etlX/venv/lib/python3.9/site-packages/airflow/example_dags/example_xcomargs.py
[2025-10-14 16:07:28,163] {processor.py:641} INFO - Processing file /root/Projects/etlX/venv/lib/python3.9/site-packages/airflow/example_dags/example_xcomargs.py for tasks to queue
[2025-10-14 16:07:28,163] {logging_mixin.py:115} INFO - [2025-10-14 16:07:28,163] {dagbag.py:507} INFO - Filling up the DagBag from /root/Projects/etlX/venv/lib/python3.9/site-packages/airflow/example_dags/example_xcomargs.py
[2025-10-14 16:07:28,184] {processor.py:651} INFO - DAG(s) dict_keys(['example_xcom_args', 'example_xcom_args_with_operators']) retrieved from /root/Projects/etlX/venv/lib/python3.9/site-packages/airflow/example_dags/example_xcomargs.py
[2025-10-14 16:07:28,235] {logging_mixin.py:115} INFO - [2025-10-14 16:07:28,235] {dag.py:2379} INFO - Sync 2 DAGs
[2025-10-14 16:07:28,251] {logging_mixin.py:115} INFO - [2025-10-14 16:07:28,251] {dag.py:2927} INFO - Setting next_dagrun for example_xcom_args to None, run_after=None
[2025-10-14 16:07:28,251] {logging_mixin.py:115} INFO - [2025-10-14 16:07:28,251] {dag.py:2927} INFO - Setting next_dagrun for example_xcom_args_with_operators to None, run_after=None
[2025-10-14 16:07:28,266] {processor.py:161} INFO - Processing /root/Projects/etlX/venv/lib/python3.9/site-packages/airflow/example_dags/example_xcomargs.py took 0.108 seconds
[2025-10-14 16:07:59,988] {processor.py:153} INFO - Started process (PID=21360) to work on /root/Projects/etlX/venv/lib/python3.9/site-packages/airflow/example_dags/example_xcomargs.py
[2025-10-14 16:07:59,988] {processor.py:641} INFO - Processing file /root/Projects/etlX/venv/lib/python3.9/site-packages/airflow/example_dags/example_xcomargs.py for tasks to queue
[2025-10-14 16:07:59,989] {logging_mixin.py:115} INFO - [2025-10-14 16:07:59,989] {dagbag.py:507} INFO - Filling up the DagBag from /root/Projects/etlX/venv/lib/python3.9/site-packages/airflow/example_dags/example_xcomargs.py
[2025-10-14 16:08:00,011] {processor.py:651} INFO - DAG(s) dict_keys(['example_xcom_args', 'example_xcom_args_with_operators']) retrieved from /root/Projects/etlX/venv/lib/python3.9/site-packages/airflow/example_dags/example_xcomargs.py
[2025-10-14 16:08:00,034] {logging_mixin.py:115} INFO - [2025-10-14 16:08:00,034] {dag.py:2379} INFO - Sync 2 DAGs
[2025-10-14 16:08:00,050] {logging_mixin.py:115} INFO - [2025-10-14 16:08:00,050] {dag.py:2927} INFO - Setting next_dagrun for example_xcom_args to None, run_after=None
[2025-10-14 16:08:00,050] {logging_mixin.py:115} INFO - [2025-10-14 16:08:00,050] {dag.py:2927} INFO - Setting next_dagrun for example_xcom_args_with_operators to None, run_after=None
[2025-10-14 16:08:00,061] {processor.py:161} INFO - Processing /root/Projects/etlX/venv/lib/python3.9/site-packages/airflow/example_dags/example_xcomargs.py took 0.077 seconds
[2025-10-14 16:08:30,138] {processor.py:153} INFO - Started process (PID=21512) to work on /root/Projects/etlX/venv/lib/python3.9/site-packages/airflow/example_dags/example_xcomargs.py
[2025-10-14 16:08:30,140] {processor.py:641} INFO - Processing file /root/Projects/etlX/venv/lib/python3.9/site-packages/airflow/example_dags/example_xcomargs.py for tasks to queue
[2025-10-14 16:08:30,141] {logging_mixin.py:115} INFO - [2025-10-14 16:08:30,141] {dagbag.py:507} INFO - Filling up the DagBag from /root/Projects/etlX/venv/lib/python3.9/site-packages/airflow/example_dags/example_xcomargs.py
[2025-10-14 16:08:30,195] {processor.py:651} INFO - DAG(s) dict_keys(['example_xcom_args', 'example_xcom_args_with_operators']) retrieved from /root/Projects/etlX/venv/lib/python3.9/site-packages/airflow/example_dags/example_xcomargs.py
[2025-10-14 16:08:30,224] {logging_mixin.py:115} INFO - [2025-10-14 16:08:30,224] {dag.py:2379} INFO - Sync 2 DAGs
[2025-10-14 16:08:30,242] {logging_mixin.py:115} INFO - [2025-10-14 16:08:30,241] {dag.py:2927} INFO - Setting next_dagrun for example_xcom_args to None, run_after=None
[2025-10-14 16:08:30,242] {logging_mixin.py:115} INFO - [2025-10-14 16:08:30,242] {dag.py:2927} INFO - Setting next_dagrun for example_xcom_args_with_operators to None, run_after=None
[2025-10-14 16:08:30,253] {processor.py:161} INFO - Processing /root/Projects/etlX/venv/lib/python3.9/site-packages/airflow/example_dags/example_xcomargs.py took 0.126 seconds
[2025-10-14 16:09:01,865] {processor.py:153} INFO - Started process (PID=21821) to work on /root/Projects/etlX/venv/lib/python3.9/site-packages/airflow/example_dags/example_xcomargs.py
[2025-10-14 16:09:01,866] {processor.py:641} INFO - Processing file /root/Projects/etlX/venv/lib/python3.9/site-packages/airflow/example_dags/example_xcomargs.py for tasks to queue
[2025-10-14 16:09:01,866] {logging_mixin.py:115} INFO - [2025-10-14 16:09:01,866] {dagbag.py:507} INFO - Filling up the DagBag from /root/Projects/etlX/venv/lib/python3.9/site-packages/airflow/example_dags/example_xcomargs.py
[2025-10-14 16:09:01,893] {processor.py:651} INFO - DAG(s) dict_keys(['example_xcom_args', 'example_xcom_args_with_operators']) retrieved from /root/Projects/etlX/venv/lib/python3.9/site-packages/airflow/example_dags/example_xcomargs.py
[2025-10-14 16:09:01,950] {logging_mixin.py:115} INFO - [2025-10-14 16:09:01,950] {dag.py:2379} INFO - Sync 2 DAGs
[2025-10-14 16:09:01,968] {logging_mixin.py:115} INFO - [2025-10-14 16:09:01,968] {dag.py:2927} INFO - Setting next_dagrun for example_xcom_args to None, run_after=None
[2025-10-14 16:09:01,968] {logging_mixin.py:115} INFO - [2025-10-14 16:09:01,968] {dag.py:2927} INFO - Setting next_dagrun for example_xcom_args_with_operators to None, run_after=None
[2025-10-14 16:09:01,983] {processor.py:161} INFO - Processing /root/Projects/etlX/venv/lib/python3.9/site-packages/airflow/example_dags/example_xcomargs.py took 0.123 seconds
[2025-10-14 16:25:20,482] {processor.py:153} INFO - Started process (PID=22651) to work on /root/Projects/etlX/venv/lib/python3.9/site-packages/airflow/example_dags/example_xcomargs.py
[2025-10-14 16:25:20,483] {processor.py:641} INFO - Processing file /root/Projects/etlX/venv/lib/python3.9/site-packages/airflow/example_dags/example_xcomargs.py for tasks to queue
[2025-10-14 16:25:20,484] {logging_mixin.py:115} INFO - [2025-10-14 16:25:20,484] {dagbag.py:507} INFO - Filling up the DagBag from /root/Projects/etlX/venv/lib/python3.9/site-packages/airflow/example_dags/example_xcomargs.py
[2025-10-14 16:25:20,515] {processor.py:651} INFO - DAG(s) dict_keys(['example_xcom_args', 'example_xcom_args_with_operators']) retrieved from /root/Projects/etlX/venv/lib/python3.9/site-packages/airflow/example_dags/example_xcomargs.py
[2025-10-14 16:25:20,571] {logging_mixin.py:115} INFO - [2025-10-14 16:25:20,571] {dag.py:2379} INFO - Sync 2 DAGs
[2025-10-14 16:25:20,589] {logging_mixin.py:115} INFO - [2025-10-14 16:25:20,589] {dag.py:2927} INFO - Setting next_dagrun for example_xcom_args to None, run_after=None
[2025-10-14 16:25:20,590] {logging_mixin.py:115} INFO - [2025-10-14 16:25:20,590] {dag.py:2927} INFO - Setting next_dagrun for example_xcom_args_with_operators to None, run_after=None
[2025-10-14 16:25:20,604] {processor.py:161} INFO - Processing /root/Projects/etlX/venv/lib/python3.9/site-packages/airflow/example_dags/example_xcomargs.py took 0.129 seconds
[2025-10-14 16:25:54,617] {processor.py:153} INFO - Started process (PID=22865) to work on /root/Projects/etlX/venv/lib/python3.9/site-packages/airflow/example_dags/example_xcomargs.py
[2025-10-14 16:25:54,618] {processor.py:641} INFO - Processing file /root/Projects/etlX/venv/lib/python3.9/site-packages/airflow/example_dags/example_xcomargs.py for tasks to queue
[2025-10-14 16:25:54,618] {logging_mixin.py:115} INFO - [2025-10-14 16:25:54,618] {dagbag.py:507} INFO - Filling up the DagBag from /root/Projects/etlX/venv/lib/python3.9/site-packages/airflow/example_dags/example_xcomargs.py
[2025-10-14 16:25:54,641] {processor.py:651} INFO - DAG(s) dict_keys(['example_xcom_args', 'example_xcom_args_with_operators']) retrieved from /root/Projects/etlX/venv/lib/python3.9/site-packages/airflow/example_dags/example_xcomargs.py
[2025-10-14 16:25:54,689] {logging_mixin.py:115} INFO - [2025-10-14 16:25:54,689] {dag.py:2379} INFO - Sync 2 DAGs
[2025-10-14 16:25:54,702] {logging_mixin.py:115} INFO - [2025-10-14 16:25:54,702] {dag.py:2927} INFO - Setting next_dagrun for example_xcom_args to None, run_after=None
[2025-10-14 16:25:54,703] {logging_mixin.py:115} INFO - [2025-10-14 16:25:54,703] {dag.py:2927} INFO - Setting next_dagrun for example_xcom_args_with_operators to None, run_after=None
[2025-10-14 16:25:54,714] {processor.py:161} INFO - Processing /root/Projects/etlX/venv/lib/python3.9/site-packages/airflow/example_dags/example_xcomargs.py took 0.101 seconds
[2025-10-14 16:26:28,784] {processor.py:153} INFO - Started process (PID=22923) to work on /root/Projects/etlX/venv/lib/python3.9/site-packages/airflow/example_dags/example_xcomargs.py
[2025-10-14 16:26:28,784] {processor.py:641} INFO - Processing file /root/Projects/etlX/venv/lib/python3.9/site-packages/airflow/example_dags/example_xcomargs.py for tasks to queue
[2025-10-14 16:26:28,785] {logging_mixin.py:115} INFO - [2025-10-14 16:26:28,785] {dagbag.py:507} INFO - Filling up the DagBag from /root/Projects/etlX/venv/lib/python3.9/site-packages/airflow/example_dags/example_xcomargs.py
[2025-10-14 16:26:28,807] {processor.py:651} INFO - DAG(s) dict_keys(['example_xcom_args', 'example_xcom_args_with_operators']) retrieved from /root/Projects/etlX/venv/lib/python3.9/site-packages/airflow/example_dags/example_xcomargs.py
[2025-10-14 16:26:28,852] {logging_mixin.py:115} INFO - [2025-10-14 16:26:28,852] {dag.py:2379} INFO - Sync 2 DAGs
[2025-10-14 16:26:28,865] {logging_mixin.py:115} INFO - [2025-10-14 16:26:28,865] {dag.py:2927} INFO - Setting next_dagrun for example_xcom_args to None, run_after=None
[2025-10-14 16:26:28,866] {logging_mixin.py:115} INFO - [2025-10-14 16:26:28,866] {dag.py:2927} INFO - Setting next_dagrun for example_xcom_args_with_operators to None, run_after=None
[2025-10-14 16:26:28,877] {processor.py:161} INFO - Processing /root/Projects/etlX/venv/lib/python3.9/site-packages/airflow/example_dags/example_xcomargs.py took 0.098 seconds
[2025-10-14 16:27:02,746] {processor.py:153} INFO - Started process (PID=22978) to work on /root/Projects/etlX/venv/lib/python3.9/site-packages/airflow/example_dags/example_xcomargs.py
[2025-10-14 16:27:02,747] {processor.py:641} INFO - Processing file /root/Projects/etlX/venv/lib/python3.9/site-packages/airflow/example_dags/example_xcomargs.py for tasks to queue
[2025-10-14 16:27:02,747] {logging_mixin.py:115} INFO - [2025-10-14 16:27:02,747] {dagbag.py:507} INFO - Filling up the DagBag from /root/Projects/etlX/venv/lib/python3.9/site-packages/airflow/example_dags/example_xcomargs.py
[2025-10-14 16:27:02,768] {processor.py:651} INFO - DAG(s) dict_keys(['example_xcom_args', 'example_xcom_args_with_operators']) retrieved from /root/Projects/etlX/venv/lib/python3.9/site-packages/airflow/example_dags/example_xcomargs.py
[2025-10-14 16:27:02,791] {logging_mixin.py:115} INFO - [2025-10-14 16:27:02,791] {dag.py:2379} INFO - Sync 2 DAGs
[2025-10-14 16:27:02,807] {logging_mixin.py:115} INFO - [2025-10-14 16:27:02,807] {dag.py:2927} INFO - Setting next_dagrun for example_xcom_args to None, run_after=None
[2025-10-14 16:27:02,807] {logging_mixin.py:115} INFO - [2025-10-14 16:27:02,807] {dag.py:2927} INFO - Setting next_dagrun for example_xcom_args_with_operators to None, run_after=None
[2025-10-14 16:27:02,817] {processor.py:161} INFO - Processing /root/Projects/etlX/venv/lib/python3.9/site-packages/airflow/example_dags/example_xcomargs.py took 0.076 seconds
[2025-10-14 16:27:36,503] {processor.py:153} INFO - Started process (PID=23139) to work on /root/Projects/etlX/venv/lib/python3.9/site-packages/airflow/example_dags/example_xcomargs.py
[2025-10-14 16:27:36,504] {processor.py:641} INFO - Processing file /root/Projects/etlX/venv/lib/python3.9/site-packages/airflow/example_dags/example_xcomargs.py for tasks to queue
[2025-10-14 16:27:36,505] {logging_mixin.py:115} INFO - [2025-10-14 16:27:36,505] {dagbag.py:507} INFO - Filling up the DagBag from /root/Projects/etlX/venv/lib/python3.9/site-packages/airflow/example_dags/example_xcomargs.py
[2025-10-14 16:27:36,549] {processor.py:651} INFO - DAG(s) dict_keys(['example_xcom_args', 'example_xcom_args_with_operators']) retrieved from /root/Projects/etlX/venv/lib/python3.9/site-packages/airflow/example_dags/example_xcomargs.py
[2025-10-14 16:27:36,599] {logging_mixin.py:115} INFO - [2025-10-14 16:27:36,599] {dag.py:2379} INFO - Sync 2 DAGs
[2025-10-14 16:27:36,613] {logging_mixin.py:115} INFO - [2025-10-14 16:27:36,613] {dag.py:2927} INFO - Setting next_dagrun for example_xcom_args to None, run_after=None
[2025-10-14 16:27:36,613] {logging_mixin.py:115} INFO - [2025-10-14 16:27:36,613] {dag.py:2927} INFO - Setting next_dagrun for example_xcom_args_with_operators to None, run_after=None
[2025-10-14 16:27:36,625] {processor.py:161} INFO - Processing /root/Projects/etlX/venv/lib/python3.9/site-packages/airflow/example_dags/example_xcomargs.py took 0.129 seconds
[2025-10-14 16:28:09,298] {processor.py:153} INFO - Started process (PID=23214) to work on /root/Projects/etlX/venv/lib/python3.9/site-packages/airflow/example_dags/example_xcomargs.py
[2025-10-14 16:28:09,298] {processor.py:641} INFO - Processing file /root/Projects/etlX/venv/lib/python3.9/site-packages/airflow/example_dags/example_xcomargs.py for tasks to queue
[2025-10-14 16:28:09,299] {logging_mixin.py:115} INFO - [2025-10-14 16:28:09,299] {dagbag.py:507} INFO - Filling up the DagBag from /root/Projects/etlX/venv/lib/python3.9/site-packages/airflow/example_dags/example_xcomargs.py
[2025-10-14 16:28:09,322] {processor.py:651} INFO - DAG(s) dict_keys(['example_xcom_args', 'example_xcom_args_with_operators']) retrieved from /root/Projects/etlX/venv/lib/python3.9/site-packages/airflow/example_dags/example_xcomargs.py
[2025-10-14 16:28:09,370] {logging_mixin.py:115} INFO - [2025-10-14 16:28:09,370] {dag.py:2379} INFO - Sync 2 DAGs
[2025-10-14 16:28:09,383] {logging_mixin.py:115} INFO - [2025-10-14 16:28:09,383] {dag.py:2927} INFO - Setting next_dagrun for example_xcom_args to None, run_after=None
[2025-10-14 16:28:09,383] {logging_mixin.py:115} INFO - [2025-10-14 16:28:09,383] {dag.py:2927} INFO - Setting next_dagrun for example_xcom_args_with_operators to None, run_after=None
[2025-10-14 16:28:09,394] {processor.py:161} INFO - Processing /root/Projects/etlX/venv/lib/python3.9/site-packages/airflow/example_dags/example_xcomargs.py took 0.101 seconds
[2025-10-14 16:28:41,940] {processor.py:153} INFO - Started process (PID=23351) to work on /root/Projects/etlX/venv/lib/python3.9/site-packages/airflow/example_dags/example_xcomargs.py
[2025-10-14 16:28:41,941] {processor.py:641} INFO - Processing file /root/Projects/etlX/venv/lib/python3.9/site-packages/airflow/example_dags/example_xcomargs.py for tasks to queue
[2025-10-14 16:28:41,942] {logging_mixin.py:115} INFO - [2025-10-14 16:28:41,942] {dagbag.py:507} INFO - Filling up the DagBag from /root/Projects/etlX/venv/lib/python3.9/site-packages/airflow/example_dags/example_xcomargs.py
[2025-10-14 16:28:41,964] {processor.py:651} INFO - DAG(s) dict_keys(['example_xcom_args', 'example_xcom_args_with_operators']) retrieved from /root/Projects/etlX/venv/lib/python3.9/site-packages/airflow/example_dags/example_xcomargs.py
[2025-10-14 16:28:42,019] {logging_mixin.py:115} INFO - [2025-10-14 16:28:42,019] {dag.py:2379} INFO - Sync 2 DAGs
[2025-10-14 16:28:42,036] {logging_mixin.py:115} INFO - [2025-10-14 16:28:42,036] {dag.py:2927} INFO - Setting next_dagrun for example_xcom_args to None, run_after=None
[2025-10-14 16:28:42,036] {logging_mixin.py:115} INFO - [2025-10-14 16:28:42,036] {dag.py:2927} INFO - Setting next_dagrun for example_xcom_args_with_operators to None, run_after=None
[2025-10-14 16:28:42,048] {processor.py:161} INFO - Processing /root/Projects/etlX/venv/lib/python3.9/site-packages/airflow/example_dags/example_xcomargs.py took 0.113 seconds
[2025-10-14 16:29:14,108] {processor.py:153} INFO - Started process (PID=23456) to work on /root/Projects/etlX/venv/lib/python3.9/site-packages/airflow/example_dags/example_xcomargs.py
[2025-10-14 16:29:14,109] {processor.py:641} INFO - Processing file /root/Projects/etlX/venv/lib/python3.9/site-packages/airflow/example_dags/example_xcomargs.py for tasks to queue
[2025-10-14 16:29:14,109] {logging_mixin.py:115} INFO - [2025-10-14 16:29:14,109] {dagbag.py:507} INFO - Filling up the DagBag from /root/Projects/etlX/venv/lib/python3.9/site-packages/airflow/example_dags/example_xcomargs.py
[2025-10-14 16:29:14,137] {processor.py:651} INFO - DAG(s) dict_keys(['example_xcom_args', 'example_xcom_args_with_operators']) retrieved from /root/Projects/etlX/venv/lib/python3.9/site-packages/airflow/example_dags/example_xcomargs.py
[2025-10-14 16:29:14,184] {logging_mixin.py:115} INFO - [2025-10-14 16:29:14,184] {dag.py:2379} INFO - Sync 2 DAGs
[2025-10-14 16:29:14,197] {logging_mixin.py:115} INFO - [2025-10-14 16:29:14,197] {dag.py:2927} INFO - Setting next_dagrun for example_xcom_args to None, run_after=None
[2025-10-14 16:29:14,197] {logging_mixin.py:115} INFO - [2025-10-14 16:29:14,197] {dag.py:2927} INFO - Setting next_dagrun for example_xcom_args_with_operators to None, run_after=None
[2025-10-14 16:29:14,208] {processor.py:161} INFO - Processing /root/Projects/etlX/venv/lib/python3.9/site-packages/airflow/example_dags/example_xcomargs.py took 0.106 seconds
[2025-10-14 16:29:47,201] {processor.py:153} INFO - Started process (PID=23620) to work on /root/Projects/etlX/venv/lib/python3.9/site-packages/airflow/example_dags/example_xcomargs.py
[2025-10-14 16:29:47,202] {processor.py:641} INFO - Processing file /root/Projects/etlX/venv/lib/python3.9/site-packages/airflow/example_dags/example_xcomargs.py for tasks to queue
[2025-10-14 16:29:47,202] {logging_mixin.py:115} INFO - [2025-10-14 16:29:47,202] {dagbag.py:507} INFO - Filling up the DagBag from /root/Projects/etlX/venv/lib/python3.9/site-packages/airflow/example_dags/example_xcomargs.py
[2025-10-14 16:29:47,224] {processor.py:651} INFO - DAG(s) dict_keys(['example_xcom_args', 'example_xcom_args_with_operators']) retrieved from /root/Projects/etlX/venv/lib/python3.9/site-packages/airflow/example_dags/example_xcomargs.py
[2025-10-14 16:29:47,274] {logging_mixin.py:115} INFO - [2025-10-14 16:29:47,274] {dag.py:2379} INFO - Sync 2 DAGs
[2025-10-14 16:29:47,287] {logging_mixin.py:115} INFO - [2025-10-14 16:29:47,287] {dag.py:2927} INFO - Setting next_dagrun for example_xcom_args to None, run_after=None
[2025-10-14 16:29:47,287] {logging_mixin.py:115} INFO - [2025-10-14 16:29:47,287] {dag.py:2927} INFO - Setting next_dagrun for example_xcom_args_with_operators to None, run_after=None
[2025-10-14 16:29:47,299] {processor.py:161} INFO - Processing /root/Projects/etlX/venv/lib/python3.9/site-packages/airflow/example_dags/example_xcomargs.py took 0.102 seconds
[2025-10-14 16:36:06,118] {processor.py:153} INFO - Started process (PID=24477) to work on /root/Projects/etlX/venv/lib/python3.9/site-packages/airflow/example_dags/example_xcomargs.py
[2025-10-14 16:36:06,118] {processor.py:641} INFO - Processing file /root/Projects/etlX/venv/lib/python3.9/site-packages/airflow/example_dags/example_xcomargs.py for tasks to queue
[2025-10-14 16:36:06,120] {logging_mixin.py:115} INFO - [2025-10-14 16:36:06,119] {dagbag.py:507} INFO - Filling up the DagBag from /root/Projects/etlX/venv/lib/python3.9/site-packages/airflow/example_dags/example_xcomargs.py
[2025-10-14 16:36:06,146] {processor.py:651} INFO - DAG(s) dict_keys(['example_xcom_args', 'example_xcom_args_with_operators']) retrieved from /root/Projects/etlX/venv/lib/python3.9/site-packages/airflow/example_dags/example_xcomargs.py
[2025-10-14 16:36:06,197] {logging_mixin.py:115} INFO - [2025-10-14 16:36:06,197] {dag.py:2379} INFO - Sync 2 DAGs
[2025-10-14 16:36:06,211] {logging_mixin.py:115} INFO - [2025-10-14 16:36:06,211] {dag.py:2927} INFO - Setting next_dagrun for example_xcom_args to None, run_after=None
[2025-10-14 16:36:06,211] {logging_mixin.py:115} INFO - [2025-10-14 16:36:06,211] {dag.py:2927} INFO - Setting next_dagrun for example_xcom_args_with_operators to None, run_after=None
[2025-10-14 16:36:06,223] {processor.py:161} INFO - Processing /root/Projects/etlX/venv/lib/python3.9/site-packages/airflow/example_dags/example_xcomargs.py took 0.112 seconds
