[2025-10-14 14:57:08,851] {processor.py:153} INFO - Started process (PID=13295) to work on /root/Projects/etlX/venv/lib/python3.9/site-packages/airflow/example_dags/example_short_circuit_operator.py
[2025-10-14 14:57:08,852] {processor.py:641} INFO - Processing file /root/Projects/etlX/venv/lib/python3.9/site-packages/airflow/example_dags/example_short_circuit_operator.py for tasks to queue
[2025-10-14 14:57:08,852] {logging_mixin.py:115} INFO - [2025-10-14 14:57:08,852] {dagbag.py:507} INFO - Filling up the DagBag from /root/Projects/etlX/venv/lib/python3.9/site-packages/airflow/example_dags/example_short_circuit_operator.py
[2025-10-14 14:57:08,863] {processor.py:651} INFO - DAG(s) dict_keys(['example_short_circuit_operator']) retrieved from /root/Projects/etlX/venv/lib/python3.9/site-packages/airflow/example_dags/example_short_circuit_operator.py
[2025-10-14 14:57:08,927] {logging_mixin.py:115} INFO - [2025-10-14 14:57:08,927] {manager.py:508} INFO - Created Permission View: can read on DAG:example_short_circuit_operator
[2025-10-14 14:57:08,936] {logging_mixin.py:115} INFO - [2025-10-14 14:57:08,936] {manager.py:508} INFO - Created Permission View: can edit on DAG:example_short_circuit_operator
[2025-10-14 14:57:08,942] {logging_mixin.py:115} INFO - [2025-10-14 14:57:08,942] {manager.py:508} INFO - Created Permission View: can delete on DAG:example_short_circuit_operator
[2025-10-14 14:57:08,942] {logging_mixin.py:115} INFO - [2025-10-14 14:57:08,942] {dag.py:2379} INFO - Sync 1 DAGs
[2025-10-14 14:57:08,949] {logging_mixin.py:115} INFO - [2025-10-14 14:57:08,949] {dag.py:2398} INFO - Creating ORM DAG for example_short_circuit_operator
[2025-10-14 14:57:08,956] {logging_mixin.py:115} INFO - [2025-10-14 14:57:08,956] {dag.py:2927} INFO - Setting next_dagrun for example_short_circuit_operator to 2025-10-13T17:57:08.956469+00:00, run_after=2025-10-14T17:57:08.956469+00:00
[2025-10-14 14:57:08,968] {processor.py:161} INFO - Processing /root/Projects/etlX/venv/lib/python3.9/site-packages/airflow/example_dags/example_short_circuit_operator.py took 0.121 seconds
[2025-10-14 14:57:45,309] {processor.py:153} INFO - Started process (PID=13535) to work on /root/Projects/etlX/venv/lib/python3.9/site-packages/airflow/example_dags/example_short_circuit_operator.py
[2025-10-14 14:57:45,310] {processor.py:641} INFO - Processing file /root/Projects/etlX/venv/lib/python3.9/site-packages/airflow/example_dags/example_short_circuit_operator.py for tasks to queue
[2025-10-14 14:57:45,311] {logging_mixin.py:115} INFO - [2025-10-14 14:57:45,311] {dagbag.py:507} INFO - Filling up the DagBag from /root/Projects/etlX/venv/lib/python3.9/site-packages/airflow/example_dags/example_short_circuit_operator.py
[2025-10-14 14:57:45,333] {processor.py:651} INFO - DAG(s) dict_keys(['example_short_circuit_operator']) retrieved from /root/Projects/etlX/venv/lib/python3.9/site-packages/airflow/example_dags/example_short_circuit_operator.py
[2025-10-14 14:57:45,367] {logging_mixin.py:115} INFO - [2025-10-14 14:57:45,367] {dag.py:2379} INFO - Sync 1 DAGs
[2025-10-14 14:57:45,398] {logging_mixin.py:115} INFO - [2025-10-14 14:57:45,398] {dag.py:2927} INFO - Setting next_dagrun for example_short_circuit_operator to 2025-10-13T17:57:45.398237+00:00, run_after=2025-10-14T17:57:45.398237+00:00
[2025-10-14 14:57:45,423] {processor.py:161} INFO - Processing /root/Projects/etlX/venv/lib/python3.9/site-packages/airflow/example_dags/example_short_circuit_operator.py took 0.122 seconds
[2025-10-14 14:58:19,795] {processor.py:153} INFO - Started process (PID=13695) to work on /root/Projects/etlX/venv/lib/python3.9/site-packages/airflow/example_dags/example_short_circuit_operator.py
[2025-10-14 14:58:19,796] {processor.py:641} INFO - Processing file /root/Projects/etlX/venv/lib/python3.9/site-packages/airflow/example_dags/example_short_circuit_operator.py for tasks to queue
[2025-10-14 14:58:19,797] {logging_mixin.py:115} INFO - [2025-10-14 14:58:19,797] {dagbag.py:507} INFO - Filling up the DagBag from /root/Projects/etlX/venv/lib/python3.9/site-packages/airflow/example_dags/example_short_circuit_operator.py
[2025-10-14 14:58:19,815] {processor.py:651} INFO - DAG(s) dict_keys(['example_short_circuit_operator']) retrieved from /root/Projects/etlX/venv/lib/python3.9/site-packages/airflow/example_dags/example_short_circuit_operator.py
[2025-10-14 14:58:19,839] {logging_mixin.py:115} INFO - [2025-10-14 14:58:19,839] {dag.py:2379} INFO - Sync 1 DAGs
[2025-10-14 14:58:19,857] {logging_mixin.py:115} INFO - [2025-10-14 14:58:19,857] {dag.py:2927} INFO - Setting next_dagrun for example_short_circuit_operator to 2025-10-13T17:58:19.857157+00:00, run_after=2025-10-14T17:58:19.857157+00:00
[2025-10-14 14:58:19,867] {processor.py:161} INFO - Processing /root/Projects/etlX/venv/lib/python3.9/site-packages/airflow/example_dags/example_short_circuit_operator.py took 0.080 seconds
[2025-10-14 14:58:52,303] {processor.py:153} INFO - Started process (PID=13750) to work on /root/Projects/etlX/venv/lib/python3.9/site-packages/airflow/example_dags/example_short_circuit_operator.py
[2025-10-14 14:58:52,304] {processor.py:641} INFO - Processing file /root/Projects/etlX/venv/lib/python3.9/site-packages/airflow/example_dags/example_short_circuit_operator.py for tasks to queue
[2025-10-14 14:58:52,305] {logging_mixin.py:115} INFO - [2025-10-14 14:58:52,305] {dagbag.py:507} INFO - Filling up the DagBag from /root/Projects/etlX/venv/lib/python3.9/site-packages/airflow/example_dags/example_short_circuit_operator.py
[2025-10-14 14:58:52,319] {processor.py:651} INFO - DAG(s) dict_keys(['example_short_circuit_operator']) retrieved from /root/Projects/etlX/venv/lib/python3.9/site-packages/airflow/example_dags/example_short_circuit_operator.py
[2025-10-14 14:58:52,342] {logging_mixin.py:115} INFO - [2025-10-14 14:58:52,342] {dag.py:2379} INFO - Sync 1 DAGs
[2025-10-14 14:58:52,361] {logging_mixin.py:115} INFO - [2025-10-14 14:58:52,361] {dag.py:2927} INFO - Setting next_dagrun for example_short_circuit_operator to 2025-10-13T17:58:52.360703+00:00, run_after=2025-10-14T17:58:52.360703+00:00
[2025-10-14 14:58:52,371] {processor.py:161} INFO - Processing /root/Projects/etlX/venv/lib/python3.9/site-packages/airflow/example_dags/example_short_circuit_operator.py took 0.074 seconds
[2025-10-14 14:59:26,773] {processor.py:153} INFO - Started process (PID=13964) to work on /root/Projects/etlX/venv/lib/python3.9/site-packages/airflow/example_dags/example_short_circuit_operator.py
[2025-10-14 14:59:26,773] {processor.py:641} INFO - Processing file /root/Projects/etlX/venv/lib/python3.9/site-packages/airflow/example_dags/example_short_circuit_operator.py for tasks to queue
[2025-10-14 14:59:26,774] {logging_mixin.py:115} INFO - [2025-10-14 14:59:26,774] {dagbag.py:507} INFO - Filling up the DagBag from /root/Projects/etlX/venv/lib/python3.9/site-packages/airflow/example_dags/example_short_circuit_operator.py
[2025-10-14 14:59:26,785] {processor.py:651} INFO - DAG(s) dict_keys(['example_short_circuit_operator']) retrieved from /root/Projects/etlX/venv/lib/python3.9/site-packages/airflow/example_dags/example_short_circuit_operator.py
[2025-10-14 14:59:26,807] {logging_mixin.py:115} INFO - [2025-10-14 14:59:26,807] {dag.py:2379} INFO - Sync 1 DAGs
[2025-10-14 14:59:26,829] {logging_mixin.py:115} INFO - [2025-10-14 14:59:26,828] {dag.py:2927} INFO - Setting next_dagrun for example_short_circuit_operator to 2025-10-13T17:59:26.828655+00:00, run_after=2025-10-14T17:59:26.828655+00:00
[2025-10-14 14:59:26,840] {processor.py:161} INFO - Processing /root/Projects/etlX/venv/lib/python3.9/site-packages/airflow/example_dags/example_short_circuit_operator.py took 0.074 seconds
[2025-10-14 15:00:00,829] {processor.py:153} INFO - Started process (PID=14019) to work on /root/Projects/etlX/venv/lib/python3.9/site-packages/airflow/example_dags/example_short_circuit_operator.py
[2025-10-14 15:00:00,830] {processor.py:641} INFO - Processing file /root/Projects/etlX/venv/lib/python3.9/site-packages/airflow/example_dags/example_short_circuit_operator.py for tasks to queue
[2025-10-14 15:00:00,830] {logging_mixin.py:115} INFO - [2025-10-14 15:00:00,830] {dagbag.py:507} INFO - Filling up the DagBag from /root/Projects/etlX/venv/lib/python3.9/site-packages/airflow/example_dags/example_short_circuit_operator.py
[2025-10-14 15:00:00,842] {processor.py:651} INFO - DAG(s) dict_keys(['example_short_circuit_operator']) retrieved from /root/Projects/etlX/venv/lib/python3.9/site-packages/airflow/example_dags/example_short_circuit_operator.py
[2025-10-14 15:00:00,865] {logging_mixin.py:115} INFO - [2025-10-14 15:00:00,865] {dag.py:2379} INFO - Sync 1 DAGs
[2025-10-14 15:00:00,887] {logging_mixin.py:115} INFO - [2025-10-14 15:00:00,887] {dag.py:2927} INFO - Setting next_dagrun for example_short_circuit_operator to 2025-10-13T18:00:00.886944+00:00, run_after=2025-10-14T18:00:00.886944+00:00
[2025-10-14 15:00:00,900] {processor.py:161} INFO - Processing /root/Projects/etlX/venv/lib/python3.9/site-packages/airflow/example_dags/example_short_circuit_operator.py took 0.077 seconds
[2025-10-14 15:00:33,812] {processor.py:153} INFO - Started process (PID=14074) to work on /root/Projects/etlX/venv/lib/python3.9/site-packages/airflow/example_dags/example_short_circuit_operator.py
[2025-10-14 15:00:33,812] {processor.py:641} INFO - Processing file /root/Projects/etlX/venv/lib/python3.9/site-packages/airflow/example_dags/example_short_circuit_operator.py for tasks to queue
[2025-10-14 15:00:33,813] {logging_mixin.py:115} INFO - [2025-10-14 15:00:33,813] {dagbag.py:507} INFO - Filling up the DagBag from /root/Projects/etlX/venv/lib/python3.9/site-packages/airflow/example_dags/example_short_circuit_operator.py
[2025-10-14 15:00:33,824] {processor.py:651} INFO - DAG(s) dict_keys(['example_short_circuit_operator']) retrieved from /root/Projects/etlX/venv/lib/python3.9/site-packages/airflow/example_dags/example_short_circuit_operator.py
[2025-10-14 15:00:33,847] {logging_mixin.py:115} INFO - [2025-10-14 15:00:33,847] {dag.py:2379} INFO - Sync 1 DAGs
[2025-10-14 15:00:33,868] {logging_mixin.py:115} INFO - [2025-10-14 15:00:33,867] {dag.py:2927} INFO - Setting next_dagrun for example_short_circuit_operator to 2025-10-13T18:00:33.867708+00:00, run_after=2025-10-14T18:00:33.867708+00:00
[2025-10-14 15:00:33,881] {processor.py:161} INFO - Processing /root/Projects/etlX/venv/lib/python3.9/site-packages/airflow/example_dags/example_short_circuit_operator.py took 0.074 seconds
[2025-10-14 15:01:07,913] {processor.py:153} INFO - Started process (PID=14438) to work on /root/Projects/etlX/venv/lib/python3.9/site-packages/airflow/example_dags/example_short_circuit_operator.py
[2025-10-14 15:01:07,914] {processor.py:641} INFO - Processing file /root/Projects/etlX/venv/lib/python3.9/site-packages/airflow/example_dags/example_short_circuit_operator.py for tasks to queue
[2025-10-14 15:01:07,915] {logging_mixin.py:115} INFO - [2025-10-14 15:01:07,915] {dagbag.py:507} INFO - Filling up the DagBag from /root/Projects/etlX/venv/lib/python3.9/site-packages/airflow/example_dags/example_short_circuit_operator.py
[2025-10-14 15:01:07,927] {processor.py:651} INFO - DAG(s) dict_keys(['example_short_circuit_operator']) retrieved from /root/Projects/etlX/venv/lib/python3.9/site-packages/airflow/example_dags/example_short_circuit_operator.py
[2025-10-14 15:01:07,948] {logging_mixin.py:115} INFO - [2025-10-14 15:01:07,948] {dag.py:2379} INFO - Sync 1 DAGs
[2025-10-14 15:01:07,969] {logging_mixin.py:115} INFO - [2025-10-14 15:01:07,968] {dag.py:2927} INFO - Setting next_dagrun for example_short_circuit_operator to 2025-10-13T18:01:07.968636+00:00, run_after=2025-10-14T18:01:07.968636+00:00
[2025-10-14 15:01:07,979] {processor.py:161} INFO - Processing /root/Projects/etlX/venv/lib/python3.9/site-packages/airflow/example_dags/example_short_circuit_operator.py took 0.071 seconds
[2025-10-14 15:01:41,192] {processor.py:153} INFO - Started process (PID=14544) to work on /root/Projects/etlX/venv/lib/python3.9/site-packages/airflow/example_dags/example_short_circuit_operator.py
[2025-10-14 15:01:41,192] {processor.py:641} INFO - Processing file /root/Projects/etlX/venv/lib/python3.9/site-packages/airflow/example_dags/example_short_circuit_operator.py for tasks to queue
[2025-10-14 15:01:41,193] {logging_mixin.py:115} INFO - [2025-10-14 15:01:41,193] {dagbag.py:507} INFO - Filling up the DagBag from /root/Projects/etlX/venv/lib/python3.9/site-packages/airflow/example_dags/example_short_circuit_operator.py
[2025-10-14 15:01:41,203] {processor.py:651} INFO - DAG(s) dict_keys(['example_short_circuit_operator']) retrieved from /root/Projects/etlX/venv/lib/python3.9/site-packages/airflow/example_dags/example_short_circuit_operator.py
[2025-10-14 15:01:41,223] {logging_mixin.py:115} INFO - [2025-10-14 15:01:41,223] {dag.py:2379} INFO - Sync 1 DAGs
[2025-10-14 15:01:41,242] {logging_mixin.py:115} INFO - [2025-10-14 15:01:41,242] {dag.py:2927} INFO - Setting next_dagrun for example_short_circuit_operator to 2025-10-13T18:01:41.242306+00:00, run_after=2025-10-14T18:01:41.242306+00:00
[2025-10-14 15:01:41,253] {processor.py:161} INFO - Processing /root/Projects/etlX/venv/lib/python3.9/site-packages/airflow/example_dags/example_short_circuit_operator.py took 0.065 seconds
[2025-10-14 15:02:16,307] {processor.py:153} INFO - Started process (PID=14808) to work on /root/Projects/etlX/venv/lib/python3.9/site-packages/airflow/example_dags/example_short_circuit_operator.py
[2025-10-14 15:02:16,308] {processor.py:641} INFO - Processing file /root/Projects/etlX/venv/lib/python3.9/site-packages/airflow/example_dags/example_short_circuit_operator.py for tasks to queue
[2025-10-14 15:02:16,310] {logging_mixin.py:115} INFO - [2025-10-14 15:02:16,310] {dagbag.py:507} INFO - Filling up the DagBag from /root/Projects/etlX/venv/lib/python3.9/site-packages/airflow/example_dags/example_short_circuit_operator.py
[2025-10-14 15:02:16,325] {processor.py:651} INFO - DAG(s) dict_keys(['example_short_circuit_operator']) retrieved from /root/Projects/etlX/venv/lib/python3.9/site-packages/airflow/example_dags/example_short_circuit_operator.py
[2025-10-14 15:02:16,355] {logging_mixin.py:115} INFO - [2025-10-14 15:02:16,355] {dag.py:2379} INFO - Sync 1 DAGs
[2025-10-14 15:02:16,384] {logging_mixin.py:115} INFO - [2025-10-14 15:02:16,384] {dag.py:2927} INFO - Setting next_dagrun for example_short_circuit_operator to 2025-10-13T18:02:16.383917+00:00, run_after=2025-10-14T18:02:16.383917+00:00
[2025-10-14 15:02:16,400] {processor.py:161} INFO - Processing /root/Projects/etlX/venv/lib/python3.9/site-packages/airflow/example_dags/example_short_circuit_operator.py took 0.100 seconds
[2025-10-14 15:02:50,714] {processor.py:153} INFO - Started process (PID=14919) to work on /root/Projects/etlX/venv/lib/python3.9/site-packages/airflow/example_dags/example_short_circuit_operator.py
[2025-10-14 15:02:50,715] {processor.py:641} INFO - Processing file /root/Projects/etlX/venv/lib/python3.9/site-packages/airflow/example_dags/example_short_circuit_operator.py for tasks to queue
[2025-10-14 15:02:50,716] {logging_mixin.py:115} INFO - [2025-10-14 15:02:50,715] {dagbag.py:507} INFO - Filling up the DagBag from /root/Projects/etlX/venv/lib/python3.9/site-packages/airflow/example_dags/example_short_circuit_operator.py
[2025-10-14 15:02:50,729] {processor.py:651} INFO - DAG(s) dict_keys(['example_short_circuit_operator']) retrieved from /root/Projects/etlX/venv/lib/python3.9/site-packages/airflow/example_dags/example_short_circuit_operator.py
[2025-10-14 15:02:50,753] {logging_mixin.py:115} INFO - [2025-10-14 15:02:50,753] {dag.py:2379} INFO - Sync 1 DAGs
[2025-10-14 15:02:50,774] {logging_mixin.py:115} INFO - [2025-10-14 15:02:50,774] {dag.py:2927} INFO - Setting next_dagrun for example_short_circuit_operator to 2025-10-13T18:02:50.774107+00:00, run_after=2025-10-14T18:02:50.774107+00:00
[2025-10-14 15:02:50,786] {processor.py:161} INFO - Processing /root/Projects/etlX/venv/lib/python3.9/site-packages/airflow/example_dags/example_short_circuit_operator.py took 0.077 seconds
[2025-10-14 15:03:23,172] {processor.py:153} INFO - Started process (PID=15025) to work on /root/Projects/etlX/venv/lib/python3.9/site-packages/airflow/example_dags/example_short_circuit_operator.py
[2025-10-14 15:03:23,172] {processor.py:641} INFO - Processing file /root/Projects/etlX/venv/lib/python3.9/site-packages/airflow/example_dags/example_short_circuit_operator.py for tasks to queue
[2025-10-14 15:03:23,173] {logging_mixin.py:115} INFO - [2025-10-14 15:03:23,173] {dagbag.py:507} INFO - Filling up the DagBag from /root/Projects/etlX/venv/lib/python3.9/site-packages/airflow/example_dags/example_short_circuit_operator.py
[2025-10-14 15:03:23,185] {processor.py:651} INFO - DAG(s) dict_keys(['example_short_circuit_operator']) retrieved from /root/Projects/etlX/venv/lib/python3.9/site-packages/airflow/example_dags/example_short_circuit_operator.py
[2025-10-14 15:03:23,207] {logging_mixin.py:115} INFO - [2025-10-14 15:03:23,207] {dag.py:2379} INFO - Sync 1 DAGs
[2025-10-14 15:03:23,228] {logging_mixin.py:115} INFO - [2025-10-14 15:03:23,227] {dag.py:2927} INFO - Setting next_dagrun for example_short_circuit_operator to 2025-10-13T18:03:23.227629+00:00, run_after=2025-10-14T18:03:23.227629+00:00
[2025-10-14 15:03:23,241] {processor.py:161} INFO - Processing /root/Projects/etlX/venv/lib/python3.9/site-packages/airflow/example_dags/example_short_circuit_operator.py took 0.074 seconds
[2025-10-14 15:09:57,375] {processor.py:153} INFO - Started process (PID=15834) to work on /root/Projects/etlX/venv/lib/python3.9/site-packages/airflow/example_dags/example_short_circuit_operator.py
[2025-10-14 15:09:57,375] {processor.py:641} INFO - Processing file /root/Projects/etlX/venv/lib/python3.9/site-packages/airflow/example_dags/example_short_circuit_operator.py for tasks to queue
[2025-10-14 15:09:57,376] {logging_mixin.py:115} INFO - [2025-10-14 15:09:57,376] {dagbag.py:507} INFO - Filling up the DagBag from /root/Projects/etlX/venv/lib/python3.9/site-packages/airflow/example_dags/example_short_circuit_operator.py
[2025-10-14 15:09:57,390] {processor.py:651} INFO - DAG(s) dict_keys(['example_short_circuit_operator']) retrieved from /root/Projects/etlX/venv/lib/python3.9/site-packages/airflow/example_dags/example_short_circuit_operator.py
[2025-10-14 15:09:57,412] {logging_mixin.py:115} INFO - [2025-10-14 15:09:57,412] {dag.py:2379} INFO - Sync 1 DAGs
[2025-10-14 15:09:57,433] {logging_mixin.py:115} INFO - [2025-10-14 15:09:57,433] {dag.py:2927} INFO - Setting next_dagrun for example_short_circuit_operator to 2025-10-13T18:09:57.433571+00:00, run_after=2025-10-14T18:09:57.433571+00:00
[2025-10-14 15:09:57,446] {processor.py:161} INFO - Processing /root/Projects/etlX/venv/lib/python3.9/site-packages/airflow/example_dags/example_short_circuit_operator.py took 0.078 seconds
[2025-10-14 15:10:32,328] {processor.py:153} INFO - Started process (PID=15943) to work on /root/Projects/etlX/venv/lib/python3.9/site-packages/airflow/example_dags/example_short_circuit_operator.py
[2025-10-14 15:10:32,329] {processor.py:641} INFO - Processing file /root/Projects/etlX/venv/lib/python3.9/site-packages/airflow/example_dags/example_short_circuit_operator.py for tasks to queue
[2025-10-14 15:10:32,330] {logging_mixin.py:115} INFO - [2025-10-14 15:10:32,329] {dagbag.py:507} INFO - Filling up the DagBag from /root/Projects/etlX/venv/lib/python3.9/site-packages/airflow/example_dags/example_short_circuit_operator.py
[2025-10-14 15:10:32,340] {processor.py:651} INFO - DAG(s) dict_keys(['example_short_circuit_operator']) retrieved from /root/Projects/etlX/venv/lib/python3.9/site-packages/airflow/example_dags/example_short_circuit_operator.py
[2025-10-14 15:10:32,361] {logging_mixin.py:115} INFO - [2025-10-14 15:10:32,361] {dag.py:2379} INFO - Sync 1 DAGs
[2025-10-14 15:10:32,382] {logging_mixin.py:115} INFO - [2025-10-14 15:10:32,382] {dag.py:2927} INFO - Setting next_dagrun for example_short_circuit_operator to 2025-10-13T18:10:32.381701+00:00, run_after=2025-10-14T18:10:32.381701+00:00
[2025-10-14 15:10:32,393] {processor.py:161} INFO - Processing /root/Projects/etlX/venv/lib/python3.9/site-packages/airflow/example_dags/example_short_circuit_operator.py took 0.070 seconds
[2025-10-14 15:11:06,949] {processor.py:153} INFO - Started process (PID=16001) to work on /root/Projects/etlX/venv/lib/python3.9/site-packages/airflow/example_dags/example_short_circuit_operator.py
[2025-10-14 15:11:06,949] {processor.py:641} INFO - Processing file /root/Projects/etlX/venv/lib/python3.9/site-packages/airflow/example_dags/example_short_circuit_operator.py for tasks to queue
[2025-10-14 15:11:06,950] {logging_mixin.py:115} INFO - [2025-10-14 15:11:06,950] {dagbag.py:507} INFO - Filling up the DagBag from /root/Projects/etlX/venv/lib/python3.9/site-packages/airflow/example_dags/example_short_circuit_operator.py
[2025-10-14 15:11:06,964] {processor.py:651} INFO - DAG(s) dict_keys(['example_short_circuit_operator']) retrieved from /root/Projects/etlX/venv/lib/python3.9/site-packages/airflow/example_dags/example_short_circuit_operator.py
[2025-10-14 15:11:06,987] {logging_mixin.py:115} INFO - [2025-10-14 15:11:06,987] {dag.py:2379} INFO - Sync 1 DAGs
[2025-10-14 15:11:07,011] {logging_mixin.py:115} INFO - [2025-10-14 15:11:07,011] {dag.py:2927} INFO - Setting next_dagrun for example_short_circuit_operator to 2025-10-13T18:11:07.011050+00:00, run_after=2025-10-14T18:11:07.011050+00:00
[2025-10-14 15:11:07,026] {processor.py:161} INFO - Processing /root/Projects/etlX/venv/lib/python3.9/site-packages/airflow/example_dags/example_short_circuit_operator.py took 0.082 seconds
[2025-10-14 15:11:39,884] {processor.py:153} INFO - Started process (PID=16159) to work on /root/Projects/etlX/venv/lib/python3.9/site-packages/airflow/example_dags/example_short_circuit_operator.py
[2025-10-14 15:11:39,884] {processor.py:641} INFO - Processing file /root/Projects/etlX/venv/lib/python3.9/site-packages/airflow/example_dags/example_short_circuit_operator.py for tasks to queue
[2025-10-14 15:11:39,885] {logging_mixin.py:115} INFO - [2025-10-14 15:11:39,885] {dagbag.py:507} INFO - Filling up the DagBag from /root/Projects/etlX/venv/lib/python3.9/site-packages/airflow/example_dags/example_short_circuit_operator.py
[2025-10-14 15:11:39,896] {processor.py:651} INFO - DAG(s) dict_keys(['example_short_circuit_operator']) retrieved from /root/Projects/etlX/venv/lib/python3.9/site-packages/airflow/example_dags/example_short_circuit_operator.py
[2025-10-14 15:11:39,918] {logging_mixin.py:115} INFO - [2025-10-14 15:11:39,918] {dag.py:2379} INFO - Sync 1 DAGs
[2025-10-14 15:11:39,938] {logging_mixin.py:115} INFO - [2025-10-14 15:11:39,938] {dag.py:2927} INFO - Setting next_dagrun for example_short_circuit_operator to 2025-10-13T18:11:39.937897+00:00, run_after=2025-10-14T18:11:39.937897+00:00
[2025-10-14 15:11:39,950] {processor.py:161} INFO - Processing /root/Projects/etlX/venv/lib/python3.9/site-packages/airflow/example_dags/example_short_circuit_operator.py took 0.071 seconds
[2025-10-14 15:12:14,780] {processor.py:153} INFO - Started process (PID=16217) to work on /root/Projects/etlX/venv/lib/python3.9/site-packages/airflow/example_dags/example_short_circuit_operator.py
[2025-10-14 15:12:14,780] {processor.py:641} INFO - Processing file /root/Projects/etlX/venv/lib/python3.9/site-packages/airflow/example_dags/example_short_circuit_operator.py for tasks to queue
[2025-10-14 15:12:14,781] {logging_mixin.py:115} INFO - [2025-10-14 15:12:14,781] {dagbag.py:507} INFO - Filling up the DagBag from /root/Projects/etlX/venv/lib/python3.9/site-packages/airflow/example_dags/example_short_circuit_operator.py
[2025-10-14 15:12:14,793] {processor.py:651} INFO - DAG(s) dict_keys(['example_short_circuit_operator']) retrieved from /root/Projects/etlX/venv/lib/python3.9/site-packages/airflow/example_dags/example_short_circuit_operator.py
[2025-10-14 15:12:14,814] {logging_mixin.py:115} INFO - [2025-10-14 15:12:14,814] {dag.py:2379} INFO - Sync 1 DAGs
[2025-10-14 15:12:14,835] {logging_mixin.py:115} INFO - [2025-10-14 15:12:14,835] {dag.py:2927} INFO - Setting next_dagrun for example_short_circuit_operator to 2025-10-13T18:12:14.834972+00:00, run_after=2025-10-14T18:12:14.834972+00:00
[2025-10-14 15:12:14,847] {processor.py:161} INFO - Processing /root/Projects/etlX/venv/lib/python3.9/site-packages/airflow/example_dags/example_short_circuit_operator.py took 0.072 seconds
[2025-10-14 15:12:48,195] {processor.py:153} INFO - Started process (PID=16272) to work on /root/Projects/etlX/venv/lib/python3.9/site-packages/airflow/example_dags/example_short_circuit_operator.py
[2025-10-14 15:12:48,196] {processor.py:641} INFO - Processing file /root/Projects/etlX/venv/lib/python3.9/site-packages/airflow/example_dags/example_short_circuit_operator.py for tasks to queue
[2025-10-14 15:12:48,196] {logging_mixin.py:115} INFO - [2025-10-14 15:12:48,196] {dagbag.py:507} INFO - Filling up the DagBag from /root/Projects/etlX/venv/lib/python3.9/site-packages/airflow/example_dags/example_short_circuit_operator.py
[2025-10-14 15:12:48,212] {processor.py:651} INFO - DAG(s) dict_keys(['example_short_circuit_operator']) retrieved from /root/Projects/etlX/venv/lib/python3.9/site-packages/airflow/example_dags/example_short_circuit_operator.py
[2025-10-14 15:12:48,236] {logging_mixin.py:115} INFO - [2025-10-14 15:12:48,236] {dag.py:2379} INFO - Sync 1 DAGs
[2025-10-14 15:12:48,255] {logging_mixin.py:115} INFO - [2025-10-14 15:12:48,254] {dag.py:2927} INFO - Setting next_dagrun for example_short_circuit_operator to 2025-10-13T18:12:48.254639+00:00, run_after=2025-10-14T18:12:48.254639+00:00
[2025-10-14 15:12:48,266] {processor.py:161} INFO - Processing /root/Projects/etlX/venv/lib/python3.9/site-packages/airflow/example_dags/example_short_circuit_operator.py took 0.079 seconds
[2025-10-14 15:13:22,575] {processor.py:153} INFO - Started process (PID=16330) to work on /root/Projects/etlX/venv/lib/python3.9/site-packages/airflow/example_dags/example_short_circuit_operator.py
[2025-10-14 15:13:22,576] {processor.py:641} INFO - Processing file /root/Projects/etlX/venv/lib/python3.9/site-packages/airflow/example_dags/example_short_circuit_operator.py for tasks to queue
[2025-10-14 15:13:22,577] {logging_mixin.py:115} INFO - [2025-10-14 15:13:22,577] {dagbag.py:507} INFO - Filling up the DagBag from /root/Projects/etlX/venv/lib/python3.9/site-packages/airflow/example_dags/example_short_circuit_operator.py
[2025-10-14 15:13:22,594] {processor.py:651} INFO - DAG(s) dict_keys(['example_short_circuit_operator']) retrieved from /root/Projects/etlX/venv/lib/python3.9/site-packages/airflow/example_dags/example_short_circuit_operator.py
[2025-10-14 15:13:22,628] {logging_mixin.py:115} INFO - [2025-10-14 15:13:22,628] {dag.py:2379} INFO - Sync 1 DAGs
[2025-10-14 15:13:22,650] {logging_mixin.py:115} INFO - [2025-10-14 15:13:22,649] {dag.py:2927} INFO - Setting next_dagrun for example_short_circuit_operator to 2025-10-13T18:13:22.649625+00:00, run_after=2025-10-14T18:13:22.649625+00:00
[2025-10-14 15:13:22,660] {processor.py:161} INFO - Processing /root/Projects/etlX/venv/lib/python3.9/site-packages/airflow/example_dags/example_short_circuit_operator.py took 0.094 seconds
[2025-10-14 15:13:55,295] {processor.py:153} INFO - Started process (PID=16385) to work on /root/Projects/etlX/venv/lib/python3.9/site-packages/airflow/example_dags/example_short_circuit_operator.py
[2025-10-14 15:13:55,296] {processor.py:641} INFO - Processing file /root/Projects/etlX/venv/lib/python3.9/site-packages/airflow/example_dags/example_short_circuit_operator.py for tasks to queue
[2025-10-14 15:13:55,297] {logging_mixin.py:115} INFO - [2025-10-14 15:13:55,296] {dagbag.py:507} INFO - Filling up the DagBag from /root/Projects/etlX/venv/lib/python3.9/site-packages/airflow/example_dags/example_short_circuit_operator.py
[2025-10-14 15:13:55,307] {processor.py:651} INFO - DAG(s) dict_keys(['example_short_circuit_operator']) retrieved from /root/Projects/etlX/venv/lib/python3.9/site-packages/airflow/example_dags/example_short_circuit_operator.py
[2025-10-14 15:13:55,329] {logging_mixin.py:115} INFO - [2025-10-14 15:13:55,329] {dag.py:2379} INFO - Sync 1 DAGs
[2025-10-14 15:13:55,349] {logging_mixin.py:115} INFO - [2025-10-14 15:13:55,349] {dag.py:2927} INFO - Setting next_dagrun for example_short_circuit_operator to 2025-10-13T18:13:55.348807+00:00, run_after=2025-10-14T18:13:55.348807+00:00
[2025-10-14 15:13:55,360] {processor.py:161} INFO - Processing /root/Projects/etlX/venv/lib/python3.9/site-packages/airflow/example_dags/example_short_circuit_operator.py took 0.070 seconds
[2025-10-14 15:14:28,570] {processor.py:153} INFO - Started process (PID=16440) to work on /root/Projects/etlX/venv/lib/python3.9/site-packages/airflow/example_dags/example_short_circuit_operator.py
[2025-10-14 15:14:28,571] {processor.py:641} INFO - Processing file /root/Projects/etlX/venv/lib/python3.9/site-packages/airflow/example_dags/example_short_circuit_operator.py for tasks to queue
[2025-10-14 15:14:28,571] {logging_mixin.py:115} INFO - [2025-10-14 15:14:28,571] {dagbag.py:507} INFO - Filling up the DagBag from /root/Projects/etlX/venv/lib/python3.9/site-packages/airflow/example_dags/example_short_circuit_operator.py
[2025-10-14 15:14:28,583] {processor.py:651} INFO - DAG(s) dict_keys(['example_short_circuit_operator']) retrieved from /root/Projects/etlX/venv/lib/python3.9/site-packages/airflow/example_dags/example_short_circuit_operator.py
[2025-10-14 15:14:28,605] {logging_mixin.py:115} INFO - [2025-10-14 15:14:28,605] {dag.py:2379} INFO - Sync 1 DAGs
[2025-10-14 15:14:28,627] {logging_mixin.py:115} INFO - [2025-10-14 15:14:28,627] {dag.py:2927} INFO - Setting next_dagrun for example_short_circuit_operator to 2025-10-13T18:14:28.627181+00:00, run_after=2025-10-14T18:14:28.627181+00:00
[2025-10-14 15:14:28,640] {processor.py:161} INFO - Processing /root/Projects/etlX/venv/lib/python3.9/site-packages/airflow/example_dags/example_short_circuit_operator.py took 0.078 seconds
[2025-10-14 15:15:03,994] {processor.py:153} INFO - Started process (PID=16550) to work on /root/Projects/etlX/venv/lib/python3.9/site-packages/airflow/example_dags/example_short_circuit_operator.py
[2025-10-14 15:15:03,996] {processor.py:641} INFO - Processing file /root/Projects/etlX/venv/lib/python3.9/site-packages/airflow/example_dags/example_short_circuit_operator.py for tasks to queue
[2025-10-14 15:15:03,997] {logging_mixin.py:115} INFO - [2025-10-14 15:15:03,997] {dagbag.py:507} INFO - Filling up the DagBag from /root/Projects/etlX/venv/lib/python3.9/site-packages/airflow/example_dags/example_short_circuit_operator.py
[2025-10-14 15:15:04,016] {processor.py:651} INFO - DAG(s) dict_keys(['example_short_circuit_operator']) retrieved from /root/Projects/etlX/venv/lib/python3.9/site-packages/airflow/example_dags/example_short_circuit_operator.py
[2025-10-14 15:15:04,041] {logging_mixin.py:115} INFO - [2025-10-14 15:15:04,041] {dag.py:2379} INFO - Sync 1 DAGs
[2025-10-14 15:15:04,060] {logging_mixin.py:115} INFO - [2025-10-14 15:15:04,060] {dag.py:2927} INFO - Setting next_dagrun for example_short_circuit_operator to 2025-10-13T18:15:04.059891+00:00, run_after=2025-10-14T18:15:04.059891+00:00
[2025-10-14 15:15:04,071] {processor.py:161} INFO - Processing /root/Projects/etlX/venv/lib/python3.9/site-packages/airflow/example_dags/example_short_circuit_operator.py took 0.089 seconds
[2025-10-14 15:15:40,039] {processor.py:153} INFO - Started process (PID=16609) to work on /root/Projects/etlX/venv/lib/python3.9/site-packages/airflow/example_dags/example_short_circuit_operator.py
[2025-10-14 15:15:40,040] {processor.py:641} INFO - Processing file /root/Projects/etlX/venv/lib/python3.9/site-packages/airflow/example_dags/example_short_circuit_operator.py for tasks to queue
[2025-10-14 15:15:40,040] {logging_mixin.py:115} INFO - [2025-10-14 15:15:40,040] {dagbag.py:507} INFO - Filling up the DagBag from /root/Projects/etlX/venv/lib/python3.9/site-packages/airflow/example_dags/example_short_circuit_operator.py
[2025-10-14 15:15:40,051] {processor.py:651} INFO - DAG(s) dict_keys(['example_short_circuit_operator']) retrieved from /root/Projects/etlX/venv/lib/python3.9/site-packages/airflow/example_dags/example_short_circuit_operator.py
[2025-10-14 15:15:40,072] {logging_mixin.py:115} INFO - [2025-10-14 15:15:40,072] {dag.py:2379} INFO - Sync 1 DAGs
[2025-10-14 15:15:40,093] {logging_mixin.py:115} INFO - [2025-10-14 15:15:40,093] {dag.py:2927} INFO - Setting next_dagrun for example_short_circuit_operator to 2025-10-13T18:15:40.092905+00:00, run_after=2025-10-14T18:15:40.092905+00:00
[2025-10-14 15:15:40,105] {processor.py:161} INFO - Processing /root/Projects/etlX/venv/lib/python3.9/site-packages/airflow/example_dags/example_short_circuit_operator.py took 0.070 seconds
[2025-10-14 15:16:14,608] {processor.py:153} INFO - Started process (PID=16771) to work on /root/Projects/etlX/venv/lib/python3.9/site-packages/airflow/example_dags/example_short_circuit_operator.py
[2025-10-14 15:16:14,608] {processor.py:641} INFO - Processing file /root/Projects/etlX/venv/lib/python3.9/site-packages/airflow/example_dags/example_short_circuit_operator.py for tasks to queue
[2025-10-14 15:16:14,609] {logging_mixin.py:115} INFO - [2025-10-14 15:16:14,609] {dagbag.py:507} INFO - Filling up the DagBag from /root/Projects/etlX/venv/lib/python3.9/site-packages/airflow/example_dags/example_short_circuit_operator.py
[2025-10-14 15:16:14,624] {processor.py:651} INFO - DAG(s) dict_keys(['example_short_circuit_operator']) retrieved from /root/Projects/etlX/venv/lib/python3.9/site-packages/airflow/example_dags/example_short_circuit_operator.py
[2025-10-14 15:16:14,652] {logging_mixin.py:115} INFO - [2025-10-14 15:16:14,652] {dag.py:2379} INFO - Sync 1 DAGs
[2025-10-14 15:16:14,673] {logging_mixin.py:115} INFO - [2025-10-14 15:16:14,672] {dag.py:2927} INFO - Setting next_dagrun for example_short_circuit_operator to 2025-10-13T18:16:14.672540+00:00, run_after=2025-10-14T18:16:14.672540+00:00
[2025-10-14 15:16:14,685] {processor.py:161} INFO - Processing /root/Projects/etlX/venv/lib/python3.9/site-packages/airflow/example_dags/example_short_circuit_operator.py took 0.084 seconds
[2025-10-14 15:16:48,556] {processor.py:153} INFO - Started process (PID=17002) to work on /root/Projects/etlX/venv/lib/python3.9/site-packages/airflow/example_dags/example_short_circuit_operator.py
[2025-10-14 15:16:48,556] {processor.py:641} INFO - Processing file /root/Projects/etlX/venv/lib/python3.9/site-packages/airflow/example_dags/example_short_circuit_operator.py for tasks to queue
[2025-10-14 15:16:48,557] {logging_mixin.py:115} INFO - [2025-10-14 15:16:48,557] {dagbag.py:507} INFO - Filling up the DagBag from /root/Projects/etlX/venv/lib/python3.9/site-packages/airflow/example_dags/example_short_circuit_operator.py
[2025-10-14 15:16:48,569] {processor.py:651} INFO - DAG(s) dict_keys(['example_short_circuit_operator']) retrieved from /root/Projects/etlX/venv/lib/python3.9/site-packages/airflow/example_dags/example_short_circuit_operator.py
[2025-10-14 15:16:48,593] {logging_mixin.py:115} INFO - [2025-10-14 15:16:48,593] {dag.py:2379} INFO - Sync 1 DAGs
[2025-10-14 15:16:48,617] {logging_mixin.py:115} INFO - [2025-10-14 15:16:48,617] {dag.py:2927} INFO - Setting next_dagrun for example_short_circuit_operator to 2025-10-13T18:16:48.617157+00:00, run_after=2025-10-14T18:16:48.617157+00:00
[2025-10-14 15:16:48,634] {processor.py:161} INFO - Processing /root/Projects/etlX/venv/lib/python3.9/site-packages/airflow/example_dags/example_short_circuit_operator.py took 0.083 seconds
[2025-10-14 15:17:23,161] {processor.py:153} INFO - Started process (PID=17090) to work on /root/Projects/etlX/venv/lib/python3.9/site-packages/airflow/example_dags/example_short_circuit_operator.py
[2025-10-14 15:17:23,162] {processor.py:641} INFO - Processing file /root/Projects/etlX/venv/lib/python3.9/site-packages/airflow/example_dags/example_short_circuit_operator.py for tasks to queue
[2025-10-14 15:17:23,162] {logging_mixin.py:115} INFO - [2025-10-14 15:17:23,162] {dagbag.py:507} INFO - Filling up the DagBag from /root/Projects/etlX/venv/lib/python3.9/site-packages/airflow/example_dags/example_short_circuit_operator.py
[2025-10-14 15:17:23,175] {processor.py:651} INFO - DAG(s) dict_keys(['example_short_circuit_operator']) retrieved from /root/Projects/etlX/venv/lib/python3.9/site-packages/airflow/example_dags/example_short_circuit_operator.py
[2025-10-14 15:17:23,196] {logging_mixin.py:115} INFO - [2025-10-14 15:17:23,196] {dag.py:2379} INFO - Sync 1 DAGs
[2025-10-14 15:17:23,218] {logging_mixin.py:115} INFO - [2025-10-14 15:17:23,218] {dag.py:2927} INFO - Setting next_dagrun for example_short_circuit_operator to 2025-10-13T18:17:23.218372+00:00, run_after=2025-10-14T18:17:23.218372+00:00
[2025-10-14 15:17:23,231] {processor.py:161} INFO - Processing /root/Projects/etlX/venv/lib/python3.9/site-packages/airflow/example_dags/example_short_circuit_operator.py took 0.074 seconds
[2025-10-14 15:17:58,761] {processor.py:153} INFO - Started process (PID=17375) to work on /root/Projects/etlX/venv/lib/python3.9/site-packages/airflow/example_dags/example_short_circuit_operator.py
[2025-10-14 15:17:58,761] {processor.py:641} INFO - Processing file /root/Projects/etlX/venv/lib/python3.9/site-packages/airflow/example_dags/example_short_circuit_operator.py for tasks to queue
[2025-10-14 15:17:58,762] {logging_mixin.py:115} INFO - [2025-10-14 15:17:58,762] {dagbag.py:507} INFO - Filling up the DagBag from /root/Projects/etlX/venv/lib/python3.9/site-packages/airflow/example_dags/example_short_circuit_operator.py
[2025-10-14 15:17:58,773] {processor.py:651} INFO - DAG(s) dict_keys(['example_short_circuit_operator']) retrieved from /root/Projects/etlX/venv/lib/python3.9/site-packages/airflow/example_dags/example_short_circuit_operator.py
[2025-10-14 15:17:58,801] {logging_mixin.py:115} INFO - [2025-10-14 15:17:58,801] {dag.py:2379} INFO - Sync 1 DAGs
[2025-10-14 15:17:58,822] {logging_mixin.py:115} INFO - [2025-10-14 15:17:58,822] {dag.py:2927} INFO - Setting next_dagrun for example_short_circuit_operator to 2025-10-13T18:17:58.822267+00:00, run_after=2025-10-14T18:17:58.822267+00:00
[2025-10-14 15:17:58,834] {processor.py:161} INFO - Processing /root/Projects/etlX/venv/lib/python3.9/site-packages/airflow/example_dags/example_short_circuit_operator.py took 0.078 seconds
[2025-10-14 15:58:55,753] {processor.py:153} INFO - Started process (PID=19826) to work on /root/Projects/etlX/venv/lib/python3.9/site-packages/airflow/example_dags/example_short_circuit_operator.py
[2025-10-14 15:58:55,754] {processor.py:641} INFO - Processing file /root/Projects/etlX/venv/lib/python3.9/site-packages/airflow/example_dags/example_short_circuit_operator.py for tasks to queue
[2025-10-14 15:58:55,755] {logging_mixin.py:115} INFO - [2025-10-14 15:58:55,755] {dagbag.py:507} INFO - Filling up the DagBag from /root/Projects/etlX/venv/lib/python3.9/site-packages/airflow/example_dags/example_short_circuit_operator.py
[2025-10-14 15:58:55,806] {processor.py:651} INFO - DAG(s) dict_keys(['example_short_circuit_operator']) retrieved from /root/Projects/etlX/venv/lib/python3.9/site-packages/airflow/example_dags/example_short_circuit_operator.py
[2025-10-14 15:58:55,877] {logging_mixin.py:115} INFO - [2025-10-14 15:58:55,877] {dag.py:2379} INFO - Sync 1 DAGs
[2025-10-14 15:58:55,924] {logging_mixin.py:115} INFO - [2025-10-14 15:58:55,923] {dag.py:2927} INFO - Setting next_dagrun for example_short_circuit_operator to 2025-10-13T18:58:55.921249+00:00, run_after=2025-10-14T18:58:55.921249+00:00
[2025-10-14 15:58:55,955] {processor.py:161} INFO - Processing /root/Projects/etlX/venv/lib/python3.9/site-packages/airflow/example_dags/example_short_circuit_operator.py took 0.208 seconds
[2025-10-14 15:59:28,332] {processor.py:153} INFO - Started process (PID=20085) to work on /root/Projects/etlX/venv/lib/python3.9/site-packages/airflow/example_dags/example_short_circuit_operator.py
[2025-10-14 15:59:28,333] {processor.py:641} INFO - Processing file /root/Projects/etlX/venv/lib/python3.9/site-packages/airflow/example_dags/example_short_circuit_operator.py for tasks to queue
[2025-10-14 15:59:28,334] {logging_mixin.py:115} INFO - [2025-10-14 15:59:28,334] {dagbag.py:507} INFO - Filling up the DagBag from /root/Projects/etlX/venv/lib/python3.9/site-packages/airflow/example_dags/example_short_circuit_operator.py
[2025-10-14 15:59:28,347] {processor.py:651} INFO - DAG(s) dict_keys(['example_short_circuit_operator']) retrieved from /root/Projects/etlX/venv/lib/python3.9/site-packages/airflow/example_dags/example_short_circuit_operator.py
[2025-10-14 15:59:28,369] {logging_mixin.py:115} INFO - [2025-10-14 15:59:28,369] {dag.py:2379} INFO - Sync 1 DAGs
[2025-10-14 15:59:28,390] {logging_mixin.py:115} INFO - [2025-10-14 15:59:28,390] {dag.py:2927} INFO - Setting next_dagrun for example_short_circuit_operator to 2025-10-13T18:59:28.390480+00:00, run_after=2025-10-14T18:59:28.390480+00:00
[2025-10-14 15:59:28,403] {processor.py:161} INFO - Processing /root/Projects/etlX/venv/lib/python3.9/site-packages/airflow/example_dags/example_short_circuit_operator.py took 0.077 seconds
[2025-10-14 16:00:01,628] {processor.py:153} INFO - Started process (PID=20140) to work on /root/Projects/etlX/venv/lib/python3.9/site-packages/airflow/example_dags/example_short_circuit_operator.py
[2025-10-14 16:00:01,629] {processor.py:641} INFO - Processing file /root/Projects/etlX/venv/lib/python3.9/site-packages/airflow/example_dags/example_short_circuit_operator.py for tasks to queue
[2025-10-14 16:00:01,631] {logging_mixin.py:115} INFO - [2025-10-14 16:00:01,631] {dagbag.py:507} INFO - Filling up the DagBag from /root/Projects/etlX/venv/lib/python3.9/site-packages/airflow/example_dags/example_short_circuit_operator.py
[2025-10-14 16:00:01,643] {processor.py:651} INFO - DAG(s) dict_keys(['example_short_circuit_operator']) retrieved from /root/Projects/etlX/venv/lib/python3.9/site-packages/airflow/example_dags/example_short_circuit_operator.py
[2025-10-14 16:00:01,665] {logging_mixin.py:115} INFO - [2025-10-14 16:00:01,665] {dag.py:2379} INFO - Sync 1 DAGs
[2025-10-14 16:00:01,685] {logging_mixin.py:115} INFO - [2025-10-14 16:00:01,684] {dag.py:2927} INFO - Setting next_dagrun for example_short_circuit_operator to 2025-10-13T19:00:01.684603+00:00, run_after=2025-10-14T19:00:01.684603+00:00
[2025-10-14 16:00:01,696] {processor.py:161} INFO - Processing /root/Projects/etlX/venv/lib/python3.9/site-packages/airflow/example_dags/example_short_circuit_operator.py took 0.080 seconds
[2025-10-14 16:00:35,040] {processor.py:153} INFO - Started process (PID=20198) to work on /root/Projects/etlX/venv/lib/python3.9/site-packages/airflow/example_dags/example_short_circuit_operator.py
[2025-10-14 16:00:35,042] {processor.py:641} INFO - Processing file /root/Projects/etlX/venv/lib/python3.9/site-packages/airflow/example_dags/example_short_circuit_operator.py for tasks to queue
[2025-10-14 16:00:35,043] {logging_mixin.py:115} INFO - [2025-10-14 16:00:35,043] {dagbag.py:507} INFO - Filling up the DagBag from /root/Projects/etlX/venv/lib/python3.9/site-packages/airflow/example_dags/example_short_circuit_operator.py
[2025-10-14 16:00:35,058] {processor.py:651} INFO - DAG(s) dict_keys(['example_short_circuit_operator']) retrieved from /root/Projects/etlX/venv/lib/python3.9/site-packages/airflow/example_dags/example_short_circuit_operator.py
[2025-10-14 16:00:35,078] {logging_mixin.py:115} INFO - [2025-10-14 16:00:35,078] {dag.py:2379} INFO - Sync 1 DAGs
[2025-10-14 16:00:35,097] {logging_mixin.py:115} INFO - [2025-10-14 16:00:35,097] {dag.py:2927} INFO - Setting next_dagrun for example_short_circuit_operator to 2025-10-13T19:00:35.097354+00:00, run_after=2025-10-14T19:00:35.097354+00:00
[2025-10-14 16:00:35,109] {processor.py:161} INFO - Processing /root/Projects/etlX/venv/lib/python3.9/site-packages/airflow/example_dags/example_short_circuit_operator.py took 0.078 seconds
[2025-10-14 16:01:07,935] {processor.py:153} INFO - Started process (PID=20253) to work on /root/Projects/etlX/venv/lib/python3.9/site-packages/airflow/example_dags/example_short_circuit_operator.py
[2025-10-14 16:01:07,936] {processor.py:641} INFO - Processing file /root/Projects/etlX/venv/lib/python3.9/site-packages/airflow/example_dags/example_short_circuit_operator.py for tasks to queue
[2025-10-14 16:01:07,937] {logging_mixin.py:115} INFO - [2025-10-14 16:01:07,937] {dagbag.py:507} INFO - Filling up the DagBag from /root/Projects/etlX/venv/lib/python3.9/site-packages/airflow/example_dags/example_short_circuit_operator.py
[2025-10-14 16:01:07,947] {processor.py:651} INFO - DAG(s) dict_keys(['example_short_circuit_operator']) retrieved from /root/Projects/etlX/venv/lib/python3.9/site-packages/airflow/example_dags/example_short_circuit_operator.py
[2025-10-14 16:01:07,968] {logging_mixin.py:115} INFO - [2025-10-14 16:01:07,968] {dag.py:2379} INFO - Sync 1 DAGs
[2025-10-14 16:01:07,987] {logging_mixin.py:115} INFO - [2025-10-14 16:01:07,987] {dag.py:2927} INFO - Setting next_dagrun for example_short_circuit_operator to 2025-10-13T19:01:07.986737+00:00, run_after=2025-10-14T19:01:07.986737+00:00
[2025-10-14 16:01:07,997] {processor.py:161} INFO - Processing /root/Projects/etlX/venv/lib/python3.9/site-packages/airflow/example_dags/example_short_circuit_operator.py took 0.067 seconds
[2025-10-14 16:01:42,557] {processor.py:153} INFO - Started process (PID=20311) to work on /root/Projects/etlX/venv/lib/python3.9/site-packages/airflow/example_dags/example_short_circuit_operator.py
[2025-10-14 16:01:42,558] {processor.py:641} INFO - Processing file /root/Projects/etlX/venv/lib/python3.9/site-packages/airflow/example_dags/example_short_circuit_operator.py for tasks to queue
[2025-10-14 16:01:42,558] {logging_mixin.py:115} INFO - [2025-10-14 16:01:42,558] {dagbag.py:507} INFO - Filling up the DagBag from /root/Projects/etlX/venv/lib/python3.9/site-packages/airflow/example_dags/example_short_circuit_operator.py
[2025-10-14 16:01:42,569] {processor.py:651} INFO - DAG(s) dict_keys(['example_short_circuit_operator']) retrieved from /root/Projects/etlX/venv/lib/python3.9/site-packages/airflow/example_dags/example_short_circuit_operator.py
[2025-10-14 16:01:42,589] {logging_mixin.py:115} INFO - [2025-10-14 16:01:42,589] {dag.py:2379} INFO - Sync 1 DAGs
[2025-10-14 16:01:42,607] {logging_mixin.py:115} INFO - [2025-10-14 16:01:42,607] {dag.py:2927} INFO - Setting next_dagrun for example_short_circuit_operator to 2025-10-13T19:01:42.607465+00:00, run_after=2025-10-14T19:01:42.607465+00:00
[2025-10-14 16:01:42,618] {processor.py:161} INFO - Processing /root/Projects/etlX/venv/lib/python3.9/site-packages/airflow/example_dags/example_short_circuit_operator.py took 0.066 seconds
[2025-10-14 16:02:17,087] {processor.py:153} INFO - Started process (PID=20369) to work on /root/Projects/etlX/venv/lib/python3.9/site-packages/airflow/example_dags/example_short_circuit_operator.py
[2025-10-14 16:02:17,088] {processor.py:641} INFO - Processing file /root/Projects/etlX/venv/lib/python3.9/site-packages/airflow/example_dags/example_short_circuit_operator.py for tasks to queue
[2025-10-14 16:02:17,089] {logging_mixin.py:115} INFO - [2025-10-14 16:02:17,089] {dagbag.py:507} INFO - Filling up the DagBag from /root/Projects/etlX/venv/lib/python3.9/site-packages/airflow/example_dags/example_short_circuit_operator.py
[2025-10-14 16:02:17,106] {processor.py:651} INFO - DAG(s) dict_keys(['example_short_circuit_operator']) retrieved from /root/Projects/etlX/venv/lib/python3.9/site-packages/airflow/example_dags/example_short_circuit_operator.py
[2025-10-14 16:02:17,128] {logging_mixin.py:115} INFO - [2025-10-14 16:02:17,127] {dag.py:2379} INFO - Sync 1 DAGs
[2025-10-14 16:02:17,147] {logging_mixin.py:115} INFO - [2025-10-14 16:02:17,147] {dag.py:2927} INFO - Setting next_dagrun for example_short_circuit_operator to 2025-10-13T19:02:17.146785+00:00, run_after=2025-10-14T19:02:17.146785+00:00
[2025-10-14 16:02:17,158] {processor.py:161} INFO - Processing /root/Projects/etlX/venv/lib/python3.9/site-packages/airflow/example_dags/example_short_circuit_operator.py took 0.078 seconds
[2025-10-14 16:02:51,158] {processor.py:153} INFO - Started process (PID=20425) to work on /root/Projects/etlX/venv/lib/python3.9/site-packages/airflow/example_dags/example_short_circuit_operator.py
[2025-10-14 16:02:51,159] {processor.py:641} INFO - Processing file /root/Projects/etlX/venv/lib/python3.9/site-packages/airflow/example_dags/example_short_circuit_operator.py for tasks to queue
[2025-10-14 16:02:51,160] {logging_mixin.py:115} INFO - [2025-10-14 16:02:51,159] {dagbag.py:507} INFO - Filling up the DagBag from /root/Projects/etlX/venv/lib/python3.9/site-packages/airflow/example_dags/example_short_circuit_operator.py
[2025-10-14 16:02:51,171] {processor.py:651} INFO - DAG(s) dict_keys(['example_short_circuit_operator']) retrieved from /root/Projects/etlX/venv/lib/python3.9/site-packages/airflow/example_dags/example_short_circuit_operator.py
[2025-10-14 16:02:51,194] {logging_mixin.py:115} INFO - [2025-10-14 16:02:51,194] {dag.py:2379} INFO - Sync 1 DAGs
[2025-10-14 16:02:51,218] {logging_mixin.py:115} INFO - [2025-10-14 16:02:51,218] {dag.py:2927} INFO - Setting next_dagrun for example_short_circuit_operator to 2025-10-13T19:02:51.218126+00:00, run_after=2025-10-14T19:02:51.218126+00:00
[2025-10-14 16:02:51,230] {processor.py:161} INFO - Processing /root/Projects/etlX/venv/lib/python3.9/site-packages/airflow/example_dags/example_short_circuit_operator.py took 0.077 seconds
[2025-10-14 16:03:24,475] {processor.py:153} INFO - Started process (PID=20483) to work on /root/Projects/etlX/venv/lib/python3.9/site-packages/airflow/example_dags/example_short_circuit_operator.py
[2025-10-14 16:03:24,476] {processor.py:641} INFO - Processing file /root/Projects/etlX/venv/lib/python3.9/site-packages/airflow/example_dags/example_short_circuit_operator.py for tasks to queue
[2025-10-14 16:03:24,476] {logging_mixin.py:115} INFO - [2025-10-14 16:03:24,476] {dagbag.py:507} INFO - Filling up the DagBag from /root/Projects/etlX/venv/lib/python3.9/site-packages/airflow/example_dags/example_short_circuit_operator.py
[2025-10-14 16:03:24,487] {processor.py:651} INFO - DAG(s) dict_keys(['example_short_circuit_operator']) retrieved from /root/Projects/etlX/venv/lib/python3.9/site-packages/airflow/example_dags/example_short_circuit_operator.py
[2025-10-14 16:03:24,508] {logging_mixin.py:115} INFO - [2025-10-14 16:03:24,508] {dag.py:2379} INFO - Sync 1 DAGs
[2025-10-14 16:03:24,527] {logging_mixin.py:115} INFO - [2025-10-14 16:03:24,527] {dag.py:2927} INFO - Setting next_dagrun for example_short_circuit_operator to 2025-10-13T19:03:24.527504+00:00, run_after=2025-10-14T19:03:24.527504+00:00
[2025-10-14 16:03:24,538] {processor.py:161} INFO - Processing /root/Projects/etlX/venv/lib/python3.9/site-packages/airflow/example_dags/example_short_circuit_operator.py took 0.067 seconds
[2025-10-14 16:03:58,315] {processor.py:153} INFO - Started process (PID=20589) to work on /root/Projects/etlX/venv/lib/python3.9/site-packages/airflow/example_dags/example_short_circuit_operator.py
[2025-10-14 16:03:58,316] {processor.py:641} INFO - Processing file /root/Projects/etlX/venv/lib/python3.9/site-packages/airflow/example_dags/example_short_circuit_operator.py for tasks to queue
[2025-10-14 16:03:58,317] {logging_mixin.py:115} INFO - [2025-10-14 16:03:58,316] {dagbag.py:507} INFO - Filling up the DagBag from /root/Projects/etlX/venv/lib/python3.9/site-packages/airflow/example_dags/example_short_circuit_operator.py
[2025-10-14 16:03:58,327] {processor.py:651} INFO - DAG(s) dict_keys(['example_short_circuit_operator']) retrieved from /root/Projects/etlX/venv/lib/python3.9/site-packages/airflow/example_dags/example_short_circuit_operator.py
[2025-10-14 16:03:58,348] {logging_mixin.py:115} INFO - [2025-10-14 16:03:58,348] {dag.py:2379} INFO - Sync 1 DAGs
[2025-10-14 16:03:58,368] {logging_mixin.py:115} INFO - [2025-10-14 16:03:58,368] {dag.py:2927} INFO - Setting next_dagrun for example_short_circuit_operator to 2025-10-13T19:03:58.367996+00:00, run_after=2025-10-14T19:03:58.367996+00:00
[2025-10-14 16:03:58,381] {processor.py:161} INFO - Processing /root/Projects/etlX/venv/lib/python3.9/site-packages/airflow/example_dags/example_short_circuit_operator.py took 0.070 seconds
[2025-10-14 16:04:31,548] {processor.py:153} INFO - Started process (PID=20647) to work on /root/Projects/etlX/venv/lib/python3.9/site-packages/airflow/example_dags/example_short_circuit_operator.py
[2025-10-14 16:04:31,549] {processor.py:641} INFO - Processing file /root/Projects/etlX/venv/lib/python3.9/site-packages/airflow/example_dags/example_short_circuit_operator.py for tasks to queue
[2025-10-14 16:04:31,550] {logging_mixin.py:115} INFO - [2025-10-14 16:04:31,550] {dagbag.py:507} INFO - Filling up the DagBag from /root/Projects/etlX/venv/lib/python3.9/site-packages/airflow/example_dags/example_short_circuit_operator.py
[2025-10-14 16:04:31,562] {processor.py:651} INFO - DAG(s) dict_keys(['example_short_circuit_operator']) retrieved from /root/Projects/etlX/venv/lib/python3.9/site-packages/airflow/example_dags/example_short_circuit_operator.py
[2025-10-14 16:04:31,581] {logging_mixin.py:115} INFO - [2025-10-14 16:04:31,581] {dag.py:2379} INFO - Sync 1 DAGs
[2025-10-14 16:04:31,599] {logging_mixin.py:115} INFO - [2025-10-14 16:04:31,599] {dag.py:2927} INFO - Setting next_dagrun for example_short_circuit_operator to 2025-10-13T19:04:31.599507+00:00, run_after=2025-10-14T19:04:31.599507+00:00
[2025-10-14 16:04:31,610] {processor.py:161} INFO - Processing /root/Projects/etlX/venv/lib/python3.9/site-packages/airflow/example_dags/example_short_circuit_operator.py took 0.068 seconds
[2025-10-14 16:05:04,245] {processor.py:153} INFO - Started process (PID=20702) to work on /root/Projects/etlX/venv/lib/python3.9/site-packages/airflow/example_dags/example_short_circuit_operator.py
[2025-10-14 16:05:04,245] {processor.py:641} INFO - Processing file /root/Projects/etlX/venv/lib/python3.9/site-packages/airflow/example_dags/example_short_circuit_operator.py for tasks to queue
[2025-10-14 16:05:04,246] {logging_mixin.py:115} INFO - [2025-10-14 16:05:04,246] {dagbag.py:507} INFO - Filling up the DagBag from /root/Projects/etlX/venv/lib/python3.9/site-packages/airflow/example_dags/example_short_circuit_operator.py
[2025-10-14 16:05:04,258] {processor.py:651} INFO - DAG(s) dict_keys(['example_short_circuit_operator']) retrieved from /root/Projects/etlX/venv/lib/python3.9/site-packages/airflow/example_dags/example_short_circuit_operator.py
[2025-10-14 16:05:04,279] {logging_mixin.py:115} INFO - [2025-10-14 16:05:04,279] {dag.py:2379} INFO - Sync 1 DAGs
[2025-10-14 16:05:04,299] {logging_mixin.py:115} INFO - [2025-10-14 16:05:04,299] {dag.py:2927} INFO - Setting next_dagrun for example_short_circuit_operator to 2025-10-13T19:05:04.299190+00:00, run_after=2025-10-14T19:05:04.299190+00:00
[2025-10-14 16:05:04,312] {processor.py:161} INFO - Processing /root/Projects/etlX/venv/lib/python3.9/site-packages/airflow/example_dags/example_short_circuit_operator.py took 0.072 seconds
[2025-10-14 16:05:37,559] {processor.py:153} INFO - Started process (PID=20759) to work on /root/Projects/etlX/venv/lib/python3.9/site-packages/airflow/example_dags/example_short_circuit_operator.py
[2025-10-14 16:05:37,560] {processor.py:641} INFO - Processing file /root/Projects/etlX/venv/lib/python3.9/site-packages/airflow/example_dags/example_short_circuit_operator.py for tasks to queue
[2025-10-14 16:05:37,561] {logging_mixin.py:115} INFO - [2025-10-14 16:05:37,561] {dagbag.py:507} INFO - Filling up the DagBag from /root/Projects/etlX/venv/lib/python3.9/site-packages/airflow/example_dags/example_short_circuit_operator.py
[2025-10-14 16:05:37,577] {processor.py:651} INFO - DAG(s) dict_keys(['example_short_circuit_operator']) retrieved from /root/Projects/etlX/venv/lib/python3.9/site-packages/airflow/example_dags/example_short_circuit_operator.py
[2025-10-14 16:05:37,597] {logging_mixin.py:115} INFO - [2025-10-14 16:05:37,597] {dag.py:2379} INFO - Sync 1 DAGs
[2025-10-14 16:05:37,616] {logging_mixin.py:115} INFO - [2025-10-14 16:05:37,616] {dag.py:2927} INFO - Setting next_dagrun for example_short_circuit_operator to 2025-10-13T19:05:37.616198+00:00, run_after=2025-10-14T19:05:37.616198+00:00
[2025-10-14 16:05:37,627] {processor.py:161} INFO - Processing /root/Projects/etlX/venv/lib/python3.9/site-packages/airflow/example_dags/example_short_circuit_operator.py took 0.075 seconds
[2025-10-14 16:06:11,147] {processor.py:153} INFO - Started process (PID=20814) to work on /root/Projects/etlX/venv/lib/python3.9/site-packages/airflow/example_dags/example_short_circuit_operator.py
[2025-10-14 16:06:11,147] {processor.py:641} INFO - Processing file /root/Projects/etlX/venv/lib/python3.9/site-packages/airflow/example_dags/example_short_circuit_operator.py for tasks to queue
[2025-10-14 16:06:11,148] {logging_mixin.py:115} INFO - [2025-10-14 16:06:11,148] {dagbag.py:507} INFO - Filling up the DagBag from /root/Projects/etlX/venv/lib/python3.9/site-packages/airflow/example_dags/example_short_circuit_operator.py
[2025-10-14 16:06:11,159] {processor.py:651} INFO - DAG(s) dict_keys(['example_short_circuit_operator']) retrieved from /root/Projects/etlX/venv/lib/python3.9/site-packages/airflow/example_dags/example_short_circuit_operator.py
[2025-10-14 16:06:11,180] {logging_mixin.py:115} INFO - [2025-10-14 16:06:11,180] {dag.py:2379} INFO - Sync 1 DAGs
[2025-10-14 16:06:11,201] {logging_mixin.py:115} INFO - [2025-10-14 16:06:11,201] {dag.py:2927} INFO - Setting next_dagrun for example_short_circuit_operator to 2025-10-13T19:06:11.200948+00:00, run_after=2025-10-14T19:06:11.200948+00:00
[2025-10-14 16:06:11,217] {processor.py:161} INFO - Processing /root/Projects/etlX/venv/lib/python3.9/site-packages/airflow/example_dags/example_short_circuit_operator.py took 0.075 seconds
[2025-10-14 16:06:46,863] {processor.py:153} INFO - Started process (PID=20874) to work on /root/Projects/etlX/venv/lib/python3.9/site-packages/airflow/example_dags/example_short_circuit_operator.py
[2025-10-14 16:06:46,864] {processor.py:641} INFO - Processing file /root/Projects/etlX/venv/lib/python3.9/site-packages/airflow/example_dags/example_short_circuit_operator.py for tasks to queue
[2025-10-14 16:06:46,865] {logging_mixin.py:115} INFO - [2025-10-14 16:06:46,865] {dagbag.py:507} INFO - Filling up the DagBag from /root/Projects/etlX/venv/lib/python3.9/site-packages/airflow/example_dags/example_short_circuit_operator.py
[2025-10-14 16:06:46,876] {processor.py:651} INFO - DAG(s) dict_keys(['example_short_circuit_operator']) retrieved from /root/Projects/etlX/venv/lib/python3.9/site-packages/airflow/example_dags/example_short_circuit_operator.py
[2025-10-14 16:06:46,896] {logging_mixin.py:115} INFO - [2025-10-14 16:06:46,896] {dag.py:2379} INFO - Sync 1 DAGs
[2025-10-14 16:06:46,915] {logging_mixin.py:115} INFO - [2025-10-14 16:06:46,915] {dag.py:2927} INFO - Setting next_dagrun for example_short_circuit_operator to 2025-10-13T19:06:46.915418+00:00, run_after=2025-10-14T19:06:46.915418+00:00
[2025-10-14 16:06:46,928] {processor.py:161} INFO - Processing /root/Projects/etlX/venv/lib/python3.9/site-packages/airflow/example_dags/example_short_circuit_operator.py took 0.069 seconds
[2025-10-14 16:07:23,209] {processor.py:153} INFO - Started process (PID=21040) to work on /root/Projects/etlX/venv/lib/python3.9/site-packages/airflow/example_dags/example_short_circuit_operator.py
[2025-10-14 16:07:23,210] {processor.py:641} INFO - Processing file /root/Projects/etlX/venv/lib/python3.9/site-packages/airflow/example_dags/example_short_circuit_operator.py for tasks to queue
[2025-10-14 16:07:23,211] {logging_mixin.py:115} INFO - [2025-10-14 16:07:23,210] {dagbag.py:507} INFO - Filling up the DagBag from /root/Projects/etlX/venv/lib/python3.9/site-packages/airflow/example_dags/example_short_circuit_operator.py
[2025-10-14 16:07:23,222] {processor.py:651} INFO - DAG(s) dict_keys(['example_short_circuit_operator']) retrieved from /root/Projects/etlX/venv/lib/python3.9/site-packages/airflow/example_dags/example_short_circuit_operator.py
[2025-10-14 16:07:23,243] {logging_mixin.py:115} INFO - [2025-10-14 16:07:23,243] {dag.py:2379} INFO - Sync 1 DAGs
[2025-10-14 16:07:23,264] {logging_mixin.py:115} INFO - [2025-10-14 16:07:23,264] {dag.py:2927} INFO - Setting next_dagrun for example_short_circuit_operator to 2025-10-13T19:07:23.264317+00:00, run_after=2025-10-14T19:07:23.264317+00:00
[2025-10-14 16:07:23,276] {processor.py:161} INFO - Processing /root/Projects/etlX/venv/lib/python3.9/site-packages/airflow/example_dags/example_short_circuit_operator.py took 0.071 seconds
[2025-10-14 16:07:55,988] {processor.py:153} INFO - Started process (PID=21352) to work on /root/Projects/etlX/venv/lib/python3.9/site-packages/airflow/example_dags/example_short_circuit_operator.py
[2025-10-14 16:07:55,988] {processor.py:641} INFO - Processing file /root/Projects/etlX/venv/lib/python3.9/site-packages/airflow/example_dags/example_short_circuit_operator.py for tasks to queue
[2025-10-14 16:07:55,989] {logging_mixin.py:115} INFO - [2025-10-14 16:07:55,989] {dagbag.py:507} INFO - Filling up the DagBag from /root/Projects/etlX/venv/lib/python3.9/site-packages/airflow/example_dags/example_short_circuit_operator.py
[2025-10-14 16:07:56,001] {processor.py:651} INFO - DAG(s) dict_keys(['example_short_circuit_operator']) retrieved from /root/Projects/etlX/venv/lib/python3.9/site-packages/airflow/example_dags/example_short_circuit_operator.py
[2025-10-14 16:07:56,023] {logging_mixin.py:115} INFO - [2025-10-14 16:07:56,023] {dag.py:2379} INFO - Sync 1 DAGs
[2025-10-14 16:07:56,043] {logging_mixin.py:115} INFO - [2025-10-14 16:07:56,043] {dag.py:2927} INFO - Setting next_dagrun for example_short_circuit_operator to 2025-10-13T19:07:56.042878+00:00, run_after=2025-10-14T19:07:56.042878+00:00
[2025-10-14 16:07:56,055] {processor.py:161} INFO - Processing /root/Projects/etlX/venv/lib/python3.9/site-packages/airflow/example_dags/example_short_circuit_operator.py took 0.073 seconds
[2025-10-14 16:08:30,980] {processor.py:153} INFO - Started process (PID=21513) to work on /root/Projects/etlX/venv/lib/python3.9/site-packages/airflow/example_dags/example_short_circuit_operator.py
[2025-10-14 16:08:30,980] {processor.py:641} INFO - Processing file /root/Projects/etlX/venv/lib/python3.9/site-packages/airflow/example_dags/example_short_circuit_operator.py for tasks to queue
[2025-10-14 16:08:30,981] {logging_mixin.py:115} INFO - [2025-10-14 16:08:30,981] {dagbag.py:507} INFO - Filling up the DagBag from /root/Projects/etlX/venv/lib/python3.9/site-packages/airflow/example_dags/example_short_circuit_operator.py
[2025-10-14 16:08:30,992] {processor.py:651} INFO - DAG(s) dict_keys(['example_short_circuit_operator']) retrieved from /root/Projects/etlX/venv/lib/python3.9/site-packages/airflow/example_dags/example_short_circuit_operator.py
[2025-10-14 16:08:31,012] {logging_mixin.py:115} INFO - [2025-10-14 16:08:31,012] {dag.py:2379} INFO - Sync 1 DAGs
[2025-10-14 16:08:31,031] {logging_mixin.py:115} INFO - [2025-10-14 16:08:31,031] {dag.py:2927} INFO - Setting next_dagrun for example_short_circuit_operator to 2025-10-13T19:08:31.030935+00:00, run_after=2025-10-14T19:08:31.030935+00:00
[2025-10-14 16:08:31,042] {processor.py:161} INFO - Processing /root/Projects/etlX/venv/lib/python3.9/site-packages/airflow/example_dags/example_short_circuit_operator.py took 0.067 seconds
[2025-10-14 16:09:03,132] {processor.py:153} INFO - Started process (PID=21822) to work on /root/Projects/etlX/venv/lib/python3.9/site-packages/airflow/example_dags/example_short_circuit_operator.py
[2025-10-14 16:09:03,133] {processor.py:641} INFO - Processing file /root/Projects/etlX/venv/lib/python3.9/site-packages/airflow/example_dags/example_short_circuit_operator.py for tasks to queue
[2025-10-14 16:09:03,134] {logging_mixin.py:115} INFO - [2025-10-14 16:09:03,134] {dagbag.py:507} INFO - Filling up the DagBag from /root/Projects/etlX/venv/lib/python3.9/site-packages/airflow/example_dags/example_short_circuit_operator.py
[2025-10-14 16:09:03,145] {processor.py:651} INFO - DAG(s) dict_keys(['example_short_circuit_operator']) retrieved from /root/Projects/etlX/venv/lib/python3.9/site-packages/airflow/example_dags/example_short_circuit_operator.py
[2025-10-14 16:09:03,165] {logging_mixin.py:115} INFO - [2025-10-14 16:09:03,165] {dag.py:2379} INFO - Sync 1 DAGs
[2025-10-14 16:09:03,183] {logging_mixin.py:115} INFO - [2025-10-14 16:09:03,183] {dag.py:2927} INFO - Setting next_dagrun for example_short_circuit_operator to 2025-10-13T19:09:03.183536+00:00, run_after=2025-10-14T19:09:03.183536+00:00
[2025-10-14 16:09:03,194] {processor.py:161} INFO - Processing /root/Projects/etlX/venv/lib/python3.9/site-packages/airflow/example_dags/example_short_circuit_operator.py took 0.069 seconds
[2025-10-14 16:25:29,713] {processor.py:153} INFO - Started process (PID=22720) to work on /root/Projects/etlX/venv/lib/python3.9/site-packages/airflow/example_dags/example_short_circuit_operator.py
[2025-10-14 16:25:29,714] {processor.py:641} INFO - Processing file /root/Projects/etlX/venv/lib/python3.9/site-packages/airflow/example_dags/example_short_circuit_operator.py for tasks to queue
[2025-10-14 16:25:29,714] {logging_mixin.py:115} INFO - [2025-10-14 16:25:29,714] {dagbag.py:507} INFO - Filling up the DagBag from /root/Projects/etlX/venv/lib/python3.9/site-packages/airflow/example_dags/example_short_circuit_operator.py
[2025-10-14 16:25:29,727] {processor.py:651} INFO - DAG(s) dict_keys(['example_short_circuit_operator']) retrieved from /root/Projects/etlX/venv/lib/python3.9/site-packages/airflow/example_dags/example_short_circuit_operator.py
[2025-10-14 16:25:29,749] {logging_mixin.py:115} INFO - [2025-10-14 16:25:29,749] {dag.py:2379} INFO - Sync 1 DAGs
[2025-10-14 16:25:29,768] {logging_mixin.py:115} INFO - [2025-10-14 16:25:29,768] {dag.py:2927} INFO - Setting next_dagrun for example_short_circuit_operator to 2025-10-13T19:25:29.768101+00:00, run_after=2025-10-14T19:25:29.768101+00:00
[2025-10-14 16:25:29,779] {processor.py:161} INFO - Processing /root/Projects/etlX/venv/lib/python3.9/site-packages/airflow/example_dags/example_short_circuit_operator.py took 0.071 seconds
[2025-10-14 16:26:04,877] {processor.py:153} INFO - Started process (PID=22881) to work on /root/Projects/etlX/venv/lib/python3.9/site-packages/airflow/example_dags/example_short_circuit_operator.py
[2025-10-14 16:26:04,879] {processor.py:641} INFO - Processing file /root/Projects/etlX/venv/lib/python3.9/site-packages/airflow/example_dags/example_short_circuit_operator.py for tasks to queue
[2025-10-14 16:26:04,880] {logging_mixin.py:115} INFO - [2025-10-14 16:26:04,880] {dagbag.py:507} INFO - Filling up the DagBag from /root/Projects/etlX/venv/lib/python3.9/site-packages/airflow/example_dags/example_short_circuit_operator.py
[2025-10-14 16:26:04,903] {processor.py:651} INFO - DAG(s) dict_keys(['example_short_circuit_operator']) retrieved from /root/Projects/etlX/venv/lib/python3.9/site-packages/airflow/example_dags/example_short_circuit_operator.py
[2025-10-14 16:26:04,925] {logging_mixin.py:115} INFO - [2025-10-14 16:26:04,925] {dag.py:2379} INFO - Sync 1 DAGs
[2025-10-14 16:26:04,945] {logging_mixin.py:115} INFO - [2025-10-14 16:26:04,945] {dag.py:2927} INFO - Setting next_dagrun for example_short_circuit_operator to 2025-10-13T19:26:04.945151+00:00, run_after=2025-10-14T19:26:04.945151+00:00
[2025-10-14 16:26:04,957] {processor.py:161} INFO - Processing /root/Projects/etlX/venv/lib/python3.9/site-packages/airflow/example_dags/example_short_circuit_operator.py took 0.090 seconds
[2025-10-14 16:26:39,024] {processor.py:153} INFO - Started process (PID=22939) to work on /root/Projects/etlX/venv/lib/python3.9/site-packages/airflow/example_dags/example_short_circuit_operator.py
[2025-10-14 16:26:39,024] {processor.py:641} INFO - Processing file /root/Projects/etlX/venv/lib/python3.9/site-packages/airflow/example_dags/example_short_circuit_operator.py for tasks to queue
[2025-10-14 16:26:39,025] {logging_mixin.py:115} INFO - [2025-10-14 16:26:39,025] {dagbag.py:507} INFO - Filling up the DagBag from /root/Projects/etlX/venv/lib/python3.9/site-packages/airflow/example_dags/example_short_circuit_operator.py
[2025-10-14 16:26:39,037] {processor.py:651} INFO - DAG(s) dict_keys(['example_short_circuit_operator']) retrieved from /root/Projects/etlX/venv/lib/python3.9/site-packages/airflow/example_dags/example_short_circuit_operator.py
[2025-10-14 16:26:39,057] {logging_mixin.py:115} INFO - [2025-10-14 16:26:39,057] {dag.py:2379} INFO - Sync 1 DAGs
[2025-10-14 16:26:39,077] {logging_mixin.py:115} INFO - [2025-10-14 16:26:39,077] {dag.py:2927} INFO - Setting next_dagrun for example_short_circuit_operator to 2025-10-13T19:26:39.077532+00:00, run_after=2025-10-14T19:26:39.077532+00:00
[2025-10-14 16:26:39,089] {processor.py:161} INFO - Processing /root/Projects/etlX/venv/lib/python3.9/site-packages/airflow/example_dags/example_short_circuit_operator.py took 0.069 seconds
[2025-10-14 16:27:13,166] {processor.py:153} INFO - Started process (PID=22997) to work on /root/Projects/etlX/venv/lib/python3.9/site-packages/airflow/example_dags/example_short_circuit_operator.py
[2025-10-14 16:27:13,167] {processor.py:641} INFO - Processing file /root/Projects/etlX/venv/lib/python3.9/site-packages/airflow/example_dags/example_short_circuit_operator.py for tasks to queue
[2025-10-14 16:27:13,167] {logging_mixin.py:115} INFO - [2025-10-14 16:27:13,167] {dagbag.py:507} INFO - Filling up the DagBag from /root/Projects/etlX/venv/lib/python3.9/site-packages/airflow/example_dags/example_short_circuit_operator.py
[2025-10-14 16:27:13,182] {processor.py:651} INFO - DAG(s) dict_keys(['example_short_circuit_operator']) retrieved from /root/Projects/etlX/venv/lib/python3.9/site-packages/airflow/example_dags/example_short_circuit_operator.py
[2025-10-14 16:27:13,204] {logging_mixin.py:115} INFO - [2025-10-14 16:27:13,204] {dag.py:2379} INFO - Sync 1 DAGs
[2025-10-14 16:27:13,224] {logging_mixin.py:115} INFO - [2025-10-14 16:27:13,224] {dag.py:2927} INFO - Setting next_dagrun for example_short_circuit_operator to 2025-10-13T19:27:13.224038+00:00, run_after=2025-10-14T19:27:13.224038+00:00
[2025-10-14 16:27:13,236] {processor.py:161} INFO - Processing /root/Projects/etlX/venv/lib/python3.9/site-packages/airflow/example_dags/example_short_circuit_operator.py took 0.075 seconds
[2025-10-14 16:27:46,729] {processor.py:153} INFO - Started process (PID=23155) to work on /root/Projects/etlX/venv/lib/python3.9/site-packages/airflow/example_dags/example_short_circuit_operator.py
[2025-10-14 16:27:46,730] {processor.py:641} INFO - Processing file /root/Projects/etlX/venv/lib/python3.9/site-packages/airflow/example_dags/example_short_circuit_operator.py for tasks to queue
[2025-10-14 16:27:46,731] {logging_mixin.py:115} INFO - [2025-10-14 16:27:46,730] {dagbag.py:507} INFO - Filling up the DagBag from /root/Projects/etlX/venv/lib/python3.9/site-packages/airflow/example_dags/example_short_circuit_operator.py
[2025-10-14 16:27:46,742] {processor.py:651} INFO - DAG(s) dict_keys(['example_short_circuit_operator']) retrieved from /root/Projects/etlX/venv/lib/python3.9/site-packages/airflow/example_dags/example_short_circuit_operator.py
[2025-10-14 16:27:46,765] {logging_mixin.py:115} INFO - [2025-10-14 16:27:46,765] {dag.py:2379} INFO - Sync 1 DAGs
[2025-10-14 16:27:46,785] {logging_mixin.py:115} INFO - [2025-10-14 16:27:46,785] {dag.py:2927} INFO - Setting next_dagrun for example_short_circuit_operator to 2025-10-13T19:27:46.785085+00:00, run_after=2025-10-14T19:27:46.785085+00:00
[2025-10-14 16:27:46,797] {processor.py:161} INFO - Processing /root/Projects/etlX/venv/lib/python3.9/site-packages/airflow/example_dags/example_short_circuit_operator.py took 0.072 seconds
[2025-10-14 16:28:21,221] {processor.py:153} INFO - Started process (PID=23316) to work on /root/Projects/etlX/venv/lib/python3.9/site-packages/airflow/example_dags/example_short_circuit_operator.py
[2025-10-14 16:28:21,221] {processor.py:641} INFO - Processing file /root/Projects/etlX/venv/lib/python3.9/site-packages/airflow/example_dags/example_short_circuit_operator.py for tasks to queue
[2025-10-14 16:28:21,222] {logging_mixin.py:115} INFO - [2025-10-14 16:28:21,222] {dagbag.py:507} INFO - Filling up the DagBag from /root/Projects/etlX/venv/lib/python3.9/site-packages/airflow/example_dags/example_short_circuit_operator.py
[2025-10-14 16:28:21,233] {processor.py:651} INFO - DAG(s) dict_keys(['example_short_circuit_operator']) retrieved from /root/Projects/etlX/venv/lib/python3.9/site-packages/airflow/example_dags/example_short_circuit_operator.py
[2025-10-14 16:28:21,254] {logging_mixin.py:115} INFO - [2025-10-14 16:28:21,254] {dag.py:2379} INFO - Sync 1 DAGs
[2025-10-14 16:28:21,273] {logging_mixin.py:115} INFO - [2025-10-14 16:28:21,273] {dag.py:2927} INFO - Setting next_dagrun for example_short_circuit_operator to 2025-10-13T19:28:21.272822+00:00, run_after=2025-10-14T19:28:21.272822+00:00
[2025-10-14 16:28:21,284] {processor.py:161} INFO - Processing /root/Projects/etlX/venv/lib/python3.9/site-packages/airflow/example_dags/example_short_circuit_operator.py took 0.067 seconds
[2025-10-14 16:28:56,275] {processor.py:153} INFO - Started process (PID=23374) to work on /root/Projects/etlX/venv/lib/python3.9/site-packages/airflow/example_dags/example_short_circuit_operator.py
[2025-10-14 16:28:56,276] {processor.py:641} INFO - Processing file /root/Projects/etlX/venv/lib/python3.9/site-packages/airflow/example_dags/example_short_circuit_operator.py for tasks to queue
[2025-10-14 16:28:56,277] {logging_mixin.py:115} INFO - [2025-10-14 16:28:56,277] {dagbag.py:507} INFO - Filling up the DagBag from /root/Projects/etlX/venv/lib/python3.9/site-packages/airflow/example_dags/example_short_circuit_operator.py
[2025-10-14 16:28:56,293] {processor.py:651} INFO - DAG(s) dict_keys(['example_short_circuit_operator']) retrieved from /root/Projects/etlX/venv/lib/python3.9/site-packages/airflow/example_dags/example_short_circuit_operator.py
[2025-10-14 16:28:56,314] {logging_mixin.py:115} INFO - [2025-10-14 16:28:56,314] {dag.py:2379} INFO - Sync 1 DAGs
[2025-10-14 16:28:56,333] {logging_mixin.py:115} INFO - [2025-10-14 16:28:56,333] {dag.py:2927} INFO - Setting next_dagrun for example_short_circuit_operator to 2025-10-13T19:28:56.333449+00:00, run_after=2025-10-14T19:28:56.333449+00:00
[2025-10-14 16:28:56,344] {processor.py:161} INFO - Processing /root/Projects/etlX/venv/lib/python3.9/site-packages/airflow/example_dags/example_short_circuit_operator.py took 0.075 seconds
[2025-10-14 16:29:29,241] {processor.py:153} INFO - Started process (PID=23586) to work on /root/Projects/etlX/venv/lib/python3.9/site-packages/airflow/example_dags/example_short_circuit_operator.py
[2025-10-14 16:29:29,241] {processor.py:641} INFO - Processing file /root/Projects/etlX/venv/lib/python3.9/site-packages/airflow/example_dags/example_short_circuit_operator.py for tasks to queue
[2025-10-14 16:29:29,242] {logging_mixin.py:115} INFO - [2025-10-14 16:29:29,242] {dagbag.py:507} INFO - Filling up the DagBag from /root/Projects/etlX/venv/lib/python3.9/site-packages/airflow/example_dags/example_short_circuit_operator.py
[2025-10-14 16:29:29,254] {processor.py:651} INFO - DAG(s) dict_keys(['example_short_circuit_operator']) retrieved from /root/Projects/etlX/venv/lib/python3.9/site-packages/airflow/example_dags/example_short_circuit_operator.py
[2025-10-14 16:29:29,275] {logging_mixin.py:115} INFO - [2025-10-14 16:29:29,275] {dag.py:2379} INFO - Sync 1 DAGs
[2025-10-14 16:29:29,294] {logging_mixin.py:115} INFO - [2025-10-14 16:29:29,294] {dag.py:2927} INFO - Setting next_dagrun for example_short_circuit_operator to 2025-10-13T19:29:29.294475+00:00, run_after=2025-10-14T19:29:29.294475+00:00
[2025-10-14 16:29:29,306] {processor.py:161} INFO - Processing /root/Projects/etlX/venv/lib/python3.9/site-packages/airflow/example_dags/example_short_circuit_operator.py took 0.069 seconds
[2025-10-14 16:36:15,115] {processor.py:153} INFO - Started process (PID=24570) to work on /root/Projects/etlX/venv/lib/python3.9/site-packages/airflow/example_dags/example_short_circuit_operator.py
[2025-10-14 16:36:15,116] {processor.py:641} INFO - Processing file /root/Projects/etlX/venv/lib/python3.9/site-packages/airflow/example_dags/example_short_circuit_operator.py for tasks to queue
[2025-10-14 16:36:15,116] {logging_mixin.py:115} INFO - [2025-10-14 16:36:15,116] {dagbag.py:507} INFO - Filling up the DagBag from /root/Projects/etlX/venv/lib/python3.9/site-packages/airflow/example_dags/example_short_circuit_operator.py
[2025-10-14 16:36:15,128] {processor.py:651} INFO - DAG(s) dict_keys(['example_short_circuit_operator']) retrieved from /root/Projects/etlX/venv/lib/python3.9/site-packages/airflow/example_dags/example_short_circuit_operator.py
[2025-10-14 16:36:15,149] {logging_mixin.py:115} INFO - [2025-10-14 16:36:15,149] {dag.py:2379} INFO - Sync 1 DAGs
[2025-10-14 16:36:15,170] {logging_mixin.py:115} INFO - [2025-10-14 16:36:15,170] {dag.py:2927} INFO - Setting next_dagrun for example_short_circuit_operator to 2025-10-13T19:36:15.170282+00:00, run_after=2025-10-14T19:36:15.170282+00:00
[2025-10-14 16:36:15,182] {processor.py:161} INFO - Processing /root/Projects/etlX/venv/lib/python3.9/site-packages/airflow/example_dags/example_short_circuit_operator.py took 0.071 seconds
