[2025-10-14 14:57:06,375] {processor.py:153} INFO - Started process (PID=13271) to work on /root/Projects/etlX/venv/lib/python3.9/site-packages/airflow/example_dags/example_sla_dag.py
[2025-10-14 14:57:06,376] {processor.py:641} INFO - Processing file /root/Projects/etlX/venv/lib/python3.9/site-packages/airflow/example_dags/example_sla_dag.py for tasks to queue
[2025-10-14 14:57:06,377] {logging_mixin.py:115} INFO - [2025-10-14 14:57:06,377] {dagbag.py:507} INFO - Filling up the DagBag from /root/Projects/etlX/venv/lib/python3.9/site-packages/airflow/example_dags/example_sla_dag.py
[2025-10-14 14:57:06,397] {processor.py:651} INFO - DAG(s) dict_keys(['example_sla_dag']) retrieved from /root/Projects/etlX/venv/lib/python3.9/site-packages/airflow/example_dags/example_sla_dag.py
[2025-10-14 14:57:06,457] {logging_mixin.py:115} INFO - [2025-10-14 14:57:06,457] {manager.py:508} INFO - Created Permission View: can read on DAG:example_sla_dag
[2025-10-14 14:57:06,464] {logging_mixin.py:115} INFO - [2025-10-14 14:57:06,464] {manager.py:508} INFO - Created Permission View: can edit on DAG:example_sla_dag
[2025-10-14 14:57:06,471] {logging_mixin.py:115} INFO - [2025-10-14 14:57:06,471] {manager.py:508} INFO - Created Permission View: can delete on DAG:example_sla_dag
[2025-10-14 14:57:06,471] {logging_mixin.py:115} INFO - [2025-10-14 14:57:06,471] {dag.py:2379} INFO - Sync 1 DAGs
[2025-10-14 14:57:06,478] {logging_mixin.py:115} INFO - [2025-10-14 14:57:06,478] {dag.py:2398} INFO - Creating ORM DAG for example_sla_dag
[2025-10-14 14:57:06,488] {logging_mixin.py:115} INFO - [2025-10-14 14:57:06,488] {dag.py:2927} INFO - Setting next_dagrun for example_sla_dag to 2025-10-14T17:54:00+00:00, run_after=2025-10-14T17:56:00+00:00
[2025-10-14 14:57:06,499] {processor.py:161} INFO - Processing /root/Projects/etlX/venv/lib/python3.9/site-packages/airflow/example_dags/example_sla_dag.py took 0.128 seconds
[2025-10-14 14:57:43,783] {processor.py:153} INFO - Started process (PID=13533) to work on /root/Projects/etlX/venv/lib/python3.9/site-packages/airflow/example_dags/example_sla_dag.py
[2025-10-14 14:57:43,784] {processor.py:641} INFO - Processing file /root/Projects/etlX/venv/lib/python3.9/site-packages/airflow/example_dags/example_sla_dag.py for tasks to queue
[2025-10-14 14:57:43,784] {logging_mixin.py:115} INFO - [2025-10-14 14:57:43,784] {dagbag.py:507} INFO - Filling up the DagBag from /root/Projects/etlX/venv/lib/python3.9/site-packages/airflow/example_dags/example_sla_dag.py
[2025-10-14 14:57:43,805] {processor.py:651} INFO - DAG(s) dict_keys(['example_sla_dag']) retrieved from /root/Projects/etlX/venv/lib/python3.9/site-packages/airflow/example_dags/example_sla_dag.py
[2025-10-14 14:57:43,830] {logging_mixin.py:115} INFO - [2025-10-14 14:57:43,830] {dag.py:2379} INFO - Sync 1 DAGs
[2025-10-14 14:57:43,850] {logging_mixin.py:115} INFO - [2025-10-14 14:57:43,850] {dag.py:2927} INFO - Setting next_dagrun for example_sla_dag to 2025-10-14T17:54:00+00:00, run_after=2025-10-14T17:56:00+00:00
[2025-10-14 14:57:43,861] {processor.py:161} INFO - Processing /root/Projects/etlX/venv/lib/python3.9/site-packages/airflow/example_dags/example_sla_dag.py took 0.083 seconds
[2025-10-14 14:58:17,482] {processor.py:153} INFO - Started process (PID=13690) to work on /root/Projects/etlX/venv/lib/python3.9/site-packages/airflow/example_dags/example_sla_dag.py
[2025-10-14 14:58:17,482] {processor.py:641} INFO - Processing file /root/Projects/etlX/venv/lib/python3.9/site-packages/airflow/example_dags/example_sla_dag.py for tasks to queue
[2025-10-14 14:58:17,483] {logging_mixin.py:115} INFO - [2025-10-14 14:58:17,483] {dagbag.py:507} INFO - Filling up the DagBag from /root/Projects/etlX/venv/lib/python3.9/site-packages/airflow/example_dags/example_sla_dag.py
[2025-10-14 14:58:17,512] {processor.py:651} INFO - DAG(s) dict_keys(['example_sla_dag']) retrieved from /root/Projects/etlX/venv/lib/python3.9/site-packages/airflow/example_dags/example_sla_dag.py
[2025-10-14 14:58:17,533] {logging_mixin.py:115} INFO - [2025-10-14 14:58:17,533] {dag.py:2379} INFO - Sync 1 DAGs
[2025-10-14 14:58:17,550] {logging_mixin.py:115} INFO - [2025-10-14 14:58:17,550] {dag.py:2927} INFO - Setting next_dagrun for example_sla_dag to 2025-10-14T17:56:00+00:00, run_after=2025-10-14T17:58:00+00:00
[2025-10-14 14:58:17,561] {processor.py:161} INFO - Processing /root/Projects/etlX/venv/lib/python3.9/site-packages/airflow/example_dags/example_sla_dag.py took 0.087 seconds
[2025-10-14 14:58:50,881] {processor.py:153} INFO - Started process (PID=13748) to work on /root/Projects/etlX/venv/lib/python3.9/site-packages/airflow/example_dags/example_sla_dag.py
[2025-10-14 14:58:50,883] {processor.py:641} INFO - Processing file /root/Projects/etlX/venv/lib/python3.9/site-packages/airflow/example_dags/example_sla_dag.py for tasks to queue
[2025-10-14 14:58:50,884] {logging_mixin.py:115} INFO - [2025-10-14 14:58:50,884] {dagbag.py:507} INFO - Filling up the DagBag from /root/Projects/etlX/venv/lib/python3.9/site-packages/airflow/example_dags/example_sla_dag.py
[2025-10-14 14:58:50,915] {processor.py:651} INFO - DAG(s) dict_keys(['example_sla_dag']) retrieved from /root/Projects/etlX/venv/lib/python3.9/site-packages/airflow/example_dags/example_sla_dag.py
[2025-10-14 14:58:50,940] {logging_mixin.py:115} INFO - [2025-10-14 14:58:50,939] {dag.py:2379} INFO - Sync 1 DAGs
[2025-10-14 14:58:50,957] {logging_mixin.py:115} INFO - [2025-10-14 14:58:50,957] {dag.py:2927} INFO - Setting next_dagrun for example_sla_dag to 2025-10-14T17:56:00+00:00, run_after=2025-10-14T17:58:00+00:00
[2025-10-14 14:58:50,967] {processor.py:161} INFO - Processing /root/Projects/etlX/venv/lib/python3.9/site-packages/airflow/example_dags/example_sla_dag.py took 0.096 seconds
[2025-10-14 14:59:24,483] {processor.py:153} INFO - Started process (PID=13959) to work on /root/Projects/etlX/venv/lib/python3.9/site-packages/airflow/example_dags/example_sla_dag.py
[2025-10-14 14:59:24,484] {processor.py:641} INFO - Processing file /root/Projects/etlX/venv/lib/python3.9/site-packages/airflow/example_dags/example_sla_dag.py for tasks to queue
[2025-10-14 14:59:24,484] {logging_mixin.py:115} INFO - [2025-10-14 14:59:24,484] {dagbag.py:507} INFO - Filling up the DagBag from /root/Projects/etlX/venv/lib/python3.9/site-packages/airflow/example_dags/example_sla_dag.py
[2025-10-14 14:59:24,505] {processor.py:651} INFO - DAG(s) dict_keys(['example_sla_dag']) retrieved from /root/Projects/etlX/venv/lib/python3.9/site-packages/airflow/example_dags/example_sla_dag.py
[2025-10-14 14:59:24,527] {logging_mixin.py:115} INFO - [2025-10-14 14:59:24,527] {dag.py:2379} INFO - Sync 1 DAGs
[2025-10-14 14:59:24,545] {logging_mixin.py:115} INFO - [2025-10-14 14:59:24,545] {dag.py:2927} INFO - Setting next_dagrun for example_sla_dag to 2025-10-14T17:56:00+00:00, run_after=2025-10-14T17:58:00+00:00
[2025-10-14 14:59:24,557] {processor.py:161} INFO - Processing /root/Projects/etlX/venv/lib/python3.9/site-packages/airflow/example_dags/example_sla_dag.py took 0.079 seconds
[2025-10-14 14:59:59,424] {processor.py:153} INFO - Started process (PID=14017) to work on /root/Projects/etlX/venv/lib/python3.9/site-packages/airflow/example_dags/example_sla_dag.py
[2025-10-14 14:59:59,425] {processor.py:641} INFO - Processing file /root/Projects/etlX/venv/lib/python3.9/site-packages/airflow/example_dags/example_sla_dag.py for tasks to queue
[2025-10-14 14:59:59,425] {logging_mixin.py:115} INFO - [2025-10-14 14:59:59,425] {dagbag.py:507} INFO - Filling up the DagBag from /root/Projects/etlX/venv/lib/python3.9/site-packages/airflow/example_dags/example_sla_dag.py
[2025-10-14 14:59:59,453] {processor.py:651} INFO - DAG(s) dict_keys(['example_sla_dag']) retrieved from /root/Projects/etlX/venv/lib/python3.9/site-packages/airflow/example_dags/example_sla_dag.py
[2025-10-14 14:59:59,479] {logging_mixin.py:115} INFO - [2025-10-14 14:59:59,479] {dag.py:2379} INFO - Sync 1 DAGs
[2025-10-14 14:59:59,501] {logging_mixin.py:115} INFO - [2025-10-14 14:59:59,501] {dag.py:2927} INFO - Setting next_dagrun for example_sla_dag to 2025-10-14T17:56:00+00:00, run_after=2025-10-14T17:58:00+00:00
[2025-10-14 14:59:59,514] {processor.py:161} INFO - Processing /root/Projects/etlX/venv/lib/python3.9/site-packages/airflow/example_dags/example_sla_dag.py took 0.096 seconds
[2025-10-14 15:00:31,926] {processor.py:153} INFO - Started process (PID=14072) to work on /root/Projects/etlX/venv/lib/python3.9/site-packages/airflow/example_dags/example_sla_dag.py
[2025-10-14 15:00:31,927] {processor.py:641} INFO - Processing file /root/Projects/etlX/venv/lib/python3.9/site-packages/airflow/example_dags/example_sla_dag.py for tasks to queue
[2025-10-14 15:00:31,927] {logging_mixin.py:115} INFO - [2025-10-14 15:00:31,927] {dagbag.py:507} INFO - Filling up the DagBag from /root/Projects/etlX/venv/lib/python3.9/site-packages/airflow/example_dags/example_sla_dag.py
[2025-10-14 15:00:31,948] {processor.py:651} INFO - DAG(s) dict_keys(['example_sla_dag']) retrieved from /root/Projects/etlX/venv/lib/python3.9/site-packages/airflow/example_dags/example_sla_dag.py
[2025-10-14 15:00:31,974] {logging_mixin.py:115} INFO - [2025-10-14 15:00:31,974] {dag.py:2379} INFO - Sync 1 DAGs
[2025-10-14 15:00:31,995] {logging_mixin.py:115} INFO - [2025-10-14 15:00:31,995] {dag.py:2927} INFO - Setting next_dagrun for example_sla_dag to 2025-10-14T17:58:00+00:00, run_after=2025-10-14T18:00:00+00:00
[2025-10-14 15:00:32,009] {processor.py:161} INFO - Processing /root/Projects/etlX/venv/lib/python3.9/site-packages/airflow/example_dags/example_sla_dag.py took 0.088 seconds
[2025-10-14 15:01:06,545] {processor.py:153} INFO - Started process (PID=14436) to work on /root/Projects/etlX/venv/lib/python3.9/site-packages/airflow/example_dags/example_sla_dag.py
[2025-10-14 15:01:06,545] {processor.py:641} INFO - Processing file /root/Projects/etlX/venv/lib/python3.9/site-packages/airflow/example_dags/example_sla_dag.py for tasks to queue
[2025-10-14 15:01:06,546] {logging_mixin.py:115} INFO - [2025-10-14 15:01:06,546] {dagbag.py:507} INFO - Filling up the DagBag from /root/Projects/etlX/venv/lib/python3.9/site-packages/airflow/example_dags/example_sla_dag.py
[2025-10-14 15:01:06,567] {processor.py:651} INFO - DAG(s) dict_keys(['example_sla_dag']) retrieved from /root/Projects/etlX/venv/lib/python3.9/site-packages/airflow/example_dags/example_sla_dag.py
[2025-10-14 15:01:06,589] {logging_mixin.py:115} INFO - [2025-10-14 15:01:06,589] {dag.py:2379} INFO - Sync 1 DAGs
[2025-10-14 15:01:06,607] {logging_mixin.py:115} INFO - [2025-10-14 15:01:06,607] {dag.py:2927} INFO - Setting next_dagrun for example_sla_dag to 2025-10-14T17:58:00+00:00, run_after=2025-10-14T18:00:00+00:00
[2025-10-14 15:01:06,617] {processor.py:161} INFO - Processing /root/Projects/etlX/venv/lib/python3.9/site-packages/airflow/example_dags/example_sla_dag.py took 0.077 seconds
[2025-10-14 15:01:38,908] {processor.py:153} INFO - Started process (PID=14491) to work on /root/Projects/etlX/venv/lib/python3.9/site-packages/airflow/example_dags/example_sla_dag.py
[2025-10-14 15:01:38,908] {processor.py:641} INFO - Processing file /root/Projects/etlX/venv/lib/python3.9/site-packages/airflow/example_dags/example_sla_dag.py for tasks to queue
[2025-10-14 15:01:38,909] {logging_mixin.py:115} INFO - [2025-10-14 15:01:38,909] {dagbag.py:507} INFO - Filling up the DagBag from /root/Projects/etlX/venv/lib/python3.9/site-packages/airflow/example_dags/example_sla_dag.py
[2025-10-14 15:01:38,933] {processor.py:651} INFO - DAG(s) dict_keys(['example_sla_dag']) retrieved from /root/Projects/etlX/venv/lib/python3.9/site-packages/airflow/example_dags/example_sla_dag.py
[2025-10-14 15:01:38,959] {logging_mixin.py:115} INFO - [2025-10-14 15:01:38,959] {dag.py:2379} INFO - Sync 1 DAGs
[2025-10-14 15:01:38,978] {logging_mixin.py:115} INFO - [2025-10-14 15:01:38,978] {dag.py:2927} INFO - Setting next_dagrun for example_sla_dag to 2025-10-14T17:58:00+00:00, run_after=2025-10-14T18:00:00+00:00
[2025-10-14 15:01:38,990] {processor.py:161} INFO - Processing /root/Projects/etlX/venv/lib/python3.9/site-packages/airflow/example_dags/example_sla_dag.py took 0.087 seconds
[2025-10-14 15:02:13,299] {processor.py:153} INFO - Started process (PID=14801) to work on /root/Projects/etlX/venv/lib/python3.9/site-packages/airflow/example_dags/example_sla_dag.py
[2025-10-14 15:02:13,300] {processor.py:641} INFO - Processing file /root/Projects/etlX/venv/lib/python3.9/site-packages/airflow/example_dags/example_sla_dag.py for tasks to queue
[2025-10-14 15:02:13,300] {logging_mixin.py:115} INFO - [2025-10-14 15:02:13,300] {dagbag.py:507} INFO - Filling up the DagBag from /root/Projects/etlX/venv/lib/python3.9/site-packages/airflow/example_dags/example_sla_dag.py
[2025-10-14 15:02:13,325] {processor.py:651} INFO - DAG(s) dict_keys(['example_sla_dag']) retrieved from /root/Projects/etlX/venv/lib/python3.9/site-packages/airflow/example_dags/example_sla_dag.py
[2025-10-14 15:02:13,354] {logging_mixin.py:115} INFO - [2025-10-14 15:02:13,354] {dag.py:2379} INFO - Sync 1 DAGs
[2025-10-14 15:02:13,378] {logging_mixin.py:115} INFO - [2025-10-14 15:02:13,378] {dag.py:2927} INFO - Setting next_dagrun for example_sla_dag to 2025-10-14T18:00:00+00:00, run_after=2025-10-14T18:02:00+00:00
[2025-10-14 15:02:13,391] {processor.py:161} INFO - Processing /root/Projects/etlX/venv/lib/python3.9/site-packages/airflow/example_dags/example_sla_dag.py took 0.097 seconds
[2025-10-14 15:02:46,806] {processor.py:153} INFO - Started process (PID=14865) to work on /root/Projects/etlX/venv/lib/python3.9/site-packages/airflow/example_dags/example_sla_dag.py
[2025-10-14 15:02:46,806] {processor.py:641} INFO - Processing file /root/Projects/etlX/venv/lib/python3.9/site-packages/airflow/example_dags/example_sla_dag.py for tasks to queue
[2025-10-14 15:02:46,807] {logging_mixin.py:115} INFO - [2025-10-14 15:02:46,807] {dagbag.py:507} INFO - Filling up the DagBag from /root/Projects/etlX/venv/lib/python3.9/site-packages/airflow/example_dags/example_sla_dag.py
[2025-10-14 15:02:46,830] {processor.py:651} INFO - DAG(s) dict_keys(['example_sla_dag']) retrieved from /root/Projects/etlX/venv/lib/python3.9/site-packages/airflow/example_dags/example_sla_dag.py
[2025-10-14 15:02:46,854] {logging_mixin.py:115} INFO - [2025-10-14 15:02:46,854] {dag.py:2379} INFO - Sync 1 DAGs
[2025-10-14 15:02:46,877] {logging_mixin.py:115} INFO - [2025-10-14 15:02:46,877] {dag.py:2927} INFO - Setting next_dagrun for example_sla_dag to 2025-10-14T18:00:00+00:00, run_after=2025-10-14T18:02:00+00:00
[2025-10-14 15:02:46,893] {processor.py:161} INFO - Processing /root/Projects/etlX/venv/lib/python3.9/site-packages/airflow/example_dags/example_sla_dag.py took 0.092 seconds
[2025-10-14 15:03:20,201] {processor.py:153} INFO - Started process (PID=15018) to work on /root/Projects/etlX/venv/lib/python3.9/site-packages/airflow/example_dags/example_sla_dag.py
[2025-10-14 15:03:20,202] {processor.py:641} INFO - Processing file /root/Projects/etlX/venv/lib/python3.9/site-packages/airflow/example_dags/example_sla_dag.py for tasks to queue
[2025-10-14 15:03:20,203] {logging_mixin.py:115} INFO - [2025-10-14 15:03:20,202] {dagbag.py:507} INFO - Filling up the DagBag from /root/Projects/etlX/venv/lib/python3.9/site-packages/airflow/example_dags/example_sla_dag.py
[2025-10-14 15:03:20,234] {processor.py:651} INFO - DAG(s) dict_keys(['example_sla_dag']) retrieved from /root/Projects/etlX/venv/lib/python3.9/site-packages/airflow/example_dags/example_sla_dag.py
[2025-10-14 15:03:20,265] {logging_mixin.py:115} INFO - [2025-10-14 15:03:20,265] {dag.py:2379} INFO - Sync 1 DAGs
[2025-10-14 15:03:20,294] {logging_mixin.py:115} INFO - [2025-10-14 15:03:20,294] {dag.py:2927} INFO - Setting next_dagrun for example_sla_dag to 2025-10-14T18:00:00+00:00, run_after=2025-10-14T18:02:00+00:00
[2025-10-14 15:03:20,313] {processor.py:161} INFO - Processing /root/Projects/etlX/venv/lib/python3.9/site-packages/airflow/example_dags/example_sla_dag.py took 0.118 seconds
[2025-10-14 15:09:55,714] {processor.py:153} INFO - Started process (PID=15832) to work on /root/Projects/etlX/venv/lib/python3.9/site-packages/airflow/example_dags/example_sla_dag.py
[2025-10-14 15:09:55,716] {processor.py:641} INFO - Processing file /root/Projects/etlX/venv/lib/python3.9/site-packages/airflow/example_dags/example_sla_dag.py for tasks to queue
[2025-10-14 15:09:55,716] {logging_mixin.py:115} INFO - [2025-10-14 15:09:55,716] {dagbag.py:507} INFO - Filling up the DagBag from /root/Projects/etlX/venv/lib/python3.9/site-packages/airflow/example_dags/example_sla_dag.py
[2025-10-14 15:09:55,741] {processor.py:651} INFO - DAG(s) dict_keys(['example_sla_dag']) retrieved from /root/Projects/etlX/venv/lib/python3.9/site-packages/airflow/example_dags/example_sla_dag.py
[2025-10-14 15:09:55,780] {logging_mixin.py:115} INFO - [2025-10-14 15:09:55,780] {dag.py:2379} INFO - Sync 1 DAGs
[2025-10-14 15:09:55,808] {logging_mixin.py:115} INFO - [2025-10-14 15:09:55,808] {dag.py:2927} INFO - Setting next_dagrun for example_sla_dag to 2025-10-14T18:06:00+00:00, run_after=2025-10-14T18:08:00+00:00
[2025-10-14 15:09:55,820] {processor.py:161} INFO - Processing /root/Projects/etlX/venv/lib/python3.9/site-packages/airflow/example_dags/example_sla_dag.py took 0.110 seconds
[2025-10-14 15:10:30,792] {processor.py:153} INFO - Started process (PID=15941) to work on /root/Projects/etlX/venv/lib/python3.9/site-packages/airflow/example_dags/example_sla_dag.py
[2025-10-14 15:10:30,793] {processor.py:641} INFO - Processing file /root/Projects/etlX/venv/lib/python3.9/site-packages/airflow/example_dags/example_sla_dag.py for tasks to queue
[2025-10-14 15:10:30,794] {logging_mixin.py:115} INFO - [2025-10-14 15:10:30,794] {dagbag.py:507} INFO - Filling up the DagBag from /root/Projects/etlX/venv/lib/python3.9/site-packages/airflow/example_dags/example_sla_dag.py
[2025-10-14 15:10:30,821] {processor.py:651} INFO - DAG(s) dict_keys(['example_sla_dag']) retrieved from /root/Projects/etlX/venv/lib/python3.9/site-packages/airflow/example_dags/example_sla_dag.py
[2025-10-14 15:10:30,846] {logging_mixin.py:115} INFO - [2025-10-14 15:10:30,846] {dag.py:2379} INFO - Sync 1 DAGs
[2025-10-14 15:10:30,867] {logging_mixin.py:115} INFO - [2025-10-14 15:10:30,867] {dag.py:2927} INFO - Setting next_dagrun for example_sla_dag to 2025-10-14T18:08:00+00:00, run_after=2025-10-14T18:10:00+00:00
[2025-10-14 15:10:30,879] {processor.py:161} INFO - Processing /root/Projects/etlX/venv/lib/python3.9/site-packages/airflow/example_dags/example_sla_dag.py took 0.091 seconds
[2025-10-14 15:11:04,662] {processor.py:153} INFO - Started process (PID=15996) to work on /root/Projects/etlX/venv/lib/python3.9/site-packages/airflow/example_dags/example_sla_dag.py
[2025-10-14 15:11:04,663] {processor.py:641} INFO - Processing file /root/Projects/etlX/venv/lib/python3.9/site-packages/airflow/example_dags/example_sla_dag.py for tasks to queue
[2025-10-14 15:11:04,664] {logging_mixin.py:115} INFO - [2025-10-14 15:11:04,664] {dagbag.py:507} INFO - Filling up the DagBag from /root/Projects/etlX/venv/lib/python3.9/site-packages/airflow/example_dags/example_sla_dag.py
[2025-10-14 15:11:04,687] {processor.py:651} INFO - DAG(s) dict_keys(['example_sla_dag']) retrieved from /root/Projects/etlX/venv/lib/python3.9/site-packages/airflow/example_dags/example_sla_dag.py
[2025-10-14 15:11:04,711] {logging_mixin.py:115} INFO - [2025-10-14 15:11:04,711] {dag.py:2379} INFO - Sync 1 DAGs
[2025-10-14 15:11:04,730] {logging_mixin.py:115} INFO - [2025-10-14 15:11:04,730] {dag.py:2927} INFO - Setting next_dagrun for example_sla_dag to 2025-10-14T18:08:00+00:00, run_after=2025-10-14T18:10:00+00:00
[2025-10-14 15:11:04,741] {processor.py:161} INFO - Processing /root/Projects/etlX/venv/lib/python3.9/site-packages/airflow/example_dags/example_sla_dag.py took 0.083 seconds
[2025-10-14 15:11:38,185] {processor.py:153} INFO - Started process (PID=16157) to work on /root/Projects/etlX/venv/lib/python3.9/site-packages/airflow/example_dags/example_sla_dag.py
[2025-10-14 15:11:38,185] {processor.py:641} INFO - Processing file /root/Projects/etlX/venv/lib/python3.9/site-packages/airflow/example_dags/example_sla_dag.py for tasks to queue
[2025-10-14 15:11:38,186] {logging_mixin.py:115} INFO - [2025-10-14 15:11:38,186] {dagbag.py:507} INFO - Filling up the DagBag from /root/Projects/etlX/venv/lib/python3.9/site-packages/airflow/example_dags/example_sla_dag.py
[2025-10-14 15:11:38,210] {processor.py:651} INFO - DAG(s) dict_keys(['example_sla_dag']) retrieved from /root/Projects/etlX/venv/lib/python3.9/site-packages/airflow/example_dags/example_sla_dag.py
[2025-10-14 15:11:38,234] {logging_mixin.py:115} INFO - [2025-10-14 15:11:38,234] {dag.py:2379} INFO - Sync 1 DAGs
[2025-10-14 15:11:38,255] {logging_mixin.py:115} INFO - [2025-10-14 15:11:38,255] {dag.py:2927} INFO - Setting next_dagrun for example_sla_dag to 2025-10-14T18:08:00+00:00, run_after=2025-10-14T18:10:00+00:00
[2025-10-14 15:11:38,269] {processor.py:161} INFO - Processing /root/Projects/etlX/venv/lib/python3.9/site-packages/airflow/example_dags/example_sla_dag.py took 0.089 seconds
[2025-10-14 15:12:12,490] {processor.py:153} INFO - Started process (PID=16212) to work on /root/Projects/etlX/venv/lib/python3.9/site-packages/airflow/example_dags/example_sla_dag.py
[2025-10-14 15:12:12,491] {processor.py:641} INFO - Processing file /root/Projects/etlX/venv/lib/python3.9/site-packages/airflow/example_dags/example_sla_dag.py for tasks to queue
[2025-10-14 15:12:12,492] {logging_mixin.py:115} INFO - [2025-10-14 15:12:12,492] {dagbag.py:507} INFO - Filling up the DagBag from /root/Projects/etlX/venv/lib/python3.9/site-packages/airflow/example_dags/example_sla_dag.py
[2025-10-14 15:12:12,514] {processor.py:651} INFO - DAG(s) dict_keys(['example_sla_dag']) retrieved from /root/Projects/etlX/venv/lib/python3.9/site-packages/airflow/example_dags/example_sla_dag.py
[2025-10-14 15:12:12,537] {logging_mixin.py:115} INFO - [2025-10-14 15:12:12,537] {dag.py:2379} INFO - Sync 1 DAGs
[2025-10-14 15:12:12,556] {logging_mixin.py:115} INFO - [2025-10-14 15:12:12,556] {dag.py:2927} INFO - Setting next_dagrun for example_sla_dag to 2025-10-14T18:10:00+00:00, run_after=2025-10-14T18:12:00+00:00
[2025-10-14 15:12:12,568] {processor.py:161} INFO - Processing /root/Projects/etlX/venv/lib/python3.9/site-packages/airflow/example_dags/example_sla_dag.py took 0.084 seconds
[2025-10-14 15:12:46,407] {processor.py:153} INFO - Started process (PID=16270) to work on /root/Projects/etlX/venv/lib/python3.9/site-packages/airflow/example_dags/example_sla_dag.py
[2025-10-14 15:12:46,408] {processor.py:641} INFO - Processing file /root/Projects/etlX/venv/lib/python3.9/site-packages/airflow/example_dags/example_sla_dag.py for tasks to queue
[2025-10-14 15:12:46,409] {logging_mixin.py:115} INFO - [2025-10-14 15:12:46,409] {dagbag.py:507} INFO - Filling up the DagBag from /root/Projects/etlX/venv/lib/python3.9/site-packages/airflow/example_dags/example_sla_dag.py
[2025-10-14 15:12:46,436] {processor.py:651} INFO - DAG(s) dict_keys(['example_sla_dag']) retrieved from /root/Projects/etlX/venv/lib/python3.9/site-packages/airflow/example_dags/example_sla_dag.py
[2025-10-14 15:12:46,457] {logging_mixin.py:115} INFO - [2025-10-14 15:12:46,457] {dag.py:2379} INFO - Sync 1 DAGs
[2025-10-14 15:12:46,474] {logging_mixin.py:115} INFO - [2025-10-14 15:12:46,474] {dag.py:2927} INFO - Setting next_dagrun for example_sla_dag to 2025-10-14T18:10:00+00:00, run_after=2025-10-14T18:12:00+00:00
[2025-10-14 15:12:46,485] {processor.py:161} INFO - Processing /root/Projects/etlX/venv/lib/python3.9/site-packages/airflow/example_dags/example_sla_dag.py took 0.084 seconds
[2025-10-14 15:13:20,282] {processor.py:153} INFO - Started process (PID=16325) to work on /root/Projects/etlX/venv/lib/python3.9/site-packages/airflow/example_dags/example_sla_dag.py
[2025-10-14 15:13:20,283] {processor.py:641} INFO - Processing file /root/Projects/etlX/venv/lib/python3.9/site-packages/airflow/example_dags/example_sla_dag.py for tasks to queue
[2025-10-14 15:13:20,283] {logging_mixin.py:115} INFO - [2025-10-14 15:13:20,283] {dagbag.py:507} INFO - Filling up the DagBag from /root/Projects/etlX/venv/lib/python3.9/site-packages/airflow/example_dags/example_sla_dag.py
[2025-10-14 15:13:20,304] {processor.py:651} INFO - DAG(s) dict_keys(['example_sla_dag']) retrieved from /root/Projects/etlX/venv/lib/python3.9/site-packages/airflow/example_dags/example_sla_dag.py
[2025-10-14 15:13:20,329] {logging_mixin.py:115} INFO - [2025-10-14 15:13:20,328] {dag.py:2379} INFO - Sync 1 DAGs
[2025-10-14 15:13:20,349] {logging_mixin.py:115} INFO - [2025-10-14 15:13:20,349] {dag.py:2927} INFO - Setting next_dagrun for example_sla_dag to 2025-10-14T18:10:00+00:00, run_after=2025-10-14T18:12:00+00:00
[2025-10-14 15:13:20,360] {processor.py:161} INFO - Processing /root/Projects/etlX/venv/lib/python3.9/site-packages/airflow/example_dags/example_sla_dag.py took 0.083 seconds
[2025-10-14 15:13:54,000] {processor.py:153} INFO - Started process (PID=16383) to work on /root/Projects/etlX/venv/lib/python3.9/site-packages/airflow/example_dags/example_sla_dag.py
[2025-10-14 15:13:54,000] {processor.py:641} INFO - Processing file /root/Projects/etlX/venv/lib/python3.9/site-packages/airflow/example_dags/example_sla_dag.py for tasks to queue
[2025-10-14 15:13:54,001] {logging_mixin.py:115} INFO - [2025-10-14 15:13:54,001] {dagbag.py:507} INFO - Filling up the DagBag from /root/Projects/etlX/venv/lib/python3.9/site-packages/airflow/example_dags/example_sla_dag.py
[2025-10-14 15:13:54,026] {processor.py:651} INFO - DAG(s) dict_keys(['example_sla_dag']) retrieved from /root/Projects/etlX/venv/lib/python3.9/site-packages/airflow/example_dags/example_sla_dag.py
[2025-10-14 15:13:54,047] {logging_mixin.py:115} INFO - [2025-10-14 15:13:54,047] {dag.py:2379} INFO - Sync 1 DAGs
[2025-10-14 15:13:54,064] {logging_mixin.py:115} INFO - [2025-10-14 15:13:54,064] {dag.py:2927} INFO - Setting next_dagrun for example_sla_dag to 2025-10-14T18:10:00+00:00, run_after=2025-10-14T18:12:00+00:00
[2025-10-14 15:13:54,075] {processor.py:161} INFO - Processing /root/Projects/etlX/venv/lib/python3.9/site-packages/airflow/example_dags/example_sla_dag.py took 0.082 seconds
[2025-10-14 15:14:26,438] {processor.py:153} INFO - Started process (PID=16438) to work on /root/Projects/etlX/venv/lib/python3.9/site-packages/airflow/example_dags/example_sla_dag.py
[2025-10-14 15:14:26,439] {processor.py:641} INFO - Processing file /root/Projects/etlX/venv/lib/python3.9/site-packages/airflow/example_dags/example_sla_dag.py for tasks to queue
[2025-10-14 15:14:26,439] {logging_mixin.py:115} INFO - [2025-10-14 15:14:26,439] {dagbag.py:507} INFO - Filling up the DagBag from /root/Projects/etlX/venv/lib/python3.9/site-packages/airflow/example_dags/example_sla_dag.py
[2025-10-14 15:14:26,460] {processor.py:651} INFO - DAG(s) dict_keys(['example_sla_dag']) retrieved from /root/Projects/etlX/venv/lib/python3.9/site-packages/airflow/example_dags/example_sla_dag.py
[2025-10-14 15:14:26,483] {logging_mixin.py:115} INFO - [2025-10-14 15:14:26,482] {dag.py:2379} INFO - Sync 1 DAGs
[2025-10-14 15:14:26,501] {logging_mixin.py:115} INFO - [2025-10-14 15:14:26,501] {dag.py:2927} INFO - Setting next_dagrun for example_sla_dag to 2025-10-14T18:12:00+00:00, run_after=2025-10-14T18:14:00+00:00
[2025-10-14 15:14:26,512] {processor.py:161} INFO - Processing /root/Projects/etlX/venv/lib/python3.9/site-packages/airflow/example_dags/example_sla_dag.py took 0.078 seconds
[2025-10-14 15:15:01,576] {processor.py:153} INFO - Started process (PID=16548) to work on /root/Projects/etlX/venv/lib/python3.9/site-packages/airflow/example_dags/example_sla_dag.py
[2025-10-14 15:15:01,577] {processor.py:641} INFO - Processing file /root/Projects/etlX/venv/lib/python3.9/site-packages/airflow/example_dags/example_sla_dag.py for tasks to queue
[2025-10-14 15:15:01,578] {logging_mixin.py:115} INFO - [2025-10-14 15:15:01,578] {dagbag.py:507} INFO - Filling up the DagBag from /root/Projects/etlX/venv/lib/python3.9/site-packages/airflow/example_dags/example_sla_dag.py
[2025-10-14 15:15:01,605] {processor.py:651} INFO - DAG(s) dict_keys(['example_sla_dag']) retrieved from /root/Projects/etlX/venv/lib/python3.9/site-packages/airflow/example_dags/example_sla_dag.py
[2025-10-14 15:15:01,627] {logging_mixin.py:115} INFO - [2025-10-14 15:15:01,627] {dag.py:2379} INFO - Sync 1 DAGs
[2025-10-14 15:15:01,645] {logging_mixin.py:115} INFO - [2025-10-14 15:15:01,645] {dag.py:2927} INFO - Setting next_dagrun for example_sla_dag to 2025-10-14T18:12:00+00:00, run_after=2025-10-14T18:14:00+00:00
[2025-10-14 15:15:01,658] {processor.py:161} INFO - Processing /root/Projects/etlX/venv/lib/python3.9/site-packages/airflow/example_dags/example_sla_dag.py took 0.088 seconds
[2025-10-14 15:15:36,617] {processor.py:153} INFO - Started process (PID=16606) to work on /root/Projects/etlX/venv/lib/python3.9/site-packages/airflow/example_dags/example_sla_dag.py
[2025-10-14 15:15:36,617] {processor.py:641} INFO - Processing file /root/Projects/etlX/venv/lib/python3.9/site-packages/airflow/example_dags/example_sla_dag.py for tasks to queue
[2025-10-14 15:15:36,618] {logging_mixin.py:115} INFO - [2025-10-14 15:15:36,618] {dagbag.py:507} INFO - Filling up the DagBag from /root/Projects/etlX/venv/lib/python3.9/site-packages/airflow/example_dags/example_sla_dag.py
[2025-10-14 15:15:36,640] {processor.py:651} INFO - DAG(s) dict_keys(['example_sla_dag']) retrieved from /root/Projects/etlX/venv/lib/python3.9/site-packages/airflow/example_dags/example_sla_dag.py
[2025-10-14 15:15:36,665] {logging_mixin.py:115} INFO - [2025-10-14 15:15:36,665] {dag.py:2379} INFO - Sync 1 DAGs
[2025-10-14 15:15:36,685] {logging_mixin.py:115} INFO - [2025-10-14 15:15:36,685] {dag.py:2927} INFO - Setting next_dagrun for example_sla_dag to 2025-10-14T18:12:00+00:00, run_after=2025-10-14T18:14:00+00:00
[2025-10-14 15:15:36,699] {processor.py:161} INFO - Processing /root/Projects/etlX/venv/lib/python3.9/site-packages/airflow/example_dags/example_sla_dag.py took 0.087 seconds
[2025-10-14 15:16:12,258] {processor.py:153} INFO - Started process (PID=16735) to work on /root/Projects/etlX/venv/lib/python3.9/site-packages/airflow/example_dags/example_sla_dag.py
[2025-10-14 15:16:12,259] {processor.py:641} INFO - Processing file /root/Projects/etlX/venv/lib/python3.9/site-packages/airflow/example_dags/example_sla_dag.py for tasks to queue
[2025-10-14 15:16:12,260] {logging_mixin.py:115} INFO - [2025-10-14 15:16:12,259] {dagbag.py:507} INFO - Filling up the DagBag from /root/Projects/etlX/venv/lib/python3.9/site-packages/airflow/example_dags/example_sla_dag.py
[2025-10-14 15:16:12,281] {processor.py:651} INFO - DAG(s) dict_keys(['example_sla_dag']) retrieved from /root/Projects/etlX/venv/lib/python3.9/site-packages/airflow/example_dags/example_sla_dag.py
[2025-10-14 15:16:12,304] {logging_mixin.py:115} INFO - [2025-10-14 15:16:12,304] {dag.py:2379} INFO - Sync 1 DAGs
[2025-10-14 15:16:12,325] {logging_mixin.py:115} INFO - [2025-10-14 15:16:12,325] {dag.py:2927} INFO - Setting next_dagrun for example_sla_dag to 2025-10-14T18:14:00+00:00, run_after=2025-10-14T18:16:00+00:00
[2025-10-14 15:16:12,339] {processor.py:161} INFO - Processing /root/Projects/etlX/venv/lib/python3.9/site-packages/airflow/example_dags/example_sla_dag.py took 0.086 seconds
[2025-10-14 15:16:45,967] {processor.py:153} INFO - Started process (PID=16977) to work on /root/Projects/etlX/venv/lib/python3.9/site-packages/airflow/example_dags/example_sla_dag.py
[2025-10-14 15:16:45,967] {processor.py:641} INFO - Processing file /root/Projects/etlX/venv/lib/python3.9/site-packages/airflow/example_dags/example_sla_dag.py for tasks to queue
[2025-10-14 15:16:45,968] {logging_mixin.py:115} INFO - [2025-10-14 15:16:45,968] {dagbag.py:507} INFO - Filling up the DagBag from /root/Projects/etlX/venv/lib/python3.9/site-packages/airflow/example_dags/example_sla_dag.py
[2025-10-14 15:16:45,990] {processor.py:651} INFO - DAG(s) dict_keys(['example_sla_dag']) retrieved from /root/Projects/etlX/venv/lib/python3.9/site-packages/airflow/example_dags/example_sla_dag.py
[2025-10-14 15:16:46,011] {logging_mixin.py:115} INFO - [2025-10-14 15:16:46,011] {dag.py:2379} INFO - Sync 1 DAGs
[2025-10-14 15:16:46,029] {logging_mixin.py:115} INFO - [2025-10-14 15:16:46,029] {dag.py:2927} INFO - Setting next_dagrun for example_sla_dag to 2025-10-14T18:14:00+00:00, run_after=2025-10-14T18:16:00+00:00
[2025-10-14 15:16:46,039] {processor.py:161} INFO - Processing /root/Projects/etlX/venv/lib/python3.9/site-packages/airflow/example_dags/example_sla_dag.py took 0.077 seconds
[2025-10-14 15:17:20,110] {processor.py:153} INFO - Started process (PID=17084) to work on /root/Projects/etlX/venv/lib/python3.9/site-packages/airflow/example_dags/example_sla_dag.py
[2025-10-14 15:17:20,111] {processor.py:641} INFO - Processing file /root/Projects/etlX/venv/lib/python3.9/site-packages/airflow/example_dags/example_sla_dag.py for tasks to queue
[2025-10-14 15:17:20,113] {logging_mixin.py:115} INFO - [2025-10-14 15:17:20,113] {dagbag.py:507} INFO - Filling up the DagBag from /root/Projects/etlX/venv/lib/python3.9/site-packages/airflow/example_dags/example_sla_dag.py
[2025-10-14 15:17:20,139] {processor.py:651} INFO - DAG(s) dict_keys(['example_sla_dag']) retrieved from /root/Projects/etlX/venv/lib/python3.9/site-packages/airflow/example_dags/example_sla_dag.py
[2025-10-14 15:17:20,164] {logging_mixin.py:115} INFO - [2025-10-14 15:17:20,164] {dag.py:2379} INFO - Sync 1 DAGs
[2025-10-14 15:17:20,191] {logging_mixin.py:115} INFO - [2025-10-14 15:17:20,191] {dag.py:2927} INFO - Setting next_dagrun for example_sla_dag to 2025-10-14T18:14:00+00:00, run_after=2025-10-14T18:16:00+00:00
[2025-10-14 15:17:20,204] {processor.py:161} INFO - Processing /root/Projects/etlX/venv/lib/python3.9/site-packages/airflow/example_dags/example_sla_dag.py took 0.101 seconds
[2025-10-14 15:17:56,491] {processor.py:153} INFO - Started process (PID=17347) to work on /root/Projects/etlX/venv/lib/python3.9/site-packages/airflow/example_dags/example_sla_dag.py
[2025-10-14 15:17:56,492] {processor.py:641} INFO - Processing file /root/Projects/etlX/venv/lib/python3.9/site-packages/airflow/example_dags/example_sla_dag.py for tasks to queue
[2025-10-14 15:17:56,493] {logging_mixin.py:115} INFO - [2025-10-14 15:17:56,492] {dagbag.py:507} INFO - Filling up the DagBag from /root/Projects/etlX/venv/lib/python3.9/site-packages/airflow/example_dags/example_sla_dag.py
[2025-10-14 15:17:56,524] {processor.py:651} INFO - DAG(s) dict_keys(['example_sla_dag']) retrieved from /root/Projects/etlX/venv/lib/python3.9/site-packages/airflow/example_dags/example_sla_dag.py
[2025-10-14 15:17:56,558] {logging_mixin.py:115} INFO - [2025-10-14 15:17:56,558] {dag.py:2379} INFO - Sync 1 DAGs
[2025-10-14 15:17:56,599] {logging_mixin.py:115} INFO - [2025-10-14 15:17:56,599] {dag.py:2927} INFO - Setting next_dagrun for example_sla_dag to 2025-10-14T18:14:00+00:00, run_after=2025-10-14T18:16:00+00:00
[2025-10-14 15:17:56,632] {processor.py:161} INFO - Processing /root/Projects/etlX/venv/lib/python3.9/site-packages/airflow/example_dags/example_sla_dag.py took 0.146 seconds
[2025-10-14 15:58:53,332] {processor.py:153} INFO - Started process (PID=19820) to work on /root/Projects/etlX/venv/lib/python3.9/site-packages/airflow/example_dags/example_sla_dag.py
[2025-10-14 15:58:53,333] {processor.py:641} INFO - Processing file /root/Projects/etlX/venv/lib/python3.9/site-packages/airflow/example_dags/example_sla_dag.py for tasks to queue
[2025-10-14 15:58:53,333] {logging_mixin.py:115} INFO - [2025-10-14 15:58:53,333] {dagbag.py:507} INFO - Filling up the DagBag from /root/Projects/etlX/venv/lib/python3.9/site-packages/airflow/example_dags/example_sla_dag.py
[2025-10-14 15:58:53,354] {processor.py:651} INFO - DAG(s) dict_keys(['example_sla_dag']) retrieved from /root/Projects/etlX/venv/lib/python3.9/site-packages/airflow/example_dags/example_sla_dag.py
[2025-10-14 15:58:53,377] {logging_mixin.py:115} INFO - [2025-10-14 15:58:53,377] {dag.py:2379} INFO - Sync 1 DAGs
[2025-10-14 15:58:53,398] {logging_mixin.py:115} INFO - [2025-10-14 15:58:53,398] {dag.py:2927} INFO - Setting next_dagrun for example_sla_dag to 2025-10-14T18:56:00+00:00, run_after=2025-10-14T18:58:00+00:00
[2025-10-14 15:58:53,411] {processor.py:161} INFO - Processing /root/Projects/etlX/venv/lib/python3.9/site-packages/airflow/example_dags/example_sla_dag.py took 0.083 seconds
[2025-10-14 15:59:26,755] {processor.py:153} INFO - Started process (PID=20080) to work on /root/Projects/etlX/venv/lib/python3.9/site-packages/airflow/example_dags/example_sla_dag.py
[2025-10-14 15:59:26,756] {processor.py:641} INFO - Processing file /root/Projects/etlX/venv/lib/python3.9/site-packages/airflow/example_dags/example_sla_dag.py for tasks to queue
[2025-10-14 15:59:26,756] {logging_mixin.py:115} INFO - [2025-10-14 15:59:26,756] {dagbag.py:507} INFO - Filling up the DagBag from /root/Projects/etlX/venv/lib/python3.9/site-packages/airflow/example_dags/example_sla_dag.py
[2025-10-14 15:59:26,777] {processor.py:651} INFO - DAG(s) dict_keys(['example_sla_dag']) retrieved from /root/Projects/etlX/venv/lib/python3.9/site-packages/airflow/example_dags/example_sla_dag.py
[2025-10-14 15:59:26,800] {logging_mixin.py:115} INFO - [2025-10-14 15:59:26,800] {dag.py:2379} INFO - Sync 1 DAGs
[2025-10-14 15:59:26,822] {logging_mixin.py:115} INFO - [2025-10-14 15:59:26,822] {dag.py:2927} INFO - Setting next_dagrun for example_sla_dag to 2025-10-14T18:56:00+00:00, run_after=2025-10-14T18:58:00+00:00
[2025-10-14 15:59:26,837] {processor.py:161} INFO - Processing /root/Projects/etlX/venv/lib/python3.9/site-packages/airflow/example_dags/example_sla_dag.py took 0.087 seconds
[2025-10-14 15:59:59,320] {processor.py:153} INFO - Started process (PID=20138) to work on /root/Projects/etlX/venv/lib/python3.9/site-packages/airflow/example_dags/example_sla_dag.py
[2025-10-14 15:59:59,321] {processor.py:641} INFO - Processing file /root/Projects/etlX/venv/lib/python3.9/site-packages/airflow/example_dags/example_sla_dag.py for tasks to queue
[2025-10-14 15:59:59,322] {logging_mixin.py:115} INFO - [2025-10-14 15:59:59,322] {dagbag.py:507} INFO - Filling up the DagBag from /root/Projects/etlX/venv/lib/python3.9/site-packages/airflow/example_dags/example_sla_dag.py
[2025-10-14 15:59:59,344] {processor.py:651} INFO - DAG(s) dict_keys(['example_sla_dag']) retrieved from /root/Projects/etlX/venv/lib/python3.9/site-packages/airflow/example_dags/example_sla_dag.py
[2025-10-14 15:59:59,367] {logging_mixin.py:115} INFO - [2025-10-14 15:59:59,367] {dag.py:2379} INFO - Sync 1 DAGs
[2025-10-14 15:59:59,387] {logging_mixin.py:115} INFO - [2025-10-14 15:59:59,387] {dag.py:2927} INFO - Setting next_dagrun for example_sla_dag to 2025-10-14T18:56:00+00:00, run_after=2025-10-14T18:58:00+00:00
[2025-10-14 15:59:59,399] {processor.py:161} INFO - Processing /root/Projects/etlX/venv/lib/python3.9/site-packages/airflow/example_dags/example_sla_dag.py took 0.083 seconds
[2025-10-14 16:00:32,744] {processor.py:153} INFO - Started process (PID=20193) to work on /root/Projects/etlX/venv/lib/python3.9/site-packages/airflow/example_dags/example_sla_dag.py
[2025-10-14 16:00:32,744] {processor.py:641} INFO - Processing file /root/Projects/etlX/venv/lib/python3.9/site-packages/airflow/example_dags/example_sla_dag.py for tasks to queue
[2025-10-14 16:00:32,745] {logging_mixin.py:115} INFO - [2025-10-14 16:00:32,745] {dagbag.py:507} INFO - Filling up the DagBag from /root/Projects/etlX/venv/lib/python3.9/site-packages/airflow/example_dags/example_sla_dag.py
[2025-10-14 16:00:32,766] {processor.py:651} INFO - DAG(s) dict_keys(['example_sla_dag']) retrieved from /root/Projects/etlX/venv/lib/python3.9/site-packages/airflow/example_dags/example_sla_dag.py
[2025-10-14 16:00:32,787] {logging_mixin.py:115} INFO - [2025-10-14 16:00:32,787] {dag.py:2379} INFO - Sync 1 DAGs
[2025-10-14 16:00:32,806] {logging_mixin.py:115} INFO - [2025-10-14 16:00:32,805] {dag.py:2927} INFO - Setting next_dagrun for example_sla_dag to 2025-10-14T18:58:00+00:00, run_after=2025-10-14T19:00:00+00:00
[2025-10-14 16:00:32,816] {processor.py:161} INFO - Processing /root/Projects/etlX/venv/lib/python3.9/site-packages/airflow/example_dags/example_sla_dag.py took 0.079 seconds
[2025-10-14 16:01:06,311] {processor.py:153} INFO - Started process (PID=20251) to work on /root/Projects/etlX/venv/lib/python3.9/site-packages/airflow/example_dags/example_sla_dag.py
[2025-10-14 16:01:06,312] {processor.py:641} INFO - Processing file /root/Projects/etlX/venv/lib/python3.9/site-packages/airflow/example_dags/example_sla_dag.py for tasks to queue
[2025-10-14 16:01:06,313] {logging_mixin.py:115} INFO - [2025-10-14 16:01:06,313] {dagbag.py:507} INFO - Filling up the DagBag from /root/Projects/etlX/venv/lib/python3.9/site-packages/airflow/example_dags/example_sla_dag.py
[2025-10-14 16:01:06,333] {processor.py:651} INFO - DAG(s) dict_keys(['example_sla_dag']) retrieved from /root/Projects/etlX/venv/lib/python3.9/site-packages/airflow/example_dags/example_sla_dag.py
[2025-10-14 16:01:06,354] {logging_mixin.py:115} INFO - [2025-10-14 16:01:06,354] {dag.py:2379} INFO - Sync 1 DAGs
[2025-10-14 16:01:06,372] {logging_mixin.py:115} INFO - [2025-10-14 16:01:06,372] {dag.py:2927} INFO - Setting next_dagrun for example_sla_dag to 2025-10-14T18:58:00+00:00, run_after=2025-10-14T19:00:00+00:00
[2025-10-14 16:01:06,382] {processor.py:161} INFO - Processing /root/Projects/etlX/venv/lib/python3.9/site-packages/airflow/example_dags/example_sla_dag.py took 0.075 seconds
[2025-10-14 16:01:40,272] {processor.py:153} INFO - Started process (PID=20306) to work on /root/Projects/etlX/venv/lib/python3.9/site-packages/airflow/example_dags/example_sla_dag.py
[2025-10-14 16:01:40,273] {processor.py:641} INFO - Processing file /root/Projects/etlX/venv/lib/python3.9/site-packages/airflow/example_dags/example_sla_dag.py for tasks to queue
[2025-10-14 16:01:40,274] {logging_mixin.py:115} INFO - [2025-10-14 16:01:40,274] {dagbag.py:507} INFO - Filling up the DagBag from /root/Projects/etlX/venv/lib/python3.9/site-packages/airflow/example_dags/example_sla_dag.py
[2025-10-14 16:01:40,294] {processor.py:651} INFO - DAG(s) dict_keys(['example_sla_dag']) retrieved from /root/Projects/etlX/venv/lib/python3.9/site-packages/airflow/example_dags/example_sla_dag.py
[2025-10-14 16:01:40,313] {logging_mixin.py:115} INFO - [2025-10-14 16:01:40,313] {dag.py:2379} INFO - Sync 1 DAGs
[2025-10-14 16:01:40,332] {logging_mixin.py:115} INFO - [2025-10-14 16:01:40,332] {dag.py:2927} INFO - Setting next_dagrun for example_sla_dag to 2025-10-14T18:58:00+00:00, run_after=2025-10-14T19:00:00+00:00
[2025-10-14 16:01:40,342] {processor.py:161} INFO - Processing /root/Projects/etlX/venv/lib/python3.9/site-packages/airflow/example_dags/example_sla_dag.py took 0.074 seconds
[2025-10-14 16:02:14,789] {processor.py:153} INFO - Started process (PID=20364) to work on /root/Projects/etlX/venv/lib/python3.9/site-packages/airflow/example_dags/example_sla_dag.py
[2025-10-14 16:02:14,790] {processor.py:641} INFO - Processing file /root/Projects/etlX/venv/lib/python3.9/site-packages/airflow/example_dags/example_sla_dag.py for tasks to queue
[2025-10-14 16:02:14,790] {logging_mixin.py:115} INFO - [2025-10-14 16:02:14,790] {dagbag.py:507} INFO - Filling up the DagBag from /root/Projects/etlX/venv/lib/python3.9/site-packages/airflow/example_dags/example_sla_dag.py
[2025-10-14 16:02:14,811] {processor.py:651} INFO - DAG(s) dict_keys(['example_sla_dag']) retrieved from /root/Projects/etlX/venv/lib/python3.9/site-packages/airflow/example_dags/example_sla_dag.py
[2025-10-14 16:02:14,833] {logging_mixin.py:115} INFO - [2025-10-14 16:02:14,833] {dag.py:2379} INFO - Sync 1 DAGs
[2025-10-14 16:02:14,851] {logging_mixin.py:115} INFO - [2025-10-14 16:02:14,850] {dag.py:2927} INFO - Setting next_dagrun for example_sla_dag to 2025-10-14T19:00:00+00:00, run_after=2025-10-14T19:02:00+00:00
[2025-10-14 16:02:14,862] {processor.py:161} INFO - Processing /root/Projects/etlX/venv/lib/python3.9/site-packages/airflow/example_dags/example_sla_dag.py took 0.077 seconds
[2025-10-14 16:02:48,285] {processor.py:153} INFO - Started process (PID=20422) to work on /root/Projects/etlX/venv/lib/python3.9/site-packages/airflow/example_dags/example_sla_dag.py
[2025-10-14 16:02:48,285] {processor.py:641} INFO - Processing file /root/Projects/etlX/venv/lib/python3.9/site-packages/airflow/example_dags/example_sla_dag.py for tasks to queue
[2025-10-14 16:02:48,286] {logging_mixin.py:115} INFO - [2025-10-14 16:02:48,286] {dagbag.py:507} INFO - Filling up the DagBag from /root/Projects/etlX/venv/lib/python3.9/site-packages/airflow/example_dags/example_sla_dag.py
[2025-10-14 16:02:48,342] {processor.py:651} INFO - DAG(s) dict_keys(['example_sla_dag']) retrieved from /root/Projects/etlX/venv/lib/python3.9/site-packages/airflow/example_dags/example_sla_dag.py
[2025-10-14 16:02:48,367] {logging_mixin.py:115} INFO - [2025-10-14 16:02:48,366] {dag.py:2379} INFO - Sync 1 DAGs
[2025-10-14 16:02:48,386] {logging_mixin.py:115} INFO - [2025-10-14 16:02:48,386] {dag.py:2927} INFO - Setting next_dagrun for example_sla_dag to 2025-10-14T19:00:00+00:00, run_after=2025-10-14T19:02:00+00:00
[2025-10-14 16:02:48,397] {processor.py:161} INFO - Processing /root/Projects/etlX/venv/lib/python3.9/site-packages/airflow/example_dags/example_sla_dag.py took 0.117 seconds
[2025-10-14 16:03:22,415] {processor.py:153} INFO - Started process (PID=20478) to work on /root/Projects/etlX/venv/lib/python3.9/site-packages/airflow/example_dags/example_sla_dag.py
[2025-10-14 16:03:22,416] {processor.py:641} INFO - Processing file /root/Projects/etlX/venv/lib/python3.9/site-packages/airflow/example_dags/example_sla_dag.py for tasks to queue
[2025-10-14 16:03:22,417] {logging_mixin.py:115} INFO - [2025-10-14 16:03:22,417] {dagbag.py:507} INFO - Filling up the DagBag from /root/Projects/etlX/venv/lib/python3.9/site-packages/airflow/example_dags/example_sla_dag.py
[2025-10-14 16:03:22,441] {processor.py:651} INFO - DAG(s) dict_keys(['example_sla_dag']) retrieved from /root/Projects/etlX/venv/lib/python3.9/site-packages/airflow/example_dags/example_sla_dag.py
[2025-10-14 16:03:22,464] {logging_mixin.py:115} INFO - [2025-10-14 16:03:22,464] {dag.py:2379} INFO - Sync 1 DAGs
[2025-10-14 16:03:22,483] {logging_mixin.py:115} INFO - [2025-10-14 16:03:22,483] {dag.py:2927} INFO - Setting next_dagrun for example_sla_dag to 2025-10-14T19:00:00+00:00, run_after=2025-10-14T19:02:00+00:00
[2025-10-14 16:03:22,494] {processor.py:161} INFO - Processing /root/Projects/etlX/venv/lib/python3.9/site-packages/airflow/example_dags/example_sla_dag.py took 0.090 seconds
[2025-10-14 16:03:56,038] {processor.py:153} INFO - Started process (PID=20587) to work on /root/Projects/etlX/venv/lib/python3.9/site-packages/airflow/example_dags/example_sla_dag.py
[2025-10-14 16:03:56,038] {processor.py:641} INFO - Processing file /root/Projects/etlX/venv/lib/python3.9/site-packages/airflow/example_dags/example_sla_dag.py for tasks to queue
[2025-10-14 16:03:56,039] {logging_mixin.py:115} INFO - [2025-10-14 16:03:56,039] {dagbag.py:507} INFO - Filling up the DagBag from /root/Projects/etlX/venv/lib/python3.9/site-packages/airflow/example_dags/example_sla_dag.py
[2025-10-14 16:03:56,061] {processor.py:651} INFO - DAG(s) dict_keys(['example_sla_dag']) retrieved from /root/Projects/etlX/venv/lib/python3.9/site-packages/airflow/example_dags/example_sla_dag.py
[2025-10-14 16:03:56,084] {logging_mixin.py:115} INFO - [2025-10-14 16:03:56,084] {dag.py:2379} INFO - Sync 1 DAGs
[2025-10-14 16:03:56,103] {logging_mixin.py:115} INFO - [2025-10-14 16:03:56,103] {dag.py:2927} INFO - Setting next_dagrun for example_sla_dag to 2025-10-14T19:00:00+00:00, run_after=2025-10-14T19:02:00+00:00
[2025-10-14 16:03:56,114] {processor.py:161} INFO - Processing /root/Projects/etlX/venv/lib/python3.9/site-packages/airflow/example_dags/example_sla_dag.py took 0.081 seconds
[2025-10-14 16:04:29,269] {processor.py:153} INFO - Started process (PID=20642) to work on /root/Projects/etlX/venv/lib/python3.9/site-packages/airflow/example_dags/example_sla_dag.py
[2025-10-14 16:04:29,270] {processor.py:641} INFO - Processing file /root/Projects/etlX/venv/lib/python3.9/site-packages/airflow/example_dags/example_sla_dag.py for tasks to queue
[2025-10-14 16:04:29,271] {logging_mixin.py:115} INFO - [2025-10-14 16:04:29,270] {dagbag.py:507} INFO - Filling up the DagBag from /root/Projects/etlX/venv/lib/python3.9/site-packages/airflow/example_dags/example_sla_dag.py
[2025-10-14 16:04:29,292] {processor.py:651} INFO - DAG(s) dict_keys(['example_sla_dag']) retrieved from /root/Projects/etlX/venv/lib/python3.9/site-packages/airflow/example_dags/example_sla_dag.py
[2025-10-14 16:04:29,315] {logging_mixin.py:115} INFO - [2025-10-14 16:04:29,315] {dag.py:2379} INFO - Sync 1 DAGs
[2025-10-14 16:04:29,334] {logging_mixin.py:115} INFO - [2025-10-14 16:04:29,334] {dag.py:2927} INFO - Setting next_dagrun for example_sla_dag to 2025-10-14T19:02:00+00:00, run_after=2025-10-14T19:04:00+00:00
[2025-10-14 16:04:29,345] {processor.py:161} INFO - Processing /root/Projects/etlX/venv/lib/python3.9/site-packages/airflow/example_dags/example_sla_dag.py took 0.080 seconds
[2025-10-14 16:05:01,972] {processor.py:153} INFO - Started process (PID=20700) to work on /root/Projects/etlX/venv/lib/python3.9/site-packages/airflow/example_dags/example_sla_dag.py
[2025-10-14 16:05:01,972] {processor.py:641} INFO - Processing file /root/Projects/etlX/venv/lib/python3.9/site-packages/airflow/example_dags/example_sla_dag.py for tasks to queue
[2025-10-14 16:05:01,973] {logging_mixin.py:115} INFO - [2025-10-14 16:05:01,973] {dagbag.py:507} INFO - Filling up the DagBag from /root/Projects/etlX/venv/lib/python3.9/site-packages/airflow/example_dags/example_sla_dag.py
[2025-10-14 16:05:01,994] {processor.py:651} INFO - DAG(s) dict_keys(['example_sla_dag']) retrieved from /root/Projects/etlX/venv/lib/python3.9/site-packages/airflow/example_dags/example_sla_dag.py
[2025-10-14 16:05:02,018] {logging_mixin.py:115} INFO - [2025-10-14 16:05:02,018] {dag.py:2379} INFO - Sync 1 DAGs
[2025-10-14 16:05:02,037] {logging_mixin.py:115} INFO - [2025-10-14 16:05:02,037] {dag.py:2927} INFO - Setting next_dagrun for example_sla_dag to 2025-10-14T19:02:00+00:00, run_after=2025-10-14T19:04:00+00:00
[2025-10-14 16:05:02,047] {processor.py:161} INFO - Processing /root/Projects/etlX/venv/lib/python3.9/site-packages/airflow/example_dags/example_sla_dag.py took 0.080 seconds
[2025-10-14 16:05:35,173] {processor.py:153} INFO - Started process (PID=20754) to work on /root/Projects/etlX/venv/lib/python3.9/site-packages/airflow/example_dags/example_sla_dag.py
[2025-10-14 16:05:35,174] {processor.py:641} INFO - Processing file /root/Projects/etlX/venv/lib/python3.9/site-packages/airflow/example_dags/example_sla_dag.py for tasks to queue
[2025-10-14 16:05:35,175] {logging_mixin.py:115} INFO - [2025-10-14 16:05:35,175] {dagbag.py:507} INFO - Filling up the DagBag from /root/Projects/etlX/venv/lib/python3.9/site-packages/airflow/example_dags/example_sla_dag.py
[2025-10-14 16:05:35,206] {processor.py:651} INFO - DAG(s) dict_keys(['example_sla_dag']) retrieved from /root/Projects/etlX/venv/lib/python3.9/site-packages/airflow/example_dags/example_sla_dag.py
[2025-10-14 16:05:35,228] {logging_mixin.py:115} INFO - [2025-10-14 16:05:35,227] {dag.py:2379} INFO - Sync 1 DAGs
[2025-10-14 16:05:35,246] {logging_mixin.py:115} INFO - [2025-10-14 16:05:35,246] {dag.py:2927} INFO - Setting next_dagrun for example_sla_dag to 2025-10-14T19:02:00+00:00, run_after=2025-10-14T19:04:00+00:00
[2025-10-14 16:05:35,256] {processor.py:161} INFO - Processing /root/Projects/etlX/venv/lib/python3.9/site-packages/airflow/example_dags/example_sla_dag.py took 0.092 seconds
[2025-10-14 16:06:09,771] {processor.py:153} INFO - Started process (PID=20812) to work on /root/Projects/etlX/venv/lib/python3.9/site-packages/airflow/example_dags/example_sla_dag.py
[2025-10-14 16:06:09,772] {processor.py:641} INFO - Processing file /root/Projects/etlX/venv/lib/python3.9/site-packages/airflow/example_dags/example_sla_dag.py for tasks to queue
[2025-10-14 16:06:09,773] {logging_mixin.py:115} INFO - [2025-10-14 16:06:09,773] {dagbag.py:507} INFO - Filling up the DagBag from /root/Projects/etlX/venv/lib/python3.9/site-packages/airflow/example_dags/example_sla_dag.py
[2025-10-14 16:06:09,800] {processor.py:651} INFO - DAG(s) dict_keys(['example_sla_dag']) retrieved from /root/Projects/etlX/venv/lib/python3.9/site-packages/airflow/example_dags/example_sla_dag.py
[2025-10-14 16:06:09,821] {logging_mixin.py:115} INFO - [2025-10-14 16:06:09,821] {dag.py:2379} INFO - Sync 1 DAGs
[2025-10-14 16:06:09,838] {logging_mixin.py:115} INFO - [2025-10-14 16:06:09,838] {dag.py:2927} INFO - Setting next_dagrun for example_sla_dag to 2025-10-14T19:04:00+00:00, run_after=2025-10-14T19:06:00+00:00
[2025-10-14 16:06:09,848] {processor.py:161} INFO - Processing /root/Projects/etlX/venv/lib/python3.9/site-packages/airflow/example_dags/example_sla_dag.py took 0.083 seconds
[2025-10-14 16:06:41,461] {processor.py:153} INFO - Started process (PID=20866) to work on /root/Projects/etlX/venv/lib/python3.9/site-packages/airflow/example_dags/example_sla_dag.py
[2025-10-14 16:06:41,462] {processor.py:641} INFO - Processing file /root/Projects/etlX/venv/lib/python3.9/site-packages/airflow/example_dags/example_sla_dag.py for tasks to queue
[2025-10-14 16:06:41,463] {logging_mixin.py:115} INFO - [2025-10-14 16:06:41,463] {dagbag.py:507} INFO - Filling up the DagBag from /root/Projects/etlX/venv/lib/python3.9/site-packages/airflow/example_dags/example_sla_dag.py
[2025-10-14 16:06:41,486] {processor.py:651} INFO - DAG(s) dict_keys(['example_sla_dag']) retrieved from /root/Projects/etlX/venv/lib/python3.9/site-packages/airflow/example_dags/example_sla_dag.py
[2025-10-14 16:06:41,507] {logging_mixin.py:115} INFO - [2025-10-14 16:06:41,507] {dag.py:2379} INFO - Sync 1 DAGs
[2025-10-14 16:06:41,525] {logging_mixin.py:115} INFO - [2025-10-14 16:06:41,525] {dag.py:2927} INFO - Setting next_dagrun for example_sla_dag to 2025-10-14T19:04:00+00:00, run_after=2025-10-14T19:06:00+00:00
[2025-10-14 16:06:41,537] {processor.py:161} INFO - Processing /root/Projects/etlX/venv/lib/python3.9/site-packages/airflow/example_dags/example_sla_dag.py took 0.081 seconds
[2025-10-14 16:07:13,958] {processor.py:153} INFO - Started process (PID=20972) to work on /root/Projects/etlX/venv/lib/python3.9/site-packages/airflow/example_dags/example_sla_dag.py
[2025-10-14 16:07:13,959] {processor.py:641} INFO - Processing file /root/Projects/etlX/venv/lib/python3.9/site-packages/airflow/example_dags/example_sla_dag.py for tasks to queue
[2025-10-14 16:07:13,959] {logging_mixin.py:115} INFO - [2025-10-14 16:07:13,959] {dagbag.py:507} INFO - Filling up the DagBag from /root/Projects/etlX/venv/lib/python3.9/site-packages/airflow/example_dags/example_sla_dag.py
[2025-10-14 16:07:13,980] {processor.py:651} INFO - DAG(s) dict_keys(['example_sla_dag']) retrieved from /root/Projects/etlX/venv/lib/python3.9/site-packages/airflow/example_dags/example_sla_dag.py
[2025-10-14 16:07:14,001] {logging_mixin.py:115} INFO - [2025-10-14 16:07:14,001] {dag.py:2379} INFO - Sync 1 DAGs
[2025-10-14 16:07:14,018] {logging_mixin.py:115} INFO - [2025-10-14 16:07:14,018] {dag.py:2927} INFO - Setting next_dagrun for example_sla_dag to 2025-10-14T19:04:00+00:00, run_after=2025-10-14T19:06:00+00:00
[2025-10-14 16:07:14,028] {processor.py:161} INFO - Processing /root/Projects/etlX/venv/lib/python3.9/site-packages/airflow/example_dags/example_sla_dag.py took 0.074 seconds
[2025-10-14 16:07:48,072] {processor.py:153} INFO - Started process (PID=21256) to work on /root/Projects/etlX/venv/lib/python3.9/site-packages/airflow/example_dags/example_sla_dag.py
[2025-10-14 16:07:48,073] {processor.py:641} INFO - Processing file /root/Projects/etlX/venv/lib/python3.9/site-packages/airflow/example_dags/example_sla_dag.py for tasks to queue
[2025-10-14 16:07:48,073] {logging_mixin.py:115} INFO - [2025-10-14 16:07:48,073] {dagbag.py:507} INFO - Filling up the DagBag from /root/Projects/etlX/venv/lib/python3.9/site-packages/airflow/example_dags/example_sla_dag.py
[2025-10-14 16:07:48,095] {processor.py:651} INFO - DAG(s) dict_keys(['example_sla_dag']) retrieved from /root/Projects/etlX/venv/lib/python3.9/site-packages/airflow/example_dags/example_sla_dag.py
[2025-10-14 16:07:48,118] {logging_mixin.py:115} INFO - [2025-10-14 16:07:48,118] {dag.py:2379} INFO - Sync 1 DAGs
[2025-10-14 16:07:48,139] {logging_mixin.py:115} INFO - [2025-10-14 16:07:48,139] {dag.py:2927} INFO - Setting next_dagrun for example_sla_dag to 2025-10-14T19:04:00+00:00, run_after=2025-10-14T19:06:00+00:00
[2025-10-14 16:07:48,149] {processor.py:161} INFO - Processing /root/Projects/etlX/venv/lib/python3.9/site-packages/airflow/example_dags/example_sla_dag.py took 0.082 seconds
[2025-10-14 16:08:20,697] {processor.py:153} INFO - Started process (PID=21494) to work on /root/Projects/etlX/venv/lib/python3.9/site-packages/airflow/example_dags/example_sla_dag.py
[2025-10-14 16:08:20,698] {processor.py:641} INFO - Processing file /root/Projects/etlX/venv/lib/python3.9/site-packages/airflow/example_dags/example_sla_dag.py for tasks to queue
[2025-10-14 16:08:20,699] {logging_mixin.py:115} INFO - [2025-10-14 16:08:20,699] {dagbag.py:507} INFO - Filling up the DagBag from /root/Projects/etlX/venv/lib/python3.9/site-packages/airflow/example_dags/example_sla_dag.py
[2025-10-14 16:08:20,724] {processor.py:651} INFO - DAG(s) dict_keys(['example_sla_dag']) retrieved from /root/Projects/etlX/venv/lib/python3.9/site-packages/airflow/example_dags/example_sla_dag.py
[2025-10-14 16:08:20,745] {logging_mixin.py:115} INFO - [2025-10-14 16:08:20,745] {dag.py:2379} INFO - Sync 1 DAGs
[2025-10-14 16:08:20,762] {logging_mixin.py:115} INFO - [2025-10-14 16:08:20,762] {dag.py:2927} INFO - Setting next_dagrun for example_sla_dag to 2025-10-14T19:06:00+00:00, run_after=2025-10-14T19:08:00+00:00
[2025-10-14 16:08:20,772] {processor.py:161} INFO - Processing /root/Projects/etlX/venv/lib/python3.9/site-packages/airflow/example_dags/example_sla_dag.py took 0.082 seconds
[2025-10-14 16:08:53,853] {processor.py:153} INFO - Started process (PID=21704) to work on /root/Projects/etlX/venv/lib/python3.9/site-packages/airflow/example_dags/example_sla_dag.py
[2025-10-14 16:08:53,854] {processor.py:641} INFO - Processing file /root/Projects/etlX/venv/lib/python3.9/site-packages/airflow/example_dags/example_sla_dag.py for tasks to queue
[2025-10-14 16:08:53,854] {logging_mixin.py:115} INFO - [2025-10-14 16:08:53,854] {dagbag.py:507} INFO - Filling up the DagBag from /root/Projects/etlX/venv/lib/python3.9/site-packages/airflow/example_dags/example_sla_dag.py
[2025-10-14 16:08:53,882] {processor.py:651} INFO - DAG(s) dict_keys(['example_sla_dag']) retrieved from /root/Projects/etlX/venv/lib/python3.9/site-packages/airflow/example_dags/example_sla_dag.py
[2025-10-14 16:08:53,908] {logging_mixin.py:115} INFO - [2025-10-14 16:08:53,907] {dag.py:2379} INFO - Sync 1 DAGs
[2025-10-14 16:08:53,928] {logging_mixin.py:115} INFO - [2025-10-14 16:08:53,928] {dag.py:2927} INFO - Setting next_dagrun for example_sla_dag to 2025-10-14T19:06:00+00:00, run_after=2025-10-14T19:08:00+00:00
[2025-10-14 16:08:53,940] {processor.py:161} INFO - Processing /root/Projects/etlX/venv/lib/python3.9/site-packages/airflow/example_dags/example_sla_dag.py took 0.093 seconds
[2025-10-14 16:25:28,090] {processor.py:153} INFO - Started process (PID=22718) to work on /root/Projects/etlX/venv/lib/python3.9/site-packages/airflow/example_dags/example_sla_dag.py
[2025-10-14 16:25:28,091] {processor.py:641} INFO - Processing file /root/Projects/etlX/venv/lib/python3.9/site-packages/airflow/example_dags/example_sla_dag.py for tasks to queue
[2025-10-14 16:25:28,092] {logging_mixin.py:115} INFO - [2025-10-14 16:25:28,092] {dagbag.py:507} INFO - Filling up the DagBag from /root/Projects/etlX/venv/lib/python3.9/site-packages/airflow/example_dags/example_sla_dag.py
[2025-10-14 16:25:28,113] {processor.py:651} INFO - DAG(s) dict_keys(['example_sla_dag']) retrieved from /root/Projects/etlX/venv/lib/python3.9/site-packages/airflow/example_dags/example_sla_dag.py
[2025-10-14 16:25:28,136] {logging_mixin.py:115} INFO - [2025-10-14 16:25:28,136] {dag.py:2379} INFO - Sync 1 DAGs
[2025-10-14 16:25:28,156] {logging_mixin.py:115} INFO - [2025-10-14 16:25:28,155] {dag.py:2927} INFO - Setting next_dagrun for example_sla_dag to 2025-10-14T19:22:00+00:00, run_after=2025-10-14T19:24:00+00:00
[2025-10-14 16:25:28,166] {processor.py:161} INFO - Processing /root/Projects/etlX/venv/lib/python3.9/site-packages/airflow/example_dags/example_sla_dag.py took 0.080 seconds
[2025-10-14 16:26:03,120] {processor.py:153} INFO - Started process (PID=22879) to work on /root/Projects/etlX/venv/lib/python3.9/site-packages/airflow/example_dags/example_sla_dag.py
[2025-10-14 16:26:03,121] {processor.py:641} INFO - Processing file /root/Projects/etlX/venv/lib/python3.9/site-packages/airflow/example_dags/example_sla_dag.py for tasks to queue
[2025-10-14 16:26:03,122] {logging_mixin.py:115} INFO - [2025-10-14 16:26:03,121] {dagbag.py:507} INFO - Filling up the DagBag from /root/Projects/etlX/venv/lib/python3.9/site-packages/airflow/example_dags/example_sla_dag.py
[2025-10-14 16:26:03,147] {processor.py:651} INFO - DAG(s) dict_keys(['example_sla_dag']) retrieved from /root/Projects/etlX/venv/lib/python3.9/site-packages/airflow/example_dags/example_sla_dag.py
[2025-10-14 16:26:03,169] {logging_mixin.py:115} INFO - [2025-10-14 16:26:03,169] {dag.py:2379} INFO - Sync 1 DAGs
[2025-10-14 16:26:03,187] {logging_mixin.py:115} INFO - [2025-10-14 16:26:03,187] {dag.py:2927} INFO - Setting next_dagrun for example_sla_dag to 2025-10-14T19:24:00+00:00, run_after=2025-10-14T19:26:00+00:00
[2025-10-14 16:26:03,199] {processor.py:161} INFO - Processing /root/Projects/etlX/venv/lib/python3.9/site-packages/airflow/example_dags/example_sla_dag.py took 0.086 seconds
[2025-10-14 16:26:36,652] {processor.py:153} INFO - Started process (PID=22934) to work on /root/Projects/etlX/venv/lib/python3.9/site-packages/airflow/example_dags/example_sla_dag.py
[2025-10-14 16:26:36,653] {processor.py:641} INFO - Processing file /root/Projects/etlX/venv/lib/python3.9/site-packages/airflow/example_dags/example_sla_dag.py for tasks to queue
[2025-10-14 16:26:36,654] {logging_mixin.py:115} INFO - [2025-10-14 16:26:36,654] {dagbag.py:507} INFO - Filling up the DagBag from /root/Projects/etlX/venv/lib/python3.9/site-packages/airflow/example_dags/example_sla_dag.py
[2025-10-14 16:26:36,682] {processor.py:651} INFO - DAG(s) dict_keys(['example_sla_dag']) retrieved from /root/Projects/etlX/venv/lib/python3.9/site-packages/airflow/example_dags/example_sla_dag.py
[2025-10-14 16:26:36,704] {logging_mixin.py:115} INFO - [2025-10-14 16:26:36,703] {dag.py:2379} INFO - Sync 1 DAGs
[2025-10-14 16:26:36,721] {logging_mixin.py:115} INFO - [2025-10-14 16:26:36,721] {dag.py:2927} INFO - Setting next_dagrun for example_sla_dag to 2025-10-14T19:24:00+00:00, run_after=2025-10-14T19:26:00+00:00
[2025-10-14 16:26:36,732] {processor.py:161} INFO - Processing /root/Projects/etlX/venv/lib/python3.9/site-packages/airflow/example_dags/example_sla_dag.py took 0.088 seconds
[2025-10-14 16:27:11,436] {processor.py:153} INFO - Started process (PID=22992) to work on /root/Projects/etlX/venv/lib/python3.9/site-packages/airflow/example_dags/example_sla_dag.py
[2025-10-14 16:27:11,437] {processor.py:641} INFO - Processing file /root/Projects/etlX/venv/lib/python3.9/site-packages/airflow/example_dags/example_sla_dag.py for tasks to queue
[2025-10-14 16:27:11,437] {logging_mixin.py:115} INFO - [2025-10-14 16:27:11,437] {dagbag.py:507} INFO - Filling up the DagBag from /root/Projects/etlX/venv/lib/python3.9/site-packages/airflow/example_dags/example_sla_dag.py
[2025-10-14 16:27:11,461] {processor.py:651} INFO - DAG(s) dict_keys(['example_sla_dag']) retrieved from /root/Projects/etlX/venv/lib/python3.9/site-packages/airflow/example_dags/example_sla_dag.py
[2025-10-14 16:27:11,485] {logging_mixin.py:115} INFO - [2025-10-14 16:27:11,485] {dag.py:2379} INFO - Sync 1 DAGs
[2025-10-14 16:27:11,505] {logging_mixin.py:115} INFO - [2025-10-14 16:27:11,505] {dag.py:2927} INFO - Setting next_dagrun for example_sla_dag to 2025-10-14T19:24:00+00:00, run_after=2025-10-14T19:26:00+00:00
[2025-10-14 16:27:11,516] {processor.py:161} INFO - Processing /root/Projects/etlX/venv/lib/python3.9/site-packages/airflow/example_dags/example_sla_dag.py took 0.084 seconds
[2025-10-14 16:27:45,213] {processor.py:153} INFO - Started process (PID=23153) to work on /root/Projects/etlX/venv/lib/python3.9/site-packages/airflow/example_dags/example_sla_dag.py
[2025-10-14 16:27:45,213] {processor.py:641} INFO - Processing file /root/Projects/etlX/venv/lib/python3.9/site-packages/airflow/example_dags/example_sla_dag.py for tasks to queue
[2025-10-14 16:27:45,214] {logging_mixin.py:115} INFO - [2025-10-14 16:27:45,214] {dagbag.py:507} INFO - Filling up the DagBag from /root/Projects/etlX/venv/lib/python3.9/site-packages/airflow/example_dags/example_sla_dag.py
[2025-10-14 16:27:45,238] {processor.py:651} INFO - DAG(s) dict_keys(['example_sla_dag']) retrieved from /root/Projects/etlX/venv/lib/python3.9/site-packages/airflow/example_dags/example_sla_dag.py
[2025-10-14 16:27:45,262] {logging_mixin.py:115} INFO - [2025-10-14 16:27:45,262] {dag.py:2379} INFO - Sync 1 DAGs
[2025-10-14 16:27:45,282] {logging_mixin.py:115} INFO - [2025-10-14 16:27:45,282] {dag.py:2927} INFO - Setting next_dagrun for example_sla_dag to 2025-10-14T19:24:00+00:00, run_after=2025-10-14T19:26:00+00:00
[2025-10-14 16:27:45,295] {processor.py:161} INFO - Processing /root/Projects/etlX/venv/lib/python3.9/site-packages/airflow/example_dags/example_sla_dag.py took 0.087 seconds
[2025-10-14 16:28:19,435] {processor.py:153} INFO - Started process (PID=23311) to work on /root/Projects/etlX/venv/lib/python3.9/site-packages/airflow/example_dags/example_sla_dag.py
[2025-10-14 16:28:19,436] {processor.py:641} INFO - Processing file /root/Projects/etlX/venv/lib/python3.9/site-packages/airflow/example_dags/example_sla_dag.py for tasks to queue
[2025-10-14 16:28:19,436] {logging_mixin.py:115} INFO - [2025-10-14 16:28:19,436] {dagbag.py:507} INFO - Filling up the DagBag from /root/Projects/etlX/venv/lib/python3.9/site-packages/airflow/example_dags/example_sla_dag.py
[2025-10-14 16:28:19,456] {processor.py:651} INFO - DAG(s) dict_keys(['example_sla_dag']) retrieved from /root/Projects/etlX/venv/lib/python3.9/site-packages/airflow/example_dags/example_sla_dag.py
[2025-10-14 16:28:19,481] {logging_mixin.py:115} INFO - [2025-10-14 16:28:19,481] {dag.py:2379} INFO - Sync 1 DAGs
[2025-10-14 16:28:19,507] {logging_mixin.py:115} INFO - [2025-10-14 16:28:19,507] {dag.py:2927} INFO - Setting next_dagrun for example_sla_dag to 2025-10-14T19:26:00+00:00, run_after=2025-10-14T19:28:00+00:00
[2025-10-14 16:28:19,520] {processor.py:161} INFO - Processing /root/Projects/etlX/venv/lib/python3.9/site-packages/airflow/example_dags/example_sla_dag.py took 0.089 seconds
[2025-10-14 16:28:54,635] {processor.py:153} INFO - Started process (PID=23369) to work on /root/Projects/etlX/venv/lib/python3.9/site-packages/airflow/example_dags/example_sla_dag.py
[2025-10-14 16:28:54,636] {processor.py:641} INFO - Processing file /root/Projects/etlX/venv/lib/python3.9/site-packages/airflow/example_dags/example_sla_dag.py for tasks to queue
[2025-10-14 16:28:54,636] {logging_mixin.py:115} INFO - [2025-10-14 16:28:54,636] {dagbag.py:507} INFO - Filling up the DagBag from /root/Projects/etlX/venv/lib/python3.9/site-packages/airflow/example_dags/example_sla_dag.py
[2025-10-14 16:28:54,658] {processor.py:651} INFO - DAG(s) dict_keys(['example_sla_dag']) retrieved from /root/Projects/etlX/venv/lib/python3.9/site-packages/airflow/example_dags/example_sla_dag.py
[2025-10-14 16:28:54,681] {logging_mixin.py:115} INFO - [2025-10-14 16:28:54,681] {dag.py:2379} INFO - Sync 1 DAGs
[2025-10-14 16:28:54,701] {logging_mixin.py:115} INFO - [2025-10-14 16:28:54,701] {dag.py:2927} INFO - Setting next_dagrun for example_sla_dag to 2025-10-14T19:26:00+00:00, run_after=2025-10-14T19:28:00+00:00
[2025-10-14 16:28:54,712] {processor.py:161} INFO - Processing /root/Projects/etlX/venv/lib/python3.9/site-packages/airflow/example_dags/example_sla_dag.py took 0.082 seconds
[2025-10-14 16:29:27,198] {processor.py:153} INFO - Started process (PID=23584) to work on /root/Projects/etlX/venv/lib/python3.9/site-packages/airflow/example_dags/example_sla_dag.py
[2025-10-14 16:29:27,199] {processor.py:641} INFO - Processing file /root/Projects/etlX/venv/lib/python3.9/site-packages/airflow/example_dags/example_sla_dag.py for tasks to queue
[2025-10-14 16:29:27,199] {logging_mixin.py:115} INFO - [2025-10-14 16:29:27,199] {dagbag.py:507} INFO - Filling up the DagBag from /root/Projects/etlX/venv/lib/python3.9/site-packages/airflow/example_dags/example_sla_dag.py
[2025-10-14 16:29:27,219] {processor.py:651} INFO - DAG(s) dict_keys(['example_sla_dag']) retrieved from /root/Projects/etlX/venv/lib/python3.9/site-packages/airflow/example_dags/example_sla_dag.py
[2025-10-14 16:29:27,241] {logging_mixin.py:115} INFO - [2025-10-14 16:29:27,241] {dag.py:2379} INFO - Sync 1 DAGs
[2025-10-14 16:29:27,260] {logging_mixin.py:115} INFO - [2025-10-14 16:29:27,260] {dag.py:2927} INFO - Setting next_dagrun for example_sla_dag to 2025-10-14T19:26:00+00:00, run_after=2025-10-14T19:28:00+00:00
[2025-10-14 16:29:27,270] {processor.py:161} INFO - Processing /root/Projects/etlX/venv/lib/python3.9/site-packages/airflow/example_dags/example_sla_dag.py took 0.076 seconds
[2025-10-14 16:30:00,831] {processor.py:153} INFO - Started process (PID=23643) to work on /root/Projects/etlX/venv/lib/python3.9/site-packages/airflow/example_dags/example_sla_dag.py
[2025-10-14 16:30:00,832] {processor.py:641} INFO - Processing file /root/Projects/etlX/venv/lib/python3.9/site-packages/airflow/example_dags/example_sla_dag.py for tasks to queue
[2025-10-14 16:30:00,832] {logging_mixin.py:115} INFO - [2025-10-14 16:30:00,832] {dagbag.py:507} INFO - Filling up the DagBag from /root/Projects/etlX/venv/lib/python3.9/site-packages/airflow/example_dags/example_sla_dag.py
[2025-10-14 16:30:00,852] {processor.py:651} INFO - DAG(s) dict_keys(['example_sla_dag']) retrieved from /root/Projects/etlX/venv/lib/python3.9/site-packages/airflow/example_dags/example_sla_dag.py
[2025-10-14 16:30:00,873] {logging_mixin.py:115} INFO - [2025-10-14 16:30:00,873] {dag.py:2379} INFO - Sync 1 DAGs
[2025-10-14 16:30:00,891] {logging_mixin.py:115} INFO - [2025-10-14 16:30:00,891] {dag.py:2927} INFO - Setting next_dagrun for example_sla_dag to 2025-10-14T19:28:00+00:00, run_after=2025-10-14T19:30:00+00:00
[2025-10-14 16:30:00,902] {processor.py:161} INFO - Processing /root/Projects/etlX/venv/lib/python3.9/site-packages/airflow/example_dags/example_sla_dag.py took 0.075 seconds
[2025-10-14 16:36:14,667] {processor.py:153} INFO - Started process (PID=24546) to work on /root/Projects/etlX/venv/lib/python3.9/site-packages/airflow/example_dags/example_sla_dag.py
[2025-10-14 16:36:14,668] {processor.py:641} INFO - Processing file /root/Projects/etlX/venv/lib/python3.9/site-packages/airflow/example_dags/example_sla_dag.py for tasks to queue
[2025-10-14 16:36:14,669] {logging_mixin.py:115} INFO - [2025-10-14 16:36:14,669] {dagbag.py:507} INFO - Filling up the DagBag from /root/Projects/etlX/venv/lib/python3.9/site-packages/airflow/example_dags/example_sla_dag.py
[2025-10-14 16:36:14,693] {processor.py:651} INFO - DAG(s) dict_keys(['example_sla_dag']) retrieved from /root/Projects/etlX/venv/lib/python3.9/site-packages/airflow/example_dags/example_sla_dag.py
[2025-10-14 16:36:14,714] {logging_mixin.py:115} INFO - [2025-10-14 16:36:14,714] {dag.py:2379} INFO - Sync 1 DAGs
[2025-10-14 16:36:14,732] {logging_mixin.py:115} INFO - [2025-10-14 16:36:14,732] {dag.py:2927} INFO - Setting next_dagrun for example_sla_dag to 2025-10-14T19:34:00+00:00, run_after=2025-10-14T19:36:00+00:00
[2025-10-14 16:36:14,743] {processor.py:161} INFO - Processing /root/Projects/etlX/venv/lib/python3.9/site-packages/airflow/example_dags/example_sla_dag.py took 0.083 seconds
