[2025-10-14 14:57:16,726] {processor.py:153} INFO - Started process (PID=13377) to work on /root/Projects/etlX/venv/lib/python3.9/site-packages/airflow/example_dags/example_kubernetes_executor.py
[2025-10-14 14:57:16,729] {processor.py:641} INFO - Processing file /root/Projects/etlX/venv/lib/python3.9/site-packages/airflow/example_dags/example_kubernetes_executor.py for tasks to queue
[2025-10-14 14:57:16,730] {logging_mixin.py:115} INFO - [2025-10-14 14:57:16,729] {dagbag.py:507} INFO - Filling up the DagBag from /root/Projects/etlX/venv/lib/python3.9/site-packages/airflow/example_dags/example_kubernetes_executor.py
[2025-10-14 14:57:16,755] {logging_mixin.py:115} INFO - [2025-10-14 14:57:16,755] {example_kubernetes_executor.py:39} WARNING - The example_kubernetes_executor example DAG requires the kubernetes provider. Please install it with: pip install apache-airflow[cncf.kubernetes]
[2025-10-14 14:57:16,755] {processor.py:653} WARNING - No viable dags retrieved from /root/Projects/etlX/venv/lib/python3.9/site-packages/airflow/example_dags/example_kubernetes_executor.py
[2025-10-14 14:57:16,772] {processor.py:161} INFO - Processing /root/Projects/etlX/venv/lib/python3.9/site-packages/airflow/example_dags/example_kubernetes_executor.py took 0.051 seconds
[2025-10-14 14:57:51,700] {processor.py:153} INFO - Started process (PID=13548) to work on /root/Projects/etlX/venv/lib/python3.9/site-packages/airflow/example_dags/example_kubernetes_executor.py
[2025-10-14 14:57:51,701] {processor.py:641} INFO - Processing file /root/Projects/etlX/venv/lib/python3.9/site-packages/airflow/example_dags/example_kubernetes_executor.py for tasks to queue
[2025-10-14 14:57:51,702] {logging_mixin.py:115} INFO - [2025-10-14 14:57:51,702] {dagbag.py:507} INFO - Filling up the DagBag from /root/Projects/etlX/venv/lib/python3.9/site-packages/airflow/example_dags/example_kubernetes_executor.py
[2025-10-14 14:57:51,722] {logging_mixin.py:115} INFO - [2025-10-14 14:57:51,722] {example_kubernetes_executor.py:39} WARNING - The example_kubernetes_executor example DAG requires the kubernetes provider. Please install it with: pip install apache-airflow[cncf.kubernetes]
[2025-10-14 14:57:51,722] {processor.py:653} WARNING - No viable dags retrieved from /root/Projects/etlX/venv/lib/python3.9/site-packages/airflow/example_dags/example_kubernetes_executor.py
[2025-10-14 14:57:51,737] {processor.py:161} INFO - Processing /root/Projects/etlX/venv/lib/python3.9/site-packages/airflow/example_dags/example_kubernetes_executor.py took 0.041 seconds
[2025-10-14 14:58:26,627] {processor.py:153} INFO - Started process (PID=13705) to work on /root/Projects/etlX/venv/lib/python3.9/site-packages/airflow/example_dags/example_kubernetes_executor.py
[2025-10-14 14:58:26,629] {processor.py:641} INFO - Processing file /root/Projects/etlX/venv/lib/python3.9/site-packages/airflow/example_dags/example_kubernetes_executor.py for tasks to queue
[2025-10-14 14:58:26,630] {logging_mixin.py:115} INFO - [2025-10-14 14:58:26,630] {dagbag.py:507} INFO - Filling up the DagBag from /root/Projects/etlX/venv/lib/python3.9/site-packages/airflow/example_dags/example_kubernetes_executor.py
[2025-10-14 14:58:26,661] {logging_mixin.py:115} INFO - [2025-10-14 14:58:26,661] {example_kubernetes_executor.py:39} WARNING - The example_kubernetes_executor example DAG requires the kubernetes provider. Please install it with: pip install apache-airflow[cncf.kubernetes]
[2025-10-14 14:58:26,661] {processor.py:653} WARNING - No viable dags retrieved from /root/Projects/etlX/venv/lib/python3.9/site-packages/airflow/example_dags/example_kubernetes_executor.py
[2025-10-14 14:58:26,674] {processor.py:161} INFO - Processing /root/Projects/etlX/venv/lib/python3.9/site-packages/airflow/example_dags/example_kubernetes_executor.py took 0.057 seconds
[2025-10-14 14:58:59,762] {processor.py:153} INFO - Started process (PID=13814) to work on /root/Projects/etlX/venv/lib/python3.9/site-packages/airflow/example_dags/example_kubernetes_executor.py
[2025-10-14 14:58:59,763] {processor.py:641} INFO - Processing file /root/Projects/etlX/venv/lib/python3.9/site-packages/airflow/example_dags/example_kubernetes_executor.py for tasks to queue
[2025-10-14 14:58:59,764] {logging_mixin.py:115} INFO - [2025-10-14 14:58:59,763] {dagbag.py:507} INFO - Filling up the DagBag from /root/Projects/etlX/venv/lib/python3.9/site-packages/airflow/example_dags/example_kubernetes_executor.py
[2025-10-14 14:58:59,780] {logging_mixin.py:115} INFO - [2025-10-14 14:58:59,780] {example_kubernetes_executor.py:39} WARNING - The example_kubernetes_executor example DAG requires the kubernetes provider. Please install it with: pip install apache-airflow[cncf.kubernetes]
[2025-10-14 14:58:59,781] {processor.py:653} WARNING - No viable dags retrieved from /root/Projects/etlX/venv/lib/python3.9/site-packages/airflow/example_dags/example_kubernetes_executor.py
[2025-10-14 14:58:59,794] {processor.py:161} INFO - Processing /root/Projects/etlX/venv/lib/python3.9/site-packages/airflow/example_dags/example_kubernetes_executor.py took 0.037 seconds
[2025-10-14 14:59:33,641] {processor.py:153} INFO - Started process (PID=13974) to work on /root/Projects/etlX/venv/lib/python3.9/site-packages/airflow/example_dags/example_kubernetes_executor.py
[2025-10-14 14:59:33,642] {processor.py:641} INFO - Processing file /root/Projects/etlX/venv/lib/python3.9/site-packages/airflow/example_dags/example_kubernetes_executor.py for tasks to queue
[2025-10-14 14:59:33,643] {logging_mixin.py:115} INFO - [2025-10-14 14:59:33,643] {dagbag.py:507} INFO - Filling up the DagBag from /root/Projects/etlX/venv/lib/python3.9/site-packages/airflow/example_dags/example_kubernetes_executor.py
[2025-10-14 14:59:33,671] {logging_mixin.py:115} INFO - [2025-10-14 14:59:33,671] {example_kubernetes_executor.py:39} WARNING - The example_kubernetes_executor example DAG requires the kubernetes provider. Please install it with: pip install apache-airflow[cncf.kubernetes]
[2025-10-14 14:59:33,671] {processor.py:653} WARNING - No viable dags retrieved from /root/Projects/etlX/venv/lib/python3.9/site-packages/airflow/example_dags/example_kubernetes_executor.py
[2025-10-14 14:59:33,685] {processor.py:161} INFO - Processing /root/Projects/etlX/venv/lib/python3.9/site-packages/airflow/example_dags/example_kubernetes_executor.py took 0.051 seconds
[2025-10-14 15:00:06,222] {processor.py:153} INFO - Started process (PID=14029) to work on /root/Projects/etlX/venv/lib/python3.9/site-packages/airflow/example_dags/example_kubernetes_executor.py
[2025-10-14 15:00:06,223] {processor.py:641} INFO - Processing file /root/Projects/etlX/venv/lib/python3.9/site-packages/airflow/example_dags/example_kubernetes_executor.py for tasks to queue
[2025-10-14 15:00:06,223] {logging_mixin.py:115} INFO - [2025-10-14 15:00:06,223] {dagbag.py:507} INFO - Filling up the DagBag from /root/Projects/etlX/venv/lib/python3.9/site-packages/airflow/example_dags/example_kubernetes_executor.py
[2025-10-14 15:00:06,248] {logging_mixin.py:115} INFO - [2025-10-14 15:00:06,248] {example_kubernetes_executor.py:39} WARNING - The example_kubernetes_executor example DAG requires the kubernetes provider. Please install it with: pip install apache-airflow[cncf.kubernetes]
[2025-10-14 15:00:06,248] {processor.py:653} WARNING - No viable dags retrieved from /root/Projects/etlX/venv/lib/python3.9/site-packages/airflow/example_dags/example_kubernetes_executor.py
[2025-10-14 15:00:06,270] {processor.py:161} INFO - Processing /root/Projects/etlX/venv/lib/python3.9/site-packages/airflow/example_dags/example_kubernetes_executor.py took 0.052 seconds
[2025-10-14 15:00:42,222] {processor.py:153} INFO - Started process (PID=14139) to work on /root/Projects/etlX/venv/lib/python3.9/site-packages/airflow/example_dags/example_kubernetes_executor.py
[2025-10-14 15:00:42,222] {processor.py:641} INFO - Processing file /root/Projects/etlX/venv/lib/python3.9/site-packages/airflow/example_dags/example_kubernetes_executor.py for tasks to queue
[2025-10-14 15:00:42,223] {logging_mixin.py:115} INFO - [2025-10-14 15:00:42,223] {dagbag.py:507} INFO - Filling up the DagBag from /root/Projects/etlX/venv/lib/python3.9/site-packages/airflow/example_dags/example_kubernetes_executor.py
[2025-10-14 15:00:42,243] {logging_mixin.py:115} INFO - [2025-10-14 15:00:42,243] {example_kubernetes_executor.py:39} WARNING - The example_kubernetes_executor example DAG requires the kubernetes provider. Please install it with: pip install apache-airflow[cncf.kubernetes]
[2025-10-14 15:00:42,244] {processor.py:653} WARNING - No viable dags retrieved from /root/Projects/etlX/venv/lib/python3.9/site-packages/airflow/example_dags/example_kubernetes_executor.py
[2025-10-14 15:00:42,261] {processor.py:161} INFO - Processing /root/Projects/etlX/venv/lib/python3.9/site-packages/airflow/example_dags/example_kubernetes_executor.py took 0.044 seconds
[2025-10-14 15:01:18,213] {processor.py:153} INFO - Started process (PID=14454) to work on /root/Projects/etlX/venv/lib/python3.9/site-packages/airflow/example_dags/example_kubernetes_executor.py
[2025-10-14 15:01:18,214] {processor.py:641} INFO - Processing file /root/Projects/etlX/venv/lib/python3.9/site-packages/airflow/example_dags/example_kubernetes_executor.py for tasks to queue
[2025-10-14 15:01:18,215] {logging_mixin.py:115} INFO - [2025-10-14 15:01:18,215] {dagbag.py:507} INFO - Filling up the DagBag from /root/Projects/etlX/venv/lib/python3.9/site-packages/airflow/example_dags/example_kubernetes_executor.py
[2025-10-14 15:01:18,247] {logging_mixin.py:115} INFO - [2025-10-14 15:01:18,247] {example_kubernetes_executor.py:39} WARNING - The example_kubernetes_executor example DAG requires the kubernetes provider. Please install it with: pip install apache-airflow[cncf.kubernetes]
[2025-10-14 15:01:18,247] {processor.py:653} WARNING - No viable dags retrieved from /root/Projects/etlX/venv/lib/python3.9/site-packages/airflow/example_dags/example_kubernetes_executor.py
[2025-10-14 15:01:18,262] {processor.py:161} INFO - Processing /root/Projects/etlX/venv/lib/python3.9/site-packages/airflow/example_dags/example_kubernetes_executor.py took 0.057 seconds
[2025-10-14 15:01:51,224] {processor.py:153} INFO - Started process (PID=14636) to work on /root/Projects/etlX/venv/lib/python3.9/site-packages/airflow/example_dags/example_kubernetes_executor.py
[2025-10-14 15:01:51,225] {processor.py:641} INFO - Processing file /root/Projects/etlX/venv/lib/python3.9/site-packages/airflow/example_dags/example_kubernetes_executor.py for tasks to queue
[2025-10-14 15:01:51,226] {logging_mixin.py:115} INFO - [2025-10-14 15:01:51,226] {dagbag.py:507} INFO - Filling up the DagBag from /root/Projects/etlX/venv/lib/python3.9/site-packages/airflow/example_dags/example_kubernetes_executor.py
[2025-10-14 15:01:51,248] {logging_mixin.py:115} INFO - [2025-10-14 15:01:51,248] {example_kubernetes_executor.py:39} WARNING - The example_kubernetes_executor example DAG requires the kubernetes provider. Please install it with: pip install apache-airflow[cncf.kubernetes]
[2025-10-14 15:01:51,248] {processor.py:653} WARNING - No viable dags retrieved from /root/Projects/etlX/venv/lib/python3.9/site-packages/airflow/example_dags/example_kubernetes_executor.py
[2025-10-14 15:01:51,263] {processor.py:161} INFO - Processing /root/Projects/etlX/venv/lib/python3.9/site-packages/airflow/example_dags/example_kubernetes_executor.py took 0.044 seconds
[2025-10-14 15:02:27,699] {processor.py:153} INFO - Started process (PID=14830) to work on /root/Projects/etlX/venv/lib/python3.9/site-packages/airflow/example_dags/example_kubernetes_executor.py
[2025-10-14 15:02:27,700] {processor.py:641} INFO - Processing file /root/Projects/etlX/venv/lib/python3.9/site-packages/airflow/example_dags/example_kubernetes_executor.py for tasks to queue
[2025-10-14 15:02:27,701] {logging_mixin.py:115} INFO - [2025-10-14 15:02:27,701] {dagbag.py:507} INFO - Filling up the DagBag from /root/Projects/etlX/venv/lib/python3.9/site-packages/airflow/example_dags/example_kubernetes_executor.py
[2025-10-14 15:02:27,724] {logging_mixin.py:115} INFO - [2025-10-14 15:02:27,724] {example_kubernetes_executor.py:39} WARNING - The example_kubernetes_executor example DAG requires the kubernetes provider. Please install it with: pip install apache-airflow[cncf.kubernetes]
[2025-10-14 15:02:27,724] {processor.py:653} WARNING - No viable dags retrieved from /root/Projects/etlX/venv/lib/python3.9/site-packages/airflow/example_dags/example_kubernetes_executor.py
[2025-10-14 15:02:27,740] {processor.py:161} INFO - Processing /root/Projects/etlX/venv/lib/python3.9/site-packages/airflow/example_dags/example_kubernetes_executor.py took 0.046 seconds
[2025-10-14 15:03:01,002] {processor.py:153} INFO - Started process (PID=14987) to work on /root/Projects/etlX/venv/lib/python3.9/site-packages/airflow/example_dags/example_kubernetes_executor.py
[2025-10-14 15:03:01,002] {processor.py:641} INFO - Processing file /root/Projects/etlX/venv/lib/python3.9/site-packages/airflow/example_dags/example_kubernetes_executor.py for tasks to queue
[2025-10-14 15:03:01,003] {logging_mixin.py:115} INFO - [2025-10-14 15:03:01,003] {dagbag.py:507} INFO - Filling up the DagBag from /root/Projects/etlX/venv/lib/python3.9/site-packages/airflow/example_dags/example_kubernetes_executor.py
[2025-10-14 15:03:01,022] {logging_mixin.py:115} INFO - [2025-10-14 15:03:01,022] {example_kubernetes_executor.py:39} WARNING - The example_kubernetes_executor example DAG requires the kubernetes provider. Please install it with: pip install apache-airflow[cncf.kubernetes]
[2025-10-14 15:03:01,022] {processor.py:653} WARNING - No viable dags retrieved from /root/Projects/etlX/venv/lib/python3.9/site-packages/airflow/example_dags/example_kubernetes_executor.py
[2025-10-14 15:03:01,039] {processor.py:161} INFO - Processing /root/Projects/etlX/venv/lib/python3.9/site-packages/airflow/example_dags/example_kubernetes_executor.py took 0.042 seconds
[2025-10-14 15:10:04,900] {processor.py:153} INFO - Started process (PID=15898) to work on /root/Projects/etlX/venv/lib/python3.9/site-packages/airflow/example_dags/example_kubernetes_executor.py
[2025-10-14 15:10:04,901] {processor.py:641} INFO - Processing file /root/Projects/etlX/venv/lib/python3.9/site-packages/airflow/example_dags/example_kubernetes_executor.py for tasks to queue
[2025-10-14 15:10:04,902] {logging_mixin.py:115} INFO - [2025-10-14 15:10:04,902] {dagbag.py:507} INFO - Filling up the DagBag from /root/Projects/etlX/venv/lib/python3.9/site-packages/airflow/example_dags/example_kubernetes_executor.py
[2025-10-14 15:10:04,920] {logging_mixin.py:115} INFO - [2025-10-14 15:10:04,920] {example_kubernetes_executor.py:39} WARNING - The example_kubernetes_executor example DAG requires the kubernetes provider. Please install it with: pip install apache-airflow[cncf.kubernetes]
[2025-10-14 15:10:04,921] {processor.py:653} WARNING - No viable dags retrieved from /root/Projects/etlX/venv/lib/python3.9/site-packages/airflow/example_dags/example_kubernetes_executor.py
[2025-10-14 15:10:04,935] {processor.py:161} INFO - Processing /root/Projects/etlX/venv/lib/python3.9/site-packages/airflow/example_dags/example_kubernetes_executor.py took 0.039 seconds
[2025-10-14 15:10:39,772] {processor.py:153} INFO - Started process (PID=15956) to work on /root/Projects/etlX/venv/lib/python3.9/site-packages/airflow/example_dags/example_kubernetes_executor.py
[2025-10-14 15:10:39,773] {processor.py:641} INFO - Processing file /root/Projects/etlX/venv/lib/python3.9/site-packages/airflow/example_dags/example_kubernetes_executor.py for tasks to queue
[2025-10-14 15:10:39,774] {logging_mixin.py:115} INFO - [2025-10-14 15:10:39,773] {dagbag.py:507} INFO - Filling up the DagBag from /root/Projects/etlX/venv/lib/python3.9/site-packages/airflow/example_dags/example_kubernetes_executor.py
[2025-10-14 15:10:39,797] {logging_mixin.py:115} INFO - [2025-10-14 15:10:39,797] {example_kubernetes_executor.py:39} WARNING - The example_kubernetes_executor example DAG requires the kubernetes provider. Please install it with: pip install apache-airflow[cncf.kubernetes]
[2025-10-14 15:10:39,797] {processor.py:653} WARNING - No viable dags retrieved from /root/Projects/etlX/venv/lib/python3.9/site-packages/airflow/example_dags/example_kubernetes_executor.py
[2025-10-14 15:10:39,815] {processor.py:161} INFO - Processing /root/Projects/etlX/venv/lib/python3.9/site-packages/airflow/example_dags/example_kubernetes_executor.py took 0.047 seconds
[2025-10-14 15:11:13,831] {processor.py:153} INFO - Started process (PID=16063) to work on /root/Projects/etlX/venv/lib/python3.9/site-packages/airflow/example_dags/example_kubernetes_executor.py
[2025-10-14 15:11:13,832] {processor.py:641} INFO - Processing file /root/Projects/etlX/venv/lib/python3.9/site-packages/airflow/example_dags/example_kubernetes_executor.py for tasks to queue
[2025-10-14 15:11:13,832] {logging_mixin.py:115} INFO - [2025-10-14 15:11:13,832] {dagbag.py:507} INFO - Filling up the DagBag from /root/Projects/etlX/venv/lib/python3.9/site-packages/airflow/example_dags/example_kubernetes_executor.py
[2025-10-14 15:11:13,852] {logging_mixin.py:115} INFO - [2025-10-14 15:11:13,852] {example_kubernetes_executor.py:39} WARNING - The example_kubernetes_executor example DAG requires the kubernetes provider. Please install it with: pip install apache-airflow[cncf.kubernetes]
[2025-10-14 15:11:13,852] {processor.py:653} WARNING - No viable dags retrieved from /root/Projects/etlX/venv/lib/python3.9/site-packages/airflow/example_dags/example_kubernetes_executor.py
[2025-10-14 15:11:13,867] {processor.py:161} INFO - Processing /root/Projects/etlX/venv/lib/python3.9/site-packages/airflow/example_dags/example_kubernetes_executor.py took 0.040 seconds
[2025-10-14 15:11:47,318] {processor.py:153} INFO - Started process (PID=16172) to work on /root/Projects/etlX/venv/lib/python3.9/site-packages/airflow/example_dags/example_kubernetes_executor.py
[2025-10-14 15:11:47,319] {processor.py:641} INFO - Processing file /root/Projects/etlX/venv/lib/python3.9/site-packages/airflow/example_dags/example_kubernetes_executor.py for tasks to queue
[2025-10-14 15:11:47,320] {logging_mixin.py:115} INFO - [2025-10-14 15:11:47,320] {dagbag.py:507} INFO - Filling up the DagBag from /root/Projects/etlX/venv/lib/python3.9/site-packages/airflow/example_dags/example_kubernetes_executor.py
[2025-10-14 15:11:47,338] {logging_mixin.py:115} INFO - [2025-10-14 15:11:47,338] {example_kubernetes_executor.py:39} WARNING - The example_kubernetes_executor example DAG requires the kubernetes provider. Please install it with: pip install apache-airflow[cncf.kubernetes]
[2025-10-14 15:11:47,338] {processor.py:653} WARNING - No viable dags retrieved from /root/Projects/etlX/venv/lib/python3.9/site-packages/airflow/example_dags/example_kubernetes_executor.py
[2025-10-14 15:11:47,352] {processor.py:161} INFO - Processing /root/Projects/etlX/venv/lib/python3.9/site-packages/airflow/example_dags/example_kubernetes_executor.py took 0.038 seconds
[2025-10-14 15:12:22,321] {processor.py:153} INFO - Started process (PID=16227) to work on /root/Projects/etlX/venv/lib/python3.9/site-packages/airflow/example_dags/example_kubernetes_executor.py
[2025-10-14 15:12:22,322] {processor.py:641} INFO - Processing file /root/Projects/etlX/venv/lib/python3.9/site-packages/airflow/example_dags/example_kubernetes_executor.py for tasks to queue
[2025-10-14 15:12:22,322] {logging_mixin.py:115} INFO - [2025-10-14 15:12:22,322] {dagbag.py:507} INFO - Filling up the DagBag from /root/Projects/etlX/venv/lib/python3.9/site-packages/airflow/example_dags/example_kubernetes_executor.py
[2025-10-14 15:12:22,340] {logging_mixin.py:115} INFO - [2025-10-14 15:12:22,340] {example_kubernetes_executor.py:39} WARNING - The example_kubernetes_executor example DAG requires the kubernetes provider. Please install it with: pip install apache-airflow[cncf.kubernetes]
[2025-10-14 15:12:22,341] {processor.py:653} WARNING - No viable dags retrieved from /root/Projects/etlX/venv/lib/python3.9/site-packages/airflow/example_dags/example_kubernetes_executor.py
[2025-10-14 15:12:22,355] {processor.py:161} INFO - Processing /root/Projects/etlX/venv/lib/python3.9/site-packages/airflow/example_dags/example_kubernetes_executor.py took 0.038 seconds
[2025-10-14 15:12:57,342] {processor.py:153} INFO - Started process (PID=16287) to work on /root/Projects/etlX/venv/lib/python3.9/site-packages/airflow/example_dags/example_kubernetes_executor.py
[2025-10-14 15:12:57,344] {processor.py:641} INFO - Processing file /root/Projects/etlX/venv/lib/python3.9/site-packages/airflow/example_dags/example_kubernetes_executor.py for tasks to queue
[2025-10-14 15:12:57,345] {logging_mixin.py:115} INFO - [2025-10-14 15:12:57,345] {dagbag.py:507} INFO - Filling up the DagBag from /root/Projects/etlX/venv/lib/python3.9/site-packages/airflow/example_dags/example_kubernetes_executor.py
[2025-10-14 15:12:57,378] {logging_mixin.py:115} INFO - [2025-10-14 15:12:57,378] {example_kubernetes_executor.py:39} WARNING - The example_kubernetes_executor example DAG requires the kubernetes provider. Please install it with: pip install apache-airflow[cncf.kubernetes]
[2025-10-14 15:12:57,378] {processor.py:653} WARNING - No viable dags retrieved from /root/Projects/etlX/venv/lib/python3.9/site-packages/airflow/example_dags/example_kubernetes_executor.py
[2025-10-14 15:12:57,397] {processor.py:161} INFO - Processing /root/Projects/etlX/venv/lib/python3.9/site-packages/airflow/example_dags/example_kubernetes_executor.py took 0.064 seconds
[2025-10-14 15:13:30,583] {processor.py:153} INFO - Started process (PID=16345) to work on /root/Projects/etlX/venv/lib/python3.9/site-packages/airflow/example_dags/example_kubernetes_executor.py
[2025-10-14 15:13:30,584] {processor.py:641} INFO - Processing file /root/Projects/etlX/venv/lib/python3.9/site-packages/airflow/example_dags/example_kubernetes_executor.py for tasks to queue
[2025-10-14 15:13:30,584] {logging_mixin.py:115} INFO - [2025-10-14 15:13:30,584] {dagbag.py:507} INFO - Filling up the DagBag from /root/Projects/etlX/venv/lib/python3.9/site-packages/airflow/example_dags/example_kubernetes_executor.py
[2025-10-14 15:13:30,608] {logging_mixin.py:115} INFO - [2025-10-14 15:13:30,608] {example_kubernetes_executor.py:39} WARNING - The example_kubernetes_executor example DAG requires the kubernetes provider. Please install it with: pip install apache-airflow[cncf.kubernetes]
[2025-10-14 15:13:30,608] {processor.py:653} WARNING - No viable dags retrieved from /root/Projects/etlX/venv/lib/python3.9/site-packages/airflow/example_dags/example_kubernetes_executor.py
[2025-10-14 15:13:30,626] {processor.py:161} INFO - Processing /root/Projects/etlX/venv/lib/python3.9/site-packages/airflow/example_dags/example_kubernetes_executor.py took 0.049 seconds
[2025-10-14 15:14:04,137] {processor.py:153} INFO - Started process (PID=16400) to work on /root/Projects/etlX/venv/lib/python3.9/site-packages/airflow/example_dags/example_kubernetes_executor.py
[2025-10-14 15:14:04,138] {processor.py:641} INFO - Processing file /root/Projects/etlX/venv/lib/python3.9/site-packages/airflow/example_dags/example_kubernetes_executor.py for tasks to queue
[2025-10-14 15:14:04,139] {logging_mixin.py:115} INFO - [2025-10-14 15:14:04,139] {dagbag.py:507} INFO - Filling up the DagBag from /root/Projects/etlX/venv/lib/python3.9/site-packages/airflow/example_dags/example_kubernetes_executor.py
[2025-10-14 15:14:04,157] {logging_mixin.py:115} INFO - [2025-10-14 15:14:04,157] {example_kubernetes_executor.py:39} WARNING - The example_kubernetes_executor example DAG requires the kubernetes provider. Please install it with: pip install apache-airflow[cncf.kubernetes]
[2025-10-14 15:14:04,157] {processor.py:653} WARNING - No viable dags retrieved from /root/Projects/etlX/venv/lib/python3.9/site-packages/airflow/example_dags/example_kubernetes_executor.py
[2025-10-14 15:14:04,173] {processor.py:161} INFO - Processing /root/Projects/etlX/venv/lib/python3.9/site-packages/airflow/example_dags/example_kubernetes_executor.py took 0.042 seconds
[2025-10-14 15:14:39,138] {processor.py:153} INFO - Started process (PID=16459) to work on /root/Projects/etlX/venv/lib/python3.9/site-packages/airflow/example_dags/example_kubernetes_executor.py
[2025-10-14 15:14:39,139] {processor.py:641} INFO - Processing file /root/Projects/etlX/venv/lib/python3.9/site-packages/airflow/example_dags/example_kubernetes_executor.py for tasks to queue
[2025-10-14 15:14:39,139] {logging_mixin.py:115} INFO - [2025-10-14 15:14:39,139] {dagbag.py:507} INFO - Filling up the DagBag from /root/Projects/etlX/venv/lib/python3.9/site-packages/airflow/example_dags/example_kubernetes_executor.py
[2025-10-14 15:14:39,157] {logging_mixin.py:115} INFO - [2025-10-14 15:14:39,157] {example_kubernetes_executor.py:39} WARNING - The example_kubernetes_executor example DAG requires the kubernetes provider. Please install it with: pip install apache-airflow[cncf.kubernetes]
[2025-10-14 15:14:39,157] {processor.py:653} WARNING - No viable dags retrieved from /root/Projects/etlX/venv/lib/python3.9/site-packages/airflow/example_dags/example_kubernetes_executor.py
[2025-10-14 15:14:39,171] {processor.py:161} INFO - Processing /root/Projects/etlX/venv/lib/python3.9/site-packages/airflow/example_dags/example_kubernetes_executor.py took 0.037 seconds
[2025-10-14 15:15:14,027] {processor.py:153} INFO - Started process (PID=16566) to work on /root/Projects/etlX/venv/lib/python3.9/site-packages/airflow/example_dags/example_kubernetes_executor.py
[2025-10-14 15:15:14,028] {processor.py:641} INFO - Processing file /root/Projects/etlX/venv/lib/python3.9/site-packages/airflow/example_dags/example_kubernetes_executor.py for tasks to queue
[2025-10-14 15:15:14,029] {logging_mixin.py:115} INFO - [2025-10-14 15:15:14,029] {dagbag.py:507} INFO - Filling up the DagBag from /root/Projects/etlX/venv/lib/python3.9/site-packages/airflow/example_dags/example_kubernetes_executor.py
[2025-10-14 15:15:14,050] {logging_mixin.py:115} INFO - [2025-10-14 15:15:14,050] {example_kubernetes_executor.py:39} WARNING - The example_kubernetes_executor example DAG requires the kubernetes provider. Please install it with: pip install apache-airflow[cncf.kubernetes]
[2025-10-14 15:15:14,051] {processor.py:653} WARNING - No viable dags retrieved from /root/Projects/etlX/venv/lib/python3.9/site-packages/airflow/example_dags/example_kubernetes_executor.py
[2025-10-14 15:15:14,064] {processor.py:161} INFO - Processing /root/Projects/etlX/venv/lib/python3.9/site-packages/airflow/example_dags/example_kubernetes_executor.py took 0.043 seconds
[2025-10-14 15:15:49,206] {processor.py:153} INFO - Started process (PID=16625) to work on /root/Projects/etlX/venv/lib/python3.9/site-packages/airflow/example_dags/example_kubernetes_executor.py
[2025-10-14 15:15:49,208] {processor.py:641} INFO - Processing file /root/Projects/etlX/venv/lib/python3.9/site-packages/airflow/example_dags/example_kubernetes_executor.py for tasks to queue
[2025-10-14 15:15:49,209] {logging_mixin.py:115} INFO - [2025-10-14 15:15:49,209] {dagbag.py:507} INFO - Filling up the DagBag from /root/Projects/etlX/venv/lib/python3.9/site-packages/airflow/example_dags/example_kubernetes_executor.py
[2025-10-14 15:15:49,229] {logging_mixin.py:115} INFO - [2025-10-14 15:15:49,229] {example_kubernetes_executor.py:39} WARNING - The example_kubernetes_executor example DAG requires the kubernetes provider. Please install it with: pip install apache-airflow[cncf.kubernetes]
[2025-10-14 15:15:49,229] {processor.py:653} WARNING - No viable dags retrieved from /root/Projects/etlX/venv/lib/python3.9/site-packages/airflow/example_dags/example_kubernetes_executor.py
[2025-10-14 15:15:49,243] {processor.py:161} INFO - Processing /root/Projects/etlX/venv/lib/python3.9/site-packages/airflow/example_dags/example_kubernetes_executor.py took 0.047 seconds
[2025-10-14 15:16:25,909] {processor.py:153} INFO - Started process (PID=16839) to work on /root/Projects/etlX/venv/lib/python3.9/site-packages/airflow/example_dags/example_kubernetes_executor.py
[2025-10-14 15:16:25,910] {processor.py:641} INFO - Processing file /root/Projects/etlX/venv/lib/python3.9/site-packages/airflow/example_dags/example_kubernetes_executor.py for tasks to queue
[2025-10-14 15:16:25,911] {logging_mixin.py:115} INFO - [2025-10-14 15:16:25,910] {dagbag.py:507} INFO - Filling up the DagBag from /root/Projects/etlX/venv/lib/python3.9/site-packages/airflow/example_dags/example_kubernetes_executor.py
[2025-10-14 15:16:25,933] {logging_mixin.py:115} INFO - [2025-10-14 15:16:25,933] {example_kubernetes_executor.py:39} WARNING - The example_kubernetes_executor example DAG requires the kubernetes provider. Please install it with: pip install apache-airflow[cncf.kubernetes]
[2025-10-14 15:16:25,933] {processor.py:653} WARNING - No viable dags retrieved from /root/Projects/etlX/venv/lib/python3.9/site-packages/airflow/example_dags/example_kubernetes_executor.py
[2025-10-14 15:16:25,947] {processor.py:161} INFO - Processing /root/Projects/etlX/venv/lib/python3.9/site-packages/airflow/example_dags/example_kubernetes_executor.py took 0.044 seconds
[2025-10-14 15:16:59,805] {processor.py:153} INFO - Started process (PID=17051) to work on /root/Projects/etlX/venv/lib/python3.9/site-packages/airflow/example_dags/example_kubernetes_executor.py
[2025-10-14 15:16:59,805] {processor.py:641} INFO - Processing file /root/Projects/etlX/venv/lib/python3.9/site-packages/airflow/example_dags/example_kubernetes_executor.py for tasks to queue
[2025-10-14 15:16:59,806] {logging_mixin.py:115} INFO - [2025-10-14 15:16:59,806] {dagbag.py:507} INFO - Filling up the DagBag from /root/Projects/etlX/venv/lib/python3.9/site-packages/airflow/example_dags/example_kubernetes_executor.py
[2025-10-14 15:16:59,823] {logging_mixin.py:115} INFO - [2025-10-14 15:16:59,823] {example_kubernetes_executor.py:39} WARNING - The example_kubernetes_executor example DAG requires the kubernetes provider. Please install it with: pip install apache-airflow[cncf.kubernetes]
[2025-10-14 15:16:59,823] {processor.py:653} WARNING - No viable dags retrieved from /root/Projects/etlX/venv/lib/python3.9/site-packages/airflow/example_dags/example_kubernetes_executor.py
[2025-10-14 15:16:59,837] {processor.py:161} INFO - Processing /root/Projects/etlX/venv/lib/python3.9/site-packages/airflow/example_dags/example_kubernetes_executor.py took 0.037 seconds
[2025-10-14 15:17:34,823] {processor.py:153} INFO - Started process (PID=17110) to work on /root/Projects/etlX/venv/lib/python3.9/site-packages/airflow/example_dags/example_kubernetes_executor.py
[2025-10-14 15:17:34,824] {processor.py:641} INFO - Processing file /root/Projects/etlX/venv/lib/python3.9/site-packages/airflow/example_dags/example_kubernetes_executor.py for tasks to queue
[2025-10-14 15:17:34,824] {logging_mixin.py:115} INFO - [2025-10-14 15:17:34,824] {dagbag.py:507} INFO - Filling up the DagBag from /root/Projects/etlX/venv/lib/python3.9/site-packages/airflow/example_dags/example_kubernetes_executor.py
[2025-10-14 15:17:34,848] {logging_mixin.py:115} INFO - [2025-10-14 15:17:34,848] {example_kubernetes_executor.py:39} WARNING - The example_kubernetes_executor example DAG requires the kubernetes provider. Please install it with: pip install apache-airflow[cncf.kubernetes]
[2025-10-14 15:17:34,849] {processor.py:653} WARNING - No viable dags retrieved from /root/Projects/etlX/venv/lib/python3.9/site-packages/airflow/example_dags/example_kubernetes_executor.py
[2025-10-14 15:17:34,866] {processor.py:161} INFO - Processing /root/Projects/etlX/venv/lib/python3.9/site-packages/airflow/example_dags/example_kubernetes_executor.py took 0.049 seconds
[2025-10-14 15:59:02,484] {processor.py:153} INFO - Started process (PID=19938) to work on /root/Projects/etlX/venv/lib/python3.9/site-packages/airflow/example_dags/example_kubernetes_executor.py
[2025-10-14 15:59:02,485] {processor.py:641} INFO - Processing file /root/Projects/etlX/venv/lib/python3.9/site-packages/airflow/example_dags/example_kubernetes_executor.py for tasks to queue
[2025-10-14 15:59:02,486] {logging_mixin.py:115} INFO - [2025-10-14 15:59:02,486] {dagbag.py:507} INFO - Filling up the DagBag from /root/Projects/etlX/venv/lib/python3.9/site-packages/airflow/example_dags/example_kubernetes_executor.py
[2025-10-14 15:59:02,506] {logging_mixin.py:115} INFO - [2025-10-14 15:59:02,506] {example_kubernetes_executor.py:39} WARNING - The example_kubernetes_executor example DAG requires the kubernetes provider. Please install it with: pip install apache-airflow[cncf.kubernetes]
[2025-10-14 15:59:02,506] {processor.py:653} WARNING - No viable dags retrieved from /root/Projects/etlX/venv/lib/python3.9/site-packages/airflow/example_dags/example_kubernetes_executor.py
[2025-10-14 15:59:02,521] {processor.py:161} INFO - Processing /root/Projects/etlX/venv/lib/python3.9/site-packages/airflow/example_dags/example_kubernetes_executor.py took 0.042 seconds
[2025-10-14 15:59:35,874] {processor.py:153} INFO - Started process (PID=20095) to work on /root/Projects/etlX/venv/lib/python3.9/site-packages/airflow/example_dags/example_kubernetes_executor.py
[2025-10-14 15:59:35,875] {processor.py:641} INFO - Processing file /root/Projects/etlX/venv/lib/python3.9/site-packages/airflow/example_dags/example_kubernetes_executor.py for tasks to queue
[2025-10-14 15:59:35,875] {logging_mixin.py:115} INFO - [2025-10-14 15:59:35,875] {dagbag.py:507} INFO - Filling up the DagBag from /root/Projects/etlX/venv/lib/python3.9/site-packages/airflow/example_dags/example_kubernetes_executor.py
[2025-10-14 15:59:35,893] {logging_mixin.py:115} INFO - [2025-10-14 15:59:35,893] {example_kubernetes_executor.py:39} WARNING - The example_kubernetes_executor example DAG requires the kubernetes provider. Please install it with: pip install apache-airflow[cncf.kubernetes]
[2025-10-14 15:59:35,893] {processor.py:653} WARNING - No viable dags retrieved from /root/Projects/etlX/venv/lib/python3.9/site-packages/airflow/example_dags/example_kubernetes_executor.py
[2025-10-14 15:59:35,910] {processor.py:161} INFO - Processing /root/Projects/etlX/venv/lib/python3.9/site-packages/airflow/example_dags/example_kubernetes_executor.py took 0.041 seconds
[2025-10-14 16:00:07,852] {processor.py:153} INFO - Started process (PID=20153) to work on /root/Projects/etlX/venv/lib/python3.9/site-packages/airflow/example_dags/example_kubernetes_executor.py
[2025-10-14 16:00:07,852] {processor.py:641} INFO - Processing file /root/Projects/etlX/venv/lib/python3.9/site-packages/airflow/example_dags/example_kubernetes_executor.py for tasks to queue
[2025-10-14 16:00:07,853] {logging_mixin.py:115} INFO - [2025-10-14 16:00:07,853] {dagbag.py:507} INFO - Filling up the DagBag from /root/Projects/etlX/venv/lib/python3.9/site-packages/airflow/example_dags/example_kubernetes_executor.py
[2025-10-14 16:00:07,875] {logging_mixin.py:115} INFO - [2025-10-14 16:00:07,875] {example_kubernetes_executor.py:39} WARNING - The example_kubernetes_executor example DAG requires the kubernetes provider. Please install it with: pip install apache-airflow[cncf.kubernetes]
[2025-10-14 16:00:07,875] {processor.py:653} WARNING - No viable dags retrieved from /root/Projects/etlX/venv/lib/python3.9/site-packages/airflow/example_dags/example_kubernetes_executor.py
[2025-10-14 16:00:07,889] {processor.py:161} INFO - Processing /root/Projects/etlX/venv/lib/python3.9/site-packages/airflow/example_dags/example_kubernetes_executor.py took 0.042 seconds
[2025-10-14 16:00:41,730] {processor.py:153} INFO - Started process (PID=20208) to work on /root/Projects/etlX/venv/lib/python3.9/site-packages/airflow/example_dags/example_kubernetes_executor.py
[2025-10-14 16:00:41,731] {processor.py:641} INFO - Processing file /root/Projects/etlX/venv/lib/python3.9/site-packages/airflow/example_dags/example_kubernetes_executor.py for tasks to queue
[2025-10-14 16:00:41,731] {logging_mixin.py:115} INFO - [2025-10-14 16:00:41,731] {dagbag.py:507} INFO - Filling up the DagBag from /root/Projects/etlX/venv/lib/python3.9/site-packages/airflow/example_dags/example_kubernetes_executor.py
[2025-10-14 16:00:41,749] {logging_mixin.py:115} INFO - [2025-10-14 16:00:41,749] {example_kubernetes_executor.py:39} WARNING - The example_kubernetes_executor example DAG requires the kubernetes provider. Please install it with: pip install apache-airflow[cncf.kubernetes]
[2025-10-14 16:00:41,749] {processor.py:653} WARNING - No viable dags retrieved from /root/Projects/etlX/venv/lib/python3.9/site-packages/airflow/example_dags/example_kubernetes_executor.py
[2025-10-14 16:00:41,763] {processor.py:161} INFO - Processing /root/Projects/etlX/venv/lib/python3.9/site-packages/airflow/example_dags/example_kubernetes_executor.py took 0.037 seconds
[2025-10-14 16:01:14,924] {processor.py:153} INFO - Started process (PID=20266) to work on /root/Projects/etlX/venv/lib/python3.9/site-packages/airflow/example_dags/example_kubernetes_executor.py
[2025-10-14 16:01:14,924] {processor.py:641} INFO - Processing file /root/Projects/etlX/venv/lib/python3.9/site-packages/airflow/example_dags/example_kubernetes_executor.py for tasks to queue
[2025-10-14 16:01:14,925] {logging_mixin.py:115} INFO - [2025-10-14 16:01:14,925] {dagbag.py:507} INFO - Filling up the DagBag from /root/Projects/etlX/venv/lib/python3.9/site-packages/airflow/example_dags/example_kubernetes_executor.py
[2025-10-14 16:01:14,945] {logging_mixin.py:115} INFO - [2025-10-14 16:01:14,945] {example_kubernetes_executor.py:39} WARNING - The example_kubernetes_executor example DAG requires the kubernetes provider. Please install it with: pip install apache-airflow[cncf.kubernetes]
[2025-10-14 16:01:14,945] {processor.py:653} WARNING - No viable dags retrieved from /root/Projects/etlX/venv/lib/python3.9/site-packages/airflow/example_dags/example_kubernetes_executor.py
[2025-10-14 16:01:14,960] {processor.py:161} INFO - Processing /root/Projects/etlX/venv/lib/python3.9/site-packages/airflow/example_dags/example_kubernetes_executor.py took 0.042 seconds
[2025-10-14 16:01:50,454] {processor.py:153} INFO - Started process (PID=20325) to work on /root/Projects/etlX/venv/lib/python3.9/site-packages/airflow/example_dags/example_kubernetes_executor.py
[2025-10-14 16:01:50,456] {processor.py:641} INFO - Processing file /root/Projects/etlX/venv/lib/python3.9/site-packages/airflow/example_dags/example_kubernetes_executor.py for tasks to queue
[2025-10-14 16:01:50,457] {logging_mixin.py:115} INFO - [2025-10-14 16:01:50,457] {dagbag.py:507} INFO - Filling up the DagBag from /root/Projects/etlX/venv/lib/python3.9/site-packages/airflow/example_dags/example_kubernetes_executor.py
[2025-10-14 16:01:50,482] {logging_mixin.py:115} INFO - [2025-10-14 16:01:50,482] {example_kubernetes_executor.py:39} WARNING - The example_kubernetes_executor example DAG requires the kubernetes provider. Please install it with: pip install apache-airflow[cncf.kubernetes]
[2025-10-14 16:01:50,483] {processor.py:653} WARNING - No viable dags retrieved from /root/Projects/etlX/venv/lib/python3.9/site-packages/airflow/example_dags/example_kubernetes_executor.py
[2025-10-14 16:01:50,496] {processor.py:161} INFO - Processing /root/Projects/etlX/venv/lib/python3.9/site-packages/airflow/example_dags/example_kubernetes_executor.py took 0.051 seconds
[2025-10-14 16:02:24,056] {processor.py:153} INFO - Started process (PID=20380) to work on /root/Projects/etlX/venv/lib/python3.9/site-packages/airflow/example_dags/example_kubernetes_executor.py
[2025-10-14 16:02:24,057] {processor.py:641} INFO - Processing file /root/Projects/etlX/venv/lib/python3.9/site-packages/airflow/example_dags/example_kubernetes_executor.py for tasks to queue
[2025-10-14 16:02:24,057] {logging_mixin.py:115} INFO - [2025-10-14 16:02:24,057] {dagbag.py:507} INFO - Filling up the DagBag from /root/Projects/etlX/venv/lib/python3.9/site-packages/airflow/example_dags/example_kubernetes_executor.py
[2025-10-14 16:02:24,076] {logging_mixin.py:115} INFO - [2025-10-14 16:02:24,076] {example_kubernetes_executor.py:39} WARNING - The example_kubernetes_executor example DAG requires the kubernetes provider. Please install it with: pip install apache-airflow[cncf.kubernetes]
[2025-10-14 16:02:24,076] {processor.py:653} WARNING - No viable dags retrieved from /root/Projects/etlX/venv/lib/python3.9/site-packages/airflow/example_dags/example_kubernetes_executor.py
[2025-10-14 16:02:24,091] {processor.py:161} INFO - Processing /root/Projects/etlX/venv/lib/python3.9/site-packages/airflow/example_dags/example_kubernetes_executor.py took 0.039 seconds
[2025-10-14 16:02:58,591] {processor.py:153} INFO - Started process (PID=20438) to work on /root/Projects/etlX/venv/lib/python3.9/site-packages/airflow/example_dags/example_kubernetes_executor.py
[2025-10-14 16:02:58,592] {processor.py:641} INFO - Processing file /root/Projects/etlX/venv/lib/python3.9/site-packages/airflow/example_dags/example_kubernetes_executor.py for tasks to queue
[2025-10-14 16:02:58,593] {logging_mixin.py:115} INFO - [2025-10-14 16:02:58,592] {dagbag.py:507} INFO - Filling up the DagBag from /root/Projects/etlX/venv/lib/python3.9/site-packages/airflow/example_dags/example_kubernetes_executor.py
[2025-10-14 16:02:58,620] {logging_mixin.py:115} INFO - [2025-10-14 16:02:58,620] {example_kubernetes_executor.py:39} WARNING - The example_kubernetes_executor example DAG requires the kubernetes provider. Please install it with: pip install apache-airflow[cncf.kubernetes]
[2025-10-14 16:02:58,620] {processor.py:653} WARNING - No viable dags retrieved from /root/Projects/etlX/venv/lib/python3.9/site-packages/airflow/example_dags/example_kubernetes_executor.py
[2025-10-14 16:02:58,638] {processor.py:161} INFO - Processing /root/Projects/etlX/venv/lib/python3.9/site-packages/airflow/example_dags/example_kubernetes_executor.py took 0.054 seconds
[2025-10-14 16:03:31,553] {processor.py:153} INFO - Started process (PID=20493) to work on /root/Projects/etlX/venv/lib/python3.9/site-packages/airflow/example_dags/example_kubernetes_executor.py
[2025-10-14 16:03:31,554] {processor.py:641} INFO - Processing file /root/Projects/etlX/venv/lib/python3.9/site-packages/airflow/example_dags/example_kubernetes_executor.py for tasks to queue
[2025-10-14 16:03:31,554] {logging_mixin.py:115} INFO - [2025-10-14 16:03:31,554] {dagbag.py:507} INFO - Filling up the DagBag from /root/Projects/etlX/venv/lib/python3.9/site-packages/airflow/example_dags/example_kubernetes_executor.py
[2025-10-14 16:03:31,571] {logging_mixin.py:115} INFO - [2025-10-14 16:03:31,571] {example_kubernetes_executor.py:39} WARNING - The example_kubernetes_executor example DAG requires the kubernetes provider. Please install it with: pip install apache-airflow[cncf.kubernetes]
[2025-10-14 16:03:31,572] {processor.py:653} WARNING - No viable dags retrieved from /root/Projects/etlX/venv/lib/python3.9/site-packages/airflow/example_dags/example_kubernetes_executor.py
[2025-10-14 16:03:31,585] {processor.py:161} INFO - Processing /root/Projects/etlX/venv/lib/python3.9/site-packages/airflow/example_dags/example_kubernetes_executor.py took 0.036 seconds
[2025-10-14 16:04:07,428] {processor.py:153} INFO - Started process (PID=20604) to work on /root/Projects/etlX/venv/lib/python3.9/site-packages/airflow/example_dags/example_kubernetes_executor.py
[2025-10-14 16:04:07,429] {processor.py:641} INFO - Processing file /root/Projects/etlX/venv/lib/python3.9/site-packages/airflow/example_dags/example_kubernetes_executor.py for tasks to queue
[2025-10-14 16:04:07,429] {logging_mixin.py:115} INFO - [2025-10-14 16:04:07,429] {dagbag.py:507} INFO - Filling up the DagBag from /root/Projects/etlX/venv/lib/python3.9/site-packages/airflow/example_dags/example_kubernetes_executor.py
[2025-10-14 16:04:07,449] {logging_mixin.py:115} INFO - [2025-10-14 16:04:07,449] {example_kubernetes_executor.py:39} WARNING - The example_kubernetes_executor example DAG requires the kubernetes provider. Please install it with: pip install apache-airflow[cncf.kubernetes]
[2025-10-14 16:04:07,449] {processor.py:653} WARNING - No viable dags retrieved from /root/Projects/etlX/venv/lib/python3.9/site-packages/airflow/example_dags/example_kubernetes_executor.py
[2025-10-14 16:04:07,465] {processor.py:161} INFO - Processing /root/Projects/etlX/venv/lib/python3.9/site-packages/airflow/example_dags/example_kubernetes_executor.py took 0.042 seconds
[2025-10-14 16:04:41,469] {processor.py:153} INFO - Started process (PID=20663) to work on /root/Projects/etlX/venv/lib/python3.9/site-packages/airflow/example_dags/example_kubernetes_executor.py
[2025-10-14 16:04:41,471] {processor.py:641} INFO - Processing file /root/Projects/etlX/venv/lib/python3.9/site-packages/airflow/example_dags/example_kubernetes_executor.py for tasks to queue
[2025-10-14 16:04:41,471] {logging_mixin.py:115} INFO - [2025-10-14 16:04:41,471] {dagbag.py:507} INFO - Filling up the DagBag from /root/Projects/etlX/venv/lib/python3.9/site-packages/airflow/example_dags/example_kubernetes_executor.py
[2025-10-14 16:04:41,490] {logging_mixin.py:115} INFO - [2025-10-14 16:04:41,490] {example_kubernetes_executor.py:39} WARNING - The example_kubernetes_executor example DAG requires the kubernetes provider. Please install it with: pip install apache-airflow[cncf.kubernetes]
[2025-10-14 16:04:41,490] {processor.py:653} WARNING - No viable dags retrieved from /root/Projects/etlX/venv/lib/python3.9/site-packages/airflow/example_dags/example_kubernetes_executor.py
[2025-10-14 16:04:41,504] {processor.py:161} INFO - Processing /root/Projects/etlX/venv/lib/python3.9/site-packages/airflow/example_dags/example_kubernetes_executor.py took 0.043 seconds
[2025-10-14 16:05:14,561] {processor.py:153} INFO - Started process (PID=20722) to work on /root/Projects/etlX/venv/lib/python3.9/site-packages/airflow/example_dags/example_kubernetes_executor.py
[2025-10-14 16:05:14,561] {processor.py:641} INFO - Processing file /root/Projects/etlX/venv/lib/python3.9/site-packages/airflow/example_dags/example_kubernetes_executor.py for tasks to queue
[2025-10-14 16:05:14,562] {logging_mixin.py:115} INFO - [2025-10-14 16:05:14,562] {dagbag.py:507} INFO - Filling up the DagBag from /root/Projects/etlX/venv/lib/python3.9/site-packages/airflow/example_dags/example_kubernetes_executor.py
[2025-10-14 16:05:14,579] {logging_mixin.py:115} INFO - [2025-10-14 16:05:14,579] {example_kubernetes_executor.py:39} WARNING - The example_kubernetes_executor example DAG requires the kubernetes provider. Please install it with: pip install apache-airflow[cncf.kubernetes]
[2025-10-14 16:05:14,580] {processor.py:653} WARNING - No viable dags retrieved from /root/Projects/etlX/venv/lib/python3.9/site-packages/airflow/example_dags/example_kubernetes_executor.py
[2025-10-14 16:05:14,593] {processor.py:161} INFO - Processing /root/Projects/etlX/venv/lib/python3.9/site-packages/airflow/example_dags/example_kubernetes_executor.py took 0.037 seconds
[2025-10-14 16:05:50,175] {processor.py:153} INFO - Started process (PID=20781) to work on /root/Projects/etlX/venv/lib/python3.9/site-packages/airflow/example_dags/example_kubernetes_executor.py
[2025-10-14 16:05:50,176] {processor.py:641} INFO - Processing file /root/Projects/etlX/venv/lib/python3.9/site-packages/airflow/example_dags/example_kubernetes_executor.py for tasks to queue
[2025-10-14 16:05:50,178] {logging_mixin.py:115} INFO - [2025-10-14 16:05:50,177] {dagbag.py:507} INFO - Filling up the DagBag from /root/Projects/etlX/venv/lib/python3.9/site-packages/airflow/example_dags/example_kubernetes_executor.py
[2025-10-14 16:05:50,211] {logging_mixin.py:115} INFO - [2025-10-14 16:05:50,210] {example_kubernetes_executor.py:39} WARNING - The example_kubernetes_executor example DAG requires the kubernetes provider. Please install it with: pip install apache-airflow[cncf.kubernetes]
[2025-10-14 16:05:50,211] {processor.py:653} WARNING - No viable dags retrieved from /root/Projects/etlX/venv/lib/python3.9/site-packages/airflow/example_dags/example_kubernetes_executor.py
[2025-10-14 16:05:50,229] {processor.py:161} INFO - Processing /root/Projects/etlX/venv/lib/python3.9/site-packages/airflow/example_dags/example_kubernetes_executor.py took 0.064 seconds
[2025-10-14 16:06:25,504] {processor.py:153} INFO - Started process (PID=20841) to work on /root/Projects/etlX/venv/lib/python3.9/site-packages/airflow/example_dags/example_kubernetes_executor.py
[2025-10-14 16:06:25,505] {processor.py:641} INFO - Processing file /root/Projects/etlX/venv/lib/python3.9/site-packages/airflow/example_dags/example_kubernetes_executor.py for tasks to queue
[2025-10-14 16:06:25,506] {logging_mixin.py:115} INFO - [2025-10-14 16:06:25,506] {dagbag.py:507} INFO - Filling up the DagBag from /root/Projects/etlX/venv/lib/python3.9/site-packages/airflow/example_dags/example_kubernetes_executor.py
[2025-10-14 16:06:25,529] {logging_mixin.py:115} INFO - [2025-10-14 16:06:25,529] {example_kubernetes_executor.py:39} WARNING - The example_kubernetes_executor example DAG requires the kubernetes provider. Please install it with: pip install apache-airflow[cncf.kubernetes]
[2025-10-14 16:06:25,529] {processor.py:653} WARNING - No viable dags retrieved from /root/Projects/etlX/venv/lib/python3.9/site-packages/airflow/example_dags/example_kubernetes_executor.py
[2025-10-14 16:06:25,546] {processor.py:161} INFO - Processing /root/Projects/etlX/venv/lib/python3.9/site-packages/airflow/example_dags/example_kubernetes_executor.py took 0.047 seconds
[2025-10-14 16:07:00,307] {processor.py:153} INFO - Started process (PID=20897) to work on /root/Projects/etlX/venv/lib/python3.9/site-packages/airflow/example_dags/example_kubernetes_executor.py
[2025-10-14 16:07:00,308] {processor.py:641} INFO - Processing file /root/Projects/etlX/venv/lib/python3.9/site-packages/airflow/example_dags/example_kubernetes_executor.py for tasks to queue
[2025-10-14 16:07:00,309] {logging_mixin.py:115} INFO - [2025-10-14 16:07:00,309] {dagbag.py:507} INFO - Filling up the DagBag from /root/Projects/etlX/venv/lib/python3.9/site-packages/airflow/example_dags/example_kubernetes_executor.py
[2025-10-14 16:07:00,330] {logging_mixin.py:115} INFO - [2025-10-14 16:07:00,330] {example_kubernetes_executor.py:39} WARNING - The example_kubernetes_executor example DAG requires the kubernetes provider. Please install it with: pip install apache-airflow[cncf.kubernetes]
[2025-10-14 16:07:00,330] {processor.py:653} WARNING - No viable dags retrieved from /root/Projects/etlX/venv/lib/python3.9/site-packages/airflow/example_dags/example_kubernetes_executor.py
[2025-10-14 16:07:00,344] {processor.py:161} INFO - Processing /root/Projects/etlX/venv/lib/python3.9/site-packages/airflow/example_dags/example_kubernetes_executor.py took 0.045 seconds
[2025-10-14 16:07:34,257] {processor.py:153} INFO - Started process (PID=21110) to work on /root/Projects/etlX/venv/lib/python3.9/site-packages/airflow/example_dags/example_kubernetes_executor.py
[2025-10-14 16:07:34,258] {processor.py:641} INFO - Processing file /root/Projects/etlX/venv/lib/python3.9/site-packages/airflow/example_dags/example_kubernetes_executor.py for tasks to queue
[2025-10-14 16:07:34,259] {logging_mixin.py:115} INFO - [2025-10-14 16:07:34,259] {dagbag.py:507} INFO - Filling up the DagBag from /root/Projects/etlX/venv/lib/python3.9/site-packages/airflow/example_dags/example_kubernetes_executor.py
[2025-10-14 16:07:34,276] {logging_mixin.py:115} INFO - [2025-10-14 16:07:34,276] {example_kubernetes_executor.py:39} WARNING - The example_kubernetes_executor example DAG requires the kubernetes provider. Please install it with: pip install apache-airflow[cncf.kubernetes]
[2025-10-14 16:07:34,276] {processor.py:653} WARNING - No viable dags retrieved from /root/Projects/etlX/venv/lib/python3.9/site-packages/airflow/example_dags/example_kubernetes_executor.py
[2025-10-14 16:07:34,289] {processor.py:161} INFO - Processing /root/Projects/etlX/venv/lib/python3.9/site-packages/airflow/example_dags/example_kubernetes_executor.py took 0.036 seconds
[2025-10-14 16:08:07,423] {processor.py:153} INFO - Started process (PID=21421) to work on /root/Projects/etlX/venv/lib/python3.9/site-packages/airflow/example_dags/example_kubernetes_executor.py
[2025-10-14 16:08:07,424] {processor.py:641} INFO - Processing file /root/Projects/etlX/venv/lib/python3.9/site-packages/airflow/example_dags/example_kubernetes_executor.py for tasks to queue
[2025-10-14 16:08:07,425] {logging_mixin.py:115} INFO - [2025-10-14 16:08:07,425] {dagbag.py:507} INFO - Filling up the DagBag from /root/Projects/etlX/venv/lib/python3.9/site-packages/airflow/example_dags/example_kubernetes_executor.py
[2025-10-14 16:08:07,448] {logging_mixin.py:115} INFO - [2025-10-14 16:08:07,448] {example_kubernetes_executor.py:39} WARNING - The example_kubernetes_executor example DAG requires the kubernetes provider. Please install it with: pip install apache-airflow[cncf.kubernetes]
[2025-10-14 16:08:07,448] {processor.py:653} WARNING - No viable dags retrieved from /root/Projects/etlX/venv/lib/python3.9/site-packages/airflow/example_dags/example_kubernetes_executor.py
[2025-10-14 16:08:07,470] {processor.py:161} INFO - Processing /root/Projects/etlX/venv/lib/python3.9/site-packages/airflow/example_dags/example_kubernetes_executor.py took 0.051 seconds
[2025-10-14 16:08:42,981] {processor.py:153} INFO - Started process (PID=21583) to work on /root/Projects/etlX/venv/lib/python3.9/site-packages/airflow/example_dags/example_kubernetes_executor.py
[2025-10-14 16:08:42,982] {processor.py:641} INFO - Processing file /root/Projects/etlX/venv/lib/python3.9/site-packages/airflow/example_dags/example_kubernetes_executor.py for tasks to queue
[2025-10-14 16:08:42,983] {logging_mixin.py:115} INFO - [2025-10-14 16:08:42,983] {dagbag.py:507} INFO - Filling up the DagBag from /root/Projects/etlX/venv/lib/python3.9/site-packages/airflow/example_dags/example_kubernetes_executor.py
[2025-10-14 16:08:43,003] {logging_mixin.py:115} INFO - [2025-10-14 16:08:43,003] {example_kubernetes_executor.py:39} WARNING - The example_kubernetes_executor example DAG requires the kubernetes provider. Please install it with: pip install apache-airflow[cncf.kubernetes]
[2025-10-14 16:08:43,003] {processor.py:653} WARNING - No viable dags retrieved from /root/Projects/etlX/venv/lib/python3.9/site-packages/airflow/example_dags/example_kubernetes_executor.py
[2025-10-14 16:08:43,017] {processor.py:161} INFO - Processing /root/Projects/etlX/venv/lib/python3.9/site-packages/airflow/example_dags/example_kubernetes_executor.py took 0.041 seconds
[2025-10-14 16:25:37,147] {processor.py:153} INFO - Started process (PID=22808) to work on /root/Projects/etlX/venv/lib/python3.9/site-packages/airflow/example_dags/example_kubernetes_executor.py
[2025-10-14 16:25:37,148] {processor.py:641} INFO - Processing file /root/Projects/etlX/venv/lib/python3.9/site-packages/airflow/example_dags/example_kubernetes_executor.py for tasks to queue
[2025-10-14 16:25:37,148] {logging_mixin.py:115} INFO - [2025-10-14 16:25:37,148] {dagbag.py:507} INFO - Filling up the DagBag from /root/Projects/etlX/venv/lib/python3.9/site-packages/airflow/example_dags/example_kubernetes_executor.py
[2025-10-14 16:25:37,170] {logging_mixin.py:115} INFO - [2025-10-14 16:25:37,170] {example_kubernetes_executor.py:39} WARNING - The example_kubernetes_executor example DAG requires the kubernetes provider. Please install it with: pip install apache-airflow[cncf.kubernetes]
[2025-10-14 16:25:37,170] {processor.py:653} WARNING - No viable dags retrieved from /root/Projects/etlX/venv/lib/python3.9/site-packages/airflow/example_dags/example_kubernetes_executor.py
[2025-10-14 16:25:37,186] {processor.py:161} INFO - Processing /root/Projects/etlX/venv/lib/python3.9/site-packages/airflow/example_dags/example_kubernetes_executor.py took 0.044 seconds
[2025-10-14 16:26:12,164] {processor.py:153} INFO - Started process (PID=22894) to work on /root/Projects/etlX/venv/lib/python3.9/site-packages/airflow/example_dags/example_kubernetes_executor.py
[2025-10-14 16:26:12,164] {processor.py:641} INFO - Processing file /root/Projects/etlX/venv/lib/python3.9/site-packages/airflow/example_dags/example_kubernetes_executor.py for tasks to queue
[2025-10-14 16:26:12,165] {logging_mixin.py:115} INFO - [2025-10-14 16:26:12,165] {dagbag.py:507} INFO - Filling up the DagBag from /root/Projects/etlX/venv/lib/python3.9/site-packages/airflow/example_dags/example_kubernetes_executor.py
[2025-10-14 16:26:12,183] {logging_mixin.py:115} INFO - [2025-10-14 16:26:12,182] {example_kubernetes_executor.py:39} WARNING - The example_kubernetes_executor example DAG requires the kubernetes provider. Please install it with: pip install apache-airflow[cncf.kubernetes]
[2025-10-14 16:26:12,183] {processor.py:653} WARNING - No viable dags retrieved from /root/Projects/etlX/venv/lib/python3.9/site-packages/airflow/example_dags/example_kubernetes_executor.py
[2025-10-14 16:26:12,196] {processor.py:161} INFO - Processing /root/Projects/etlX/venv/lib/python3.9/site-packages/airflow/example_dags/example_kubernetes_executor.py took 0.037 seconds
[2025-10-14 16:26:45,628] {processor.py:153} INFO - Started process (PID=22949) to work on /root/Projects/etlX/venv/lib/python3.9/site-packages/airflow/example_dags/example_kubernetes_executor.py
[2025-10-14 16:26:45,628] {processor.py:641} INFO - Processing file /root/Projects/etlX/venv/lib/python3.9/site-packages/airflow/example_dags/example_kubernetes_executor.py for tasks to queue
[2025-10-14 16:26:45,629] {logging_mixin.py:115} INFO - [2025-10-14 16:26:45,629] {dagbag.py:507} INFO - Filling up the DagBag from /root/Projects/etlX/venv/lib/python3.9/site-packages/airflow/example_dags/example_kubernetes_executor.py
[2025-10-14 16:26:45,647] {logging_mixin.py:115} INFO - [2025-10-14 16:26:45,647] {example_kubernetes_executor.py:39} WARNING - The example_kubernetes_executor example DAG requires the kubernetes provider. Please install it with: pip install apache-airflow[cncf.kubernetes]
[2025-10-14 16:26:45,648] {processor.py:653} WARNING - No viable dags retrieved from /root/Projects/etlX/venv/lib/python3.9/site-packages/airflow/example_dags/example_kubernetes_executor.py
[2025-10-14 16:26:45,662] {processor.py:161} INFO - Processing /root/Projects/etlX/venv/lib/python3.9/site-packages/airflow/example_dags/example_kubernetes_executor.py took 0.039 seconds
[2025-10-14 16:27:19,479] {processor.py:153} INFO - Started process (PID=23007) to work on /root/Projects/etlX/venv/lib/python3.9/site-packages/airflow/example_dags/example_kubernetes_executor.py
[2025-10-14 16:27:19,480] {processor.py:641} INFO - Processing file /root/Projects/etlX/venv/lib/python3.9/site-packages/airflow/example_dags/example_kubernetes_executor.py for tasks to queue
[2025-10-14 16:27:19,481] {logging_mixin.py:115} INFO - [2025-10-14 16:27:19,481] {dagbag.py:507} INFO - Filling up the DagBag from /root/Projects/etlX/venv/lib/python3.9/site-packages/airflow/example_dags/example_kubernetes_executor.py
[2025-10-14 16:27:19,500] {logging_mixin.py:115} INFO - [2025-10-14 16:27:19,500] {example_kubernetes_executor.py:39} WARNING - The example_kubernetes_executor example DAG requires the kubernetes provider. Please install it with: pip install apache-airflow[cncf.kubernetes]
[2025-10-14 16:27:19,500] {processor.py:653} WARNING - No viable dags retrieved from /root/Projects/etlX/venv/lib/python3.9/site-packages/airflow/example_dags/example_kubernetes_executor.py
[2025-10-14 16:27:19,514] {processor.py:161} INFO - Processing /root/Projects/etlX/venv/lib/python3.9/site-packages/airflow/example_dags/example_kubernetes_executor.py took 0.042 seconds
[2025-10-14 16:27:55,519] {processor.py:153} INFO - Started process (PID=23169) to work on /root/Projects/etlX/venv/lib/python3.9/site-packages/airflow/example_dags/example_kubernetes_executor.py
[2025-10-14 16:27:55,519] {processor.py:641} INFO - Processing file /root/Projects/etlX/venv/lib/python3.9/site-packages/airflow/example_dags/example_kubernetes_executor.py for tasks to queue
[2025-10-14 16:27:55,520] {logging_mixin.py:115} INFO - [2025-10-14 16:27:55,520] {dagbag.py:507} INFO - Filling up the DagBag from /root/Projects/etlX/venv/lib/python3.9/site-packages/airflow/example_dags/example_kubernetes_executor.py
[2025-10-14 16:27:55,537] {logging_mixin.py:115} INFO - [2025-10-14 16:27:55,537] {example_kubernetes_executor.py:39} WARNING - The example_kubernetes_executor example DAG requires the kubernetes provider. Please install it with: pip install apache-airflow[cncf.kubernetes]
[2025-10-14 16:27:55,537] {processor.py:653} WARNING - No viable dags retrieved from /root/Projects/etlX/venv/lib/python3.9/site-packages/airflow/example_dags/example_kubernetes_executor.py
[2025-10-14 16:27:55,551] {processor.py:161} INFO - Processing /root/Projects/etlX/venv/lib/python3.9/site-packages/airflow/example_dags/example_kubernetes_executor.py took 0.037 seconds
[2025-10-14 16:28:29,575] {processor.py:153} INFO - Started process (PID=23330) to work on /root/Projects/etlX/venv/lib/python3.9/site-packages/airflow/example_dags/example_kubernetes_executor.py
[2025-10-14 16:28:29,575] {processor.py:641} INFO - Processing file /root/Projects/etlX/venv/lib/python3.9/site-packages/airflow/example_dags/example_kubernetes_executor.py for tasks to queue
[2025-10-14 16:28:29,576] {logging_mixin.py:115} INFO - [2025-10-14 16:28:29,576] {dagbag.py:507} INFO - Filling up the DagBag from /root/Projects/etlX/venv/lib/python3.9/site-packages/airflow/example_dags/example_kubernetes_executor.py
[2025-10-14 16:28:29,594] {logging_mixin.py:115} INFO - [2025-10-14 16:28:29,594] {example_kubernetes_executor.py:39} WARNING - The example_kubernetes_executor example DAG requires the kubernetes provider. Please install it with: pip install apache-airflow[cncf.kubernetes]
[2025-10-14 16:28:29,594] {processor.py:653} WARNING - No viable dags retrieved from /root/Projects/etlX/venv/lib/python3.9/site-packages/airflow/example_dags/example_kubernetes_executor.py
[2025-10-14 16:28:29,607] {processor.py:161} INFO - Processing /root/Projects/etlX/venv/lib/python3.9/site-packages/airflow/example_dags/example_kubernetes_executor.py took 0.038 seconds
[2025-10-14 16:29:03,927] {processor.py:153} INFO - Started process (PID=23386) to work on /root/Projects/etlX/venv/lib/python3.9/site-packages/airflow/example_dags/example_kubernetes_executor.py
[2025-10-14 16:29:03,928] {processor.py:641} INFO - Processing file /root/Projects/etlX/venv/lib/python3.9/site-packages/airflow/example_dags/example_kubernetes_executor.py for tasks to queue
[2025-10-14 16:29:03,928] {logging_mixin.py:115} INFO - [2025-10-14 16:29:03,928] {dagbag.py:507} INFO - Filling up the DagBag from /root/Projects/etlX/venv/lib/python3.9/site-packages/airflow/example_dags/example_kubernetes_executor.py
[2025-10-14 16:29:03,951] {logging_mixin.py:115} INFO - [2025-10-14 16:29:03,951] {example_kubernetes_executor.py:39} WARNING - The example_kubernetes_executor example DAG requires the kubernetes provider. Please install it with: pip install apache-airflow[cncf.kubernetes]
[2025-10-14 16:29:03,951] {processor.py:653} WARNING - No viable dags retrieved from /root/Projects/etlX/venv/lib/python3.9/site-packages/airflow/example_dags/example_kubernetes_executor.py
[2025-10-14 16:29:03,969] {processor.py:161} INFO - Processing /root/Projects/etlX/venv/lib/python3.9/site-packages/airflow/example_dags/example_kubernetes_executor.py took 0.047 seconds
[2025-10-14 16:29:38,270] {processor.py:153} INFO - Started process (PID=23606) to work on /root/Projects/etlX/venv/lib/python3.9/site-packages/airflow/example_dags/example_kubernetes_executor.py
[2025-10-14 16:29:38,271] {processor.py:641} INFO - Processing file /root/Projects/etlX/venv/lib/python3.9/site-packages/airflow/example_dags/example_kubernetes_executor.py for tasks to queue
[2025-10-14 16:29:38,272] {logging_mixin.py:115} INFO - [2025-10-14 16:29:38,272] {dagbag.py:507} INFO - Filling up the DagBag from /root/Projects/etlX/venv/lib/python3.9/site-packages/airflow/example_dags/example_kubernetes_executor.py
[2025-10-14 16:29:38,297] {logging_mixin.py:115} INFO - [2025-10-14 16:29:38,297] {example_kubernetes_executor.py:39} WARNING - The example_kubernetes_executor example DAG requires the kubernetes provider. Please install it with: pip install apache-airflow[cncf.kubernetes]
[2025-10-14 16:29:38,297] {processor.py:653} WARNING - No viable dags retrieved from /root/Projects/etlX/venv/lib/python3.9/site-packages/airflow/example_dags/example_kubernetes_executor.py
[2025-10-14 16:29:38,311] {processor.py:161} INFO - Processing /root/Projects/etlX/venv/lib/python3.9/site-packages/airflow/example_dags/example_kubernetes_executor.py took 0.048 seconds
