[2025-10-14 14:57:28,211] {processor.py:153} INFO - Started process (PID=13509) to work on /root/Projects/etlX/venv/lib/python3.9/site-packages/airflow/example_dags/example_bash_operator.py
[2025-10-14 14:57:28,212] {processor.py:641} INFO - Processing file /root/Projects/etlX/venv/lib/python3.9/site-packages/airflow/example_dags/example_bash_operator.py for tasks to queue
[2025-10-14 14:57:28,213] {logging_mixin.py:115} INFO - [2025-10-14 14:57:28,213] {dagbag.py:507} INFO - Filling up the DagBag from /root/Projects/etlX/venv/lib/python3.9/site-packages/airflow/example_dags/example_bash_operator.py
[2025-10-14 14:57:28,233] {processor.py:651} INFO - DAG(s) dict_keys(['example_bash_operator']) retrieved from /root/Projects/etlX/venv/lib/python3.9/site-packages/airflow/example_dags/example_bash_operator.py
[2025-10-14 14:57:28,304] {logging_mixin.py:115} INFO - [2025-10-14 14:57:28,304] {manager.py:508} INFO - Created Permission View: can read on DAG:example_bash_operator
[2025-10-14 14:57:28,314] {logging_mixin.py:115} INFO - [2025-10-14 14:57:28,314] {manager.py:508} INFO - Created Permission View: can edit on DAG:example_bash_operator
[2025-10-14 14:57:28,322] {logging_mixin.py:115} INFO - [2025-10-14 14:57:28,321] {manager.py:508} INFO - Created Permission View: can delete on DAG:example_bash_operator
[2025-10-14 14:57:28,322] {logging_mixin.py:115} INFO - [2025-10-14 14:57:28,322] {dag.py:2379} INFO - Sync 1 DAGs
[2025-10-14 14:57:28,329] {logging_mixin.py:115} INFO - [2025-10-14 14:57:28,329] {dag.py:2398} INFO - Creating ORM DAG for example_bash_operator
[2025-10-14 14:57:28,338] {logging_mixin.py:115} INFO - [2025-10-14 14:57:28,338] {dag.py:2927} INFO - Setting next_dagrun for example_bash_operator to 2025-10-13T00:00:00+00:00, run_after=2025-10-14T00:00:00+00:00
[2025-10-14 14:57:28,349] {processor.py:161} INFO - Processing /root/Projects/etlX/venv/lib/python3.9/site-packages/airflow/example_dags/example_bash_operator.py took 0.143 seconds
[2025-10-14 14:58:04,337] {processor.py:153} INFO - Started process (PID=13668) to work on /root/Projects/etlX/venv/lib/python3.9/site-packages/airflow/example_dags/example_bash_operator.py
[2025-10-14 14:58:04,338] {processor.py:641} INFO - Processing file /root/Projects/etlX/venv/lib/python3.9/site-packages/airflow/example_dags/example_bash_operator.py for tasks to queue
[2025-10-14 14:58:04,339] {logging_mixin.py:115} INFO - [2025-10-14 14:58:04,339] {dagbag.py:507} INFO - Filling up the DagBag from /root/Projects/etlX/venv/lib/python3.9/site-packages/airflow/example_dags/example_bash_operator.py
[2025-10-14 14:58:04,361] {processor.py:651} INFO - DAG(s) dict_keys(['example_bash_operator']) retrieved from /root/Projects/etlX/venv/lib/python3.9/site-packages/airflow/example_dags/example_bash_operator.py
[2025-10-14 14:58:04,380] {logging_mixin.py:115} INFO - [2025-10-14 14:58:04,380] {dag.py:2379} INFO - Sync 1 DAGs
[2025-10-14 14:58:04,399] {logging_mixin.py:115} INFO - [2025-10-14 14:58:04,399] {dag.py:2927} INFO - Setting next_dagrun for example_bash_operator to 2025-10-13T00:00:00+00:00, run_after=2025-10-14T00:00:00+00:00
[2025-10-14 14:58:04,409] {processor.py:161} INFO - Processing /root/Projects/etlX/venv/lib/python3.9/site-packages/airflow/example_dags/example_bash_operator.py took 0.078 seconds
[2025-10-14 14:58:40,698] {processor.py:153} INFO - Started process (PID=13728) to work on /root/Projects/etlX/venv/lib/python3.9/site-packages/airflow/example_dags/example_bash_operator.py
[2025-10-14 14:58:40,698] {processor.py:641} INFO - Processing file /root/Projects/etlX/venv/lib/python3.9/site-packages/airflow/example_dags/example_bash_operator.py for tasks to queue
[2025-10-14 14:58:40,699] {logging_mixin.py:115} INFO - [2025-10-14 14:58:40,699] {dagbag.py:507} INFO - Filling up the DagBag from /root/Projects/etlX/venv/lib/python3.9/site-packages/airflow/example_dags/example_bash_operator.py
[2025-10-14 14:58:40,713] {processor.py:651} INFO - DAG(s) dict_keys(['example_bash_operator']) retrieved from /root/Projects/etlX/venv/lib/python3.9/site-packages/airflow/example_dags/example_bash_operator.py
[2025-10-14 14:58:40,733] {logging_mixin.py:115} INFO - [2025-10-14 14:58:40,733] {dag.py:2379} INFO - Sync 1 DAGs
[2025-10-14 14:58:40,752] {logging_mixin.py:115} INFO - [2025-10-14 14:58:40,752] {dag.py:2927} INFO - Setting next_dagrun for example_bash_operator to 2025-10-13T00:00:00+00:00, run_after=2025-10-14T00:00:00+00:00
[2025-10-14 14:58:40,763] {processor.py:161} INFO - Processing /root/Projects/etlX/venv/lib/python3.9/site-packages/airflow/example_dags/example_bash_operator.py took 0.070 seconds
[2025-10-14 14:59:15,323] {processor.py:153} INFO - Started process (PID=13944) to work on /root/Projects/etlX/venv/lib/python3.9/site-packages/airflow/example_dags/example_bash_operator.py
[2025-10-14 14:59:15,323] {processor.py:641} INFO - Processing file /root/Projects/etlX/venv/lib/python3.9/site-packages/airflow/example_dags/example_bash_operator.py for tasks to queue
[2025-10-14 14:59:15,324] {logging_mixin.py:115} INFO - [2025-10-14 14:59:15,324] {dagbag.py:507} INFO - Filling up the DagBag from /root/Projects/etlX/venv/lib/python3.9/site-packages/airflow/example_dags/example_bash_operator.py
[2025-10-14 14:59:15,339] {processor.py:651} INFO - DAG(s) dict_keys(['example_bash_operator']) retrieved from /root/Projects/etlX/venv/lib/python3.9/site-packages/airflow/example_dags/example_bash_operator.py
[2025-10-14 14:59:15,360] {logging_mixin.py:115} INFO - [2025-10-14 14:59:15,360] {dag.py:2379} INFO - Sync 1 DAGs
[2025-10-14 14:59:15,382] {logging_mixin.py:115} INFO - [2025-10-14 14:59:15,382] {dag.py:2927} INFO - Setting next_dagrun for example_bash_operator to 2025-10-13T00:00:00+00:00, run_after=2025-10-14T00:00:00+00:00
[2025-10-14 14:59:15,395] {processor.py:161} INFO - Processing /root/Projects/etlX/venv/lib/python3.9/site-packages/airflow/example_dags/example_bash_operator.py took 0.077 seconds
[2025-10-14 14:59:53,217] {processor.py:153} INFO - Started process (PID=14005) to work on /root/Projects/etlX/venv/lib/python3.9/site-packages/airflow/example_dags/example_bash_operator.py
[2025-10-14 14:59:53,218] {processor.py:641} INFO - Processing file /root/Projects/etlX/venv/lib/python3.9/site-packages/airflow/example_dags/example_bash_operator.py for tasks to queue
[2025-10-14 14:59:53,218] {logging_mixin.py:115} INFO - [2025-10-14 14:59:53,218] {dagbag.py:507} INFO - Filling up the DagBag from /root/Projects/etlX/venv/lib/python3.9/site-packages/airflow/example_dags/example_bash_operator.py
[2025-10-14 14:59:53,236] {processor.py:651} INFO - DAG(s) dict_keys(['example_bash_operator']) retrieved from /root/Projects/etlX/venv/lib/python3.9/site-packages/airflow/example_dags/example_bash_operator.py
[2025-10-14 14:59:53,258] {logging_mixin.py:115} INFO - [2025-10-14 14:59:53,258] {dag.py:2379} INFO - Sync 1 DAGs
[2025-10-14 14:59:53,280] {logging_mixin.py:115} INFO - [2025-10-14 14:59:53,280] {dag.py:2927} INFO - Setting next_dagrun for example_bash_operator to 2025-10-13T00:00:00+00:00, run_after=2025-10-14T00:00:00+00:00
[2025-10-14 14:59:53,294] {processor.py:161} INFO - Processing /root/Projects/etlX/venv/lib/python3.9/site-packages/airflow/example_dags/example_bash_operator.py took 0.083 seconds
[2025-10-14 15:00:27,911] {processor.py:153} INFO - Started process (PID=14065) to work on /root/Projects/etlX/venv/lib/python3.9/site-packages/airflow/example_dags/example_bash_operator.py
[2025-10-14 15:00:27,912] {processor.py:641} INFO - Processing file /root/Projects/etlX/venv/lib/python3.9/site-packages/airflow/example_dags/example_bash_operator.py for tasks to queue
[2025-10-14 15:00:27,912] {logging_mixin.py:115} INFO - [2025-10-14 15:00:27,912] {dagbag.py:507} INFO - Filling up the DagBag from /root/Projects/etlX/venv/lib/python3.9/site-packages/airflow/example_dags/example_bash_operator.py
[2025-10-14 15:00:27,926] {processor.py:651} INFO - DAG(s) dict_keys(['example_bash_operator']) retrieved from /root/Projects/etlX/venv/lib/python3.9/site-packages/airflow/example_dags/example_bash_operator.py
[2025-10-14 15:00:27,947] {logging_mixin.py:115} INFO - [2025-10-14 15:00:27,947] {dag.py:2379} INFO - Sync 1 DAGs
[2025-10-14 15:00:27,967] {logging_mixin.py:115} INFO - [2025-10-14 15:00:27,967] {dag.py:2927} INFO - Setting next_dagrun for example_bash_operator to 2025-10-13T00:00:00+00:00, run_after=2025-10-14T00:00:00+00:00
[2025-10-14 15:00:27,980] {processor.py:161} INFO - Processing /root/Projects/etlX/venv/lib/python3.9/site-packages/airflow/example_dags/example_bash_operator.py took 0.073 seconds
[2025-10-14 15:01:05,403] {processor.py:153} INFO - Started process (PID=14432) to work on /root/Projects/etlX/venv/lib/python3.9/site-packages/airflow/example_dags/example_bash_operator.py
[2025-10-14 15:01:05,404] {processor.py:641} INFO - Processing file /root/Projects/etlX/venv/lib/python3.9/site-packages/airflow/example_dags/example_bash_operator.py for tasks to queue
[2025-10-14 15:01:05,405] {logging_mixin.py:115} INFO - [2025-10-14 15:01:05,405] {dagbag.py:507} INFO - Filling up the DagBag from /root/Projects/etlX/venv/lib/python3.9/site-packages/airflow/example_dags/example_bash_operator.py
[2025-10-14 15:01:05,420] {processor.py:651} INFO - DAG(s) dict_keys(['example_bash_operator']) retrieved from /root/Projects/etlX/venv/lib/python3.9/site-packages/airflow/example_dags/example_bash_operator.py
[2025-10-14 15:01:05,442] {logging_mixin.py:115} INFO - [2025-10-14 15:01:05,442] {dag.py:2379} INFO - Sync 1 DAGs
[2025-10-14 15:01:05,464] {logging_mixin.py:115} INFO - [2025-10-14 15:01:05,464] {dag.py:2927} INFO - Setting next_dagrun for example_bash_operator to 2025-10-13T00:00:00+00:00, run_after=2025-10-14T00:00:00+00:00
[2025-10-14 15:01:05,478] {processor.py:161} INFO - Processing /root/Projects/etlX/venv/lib/python3.9/site-packages/airflow/example_dags/example_bash_operator.py took 0.079 seconds
[2025-10-14 15:01:37,747] {processor.py:153} INFO - Started process (PID=14490) to work on /root/Projects/etlX/venv/lib/python3.9/site-packages/airflow/example_dags/example_bash_operator.py
[2025-10-14 15:01:37,747] {processor.py:641} INFO - Processing file /root/Projects/etlX/venv/lib/python3.9/site-packages/airflow/example_dags/example_bash_operator.py for tasks to queue
[2025-10-14 15:01:37,748] {logging_mixin.py:115} INFO - [2025-10-14 15:01:37,748] {dagbag.py:507} INFO - Filling up the DagBag from /root/Projects/etlX/venv/lib/python3.9/site-packages/airflow/example_dags/example_bash_operator.py
[2025-10-14 15:01:37,762] {processor.py:651} INFO - DAG(s) dict_keys(['example_bash_operator']) retrieved from /root/Projects/etlX/venv/lib/python3.9/site-packages/airflow/example_dags/example_bash_operator.py
[2025-10-14 15:01:37,783] {logging_mixin.py:115} INFO - [2025-10-14 15:01:37,783] {dag.py:2379} INFO - Sync 1 DAGs
[2025-10-14 15:01:37,803] {logging_mixin.py:115} INFO - [2025-10-14 15:01:37,803] {dag.py:2927} INFO - Setting next_dagrun for example_bash_operator to 2025-10-13T00:00:00+00:00, run_after=2025-10-14T00:00:00+00:00
[2025-10-14 15:01:37,815] {processor.py:161} INFO - Processing /root/Projects/etlX/venv/lib/python3.9/site-packages/airflow/example_dags/example_bash_operator.py took 0.074 seconds
[2025-10-14 15:02:13,661] {processor.py:153} INFO - Started process (PID=14802) to work on /root/Projects/etlX/venv/lib/python3.9/site-packages/airflow/example_dags/example_bash_operator.py
[2025-10-14 15:02:13,662] {processor.py:641} INFO - Processing file /root/Projects/etlX/venv/lib/python3.9/site-packages/airflow/example_dags/example_bash_operator.py for tasks to queue
[2025-10-14 15:02:13,663] {logging_mixin.py:115} INFO - [2025-10-14 15:02:13,663] {dagbag.py:507} INFO - Filling up the DagBag from /root/Projects/etlX/venv/lib/python3.9/site-packages/airflow/example_dags/example_bash_operator.py
[2025-10-14 15:02:13,679] {processor.py:651} INFO - DAG(s) dict_keys(['example_bash_operator']) retrieved from /root/Projects/etlX/venv/lib/python3.9/site-packages/airflow/example_dags/example_bash_operator.py
[2025-10-14 15:02:13,700] {logging_mixin.py:115} INFO - [2025-10-14 15:02:13,700] {dag.py:2379} INFO - Sync 1 DAGs
[2025-10-14 15:02:13,724] {logging_mixin.py:115} INFO - [2025-10-14 15:02:13,724] {dag.py:2927} INFO - Setting next_dagrun for example_bash_operator to 2025-10-13T00:00:00+00:00, run_after=2025-10-14T00:00:00+00:00
[2025-10-14 15:02:13,737] {processor.py:161} INFO - Processing /root/Projects/etlX/venv/lib/python3.9/site-packages/airflow/example_dags/example_bash_operator.py took 0.082 seconds
[2025-10-14 15:02:47,961] {processor.py:153} INFO - Started process (PID=14884) to work on /root/Projects/etlX/venv/lib/python3.9/site-packages/airflow/example_dags/example_bash_operator.py
[2025-10-14 15:02:47,966] {processor.py:641} INFO - Processing file /root/Projects/etlX/venv/lib/python3.9/site-packages/airflow/example_dags/example_bash_operator.py for tasks to queue
[2025-10-14 15:02:47,966] {logging_mixin.py:115} INFO - [2025-10-14 15:02:47,966] {dagbag.py:507} INFO - Filling up the DagBag from /root/Projects/etlX/venv/lib/python3.9/site-packages/airflow/example_dags/example_bash_operator.py
[2025-10-14 15:02:47,986] {processor.py:651} INFO - DAG(s) dict_keys(['example_bash_operator']) retrieved from /root/Projects/etlX/venv/lib/python3.9/site-packages/airflow/example_dags/example_bash_operator.py
[2025-10-14 15:02:48,024] {logging_mixin.py:115} INFO - [2025-10-14 15:02:48,023] {dag.py:2379} INFO - Sync 1 DAGs
[2025-10-14 15:02:48,056] {logging_mixin.py:115} INFO - [2025-10-14 15:02:48,056] {dag.py:2927} INFO - Setting next_dagrun for example_bash_operator to 2025-10-13T00:00:00+00:00, run_after=2025-10-14T00:00:00+00:00
[2025-10-14 15:02:48,081] {processor.py:161} INFO - Processing /root/Projects/etlX/venv/lib/python3.9/site-packages/airflow/example_dags/example_bash_operator.py took 0.130 seconds
[2025-10-14 15:03:20,450] {processor.py:153} INFO - Started process (PID=15019) to work on /root/Projects/etlX/venv/lib/python3.9/site-packages/airflow/example_dags/example_bash_operator.py
[2025-10-14 15:03:20,450] {processor.py:641} INFO - Processing file /root/Projects/etlX/venv/lib/python3.9/site-packages/airflow/example_dags/example_bash_operator.py for tasks to queue
[2025-10-14 15:03:20,451] {logging_mixin.py:115} INFO - [2025-10-14 15:03:20,451] {dagbag.py:507} INFO - Filling up the DagBag from /root/Projects/etlX/venv/lib/python3.9/site-packages/airflow/example_dags/example_bash_operator.py
[2025-10-14 15:03:20,469] {processor.py:651} INFO - DAG(s) dict_keys(['example_bash_operator']) retrieved from /root/Projects/etlX/venv/lib/python3.9/site-packages/airflow/example_dags/example_bash_operator.py
[2025-10-14 15:03:20,495] {logging_mixin.py:115} INFO - [2025-10-14 15:03:20,495] {dag.py:2379} INFO - Sync 1 DAGs
[2025-10-14 15:03:20,525] {logging_mixin.py:115} INFO - [2025-10-14 15:03:20,525] {dag.py:2927} INFO - Setting next_dagrun for example_bash_operator to 2025-10-13T00:00:00+00:00, run_after=2025-10-14T00:00:00+00:00
[2025-10-14 15:03:20,544] {processor.py:161} INFO - Processing /root/Projects/etlX/venv/lib/python3.9/site-packages/airflow/example_dags/example_bash_operator.py took 0.100 seconds
[2025-10-14 15:10:15,193] {processor.py:153} INFO - Started process (PID=15914) to work on /root/Projects/etlX/venv/lib/python3.9/site-packages/airflow/example_dags/example_bash_operator.py
[2025-10-14 15:10:15,194] {processor.py:641} INFO - Processing file /root/Projects/etlX/venv/lib/python3.9/site-packages/airflow/example_dags/example_bash_operator.py for tasks to queue
[2025-10-14 15:10:15,212] {logging_mixin.py:115} INFO - [2025-10-14 15:10:15,212] {dagbag.py:507} INFO - Filling up the DagBag from /root/Projects/etlX/venv/lib/python3.9/site-packages/airflow/example_dags/example_bash_operator.py
[2025-10-14 15:10:15,234] {processor.py:651} INFO - DAG(s) dict_keys(['example_bash_operator']) retrieved from /root/Projects/etlX/venv/lib/python3.9/site-packages/airflow/example_dags/example_bash_operator.py
[2025-10-14 15:10:15,253] {logging_mixin.py:115} INFO - [2025-10-14 15:10:15,253] {dag.py:2379} INFO - Sync 1 DAGs
[2025-10-14 15:10:15,274] {logging_mixin.py:115} INFO - [2025-10-14 15:10:15,274] {dag.py:2927} INFO - Setting next_dagrun for example_bash_operator to 2025-10-13T00:00:00+00:00, run_after=2025-10-14T00:00:00+00:00
[2025-10-14 15:10:15,285] {processor.py:161} INFO - Processing /root/Projects/etlX/venv/lib/python3.9/site-packages/airflow/example_dags/example_bash_operator.py took 0.097 seconds
[2025-10-14 15:10:51,298] {processor.py:153} INFO - Started process (PID=15974) to work on /root/Projects/etlX/venv/lib/python3.9/site-packages/airflow/example_dags/example_bash_operator.py
[2025-10-14 15:10:51,298] {processor.py:641} INFO - Processing file /root/Projects/etlX/venv/lib/python3.9/site-packages/airflow/example_dags/example_bash_operator.py for tasks to queue
[2025-10-14 15:10:51,299] {logging_mixin.py:115} INFO - [2025-10-14 15:10:51,299] {dagbag.py:507} INFO - Filling up the DagBag from /root/Projects/etlX/venv/lib/python3.9/site-packages/airflow/example_dags/example_bash_operator.py
[2025-10-14 15:10:51,313] {processor.py:651} INFO - DAG(s) dict_keys(['example_bash_operator']) retrieved from /root/Projects/etlX/venv/lib/python3.9/site-packages/airflow/example_dags/example_bash_operator.py
[2025-10-14 15:10:51,333] {logging_mixin.py:115} INFO - [2025-10-14 15:10:51,333] {dag.py:2379} INFO - Sync 1 DAGs
[2025-10-14 15:10:51,354] {logging_mixin.py:115} INFO - [2025-10-14 15:10:51,354] {dag.py:2927} INFO - Setting next_dagrun for example_bash_operator to 2025-10-13T00:00:00+00:00, run_after=2025-10-14T00:00:00+00:00
[2025-10-14 15:10:51,367] {processor.py:161} INFO - Processing /root/Projects/etlX/venv/lib/python3.9/site-packages/airflow/example_dags/example_bash_operator.py took 0.074 seconds
[2025-10-14 15:11:26,687] {processor.py:153} INFO - Started process (PID=16137) to work on /root/Projects/etlX/venv/lib/python3.9/site-packages/airflow/example_dags/example_bash_operator.py
[2025-10-14 15:11:26,687] {processor.py:641} INFO - Processing file /root/Projects/etlX/venv/lib/python3.9/site-packages/airflow/example_dags/example_bash_operator.py for tasks to queue
[2025-10-14 15:11:26,688] {logging_mixin.py:115} INFO - [2025-10-14 15:11:26,688] {dagbag.py:507} INFO - Filling up the DagBag from /root/Projects/etlX/venv/lib/python3.9/site-packages/airflow/example_dags/example_bash_operator.py
[2025-10-14 15:11:26,703] {processor.py:651} INFO - DAG(s) dict_keys(['example_bash_operator']) retrieved from /root/Projects/etlX/venv/lib/python3.9/site-packages/airflow/example_dags/example_bash_operator.py
[2025-10-14 15:11:26,723] {logging_mixin.py:115} INFO - [2025-10-14 15:11:26,723] {dag.py:2379} INFO - Sync 1 DAGs
[2025-10-14 15:11:26,743] {logging_mixin.py:115} INFO - [2025-10-14 15:11:26,743] {dag.py:2927} INFO - Setting next_dagrun for example_bash_operator to 2025-10-13T00:00:00+00:00, run_after=2025-10-14T00:00:00+00:00
[2025-10-14 15:11:26,756] {processor.py:161} INFO - Processing /root/Projects/etlX/venv/lib/python3.9/site-packages/airflow/example_dags/example_bash_operator.py took 0.074 seconds
[2025-10-14 15:12:01,679] {processor.py:153} INFO - Started process (PID=16195) to work on /root/Projects/etlX/venv/lib/python3.9/site-packages/airflow/example_dags/example_bash_operator.py
[2025-10-14 15:12:01,679] {processor.py:641} INFO - Processing file /root/Projects/etlX/venv/lib/python3.9/site-packages/airflow/example_dags/example_bash_operator.py for tasks to queue
[2025-10-14 15:12:01,680] {logging_mixin.py:115} INFO - [2025-10-14 15:12:01,680] {dagbag.py:507} INFO - Filling up the DagBag from /root/Projects/etlX/venv/lib/python3.9/site-packages/airflow/example_dags/example_bash_operator.py
[2025-10-14 15:12:01,697] {processor.py:651} INFO - DAG(s) dict_keys(['example_bash_operator']) retrieved from /root/Projects/etlX/venv/lib/python3.9/site-packages/airflow/example_dags/example_bash_operator.py
[2025-10-14 15:12:01,718] {logging_mixin.py:115} INFO - [2025-10-14 15:12:01,718] {dag.py:2379} INFO - Sync 1 DAGs
[2025-10-14 15:12:01,740] {logging_mixin.py:115} INFO - [2025-10-14 15:12:01,739] {dag.py:2927} INFO - Setting next_dagrun for example_bash_operator to 2025-10-13T00:00:00+00:00, run_after=2025-10-14T00:00:00+00:00
[2025-10-14 15:12:01,752] {processor.py:161} INFO - Processing /root/Projects/etlX/venv/lib/python3.9/site-packages/airflow/example_dags/example_bash_operator.py took 0.078 seconds
[2025-10-14 15:12:36,618] {processor.py:153} INFO - Started process (PID=16254) to work on /root/Projects/etlX/venv/lib/python3.9/site-packages/airflow/example_dags/example_bash_operator.py
[2025-10-14 15:12:36,618] {processor.py:641} INFO - Processing file /root/Projects/etlX/venv/lib/python3.9/site-packages/airflow/example_dags/example_bash_operator.py for tasks to queue
[2025-10-14 15:12:36,619] {logging_mixin.py:115} INFO - [2025-10-14 15:12:36,619] {dagbag.py:507} INFO - Filling up the DagBag from /root/Projects/etlX/venv/lib/python3.9/site-packages/airflow/example_dags/example_bash_operator.py
[2025-10-14 15:12:36,638] {processor.py:651} INFO - DAG(s) dict_keys(['example_bash_operator']) retrieved from /root/Projects/etlX/venv/lib/python3.9/site-packages/airflow/example_dags/example_bash_operator.py
[2025-10-14 15:12:36,668] {logging_mixin.py:115} INFO - [2025-10-14 15:12:36,668] {dag.py:2379} INFO - Sync 1 DAGs
[2025-10-14 15:12:36,705] {logging_mixin.py:115} INFO - [2025-10-14 15:12:36,705] {dag.py:2927} INFO - Setting next_dagrun for example_bash_operator to 2025-10-13T00:00:00+00:00, run_after=2025-10-14T00:00:00+00:00
[2025-10-14 15:12:36,725] {processor.py:161} INFO - Processing /root/Projects/etlX/venv/lib/python3.9/site-packages/airflow/example_dags/example_bash_operator.py took 0.113 seconds
[2025-10-14 15:13:11,052] {processor.py:153} INFO - Started process (PID=16310) to work on /root/Projects/etlX/venv/lib/python3.9/site-packages/airflow/example_dags/example_bash_operator.py
[2025-10-14 15:13:11,052] {processor.py:641} INFO - Processing file /root/Projects/etlX/venv/lib/python3.9/site-packages/airflow/example_dags/example_bash_operator.py for tasks to queue
[2025-10-14 15:13:11,053] {logging_mixin.py:115} INFO - [2025-10-14 15:13:11,053] {dagbag.py:507} INFO - Filling up the DagBag from /root/Projects/etlX/venv/lib/python3.9/site-packages/airflow/example_dags/example_bash_operator.py
[2025-10-14 15:13:11,067] {processor.py:651} INFO - DAG(s) dict_keys(['example_bash_operator']) retrieved from /root/Projects/etlX/venv/lib/python3.9/site-packages/airflow/example_dags/example_bash_operator.py
[2025-10-14 15:13:11,086] {logging_mixin.py:115} INFO - [2025-10-14 15:13:11,086] {dag.py:2379} INFO - Sync 1 DAGs
[2025-10-14 15:13:11,105] {logging_mixin.py:115} INFO - [2025-10-14 15:13:11,105] {dag.py:2927} INFO - Setting next_dagrun for example_bash_operator to 2025-10-13T00:00:00+00:00, run_after=2025-10-14T00:00:00+00:00
[2025-10-14 15:13:11,115] {processor.py:161} INFO - Processing /root/Projects/etlX/venv/lib/python3.9/site-packages/airflow/example_dags/example_bash_operator.py took 0.071 seconds
[2025-10-14 15:13:47,369] {processor.py:153} INFO - Started process (PID=16370) to work on /root/Projects/etlX/venv/lib/python3.9/site-packages/airflow/example_dags/example_bash_operator.py
[2025-10-14 15:13:47,370] {processor.py:641} INFO - Processing file /root/Projects/etlX/venv/lib/python3.9/site-packages/airflow/example_dags/example_bash_operator.py for tasks to queue
[2025-10-14 15:13:47,371] {logging_mixin.py:115} INFO - [2025-10-14 15:13:47,371] {dagbag.py:507} INFO - Filling up the DagBag from /root/Projects/etlX/venv/lib/python3.9/site-packages/airflow/example_dags/example_bash_operator.py
[2025-10-14 15:13:47,394] {processor.py:651} INFO - DAG(s) dict_keys(['example_bash_operator']) retrieved from /root/Projects/etlX/venv/lib/python3.9/site-packages/airflow/example_dags/example_bash_operator.py
[2025-10-14 15:13:47,417] {logging_mixin.py:115} INFO - [2025-10-14 15:13:47,417] {dag.py:2379} INFO - Sync 1 DAGs
[2025-10-14 15:13:47,448] {logging_mixin.py:115} INFO - [2025-10-14 15:13:47,448] {dag.py:2927} INFO - Setting next_dagrun for example_bash_operator to 2025-10-13T00:00:00+00:00, run_after=2025-10-14T00:00:00+00:00
[2025-10-14 15:13:47,463] {processor.py:161} INFO - Processing /root/Projects/etlX/venv/lib/python3.9/site-packages/airflow/example_dags/example_bash_operator.py took 0.099 seconds
[2025-10-14 15:14:19,758] {processor.py:153} INFO - Started process (PID=16425) to work on /root/Projects/etlX/venv/lib/python3.9/site-packages/airflow/example_dags/example_bash_operator.py
[2025-10-14 15:14:19,758] {processor.py:641} INFO - Processing file /root/Projects/etlX/venv/lib/python3.9/site-packages/airflow/example_dags/example_bash_operator.py for tasks to queue
[2025-10-14 15:14:19,759] {logging_mixin.py:115} INFO - [2025-10-14 15:14:19,759] {dagbag.py:507} INFO - Filling up the DagBag from /root/Projects/etlX/venv/lib/python3.9/site-packages/airflow/example_dags/example_bash_operator.py
[2025-10-14 15:14:19,772] {processor.py:651} INFO - DAG(s) dict_keys(['example_bash_operator']) retrieved from /root/Projects/etlX/venv/lib/python3.9/site-packages/airflow/example_dags/example_bash_operator.py
[2025-10-14 15:14:19,791] {logging_mixin.py:115} INFO - [2025-10-14 15:14:19,790] {dag.py:2379} INFO - Sync 1 DAGs
[2025-10-14 15:14:19,809] {logging_mixin.py:115} INFO - [2025-10-14 15:14:19,809] {dag.py:2927} INFO - Setting next_dagrun for example_bash_operator to 2025-10-13T00:00:00+00:00, run_after=2025-10-14T00:00:00+00:00
[2025-10-14 15:14:19,820] {processor.py:161} INFO - Processing /root/Projects/etlX/venv/lib/python3.9/site-packages/airflow/example_dags/example_bash_operator.py took 0.066 seconds
[2025-10-14 15:14:55,948] {processor.py:153} INFO - Started process (PID=16536) to work on /root/Projects/etlX/venv/lib/python3.9/site-packages/airflow/example_dags/example_bash_operator.py
[2025-10-14 15:14:55,948] {processor.py:641} INFO - Processing file /root/Projects/etlX/venv/lib/python3.9/site-packages/airflow/example_dags/example_bash_operator.py for tasks to queue
[2025-10-14 15:14:55,949] {logging_mixin.py:115} INFO - [2025-10-14 15:14:55,949] {dagbag.py:507} INFO - Filling up the DagBag from /root/Projects/etlX/venv/lib/python3.9/site-packages/airflow/example_dags/example_bash_operator.py
[2025-10-14 15:14:55,963] {processor.py:651} INFO - DAG(s) dict_keys(['example_bash_operator']) retrieved from /root/Projects/etlX/venv/lib/python3.9/site-packages/airflow/example_dags/example_bash_operator.py
[2025-10-14 15:14:55,983] {logging_mixin.py:115} INFO - [2025-10-14 15:14:55,983] {dag.py:2379} INFO - Sync 1 DAGs
[2025-10-14 15:14:56,009] {logging_mixin.py:115} INFO - [2025-10-14 15:14:56,009] {dag.py:2927} INFO - Setting next_dagrun for example_bash_operator to 2025-10-13T00:00:00+00:00, run_after=2025-10-14T00:00:00+00:00
[2025-10-14 15:14:56,020] {processor.py:161} INFO - Processing /root/Projects/etlX/venv/lib/python3.9/site-packages/airflow/example_dags/example_bash_operator.py took 0.077 seconds
[2025-10-14 15:15:31,465] {processor.py:153} INFO - Started process (PID=16595) to work on /root/Projects/etlX/venv/lib/python3.9/site-packages/airflow/example_dags/example_bash_operator.py
[2025-10-14 15:15:31,466] {processor.py:641} INFO - Processing file /root/Projects/etlX/venv/lib/python3.9/site-packages/airflow/example_dags/example_bash_operator.py for tasks to queue
[2025-10-14 15:15:31,467] {logging_mixin.py:115} INFO - [2025-10-14 15:15:31,466] {dagbag.py:507} INFO - Filling up the DagBag from /root/Projects/etlX/venv/lib/python3.9/site-packages/airflow/example_dags/example_bash_operator.py
[2025-10-14 15:15:31,487] {processor.py:651} INFO - DAG(s) dict_keys(['example_bash_operator']) retrieved from /root/Projects/etlX/venv/lib/python3.9/site-packages/airflow/example_dags/example_bash_operator.py
[2025-10-14 15:15:31,505] {logging_mixin.py:115} INFO - [2025-10-14 15:15:31,505] {dag.py:2379} INFO - Sync 1 DAGs
[2025-10-14 15:15:31,524] {logging_mixin.py:115} INFO - [2025-10-14 15:15:31,524] {dag.py:2927} INFO - Setting next_dagrun for example_bash_operator to 2025-10-13T00:00:00+00:00, run_after=2025-10-14T00:00:00+00:00
[2025-10-14 15:15:31,534] {processor.py:161} INFO - Processing /root/Projects/etlX/venv/lib/python3.9/site-packages/airflow/example_dags/example_bash_operator.py took 0.076 seconds
[2025-10-14 15:16:06,856] {processor.py:153} INFO - Started process (PID=16676) to work on /root/Projects/etlX/venv/lib/python3.9/site-packages/airflow/example_dags/example_bash_operator.py
[2025-10-14 15:16:06,857] {processor.py:641} INFO - Processing file /root/Projects/etlX/venv/lib/python3.9/site-packages/airflow/example_dags/example_bash_operator.py for tasks to queue
[2025-10-14 15:16:06,858] {logging_mixin.py:115} INFO - [2025-10-14 15:16:06,858] {dagbag.py:507} INFO - Filling up the DagBag from /root/Projects/etlX/venv/lib/python3.9/site-packages/airflow/example_dags/example_bash_operator.py
[2025-10-14 15:16:06,874] {processor.py:651} INFO - DAG(s) dict_keys(['example_bash_operator']) retrieved from /root/Projects/etlX/venv/lib/python3.9/site-packages/airflow/example_dags/example_bash_operator.py
[2025-10-14 15:16:06,894] {logging_mixin.py:115} INFO - [2025-10-14 15:16:06,894] {dag.py:2379} INFO - Sync 1 DAGs
[2025-10-14 15:16:06,914] {logging_mixin.py:115} INFO - [2025-10-14 15:16:06,914] {dag.py:2927} INFO - Setting next_dagrun for example_bash_operator to 2025-10-13T00:00:00+00:00, run_after=2025-10-14T00:00:00+00:00
[2025-10-14 15:16:06,926] {processor.py:161} INFO - Processing /root/Projects/etlX/venv/lib/python3.9/site-packages/airflow/example_dags/example_bash_operator.py took 0.075 seconds
[2025-10-14 15:16:41,875] {processor.py:153} INFO - Started process (PID=16970) to work on /root/Projects/etlX/venv/lib/python3.9/site-packages/airflow/example_dags/example_bash_operator.py
[2025-10-14 15:16:41,876] {processor.py:641} INFO - Processing file /root/Projects/etlX/venv/lib/python3.9/site-packages/airflow/example_dags/example_bash_operator.py for tasks to queue
[2025-10-14 15:16:41,877] {logging_mixin.py:115} INFO - [2025-10-14 15:16:41,877] {dagbag.py:507} INFO - Filling up the DagBag from /root/Projects/etlX/venv/lib/python3.9/site-packages/airflow/example_dags/example_bash_operator.py
[2025-10-14 15:16:41,895] {processor.py:651} INFO - DAG(s) dict_keys(['example_bash_operator']) retrieved from /root/Projects/etlX/venv/lib/python3.9/site-packages/airflow/example_dags/example_bash_operator.py
[2025-10-14 15:16:41,914] {logging_mixin.py:115} INFO - [2025-10-14 15:16:41,914] {dag.py:2379} INFO - Sync 1 DAGs
[2025-10-14 15:16:41,933] {logging_mixin.py:115} INFO - [2025-10-14 15:16:41,933] {dag.py:2927} INFO - Setting next_dagrun for example_bash_operator to 2025-10-13T00:00:00+00:00, run_after=2025-10-14T00:00:00+00:00
[2025-10-14 15:16:41,944] {processor.py:161} INFO - Processing /root/Projects/etlX/venv/lib/python3.9/site-packages/airflow/example_dags/example_bash_operator.py took 0.075 seconds
[2025-10-14 15:17:15,732] {processor.py:153} INFO - Started process (PID=17080) to work on /root/Projects/etlX/venv/lib/python3.9/site-packages/airflow/example_dags/example_bash_operator.py
[2025-10-14 15:17:15,733] {processor.py:641} INFO - Processing file /root/Projects/etlX/venv/lib/python3.9/site-packages/airflow/example_dags/example_bash_operator.py for tasks to queue
[2025-10-14 15:17:15,733] {logging_mixin.py:115} INFO - [2025-10-14 15:17:15,733] {dagbag.py:507} INFO - Filling up the DagBag from /root/Projects/etlX/venv/lib/python3.9/site-packages/airflow/example_dags/example_bash_operator.py
[2025-10-14 15:17:15,747] {processor.py:651} INFO - DAG(s) dict_keys(['example_bash_operator']) retrieved from /root/Projects/etlX/venv/lib/python3.9/site-packages/airflow/example_dags/example_bash_operator.py
[2025-10-14 15:17:15,767] {logging_mixin.py:115} INFO - [2025-10-14 15:17:15,767] {dag.py:2379} INFO - Sync 1 DAGs
[2025-10-14 15:17:15,786] {logging_mixin.py:115} INFO - [2025-10-14 15:17:15,786] {dag.py:2927} INFO - Setting next_dagrun for example_bash_operator to 2025-10-13T00:00:00+00:00, run_after=2025-10-14T00:00:00+00:00
[2025-10-14 15:17:15,797] {processor.py:161} INFO - Processing /root/Projects/etlX/venv/lib/python3.9/site-packages/airflow/example_dags/example_bash_operator.py took 0.070 seconds
[2025-10-14 15:17:50,992] {processor.py:153} INFO - Started process (PID=17288) to work on /root/Projects/etlX/venv/lib/python3.9/site-packages/airflow/example_dags/example_bash_operator.py
[2025-10-14 15:17:50,993] {processor.py:641} INFO - Processing file /root/Projects/etlX/venv/lib/python3.9/site-packages/airflow/example_dags/example_bash_operator.py for tasks to queue
[2025-10-14 15:17:50,994] {logging_mixin.py:115} INFO - [2025-10-14 15:17:50,993] {dagbag.py:507} INFO - Filling up the DagBag from /root/Projects/etlX/venv/lib/python3.9/site-packages/airflow/example_dags/example_bash_operator.py
[2025-10-14 15:17:51,010] {processor.py:651} INFO - DAG(s) dict_keys(['example_bash_operator']) retrieved from /root/Projects/etlX/venv/lib/python3.9/site-packages/airflow/example_dags/example_bash_operator.py
[2025-10-14 15:17:51,030] {logging_mixin.py:115} INFO - [2025-10-14 15:17:51,030] {dag.py:2379} INFO - Sync 1 DAGs
[2025-10-14 15:17:51,053] {logging_mixin.py:115} INFO - [2025-10-14 15:17:51,053] {dag.py:2927} INFO - Setting next_dagrun for example_bash_operator to 2025-10-13T00:00:00+00:00, run_after=2025-10-14T00:00:00+00:00
[2025-10-14 15:17:51,065] {processor.py:161} INFO - Processing /root/Projects/etlX/venv/lib/python3.9/site-packages/airflow/example_dags/example_bash_operator.py took 0.079 seconds
[2025-10-14 15:59:12,195] {processor.py:153} INFO - Started process (PID=20056) to work on /root/Projects/etlX/venv/lib/python3.9/site-packages/airflow/example_dags/example_bash_operator.py
[2025-10-14 15:59:12,196] {processor.py:641} INFO - Processing file /root/Projects/etlX/venv/lib/python3.9/site-packages/airflow/example_dags/example_bash_operator.py for tasks to queue
[2025-10-14 15:59:12,196] {logging_mixin.py:115} INFO - [2025-10-14 15:59:12,196] {dagbag.py:507} INFO - Filling up the DagBag from /root/Projects/etlX/venv/lib/python3.9/site-packages/airflow/example_dags/example_bash_operator.py
[2025-10-14 15:59:12,211] {processor.py:651} INFO - DAG(s) dict_keys(['example_bash_operator']) retrieved from /root/Projects/etlX/venv/lib/python3.9/site-packages/airflow/example_dags/example_bash_operator.py
[2025-10-14 15:59:12,231] {logging_mixin.py:115} INFO - [2025-10-14 15:59:12,231] {dag.py:2379} INFO - Sync 1 DAGs
[2025-10-14 15:59:12,255] {logging_mixin.py:115} INFO - [2025-10-14 15:59:12,255] {dag.py:2927} INFO - Setting next_dagrun for example_bash_operator to 2025-10-13T00:00:00+00:00, run_after=2025-10-14T00:00:00+00:00
[2025-10-14 15:59:12,266] {processor.py:161} INFO - Processing /root/Projects/etlX/venv/lib/python3.9/site-packages/airflow/example_dags/example_bash_operator.py took 0.075 seconds
[2025-10-14 15:59:46,149] {processor.py:153} INFO - Started process (PID=20115) to work on /root/Projects/etlX/venv/lib/python3.9/site-packages/airflow/example_dags/example_bash_operator.py
[2025-10-14 15:59:46,150] {processor.py:641} INFO - Processing file /root/Projects/etlX/venv/lib/python3.9/site-packages/airflow/example_dags/example_bash_operator.py for tasks to queue
[2025-10-14 15:59:46,151] {logging_mixin.py:115} INFO - [2025-10-14 15:59:46,151] {dagbag.py:507} INFO - Filling up the DagBag from /root/Projects/etlX/venv/lib/python3.9/site-packages/airflow/example_dags/example_bash_operator.py
[2025-10-14 15:59:46,165] {processor.py:651} INFO - DAG(s) dict_keys(['example_bash_operator']) retrieved from /root/Projects/etlX/venv/lib/python3.9/site-packages/airflow/example_dags/example_bash_operator.py
[2025-10-14 15:59:46,186] {logging_mixin.py:115} INFO - [2025-10-14 15:59:46,186] {dag.py:2379} INFO - Sync 1 DAGs
[2025-10-14 15:59:46,208] {logging_mixin.py:115} INFO - [2025-10-14 15:59:46,208] {dag.py:2927} INFO - Setting next_dagrun for example_bash_operator to 2025-10-13T00:00:00+00:00, run_after=2025-10-14T00:00:00+00:00
[2025-10-14 15:59:46,219] {processor.py:161} INFO - Processing /root/Projects/etlX/venv/lib/python3.9/site-packages/airflow/example_dags/example_bash_operator.py took 0.074 seconds
[2025-10-14 16:00:21,180] {processor.py:153} INFO - Started process (PID=20175) to work on /root/Projects/etlX/venv/lib/python3.9/site-packages/airflow/example_dags/example_bash_operator.py
[2025-10-14 16:00:21,181] {processor.py:641} INFO - Processing file /root/Projects/etlX/venv/lib/python3.9/site-packages/airflow/example_dags/example_bash_operator.py for tasks to queue
[2025-10-14 16:00:21,181] {logging_mixin.py:115} INFO - [2025-10-14 16:00:21,181] {dagbag.py:507} INFO - Filling up the DagBag from /root/Projects/etlX/venv/lib/python3.9/site-packages/airflow/example_dags/example_bash_operator.py
[2025-10-14 16:00:21,196] {processor.py:651} INFO - DAG(s) dict_keys(['example_bash_operator']) retrieved from /root/Projects/etlX/venv/lib/python3.9/site-packages/airflow/example_dags/example_bash_operator.py
[2025-10-14 16:00:21,216] {logging_mixin.py:115} INFO - [2025-10-14 16:00:21,215] {dag.py:2379} INFO - Sync 1 DAGs
[2025-10-14 16:00:21,239] {logging_mixin.py:115} INFO - [2025-10-14 16:00:21,239] {dag.py:2927} INFO - Setting next_dagrun for example_bash_operator to 2025-10-13T00:00:00+00:00, run_after=2025-10-14T00:00:00+00:00
[2025-10-14 16:00:21,252] {processor.py:161} INFO - Processing /root/Projects/etlX/venv/lib/python3.9/site-packages/airflow/example_dags/example_bash_operator.py took 0.076 seconds
[2025-10-14 16:00:57,192] {processor.py:153} INFO - Started process (PID=20236) to work on /root/Projects/etlX/venv/lib/python3.9/site-packages/airflow/example_dags/example_bash_operator.py
[2025-10-14 16:00:57,193] {processor.py:641} INFO - Processing file /root/Projects/etlX/venv/lib/python3.9/site-packages/airflow/example_dags/example_bash_operator.py for tasks to queue
[2025-10-14 16:00:57,194] {logging_mixin.py:115} INFO - [2025-10-14 16:00:57,194] {dagbag.py:507} INFO - Filling up the DagBag from /root/Projects/etlX/venv/lib/python3.9/site-packages/airflow/example_dags/example_bash_operator.py
[2025-10-14 16:00:57,213] {processor.py:651} INFO - DAG(s) dict_keys(['example_bash_operator']) retrieved from /root/Projects/etlX/venv/lib/python3.9/site-packages/airflow/example_dags/example_bash_operator.py
[2025-10-14 16:00:57,234] {logging_mixin.py:115} INFO - [2025-10-14 16:00:57,234] {dag.py:2379} INFO - Sync 1 DAGs
[2025-10-14 16:00:57,254] {logging_mixin.py:115} INFO - [2025-10-14 16:00:57,254] {dag.py:2927} INFO - Setting next_dagrun for example_bash_operator to 2025-10-13T00:00:00+00:00, run_after=2025-10-14T00:00:00+00:00
[2025-10-14 16:00:57,265] {processor.py:161} INFO - Processing /root/Projects/etlX/venv/lib/python3.9/site-packages/airflow/example_dags/example_bash_operator.py took 0.082 seconds
[2025-10-14 16:01:34,490] {processor.py:153} INFO - Started process (PID=20297) to work on /root/Projects/etlX/venv/lib/python3.9/site-packages/airflow/example_dags/example_bash_operator.py
[2025-10-14 16:01:34,491] {processor.py:641} INFO - Processing file /root/Projects/etlX/venv/lib/python3.9/site-packages/airflow/example_dags/example_bash_operator.py for tasks to queue
[2025-10-14 16:01:34,492] {logging_mixin.py:115} INFO - [2025-10-14 16:01:34,492] {dagbag.py:507} INFO - Filling up the DagBag from /root/Projects/etlX/venv/lib/python3.9/site-packages/airflow/example_dags/example_bash_operator.py
[2025-10-14 16:01:34,514] {processor.py:651} INFO - DAG(s) dict_keys(['example_bash_operator']) retrieved from /root/Projects/etlX/venv/lib/python3.9/site-packages/airflow/example_dags/example_bash_operator.py
[2025-10-14 16:01:34,533] {logging_mixin.py:115} INFO - [2025-10-14 16:01:34,533] {dag.py:2379} INFO - Sync 1 DAGs
[2025-10-14 16:01:34,552] {logging_mixin.py:115} INFO - [2025-10-14 16:01:34,552] {dag.py:2927} INFO - Setting next_dagrun for example_bash_operator to 2025-10-13T00:00:00+00:00, run_after=2025-10-14T00:00:00+00:00
[2025-10-14 16:01:34,563] {processor.py:161} INFO - Processing /root/Projects/etlX/venv/lib/python3.9/site-packages/airflow/example_dags/example_bash_operator.py took 0.080 seconds
[2025-10-14 16:02:09,501] {processor.py:153} INFO - Started process (PID=20356) to work on /root/Projects/etlX/venv/lib/python3.9/site-packages/airflow/example_dags/example_bash_operator.py
[2025-10-14 16:02:09,502] {processor.py:641} INFO - Processing file /root/Projects/etlX/venv/lib/python3.9/site-packages/airflow/example_dags/example_bash_operator.py for tasks to queue
[2025-10-14 16:02:09,503] {logging_mixin.py:115} INFO - [2025-10-14 16:02:09,503] {dagbag.py:507} INFO - Filling up the DagBag from /root/Projects/etlX/venv/lib/python3.9/site-packages/airflow/example_dags/example_bash_operator.py
[2025-10-14 16:02:09,522] {processor.py:651} INFO - DAG(s) dict_keys(['example_bash_operator']) retrieved from /root/Projects/etlX/venv/lib/python3.9/site-packages/airflow/example_dags/example_bash_operator.py
[2025-10-14 16:02:09,542] {logging_mixin.py:115} INFO - [2025-10-14 16:02:09,541] {dag.py:2379} INFO - Sync 1 DAGs
[2025-10-14 16:02:09,561] {logging_mixin.py:115} INFO - [2025-10-14 16:02:09,561] {dag.py:2927} INFO - Setting next_dagrun for example_bash_operator to 2025-10-13T00:00:00+00:00, run_after=2025-10-14T00:00:00+00:00
[2025-10-14 16:02:09,571] {processor.py:161} INFO - Processing /root/Projects/etlX/venv/lib/python3.9/site-packages/airflow/example_dags/example_bash_operator.py took 0.076 seconds
[2025-10-14 16:02:46,014] {processor.py:153} INFO - Started process (PID=20417) to work on /root/Projects/etlX/venv/lib/python3.9/site-packages/airflow/example_dags/example_bash_operator.py
[2025-10-14 16:02:46,015] {processor.py:641} INFO - Processing file /root/Projects/etlX/venv/lib/python3.9/site-packages/airflow/example_dags/example_bash_operator.py for tasks to queue
[2025-10-14 16:02:46,016] {logging_mixin.py:115} INFO - [2025-10-14 16:02:46,016] {dagbag.py:507} INFO - Filling up the DagBag from /root/Projects/etlX/venv/lib/python3.9/site-packages/airflow/example_dags/example_bash_operator.py
[2025-10-14 16:02:46,035] {processor.py:651} INFO - DAG(s) dict_keys(['example_bash_operator']) retrieved from /root/Projects/etlX/venv/lib/python3.9/site-packages/airflow/example_dags/example_bash_operator.py
[2025-10-14 16:02:46,062] {logging_mixin.py:115} INFO - [2025-10-14 16:02:46,062] {dag.py:2379} INFO - Sync 1 DAGs
[2025-10-14 16:02:46,084] {logging_mixin.py:115} INFO - [2025-10-14 16:02:46,084] {dag.py:2927} INFO - Setting next_dagrun for example_bash_operator to 2025-10-13T00:00:00+00:00, run_after=2025-10-14T00:00:00+00:00
[2025-10-14 16:02:46,096] {processor.py:161} INFO - Processing /root/Projects/etlX/venv/lib/python3.9/site-packages/airflow/example_dags/example_bash_operator.py took 0.088 seconds
[2025-10-14 16:03:19,544] {processor.py:153} INFO - Started process (PID=20475) to work on /root/Projects/etlX/venv/lib/python3.9/site-packages/airflow/example_dags/example_bash_operator.py
[2025-10-14 16:03:19,545] {processor.py:641} INFO - Processing file /root/Projects/etlX/venv/lib/python3.9/site-packages/airflow/example_dags/example_bash_operator.py for tasks to queue
[2025-10-14 16:03:19,546] {logging_mixin.py:115} INFO - [2025-10-14 16:03:19,545] {dagbag.py:507} INFO - Filling up the DagBag from /root/Projects/etlX/venv/lib/python3.9/site-packages/airflow/example_dags/example_bash_operator.py
[2025-10-14 16:03:19,560] {processor.py:651} INFO - DAG(s) dict_keys(['example_bash_operator']) retrieved from /root/Projects/etlX/venv/lib/python3.9/site-packages/airflow/example_dags/example_bash_operator.py
[2025-10-14 16:03:19,580] {logging_mixin.py:115} INFO - [2025-10-14 16:03:19,580] {dag.py:2379} INFO - Sync 1 DAGs
[2025-10-14 16:03:19,600] {logging_mixin.py:115} INFO - [2025-10-14 16:03:19,600] {dag.py:2927} INFO - Setting next_dagrun for example_bash_operator to 2025-10-13T00:00:00+00:00, run_after=2025-10-14T00:00:00+00:00
[2025-10-14 16:03:19,612] {processor.py:161} INFO - Processing /root/Projects/etlX/venv/lib/python3.9/site-packages/airflow/example_dags/example_bash_operator.py took 0.079 seconds
[2025-10-14 16:03:54,897] {processor.py:153} INFO - Started process (PID=20586) to work on /root/Projects/etlX/venv/lib/python3.9/site-packages/airflow/example_dags/example_bash_operator.py
[2025-10-14 16:03:54,898] {processor.py:641} INFO - Processing file /root/Projects/etlX/venv/lib/python3.9/site-packages/airflow/example_dags/example_bash_operator.py for tasks to queue
[2025-10-14 16:03:54,899] {logging_mixin.py:115} INFO - [2025-10-14 16:03:54,899] {dagbag.py:507} INFO - Filling up the DagBag from /root/Projects/etlX/venv/lib/python3.9/site-packages/airflow/example_dags/example_bash_operator.py
[2025-10-14 16:03:54,914] {processor.py:651} INFO - DAG(s) dict_keys(['example_bash_operator']) retrieved from /root/Projects/etlX/venv/lib/python3.9/site-packages/airflow/example_dags/example_bash_operator.py
[2025-10-14 16:03:54,934] {logging_mixin.py:115} INFO - [2025-10-14 16:03:54,934] {dag.py:2379} INFO - Sync 1 DAGs
[2025-10-14 16:03:54,954] {logging_mixin.py:115} INFO - [2025-10-14 16:03:54,954] {dag.py:2927} INFO - Setting next_dagrun for example_bash_operator to 2025-10-13T00:00:00+00:00, run_after=2025-10-14T00:00:00+00:00
[2025-10-14 16:03:54,966] {processor.py:161} INFO - Processing /root/Projects/etlX/venv/lib/python3.9/site-packages/airflow/example_dags/example_bash_operator.py took 0.073 seconds
[2025-10-14 16:04:28,140] {processor.py:153} INFO - Started process (PID=20641) to work on /root/Projects/etlX/venv/lib/python3.9/site-packages/airflow/example_dags/example_bash_operator.py
[2025-10-14 16:04:28,141] {processor.py:641} INFO - Processing file /root/Projects/etlX/venv/lib/python3.9/site-packages/airflow/example_dags/example_bash_operator.py for tasks to queue
[2025-10-14 16:04:28,143] {logging_mixin.py:115} INFO - [2025-10-14 16:04:28,142] {dagbag.py:507} INFO - Filling up the DagBag from /root/Projects/etlX/venv/lib/python3.9/site-packages/airflow/example_dags/example_bash_operator.py
[2025-10-14 16:04:28,163] {processor.py:651} INFO - DAG(s) dict_keys(['example_bash_operator']) retrieved from /root/Projects/etlX/venv/lib/python3.9/site-packages/airflow/example_dags/example_bash_operator.py
[2025-10-14 16:04:28,181] {logging_mixin.py:115} INFO - [2025-10-14 16:04:28,181] {dag.py:2379} INFO - Sync 1 DAGs
[2025-10-14 16:04:28,200] {logging_mixin.py:115} INFO - [2025-10-14 16:04:28,200] {dag.py:2927} INFO - Setting next_dagrun for example_bash_operator to 2025-10-13T00:00:00+00:00, run_after=2025-10-14T00:00:00+00:00
[2025-10-14 16:04:28,210] {processor.py:161} INFO - Processing /root/Projects/etlX/venv/lib/python3.9/site-packages/airflow/example_dags/example_bash_operator.py took 0.081 seconds
[2025-10-14 16:05:01,631] {processor.py:153} INFO - Started process (PID=20699) to work on /root/Projects/etlX/venv/lib/python3.9/site-packages/airflow/example_dags/example_bash_operator.py
[2025-10-14 16:05:01,632] {processor.py:641} INFO - Processing file /root/Projects/etlX/venv/lib/python3.9/site-packages/airflow/example_dags/example_bash_operator.py for tasks to queue
[2025-10-14 16:05:01,633] {logging_mixin.py:115} INFO - [2025-10-14 16:05:01,632] {dagbag.py:507} INFO - Filling up the DagBag from /root/Projects/etlX/venv/lib/python3.9/site-packages/airflow/example_dags/example_bash_operator.py
[2025-10-14 16:05:01,648] {processor.py:651} INFO - DAG(s) dict_keys(['example_bash_operator']) retrieved from /root/Projects/etlX/venv/lib/python3.9/site-packages/airflow/example_dags/example_bash_operator.py
[2025-10-14 16:05:01,668] {logging_mixin.py:115} INFO - [2025-10-14 16:05:01,667] {dag.py:2379} INFO - Sync 1 DAGs
[2025-10-14 16:05:01,689] {logging_mixin.py:115} INFO - [2025-10-14 16:05:01,689] {dag.py:2927} INFO - Setting next_dagrun for example_bash_operator to 2025-10-13T00:00:00+00:00, run_after=2025-10-14T00:00:00+00:00
[2025-10-14 16:05:01,701] {processor.py:161} INFO - Processing /root/Projects/etlX/venv/lib/python3.9/site-packages/airflow/example_dags/example_bash_operator.py took 0.074 seconds
[2025-10-14 16:05:38,697] {processor.py:153} INFO - Started process (PID=20760) to work on /root/Projects/etlX/venv/lib/python3.9/site-packages/airflow/example_dags/example_bash_operator.py
[2025-10-14 16:05:38,698] {processor.py:641} INFO - Processing file /root/Projects/etlX/venv/lib/python3.9/site-packages/airflow/example_dags/example_bash_operator.py for tasks to queue
[2025-10-14 16:05:38,699] {logging_mixin.py:115} INFO - [2025-10-14 16:05:38,699] {dagbag.py:507} INFO - Filling up the DagBag from /root/Projects/etlX/venv/lib/python3.9/site-packages/airflow/example_dags/example_bash_operator.py
[2025-10-14 16:05:38,718] {processor.py:651} INFO - DAG(s) dict_keys(['example_bash_operator']) retrieved from /root/Projects/etlX/venv/lib/python3.9/site-packages/airflow/example_dags/example_bash_operator.py
[2025-10-14 16:05:38,736] {logging_mixin.py:115} INFO - [2025-10-14 16:05:38,736] {dag.py:2379} INFO - Sync 1 DAGs
[2025-10-14 16:05:38,755] {logging_mixin.py:115} INFO - [2025-10-14 16:05:38,755] {dag.py:2927} INFO - Setting next_dagrun for example_bash_operator to 2025-10-13T00:00:00+00:00, run_after=2025-10-14T00:00:00+00:00
[2025-10-14 16:05:38,765] {processor.py:161} INFO - Processing /root/Projects/etlX/venv/lib/python3.9/site-packages/airflow/example_dags/example_bash_operator.py took 0.073 seconds
[2025-10-14 16:06:11,481] {processor.py:153} INFO - Started process (PID=20815) to work on /root/Projects/etlX/venv/lib/python3.9/site-packages/airflow/example_dags/example_bash_operator.py
[2025-10-14 16:06:11,482] {processor.py:641} INFO - Processing file /root/Projects/etlX/venv/lib/python3.9/site-packages/airflow/example_dags/example_bash_operator.py for tasks to queue
[2025-10-14 16:06:11,482] {logging_mixin.py:115} INFO - [2025-10-14 16:06:11,482] {dagbag.py:507} INFO - Filling up the DagBag from /root/Projects/etlX/venv/lib/python3.9/site-packages/airflow/example_dags/example_bash_operator.py
[2025-10-14 16:06:11,497] {processor.py:651} INFO - DAG(s) dict_keys(['example_bash_operator']) retrieved from /root/Projects/etlX/venv/lib/python3.9/site-packages/airflow/example_dags/example_bash_operator.py
[2025-10-14 16:06:11,519] {logging_mixin.py:115} INFO - [2025-10-14 16:06:11,519] {dag.py:2379} INFO - Sync 1 DAGs
[2025-10-14 16:06:11,544] {logging_mixin.py:115} INFO - [2025-10-14 16:06:11,543] {dag.py:2927} INFO - Setting next_dagrun for example_bash_operator to 2025-10-13T00:00:00+00:00, run_after=2025-10-14T00:00:00+00:00
[2025-10-14 16:06:11,555] {processor.py:161} INFO - Processing /root/Projects/etlX/venv/lib/python3.9/site-packages/airflow/example_dags/example_bash_operator.py took 0.079 seconds
[2025-10-14 16:06:47,713] {processor.py:153} INFO - Started process (PID=20878) to work on /root/Projects/etlX/venv/lib/python3.9/site-packages/airflow/example_dags/example_bash_operator.py
[2025-10-14 16:06:47,714] {processor.py:641} INFO - Processing file /root/Projects/etlX/venv/lib/python3.9/site-packages/airflow/example_dags/example_bash_operator.py for tasks to queue
[2025-10-14 16:06:47,715] {logging_mixin.py:115} INFO - [2025-10-14 16:06:47,715] {dagbag.py:507} INFO - Filling up the DagBag from /root/Projects/etlX/venv/lib/python3.9/site-packages/airflow/example_dags/example_bash_operator.py
[2025-10-14 16:06:47,743] {processor.py:651} INFO - DAG(s) dict_keys(['example_bash_operator']) retrieved from /root/Projects/etlX/venv/lib/python3.9/site-packages/airflow/example_dags/example_bash_operator.py
[2025-10-14 16:06:47,765] {logging_mixin.py:115} INFO - [2025-10-14 16:06:47,764] {dag.py:2379} INFO - Sync 1 DAGs
[2025-10-14 16:06:47,783] {logging_mixin.py:115} INFO - [2025-10-14 16:06:47,783] {dag.py:2927} INFO - Setting next_dagrun for example_bash_operator to 2025-10-13T00:00:00+00:00, run_after=2025-10-14T00:00:00+00:00
[2025-10-14 16:06:47,794] {processor.py:161} INFO - Processing /root/Projects/etlX/venv/lib/python3.9/site-packages/airflow/example_dags/example_bash_operator.py took 0.087 seconds
[2025-10-14 16:07:23,698] {processor.py:153} INFO - Started process (PID=21041) to work on /root/Projects/etlX/venv/lib/python3.9/site-packages/airflow/example_dags/example_bash_operator.py
[2025-10-14 16:07:23,699] {processor.py:641} INFO - Processing file /root/Projects/etlX/venv/lib/python3.9/site-packages/airflow/example_dags/example_bash_operator.py for tasks to queue
[2025-10-14 16:07:23,700] {logging_mixin.py:115} INFO - [2025-10-14 16:07:23,700] {dagbag.py:507} INFO - Filling up the DagBag from /root/Projects/etlX/venv/lib/python3.9/site-packages/airflow/example_dags/example_bash_operator.py
[2025-10-14 16:07:23,723] {processor.py:651} INFO - DAG(s) dict_keys(['example_bash_operator']) retrieved from /root/Projects/etlX/venv/lib/python3.9/site-packages/airflow/example_dags/example_bash_operator.py
[2025-10-14 16:07:23,749] {logging_mixin.py:115} INFO - [2025-10-14 16:07:23,748] {dag.py:2379} INFO - Sync 1 DAGs
[2025-10-14 16:07:23,769] {logging_mixin.py:115} INFO - [2025-10-14 16:07:23,769] {dag.py:2927} INFO - Setting next_dagrun for example_bash_operator to 2025-10-13T00:00:00+00:00, run_after=2025-10-14T00:00:00+00:00
[2025-10-14 16:07:23,780] {processor.py:161} INFO - Processing /root/Projects/etlX/venv/lib/python3.9/site-packages/airflow/example_dags/example_bash_operator.py took 0.089 seconds
[2025-10-14 16:07:57,158] {processor.py:153} INFO - Started process (PID=21353) to work on /root/Projects/etlX/venv/lib/python3.9/site-packages/airflow/example_dags/example_bash_operator.py
[2025-10-14 16:07:57,159] {processor.py:641} INFO - Processing file /root/Projects/etlX/venv/lib/python3.9/site-packages/airflow/example_dags/example_bash_operator.py for tasks to queue
[2025-10-14 16:07:57,160] {logging_mixin.py:115} INFO - [2025-10-14 16:07:57,160] {dagbag.py:507} INFO - Filling up the DagBag from /root/Projects/etlX/venv/lib/python3.9/site-packages/airflow/example_dags/example_bash_operator.py
[2025-10-14 16:07:57,179] {processor.py:651} INFO - DAG(s) dict_keys(['example_bash_operator']) retrieved from /root/Projects/etlX/venv/lib/python3.9/site-packages/airflow/example_dags/example_bash_operator.py
[2025-10-14 16:07:57,201] {logging_mixin.py:115} INFO - [2025-10-14 16:07:57,201] {dag.py:2379} INFO - Sync 1 DAGs
[2025-10-14 16:07:57,221] {logging_mixin.py:115} INFO - [2025-10-14 16:07:57,221] {dag.py:2927} INFO - Setting next_dagrun for example_bash_operator to 2025-10-13T00:00:00+00:00, run_after=2025-10-14T00:00:00+00:00
[2025-10-14 16:07:57,253] {processor.py:161} INFO - Processing /root/Projects/etlX/venv/lib/python3.9/site-packages/airflow/example_dags/example_bash_operator.py took 0.104 seconds
[2025-10-14 16:08:35,228] {processor.py:153} INFO - Started process (PID=21520) to work on /root/Projects/etlX/venv/lib/python3.9/site-packages/airflow/example_dags/example_bash_operator.py
[2025-10-14 16:08:35,229] {processor.py:641} INFO - Processing file /root/Projects/etlX/venv/lib/python3.9/site-packages/airflow/example_dags/example_bash_operator.py for tasks to queue
[2025-10-14 16:08:35,229] {logging_mixin.py:115} INFO - [2025-10-14 16:08:35,229] {dagbag.py:507} INFO - Filling up the DagBag from /root/Projects/etlX/venv/lib/python3.9/site-packages/airflow/example_dags/example_bash_operator.py
[2025-10-14 16:08:35,245] {processor.py:651} INFO - DAG(s) dict_keys(['example_bash_operator']) retrieved from /root/Projects/etlX/venv/lib/python3.9/site-packages/airflow/example_dags/example_bash_operator.py
[2025-10-14 16:08:35,265] {logging_mixin.py:115} INFO - [2025-10-14 16:08:35,265] {dag.py:2379} INFO - Sync 1 DAGs
[2025-10-14 16:08:35,284] {logging_mixin.py:115} INFO - [2025-10-14 16:08:35,284] {dag.py:2927} INFO - Setting next_dagrun for example_bash_operator to 2025-10-13T00:00:00+00:00, run_after=2025-10-14T00:00:00+00:00
[2025-10-14 16:08:35,294] {processor.py:161} INFO - Processing /root/Projects/etlX/venv/lib/python3.9/site-packages/airflow/example_dags/example_bash_operator.py took 0.071 seconds
[2025-10-14 16:25:47,436] {processor.py:153} INFO - Started process (PID=22852) to work on /root/Projects/etlX/venv/lib/python3.9/site-packages/airflow/example_dags/example_bash_operator.py
[2025-10-14 16:25:47,436] {processor.py:641} INFO - Processing file /root/Projects/etlX/venv/lib/python3.9/site-packages/airflow/example_dags/example_bash_operator.py for tasks to queue
[2025-10-14 16:25:47,437] {logging_mixin.py:115} INFO - [2025-10-14 16:25:47,437] {dagbag.py:507} INFO - Filling up the DagBag from /root/Projects/etlX/venv/lib/python3.9/site-packages/airflow/example_dags/example_bash_operator.py
[2025-10-14 16:25:47,452] {processor.py:651} INFO - DAG(s) dict_keys(['example_bash_operator']) retrieved from /root/Projects/etlX/venv/lib/python3.9/site-packages/airflow/example_dags/example_bash_operator.py
[2025-10-14 16:25:47,473] {logging_mixin.py:115} INFO - [2025-10-14 16:25:47,473] {dag.py:2379} INFO - Sync 1 DAGs
[2025-10-14 16:25:47,494] {logging_mixin.py:115} INFO - [2025-10-14 16:25:47,494] {dag.py:2927} INFO - Setting next_dagrun for example_bash_operator to 2025-10-13T00:00:00+00:00, run_after=2025-10-14T00:00:00+00:00
[2025-10-14 16:25:47,506] {processor.py:161} INFO - Processing /root/Projects/etlX/venv/lib/python3.9/site-packages/airflow/example_dags/example_bash_operator.py took 0.074 seconds
[2025-10-14 16:26:24,884] {processor.py:153} INFO - Started process (PID=22916) to work on /root/Projects/etlX/venv/lib/python3.9/site-packages/airflow/example_dags/example_bash_operator.py
[2025-10-14 16:26:24,886] {processor.py:641} INFO - Processing file /root/Projects/etlX/venv/lib/python3.9/site-packages/airflow/example_dags/example_bash_operator.py for tasks to queue
[2025-10-14 16:26:24,887] {logging_mixin.py:115} INFO - [2025-10-14 16:26:24,887] {dagbag.py:507} INFO - Filling up the DagBag from /root/Projects/etlX/venv/lib/python3.9/site-packages/airflow/example_dags/example_bash_operator.py
[2025-10-14 16:26:24,914] {processor.py:651} INFO - DAG(s) dict_keys(['example_bash_operator']) retrieved from /root/Projects/etlX/venv/lib/python3.9/site-packages/airflow/example_dags/example_bash_operator.py
[2025-10-14 16:26:24,934] {logging_mixin.py:115} INFO - [2025-10-14 16:26:24,934] {dag.py:2379} INFO - Sync 1 DAGs
[2025-10-14 16:26:24,953] {logging_mixin.py:115} INFO - [2025-10-14 16:26:24,953] {dag.py:2927} INFO - Setting next_dagrun for example_bash_operator to 2025-10-13T00:00:00+00:00, run_after=2025-10-14T00:00:00+00:00
[2025-10-14 16:26:24,964] {processor.py:161} INFO - Processing /root/Projects/etlX/venv/lib/python3.9/site-packages/airflow/example_dags/example_bash_operator.py took 0.091 seconds
[2025-10-14 16:27:00,461] {processor.py:153} INFO - Started process (PID=22976) to work on /root/Projects/etlX/venv/lib/python3.9/site-packages/airflow/example_dags/example_bash_operator.py
[2025-10-14 16:27:00,462] {processor.py:641} INFO - Processing file /root/Projects/etlX/venv/lib/python3.9/site-packages/airflow/example_dags/example_bash_operator.py for tasks to queue
[2025-10-14 16:27:00,463] {logging_mixin.py:115} INFO - [2025-10-14 16:27:00,463] {dagbag.py:507} INFO - Filling up the DagBag from /root/Projects/etlX/venv/lib/python3.9/site-packages/airflow/example_dags/example_bash_operator.py
[2025-10-14 16:27:00,482] {processor.py:651} INFO - DAG(s) dict_keys(['example_bash_operator']) retrieved from /root/Projects/etlX/venv/lib/python3.9/site-packages/airflow/example_dags/example_bash_operator.py
[2025-10-14 16:27:00,504] {logging_mixin.py:115} INFO - [2025-10-14 16:27:00,504] {dag.py:2379} INFO - Sync 1 DAGs
[2025-10-14 16:27:00,525] {logging_mixin.py:115} INFO - [2025-10-14 16:27:00,525] {dag.py:2927} INFO - Setting next_dagrun for example_bash_operator to 2025-10-13T00:00:00+00:00, run_after=2025-10-14T00:00:00+00:00
[2025-10-14 16:27:00,537] {processor.py:161} INFO - Processing /root/Projects/etlX/venv/lib/python3.9/site-packages/airflow/example_dags/example_bash_operator.py took 0.086 seconds
[2025-10-14 16:27:36,047] {processor.py:153} INFO - Started process (PID=23138) to work on /root/Projects/etlX/venv/lib/python3.9/site-packages/airflow/example_dags/example_bash_operator.py
[2025-10-14 16:27:36,048] {processor.py:641} INFO - Processing file /root/Projects/etlX/venv/lib/python3.9/site-packages/airflow/example_dags/example_bash_operator.py for tasks to queue
[2025-10-14 16:27:36,049] {logging_mixin.py:115} INFO - [2025-10-14 16:27:36,049] {dagbag.py:507} INFO - Filling up the DagBag from /root/Projects/etlX/venv/lib/python3.9/site-packages/airflow/example_dags/example_bash_operator.py
[2025-10-14 16:27:36,067] {processor.py:651} INFO - DAG(s) dict_keys(['example_bash_operator']) retrieved from /root/Projects/etlX/venv/lib/python3.9/site-packages/airflow/example_dags/example_bash_operator.py
[2025-10-14 16:27:36,088] {logging_mixin.py:115} INFO - [2025-10-14 16:27:36,088] {dag.py:2379} INFO - Sync 1 DAGs
[2025-10-14 16:27:36,106] {logging_mixin.py:115} INFO - [2025-10-14 16:27:36,106] {dag.py:2927} INFO - Setting next_dagrun for example_bash_operator to 2025-10-13T00:00:00+00:00, run_after=2025-10-14T00:00:00+00:00
[2025-10-14 16:27:36,117] {processor.py:161} INFO - Processing /root/Projects/etlX/venv/lib/python3.9/site-packages/airflow/example_dags/example_bash_operator.py took 0.074 seconds
[2025-10-14 16:28:12,081] {processor.py:153} INFO - Started process (PID=23249) to work on /root/Projects/etlX/venv/lib/python3.9/site-packages/airflow/example_dags/example_bash_operator.py
[2025-10-14 16:28:12,082] {processor.py:641} INFO - Processing file /root/Projects/etlX/venv/lib/python3.9/site-packages/airflow/example_dags/example_bash_operator.py for tasks to queue
[2025-10-14 16:28:12,083] {logging_mixin.py:115} INFO - [2025-10-14 16:28:12,083] {dagbag.py:507} INFO - Filling up the DagBag from /root/Projects/etlX/venv/lib/python3.9/site-packages/airflow/example_dags/example_bash_operator.py
[2025-10-14 16:28:12,096] {processor.py:651} INFO - DAG(s) dict_keys(['example_bash_operator']) retrieved from /root/Projects/etlX/venv/lib/python3.9/site-packages/airflow/example_dags/example_bash_operator.py
[2025-10-14 16:28:12,116] {logging_mixin.py:115} INFO - [2025-10-14 16:28:12,116] {dag.py:2379} INFO - Sync 1 DAGs
[2025-10-14 16:28:12,135] {logging_mixin.py:115} INFO - [2025-10-14 16:28:12,135] {dag.py:2927} INFO - Setting next_dagrun for example_bash_operator to 2025-10-13T00:00:00+00:00, run_after=2025-10-14T00:00:00+00:00
[2025-10-14 16:28:12,145] {processor.py:161} INFO - Processing /root/Projects/etlX/venv/lib/python3.9/site-packages/airflow/example_dags/example_bash_operator.py took 0.068 seconds
[2025-10-14 16:28:49,850] {processor.py:153} INFO - Started process (PID=23362) to work on /root/Projects/etlX/venv/lib/python3.9/site-packages/airflow/example_dags/example_bash_operator.py
[2025-10-14 16:28:49,850] {processor.py:641} INFO - Processing file /root/Projects/etlX/venv/lib/python3.9/site-packages/airflow/example_dags/example_bash_operator.py for tasks to queue
[2025-10-14 16:28:49,851] {logging_mixin.py:115} INFO - [2025-10-14 16:28:49,851] {dagbag.py:507} INFO - Filling up the DagBag from /root/Projects/etlX/venv/lib/python3.9/site-packages/airflow/example_dags/example_bash_operator.py
[2025-10-14 16:28:49,866] {processor.py:651} INFO - DAG(s) dict_keys(['example_bash_operator']) retrieved from /root/Projects/etlX/venv/lib/python3.9/site-packages/airflow/example_dags/example_bash_operator.py
[2025-10-14 16:28:49,885] {logging_mixin.py:115} INFO - [2025-10-14 16:28:49,885] {dag.py:2379} INFO - Sync 1 DAGs
[2025-10-14 16:28:49,904] {logging_mixin.py:115} INFO - [2025-10-14 16:28:49,904] {dag.py:2927} INFO - Setting next_dagrun for example_bash_operator to 2025-10-13T00:00:00+00:00, run_after=2025-10-14T00:00:00+00:00
[2025-10-14 16:28:49,916] {processor.py:161} INFO - Processing /root/Projects/etlX/venv/lib/python3.9/site-packages/airflow/example_dags/example_bash_operator.py took 0.071 seconds
[2025-10-14 16:29:23,213] {processor.py:153} INFO - Started process (PID=23523) to work on /root/Projects/etlX/venv/lib/python3.9/site-packages/airflow/example_dags/example_bash_operator.py
[2025-10-14 16:29:23,214] {processor.py:641} INFO - Processing file /root/Projects/etlX/venv/lib/python3.9/site-packages/airflow/example_dags/example_bash_operator.py for tasks to queue
[2025-10-14 16:29:23,214] {logging_mixin.py:115} INFO - [2025-10-14 16:29:23,214] {dagbag.py:507} INFO - Filling up the DagBag from /root/Projects/etlX/venv/lib/python3.9/site-packages/airflow/example_dags/example_bash_operator.py
[2025-10-14 16:29:23,232] {processor.py:651} INFO - DAG(s) dict_keys(['example_bash_operator']) retrieved from /root/Projects/etlX/venv/lib/python3.9/site-packages/airflow/example_dags/example_bash_operator.py
[2025-10-14 16:29:23,250] {logging_mixin.py:115} INFO - [2025-10-14 16:29:23,250] {dag.py:2379} INFO - Sync 1 DAGs
[2025-10-14 16:29:23,269] {logging_mixin.py:115} INFO - [2025-10-14 16:29:23,269] {dag.py:2927} INFO - Setting next_dagrun for example_bash_operator to 2025-10-13T00:00:00+00:00, run_after=2025-10-14T00:00:00+00:00
[2025-10-14 16:29:23,280] {processor.py:161} INFO - Processing /root/Projects/etlX/venv/lib/python3.9/site-packages/airflow/example_dags/example_bash_operator.py took 0.072 seconds
[2025-10-14 16:29:57,505] {processor.py:153} INFO - Started process (PID=23636) to work on /root/Projects/etlX/venv/lib/python3.9/site-packages/airflow/example_dags/example_bash_operator.py
[2025-10-14 16:29:57,506] {processor.py:641} INFO - Processing file /root/Projects/etlX/venv/lib/python3.9/site-packages/airflow/example_dags/example_bash_operator.py for tasks to queue
[2025-10-14 16:29:57,507] {logging_mixin.py:115} INFO - [2025-10-14 16:29:57,507] {dagbag.py:507} INFO - Filling up the DagBag from /root/Projects/etlX/venv/lib/python3.9/site-packages/airflow/example_dags/example_bash_operator.py
[2025-10-14 16:29:57,525] {processor.py:651} INFO - DAG(s) dict_keys(['example_bash_operator']) retrieved from /root/Projects/etlX/venv/lib/python3.9/site-packages/airflow/example_dags/example_bash_operator.py
[2025-10-14 16:29:57,546] {logging_mixin.py:115} INFO - [2025-10-14 16:29:57,546] {dag.py:2379} INFO - Sync 1 DAGs
[2025-10-14 16:29:57,567] {logging_mixin.py:115} INFO - [2025-10-14 16:29:57,567] {dag.py:2927} INFO - Setting next_dagrun for example_bash_operator to 2025-10-13T00:00:00+00:00, run_after=2025-10-14T00:00:00+00:00
[2025-10-14 16:29:57,579] {processor.py:161} INFO - Processing /root/Projects/etlX/venv/lib/python3.9/site-packages/airflow/example_dags/example_bash_operator.py took 0.080 seconds
