[2025-10-14 14:57:25,730] {processor.py:153} INFO - Started process (PID=13475) to work on /root/Projects/etlX/venv/lib/python3.9/site-packages/airflow/example_dags/example_branch_day_of_week_operator.py
[2025-10-14 14:57:25,731] {processor.py:641} INFO - Processing file /root/Projects/etlX/venv/lib/python3.9/site-packages/airflow/example_dags/example_branch_day_of_week_operator.py for tasks to queue
[2025-10-14 14:57:25,731] {logging_mixin.py:115} INFO - [2025-10-14 14:57:25,731] {dagbag.py:507} INFO - Filling up the DagBag from /root/Projects/etlX/venv/lib/python3.9/site-packages/airflow/example_dags/example_branch_day_of_week_operator.py
[2025-10-14 14:57:25,745] {processor.py:651} INFO - DAG(s) dict_keys(['example_weekday_branch_operator']) retrieved from /root/Projects/etlX/venv/lib/python3.9/site-packages/airflow/example_dags/example_branch_day_of_week_operator.py
[2025-10-14 14:57:25,824] {logging_mixin.py:115} INFO - [2025-10-14 14:57:25,824] {manager.py:508} INFO - Created Permission View: can read on DAG:example_weekday_branch_operator
[2025-10-14 14:57:25,835] {logging_mixin.py:115} INFO - [2025-10-14 14:57:25,835] {manager.py:508} INFO - Created Permission View: can edit on DAG:example_weekday_branch_operator
[2025-10-14 14:57:25,845] {logging_mixin.py:115} INFO - [2025-10-14 14:57:25,845] {manager.py:508} INFO - Created Permission View: can delete on DAG:example_weekday_branch_operator
[2025-10-14 14:57:25,845] {logging_mixin.py:115} INFO - [2025-10-14 14:57:25,845] {dag.py:2379} INFO - Sync 1 DAGs
[2025-10-14 14:57:25,854] {logging_mixin.py:115} INFO - [2025-10-14 14:57:25,853] {dag.py:2398} INFO - Creating ORM DAG for example_weekday_branch_operator
[2025-10-14 14:57:25,864] {logging_mixin.py:115} INFO - [2025-10-14 14:57:25,864] {dag.py:2927} INFO - Setting next_dagrun for example_weekday_branch_operator to 2025-10-13T00:00:00+00:00, run_after=2025-10-14T00:00:00+00:00
[2025-10-14 14:57:25,880] {processor.py:161} INFO - Processing /root/Projects/etlX/venv/lib/python3.9/site-packages/airflow/example_dags/example_branch_day_of_week_operator.py took 0.155 seconds
[2025-10-14 14:58:02,045] {processor.py:153} INFO - Started process (PID=13666) to work on /root/Projects/etlX/venv/lib/python3.9/site-packages/airflow/example_dags/example_branch_day_of_week_operator.py
[2025-10-14 14:58:02,046] {processor.py:641} INFO - Processing file /root/Projects/etlX/venv/lib/python3.9/site-packages/airflow/example_dags/example_branch_day_of_week_operator.py for tasks to queue
[2025-10-14 14:58:02,047] {logging_mixin.py:115} INFO - [2025-10-14 14:58:02,047] {dagbag.py:507} INFO - Filling up the DagBag from /root/Projects/etlX/venv/lib/python3.9/site-packages/airflow/example_dags/example_branch_day_of_week_operator.py
[2025-10-14 14:58:02,060] {processor.py:651} INFO - DAG(s) dict_keys(['example_weekday_branch_operator']) retrieved from /root/Projects/etlX/venv/lib/python3.9/site-packages/airflow/example_dags/example_branch_day_of_week_operator.py
[2025-10-14 14:58:02,079] {logging_mixin.py:115} INFO - [2025-10-14 14:58:02,079] {dag.py:2379} INFO - Sync 1 DAGs
[2025-10-14 14:58:02,099] {logging_mixin.py:115} INFO - [2025-10-14 14:58:02,099] {dag.py:2927} INFO - Setting next_dagrun for example_weekday_branch_operator to 2025-10-13T00:00:00+00:00, run_after=2025-10-14T00:00:00+00:00
[2025-10-14 14:58:02,109] {processor.py:161} INFO - Processing /root/Projects/etlX/venv/lib/python3.9/site-packages/airflow/example_dags/example_branch_day_of_week_operator.py took 0.075 seconds
[2025-10-14 14:58:39,264] {processor.py:153} INFO - Started process (PID=13726) to work on /root/Projects/etlX/venv/lib/python3.9/site-packages/airflow/example_dags/example_branch_day_of_week_operator.py
[2025-10-14 14:58:39,264] {processor.py:641} INFO - Processing file /root/Projects/etlX/venv/lib/python3.9/site-packages/airflow/example_dags/example_branch_day_of_week_operator.py for tasks to queue
[2025-10-14 14:58:39,265] {logging_mixin.py:115} INFO - [2025-10-14 14:58:39,265] {dagbag.py:507} INFO - Filling up the DagBag from /root/Projects/etlX/venv/lib/python3.9/site-packages/airflow/example_dags/example_branch_day_of_week_operator.py
[2025-10-14 14:58:39,276] {processor.py:651} INFO - DAG(s) dict_keys(['example_weekday_branch_operator']) retrieved from /root/Projects/etlX/venv/lib/python3.9/site-packages/airflow/example_dags/example_branch_day_of_week_operator.py
[2025-10-14 14:58:39,295] {logging_mixin.py:115} INFO - [2025-10-14 14:58:39,295] {dag.py:2379} INFO - Sync 1 DAGs
[2025-10-14 14:58:39,315] {logging_mixin.py:115} INFO - [2025-10-14 14:58:39,315] {dag.py:2927} INFO - Setting next_dagrun for example_weekday_branch_operator to 2025-10-13T00:00:00+00:00, run_after=2025-10-14T00:00:00+00:00
[2025-10-14 14:58:39,325] {processor.py:161} INFO - Processing /root/Projects/etlX/venv/lib/python3.9/site-packages/airflow/example_dags/example_branch_day_of_week_operator.py took 0.067 seconds
[2025-10-14 14:59:11,305] {processor.py:153} INFO - Started process (PID=13934) to work on /root/Projects/etlX/venv/lib/python3.9/site-packages/airflow/example_dags/example_branch_day_of_week_operator.py
[2025-10-14 14:59:11,306] {processor.py:641} INFO - Processing file /root/Projects/etlX/venv/lib/python3.9/site-packages/airflow/example_dags/example_branch_day_of_week_operator.py for tasks to queue
[2025-10-14 14:59:11,307] {logging_mixin.py:115} INFO - [2025-10-14 14:59:11,307] {dagbag.py:507} INFO - Filling up the DagBag from /root/Projects/etlX/venv/lib/python3.9/site-packages/airflow/example_dags/example_branch_day_of_week_operator.py
[2025-10-14 14:59:11,319] {processor.py:651} INFO - DAG(s) dict_keys(['example_weekday_branch_operator']) retrieved from /root/Projects/etlX/venv/lib/python3.9/site-packages/airflow/example_dags/example_branch_day_of_week_operator.py
[2025-10-14 14:59:11,339] {logging_mixin.py:115} INFO - [2025-10-14 14:59:11,339] {dag.py:2379} INFO - Sync 1 DAGs
[2025-10-14 14:59:11,365] {logging_mixin.py:115} INFO - [2025-10-14 14:59:11,365] {dag.py:2927} INFO - Setting next_dagrun for example_weekday_branch_operator to 2025-10-13T00:00:00+00:00, run_after=2025-10-14T00:00:00+00:00
[2025-10-14 14:59:11,377] {processor.py:161} INFO - Processing /root/Projects/etlX/venv/lib/python3.9/site-packages/airflow/example_dags/example_branch_day_of_week_operator.py took 0.077 seconds
[2025-10-14 14:59:48,626] {processor.py:153} INFO - Started process (PID=13997) to work on /root/Projects/etlX/venv/lib/python3.9/site-packages/airflow/example_dags/example_branch_day_of_week_operator.py
[2025-10-14 14:59:48,627] {processor.py:641} INFO - Processing file /root/Projects/etlX/venv/lib/python3.9/site-packages/airflow/example_dags/example_branch_day_of_week_operator.py for tasks to queue
[2025-10-14 14:59:48,628] {logging_mixin.py:115} INFO - [2025-10-14 14:59:48,628] {dagbag.py:507} INFO - Filling up the DagBag from /root/Projects/etlX/venv/lib/python3.9/site-packages/airflow/example_dags/example_branch_day_of_week_operator.py
[2025-10-14 14:59:48,639] {processor.py:651} INFO - DAG(s) dict_keys(['example_weekday_branch_operator']) retrieved from /root/Projects/etlX/venv/lib/python3.9/site-packages/airflow/example_dags/example_branch_day_of_week_operator.py
[2025-10-14 14:59:48,660] {logging_mixin.py:115} INFO - [2025-10-14 14:59:48,660] {dag.py:2379} INFO - Sync 1 DAGs
[2025-10-14 14:59:48,683] {logging_mixin.py:115} INFO - [2025-10-14 14:59:48,683] {dag.py:2927} INFO - Setting next_dagrun for example_weekday_branch_operator to 2025-10-13T00:00:00+00:00, run_after=2025-10-14T00:00:00+00:00
[2025-10-14 14:59:48,696] {processor.py:161} INFO - Processing /root/Projects/etlX/venv/lib/python3.9/site-packages/airflow/example_dags/example_branch_day_of_week_operator.py took 0.074 seconds
[2025-10-14 15:00:21,365] {processor.py:153} INFO - Started process (PID=14056) to work on /root/Projects/etlX/venv/lib/python3.9/site-packages/airflow/example_dags/example_branch_day_of_week_operator.py
[2025-10-14 15:00:21,365] {processor.py:641} INFO - Processing file /root/Projects/etlX/venv/lib/python3.9/site-packages/airflow/example_dags/example_branch_day_of_week_operator.py for tasks to queue
[2025-10-14 15:00:21,366] {logging_mixin.py:115} INFO - [2025-10-14 15:00:21,366] {dagbag.py:507} INFO - Filling up the DagBag from /root/Projects/etlX/venv/lib/python3.9/site-packages/airflow/example_dags/example_branch_day_of_week_operator.py
[2025-10-14 15:00:21,377] {processor.py:651} INFO - DAG(s) dict_keys(['example_weekday_branch_operator']) retrieved from /root/Projects/etlX/venv/lib/python3.9/site-packages/airflow/example_dags/example_branch_day_of_week_operator.py
[2025-10-14 15:00:21,402] {logging_mixin.py:115} INFO - [2025-10-14 15:00:21,402] {dag.py:2379} INFO - Sync 1 DAGs
[2025-10-14 15:00:21,426] {logging_mixin.py:115} INFO - [2025-10-14 15:00:21,426] {dag.py:2927} INFO - Setting next_dagrun for example_weekday_branch_operator to 2025-10-13T00:00:00+00:00, run_after=2025-10-14T00:00:00+00:00
[2025-10-14 15:00:21,443] {processor.py:161} INFO - Processing /root/Projects/etlX/venv/lib/python3.9/site-packages/airflow/example_dags/example_branch_day_of_week_operator.py took 0.083 seconds
[2025-10-14 15:01:00,034] {processor.py:153} INFO - Started process (PID=14372) to work on /root/Projects/etlX/venv/lib/python3.9/site-packages/airflow/example_dags/example_branch_day_of_week_operator.py
[2025-10-14 15:01:00,036] {processor.py:641} INFO - Processing file /root/Projects/etlX/venv/lib/python3.9/site-packages/airflow/example_dags/example_branch_day_of_week_operator.py for tasks to queue
[2025-10-14 15:01:00,037] {logging_mixin.py:115} INFO - [2025-10-14 15:01:00,036] {dagbag.py:507} INFO - Filling up the DagBag from /root/Projects/etlX/venv/lib/python3.9/site-packages/airflow/example_dags/example_branch_day_of_week_operator.py
[2025-10-14 15:01:00,050] {processor.py:651} INFO - DAG(s) dict_keys(['example_weekday_branch_operator']) retrieved from /root/Projects/etlX/venv/lib/python3.9/site-packages/airflow/example_dags/example_branch_day_of_week_operator.py
[2025-10-14 15:01:00,069] {logging_mixin.py:115} INFO - [2025-10-14 15:01:00,069] {dag.py:2379} INFO - Sync 1 DAGs
[2025-10-14 15:01:00,089] {logging_mixin.py:115} INFO - [2025-10-14 15:01:00,089] {dag.py:2927} INFO - Setting next_dagrun for example_weekday_branch_operator to 2025-10-13T00:00:00+00:00, run_after=2025-10-14T00:00:00+00:00
[2025-10-14 15:01:00,099] {processor.py:161} INFO - Processing /root/Projects/etlX/venv/lib/python3.9/site-packages/airflow/example_dags/example_branch_day_of_week_operator.py took 0.073 seconds
[2025-10-14 15:01:33,334] {processor.py:153} INFO - Started process (PID=14482) to work on /root/Projects/etlX/venv/lib/python3.9/site-packages/airflow/example_dags/example_branch_day_of_week_operator.py
[2025-10-14 15:01:33,335] {processor.py:641} INFO - Processing file /root/Projects/etlX/venv/lib/python3.9/site-packages/airflow/example_dags/example_branch_day_of_week_operator.py for tasks to queue
[2025-10-14 15:01:33,336] {logging_mixin.py:115} INFO - [2025-10-14 15:01:33,336] {dagbag.py:507} INFO - Filling up the DagBag from /root/Projects/etlX/venv/lib/python3.9/site-packages/airflow/example_dags/example_branch_day_of_week_operator.py
[2025-10-14 15:01:33,349] {processor.py:651} INFO - DAG(s) dict_keys(['example_weekday_branch_operator']) retrieved from /root/Projects/etlX/venv/lib/python3.9/site-packages/airflow/example_dags/example_branch_day_of_week_operator.py
[2025-10-14 15:01:33,373] {logging_mixin.py:115} INFO - [2025-10-14 15:01:33,373] {dag.py:2379} INFO - Sync 1 DAGs
[2025-10-14 15:01:33,401] {logging_mixin.py:115} INFO - [2025-10-14 15:01:33,401] {dag.py:2927} INFO - Setting next_dagrun for example_weekday_branch_operator to 2025-10-13T00:00:00+00:00, run_after=2025-10-14T00:00:00+00:00
[2025-10-14 15:01:33,418] {processor.py:161} INFO - Processing /root/Projects/etlX/venv/lib/python3.9/site-packages/airflow/example_dags/example_branch_day_of_week_operator.py took 0.089 seconds
[2025-10-14 15:02:07,434] {processor.py:153} INFO - Started process (PID=14793) to work on /root/Projects/etlX/venv/lib/python3.9/site-packages/airflow/example_dags/example_branch_day_of_week_operator.py
[2025-10-14 15:02:07,435] {processor.py:641} INFO - Processing file /root/Projects/etlX/venv/lib/python3.9/site-packages/airflow/example_dags/example_branch_day_of_week_operator.py for tasks to queue
[2025-10-14 15:02:07,436] {logging_mixin.py:115} INFO - [2025-10-14 15:02:07,436] {dagbag.py:507} INFO - Filling up the DagBag from /root/Projects/etlX/venv/lib/python3.9/site-packages/airflow/example_dags/example_branch_day_of_week_operator.py
[2025-10-14 15:02:07,446] {processor.py:651} INFO - DAG(s) dict_keys(['example_weekday_branch_operator']) retrieved from /root/Projects/etlX/venv/lib/python3.9/site-packages/airflow/example_dags/example_branch_day_of_week_operator.py
[2025-10-14 15:02:07,465] {logging_mixin.py:115} INFO - [2025-10-14 15:02:07,465] {dag.py:2379} INFO - Sync 1 DAGs
[2025-10-14 15:02:07,485] {logging_mixin.py:115} INFO - [2025-10-14 15:02:07,484] {dag.py:2927} INFO - Setting next_dagrun for example_weekday_branch_operator to 2025-10-13T00:00:00+00:00, run_after=2025-10-14T00:00:00+00:00
[2025-10-14 15:02:07,495] {processor.py:161} INFO - Processing /root/Projects/etlX/venv/lib/python3.9/site-packages/airflow/example_dags/example_branch_day_of_week_operator.py took 0.065 seconds
[2025-10-14 15:02:41,547] {processor.py:153} INFO - Started process (PID=14853) to work on /root/Projects/etlX/venv/lib/python3.9/site-packages/airflow/example_dags/example_branch_day_of_week_operator.py
[2025-10-14 15:02:41,547] {processor.py:641} INFO - Processing file /root/Projects/etlX/venv/lib/python3.9/site-packages/airflow/example_dags/example_branch_day_of_week_operator.py for tasks to queue
[2025-10-14 15:02:41,548] {logging_mixin.py:115} INFO - [2025-10-14 15:02:41,548] {dagbag.py:507} INFO - Filling up the DagBag from /root/Projects/etlX/venv/lib/python3.9/site-packages/airflow/example_dags/example_branch_day_of_week_operator.py
[2025-10-14 15:02:41,562] {processor.py:651} INFO - DAG(s) dict_keys(['example_weekday_branch_operator']) retrieved from /root/Projects/etlX/venv/lib/python3.9/site-packages/airflow/example_dags/example_branch_day_of_week_operator.py
[2025-10-14 15:02:41,596] {logging_mixin.py:115} INFO - [2025-10-14 15:02:41,596] {dag.py:2379} INFO - Sync 1 DAGs
[2025-10-14 15:02:41,619] {logging_mixin.py:115} INFO - [2025-10-14 15:02:41,619] {dag.py:2927} INFO - Setting next_dagrun for example_weekday_branch_operator to 2025-10-13T00:00:00+00:00, run_after=2025-10-14T00:00:00+00:00
[2025-10-14 15:02:41,631] {processor.py:161} INFO - Processing /root/Projects/etlX/venv/lib/python3.9/site-packages/airflow/example_dags/example_branch_day_of_week_operator.py took 0.089 seconds
[2025-10-14 15:03:16,451] {processor.py:153} INFO - Started process (PID=15012) to work on /root/Projects/etlX/venv/lib/python3.9/site-packages/airflow/example_dags/example_branch_day_of_week_operator.py
[2025-10-14 15:03:16,452] {processor.py:641} INFO - Processing file /root/Projects/etlX/venv/lib/python3.9/site-packages/airflow/example_dags/example_branch_day_of_week_operator.py for tasks to queue
[2025-10-14 15:03:16,452] {logging_mixin.py:115} INFO - [2025-10-14 15:03:16,452] {dagbag.py:507} INFO - Filling up the DagBag from /root/Projects/etlX/venv/lib/python3.9/site-packages/airflow/example_dags/example_branch_day_of_week_operator.py
[2025-10-14 15:03:16,467] {processor.py:651} INFO - DAG(s) dict_keys(['example_weekday_branch_operator']) retrieved from /root/Projects/etlX/venv/lib/python3.9/site-packages/airflow/example_dags/example_branch_day_of_week_operator.py
[2025-10-14 15:03:16,496] {logging_mixin.py:115} INFO - [2025-10-14 15:03:16,496] {dag.py:2379} INFO - Sync 1 DAGs
[2025-10-14 15:03:16,524] {logging_mixin.py:115} INFO - [2025-10-14 15:03:16,523] {dag.py:2927} INFO - Setting next_dagrun for example_weekday_branch_operator to 2025-10-13T00:00:00+00:00, run_after=2025-10-14T00:00:00+00:00
[2025-10-14 15:03:16,537] {processor.py:161} INFO - Processing /root/Projects/etlX/venv/lib/python3.9/site-packages/airflow/example_dags/example_branch_day_of_week_operator.py took 0.091 seconds
[2025-10-14 15:10:12,919] {processor.py:153} INFO - Started process (PID=15912) to work on /root/Projects/etlX/venv/lib/python3.9/site-packages/airflow/example_dags/example_branch_day_of_week_operator.py
[2025-10-14 15:10:12,919] {processor.py:641} INFO - Processing file /root/Projects/etlX/venv/lib/python3.9/site-packages/airflow/example_dags/example_branch_day_of_week_operator.py for tasks to queue
[2025-10-14 15:10:12,920] {logging_mixin.py:115} INFO - [2025-10-14 15:10:12,920] {dagbag.py:507} INFO - Filling up the DagBag from /root/Projects/etlX/venv/lib/python3.9/site-packages/airflow/example_dags/example_branch_day_of_week_operator.py
[2025-10-14 15:10:12,932] {processor.py:651} INFO - DAG(s) dict_keys(['example_weekday_branch_operator']) retrieved from /root/Projects/etlX/venv/lib/python3.9/site-packages/airflow/example_dags/example_branch_day_of_week_operator.py
[2025-10-14 15:10:12,954] {logging_mixin.py:115} INFO - [2025-10-14 15:10:12,954] {dag.py:2379} INFO - Sync 1 DAGs
[2025-10-14 15:10:12,977] {logging_mixin.py:115} INFO - [2025-10-14 15:10:12,977] {dag.py:2927} INFO - Setting next_dagrun for example_weekday_branch_operator to 2025-10-13T00:00:00+00:00, run_after=2025-10-14T00:00:00+00:00
[2025-10-14 15:10:12,989] {processor.py:161} INFO - Processing /root/Projects/etlX/venv/lib/python3.9/site-packages/airflow/example_dags/example_branch_day_of_week_operator.py took 0.075 seconds
[2025-10-14 15:10:49,023] {processor.py:153} INFO - Started process (PID=15972) to work on /root/Projects/etlX/venv/lib/python3.9/site-packages/airflow/example_dags/example_branch_day_of_week_operator.py
[2025-10-14 15:10:49,024] {processor.py:641} INFO - Processing file /root/Projects/etlX/venv/lib/python3.9/site-packages/airflow/example_dags/example_branch_day_of_week_operator.py for tasks to queue
[2025-10-14 15:10:49,025] {logging_mixin.py:115} INFO - [2025-10-14 15:10:49,024] {dagbag.py:507} INFO - Filling up the DagBag from /root/Projects/etlX/venv/lib/python3.9/site-packages/airflow/example_dags/example_branch_day_of_week_operator.py
[2025-10-14 15:10:49,037] {processor.py:651} INFO - DAG(s) dict_keys(['example_weekday_branch_operator']) retrieved from /root/Projects/etlX/venv/lib/python3.9/site-packages/airflow/example_dags/example_branch_day_of_week_operator.py
[2025-10-14 15:10:49,056] {logging_mixin.py:115} INFO - [2025-10-14 15:10:49,056] {dag.py:2379} INFO - Sync 1 DAGs
[2025-10-14 15:10:49,078] {logging_mixin.py:115} INFO - [2025-10-14 15:10:49,078] {dag.py:2927} INFO - Setting next_dagrun for example_weekday_branch_operator to 2025-10-13T00:00:00+00:00, run_after=2025-10-14T00:00:00+00:00
[2025-10-14 15:10:49,090] {processor.py:161} INFO - Processing /root/Projects/etlX/venv/lib/python3.9/site-packages/airflow/example_dags/example_branch_day_of_week_operator.py took 0.073 seconds
[2025-10-14 15:11:25,382] {processor.py:153} INFO - Started process (PID=16135) to work on /root/Projects/etlX/venv/lib/python3.9/site-packages/airflow/example_dags/example_branch_day_of_week_operator.py
[2025-10-14 15:11:25,383] {processor.py:641} INFO - Processing file /root/Projects/etlX/venv/lib/python3.9/site-packages/airflow/example_dags/example_branch_day_of_week_operator.py for tasks to queue
[2025-10-14 15:11:25,384] {logging_mixin.py:115} INFO - [2025-10-14 15:11:25,384] {dagbag.py:507} INFO - Filling up the DagBag from /root/Projects/etlX/venv/lib/python3.9/site-packages/airflow/example_dags/example_branch_day_of_week_operator.py
[2025-10-14 15:11:25,395] {processor.py:651} INFO - DAG(s) dict_keys(['example_weekday_branch_operator']) retrieved from /root/Projects/etlX/venv/lib/python3.9/site-packages/airflow/example_dags/example_branch_day_of_week_operator.py
[2025-10-14 15:11:25,415] {logging_mixin.py:115} INFO - [2025-10-14 15:11:25,415] {dag.py:2379} INFO - Sync 1 DAGs
[2025-10-14 15:11:25,436] {logging_mixin.py:115} INFO - [2025-10-14 15:11:25,436] {dag.py:2927} INFO - Setting next_dagrun for example_weekday_branch_operator to 2025-10-13T00:00:00+00:00, run_after=2025-10-14T00:00:00+00:00
[2025-10-14 15:11:25,448] {processor.py:161} INFO - Processing /root/Projects/etlX/venv/lib/python3.9/site-packages/airflow/example_dags/example_branch_day_of_week_operator.py took 0.070 seconds
[2025-10-14 15:11:59,492] {processor.py:153} INFO - Started process (PID=16190) to work on /root/Projects/etlX/venv/lib/python3.9/site-packages/airflow/example_dags/example_branch_day_of_week_operator.py
[2025-10-14 15:11:59,493] {processor.py:641} INFO - Processing file /root/Projects/etlX/venv/lib/python3.9/site-packages/airflow/example_dags/example_branch_day_of_week_operator.py for tasks to queue
[2025-10-14 15:11:59,494] {logging_mixin.py:115} INFO - [2025-10-14 15:11:59,494] {dagbag.py:507} INFO - Filling up the DagBag from /root/Projects/etlX/venv/lib/python3.9/site-packages/airflow/example_dags/example_branch_day_of_week_operator.py
[2025-10-14 15:11:59,507] {processor.py:651} INFO - DAG(s) dict_keys(['example_weekday_branch_operator']) retrieved from /root/Projects/etlX/venv/lib/python3.9/site-packages/airflow/example_dags/example_branch_day_of_week_operator.py
[2025-10-14 15:11:59,530] {logging_mixin.py:115} INFO - [2025-10-14 15:11:59,530] {dag.py:2379} INFO - Sync 1 DAGs
[2025-10-14 15:11:59,556] {logging_mixin.py:115} INFO - [2025-10-14 15:11:59,556] {dag.py:2927} INFO - Setting next_dagrun for example_weekday_branch_operator to 2025-10-13T00:00:00+00:00, run_after=2025-10-14T00:00:00+00:00
[2025-10-14 15:11:59,569] {processor.py:161} INFO - Processing /root/Projects/etlX/venv/lib/python3.9/site-packages/airflow/example_dags/example_branch_day_of_week_operator.py took 0.082 seconds
[2025-10-14 15:12:35,005] {processor.py:153} INFO - Started process (PID=16249) to work on /root/Projects/etlX/venv/lib/python3.9/site-packages/airflow/example_dags/example_branch_day_of_week_operator.py
[2025-10-14 15:12:35,006] {processor.py:641} INFO - Processing file /root/Projects/etlX/venv/lib/python3.9/site-packages/airflow/example_dags/example_branch_day_of_week_operator.py for tasks to queue
[2025-10-14 15:12:35,006] {logging_mixin.py:115} INFO - [2025-10-14 15:12:35,006] {dagbag.py:507} INFO - Filling up the DagBag from /root/Projects/etlX/venv/lib/python3.9/site-packages/airflow/example_dags/example_branch_day_of_week_operator.py
[2025-10-14 15:12:35,018] {processor.py:651} INFO - DAG(s) dict_keys(['example_weekday_branch_operator']) retrieved from /root/Projects/etlX/venv/lib/python3.9/site-packages/airflow/example_dags/example_branch_day_of_week_operator.py
[2025-10-14 15:12:35,040] {logging_mixin.py:115} INFO - [2025-10-14 15:12:35,040] {dag.py:2379} INFO - Sync 1 DAGs
[2025-10-14 15:12:35,062] {logging_mixin.py:115} INFO - [2025-10-14 15:12:35,062] {dag.py:2927} INFO - Setting next_dagrun for example_weekday_branch_operator to 2025-10-13T00:00:00+00:00, run_after=2025-10-14T00:00:00+00:00
[2025-10-14 15:12:35,074] {processor.py:161} INFO - Processing /root/Projects/etlX/venv/lib/python3.9/site-packages/airflow/example_dags/example_branch_day_of_week_operator.py took 0.074 seconds
[2025-10-14 15:13:07,619] {processor.py:153} INFO - Started process (PID=16304) to work on /root/Projects/etlX/venv/lib/python3.9/site-packages/airflow/example_dags/example_branch_day_of_week_operator.py
[2025-10-14 15:13:07,620] {processor.py:641} INFO - Processing file /root/Projects/etlX/venv/lib/python3.9/site-packages/airflow/example_dags/example_branch_day_of_week_operator.py for tasks to queue
[2025-10-14 15:13:07,621] {logging_mixin.py:115} INFO - [2025-10-14 15:13:07,621] {dagbag.py:507} INFO - Filling up the DagBag from /root/Projects/etlX/venv/lib/python3.9/site-packages/airflow/example_dags/example_branch_day_of_week_operator.py
[2025-10-14 15:13:07,631] {processor.py:651} INFO - DAG(s) dict_keys(['example_weekday_branch_operator']) retrieved from /root/Projects/etlX/venv/lib/python3.9/site-packages/airflow/example_dags/example_branch_day_of_week_operator.py
[2025-10-14 15:13:07,650] {logging_mixin.py:115} INFO - [2025-10-14 15:13:07,650] {dag.py:2379} INFO - Sync 1 DAGs
[2025-10-14 15:13:07,674] {logging_mixin.py:115} INFO - [2025-10-14 15:13:07,674] {dag.py:2927} INFO - Setting next_dagrun for example_weekday_branch_operator to 2025-10-13T00:00:00+00:00, run_after=2025-10-14T00:00:00+00:00
[2025-10-14 15:13:07,688] {processor.py:161} INFO - Processing /root/Projects/etlX/venv/lib/python3.9/site-packages/airflow/example_dags/example_branch_day_of_week_operator.py took 0.073 seconds
[2025-10-14 15:13:42,166] {processor.py:153} INFO - Started process (PID=16362) to work on /root/Projects/etlX/venv/lib/python3.9/site-packages/airflow/example_dags/example_branch_day_of_week_operator.py
[2025-10-14 15:13:42,166] {processor.py:641} INFO - Processing file /root/Projects/etlX/venv/lib/python3.9/site-packages/airflow/example_dags/example_branch_day_of_week_operator.py for tasks to queue
[2025-10-14 15:13:42,167] {logging_mixin.py:115} INFO - [2025-10-14 15:13:42,167] {dagbag.py:507} INFO - Filling up the DagBag from /root/Projects/etlX/venv/lib/python3.9/site-packages/airflow/example_dags/example_branch_day_of_week_operator.py
[2025-10-14 15:13:42,178] {processor.py:651} INFO - DAG(s) dict_keys(['example_weekday_branch_operator']) retrieved from /root/Projects/etlX/venv/lib/python3.9/site-packages/airflow/example_dags/example_branch_day_of_week_operator.py
[2025-10-14 15:13:42,197] {logging_mixin.py:115} INFO - [2025-10-14 15:13:42,196] {dag.py:2379} INFO - Sync 1 DAGs
[2025-10-14 15:13:42,220] {logging_mixin.py:115} INFO - [2025-10-14 15:13:42,220] {dag.py:2927} INFO - Setting next_dagrun for example_weekday_branch_operator to 2025-10-13T00:00:00+00:00, run_after=2025-10-14T00:00:00+00:00
[2025-10-14 15:13:42,232] {processor.py:161} INFO - Processing /root/Projects/etlX/venv/lib/python3.9/site-packages/airflow/example_dags/example_branch_day_of_week_operator.py took 0.070 seconds
[2025-10-14 15:14:14,872] {processor.py:153} INFO - Started process (PID=16418) to work on /root/Projects/etlX/venv/lib/python3.9/site-packages/airflow/example_dags/example_branch_day_of_week_operator.py
[2025-10-14 15:14:14,873] {processor.py:641} INFO - Processing file /root/Projects/etlX/venv/lib/python3.9/site-packages/airflow/example_dags/example_branch_day_of_week_operator.py for tasks to queue
[2025-10-14 15:14:14,874] {logging_mixin.py:115} INFO - [2025-10-14 15:14:14,874] {dagbag.py:507} INFO - Filling up the DagBag from /root/Projects/etlX/venv/lib/python3.9/site-packages/airflow/example_dags/example_branch_day_of_week_operator.py
[2025-10-14 15:14:14,892] {processor.py:651} INFO - DAG(s) dict_keys(['example_weekday_branch_operator']) retrieved from /root/Projects/etlX/venv/lib/python3.9/site-packages/airflow/example_dags/example_branch_day_of_week_operator.py
[2025-10-14 15:14:14,911] {logging_mixin.py:115} INFO - [2025-10-14 15:14:14,911] {dag.py:2379} INFO - Sync 1 DAGs
[2025-10-14 15:14:14,931] {logging_mixin.py:115} INFO - [2025-10-14 15:14:14,931] {dag.py:2927} INFO - Setting next_dagrun for example_weekday_branch_operator to 2025-10-13T00:00:00+00:00, run_after=2025-10-14T00:00:00+00:00
[2025-10-14 15:14:14,941] {processor.py:161} INFO - Processing /root/Projects/etlX/venv/lib/python3.9/site-packages/airflow/example_dags/example_branch_day_of_week_operator.py took 0.077 seconds
[2025-10-14 15:14:53,682] {processor.py:153} INFO - Started process (PID=16534) to work on /root/Projects/etlX/venv/lib/python3.9/site-packages/airflow/example_dags/example_branch_day_of_week_operator.py
[2025-10-14 15:14:53,682] {processor.py:641} INFO - Processing file /root/Projects/etlX/venv/lib/python3.9/site-packages/airflow/example_dags/example_branch_day_of_week_operator.py for tasks to queue
[2025-10-14 15:14:53,683] {logging_mixin.py:115} INFO - [2025-10-14 15:14:53,683] {dagbag.py:507} INFO - Filling up the DagBag from /root/Projects/etlX/venv/lib/python3.9/site-packages/airflow/example_dags/example_branch_day_of_week_operator.py
[2025-10-14 15:14:53,693] {processor.py:651} INFO - DAG(s) dict_keys(['example_weekday_branch_operator']) retrieved from /root/Projects/etlX/venv/lib/python3.9/site-packages/airflow/example_dags/example_branch_day_of_week_operator.py
[2025-10-14 15:14:53,713] {logging_mixin.py:115} INFO - [2025-10-14 15:14:53,713] {dag.py:2379} INFO - Sync 1 DAGs
[2025-10-14 15:14:53,733] {logging_mixin.py:115} INFO - [2025-10-14 15:14:53,733] {dag.py:2927} INFO - Setting next_dagrun for example_weekday_branch_operator to 2025-10-13T00:00:00+00:00, run_after=2025-10-14T00:00:00+00:00
[2025-10-14 15:14:53,743] {processor.py:161} INFO - Processing /root/Projects/etlX/venv/lib/python3.9/site-packages/airflow/example_dags/example_branch_day_of_week_operator.py took 0.070 seconds
[2025-10-14 15:15:29,168] {processor.py:153} INFO - Started process (PID=16593) to work on /root/Projects/etlX/venv/lib/python3.9/site-packages/airflow/example_dags/example_branch_day_of_week_operator.py
[2025-10-14 15:15:29,168] {processor.py:641} INFO - Processing file /root/Projects/etlX/venv/lib/python3.9/site-packages/airflow/example_dags/example_branch_day_of_week_operator.py for tasks to queue
[2025-10-14 15:15:29,169] {logging_mixin.py:115} INFO - [2025-10-14 15:15:29,169] {dagbag.py:507} INFO - Filling up the DagBag from /root/Projects/etlX/venv/lib/python3.9/site-packages/airflow/example_dags/example_branch_day_of_week_operator.py
[2025-10-14 15:15:29,181] {processor.py:651} INFO - DAG(s) dict_keys(['example_weekday_branch_operator']) retrieved from /root/Projects/etlX/venv/lib/python3.9/site-packages/airflow/example_dags/example_branch_day_of_week_operator.py
[2025-10-14 15:15:29,203] {logging_mixin.py:115} INFO - [2025-10-14 15:15:29,203] {dag.py:2379} INFO - Sync 1 DAGs
[2025-10-14 15:15:29,226] {logging_mixin.py:115} INFO - [2025-10-14 15:15:29,226] {dag.py:2927} INFO - Setting next_dagrun for example_weekday_branch_operator to 2025-10-13T00:00:00+00:00, run_after=2025-10-14T00:00:00+00:00
[2025-10-14 15:15:29,240] {processor.py:161} INFO - Processing /root/Projects/etlX/venv/lib/python3.9/site-packages/airflow/example_dags/example_branch_day_of_week_operator.py took 0.078 seconds
[2025-10-14 15:16:04,746] {processor.py:153} INFO - Started process (PID=16652) to work on /root/Projects/etlX/venv/lib/python3.9/site-packages/airflow/example_dags/example_branch_day_of_week_operator.py
[2025-10-14 15:16:04,747] {processor.py:641} INFO - Processing file /root/Projects/etlX/venv/lib/python3.9/site-packages/airflow/example_dags/example_branch_day_of_week_operator.py for tasks to queue
[2025-10-14 15:16:04,748] {logging_mixin.py:115} INFO - [2025-10-14 15:16:04,748] {dagbag.py:507} INFO - Filling up the DagBag from /root/Projects/etlX/venv/lib/python3.9/site-packages/airflow/example_dags/example_branch_day_of_week_operator.py
[2025-10-14 15:16:04,758] {processor.py:651} INFO - DAG(s) dict_keys(['example_weekday_branch_operator']) retrieved from /root/Projects/etlX/venv/lib/python3.9/site-packages/airflow/example_dags/example_branch_day_of_week_operator.py
[2025-10-14 15:16:04,779] {logging_mixin.py:115} INFO - [2025-10-14 15:16:04,779] {dag.py:2379} INFO - Sync 1 DAGs
[2025-10-14 15:16:04,803] {logging_mixin.py:115} INFO - [2025-10-14 15:16:04,803] {dag.py:2927} INFO - Setting next_dagrun for example_weekday_branch_operator to 2025-10-13T00:00:00+00:00, run_after=2025-10-14T00:00:00+00:00
[2025-10-14 15:16:04,815] {processor.py:161} INFO - Processing /root/Projects/etlX/venv/lib/python3.9/site-packages/airflow/example_dags/example_branch_day_of_week_operator.py took 0.073 seconds
[2025-10-14 15:16:39,468] {processor.py:153} INFO - Started process (PID=16948) to work on /root/Projects/etlX/venv/lib/python3.9/site-packages/airflow/example_dags/example_branch_day_of_week_operator.py
[2025-10-14 15:16:39,469] {processor.py:641} INFO - Processing file /root/Projects/etlX/venv/lib/python3.9/site-packages/airflow/example_dags/example_branch_day_of_week_operator.py for tasks to queue
[2025-10-14 15:16:39,469] {logging_mixin.py:115} INFO - [2025-10-14 15:16:39,469] {dagbag.py:507} INFO - Filling up the DagBag from /root/Projects/etlX/venv/lib/python3.9/site-packages/airflow/example_dags/example_branch_day_of_week_operator.py
[2025-10-14 15:16:39,481] {processor.py:651} INFO - DAG(s) dict_keys(['example_weekday_branch_operator']) retrieved from /root/Projects/etlX/venv/lib/python3.9/site-packages/airflow/example_dags/example_branch_day_of_week_operator.py
[2025-10-14 15:16:39,505] {logging_mixin.py:115} INFO - [2025-10-14 15:16:39,505] {dag.py:2379} INFO - Sync 1 DAGs
[2025-10-14 15:16:39,556] {logging_mixin.py:115} INFO - [2025-10-14 15:16:39,555] {dag.py:2927} INFO - Setting next_dagrun for example_weekday_branch_operator to 2025-10-13T00:00:00+00:00, run_after=2025-10-14T00:00:00+00:00
[2025-10-14 15:16:39,571] {processor.py:161} INFO - Processing /root/Projects/etlX/venv/lib/python3.9/site-packages/airflow/example_dags/example_branch_day_of_week_operator.py took 0.108 seconds
[2025-10-14 15:17:12,867] {processor.py:153} INFO - Started process (PID=17074) to work on /root/Projects/etlX/venv/lib/python3.9/site-packages/airflow/example_dags/example_branch_day_of_week_operator.py
[2025-10-14 15:17:12,868] {processor.py:641} INFO - Processing file /root/Projects/etlX/venv/lib/python3.9/site-packages/airflow/example_dags/example_branch_day_of_week_operator.py for tasks to queue
[2025-10-14 15:17:12,869] {logging_mixin.py:115} INFO - [2025-10-14 15:17:12,868] {dagbag.py:507} INFO - Filling up the DagBag from /root/Projects/etlX/venv/lib/python3.9/site-packages/airflow/example_dags/example_branch_day_of_week_operator.py
[2025-10-14 15:17:12,880] {processor.py:651} INFO - DAG(s) dict_keys(['example_weekday_branch_operator']) retrieved from /root/Projects/etlX/venv/lib/python3.9/site-packages/airflow/example_dags/example_branch_day_of_week_operator.py
[2025-10-14 15:17:12,900] {logging_mixin.py:115} INFO - [2025-10-14 15:17:12,900] {dag.py:2379} INFO - Sync 1 DAGs
[2025-10-14 15:17:12,921] {logging_mixin.py:115} INFO - [2025-10-14 15:17:12,921] {dag.py:2927} INFO - Setting next_dagrun for example_weekday_branch_operator to 2025-10-13T00:00:00+00:00, run_after=2025-10-14T00:00:00+00:00
[2025-10-14 15:17:12,933] {processor.py:161} INFO - Processing /root/Projects/etlX/venv/lib/python3.9/site-packages/airflow/example_dags/example_branch_day_of_week_operator.py took 0.071 seconds
[2025-10-14 15:17:48,508] {processor.py:153} INFO - Started process (PID=17246) to work on /root/Projects/etlX/venv/lib/python3.9/site-packages/airflow/example_dags/example_branch_day_of_week_operator.py
[2025-10-14 15:17:48,509] {processor.py:641} INFO - Processing file /root/Projects/etlX/venv/lib/python3.9/site-packages/airflow/example_dags/example_branch_day_of_week_operator.py for tasks to queue
[2025-10-14 15:17:48,509] {logging_mixin.py:115} INFO - [2025-10-14 15:17:48,509] {dagbag.py:507} INFO - Filling up the DagBag from /root/Projects/etlX/venv/lib/python3.9/site-packages/airflow/example_dags/example_branch_day_of_week_operator.py
[2025-10-14 15:17:48,528] {processor.py:651} INFO - DAG(s) dict_keys(['example_weekday_branch_operator']) retrieved from /root/Projects/etlX/venv/lib/python3.9/site-packages/airflow/example_dags/example_branch_day_of_week_operator.py
[2025-10-14 15:17:48,559] {logging_mixin.py:115} INFO - [2025-10-14 15:17:48,559] {dag.py:2379} INFO - Sync 1 DAGs
[2025-10-14 15:17:48,591] {logging_mixin.py:115} INFO - [2025-10-14 15:17:48,591] {dag.py:2927} INFO - Setting next_dagrun for example_weekday_branch_operator to 2025-10-13T00:00:00+00:00, run_after=2025-10-14T00:00:00+00:00
[2025-10-14 15:17:48,613] {processor.py:161} INFO - Processing /root/Projects/etlX/venv/lib/python3.9/site-packages/airflow/example_dags/example_branch_day_of_week_operator.py took 0.111 seconds
[2025-10-14 15:59:09,917] {processor.py:153} INFO - Started process (PID=20003) to work on /root/Projects/etlX/venv/lib/python3.9/site-packages/airflow/example_dags/example_branch_day_of_week_operator.py
[2025-10-14 15:59:09,918] {processor.py:641} INFO - Processing file /root/Projects/etlX/venv/lib/python3.9/site-packages/airflow/example_dags/example_branch_day_of_week_operator.py for tasks to queue
[2025-10-14 15:59:09,918] {logging_mixin.py:115} INFO - [2025-10-14 15:59:09,918] {dagbag.py:507} INFO - Filling up the DagBag from /root/Projects/etlX/venv/lib/python3.9/site-packages/airflow/example_dags/example_branch_day_of_week_operator.py
[2025-10-14 15:59:09,947] {processor.py:651} INFO - DAG(s) dict_keys(['example_weekday_branch_operator']) retrieved from /root/Projects/etlX/venv/lib/python3.9/site-packages/airflow/example_dags/example_branch_day_of_week_operator.py
[2025-10-14 15:59:09,968] {logging_mixin.py:115} INFO - [2025-10-14 15:59:09,968] {dag.py:2379} INFO - Sync 1 DAGs
[2025-10-14 15:59:09,990] {logging_mixin.py:115} INFO - [2025-10-14 15:59:09,990] {dag.py:2927} INFO - Setting next_dagrun for example_weekday_branch_operator to 2025-10-13T00:00:00+00:00, run_after=2025-10-14T00:00:00+00:00
[2025-10-14 15:59:10,002] {processor.py:161} INFO - Processing /root/Projects/etlX/venv/lib/python3.9/site-packages/airflow/example_dags/example_branch_day_of_week_operator.py took 0.089 seconds
[2025-10-14 15:59:43,408] {processor.py:153} INFO - Started process (PID=20109) to work on /root/Projects/etlX/venv/lib/python3.9/site-packages/airflow/example_dags/example_branch_day_of_week_operator.py
[2025-10-14 15:59:43,409] {processor.py:641} INFO - Processing file /root/Projects/etlX/venv/lib/python3.9/site-packages/airflow/example_dags/example_branch_day_of_week_operator.py for tasks to queue
[2025-10-14 15:59:43,410] {logging_mixin.py:115} INFO - [2025-10-14 15:59:43,410] {dagbag.py:507} INFO - Filling up the DagBag from /root/Projects/etlX/venv/lib/python3.9/site-packages/airflow/example_dags/example_branch_day_of_week_operator.py
[2025-10-14 15:59:43,424] {processor.py:651} INFO - DAG(s) dict_keys(['example_weekday_branch_operator']) retrieved from /root/Projects/etlX/venv/lib/python3.9/site-packages/airflow/example_dags/example_branch_day_of_week_operator.py
[2025-10-14 15:59:43,446] {logging_mixin.py:115} INFO - [2025-10-14 15:59:43,446] {dag.py:2379} INFO - Sync 1 DAGs
[2025-10-14 15:59:43,466] {logging_mixin.py:115} INFO - [2025-10-14 15:59:43,466] {dag.py:2927} INFO - Setting next_dagrun for example_weekday_branch_operator to 2025-10-13T00:00:00+00:00, run_after=2025-10-14T00:00:00+00:00
[2025-10-14 15:59:43,477] {processor.py:161} INFO - Processing /root/Projects/etlX/venv/lib/python3.9/site-packages/airflow/example_dags/example_branch_day_of_week_operator.py took 0.074 seconds
[2025-10-14 16:00:17,201] {processor.py:153} INFO - Started process (PID=20168) to work on /root/Projects/etlX/venv/lib/python3.9/site-packages/airflow/example_dags/example_branch_day_of_week_operator.py
[2025-10-14 16:00:17,202] {processor.py:641} INFO - Processing file /root/Projects/etlX/venv/lib/python3.9/site-packages/airflow/example_dags/example_branch_day_of_week_operator.py for tasks to queue
[2025-10-14 16:00:17,203] {logging_mixin.py:115} INFO - [2025-10-14 16:00:17,202] {dagbag.py:507} INFO - Filling up the DagBag from /root/Projects/etlX/venv/lib/python3.9/site-packages/airflow/example_dags/example_branch_day_of_week_operator.py
[2025-10-14 16:00:17,213] {processor.py:651} INFO - DAG(s) dict_keys(['example_weekday_branch_operator']) retrieved from /root/Projects/etlX/venv/lib/python3.9/site-packages/airflow/example_dags/example_branch_day_of_week_operator.py
[2025-10-14 16:00:17,233] {logging_mixin.py:115} INFO - [2025-10-14 16:00:17,233] {dag.py:2379} INFO - Sync 1 DAGs
[2025-10-14 16:00:17,256] {logging_mixin.py:115} INFO - [2025-10-14 16:00:17,256] {dag.py:2927} INFO - Setting next_dagrun for example_weekday_branch_operator to 2025-10-13T00:00:00+00:00, run_after=2025-10-14T00:00:00+00:00
[2025-10-14 16:00:17,268] {processor.py:161} INFO - Processing /root/Projects/etlX/venv/lib/python3.9/site-packages/airflow/example_dags/example_branch_day_of_week_operator.py took 0.076 seconds
[2025-10-14 16:00:52,018] {processor.py:153} INFO - Started process (PID=20228) to work on /root/Projects/etlX/venv/lib/python3.9/site-packages/airflow/example_dags/example_branch_day_of_week_operator.py
[2025-10-14 16:00:52,019] {processor.py:641} INFO - Processing file /root/Projects/etlX/venv/lib/python3.9/site-packages/airflow/example_dags/example_branch_day_of_week_operator.py for tasks to queue
[2025-10-14 16:00:52,019] {logging_mixin.py:115} INFO - [2025-10-14 16:00:52,019] {dagbag.py:507} INFO - Filling up the DagBag from /root/Projects/etlX/venv/lib/python3.9/site-packages/airflow/example_dags/example_branch_day_of_week_operator.py
[2025-10-14 16:00:52,030] {processor.py:651} INFO - DAG(s) dict_keys(['example_weekday_branch_operator']) retrieved from /root/Projects/etlX/venv/lib/python3.9/site-packages/airflow/example_dags/example_branch_day_of_week_operator.py
[2025-10-14 16:00:52,049] {logging_mixin.py:115} INFO - [2025-10-14 16:00:52,048] {dag.py:2379} INFO - Sync 1 DAGs
[2025-10-14 16:00:52,068] {logging_mixin.py:115} INFO - [2025-10-14 16:00:52,068] {dag.py:2927} INFO - Setting next_dagrun for example_weekday_branch_operator to 2025-10-13T00:00:00+00:00, run_after=2025-10-14T00:00:00+00:00
[2025-10-14 16:00:52,078] {processor.py:161} INFO - Processing /root/Projects/etlX/venv/lib/python3.9/site-packages/airflow/example_dags/example_branch_day_of_week_operator.py took 0.065 seconds
[2025-10-14 16:01:28,888] {processor.py:153} INFO - Started process (PID=20289) to work on /root/Projects/etlX/venv/lib/python3.9/site-packages/airflow/example_dags/example_branch_day_of_week_operator.py
[2025-10-14 16:01:28,890] {processor.py:641} INFO - Processing file /root/Projects/etlX/venv/lib/python3.9/site-packages/airflow/example_dags/example_branch_day_of_week_operator.py for tasks to queue
[2025-10-14 16:01:28,891] {logging_mixin.py:115} INFO - [2025-10-14 16:01:28,891] {dagbag.py:507} INFO - Filling up the DagBag from /root/Projects/etlX/venv/lib/python3.9/site-packages/airflow/example_dags/example_branch_day_of_week_operator.py
[2025-10-14 16:01:28,906] {processor.py:651} INFO - DAG(s) dict_keys(['example_weekday_branch_operator']) retrieved from /root/Projects/etlX/venv/lib/python3.9/site-packages/airflow/example_dags/example_branch_day_of_week_operator.py
[2025-10-14 16:01:28,926] {logging_mixin.py:115} INFO - [2025-10-14 16:01:28,926] {dag.py:2379} INFO - Sync 1 DAGs
[2025-10-14 16:01:28,947] {logging_mixin.py:115} INFO - [2025-10-14 16:01:28,947] {dag.py:2927} INFO - Setting next_dagrun for example_weekday_branch_operator to 2025-10-13T00:00:00+00:00, run_after=2025-10-14T00:00:00+00:00
[2025-10-14 16:01:28,958] {processor.py:161} INFO - Processing /root/Projects/etlX/venv/lib/python3.9/site-packages/airflow/example_dags/example_branch_day_of_week_operator.py took 0.077 seconds
[2025-10-14 16:02:04,513] {processor.py:153} INFO - Started process (PID=20347) to work on /root/Projects/etlX/venv/lib/python3.9/site-packages/airflow/example_dags/example_branch_day_of_week_operator.py
[2025-10-14 16:02:04,514] {processor.py:641} INFO - Processing file /root/Projects/etlX/venv/lib/python3.9/site-packages/airflow/example_dags/example_branch_day_of_week_operator.py for tasks to queue
[2025-10-14 16:02:04,515] {logging_mixin.py:115} INFO - [2025-10-14 16:02:04,515] {dagbag.py:507} INFO - Filling up the DagBag from /root/Projects/etlX/venv/lib/python3.9/site-packages/airflow/example_dags/example_branch_day_of_week_operator.py
[2025-10-14 16:02:04,527] {processor.py:651} INFO - DAG(s) dict_keys(['example_weekday_branch_operator']) retrieved from /root/Projects/etlX/venv/lib/python3.9/site-packages/airflow/example_dags/example_branch_day_of_week_operator.py
[2025-10-14 16:02:04,548] {logging_mixin.py:115} INFO - [2025-10-14 16:02:04,548] {dag.py:2379} INFO - Sync 1 DAGs
[2025-10-14 16:02:04,570] {logging_mixin.py:115} INFO - [2025-10-14 16:02:04,570] {dag.py:2927} INFO - Setting next_dagrun for example_weekday_branch_operator to 2025-10-13T00:00:00+00:00, run_after=2025-10-14T00:00:00+00:00
[2025-10-14 16:02:04,583] {processor.py:161} INFO - Processing /root/Projects/etlX/venv/lib/python3.9/site-packages/airflow/example_dags/example_branch_day_of_week_operator.py took 0.075 seconds
[2025-10-14 16:02:37,917] {processor.py:153} INFO - Started process (PID=20402) to work on /root/Projects/etlX/venv/lib/python3.9/site-packages/airflow/example_dags/example_branch_day_of_week_operator.py
[2025-10-14 16:02:37,918] {processor.py:641} INFO - Processing file /root/Projects/etlX/venv/lib/python3.9/site-packages/airflow/example_dags/example_branch_day_of_week_operator.py for tasks to queue
[2025-10-14 16:02:37,919] {logging_mixin.py:115} INFO - [2025-10-14 16:02:37,919] {dagbag.py:507} INFO - Filling up the DagBag from /root/Projects/etlX/venv/lib/python3.9/site-packages/airflow/example_dags/example_branch_day_of_week_operator.py
[2025-10-14 16:02:37,938] {processor.py:651} INFO - DAG(s) dict_keys(['example_weekday_branch_operator']) retrieved from /root/Projects/etlX/venv/lib/python3.9/site-packages/airflow/example_dags/example_branch_day_of_week_operator.py
[2025-10-14 16:02:37,969] {logging_mixin.py:115} INFO - [2025-10-14 16:02:37,969] {dag.py:2379} INFO - Sync 1 DAGs
[2025-10-14 16:02:37,989] {logging_mixin.py:115} INFO - [2025-10-14 16:02:37,988] {dag.py:2927} INFO - Setting next_dagrun for example_weekday_branch_operator to 2025-10-13T00:00:00+00:00, run_after=2025-10-14T00:00:00+00:00
[2025-10-14 16:02:37,999] {processor.py:161} INFO - Processing /root/Projects/etlX/venv/lib/python3.9/site-packages/airflow/example_dags/example_branch_day_of_week_operator.py took 0.090 seconds
[2025-10-14 16:03:13,165] {processor.py:153} INFO - Started process (PID=20463) to work on /root/Projects/etlX/venv/lib/python3.9/site-packages/airflow/example_dags/example_branch_day_of_week_operator.py
[2025-10-14 16:03:13,166] {processor.py:641} INFO - Processing file /root/Projects/etlX/venv/lib/python3.9/site-packages/airflow/example_dags/example_branch_day_of_week_operator.py for tasks to queue
[2025-10-14 16:03:13,167] {logging_mixin.py:115} INFO - [2025-10-14 16:03:13,166] {dagbag.py:507} INFO - Filling up the DagBag from /root/Projects/etlX/venv/lib/python3.9/site-packages/airflow/example_dags/example_branch_day_of_week_operator.py
[2025-10-14 16:03:13,181] {processor.py:651} INFO - DAG(s) dict_keys(['example_weekday_branch_operator']) retrieved from /root/Projects/etlX/venv/lib/python3.9/site-packages/airflow/example_dags/example_branch_day_of_week_operator.py
[2025-10-14 16:03:13,200] {logging_mixin.py:115} INFO - [2025-10-14 16:03:13,200] {dag.py:2379} INFO - Sync 1 DAGs
[2025-10-14 16:03:13,220] {logging_mixin.py:115} INFO - [2025-10-14 16:03:13,219] {dag.py:2927} INFO - Setting next_dagrun for example_weekday_branch_operator to 2025-10-13T00:00:00+00:00, run_after=2025-10-14T00:00:00+00:00
[2025-10-14 16:03:13,230] {processor.py:161} INFO - Processing /root/Projects/etlX/venv/lib/python3.9/site-packages/airflow/example_dags/example_branch_day_of_week_operator.py took 0.071 seconds
[2025-10-14 16:03:47,049] {processor.py:153} INFO - Started process (PID=20572) to work on /root/Projects/etlX/venv/lib/python3.9/site-packages/airflow/example_dags/example_branch_day_of_week_operator.py
[2025-10-14 16:03:47,049] {processor.py:641} INFO - Processing file /root/Projects/etlX/venv/lib/python3.9/site-packages/airflow/example_dags/example_branch_day_of_week_operator.py for tasks to queue
[2025-10-14 16:03:47,050] {logging_mixin.py:115} INFO - [2025-10-14 16:03:47,050] {dagbag.py:507} INFO - Filling up the DagBag from /root/Projects/etlX/venv/lib/python3.9/site-packages/airflow/example_dags/example_branch_day_of_week_operator.py
[2025-10-14 16:03:47,060] {processor.py:651} INFO - DAG(s) dict_keys(['example_weekday_branch_operator']) retrieved from /root/Projects/etlX/venv/lib/python3.9/site-packages/airflow/example_dags/example_branch_day_of_week_operator.py
[2025-10-14 16:03:47,079] {logging_mixin.py:115} INFO - [2025-10-14 16:03:47,079] {dag.py:2379} INFO - Sync 1 DAGs
[2025-10-14 16:03:47,100] {logging_mixin.py:115} INFO - [2025-10-14 16:03:47,100] {dag.py:2927} INFO - Setting next_dagrun for example_weekday_branch_operator to 2025-10-13T00:00:00+00:00, run_after=2025-10-14T00:00:00+00:00
[2025-10-14 16:03:47,111] {processor.py:161} INFO - Processing /root/Projects/etlX/venv/lib/python3.9/site-packages/airflow/example_dags/example_branch_day_of_week_operator.py took 0.066 seconds
[2025-10-14 16:04:21,294] {processor.py:153} INFO - Started process (PID=20630) to work on /root/Projects/etlX/venv/lib/python3.9/site-packages/airflow/example_dags/example_branch_day_of_week_operator.py
[2025-10-14 16:04:21,295] {processor.py:641} INFO - Processing file /root/Projects/etlX/venv/lib/python3.9/site-packages/airflow/example_dags/example_branch_day_of_week_operator.py for tasks to queue
[2025-10-14 16:04:21,297] {logging_mixin.py:115} INFO - [2025-10-14 16:04:21,297] {dagbag.py:507} INFO - Filling up the DagBag from /root/Projects/etlX/venv/lib/python3.9/site-packages/airflow/example_dags/example_branch_day_of_week_operator.py
[2025-10-14 16:04:21,315] {processor.py:651} INFO - DAG(s) dict_keys(['example_weekday_branch_operator']) retrieved from /root/Projects/etlX/venv/lib/python3.9/site-packages/airflow/example_dags/example_branch_day_of_week_operator.py
[2025-10-14 16:04:21,334] {logging_mixin.py:115} INFO - [2025-10-14 16:04:21,334] {dag.py:2379} INFO - Sync 1 DAGs
[2025-10-14 16:04:21,354] {logging_mixin.py:115} INFO - [2025-10-14 16:04:21,354] {dag.py:2927} INFO - Setting next_dagrun for example_weekday_branch_operator to 2025-10-13T00:00:00+00:00, run_after=2025-10-14T00:00:00+00:00
[2025-10-14 16:04:21,365] {processor.py:161} INFO - Processing /root/Projects/etlX/venv/lib/python3.9/site-packages/airflow/example_dags/example_branch_day_of_week_operator.py took 0.080 seconds
[2025-10-14 16:04:55,249] {processor.py:153} INFO - Started process (PID=20686) to work on /root/Projects/etlX/venv/lib/python3.9/site-packages/airflow/example_dags/example_branch_day_of_week_operator.py
[2025-10-14 16:04:55,250] {processor.py:641} INFO - Processing file /root/Projects/etlX/venv/lib/python3.9/site-packages/airflow/example_dags/example_branch_day_of_week_operator.py for tasks to queue
[2025-10-14 16:04:55,250] {logging_mixin.py:115} INFO - [2025-10-14 16:04:55,250] {dagbag.py:507} INFO - Filling up the DagBag from /root/Projects/etlX/venv/lib/python3.9/site-packages/airflow/example_dags/example_branch_day_of_week_operator.py
[2025-10-14 16:04:55,264] {processor.py:651} INFO - DAG(s) dict_keys(['example_weekday_branch_operator']) retrieved from /root/Projects/etlX/venv/lib/python3.9/site-packages/airflow/example_dags/example_branch_day_of_week_operator.py
[2025-10-14 16:04:55,285] {logging_mixin.py:115} INFO - [2025-10-14 16:04:55,285] {dag.py:2379} INFO - Sync 1 DAGs
[2025-10-14 16:04:55,304] {logging_mixin.py:115} INFO - [2025-10-14 16:04:55,304] {dag.py:2927} INFO - Setting next_dagrun for example_weekday_branch_operator to 2025-10-13T00:00:00+00:00, run_after=2025-10-14T00:00:00+00:00
[2025-10-14 16:04:55,315] {processor.py:161} INFO - Processing /root/Projects/etlX/venv/lib/python3.9/site-packages/airflow/example_dags/example_branch_day_of_week_operator.py took 0.072 seconds
[2025-10-14 16:05:30,002] {processor.py:153} INFO - Started process (PID=20746) to work on /root/Projects/etlX/venv/lib/python3.9/site-packages/airflow/example_dags/example_branch_day_of_week_operator.py
[2025-10-14 16:05:30,003] {processor.py:641} INFO - Processing file /root/Projects/etlX/venv/lib/python3.9/site-packages/airflow/example_dags/example_branch_day_of_week_operator.py for tasks to queue
[2025-10-14 16:05:30,004] {logging_mixin.py:115} INFO - [2025-10-14 16:05:30,004] {dagbag.py:507} INFO - Filling up the DagBag from /root/Projects/etlX/venv/lib/python3.9/site-packages/airflow/example_dags/example_branch_day_of_week_operator.py
[2025-10-14 16:05:30,019] {processor.py:651} INFO - DAG(s) dict_keys(['example_weekday_branch_operator']) retrieved from /root/Projects/etlX/venv/lib/python3.9/site-packages/airflow/example_dags/example_branch_day_of_week_operator.py
[2025-10-14 16:05:30,046] {logging_mixin.py:115} INFO - [2025-10-14 16:05:30,046] {dag.py:2379} INFO - Sync 1 DAGs
[2025-10-14 16:05:30,066] {logging_mixin.py:115} INFO - [2025-10-14 16:05:30,066] {dag.py:2927} INFO - Setting next_dagrun for example_weekday_branch_operator to 2025-10-13T00:00:00+00:00, run_after=2025-10-14T00:00:00+00:00
[2025-10-14 16:05:30,077] {processor.py:161} INFO - Processing /root/Projects/etlX/venv/lib/python3.9/site-packages/airflow/example_dags/example_branch_day_of_week_operator.py took 0.081 seconds
[2025-10-14 16:06:03,940] {processor.py:153} INFO - Started process (PID=20804) to work on /root/Projects/etlX/venv/lib/python3.9/site-packages/airflow/example_dags/example_branch_day_of_week_operator.py
[2025-10-14 16:06:03,941] {processor.py:641} INFO - Processing file /root/Projects/etlX/venv/lib/python3.9/site-packages/airflow/example_dags/example_branch_day_of_week_operator.py for tasks to queue
[2025-10-14 16:06:03,942] {logging_mixin.py:115} INFO - [2025-10-14 16:06:03,942] {dagbag.py:507} INFO - Filling up the DagBag from /root/Projects/etlX/venv/lib/python3.9/site-packages/airflow/example_dags/example_branch_day_of_week_operator.py
[2025-10-14 16:06:03,954] {processor.py:651} INFO - DAG(s) dict_keys(['example_weekday_branch_operator']) retrieved from /root/Projects/etlX/venv/lib/python3.9/site-packages/airflow/example_dags/example_branch_day_of_week_operator.py
[2025-10-14 16:06:03,973] {logging_mixin.py:115} INFO - [2025-10-14 16:06:03,973] {dag.py:2379} INFO - Sync 1 DAGs
[2025-10-14 16:06:03,993] {logging_mixin.py:115} INFO - [2025-10-14 16:06:03,993] {dag.py:2927} INFO - Setting next_dagrun for example_weekday_branch_operator to 2025-10-13T00:00:00+00:00, run_after=2025-10-14T00:00:00+00:00
[2025-10-14 16:06:04,004] {processor.py:161} INFO - Processing /root/Projects/etlX/venv/lib/python3.9/site-packages/airflow/example_dags/example_branch_day_of_week_operator.py took 0.071 seconds
[2025-10-14 16:06:39,705] {processor.py:153} INFO - Started process (PID=20864) to work on /root/Projects/etlX/venv/lib/python3.9/site-packages/airflow/example_dags/example_branch_day_of_week_operator.py
[2025-10-14 16:06:39,706] {processor.py:641} INFO - Processing file /root/Projects/etlX/venv/lib/python3.9/site-packages/airflow/example_dags/example_branch_day_of_week_operator.py for tasks to queue
[2025-10-14 16:06:39,706] {logging_mixin.py:115} INFO - [2025-10-14 16:06:39,706] {dagbag.py:507} INFO - Filling up the DagBag from /root/Projects/etlX/venv/lib/python3.9/site-packages/airflow/example_dags/example_branch_day_of_week_operator.py
[2025-10-14 16:06:39,716] {processor.py:651} INFO - DAG(s) dict_keys(['example_weekday_branch_operator']) retrieved from /root/Projects/etlX/venv/lib/python3.9/site-packages/airflow/example_dags/example_branch_day_of_week_operator.py
[2025-10-14 16:06:39,736] {logging_mixin.py:115} INFO - [2025-10-14 16:06:39,736] {dag.py:2379} INFO - Sync 1 DAGs
[2025-10-14 16:06:39,757] {logging_mixin.py:115} INFO - [2025-10-14 16:06:39,757] {dag.py:2927} INFO - Setting next_dagrun for example_weekday_branch_operator to 2025-10-13T00:00:00+00:00, run_after=2025-10-14T00:00:00+00:00
[2025-10-14 16:06:39,768] {processor.py:161} INFO - Processing /root/Projects/etlX/venv/lib/python3.9/site-packages/airflow/example_dags/example_branch_day_of_week_operator.py took 0.067 seconds
[2025-10-14 16:07:15,095] {processor.py:153} INFO - Started process (PID=20976) to work on /root/Projects/etlX/venv/lib/python3.9/site-packages/airflow/example_dags/example_branch_day_of_week_operator.py
[2025-10-14 16:07:15,095] {processor.py:641} INFO - Processing file /root/Projects/etlX/venv/lib/python3.9/site-packages/airflow/example_dags/example_branch_day_of_week_operator.py for tasks to queue
[2025-10-14 16:07:15,096] {logging_mixin.py:115} INFO - [2025-10-14 16:07:15,096] {dagbag.py:507} INFO - Filling up the DagBag from /root/Projects/etlX/venv/lib/python3.9/site-packages/airflow/example_dags/example_branch_day_of_week_operator.py
[2025-10-14 16:07:15,107] {processor.py:651} INFO - DAG(s) dict_keys(['example_weekday_branch_operator']) retrieved from /root/Projects/etlX/venv/lib/python3.9/site-packages/airflow/example_dags/example_branch_day_of_week_operator.py
[2025-10-14 16:07:15,127] {logging_mixin.py:115} INFO - [2025-10-14 16:07:15,127] {dag.py:2379} INFO - Sync 1 DAGs
[2025-10-14 16:07:15,147] {logging_mixin.py:115} INFO - [2025-10-14 16:07:15,147] {dag.py:2927} INFO - Setting next_dagrun for example_weekday_branch_operator to 2025-10-13T00:00:00+00:00, run_after=2025-10-14T00:00:00+00:00
[2025-10-14 16:07:15,158] {processor.py:161} INFO - Processing /root/Projects/etlX/venv/lib/python3.9/site-packages/airflow/example_dags/example_branch_day_of_week_operator.py took 0.068 seconds
[2025-10-14 16:07:52,102] {processor.py:153} INFO - Started process (PID=21294) to work on /root/Projects/etlX/venv/lib/python3.9/site-packages/airflow/example_dags/example_branch_day_of_week_operator.py
[2025-10-14 16:07:52,102] {processor.py:641} INFO - Processing file /root/Projects/etlX/venv/lib/python3.9/site-packages/airflow/example_dags/example_branch_day_of_week_operator.py for tasks to queue
[2025-10-14 16:07:52,103] {logging_mixin.py:115} INFO - [2025-10-14 16:07:52,103] {dagbag.py:507} INFO - Filling up the DagBag from /root/Projects/etlX/venv/lib/python3.9/site-packages/airflow/example_dags/example_branch_day_of_week_operator.py
[2025-10-14 16:07:52,114] {processor.py:651} INFO - DAG(s) dict_keys(['example_weekday_branch_operator']) retrieved from /root/Projects/etlX/venv/lib/python3.9/site-packages/airflow/example_dags/example_branch_day_of_week_operator.py
[2025-10-14 16:07:52,135] {logging_mixin.py:115} INFO - [2025-10-14 16:07:52,134] {dag.py:2379} INFO - Sync 1 DAGs
[2025-10-14 16:07:52,156] {logging_mixin.py:115} INFO - [2025-10-14 16:07:52,156] {dag.py:2927} INFO - Setting next_dagrun for example_weekday_branch_operator to 2025-10-13T00:00:00+00:00, run_after=2025-10-14T00:00:00+00:00
[2025-10-14 16:07:52,168] {processor.py:161} INFO - Processing /root/Projects/etlX/venv/lib/python3.9/site-packages/airflow/example_dags/example_branch_day_of_week_operator.py took 0.071 seconds
[2025-10-14 16:08:27,850] {processor.py:153} INFO - Started process (PID=21507) to work on /root/Projects/etlX/venv/lib/python3.9/site-packages/airflow/example_dags/example_branch_day_of_week_operator.py
[2025-10-14 16:08:27,851] {processor.py:641} INFO - Processing file /root/Projects/etlX/venv/lib/python3.9/site-packages/airflow/example_dags/example_branch_day_of_week_operator.py for tasks to queue
[2025-10-14 16:08:27,852] {logging_mixin.py:115} INFO - [2025-10-14 16:08:27,852] {dagbag.py:507} INFO - Filling up the DagBag from /root/Projects/etlX/venv/lib/python3.9/site-packages/airflow/example_dags/example_branch_day_of_week_operator.py
[2025-10-14 16:08:27,864] {processor.py:651} INFO - DAG(s) dict_keys(['example_weekday_branch_operator']) retrieved from /root/Projects/etlX/venv/lib/python3.9/site-packages/airflow/example_dags/example_branch_day_of_week_operator.py
[2025-10-14 16:08:27,883] {logging_mixin.py:115} INFO - [2025-10-14 16:08:27,883] {dag.py:2379} INFO - Sync 1 DAGs
[2025-10-14 16:08:27,904] {logging_mixin.py:115} INFO - [2025-10-14 16:08:27,904] {dag.py:2927} INFO - Setting next_dagrun for example_weekday_branch_operator to 2025-10-13T00:00:00+00:00, run_after=2025-10-14T00:00:00+00:00
[2025-10-14 16:08:27,915] {processor.py:161} INFO - Processing /root/Projects/etlX/venv/lib/python3.9/site-packages/airflow/example_dags/example_branch_day_of_week_operator.py took 0.072 seconds
[2025-10-14 16:09:04,261] {processor.py:153} INFO - Started process (PID=21823) to work on /root/Projects/etlX/venv/lib/python3.9/site-packages/airflow/example_dags/example_branch_day_of_week_operator.py
[2025-10-14 16:09:04,262] {processor.py:641} INFO - Processing file /root/Projects/etlX/venv/lib/python3.9/site-packages/airflow/example_dags/example_branch_day_of_week_operator.py for tasks to queue
[2025-10-14 16:09:04,262] {logging_mixin.py:115} INFO - [2025-10-14 16:09:04,262] {dagbag.py:507} INFO - Filling up the DagBag from /root/Projects/etlX/venv/lib/python3.9/site-packages/airflow/example_dags/example_branch_day_of_week_operator.py
[2025-10-14 16:09:04,272] {processor.py:651} INFO - DAG(s) dict_keys(['example_weekday_branch_operator']) retrieved from /root/Projects/etlX/venv/lib/python3.9/site-packages/airflow/example_dags/example_branch_day_of_week_operator.py
[2025-10-14 16:09:04,291] {logging_mixin.py:115} INFO - [2025-10-14 16:09:04,291] {dag.py:2379} INFO - Sync 1 DAGs
[2025-10-14 16:09:04,311] {logging_mixin.py:115} INFO - [2025-10-14 16:09:04,311] {dag.py:2927} INFO - Setting next_dagrun for example_weekday_branch_operator to 2025-10-13T00:00:00+00:00, run_after=2025-10-14T00:00:00+00:00
[2025-10-14 16:09:04,354] {processor.py:161} INFO - Processing /root/Projects/etlX/venv/lib/python3.9/site-packages/airflow/example_dags/example_branch_day_of_week_operator.py took 0.097 seconds
[2025-10-14 16:25:45,156] {processor.py:153} INFO - Started process (PID=22850) to work on /root/Projects/etlX/venv/lib/python3.9/site-packages/airflow/example_dags/example_branch_day_of_week_operator.py
[2025-10-14 16:25:45,157] {processor.py:641} INFO - Processing file /root/Projects/etlX/venv/lib/python3.9/site-packages/airflow/example_dags/example_branch_day_of_week_operator.py for tasks to queue
[2025-10-14 16:25:45,158] {logging_mixin.py:115} INFO - [2025-10-14 16:25:45,157] {dagbag.py:507} INFO - Filling up the DagBag from /root/Projects/etlX/venv/lib/python3.9/site-packages/airflow/example_dags/example_branch_day_of_week_operator.py
[2025-10-14 16:25:45,169] {processor.py:651} INFO - DAG(s) dict_keys(['example_weekday_branch_operator']) retrieved from /root/Projects/etlX/venv/lib/python3.9/site-packages/airflow/example_dags/example_branch_day_of_week_operator.py
[2025-10-14 16:25:45,190] {logging_mixin.py:115} INFO - [2025-10-14 16:25:45,190] {dag.py:2379} INFO - Sync 1 DAGs
[2025-10-14 16:25:45,212] {logging_mixin.py:115} INFO - [2025-10-14 16:25:45,212] {dag.py:2927} INFO - Setting next_dagrun for example_weekday_branch_operator to 2025-10-13T00:00:00+00:00, run_after=2025-10-14T00:00:00+00:00
[2025-10-14 16:25:45,223] {processor.py:161} INFO - Processing /root/Projects/etlX/venv/lib/python3.9/site-packages/airflow/example_dags/example_branch_day_of_week_operator.py took 0.071 seconds
[2025-10-14 16:26:19,720] {processor.py:153} INFO - Started process (PID=22908) to work on /root/Projects/etlX/venv/lib/python3.9/site-packages/airflow/example_dags/example_branch_day_of_week_operator.py
[2025-10-14 16:26:19,721] {processor.py:641} INFO - Processing file /root/Projects/etlX/venv/lib/python3.9/site-packages/airflow/example_dags/example_branch_day_of_week_operator.py for tasks to queue
[2025-10-14 16:26:19,721] {logging_mixin.py:115} INFO - [2025-10-14 16:26:19,721] {dagbag.py:507} INFO - Filling up the DagBag from /root/Projects/etlX/venv/lib/python3.9/site-packages/airflow/example_dags/example_branch_day_of_week_operator.py
[2025-10-14 16:26:19,732] {processor.py:651} INFO - DAG(s) dict_keys(['example_weekday_branch_operator']) retrieved from /root/Projects/etlX/venv/lib/python3.9/site-packages/airflow/example_dags/example_branch_day_of_week_operator.py
[2025-10-14 16:26:19,751] {logging_mixin.py:115} INFO - [2025-10-14 16:26:19,751] {dag.py:2379} INFO - Sync 1 DAGs
[2025-10-14 16:26:19,770] {logging_mixin.py:115} INFO - [2025-10-14 16:26:19,770] {dag.py:2927} INFO - Setting next_dagrun for example_weekday_branch_operator to 2025-10-13T00:00:00+00:00, run_after=2025-10-14T00:00:00+00:00
[2025-10-14 16:26:19,781] {processor.py:161} INFO - Processing /root/Projects/etlX/venv/lib/python3.9/site-packages/airflow/example_dags/example_branch_day_of_week_operator.py took 0.065 seconds
[2025-10-14 16:26:55,787] {processor.py:153} INFO - Started process (PID=22968) to work on /root/Projects/etlX/venv/lib/python3.9/site-packages/airflow/example_dags/example_branch_day_of_week_operator.py
[2025-10-14 16:26:55,787] {processor.py:641} INFO - Processing file /root/Projects/etlX/venv/lib/python3.9/site-packages/airflow/example_dags/example_branch_day_of_week_operator.py for tasks to queue
[2025-10-14 16:26:55,788] {logging_mixin.py:115} INFO - [2025-10-14 16:26:55,788] {dagbag.py:507} INFO - Filling up the DagBag from /root/Projects/etlX/venv/lib/python3.9/site-packages/airflow/example_dags/example_branch_day_of_week_operator.py
[2025-10-14 16:26:55,804] {processor.py:651} INFO - DAG(s) dict_keys(['example_weekday_branch_operator']) retrieved from /root/Projects/etlX/venv/lib/python3.9/site-packages/airflow/example_dags/example_branch_day_of_week_operator.py
[2025-10-14 16:26:55,833] {logging_mixin.py:115} INFO - [2025-10-14 16:26:55,833] {dag.py:2379} INFO - Sync 1 DAGs
[2025-10-14 16:26:55,864] {logging_mixin.py:115} INFO - [2025-10-14 16:26:55,864] {dag.py:2927} INFO - Setting next_dagrun for example_weekday_branch_operator to 2025-10-13T00:00:00+00:00, run_after=2025-10-14T00:00:00+00:00
[2025-10-14 16:26:55,878] {processor.py:161} INFO - Processing /root/Projects/etlX/venv/lib/python3.9/site-packages/airflow/example_dags/example_branch_day_of_week_operator.py took 0.097 seconds
[2025-10-14 16:27:30,826] {processor.py:153} INFO - Started process (PID=23084) to work on /root/Projects/etlX/venv/lib/python3.9/site-packages/airflow/example_dags/example_branch_day_of_week_operator.py
[2025-10-14 16:27:30,826] {processor.py:641} INFO - Processing file /root/Projects/etlX/venv/lib/python3.9/site-packages/airflow/example_dags/example_branch_day_of_week_operator.py for tasks to queue
[2025-10-14 16:27:30,827] {logging_mixin.py:115} INFO - [2025-10-14 16:27:30,827] {dagbag.py:507} INFO - Filling up the DagBag from /root/Projects/etlX/venv/lib/python3.9/site-packages/airflow/example_dags/example_branch_day_of_week_operator.py
[2025-10-14 16:27:30,838] {processor.py:651} INFO - DAG(s) dict_keys(['example_weekday_branch_operator']) retrieved from /root/Projects/etlX/venv/lib/python3.9/site-packages/airflow/example_dags/example_branch_day_of_week_operator.py
[2025-10-14 16:27:30,861] {logging_mixin.py:115} INFO - [2025-10-14 16:27:30,861] {dag.py:2379} INFO - Sync 1 DAGs
[2025-10-14 16:27:30,889] {logging_mixin.py:115} INFO - [2025-10-14 16:27:30,889] {dag.py:2927} INFO - Setting next_dagrun for example_weekday_branch_operator to 2025-10-13T00:00:00+00:00, run_after=2025-10-14T00:00:00+00:00
[2025-10-14 16:27:30,902] {processor.py:161} INFO - Processing /root/Projects/etlX/venv/lib/python3.9/site-packages/airflow/example_dags/example_branch_day_of_week_operator.py took 0.081 seconds
[2025-10-14 16:28:07,026] {processor.py:153} INFO - Started process (PID=23190) to work on /root/Projects/etlX/venv/lib/python3.9/site-packages/airflow/example_dags/example_branch_day_of_week_operator.py
[2025-10-14 16:28:07,027] {processor.py:641} INFO - Processing file /root/Projects/etlX/venv/lib/python3.9/site-packages/airflow/example_dags/example_branch_day_of_week_operator.py for tasks to queue
[2025-10-14 16:28:07,027] {logging_mixin.py:115} INFO - [2025-10-14 16:28:07,027] {dagbag.py:507} INFO - Filling up the DagBag from /root/Projects/etlX/venv/lib/python3.9/site-packages/airflow/example_dags/example_branch_day_of_week_operator.py
[2025-10-14 16:28:07,039] {processor.py:651} INFO - DAG(s) dict_keys(['example_weekday_branch_operator']) retrieved from /root/Projects/etlX/venv/lib/python3.9/site-packages/airflow/example_dags/example_branch_day_of_week_operator.py
[2025-10-14 16:28:07,058] {logging_mixin.py:115} INFO - [2025-10-14 16:28:07,058] {dag.py:2379} INFO - Sync 1 DAGs
[2025-10-14 16:28:07,078] {logging_mixin.py:115} INFO - [2025-10-14 16:28:07,078] {dag.py:2927} INFO - Setting next_dagrun for example_weekday_branch_operator to 2025-10-13T00:00:00+00:00, run_after=2025-10-14T00:00:00+00:00
[2025-10-14 16:28:07,097] {processor.py:161} INFO - Processing /root/Projects/etlX/venv/lib/python3.9/site-packages/airflow/example_dags/example_branch_day_of_week_operator.py took 0.077 seconds
[2025-10-14 16:28:45,559] {processor.py:153} INFO - Started process (PID=23354) to work on /root/Projects/etlX/venv/lib/python3.9/site-packages/airflow/example_dags/example_branch_day_of_week_operator.py
[2025-10-14 16:28:45,559] {processor.py:641} INFO - Processing file /root/Projects/etlX/venv/lib/python3.9/site-packages/airflow/example_dags/example_branch_day_of_week_operator.py for tasks to queue
[2025-10-14 16:28:45,560] {logging_mixin.py:115} INFO - [2025-10-14 16:28:45,560] {dagbag.py:507} INFO - Filling up the DagBag from /root/Projects/etlX/venv/lib/python3.9/site-packages/airflow/example_dags/example_branch_day_of_week_operator.py
[2025-10-14 16:28:45,571] {processor.py:651} INFO - DAG(s) dict_keys(['example_weekday_branch_operator']) retrieved from /root/Projects/etlX/venv/lib/python3.9/site-packages/airflow/example_dags/example_branch_day_of_week_operator.py
[2025-10-14 16:28:45,597] {logging_mixin.py:115} INFO - [2025-10-14 16:28:45,596] {dag.py:2379} INFO - Sync 1 DAGs
[2025-10-14 16:28:45,618] {logging_mixin.py:115} INFO - [2025-10-14 16:28:45,618] {dag.py:2927} INFO - Setting next_dagrun for example_weekday_branch_operator to 2025-10-13T00:00:00+00:00, run_after=2025-10-14T00:00:00+00:00
[2025-10-14 16:28:45,632] {processor.py:161} INFO - Processing /root/Projects/etlX/venv/lib/python3.9/site-packages/airflow/example_dags/example_branch_day_of_week_operator.py took 0.078 seconds
[2025-10-14 16:29:19,122] {processor.py:153} INFO - Started process (PID=23464) to work on /root/Projects/etlX/venv/lib/python3.9/site-packages/airflow/example_dags/example_branch_day_of_week_operator.py
[2025-10-14 16:29:19,122] {processor.py:641} INFO - Processing file /root/Projects/etlX/venv/lib/python3.9/site-packages/airflow/example_dags/example_branch_day_of_week_operator.py for tasks to queue
[2025-10-14 16:29:19,123] {logging_mixin.py:115} INFO - [2025-10-14 16:29:19,123] {dagbag.py:507} INFO - Filling up the DagBag from /root/Projects/etlX/venv/lib/python3.9/site-packages/airflow/example_dags/example_branch_day_of_week_operator.py
[2025-10-14 16:29:19,133] {processor.py:651} INFO - DAG(s) dict_keys(['example_weekday_branch_operator']) retrieved from /root/Projects/etlX/venv/lib/python3.9/site-packages/airflow/example_dags/example_branch_day_of_week_operator.py
[2025-10-14 16:29:19,151] {logging_mixin.py:115} INFO - [2025-10-14 16:29:19,151] {dag.py:2379} INFO - Sync 1 DAGs
[2025-10-14 16:29:19,172] {logging_mixin.py:115} INFO - [2025-10-14 16:29:19,172] {dag.py:2927} INFO - Setting next_dagrun for example_weekday_branch_operator to 2025-10-13T00:00:00+00:00, run_after=2025-10-14T00:00:00+00:00
[2025-10-14 16:29:19,204] {processor.py:161} INFO - Processing /root/Projects/etlX/venv/lib/python3.9/site-packages/airflow/example_dags/example_branch_day_of_week_operator.py took 0.092 seconds
[2025-10-14 16:29:52,937] {processor.py:153} INFO - Started process (PID=23629) to work on /root/Projects/etlX/venv/lib/python3.9/site-packages/airflow/example_dags/example_branch_day_of_week_operator.py
[2025-10-14 16:29:52,938] {processor.py:641} INFO - Processing file /root/Projects/etlX/venv/lib/python3.9/site-packages/airflow/example_dags/example_branch_day_of_week_operator.py for tasks to queue
[2025-10-14 16:29:52,939] {logging_mixin.py:115} INFO - [2025-10-14 16:29:52,938] {dagbag.py:507} INFO - Filling up the DagBag from /root/Projects/etlX/venv/lib/python3.9/site-packages/airflow/example_dags/example_branch_day_of_week_operator.py
[2025-10-14 16:29:52,953] {processor.py:651} INFO - DAG(s) dict_keys(['example_weekday_branch_operator']) retrieved from /root/Projects/etlX/venv/lib/python3.9/site-packages/airflow/example_dags/example_branch_day_of_week_operator.py
[2025-10-14 16:29:52,976] {logging_mixin.py:115} INFO - [2025-10-14 16:29:52,976] {dag.py:2379} INFO - Sync 1 DAGs
[2025-10-14 16:29:52,996] {logging_mixin.py:115} INFO - [2025-10-14 16:29:52,996] {dag.py:2927} INFO - Setting next_dagrun for example_weekday_branch_operator to 2025-10-13T00:00:00+00:00, run_after=2025-10-14T00:00:00+00:00
[2025-10-14 16:29:53,007] {processor.py:161} INFO - Processing /root/Projects/etlX/venv/lib/python3.9/site-packages/airflow/example_dags/example_branch_day_of_week_operator.py took 0.076 seconds
