[2025-10-14 14:57:09,117] {processor.py:153} INFO - Started process (PID=13296) to work on /root/Projects/etlX/venv/lib/python3.9/site-packages/airflow/example_dags/example_python_operator.py
[2025-10-14 14:57:09,118] {processor.py:641} INFO - Processing file /root/Projects/etlX/venv/lib/python3.9/site-packages/airflow/example_dags/example_python_operator.py for tasks to queue
[2025-10-14 14:57:09,119] {logging_mixin.py:115} INFO - [2025-10-14 14:57:09,119] {dagbag.py:507} INFO - Filling up the DagBag from /root/Projects/etlX/venv/lib/python3.9/site-packages/airflow/example_dags/example_python_operator.py
[2025-10-14 14:57:09,139] {logging_mixin.py:115} INFO - [2025-10-14 14:57:09,139] {example_python_operator.py:68} WARNING - The virtalenv_python example task requires virtualenv, please install it.
[2025-10-14 14:57:09,140] {processor.py:651} INFO - DAG(s) dict_keys(['example_python_operator']) retrieved from /root/Projects/etlX/venv/lib/python3.9/site-packages/airflow/example_dags/example_python_operator.py
[2025-10-14 14:57:09,215] {logging_mixin.py:115} INFO - [2025-10-14 14:57:09,214] {manager.py:508} INFO - Created Permission View: can read on DAG:example_python_operator
[2025-10-14 14:57:09,227] {logging_mixin.py:115} INFO - [2025-10-14 14:57:09,226] {manager.py:508} INFO - Created Permission View: can edit on DAG:example_python_operator
[2025-10-14 14:57:09,235] {logging_mixin.py:115} INFO - [2025-10-14 14:57:09,235] {manager.py:508} INFO - Created Permission View: can delete on DAG:example_python_operator
[2025-10-14 14:57:09,235] {logging_mixin.py:115} INFO - [2025-10-14 14:57:09,235] {dag.py:2379} INFO - Sync 1 DAGs
[2025-10-14 14:57:09,244] {logging_mixin.py:115} INFO - [2025-10-14 14:57:09,243] {dag.py:2398} INFO - Creating ORM DAG for example_python_operator
[2025-10-14 14:57:09,253] {logging_mixin.py:115} INFO - [2025-10-14 14:57:09,252] {dag.py:2927} INFO - Setting next_dagrun for example_python_operator to None, run_after=None
[2025-10-14 14:57:09,268] {processor.py:161} INFO - Processing /root/Projects/etlX/venv/lib/python3.9/site-packages/airflow/example_dags/example_python_operator.py took 0.154 seconds
[2025-10-14 14:57:46,555] {processor.py:153} INFO - Started process (PID=13539) to work on /root/Projects/etlX/venv/lib/python3.9/site-packages/airflow/example_dags/example_python_operator.py
[2025-10-14 14:57:46,555] {processor.py:641} INFO - Processing file /root/Projects/etlX/venv/lib/python3.9/site-packages/airflow/example_dags/example_python_operator.py for tasks to queue
[2025-10-14 14:57:46,556] {logging_mixin.py:115} INFO - [2025-10-14 14:57:46,556] {dagbag.py:507} INFO - Filling up the DagBag from /root/Projects/etlX/venv/lib/python3.9/site-packages/airflow/example_dags/example_python_operator.py
[2025-10-14 14:57:46,585] {logging_mixin.py:115} INFO - [2025-10-14 14:57:46,585] {example_python_operator.py:68} WARNING - The virtalenv_python example task requires virtualenv, please install it.
[2025-10-14 14:57:46,585] {processor.py:651} INFO - DAG(s) dict_keys(['example_python_operator']) retrieved from /root/Projects/etlX/venv/lib/python3.9/site-packages/airflow/example_dags/example_python_operator.py
[2025-10-14 14:57:46,615] {logging_mixin.py:115} INFO - [2025-10-14 14:57:46,615] {dag.py:2379} INFO - Sync 1 DAGs
[2025-10-14 14:57:46,636] {logging_mixin.py:115} INFO - [2025-10-14 14:57:46,636] {dag.py:2927} INFO - Setting next_dagrun for example_python_operator to None, run_after=None
[2025-10-14 14:57:46,651] {processor.py:161} INFO - Processing /root/Projects/etlX/venv/lib/python3.9/site-packages/airflow/example_dags/example_python_operator.py took 0.102 seconds
[2025-10-14 14:58:20,426] {processor.py:153} INFO - Started process (PID=13696) to work on /root/Projects/etlX/venv/lib/python3.9/site-packages/airflow/example_dags/example_python_operator.py
[2025-10-14 14:58:20,427] {processor.py:641} INFO - Processing file /root/Projects/etlX/venv/lib/python3.9/site-packages/airflow/example_dags/example_python_operator.py for tasks to queue
[2025-10-14 14:58:20,429] {logging_mixin.py:115} INFO - [2025-10-14 14:58:20,428] {dagbag.py:507} INFO - Filling up the DagBag from /root/Projects/etlX/venv/lib/python3.9/site-packages/airflow/example_dags/example_python_operator.py
[2025-10-14 14:58:20,456] {logging_mixin.py:115} INFO - [2025-10-14 14:58:20,456] {example_python_operator.py:68} WARNING - The virtalenv_python example task requires virtualenv, please install it.
[2025-10-14 14:58:20,457] {processor.py:651} INFO - DAG(s) dict_keys(['example_python_operator']) retrieved from /root/Projects/etlX/venv/lib/python3.9/site-packages/airflow/example_dags/example_python_operator.py
[2025-10-14 14:58:20,478] {logging_mixin.py:115} INFO - [2025-10-14 14:58:20,478] {dag.py:2379} INFO - Sync 1 DAGs
[2025-10-14 14:58:20,493] {logging_mixin.py:115} INFO - [2025-10-14 14:58:20,493] {dag.py:2927} INFO - Setting next_dagrun for example_python_operator to None, run_after=None
[2025-10-14 14:58:20,503] {processor.py:161} INFO - Processing /root/Projects/etlX/venv/lib/python3.9/site-packages/airflow/example_dags/example_python_operator.py took 0.085 seconds
[2025-10-14 14:58:53,462] {processor.py:153} INFO - Started process (PID=13751) to work on /root/Projects/etlX/venv/lib/python3.9/site-packages/airflow/example_dags/example_python_operator.py
[2025-10-14 14:58:53,463] {processor.py:641} INFO - Processing file /root/Projects/etlX/venv/lib/python3.9/site-packages/airflow/example_dags/example_python_operator.py for tasks to queue
[2025-10-14 14:58:53,464] {logging_mixin.py:115} INFO - [2025-10-14 14:58:53,464] {dagbag.py:507} INFO - Filling up the DagBag from /root/Projects/etlX/venv/lib/python3.9/site-packages/airflow/example_dags/example_python_operator.py
[2025-10-14 14:58:53,489] {logging_mixin.py:115} INFO - [2025-10-14 14:58:53,489] {example_python_operator.py:68} WARNING - The virtalenv_python example task requires virtualenv, please install it.
[2025-10-14 14:58:53,489] {processor.py:651} INFO - DAG(s) dict_keys(['example_python_operator']) retrieved from /root/Projects/etlX/venv/lib/python3.9/site-packages/airflow/example_dags/example_python_operator.py
[2025-10-14 14:58:53,510] {logging_mixin.py:115} INFO - [2025-10-14 14:58:53,510] {dag.py:2379} INFO - Sync 1 DAGs
[2025-10-14 14:58:53,525] {logging_mixin.py:115} INFO - [2025-10-14 14:58:53,525] {dag.py:2927} INFO - Setting next_dagrun for example_python_operator to None, run_after=None
[2025-10-14 14:58:53,535] {processor.py:161} INFO - Processing /root/Projects/etlX/venv/lib/python3.9/site-packages/airflow/example_dags/example_python_operator.py took 0.081 seconds
[2025-10-14 14:59:27,898] {processor.py:153} INFO - Started process (PID=13965) to work on /root/Projects/etlX/venv/lib/python3.9/site-packages/airflow/example_dags/example_python_operator.py
[2025-10-14 14:59:27,899] {processor.py:641} INFO - Processing file /root/Projects/etlX/venv/lib/python3.9/site-packages/airflow/example_dags/example_python_operator.py for tasks to queue
[2025-10-14 14:59:27,900] {logging_mixin.py:115} INFO - [2025-10-14 14:59:27,900] {dagbag.py:507} INFO - Filling up the DagBag from /root/Projects/etlX/venv/lib/python3.9/site-packages/airflow/example_dags/example_python_operator.py
[2025-10-14 14:59:27,921] {logging_mixin.py:115} INFO - [2025-10-14 14:59:27,921] {example_python_operator.py:68} WARNING - The virtalenv_python example task requires virtualenv, please install it.
[2025-10-14 14:59:27,922] {processor.py:651} INFO - DAG(s) dict_keys(['example_python_operator']) retrieved from /root/Projects/etlX/venv/lib/python3.9/site-packages/airflow/example_dags/example_python_operator.py
[2025-10-14 14:59:27,945] {logging_mixin.py:115} INFO - [2025-10-14 14:59:27,944] {dag.py:2379} INFO - Sync 1 DAGs
[2025-10-14 14:59:27,961] {logging_mixin.py:115} INFO - [2025-10-14 14:59:27,961] {dag.py:2927} INFO - Setting next_dagrun for example_python_operator to None, run_after=None
[2025-10-14 14:59:27,972] {processor.py:161} INFO - Processing /root/Projects/etlX/venv/lib/python3.9/site-packages/airflow/example_dags/example_python_operator.py took 0.078 seconds
[2025-10-14 15:00:01,970] {processor.py:153} INFO - Started process (PID=14020) to work on /root/Projects/etlX/venv/lib/python3.9/site-packages/airflow/example_dags/example_python_operator.py
[2025-10-14 15:00:01,971] {processor.py:641} INFO - Processing file /root/Projects/etlX/venv/lib/python3.9/site-packages/airflow/example_dags/example_python_operator.py for tasks to queue
[2025-10-14 15:00:01,971] {logging_mixin.py:115} INFO - [2025-10-14 15:00:01,971] {dagbag.py:507} INFO - Filling up the DagBag from /root/Projects/etlX/venv/lib/python3.9/site-packages/airflow/example_dags/example_python_operator.py
[2025-10-14 15:00:01,996] {logging_mixin.py:115} INFO - [2025-10-14 15:00:01,996] {example_python_operator.py:68} WARNING - The virtalenv_python example task requires virtualenv, please install it.
[2025-10-14 15:00:01,996] {processor.py:651} INFO - DAG(s) dict_keys(['example_python_operator']) retrieved from /root/Projects/etlX/venv/lib/python3.9/site-packages/airflow/example_dags/example_python_operator.py
[2025-10-14 15:00:02,023] {logging_mixin.py:115} INFO - [2025-10-14 15:00:02,023] {dag.py:2379} INFO - Sync 1 DAGs
[2025-10-14 15:00:02,042] {logging_mixin.py:115} INFO - [2025-10-14 15:00:02,042] {dag.py:2927} INFO - Setting next_dagrun for example_python_operator to None, run_after=None
[2025-10-14 15:00:02,055] {processor.py:161} INFO - Processing /root/Projects/etlX/venv/lib/python3.9/site-packages/airflow/example_dags/example_python_operator.py took 0.090 seconds
[2025-10-14 15:00:34,952] {processor.py:153} INFO - Started process (PID=14078) to work on /root/Projects/etlX/venv/lib/python3.9/site-packages/airflow/example_dags/example_python_operator.py
[2025-10-14 15:00:34,953] {processor.py:641} INFO - Processing file /root/Projects/etlX/venv/lib/python3.9/site-packages/airflow/example_dags/example_python_operator.py for tasks to queue
[2025-10-14 15:00:34,953] {logging_mixin.py:115} INFO - [2025-10-14 15:00:34,953] {dagbag.py:507} INFO - Filling up the DagBag from /root/Projects/etlX/venv/lib/python3.9/site-packages/airflow/example_dags/example_python_operator.py
[2025-10-14 15:00:34,977] {logging_mixin.py:115} INFO - [2025-10-14 15:00:34,977] {example_python_operator.py:68} WARNING - The virtalenv_python example task requires virtualenv, please install it.
[2025-10-14 15:00:34,977] {processor.py:651} INFO - DAG(s) dict_keys(['example_python_operator']) retrieved from /root/Projects/etlX/venv/lib/python3.9/site-packages/airflow/example_dags/example_python_operator.py
[2025-10-14 15:00:35,002] {logging_mixin.py:115} INFO - [2025-10-14 15:00:35,002] {dag.py:2379} INFO - Sync 1 DAGs
[2025-10-14 15:00:35,020] {logging_mixin.py:115} INFO - [2025-10-14 15:00:35,019] {dag.py:2927} INFO - Setting next_dagrun for example_python_operator to None, run_after=None
[2025-10-14 15:00:35,031] {processor.py:161} INFO - Processing /root/Projects/etlX/venv/lib/python3.9/site-packages/airflow/example_dags/example_python_operator.py took 0.084 seconds
[2025-10-14 15:01:09,057] {processor.py:153} INFO - Started process (PID=14439) to work on /root/Projects/etlX/venv/lib/python3.9/site-packages/airflow/example_dags/example_python_operator.py
[2025-10-14 15:01:09,058] {processor.py:641} INFO - Processing file /root/Projects/etlX/venv/lib/python3.9/site-packages/airflow/example_dags/example_python_operator.py for tasks to queue
[2025-10-14 15:01:09,059] {logging_mixin.py:115} INFO - [2025-10-14 15:01:09,059] {dagbag.py:507} INFO - Filling up the DagBag from /root/Projects/etlX/venv/lib/python3.9/site-packages/airflow/example_dags/example_python_operator.py
[2025-10-14 15:01:09,088] {logging_mixin.py:115} INFO - [2025-10-14 15:01:09,087] {example_python_operator.py:68} WARNING - The virtalenv_python example task requires virtualenv, please install it.
[2025-10-14 15:01:09,088] {processor.py:651} INFO - DAG(s) dict_keys(['example_python_operator']) retrieved from /root/Projects/etlX/venv/lib/python3.9/site-packages/airflow/example_dags/example_python_operator.py
[2025-10-14 15:01:09,114] {logging_mixin.py:115} INFO - [2025-10-14 15:01:09,114] {dag.py:2379} INFO - Sync 1 DAGs
[2025-10-14 15:01:09,132] {logging_mixin.py:115} INFO - [2025-10-14 15:01:09,132] {dag.py:2927} INFO - Setting next_dagrun for example_python_operator to None, run_after=None
[2025-10-14 15:01:09,144] {processor.py:161} INFO - Processing /root/Projects/etlX/venv/lib/python3.9/site-packages/airflow/example_dags/example_python_operator.py took 0.094 seconds
[2025-10-14 15:01:42,898] {processor.py:153} INFO - Started process (PID=14549) to work on /root/Projects/etlX/venv/lib/python3.9/site-packages/airflow/example_dags/example_python_operator.py
[2025-10-14 15:01:42,899] {processor.py:641} INFO - Processing file /root/Projects/etlX/venv/lib/python3.9/site-packages/airflow/example_dags/example_python_operator.py for tasks to queue
[2025-10-14 15:01:42,899] {logging_mixin.py:115} INFO - [2025-10-14 15:01:42,899] {dagbag.py:507} INFO - Filling up the DagBag from /root/Projects/etlX/venv/lib/python3.9/site-packages/airflow/example_dags/example_python_operator.py
[2025-10-14 15:01:42,923] {logging_mixin.py:115} INFO - [2025-10-14 15:01:42,923] {example_python_operator.py:68} WARNING - The virtalenv_python example task requires virtualenv, please install it.
[2025-10-14 15:01:42,923] {processor.py:651} INFO - DAG(s) dict_keys(['example_python_operator']) retrieved from /root/Projects/etlX/venv/lib/python3.9/site-packages/airflow/example_dags/example_python_operator.py
[2025-10-14 15:01:42,947] {logging_mixin.py:115} INFO - [2025-10-14 15:01:42,947] {dag.py:2379} INFO - Sync 1 DAGs
[2025-10-14 15:01:42,964] {logging_mixin.py:115} INFO - [2025-10-14 15:01:42,964] {dag.py:2927} INFO - Setting next_dagrun for example_python_operator to None, run_after=None
[2025-10-14 15:01:42,976] {processor.py:161} INFO - Processing /root/Projects/etlX/venv/lib/python3.9/site-packages/airflow/example_dags/example_python_operator.py took 0.086 seconds
[2025-10-14 15:02:17,548] {processor.py:153} INFO - Started process (PID=14809) to work on /root/Projects/etlX/venv/lib/python3.9/site-packages/airflow/example_dags/example_python_operator.py
[2025-10-14 15:02:17,549] {processor.py:641} INFO - Processing file /root/Projects/etlX/venv/lib/python3.9/site-packages/airflow/example_dags/example_python_operator.py for tasks to queue
[2025-10-14 15:02:17,549] {logging_mixin.py:115} INFO - [2025-10-14 15:02:17,549] {dagbag.py:507} INFO - Filling up the DagBag from /root/Projects/etlX/venv/lib/python3.9/site-packages/airflow/example_dags/example_python_operator.py
[2025-10-14 15:02:17,571] {logging_mixin.py:115} INFO - [2025-10-14 15:02:17,571] {example_python_operator.py:68} WARNING - The virtalenv_python example task requires virtualenv, please install it.
[2025-10-14 15:02:17,572] {processor.py:651} INFO - DAG(s) dict_keys(['example_python_operator']) retrieved from /root/Projects/etlX/venv/lib/python3.9/site-packages/airflow/example_dags/example_python_operator.py
[2025-10-14 15:02:17,595] {logging_mixin.py:115} INFO - [2025-10-14 15:02:17,595] {dag.py:2379} INFO - Sync 1 DAGs
[2025-10-14 15:02:17,612] {logging_mixin.py:115} INFO - [2025-10-14 15:02:17,611] {dag.py:2927} INFO - Setting next_dagrun for example_python_operator to None, run_after=None
[2025-10-14 15:02:17,624] {processor.py:161} INFO - Processing /root/Projects/etlX/venv/lib/python3.9/site-packages/airflow/example_dags/example_python_operator.py took 0.081 seconds
[2025-10-14 15:02:51,864] {processor.py:153} INFO - Started process (PID=14929) to work on /root/Projects/etlX/venv/lib/python3.9/site-packages/airflow/example_dags/example_python_operator.py
[2025-10-14 15:02:51,864] {processor.py:641} INFO - Processing file /root/Projects/etlX/venv/lib/python3.9/site-packages/airflow/example_dags/example_python_operator.py for tasks to queue
[2025-10-14 15:02:51,865] {logging_mixin.py:115} INFO - [2025-10-14 15:02:51,865] {dagbag.py:507} INFO - Filling up the DagBag from /root/Projects/etlX/venv/lib/python3.9/site-packages/airflow/example_dags/example_python_operator.py
[2025-10-14 15:02:51,890] {logging_mixin.py:115} INFO - [2025-10-14 15:02:51,890] {example_python_operator.py:68} WARNING - The virtalenv_python example task requires virtualenv, please install it.
[2025-10-14 15:02:51,892] {processor.py:651} INFO - DAG(s) dict_keys(['example_python_operator']) retrieved from /root/Projects/etlX/venv/lib/python3.9/site-packages/airflow/example_dags/example_python_operator.py
[2025-10-14 15:02:51,917] {logging_mixin.py:115} INFO - [2025-10-14 15:02:51,917] {dag.py:2379} INFO - Sync 1 DAGs
[2025-10-14 15:02:51,945] {logging_mixin.py:115} INFO - [2025-10-14 15:02:51,945] {dag.py:2927} INFO - Setting next_dagrun for example_python_operator to None, run_after=None
[2025-10-14 15:02:51,983] {processor.py:161} INFO - Processing /root/Projects/etlX/venv/lib/python3.9/site-packages/airflow/example_dags/example_python_operator.py took 0.125 seconds
[2025-10-14 15:03:24,865] {processor.py:153} INFO - Started process (PID=15027) to work on /root/Projects/etlX/venv/lib/python3.9/site-packages/airflow/example_dags/example_python_operator.py
[2025-10-14 15:03:24,866] {processor.py:641} INFO - Processing file /root/Projects/etlX/venv/lib/python3.9/site-packages/airflow/example_dags/example_python_operator.py for tasks to queue
[2025-10-14 15:03:24,867] {logging_mixin.py:115} INFO - [2025-10-14 15:03:24,866] {dagbag.py:507} INFO - Filling up the DagBag from /root/Projects/etlX/venv/lib/python3.9/site-packages/airflow/example_dags/example_python_operator.py
[2025-10-14 15:03:24,895] {logging_mixin.py:115} INFO - [2025-10-14 15:03:24,895] {example_python_operator.py:68} WARNING - The virtalenv_python example task requires virtualenv, please install it.
[2025-10-14 15:03:24,896] {processor.py:651} INFO - DAG(s) dict_keys(['example_python_operator']) retrieved from /root/Projects/etlX/venv/lib/python3.9/site-packages/airflow/example_dags/example_python_operator.py
[2025-10-14 15:03:24,926] {logging_mixin.py:115} INFO - [2025-10-14 15:03:24,926] {dag.py:2379} INFO - Sync 1 DAGs
[2025-10-14 15:03:24,950] {logging_mixin.py:115} INFO - [2025-10-14 15:03:24,950] {dag.py:2927} INFO - Setting next_dagrun for example_python_operator to None, run_after=None
[2025-10-14 15:03:24,967] {processor.py:161} INFO - Processing /root/Projects/etlX/venv/lib/python3.9/site-packages/airflow/example_dags/example_python_operator.py took 0.108 seconds
[2025-10-14 15:09:58,512] {processor.py:153} INFO - Started process (PID=15860) to work on /root/Projects/etlX/venv/lib/python3.9/site-packages/airflow/example_dags/example_python_operator.py
[2025-10-14 15:09:58,512] {processor.py:641} INFO - Processing file /root/Projects/etlX/venv/lib/python3.9/site-packages/airflow/example_dags/example_python_operator.py for tasks to queue
[2025-10-14 15:09:58,513] {logging_mixin.py:115} INFO - [2025-10-14 15:09:58,513] {dagbag.py:507} INFO - Filling up the DagBag from /root/Projects/etlX/venv/lib/python3.9/site-packages/airflow/example_dags/example_python_operator.py
[2025-10-14 15:09:58,536] {logging_mixin.py:115} INFO - [2025-10-14 15:09:58,536] {example_python_operator.py:68} WARNING - The virtalenv_python example task requires virtualenv, please install it.
[2025-10-14 15:09:58,537] {processor.py:651} INFO - DAG(s) dict_keys(['example_python_operator']) retrieved from /root/Projects/etlX/venv/lib/python3.9/site-packages/airflow/example_dags/example_python_operator.py
[2025-10-14 15:09:58,560] {logging_mixin.py:115} INFO - [2025-10-14 15:09:58,560] {dag.py:2379} INFO - Sync 1 DAGs
[2025-10-14 15:09:58,578] {logging_mixin.py:115} INFO - [2025-10-14 15:09:58,577] {dag.py:2927} INFO - Setting next_dagrun for example_python_operator to None, run_after=None
[2025-10-14 15:09:58,589] {processor.py:161} INFO - Processing /root/Projects/etlX/venv/lib/python3.9/site-packages/airflow/example_dags/example_python_operator.py took 0.083 seconds
[2025-10-14 15:10:33,473] {processor.py:153} INFO - Started process (PID=15944) to work on /root/Projects/etlX/venv/lib/python3.9/site-packages/airflow/example_dags/example_python_operator.py
[2025-10-14 15:10:33,474] {processor.py:641} INFO - Processing file /root/Projects/etlX/venv/lib/python3.9/site-packages/airflow/example_dags/example_python_operator.py for tasks to queue
[2025-10-14 15:10:33,475] {logging_mixin.py:115} INFO - [2025-10-14 15:10:33,475] {dagbag.py:507} INFO - Filling up the DagBag from /root/Projects/etlX/venv/lib/python3.9/site-packages/airflow/example_dags/example_python_operator.py
[2025-10-14 15:10:33,497] {logging_mixin.py:115} INFO - [2025-10-14 15:10:33,497] {example_python_operator.py:68} WARNING - The virtalenv_python example task requires virtualenv, please install it.
[2025-10-14 15:10:33,498] {processor.py:651} INFO - DAG(s) dict_keys(['example_python_operator']) retrieved from /root/Projects/etlX/venv/lib/python3.9/site-packages/airflow/example_dags/example_python_operator.py
[2025-10-14 15:10:33,520] {logging_mixin.py:115} INFO - [2025-10-14 15:10:33,520] {dag.py:2379} INFO - Sync 1 DAGs
[2025-10-14 15:10:33,537] {logging_mixin.py:115} INFO - [2025-10-14 15:10:33,537] {dag.py:2927} INFO - Setting next_dagrun for example_python_operator to None, run_after=None
[2025-10-14 15:10:33,550] {processor.py:161} INFO - Processing /root/Projects/etlX/venv/lib/python3.9/site-packages/airflow/example_dags/example_python_operator.py took 0.081 seconds
[2025-10-14 15:11:08,090] {processor.py:153} INFO - Started process (PID=16002) to work on /root/Projects/etlX/venv/lib/python3.9/site-packages/airflow/example_dags/example_python_operator.py
[2025-10-14 15:11:08,091] {processor.py:641} INFO - Processing file /root/Projects/etlX/venv/lib/python3.9/site-packages/airflow/example_dags/example_python_operator.py for tasks to queue
[2025-10-14 15:11:08,092] {logging_mixin.py:115} INFO - [2025-10-14 15:11:08,092] {dagbag.py:507} INFO - Filling up the DagBag from /root/Projects/etlX/venv/lib/python3.9/site-packages/airflow/example_dags/example_python_operator.py
[2025-10-14 15:11:08,115] {logging_mixin.py:115} INFO - [2025-10-14 15:11:08,115] {example_python_operator.py:68} WARNING - The virtalenv_python example task requires virtualenv, please install it.
[2025-10-14 15:11:08,115] {processor.py:651} INFO - DAG(s) dict_keys(['example_python_operator']) retrieved from /root/Projects/etlX/venv/lib/python3.9/site-packages/airflow/example_dags/example_python_operator.py
[2025-10-14 15:11:08,142] {logging_mixin.py:115} INFO - [2025-10-14 15:11:08,142] {dag.py:2379} INFO - Sync 1 DAGs
[2025-10-14 15:11:08,161] {logging_mixin.py:115} INFO - [2025-10-14 15:11:08,161] {dag.py:2927} INFO - Setting next_dagrun for example_python_operator to None, run_after=None
[2025-10-14 15:11:08,174] {processor.py:161} INFO - Processing /root/Projects/etlX/venv/lib/python3.9/site-packages/airflow/example_dags/example_python_operator.py took 0.088 seconds
[2025-10-14 15:11:41,042] {processor.py:153} INFO - Started process (PID=16160) to work on /root/Projects/etlX/venv/lib/python3.9/site-packages/airflow/example_dags/example_python_operator.py
[2025-10-14 15:11:41,043] {processor.py:641} INFO - Processing file /root/Projects/etlX/venv/lib/python3.9/site-packages/airflow/example_dags/example_python_operator.py for tasks to queue
[2025-10-14 15:11:41,043] {logging_mixin.py:115} INFO - [2025-10-14 15:11:41,043] {dagbag.py:507} INFO - Filling up the DagBag from /root/Projects/etlX/venv/lib/python3.9/site-packages/airflow/example_dags/example_python_operator.py
[2025-10-14 15:11:41,067] {logging_mixin.py:115} INFO - [2025-10-14 15:11:41,067] {example_python_operator.py:68} WARNING - The virtalenv_python example task requires virtualenv, please install it.
[2025-10-14 15:11:41,067] {processor.py:651} INFO - DAG(s) dict_keys(['example_python_operator']) retrieved from /root/Projects/etlX/venv/lib/python3.9/site-packages/airflow/example_dags/example_python_operator.py
[2025-10-14 15:11:41,092] {logging_mixin.py:115} INFO - [2025-10-14 15:11:41,092] {dag.py:2379} INFO - Sync 1 DAGs
[2025-10-14 15:11:41,110] {logging_mixin.py:115} INFO - [2025-10-14 15:11:41,110] {dag.py:2927} INFO - Setting next_dagrun for example_python_operator to None, run_after=None
[2025-10-14 15:11:41,125] {processor.py:161} INFO - Processing /root/Projects/etlX/venv/lib/python3.9/site-packages/airflow/example_dags/example_python_operator.py took 0.088 seconds
[2025-10-14 15:12:15,924] {processor.py:153} INFO - Started process (PID=16218) to work on /root/Projects/etlX/venv/lib/python3.9/site-packages/airflow/example_dags/example_python_operator.py
[2025-10-14 15:12:15,926] {processor.py:641} INFO - Processing file /root/Projects/etlX/venv/lib/python3.9/site-packages/airflow/example_dags/example_python_operator.py for tasks to queue
[2025-10-14 15:12:15,926] {logging_mixin.py:115} INFO - [2025-10-14 15:12:15,926] {dagbag.py:507} INFO - Filling up the DagBag from /root/Projects/etlX/venv/lib/python3.9/site-packages/airflow/example_dags/example_python_operator.py
[2025-10-14 15:12:15,954] {logging_mixin.py:115} INFO - [2025-10-14 15:12:15,954] {example_python_operator.py:68} WARNING - The virtalenv_python example task requires virtualenv, please install it.
[2025-10-14 15:12:15,955] {processor.py:651} INFO - DAG(s) dict_keys(['example_python_operator']) retrieved from /root/Projects/etlX/venv/lib/python3.9/site-packages/airflow/example_dags/example_python_operator.py
[2025-10-14 15:12:15,986] {logging_mixin.py:115} INFO - [2025-10-14 15:12:15,986] {dag.py:2379} INFO - Sync 1 DAGs
[2025-10-14 15:12:16,007] {logging_mixin.py:115} INFO - [2025-10-14 15:12:16,007] {dag.py:2927} INFO - Setting next_dagrun for example_python_operator to None, run_after=None
[2025-10-14 15:12:16,024] {processor.py:161} INFO - Processing /root/Projects/etlX/venv/lib/python3.9/site-packages/airflow/example_dags/example_python_operator.py took 0.107 seconds
[2025-10-14 15:12:49,335] {processor.py:153} INFO - Started process (PID=16273) to work on /root/Projects/etlX/venv/lib/python3.9/site-packages/airflow/example_dags/example_python_operator.py
[2025-10-14 15:12:49,336] {processor.py:641} INFO - Processing file /root/Projects/etlX/venv/lib/python3.9/site-packages/airflow/example_dags/example_python_operator.py for tasks to queue
[2025-10-14 15:12:49,336] {logging_mixin.py:115} INFO - [2025-10-14 15:12:49,336] {dagbag.py:507} INFO - Filling up the DagBag from /root/Projects/etlX/venv/lib/python3.9/site-packages/airflow/example_dags/example_python_operator.py
[2025-10-14 15:12:49,363] {logging_mixin.py:115} INFO - [2025-10-14 15:12:49,363] {example_python_operator.py:68} WARNING - The virtalenv_python example task requires virtualenv, please install it.
[2025-10-14 15:12:49,364] {processor.py:651} INFO - DAG(s) dict_keys(['example_python_operator']) retrieved from /root/Projects/etlX/venv/lib/python3.9/site-packages/airflow/example_dags/example_python_operator.py
[2025-10-14 15:12:49,385] {logging_mixin.py:115} INFO - [2025-10-14 15:12:49,385] {dag.py:2379} INFO - Sync 1 DAGs
[2025-10-14 15:12:49,400] {logging_mixin.py:115} INFO - [2025-10-14 15:12:49,400] {dag.py:2927} INFO - Setting next_dagrun for example_python_operator to None, run_after=None
[2025-10-14 15:12:49,410] {processor.py:161} INFO - Processing /root/Projects/etlX/venv/lib/python3.9/site-packages/airflow/example_dags/example_python_operator.py took 0.082 seconds
[2025-10-14 15:13:23,142] {processor.py:153} INFO - Started process (PID=16331) to work on /root/Projects/etlX/venv/lib/python3.9/site-packages/airflow/example_dags/example_python_operator.py
[2025-10-14 15:13:23,142] {processor.py:641} INFO - Processing file /root/Projects/etlX/venv/lib/python3.9/site-packages/airflow/example_dags/example_python_operator.py for tasks to queue
[2025-10-14 15:13:23,143] {logging_mixin.py:115} INFO - [2025-10-14 15:13:23,143] {dagbag.py:507} INFO - Filling up the DagBag from /root/Projects/etlX/venv/lib/python3.9/site-packages/airflow/example_dags/example_python_operator.py
[2025-10-14 15:13:23,165] {logging_mixin.py:115} INFO - [2025-10-14 15:13:23,165] {example_python_operator.py:68} WARNING - The virtalenv_python example task requires virtualenv, please install it.
[2025-10-14 15:13:23,165] {processor.py:651} INFO - DAG(s) dict_keys(['example_python_operator']) retrieved from /root/Projects/etlX/venv/lib/python3.9/site-packages/airflow/example_dags/example_python_operator.py
[2025-10-14 15:13:23,189] {logging_mixin.py:115} INFO - [2025-10-14 15:13:23,189] {dag.py:2379} INFO - Sync 1 DAGs
[2025-10-14 15:13:23,206] {logging_mixin.py:115} INFO - [2025-10-14 15:13:23,206] {dag.py:2927} INFO - Setting next_dagrun for example_python_operator to None, run_after=None
[2025-10-14 15:13:23,218] {processor.py:161} INFO - Processing /root/Projects/etlX/venv/lib/python3.9/site-packages/airflow/example_dags/example_python_operator.py took 0.080 seconds
[2025-10-14 15:13:56,426] {processor.py:153} INFO - Started process (PID=16386) to work on /root/Projects/etlX/venv/lib/python3.9/site-packages/airflow/example_dags/example_python_operator.py
[2025-10-14 15:13:56,427] {processor.py:641} INFO - Processing file /root/Projects/etlX/venv/lib/python3.9/site-packages/airflow/example_dags/example_python_operator.py for tasks to queue
[2025-10-14 15:13:56,427] {logging_mixin.py:115} INFO - [2025-10-14 15:13:56,427] {dagbag.py:507} INFO - Filling up the DagBag from /root/Projects/etlX/venv/lib/python3.9/site-packages/airflow/example_dags/example_python_operator.py
[2025-10-14 15:13:56,448] {logging_mixin.py:115} INFO - [2025-10-14 15:13:56,448] {example_python_operator.py:68} WARNING - The virtalenv_python example task requires virtualenv, please install it.
[2025-10-14 15:13:56,448] {processor.py:651} INFO - DAG(s) dict_keys(['example_python_operator']) retrieved from /root/Projects/etlX/venv/lib/python3.9/site-packages/airflow/example_dags/example_python_operator.py
[2025-10-14 15:13:56,471] {logging_mixin.py:115} INFO - [2025-10-14 15:13:56,470] {dag.py:2379} INFO - Sync 1 DAGs
[2025-10-14 15:13:56,486] {logging_mixin.py:115} INFO - [2025-10-14 15:13:56,486] {dag.py:2927} INFO - Setting next_dagrun for example_python_operator to None, run_after=None
[2025-10-14 15:13:56,496] {processor.py:161} INFO - Processing /root/Projects/etlX/venv/lib/python3.9/site-packages/airflow/example_dags/example_python_operator.py took 0.074 seconds
[2025-10-14 15:14:29,702] {processor.py:153} INFO - Started process (PID=16444) to work on /root/Projects/etlX/venv/lib/python3.9/site-packages/airflow/example_dags/example_python_operator.py
[2025-10-14 15:14:29,702] {processor.py:641} INFO - Processing file /root/Projects/etlX/venv/lib/python3.9/site-packages/airflow/example_dags/example_python_operator.py for tasks to queue
[2025-10-14 15:14:29,703] {logging_mixin.py:115} INFO - [2025-10-14 15:14:29,703] {dagbag.py:507} INFO - Filling up the DagBag from /root/Projects/etlX/venv/lib/python3.9/site-packages/airflow/example_dags/example_python_operator.py
[2025-10-14 15:14:29,724] {logging_mixin.py:115} INFO - [2025-10-14 15:14:29,724] {example_python_operator.py:68} WARNING - The virtalenv_python example task requires virtualenv, please install it.
[2025-10-14 15:14:29,725] {processor.py:651} INFO - DAG(s) dict_keys(['example_python_operator']) retrieved from /root/Projects/etlX/venv/lib/python3.9/site-packages/airflow/example_dags/example_python_operator.py
[2025-10-14 15:14:29,749] {logging_mixin.py:115} INFO - [2025-10-14 15:14:29,749] {dag.py:2379} INFO - Sync 1 DAGs
[2025-10-14 15:14:29,766] {logging_mixin.py:115} INFO - [2025-10-14 15:14:29,766] {dag.py:2927} INFO - Setting next_dagrun for example_python_operator to None, run_after=None
[2025-10-14 15:14:29,778] {processor.py:161} INFO - Processing /root/Projects/etlX/venv/lib/python3.9/site-packages/airflow/example_dags/example_python_operator.py took 0.081 seconds
[2025-10-14 15:15:04,955] {processor.py:153} INFO - Started process (PID=16551) to work on /root/Projects/etlX/venv/lib/python3.9/site-packages/airflow/example_dags/example_python_operator.py
[2025-10-14 15:15:04,956] {processor.py:641} INFO - Processing file /root/Projects/etlX/venv/lib/python3.9/site-packages/airflow/example_dags/example_python_operator.py for tasks to queue
[2025-10-14 15:15:04,957] {logging_mixin.py:115} INFO - [2025-10-14 15:15:04,957] {dagbag.py:507} INFO - Filling up the DagBag from /root/Projects/etlX/venv/lib/python3.9/site-packages/airflow/example_dags/example_python_operator.py
[2025-10-14 15:15:04,978] {logging_mixin.py:115} INFO - [2025-10-14 15:15:04,978] {example_python_operator.py:68} WARNING - The virtalenv_python example task requires virtualenv, please install it.
[2025-10-14 15:15:04,978] {processor.py:651} INFO - DAG(s) dict_keys(['example_python_operator']) retrieved from /root/Projects/etlX/venv/lib/python3.9/site-packages/airflow/example_dags/example_python_operator.py
[2025-10-14 15:15:05,001] {logging_mixin.py:115} INFO - [2025-10-14 15:15:05,000] {dag.py:2379} INFO - Sync 1 DAGs
[2025-10-14 15:15:05,021] {logging_mixin.py:115} INFO - [2025-10-14 15:15:05,021] {dag.py:2927} INFO - Setting next_dagrun for example_python_operator to None, run_after=None
[2025-10-14 15:15:05,034] {processor.py:161} INFO - Processing /root/Projects/etlX/venv/lib/python3.9/site-packages/airflow/example_dags/example_python_operator.py took 0.085 seconds
[2025-10-14 15:15:41,172] {processor.py:153} INFO - Started process (PID=16613) to work on /root/Projects/etlX/venv/lib/python3.9/site-packages/airflow/example_dags/example_python_operator.py
[2025-10-14 15:15:41,173] {processor.py:641} INFO - Processing file /root/Projects/etlX/venv/lib/python3.9/site-packages/airflow/example_dags/example_python_operator.py for tasks to queue
[2025-10-14 15:15:41,173] {logging_mixin.py:115} INFO - [2025-10-14 15:15:41,173] {dagbag.py:507} INFO - Filling up the DagBag from /root/Projects/etlX/venv/lib/python3.9/site-packages/airflow/example_dags/example_python_operator.py
[2025-10-14 15:15:41,193] {logging_mixin.py:115} INFO - [2025-10-14 15:15:41,193] {example_python_operator.py:68} WARNING - The virtalenv_python example task requires virtualenv, please install it.
[2025-10-14 15:15:41,193] {processor.py:651} INFO - DAG(s) dict_keys(['example_python_operator']) retrieved from /root/Projects/etlX/venv/lib/python3.9/site-packages/airflow/example_dags/example_python_operator.py
[2025-10-14 15:15:41,215] {logging_mixin.py:115} INFO - [2025-10-14 15:15:41,215] {dag.py:2379} INFO - Sync 1 DAGs
[2025-10-14 15:15:41,229] {logging_mixin.py:115} INFO - [2025-10-14 15:15:41,229] {dag.py:2927} INFO - Setting next_dagrun for example_python_operator to None, run_after=None
[2025-10-14 15:15:41,240] {processor.py:161} INFO - Processing /root/Projects/etlX/venv/lib/python3.9/site-packages/airflow/example_dags/example_python_operator.py took 0.072 seconds
[2025-10-14 15:16:15,761] {processor.py:153} INFO - Started process (PID=16772) to work on /root/Projects/etlX/venv/lib/python3.9/site-packages/airflow/example_dags/example_python_operator.py
[2025-10-14 15:16:15,761] {processor.py:641} INFO - Processing file /root/Projects/etlX/venv/lib/python3.9/site-packages/airflow/example_dags/example_python_operator.py for tasks to queue
[2025-10-14 15:16:15,762] {logging_mixin.py:115} INFO - [2025-10-14 15:16:15,762] {dagbag.py:507} INFO - Filling up the DagBag from /root/Projects/etlX/venv/lib/python3.9/site-packages/airflow/example_dags/example_python_operator.py
[2025-10-14 15:16:15,784] {logging_mixin.py:115} INFO - [2025-10-14 15:16:15,784] {example_python_operator.py:68} WARNING - The virtalenv_python example task requires virtualenv, please install it.
[2025-10-14 15:16:15,784] {processor.py:651} INFO - DAG(s) dict_keys(['example_python_operator']) retrieved from /root/Projects/etlX/venv/lib/python3.9/site-packages/airflow/example_dags/example_python_operator.py
[2025-10-14 15:16:15,807] {logging_mixin.py:115} INFO - [2025-10-14 15:16:15,807] {dag.py:2379} INFO - Sync 1 DAGs
[2025-10-14 15:16:15,824] {logging_mixin.py:115} INFO - [2025-10-14 15:16:15,824] {dag.py:2927} INFO - Setting next_dagrun for example_python_operator to None, run_after=None
[2025-10-14 15:16:15,836] {processor.py:161} INFO - Processing /root/Projects/etlX/venv/lib/python3.9/site-packages/airflow/example_dags/example_python_operator.py took 0.084 seconds
[2025-10-14 15:16:49,701] {processor.py:153} INFO - Started process (PID=17035) to work on /root/Projects/etlX/venv/lib/python3.9/site-packages/airflow/example_dags/example_python_operator.py
[2025-10-14 15:16:49,701] {processor.py:641} INFO - Processing file /root/Projects/etlX/venv/lib/python3.9/site-packages/airflow/example_dags/example_python_operator.py for tasks to queue
[2025-10-14 15:16:49,702] {logging_mixin.py:115} INFO - [2025-10-14 15:16:49,702] {dagbag.py:507} INFO - Filling up the DagBag from /root/Projects/etlX/venv/lib/python3.9/site-packages/airflow/example_dags/example_python_operator.py
[2025-10-14 15:16:49,723] {logging_mixin.py:115} INFO - [2025-10-14 15:16:49,723] {example_python_operator.py:68} WARNING - The virtalenv_python example task requires virtualenv, please install it.
[2025-10-14 15:16:49,723] {processor.py:651} INFO - DAG(s) dict_keys(['example_python_operator']) retrieved from /root/Projects/etlX/venv/lib/python3.9/site-packages/airflow/example_dags/example_python_operator.py
[2025-10-14 15:16:49,745] {logging_mixin.py:115} INFO - [2025-10-14 15:16:49,745] {dag.py:2379} INFO - Sync 1 DAGs
[2025-10-14 15:16:49,761] {logging_mixin.py:115} INFO - [2025-10-14 15:16:49,761] {dag.py:2927} INFO - Setting next_dagrun for example_python_operator to None, run_after=None
[2025-10-14 15:16:49,772] {processor.py:161} INFO - Processing /root/Projects/etlX/venv/lib/python3.9/site-packages/airflow/example_dags/example_python_operator.py took 0.075 seconds
[2025-10-14 15:17:24,298] {processor.py:153} INFO - Started process (PID=17091) to work on /root/Projects/etlX/venv/lib/python3.9/site-packages/airflow/example_dags/example_python_operator.py
[2025-10-14 15:17:24,299] {processor.py:641} INFO - Processing file /root/Projects/etlX/venv/lib/python3.9/site-packages/airflow/example_dags/example_python_operator.py for tasks to queue
[2025-10-14 15:17:24,300] {logging_mixin.py:115} INFO - [2025-10-14 15:17:24,300] {dagbag.py:507} INFO - Filling up the DagBag from /root/Projects/etlX/venv/lib/python3.9/site-packages/airflow/example_dags/example_python_operator.py
[2025-10-14 15:17:24,322] {logging_mixin.py:115} INFO - [2025-10-14 15:17:24,322] {example_python_operator.py:68} WARNING - The virtalenv_python example task requires virtualenv, please install it.
[2025-10-14 15:17:24,322] {processor.py:651} INFO - DAG(s) dict_keys(['example_python_operator']) retrieved from /root/Projects/etlX/venv/lib/python3.9/site-packages/airflow/example_dags/example_python_operator.py
[2025-10-14 15:17:24,348] {logging_mixin.py:115} INFO - [2025-10-14 15:17:24,347] {dag.py:2379} INFO - Sync 1 DAGs
[2025-10-14 15:17:24,364] {logging_mixin.py:115} INFO - [2025-10-14 15:17:24,364] {dag.py:2927} INFO - Setting next_dagrun for example_python_operator to None, run_after=None
[2025-10-14 15:17:24,377] {processor.py:161} INFO - Processing /root/Projects/etlX/venv/lib/python3.9/site-packages/airflow/example_dags/example_python_operator.py took 0.083 seconds
[2025-10-14 15:58:56,661] {processor.py:153} INFO - Started process (PID=19848) to work on /root/Projects/etlX/venv/lib/python3.9/site-packages/airflow/example_dags/example_python_operator.py
[2025-10-14 15:58:56,662] {processor.py:641} INFO - Processing file /root/Projects/etlX/venv/lib/python3.9/site-packages/airflow/example_dags/example_python_operator.py for tasks to queue
[2025-10-14 15:58:56,663] {logging_mixin.py:115} INFO - [2025-10-14 15:58:56,663] {dagbag.py:507} INFO - Filling up the DagBag from /root/Projects/etlX/venv/lib/python3.9/site-packages/airflow/example_dags/example_python_operator.py
[2025-10-14 15:58:56,684] {logging_mixin.py:115} INFO - [2025-10-14 15:58:56,683] {example_python_operator.py:68} WARNING - The virtalenv_python example task requires virtualenv, please install it.
[2025-10-14 15:58:56,684] {processor.py:651} INFO - DAG(s) dict_keys(['example_python_operator']) retrieved from /root/Projects/etlX/venv/lib/python3.9/site-packages/airflow/example_dags/example_python_operator.py
[2025-10-14 15:58:56,706] {logging_mixin.py:115} INFO - [2025-10-14 15:58:56,706] {dag.py:2379} INFO - Sync 1 DAGs
[2025-10-14 15:58:56,722] {logging_mixin.py:115} INFO - [2025-10-14 15:58:56,722] {dag.py:2927} INFO - Setting next_dagrun for example_python_operator to None, run_after=None
[2025-10-14 15:58:56,733] {processor.py:161} INFO - Processing /root/Projects/etlX/venv/lib/python3.9/site-packages/airflow/example_dags/example_python_operator.py took 0.077 seconds
[2025-10-14 15:59:29,492] {processor.py:153} INFO - Started process (PID=20086) to work on /root/Projects/etlX/venv/lib/python3.9/site-packages/airflow/example_dags/example_python_operator.py
[2025-10-14 15:59:29,493] {processor.py:641} INFO - Processing file /root/Projects/etlX/venv/lib/python3.9/site-packages/airflow/example_dags/example_python_operator.py for tasks to queue
[2025-10-14 15:59:29,494] {logging_mixin.py:115} INFO - [2025-10-14 15:59:29,494] {dagbag.py:507} INFO - Filling up the DagBag from /root/Projects/etlX/venv/lib/python3.9/site-packages/airflow/example_dags/example_python_operator.py
[2025-10-14 15:59:29,519] {logging_mixin.py:115} INFO - [2025-10-14 15:59:29,519] {example_python_operator.py:68} WARNING - The virtalenv_python example task requires virtualenv, please install it.
[2025-10-14 15:59:29,519] {processor.py:651} INFO - DAG(s) dict_keys(['example_python_operator']) retrieved from /root/Projects/etlX/venv/lib/python3.9/site-packages/airflow/example_dags/example_python_operator.py
[2025-10-14 15:59:29,542] {logging_mixin.py:115} INFO - [2025-10-14 15:59:29,542] {dag.py:2379} INFO - Sync 1 DAGs
[2025-10-14 15:59:29,558] {logging_mixin.py:115} INFO - [2025-10-14 15:59:29,558] {dag.py:2927} INFO - Setting next_dagrun for example_python_operator to None, run_after=None
[2025-10-14 15:59:29,571] {processor.py:161} INFO - Processing /root/Projects/etlX/venv/lib/python3.9/site-packages/airflow/example_dags/example_python_operator.py took 0.086 seconds
[2025-10-14 16:00:02,754] {processor.py:153} INFO - Started process (PID=20144) to work on /root/Projects/etlX/venv/lib/python3.9/site-packages/airflow/example_dags/example_python_operator.py
[2025-10-14 16:00:02,755] {processor.py:641} INFO - Processing file /root/Projects/etlX/venv/lib/python3.9/site-packages/airflow/example_dags/example_python_operator.py for tasks to queue
[2025-10-14 16:00:02,756] {logging_mixin.py:115} INFO - [2025-10-14 16:00:02,755] {dagbag.py:507} INFO - Filling up the DagBag from /root/Projects/etlX/venv/lib/python3.9/site-packages/airflow/example_dags/example_python_operator.py
[2025-10-14 16:00:02,777] {logging_mixin.py:115} INFO - [2025-10-14 16:00:02,776] {example_python_operator.py:68} WARNING - The virtalenv_python example task requires virtualenv, please install it.
[2025-10-14 16:00:02,777] {processor.py:651} INFO - DAG(s) dict_keys(['example_python_operator']) retrieved from /root/Projects/etlX/venv/lib/python3.9/site-packages/airflow/example_dags/example_python_operator.py
[2025-10-14 16:00:02,799] {logging_mixin.py:115} INFO - [2025-10-14 16:00:02,799] {dag.py:2379} INFO - Sync 1 DAGs
[2025-10-14 16:00:02,814] {logging_mixin.py:115} INFO - [2025-10-14 16:00:02,814] {dag.py:2927} INFO - Setting next_dagrun for example_python_operator to None, run_after=None
[2025-10-14 16:00:02,825] {processor.py:161} INFO - Processing /root/Projects/etlX/venv/lib/python3.9/site-packages/airflow/example_dags/example_python_operator.py took 0.076 seconds
[2025-10-14 16:00:35,482] {processor.py:153} INFO - Started process (PID=20199) to work on /root/Projects/etlX/venv/lib/python3.9/site-packages/airflow/example_dags/example_python_operator.py
[2025-10-14 16:00:35,482] {processor.py:641} INFO - Processing file /root/Projects/etlX/venv/lib/python3.9/site-packages/airflow/example_dags/example_python_operator.py for tasks to queue
[2025-10-14 16:00:35,483] {logging_mixin.py:115} INFO - [2025-10-14 16:00:35,483] {dagbag.py:507} INFO - Filling up the DagBag from /root/Projects/etlX/venv/lib/python3.9/site-packages/airflow/example_dags/example_python_operator.py
[2025-10-14 16:00:35,507] {logging_mixin.py:115} INFO - [2025-10-14 16:00:35,507] {example_python_operator.py:68} WARNING - The virtalenv_python example task requires virtualenv, please install it.
[2025-10-14 16:00:35,508] {processor.py:651} INFO - DAG(s) dict_keys(['example_python_operator']) retrieved from /root/Projects/etlX/venv/lib/python3.9/site-packages/airflow/example_dags/example_python_operator.py
[2025-10-14 16:00:35,529] {logging_mixin.py:115} INFO - [2025-10-14 16:00:35,529] {dag.py:2379} INFO - Sync 1 DAGs
[2025-10-14 16:00:35,544] {logging_mixin.py:115} INFO - [2025-10-14 16:00:35,544] {dag.py:2927} INFO - Setting next_dagrun for example_python_operator to None, run_after=None
[2025-10-14 16:00:35,554] {processor.py:161} INFO - Processing /root/Projects/etlX/venv/lib/python3.9/site-packages/airflow/example_dags/example_python_operator.py took 0.078 seconds
[2025-10-14 16:01:08,582] {processor.py:153} INFO - Started process (PID=20254) to work on /root/Projects/etlX/venv/lib/python3.9/site-packages/airflow/example_dags/example_python_operator.py
[2025-10-14 16:01:08,583] {processor.py:641} INFO - Processing file /root/Projects/etlX/venv/lib/python3.9/site-packages/airflow/example_dags/example_python_operator.py for tasks to queue
[2025-10-14 16:01:08,584] {logging_mixin.py:115} INFO - [2025-10-14 16:01:08,584] {dagbag.py:507} INFO - Filling up the DagBag from /root/Projects/etlX/venv/lib/python3.9/site-packages/airflow/example_dags/example_python_operator.py
[2025-10-14 16:01:08,607] {logging_mixin.py:115} INFO - [2025-10-14 16:01:08,607] {example_python_operator.py:68} WARNING - The virtalenv_python example task requires virtualenv, please install it.
[2025-10-14 16:01:08,607] {processor.py:651} INFO - DAG(s) dict_keys(['example_python_operator']) retrieved from /root/Projects/etlX/venv/lib/python3.9/site-packages/airflow/example_dags/example_python_operator.py
[2025-10-14 16:01:08,632] {logging_mixin.py:115} INFO - [2025-10-14 16:01:08,632] {dag.py:2379} INFO - Sync 1 DAGs
[2025-10-14 16:01:08,649] {logging_mixin.py:115} INFO - [2025-10-14 16:01:08,649] {dag.py:2927} INFO - Setting next_dagrun for example_python_operator to None, run_after=None
[2025-10-14 16:01:08,662] {processor.py:161} INFO - Processing /root/Projects/etlX/venv/lib/python3.9/site-packages/airflow/example_dags/example_python_operator.py took 0.084 seconds
[2025-10-14 16:01:43,733] {processor.py:153} INFO - Started process (PID=20312) to work on /root/Projects/etlX/venv/lib/python3.9/site-packages/airflow/example_dags/example_python_operator.py
[2025-10-14 16:01:43,734] {processor.py:641} INFO - Processing file /root/Projects/etlX/venv/lib/python3.9/site-packages/airflow/example_dags/example_python_operator.py for tasks to queue
[2025-10-14 16:01:43,735] {logging_mixin.py:115} INFO - [2025-10-14 16:01:43,734] {dagbag.py:507} INFO - Filling up the DagBag from /root/Projects/etlX/venv/lib/python3.9/site-packages/airflow/example_dags/example_python_operator.py
[2025-10-14 16:01:43,761] {logging_mixin.py:115} INFO - [2025-10-14 16:01:43,761] {example_python_operator.py:68} WARNING - The virtalenv_python example task requires virtualenv, please install it.
[2025-10-14 16:01:43,762] {processor.py:651} INFO - DAG(s) dict_keys(['example_python_operator']) retrieved from /root/Projects/etlX/venv/lib/python3.9/site-packages/airflow/example_dags/example_python_operator.py
[2025-10-14 16:01:43,783] {logging_mixin.py:115} INFO - [2025-10-14 16:01:43,783] {dag.py:2379} INFO - Sync 1 DAGs
[2025-10-14 16:01:43,798] {logging_mixin.py:115} INFO - [2025-10-14 16:01:43,798] {dag.py:2927} INFO - Setting next_dagrun for example_python_operator to None, run_after=None
[2025-10-14 16:01:43,809] {processor.py:161} INFO - Processing /root/Projects/etlX/venv/lib/python3.9/site-packages/airflow/example_dags/example_python_operator.py took 0.084 seconds
[2025-10-14 16:02:18,226] {processor.py:153} INFO - Started process (PID=20370) to work on /root/Projects/etlX/venv/lib/python3.9/site-packages/airflow/example_dags/example_python_operator.py
[2025-10-14 16:02:18,227] {processor.py:641} INFO - Processing file /root/Projects/etlX/venv/lib/python3.9/site-packages/airflow/example_dags/example_python_operator.py for tasks to queue
[2025-10-14 16:02:18,227] {logging_mixin.py:115} INFO - [2025-10-14 16:02:18,227] {dagbag.py:507} INFO - Filling up the DagBag from /root/Projects/etlX/venv/lib/python3.9/site-packages/airflow/example_dags/example_python_operator.py
[2025-10-14 16:02:18,254] {logging_mixin.py:115} INFO - [2025-10-14 16:02:18,254] {example_python_operator.py:68} WARNING - The virtalenv_python example task requires virtualenv, please install it.
[2025-10-14 16:02:18,254] {processor.py:651} INFO - DAG(s) dict_keys(['example_python_operator']) retrieved from /root/Projects/etlX/venv/lib/python3.9/site-packages/airflow/example_dags/example_python_operator.py
[2025-10-14 16:02:18,276] {logging_mixin.py:115} INFO - [2025-10-14 16:02:18,276] {dag.py:2379} INFO - Sync 1 DAGs
[2025-10-14 16:02:18,292] {logging_mixin.py:115} INFO - [2025-10-14 16:02:18,292] {dag.py:2927} INFO - Setting next_dagrun for example_python_operator to None, run_after=None
[2025-10-14 16:02:18,302] {processor.py:161} INFO - Processing /root/Projects/etlX/venv/lib/python3.9/site-packages/airflow/example_dags/example_python_operator.py took 0.082 seconds
[2025-10-14 16:02:52,306] {processor.py:153} INFO - Started process (PID=20429) to work on /root/Projects/etlX/venv/lib/python3.9/site-packages/airflow/example_dags/example_python_operator.py
[2025-10-14 16:02:52,307] {processor.py:641} INFO - Processing file /root/Projects/etlX/venv/lib/python3.9/site-packages/airflow/example_dags/example_python_operator.py for tasks to queue
[2025-10-14 16:02:52,308] {logging_mixin.py:115} INFO - [2025-10-14 16:02:52,307] {dagbag.py:507} INFO - Filling up the DagBag from /root/Projects/etlX/venv/lib/python3.9/site-packages/airflow/example_dags/example_python_operator.py
[2025-10-14 16:02:52,328] {logging_mixin.py:115} INFO - [2025-10-14 16:02:52,328] {example_python_operator.py:68} WARNING - The virtalenv_python example task requires virtualenv, please install it.
[2025-10-14 16:02:52,328] {processor.py:651} INFO - DAG(s) dict_keys(['example_python_operator']) retrieved from /root/Projects/etlX/venv/lib/python3.9/site-packages/airflow/example_dags/example_python_operator.py
[2025-10-14 16:02:52,350] {logging_mixin.py:115} INFO - [2025-10-14 16:02:52,350] {dag.py:2379} INFO - Sync 1 DAGs
[2025-10-14 16:02:52,365] {logging_mixin.py:115} INFO - [2025-10-14 16:02:52,365] {dag.py:2927} INFO - Setting next_dagrun for example_python_operator to None, run_after=None
[2025-10-14 16:02:52,375] {processor.py:161} INFO - Processing /root/Projects/etlX/venv/lib/python3.9/site-packages/airflow/example_dags/example_python_operator.py took 0.074 seconds
[2025-10-14 16:03:25,639] {processor.py:153} INFO - Started process (PID=20484) to work on /root/Projects/etlX/venv/lib/python3.9/site-packages/airflow/example_dags/example_python_operator.py
[2025-10-14 16:03:25,640] {processor.py:641} INFO - Processing file /root/Projects/etlX/venv/lib/python3.9/site-packages/airflow/example_dags/example_python_operator.py for tasks to queue
[2025-10-14 16:03:25,641] {logging_mixin.py:115} INFO - [2025-10-14 16:03:25,641] {dagbag.py:507} INFO - Filling up the DagBag from /root/Projects/etlX/venv/lib/python3.9/site-packages/airflow/example_dags/example_python_operator.py
[2025-10-14 16:03:25,669] {logging_mixin.py:115} INFO - [2025-10-14 16:03:25,669] {example_python_operator.py:68} WARNING - The virtalenv_python example task requires virtualenv, please install it.
[2025-10-14 16:03:25,669] {processor.py:651} INFO - DAG(s) dict_keys(['example_python_operator']) retrieved from /root/Projects/etlX/venv/lib/python3.9/site-packages/airflow/example_dags/example_python_operator.py
[2025-10-14 16:03:25,691] {logging_mixin.py:115} INFO - [2025-10-14 16:03:25,691] {dag.py:2379} INFO - Sync 1 DAGs
[2025-10-14 16:03:25,706] {logging_mixin.py:115} INFO - [2025-10-14 16:03:25,706] {dag.py:2927} INFO - Setting next_dagrun for example_python_operator to None, run_after=None
[2025-10-14 16:03:25,717] {processor.py:161} INFO - Processing /root/Projects/etlX/venv/lib/python3.9/site-packages/airflow/example_dags/example_python_operator.py took 0.085 seconds
[2025-10-14 16:03:59,465] {processor.py:153} INFO - Started process (PID=20593) to work on /root/Projects/etlX/venv/lib/python3.9/site-packages/airflow/example_dags/example_python_operator.py
[2025-10-14 16:03:59,466] {processor.py:641} INFO - Processing file /root/Projects/etlX/venv/lib/python3.9/site-packages/airflow/example_dags/example_python_operator.py for tasks to queue
[2025-10-14 16:03:59,467] {logging_mixin.py:115} INFO - [2025-10-14 16:03:59,467] {dagbag.py:507} INFO - Filling up the DagBag from /root/Projects/etlX/venv/lib/python3.9/site-packages/airflow/example_dags/example_python_operator.py
[2025-10-14 16:03:59,490] {logging_mixin.py:115} INFO - [2025-10-14 16:03:59,490] {example_python_operator.py:68} WARNING - The virtalenv_python example task requires virtualenv, please install it.
[2025-10-14 16:03:59,490] {processor.py:651} INFO - DAG(s) dict_keys(['example_python_operator']) retrieved from /root/Projects/etlX/venv/lib/python3.9/site-packages/airflow/example_dags/example_python_operator.py
[2025-10-14 16:03:59,511] {logging_mixin.py:115} INFO - [2025-10-14 16:03:59,511] {dag.py:2379} INFO - Sync 1 DAGs
[2025-10-14 16:03:59,526] {logging_mixin.py:115} INFO - [2025-10-14 16:03:59,526] {dag.py:2927} INFO - Setting next_dagrun for example_python_operator to None, run_after=None
[2025-10-14 16:03:59,537] {processor.py:161} INFO - Processing /root/Projects/etlX/venv/lib/python3.9/site-packages/airflow/example_dags/example_python_operator.py took 0.079 seconds
[2025-10-14 16:04:32,682] {processor.py:153} INFO - Started process (PID=20648) to work on /root/Projects/etlX/venv/lib/python3.9/site-packages/airflow/example_dags/example_python_operator.py
[2025-10-14 16:04:32,683] {processor.py:641} INFO - Processing file /root/Projects/etlX/venv/lib/python3.9/site-packages/airflow/example_dags/example_python_operator.py for tasks to queue
[2025-10-14 16:04:32,684] {logging_mixin.py:115} INFO - [2025-10-14 16:04:32,684] {dagbag.py:507} INFO - Filling up the DagBag from /root/Projects/etlX/venv/lib/python3.9/site-packages/airflow/example_dags/example_python_operator.py
[2025-10-14 16:04:32,704] {logging_mixin.py:115} INFO - [2025-10-14 16:04:32,704] {example_python_operator.py:68} WARNING - The virtalenv_python example task requires virtualenv, please install it.
[2025-10-14 16:04:32,705] {processor.py:651} INFO - DAG(s) dict_keys(['example_python_operator']) retrieved from /root/Projects/etlX/venv/lib/python3.9/site-packages/airflow/example_dags/example_python_operator.py
[2025-10-14 16:04:32,726] {logging_mixin.py:115} INFO - [2025-10-14 16:04:32,726] {dag.py:2379} INFO - Sync 1 DAGs
[2025-10-14 16:04:32,741] {logging_mixin.py:115} INFO - [2025-10-14 16:04:32,741] {dag.py:2927} INFO - Setting next_dagrun for example_python_operator to None, run_after=None
[2025-10-14 16:04:32,751] {processor.py:161} INFO - Processing /root/Projects/etlX/venv/lib/python3.9/site-packages/airflow/example_dags/example_python_operator.py took 0.073 seconds
[2025-10-14 16:05:05,401] {processor.py:153} INFO - Started process (PID=20706) to work on /root/Projects/etlX/venv/lib/python3.9/site-packages/airflow/example_dags/example_python_operator.py
[2025-10-14 16:05:05,401] {processor.py:641} INFO - Processing file /root/Projects/etlX/venv/lib/python3.9/site-packages/airflow/example_dags/example_python_operator.py for tasks to queue
[2025-10-14 16:05:05,402] {logging_mixin.py:115} INFO - [2025-10-14 16:05:05,402] {dagbag.py:507} INFO - Filling up the DagBag from /root/Projects/etlX/venv/lib/python3.9/site-packages/airflow/example_dags/example_python_operator.py
[2025-10-14 16:05:05,424] {logging_mixin.py:115} INFO - [2025-10-14 16:05:05,424] {example_python_operator.py:68} WARNING - The virtalenv_python example task requires virtualenv, please install it.
[2025-10-14 16:05:05,424] {processor.py:651} INFO - DAG(s) dict_keys(['example_python_operator']) retrieved from /root/Projects/etlX/venv/lib/python3.9/site-packages/airflow/example_dags/example_python_operator.py
[2025-10-14 16:05:05,445] {logging_mixin.py:115} INFO - [2025-10-14 16:05:05,445] {dag.py:2379} INFO - Sync 1 DAGs
[2025-10-14 16:05:05,461] {logging_mixin.py:115} INFO - [2025-10-14 16:05:05,461] {dag.py:2927} INFO - Setting next_dagrun for example_python_operator to None, run_after=None
[2025-10-14 16:05:05,471] {processor.py:161} INFO - Processing /root/Projects/etlX/venv/lib/python3.9/site-packages/airflow/example_dags/example_python_operator.py took 0.075 seconds
[2025-10-14 16:05:40,848] {processor.py:153} INFO - Started process (PID=20763) to work on /root/Projects/etlX/venv/lib/python3.9/site-packages/airflow/example_dags/example_python_operator.py
[2025-10-14 16:05:40,849] {processor.py:641} INFO - Processing file /root/Projects/etlX/venv/lib/python3.9/site-packages/airflow/example_dags/example_python_operator.py for tasks to queue
[2025-10-14 16:05:40,850] {logging_mixin.py:115} INFO - [2025-10-14 16:05:40,850] {dagbag.py:507} INFO - Filling up the DagBag from /root/Projects/etlX/venv/lib/python3.9/site-packages/airflow/example_dags/example_python_operator.py
[2025-10-14 16:05:40,871] {logging_mixin.py:115} INFO - [2025-10-14 16:05:40,871] {example_python_operator.py:68} WARNING - The virtalenv_python example task requires virtualenv, please install it.
[2025-10-14 16:05:40,871] {processor.py:651} INFO - DAG(s) dict_keys(['example_python_operator']) retrieved from /root/Projects/etlX/venv/lib/python3.9/site-packages/airflow/example_dags/example_python_operator.py
[2025-10-14 16:05:40,893] {logging_mixin.py:115} INFO - [2025-10-14 16:05:40,892] {dag.py:2379} INFO - Sync 1 DAGs
[2025-10-14 16:05:40,908] {logging_mixin.py:115} INFO - [2025-10-14 16:05:40,907] {dag.py:2927} INFO - Setting next_dagrun for example_python_operator to None, run_after=None
[2025-10-14 16:05:40,918] {processor.py:161} INFO - Processing /root/Projects/etlX/venv/lib/python3.9/site-packages/airflow/example_dags/example_python_operator.py took 0.075 seconds
[2025-10-14 16:06:14,100] {processor.py:153} INFO - Started process (PID=20821) to work on /root/Projects/etlX/venv/lib/python3.9/site-packages/airflow/example_dags/example_python_operator.py
[2025-10-14 16:06:14,102] {processor.py:641} INFO - Processing file /root/Projects/etlX/venv/lib/python3.9/site-packages/airflow/example_dags/example_python_operator.py for tasks to queue
[2025-10-14 16:06:14,103] {logging_mixin.py:115} INFO - [2025-10-14 16:06:14,103] {dagbag.py:507} INFO - Filling up the DagBag from /root/Projects/etlX/venv/lib/python3.9/site-packages/airflow/example_dags/example_python_operator.py
[2025-10-14 16:06:14,129] {logging_mixin.py:115} INFO - [2025-10-14 16:06:14,129] {example_python_operator.py:68} WARNING - The virtalenv_python example task requires virtualenv, please install it.
[2025-10-14 16:06:14,129] {processor.py:651} INFO - DAG(s) dict_keys(['example_python_operator']) retrieved from /root/Projects/etlX/venv/lib/python3.9/site-packages/airflow/example_dags/example_python_operator.py
[2025-10-14 16:06:14,150] {logging_mixin.py:115} INFO - [2025-10-14 16:06:14,150] {dag.py:2379} INFO - Sync 1 DAGs
[2025-10-14 16:06:14,165] {logging_mixin.py:115} INFO - [2025-10-14 16:06:14,165] {dag.py:2927} INFO - Setting next_dagrun for example_python_operator to None, run_after=None
[2025-10-14 16:06:14,175] {processor.py:161} INFO - Processing /root/Projects/etlX/venv/lib/python3.9/site-packages/airflow/example_dags/example_python_operator.py took 0.084 seconds
[2025-10-14 16:06:51,270] {processor.py:153} INFO - Started process (PID=20881) to work on /root/Projects/etlX/venv/lib/python3.9/site-packages/airflow/example_dags/example_python_operator.py
[2025-10-14 16:06:51,270] {processor.py:641} INFO - Processing file /root/Projects/etlX/venv/lib/python3.9/site-packages/airflow/example_dags/example_python_operator.py for tasks to queue
[2025-10-14 16:06:51,271] {logging_mixin.py:115} INFO - [2025-10-14 16:06:51,271] {dagbag.py:507} INFO - Filling up the DagBag from /root/Projects/etlX/venv/lib/python3.9/site-packages/airflow/example_dags/example_python_operator.py
[2025-10-14 16:06:51,290] {logging_mixin.py:115} INFO - [2025-10-14 16:06:51,290] {example_python_operator.py:68} WARNING - The virtalenv_python example task requires virtualenv, please install it.
[2025-10-14 16:06:51,291] {processor.py:651} INFO - DAG(s) dict_keys(['example_python_operator']) retrieved from /root/Projects/etlX/venv/lib/python3.9/site-packages/airflow/example_dags/example_python_operator.py
[2025-10-14 16:06:51,312] {logging_mixin.py:115} INFO - [2025-10-14 16:06:51,312] {dag.py:2379} INFO - Sync 1 DAGs
[2025-10-14 16:06:51,328] {logging_mixin.py:115} INFO - [2025-10-14 16:06:51,328] {dag.py:2927} INFO - Setting next_dagrun for example_python_operator to None, run_after=None
[2025-10-14 16:06:51,340] {processor.py:161} INFO - Processing /root/Projects/etlX/venv/lib/python3.9/site-packages/airflow/example_dags/example_python_operator.py took 0.074 seconds
[2025-10-14 16:07:25,284] {processor.py:153} INFO - Started process (PID=21043) to work on /root/Projects/etlX/venv/lib/python3.9/site-packages/airflow/example_dags/example_python_operator.py
[2025-10-14 16:07:25,285] {processor.py:641} INFO - Processing file /root/Projects/etlX/venv/lib/python3.9/site-packages/airflow/example_dags/example_python_operator.py for tasks to queue
[2025-10-14 16:07:25,286] {logging_mixin.py:115} INFO - [2025-10-14 16:07:25,286] {dagbag.py:507} INFO - Filling up the DagBag from /root/Projects/etlX/venv/lib/python3.9/site-packages/airflow/example_dags/example_python_operator.py
[2025-10-14 16:07:25,314] {logging_mixin.py:115} INFO - [2025-10-14 16:07:25,314] {example_python_operator.py:68} WARNING - The virtalenv_python example task requires virtualenv, please install it.
[2025-10-14 16:07:25,315] {processor.py:651} INFO - DAG(s) dict_keys(['example_python_operator']) retrieved from /root/Projects/etlX/venv/lib/python3.9/site-packages/airflow/example_dags/example_python_operator.py
[2025-10-14 16:07:25,336] {logging_mixin.py:115} INFO - [2025-10-14 16:07:25,336] {dag.py:2379} INFO - Sync 1 DAGs
[2025-10-14 16:07:25,351] {logging_mixin.py:115} INFO - [2025-10-14 16:07:25,351] {dag.py:2927} INFO - Setting next_dagrun for example_python_operator to None, run_after=None
[2025-10-14 16:07:25,361] {processor.py:161} INFO - Processing /root/Projects/etlX/venv/lib/python3.9/site-packages/airflow/example_dags/example_python_operator.py took 0.085 seconds
[2025-10-14 16:07:57,409] {processor.py:153} INFO - Started process (PID=21354) to work on /root/Projects/etlX/venv/lib/python3.9/site-packages/airflow/example_dags/example_python_operator.py
[2025-10-14 16:07:57,409] {processor.py:641} INFO - Processing file /root/Projects/etlX/venv/lib/python3.9/site-packages/airflow/example_dags/example_python_operator.py for tasks to queue
[2025-10-14 16:07:57,410] {logging_mixin.py:115} INFO - [2025-10-14 16:07:57,410] {dagbag.py:507} INFO - Filling up the DagBag from /root/Projects/etlX/venv/lib/python3.9/site-packages/airflow/example_dags/example_python_operator.py
[2025-10-14 16:07:57,431] {logging_mixin.py:115} INFO - [2025-10-14 16:07:57,431] {example_python_operator.py:68} WARNING - The virtalenv_python example task requires virtualenv, please install it.
[2025-10-14 16:07:57,431] {processor.py:651} INFO - DAG(s) dict_keys(['example_python_operator']) retrieved from /root/Projects/etlX/venv/lib/python3.9/site-packages/airflow/example_dags/example_python_operator.py
[2025-10-14 16:07:57,453] {logging_mixin.py:115} INFO - [2025-10-14 16:07:57,453] {dag.py:2379} INFO - Sync 1 DAGs
[2025-10-14 16:07:57,469] {logging_mixin.py:115} INFO - [2025-10-14 16:07:57,469] {dag.py:2927} INFO - Setting next_dagrun for example_python_operator to None, run_after=None
[2025-10-14 16:07:57,479] {processor.py:161} INFO - Processing /root/Projects/etlX/venv/lib/python3.9/site-packages/airflow/example_dags/example_python_operator.py took 0.075 seconds
[2025-10-14 16:08:32,147] {processor.py:153} INFO - Started process (PID=21514) to work on /root/Projects/etlX/venv/lib/python3.9/site-packages/airflow/example_dags/example_python_operator.py
[2025-10-14 16:08:32,148] {processor.py:641} INFO - Processing file /root/Projects/etlX/venv/lib/python3.9/site-packages/airflow/example_dags/example_python_operator.py for tasks to queue
[2025-10-14 16:08:32,149] {logging_mixin.py:115} INFO - [2025-10-14 16:08:32,149] {dagbag.py:507} INFO - Filling up the DagBag from /root/Projects/etlX/venv/lib/python3.9/site-packages/airflow/example_dags/example_python_operator.py
[2025-10-14 16:08:32,177] {logging_mixin.py:115} INFO - [2025-10-14 16:08:32,176] {example_python_operator.py:68} WARNING - The virtalenv_python example task requires virtualenv, please install it.
[2025-10-14 16:08:32,177] {processor.py:651} INFO - DAG(s) dict_keys(['example_python_operator']) retrieved from /root/Projects/etlX/venv/lib/python3.9/site-packages/airflow/example_dags/example_python_operator.py
[2025-10-14 16:08:32,200] {logging_mixin.py:115} INFO - [2025-10-14 16:08:32,200] {dag.py:2379} INFO - Sync 1 DAGs
[2025-10-14 16:08:32,217] {logging_mixin.py:115} INFO - [2025-10-14 16:08:32,217] {dag.py:2927} INFO - Setting next_dagrun for example_python_operator to None, run_after=None
[2025-10-14 16:08:32,230] {processor.py:161} INFO - Processing /root/Projects/etlX/venv/lib/python3.9/site-packages/airflow/example_dags/example_python_operator.py took 0.089 seconds
[2025-10-14 16:25:30,878] {processor.py:153} INFO - Started process (PID=22724) to work on /root/Projects/etlX/venv/lib/python3.9/site-packages/airflow/example_dags/example_python_operator.py
[2025-10-14 16:25:30,879] {processor.py:641} INFO - Processing file /root/Projects/etlX/venv/lib/python3.9/site-packages/airflow/example_dags/example_python_operator.py for tasks to queue
[2025-10-14 16:25:30,880] {logging_mixin.py:115} INFO - [2025-10-14 16:25:30,880] {dagbag.py:507} INFO - Filling up the DagBag from /root/Projects/etlX/venv/lib/python3.9/site-packages/airflow/example_dags/example_python_operator.py
[2025-10-14 16:25:30,924] {logging_mixin.py:115} INFO - [2025-10-14 16:25:30,924] {example_python_operator.py:68} WARNING - The virtalenv_python example task requires virtualenv, please install it.
[2025-10-14 16:25:30,925] {processor.py:651} INFO - DAG(s) dict_keys(['example_python_operator']) retrieved from /root/Projects/etlX/venv/lib/python3.9/site-packages/airflow/example_dags/example_python_operator.py
[2025-10-14 16:25:30,958] {logging_mixin.py:115} INFO - [2025-10-14 16:25:30,958] {dag.py:2379} INFO - Sync 1 DAGs
[2025-10-14 16:25:30,980] {logging_mixin.py:115} INFO - [2025-10-14 16:25:30,980] {dag.py:2927} INFO - Setting next_dagrun for example_python_operator to None, run_after=None
[2025-10-14 16:25:30,998] {processor.py:161} INFO - Processing /root/Projects/etlX/venv/lib/python3.9/site-packages/airflow/example_dags/example_python_operator.py took 0.127 seconds
[2025-10-14 16:26:05,866] {processor.py:153} INFO - Started process (PID=22882) to work on /root/Projects/etlX/venv/lib/python3.9/site-packages/airflow/example_dags/example_python_operator.py
[2025-10-14 16:26:05,866] {processor.py:641} INFO - Processing file /root/Projects/etlX/venv/lib/python3.9/site-packages/airflow/example_dags/example_python_operator.py for tasks to queue
[2025-10-14 16:26:05,867] {logging_mixin.py:115} INFO - [2025-10-14 16:26:05,867] {dagbag.py:507} INFO - Filling up the DagBag from /root/Projects/etlX/venv/lib/python3.9/site-packages/airflow/example_dags/example_python_operator.py
[2025-10-14 16:26:05,894] {logging_mixin.py:115} INFO - [2025-10-14 16:26:05,894] {example_python_operator.py:68} WARNING - The virtalenv_python example task requires virtualenv, please install it.
[2025-10-14 16:26:05,895] {processor.py:651} INFO - DAG(s) dict_keys(['example_python_operator']) retrieved from /root/Projects/etlX/venv/lib/python3.9/site-packages/airflow/example_dags/example_python_operator.py
[2025-10-14 16:26:05,918] {logging_mixin.py:115} INFO - [2025-10-14 16:26:05,918] {dag.py:2379} INFO - Sync 1 DAGs
[2025-10-14 16:26:05,934] {logging_mixin.py:115} INFO - [2025-10-14 16:26:05,934] {dag.py:2927} INFO - Setting next_dagrun for example_python_operator to None, run_after=None
[2025-10-14 16:26:05,946] {processor.py:161} INFO - Processing /root/Projects/etlX/venv/lib/python3.9/site-packages/airflow/example_dags/example_python_operator.py took 0.085 seconds
[2025-10-14 16:26:40,183] {processor.py:153} INFO - Started process (PID=22940) to work on /root/Projects/etlX/venv/lib/python3.9/site-packages/airflow/example_dags/example_python_operator.py
[2025-10-14 16:26:40,184] {processor.py:641} INFO - Processing file /root/Projects/etlX/venv/lib/python3.9/site-packages/airflow/example_dags/example_python_operator.py for tasks to queue
[2025-10-14 16:26:40,185] {logging_mixin.py:115} INFO - [2025-10-14 16:26:40,184] {dagbag.py:507} INFO - Filling up the DagBag from /root/Projects/etlX/venv/lib/python3.9/site-packages/airflow/example_dags/example_python_operator.py
[2025-10-14 16:26:40,205] {logging_mixin.py:115} INFO - [2025-10-14 16:26:40,205] {example_python_operator.py:68} WARNING - The virtalenv_python example task requires virtualenv, please install it.
[2025-10-14 16:26:40,205] {processor.py:651} INFO - DAG(s) dict_keys(['example_python_operator']) retrieved from /root/Projects/etlX/venv/lib/python3.9/site-packages/airflow/example_dags/example_python_operator.py
[2025-10-14 16:26:40,227] {logging_mixin.py:115} INFO - [2025-10-14 16:26:40,227] {dag.py:2379} INFO - Sync 1 DAGs
[2025-10-14 16:26:40,242] {logging_mixin.py:115} INFO - [2025-10-14 16:26:40,242] {dag.py:2927} INFO - Setting next_dagrun for example_python_operator to None, run_after=None
[2025-10-14 16:26:40,252] {processor.py:161} INFO - Processing /root/Projects/etlX/venv/lib/python3.9/site-packages/airflow/example_dags/example_python_operator.py took 0.075 seconds
[2025-10-14 16:27:14,330] {processor.py:153} INFO - Started process (PID=22998) to work on /root/Projects/etlX/venv/lib/python3.9/site-packages/airflow/example_dags/example_python_operator.py
[2025-10-14 16:27:14,331] {processor.py:641} INFO - Processing file /root/Projects/etlX/venv/lib/python3.9/site-packages/airflow/example_dags/example_python_operator.py for tasks to queue
[2025-10-14 16:27:14,332] {logging_mixin.py:115} INFO - [2025-10-14 16:27:14,332] {dagbag.py:507} INFO - Filling up the DagBag from /root/Projects/etlX/venv/lib/python3.9/site-packages/airflow/example_dags/example_python_operator.py
[2025-10-14 16:27:14,359] {logging_mixin.py:115} INFO - [2025-10-14 16:27:14,359] {example_python_operator.py:68} WARNING - The virtalenv_python example task requires virtualenv, please install it.
[2025-10-14 16:27:14,359] {processor.py:651} INFO - DAG(s) dict_keys(['example_python_operator']) retrieved from /root/Projects/etlX/venv/lib/python3.9/site-packages/airflow/example_dags/example_python_operator.py
[2025-10-14 16:27:14,380] {logging_mixin.py:115} INFO - [2025-10-14 16:27:14,380] {dag.py:2379} INFO - Sync 1 DAGs
[2025-10-14 16:27:14,395] {logging_mixin.py:115} INFO - [2025-10-14 16:27:14,395] {dag.py:2927} INFO - Setting next_dagrun for example_python_operator to None, run_after=None
[2025-10-14 16:27:14,405] {processor.py:161} INFO - Processing /root/Projects/etlX/venv/lib/python3.9/site-packages/airflow/example_dags/example_python_operator.py took 0.081 seconds
[2025-10-14 16:27:47,899] {processor.py:153} INFO - Started process (PID=23156) to work on /root/Projects/etlX/venv/lib/python3.9/site-packages/airflow/example_dags/example_python_operator.py
[2025-10-14 16:27:47,900] {processor.py:641} INFO - Processing file /root/Projects/etlX/venv/lib/python3.9/site-packages/airflow/example_dags/example_python_operator.py for tasks to queue
[2025-10-14 16:27:47,900] {logging_mixin.py:115} INFO - [2025-10-14 16:27:47,900] {dagbag.py:507} INFO - Filling up the DagBag from /root/Projects/etlX/venv/lib/python3.9/site-packages/airflow/example_dags/example_python_operator.py
[2025-10-14 16:27:47,930] {logging_mixin.py:115} INFO - [2025-10-14 16:27:47,930] {example_python_operator.py:68} WARNING - The virtalenv_python example task requires virtualenv, please install it.
[2025-10-14 16:27:47,931] {processor.py:651} INFO - DAG(s) dict_keys(['example_python_operator']) retrieved from /root/Projects/etlX/venv/lib/python3.9/site-packages/airflow/example_dags/example_python_operator.py
[2025-10-14 16:27:47,953] {logging_mixin.py:115} INFO - [2025-10-14 16:27:47,953] {dag.py:2379} INFO - Sync 1 DAGs
[2025-10-14 16:27:47,970] {logging_mixin.py:115} INFO - [2025-10-14 16:27:47,970] {dag.py:2927} INFO - Setting next_dagrun for example_python_operator to None, run_after=None
[2025-10-14 16:27:47,983] {processor.py:161} INFO - Processing /root/Projects/etlX/venv/lib/python3.9/site-packages/airflow/example_dags/example_python_operator.py took 0.091 seconds
[2025-10-14 16:28:22,357] {processor.py:153} INFO - Started process (PID=23317) to work on /root/Projects/etlX/venv/lib/python3.9/site-packages/airflow/example_dags/example_python_operator.py
[2025-10-14 16:28:22,358] {processor.py:641} INFO - Processing file /root/Projects/etlX/venv/lib/python3.9/site-packages/airflow/example_dags/example_python_operator.py for tasks to queue
[2025-10-14 16:28:22,358] {logging_mixin.py:115} INFO - [2025-10-14 16:28:22,358] {dagbag.py:507} INFO - Filling up the DagBag from /root/Projects/etlX/venv/lib/python3.9/site-packages/airflow/example_dags/example_python_operator.py
[2025-10-14 16:28:22,378] {logging_mixin.py:115} INFO - [2025-10-14 16:28:22,378] {example_python_operator.py:68} WARNING - The virtalenv_python example task requires virtualenv, please install it.
[2025-10-14 16:28:22,379] {processor.py:651} INFO - DAG(s) dict_keys(['example_python_operator']) retrieved from /root/Projects/etlX/venv/lib/python3.9/site-packages/airflow/example_dags/example_python_operator.py
[2025-10-14 16:28:22,402] {logging_mixin.py:115} INFO - [2025-10-14 16:28:22,402] {dag.py:2379} INFO - Sync 1 DAGs
[2025-10-14 16:28:22,417] {logging_mixin.py:115} INFO - [2025-10-14 16:28:22,417] {dag.py:2927} INFO - Setting next_dagrun for example_python_operator to None, run_after=None
[2025-10-14 16:28:22,428] {processor.py:161} INFO - Processing /root/Projects/etlX/venv/lib/python3.9/site-packages/airflow/example_dags/example_python_operator.py took 0.075 seconds
[2025-10-14 16:28:57,417] {processor.py:153} INFO - Started process (PID=23375) to work on /root/Projects/etlX/venv/lib/python3.9/site-packages/airflow/example_dags/example_python_operator.py
[2025-10-14 16:28:57,418] {processor.py:641} INFO - Processing file /root/Projects/etlX/venv/lib/python3.9/site-packages/airflow/example_dags/example_python_operator.py for tasks to queue
[2025-10-14 16:28:57,419] {logging_mixin.py:115} INFO - [2025-10-14 16:28:57,419] {dagbag.py:507} INFO - Filling up the DagBag from /root/Projects/etlX/venv/lib/python3.9/site-packages/airflow/example_dags/example_python_operator.py
[2025-10-14 16:28:57,444] {logging_mixin.py:115} INFO - [2025-10-14 16:28:57,444] {example_python_operator.py:68} WARNING - The virtalenv_python example task requires virtualenv, please install it.
[2025-10-14 16:28:57,444] {processor.py:651} INFO - DAG(s) dict_keys(['example_python_operator']) retrieved from /root/Projects/etlX/venv/lib/python3.9/site-packages/airflow/example_dags/example_python_operator.py
[2025-10-14 16:28:57,467] {logging_mixin.py:115} INFO - [2025-10-14 16:28:57,467] {dag.py:2379} INFO - Sync 1 DAGs
[2025-10-14 16:28:57,483] {logging_mixin.py:115} INFO - [2025-10-14 16:28:57,483] {dag.py:2927} INFO - Setting next_dagrun for example_python_operator to None, run_after=None
[2025-10-14 16:28:57,494] {processor.py:161} INFO - Processing /root/Projects/etlX/venv/lib/python3.9/site-packages/airflow/example_dags/example_python_operator.py took 0.082 seconds
[2025-10-14 16:29:30,399] {processor.py:153} INFO - Started process (PID=23587) to work on /root/Projects/etlX/venv/lib/python3.9/site-packages/airflow/example_dags/example_python_operator.py
[2025-10-14 16:29:30,400] {processor.py:641} INFO - Processing file /root/Projects/etlX/venv/lib/python3.9/site-packages/airflow/example_dags/example_python_operator.py for tasks to queue
[2025-10-14 16:29:30,401] {logging_mixin.py:115} INFO - [2025-10-14 16:29:30,401] {dagbag.py:507} INFO - Filling up the DagBag from /root/Projects/etlX/venv/lib/python3.9/site-packages/airflow/example_dags/example_python_operator.py
[2025-10-14 16:29:30,422] {logging_mixin.py:115} INFO - [2025-10-14 16:29:30,422] {example_python_operator.py:68} WARNING - The virtalenv_python example task requires virtualenv, please install it.
[2025-10-14 16:29:30,422] {processor.py:651} INFO - DAG(s) dict_keys(['example_python_operator']) retrieved from /root/Projects/etlX/venv/lib/python3.9/site-packages/airflow/example_dags/example_python_operator.py
[2025-10-14 16:29:30,444] {logging_mixin.py:115} INFO - [2025-10-14 16:29:30,444] {dag.py:2379} INFO - Sync 1 DAGs
[2025-10-14 16:29:30,460] {logging_mixin.py:115} INFO - [2025-10-14 16:29:30,460] {dag.py:2927} INFO - Setting next_dagrun for example_python_operator to None, run_after=None
[2025-10-14 16:29:30,470] {processor.py:161} INFO - Processing /root/Projects/etlX/venv/lib/python3.9/site-packages/airflow/example_dags/example_python_operator.py took 0.080 seconds
[2025-10-14 16:36:16,258] {processor.py:153} INFO - Started process (PID=24600) to work on /root/Projects/etlX/venv/lib/python3.9/site-packages/airflow/example_dags/example_python_operator.py
[2025-10-14 16:36:16,259] {processor.py:641} INFO - Processing file /root/Projects/etlX/venv/lib/python3.9/site-packages/airflow/example_dags/example_python_operator.py for tasks to queue
[2025-10-14 16:36:16,260] {logging_mixin.py:115} INFO - [2025-10-14 16:36:16,259] {dagbag.py:507} INFO - Filling up the DagBag from /root/Projects/etlX/venv/lib/python3.9/site-packages/airflow/example_dags/example_python_operator.py
[2025-10-14 16:36:16,283] {logging_mixin.py:115} INFO - [2025-10-14 16:36:16,283] {example_python_operator.py:68} WARNING - The virtalenv_python example task requires virtualenv, please install it.
[2025-10-14 16:36:16,284] {processor.py:651} INFO - DAG(s) dict_keys(['example_python_operator']) retrieved from /root/Projects/etlX/venv/lib/python3.9/site-packages/airflow/example_dags/example_python_operator.py
[2025-10-14 16:36:16,310] {logging_mixin.py:115} INFO - [2025-10-14 16:36:16,310] {dag.py:2379} INFO - Sync 1 DAGs
[2025-10-14 16:36:16,329] {logging_mixin.py:115} INFO - [2025-10-14 16:36:16,329] {dag.py:2927} INFO - Setting next_dagrun for example_python_operator to None, run_after=None
[2025-10-14 16:36:16,342] {processor.py:161} INFO - Processing /root/Projects/etlX/venv/lib/python3.9/site-packages/airflow/example_dags/example_python_operator.py took 0.088 seconds
