[2025-10-14 14:57:26,971] {processor.py:153} INFO - Started process (PID=13505) to work on /root/Projects/etlX/venv/lib/python3.9/site-packages/airflow/example_dags/example_branch_datetime_operator.py
[2025-10-14 14:57:26,972] {processor.py:641} INFO - Processing file /root/Projects/etlX/venv/lib/python3.9/site-packages/airflow/example_dags/example_branch_datetime_operator.py for tasks to queue
[2025-10-14 14:57:26,973] {logging_mixin.py:115} INFO - [2025-10-14 14:57:26,973] {dagbag.py:507} INFO - Filling up the DagBag from /root/Projects/etlX/venv/lib/python3.9/site-packages/airflow/example_dags/example_branch_datetime_operator.py
[2025-10-14 14:57:26,985] {processor.py:651} INFO - DAG(s) dict_keys(['example_branch_datetime_operator_2']) retrieved from /root/Projects/etlX/venv/lib/python3.9/site-packages/airflow/example_dags/example_branch_datetime_operator.py
[2025-10-14 14:57:27,057] {logging_mixin.py:115} INFO - [2025-10-14 14:57:27,057] {manager.py:508} INFO - Created Permission View: can read on DAG:example_branch_datetime_operator_2
[2025-10-14 14:57:27,066] {logging_mixin.py:115} INFO - [2025-10-14 14:57:27,066] {manager.py:508} INFO - Created Permission View: can edit on DAG:example_branch_datetime_operator_2
[2025-10-14 14:57:27,076] {logging_mixin.py:115} INFO - [2025-10-14 14:57:27,076] {manager.py:508} INFO - Created Permission View: can delete on DAG:example_branch_datetime_operator_2
[2025-10-14 14:57:27,076] {logging_mixin.py:115} INFO - [2025-10-14 14:57:27,076] {dag.py:2379} INFO - Sync 1 DAGs
[2025-10-14 14:57:27,084] {logging_mixin.py:115} INFO - [2025-10-14 14:57:27,084] {dag.py:2398} INFO - Creating ORM DAG for example_branch_datetime_operator_2
[2025-10-14 14:57:27,095] {logging_mixin.py:115} INFO - [2025-10-14 14:57:27,095] {dag.py:2927} INFO - Setting next_dagrun for example_branch_datetime_operator_2 to 2025-10-13T00:00:00+00:00, run_after=2025-10-14T00:00:00+00:00
[2025-10-14 14:57:27,110] {processor.py:161} INFO - Processing /root/Projects/etlX/venv/lib/python3.9/site-packages/airflow/example_dags/example_branch_datetime_operator.py took 0.144 seconds
[2025-10-14 14:58:03,189] {processor.py:153} INFO - Started process (PID=13667) to work on /root/Projects/etlX/venv/lib/python3.9/site-packages/airflow/example_dags/example_branch_datetime_operator.py
[2025-10-14 14:58:03,190] {processor.py:641} INFO - Processing file /root/Projects/etlX/venv/lib/python3.9/site-packages/airflow/example_dags/example_branch_datetime_operator.py for tasks to queue
[2025-10-14 14:58:03,191] {logging_mixin.py:115} INFO - [2025-10-14 14:58:03,191] {dagbag.py:507} INFO - Filling up the DagBag from /root/Projects/etlX/venv/lib/python3.9/site-packages/airflow/example_dags/example_branch_datetime_operator.py
[2025-10-14 14:58:03,202] {processor.py:651} INFO - DAG(s) dict_keys(['example_branch_datetime_operator_2']) retrieved from /root/Projects/etlX/venv/lib/python3.9/site-packages/airflow/example_dags/example_branch_datetime_operator.py
[2025-10-14 14:58:03,220] {logging_mixin.py:115} INFO - [2025-10-14 14:58:03,220] {dag.py:2379} INFO - Sync 1 DAGs
[2025-10-14 14:58:03,240] {logging_mixin.py:115} INFO - [2025-10-14 14:58:03,240] {dag.py:2927} INFO - Setting next_dagrun for example_branch_datetime_operator_2 to 2025-10-13T00:00:00+00:00, run_after=2025-10-14T00:00:00+00:00
[2025-10-14 14:58:03,251] {processor.py:161} INFO - Processing /root/Projects/etlX/venv/lib/python3.9/site-packages/airflow/example_dags/example_branch_datetime_operator.py took 0.071 seconds
[2025-10-14 14:58:40,402] {processor.py:153} INFO - Started process (PID=13727) to work on /root/Projects/etlX/venv/lib/python3.9/site-packages/airflow/example_dags/example_branch_datetime_operator.py
[2025-10-14 14:58:40,403] {processor.py:641} INFO - Processing file /root/Projects/etlX/venv/lib/python3.9/site-packages/airflow/example_dags/example_branch_datetime_operator.py for tasks to queue
[2025-10-14 14:58:40,404] {logging_mixin.py:115} INFO - [2025-10-14 14:58:40,403] {dagbag.py:507} INFO - Filling up the DagBag from /root/Projects/etlX/venv/lib/python3.9/site-packages/airflow/example_dags/example_branch_datetime_operator.py
[2025-10-14 14:58:40,415] {processor.py:651} INFO - DAG(s) dict_keys(['example_branch_datetime_operator_2']) retrieved from /root/Projects/etlX/venv/lib/python3.9/site-packages/airflow/example_dags/example_branch_datetime_operator.py
[2025-10-14 14:58:40,436] {logging_mixin.py:115} INFO - [2025-10-14 14:58:40,436] {dag.py:2379} INFO - Sync 1 DAGs
[2025-10-14 14:58:40,456] {logging_mixin.py:115} INFO - [2025-10-14 14:58:40,456] {dag.py:2927} INFO - Setting next_dagrun for example_branch_datetime_operator_2 to 2025-10-13T00:00:00+00:00, run_after=2025-10-14T00:00:00+00:00
[2025-10-14 14:58:40,466] {processor.py:161} INFO - Processing /root/Projects/etlX/venv/lib/python3.9/site-packages/airflow/example_dags/example_branch_datetime_operator.py took 0.069 seconds
[2025-10-14 14:59:14,188] {processor.py:153} INFO - Started process (PID=13943) to work on /root/Projects/etlX/venv/lib/python3.9/site-packages/airflow/example_dags/example_branch_datetime_operator.py
[2025-10-14 14:59:14,189] {processor.py:641} INFO - Processing file /root/Projects/etlX/venv/lib/python3.9/site-packages/airflow/example_dags/example_branch_datetime_operator.py for tasks to queue
[2025-10-14 14:59:14,189] {logging_mixin.py:115} INFO - [2025-10-14 14:59:14,189] {dagbag.py:507} INFO - Filling up the DagBag from /root/Projects/etlX/venv/lib/python3.9/site-packages/airflow/example_dags/example_branch_datetime_operator.py
[2025-10-14 14:59:14,200] {processor.py:651} INFO - DAG(s) dict_keys(['example_branch_datetime_operator_2']) retrieved from /root/Projects/etlX/venv/lib/python3.9/site-packages/airflow/example_dags/example_branch_datetime_operator.py
[2025-10-14 14:59:14,223] {logging_mixin.py:115} INFO - [2025-10-14 14:59:14,223] {dag.py:2379} INFO - Sync 1 DAGs
[2025-10-14 14:59:14,247] {logging_mixin.py:115} INFO - [2025-10-14 14:59:14,247] {dag.py:2927} INFO - Setting next_dagrun for example_branch_datetime_operator_2 to 2025-10-13T00:00:00+00:00, run_after=2025-10-14T00:00:00+00:00
[2025-10-14 14:59:14,259] {processor.py:161} INFO - Processing /root/Projects/etlX/venv/lib/python3.9/site-packages/airflow/example_dags/example_branch_datetime_operator.py took 0.076 seconds
[2025-10-14 14:59:52,077] {processor.py:153} INFO - Started process (PID=14004) to work on /root/Projects/etlX/venv/lib/python3.9/site-packages/airflow/example_dags/example_branch_datetime_operator.py
[2025-10-14 14:59:52,077] {processor.py:641} INFO - Processing file /root/Projects/etlX/venv/lib/python3.9/site-packages/airflow/example_dags/example_branch_datetime_operator.py for tasks to queue
[2025-10-14 14:59:52,078] {logging_mixin.py:115} INFO - [2025-10-14 14:59:52,078] {dagbag.py:507} INFO - Filling up the DagBag from /root/Projects/etlX/venv/lib/python3.9/site-packages/airflow/example_dags/example_branch_datetime_operator.py
[2025-10-14 14:59:52,088] {processor.py:651} INFO - DAG(s) dict_keys(['example_branch_datetime_operator_2']) retrieved from /root/Projects/etlX/venv/lib/python3.9/site-packages/airflow/example_dags/example_branch_datetime_operator.py
[2025-10-14 14:59:52,109] {logging_mixin.py:115} INFO - [2025-10-14 14:59:52,109] {dag.py:2379} INFO - Sync 1 DAGs
[2025-10-14 14:59:52,131] {logging_mixin.py:115} INFO - [2025-10-14 14:59:52,131] {dag.py:2927} INFO - Setting next_dagrun for example_branch_datetime_operator_2 to 2025-10-13T00:00:00+00:00, run_after=2025-10-14T00:00:00+00:00
[2025-10-14 14:59:52,142] {processor.py:161} INFO - Processing /root/Projects/etlX/venv/lib/python3.9/site-packages/airflow/example_dags/example_branch_datetime_operator.py took 0.070 seconds
[2025-10-14 15:00:24,914] {processor.py:153} INFO - Started process (PID=14059) to work on /root/Projects/etlX/venv/lib/python3.9/site-packages/airflow/example_dags/example_branch_datetime_operator.py
[2025-10-14 15:00:24,915] {processor.py:641} INFO - Processing file /root/Projects/etlX/venv/lib/python3.9/site-packages/airflow/example_dags/example_branch_datetime_operator.py for tasks to queue
[2025-10-14 15:00:24,915] {logging_mixin.py:115} INFO - [2025-10-14 15:00:24,915] {dagbag.py:507} INFO - Filling up the DagBag from /root/Projects/etlX/venv/lib/python3.9/site-packages/airflow/example_dags/example_branch_datetime_operator.py
[2025-10-14 15:00:24,925] {processor.py:651} INFO - DAG(s) dict_keys(['example_branch_datetime_operator_2']) retrieved from /root/Projects/etlX/venv/lib/python3.9/site-packages/airflow/example_dags/example_branch_datetime_operator.py
[2025-10-14 15:00:24,946] {logging_mixin.py:115} INFO - [2025-10-14 15:00:24,946] {dag.py:2379} INFO - Sync 1 DAGs
[2025-10-14 15:00:24,968] {logging_mixin.py:115} INFO - [2025-10-14 15:00:24,968] {dag.py:2927} INFO - Setting next_dagrun for example_branch_datetime_operator_2 to 2025-10-13T00:00:00+00:00, run_after=2025-10-14T00:00:00+00:00
[2025-10-14 15:00:24,979] {processor.py:161} INFO - Processing /root/Projects/etlX/venv/lib/python3.9/site-packages/airflow/example_dags/example_branch_datetime_operator.py took 0.070 seconds
[2025-10-14 15:01:01,160] {processor.py:153} INFO - Started process (PID=14373) to work on /root/Projects/etlX/venv/lib/python3.9/site-packages/airflow/example_dags/example_branch_datetime_operator.py
[2025-10-14 15:01:01,160] {processor.py:641} INFO - Processing file /root/Projects/etlX/venv/lib/python3.9/site-packages/airflow/example_dags/example_branch_datetime_operator.py for tasks to queue
[2025-10-14 15:01:01,161] {logging_mixin.py:115} INFO - [2025-10-14 15:01:01,161] {dagbag.py:507} INFO - Filling up the DagBag from /root/Projects/etlX/venv/lib/python3.9/site-packages/airflow/example_dags/example_branch_datetime_operator.py
[2025-10-14 15:01:01,173] {processor.py:651} INFO - DAG(s) dict_keys(['example_branch_datetime_operator_2']) retrieved from /root/Projects/etlX/venv/lib/python3.9/site-packages/airflow/example_dags/example_branch_datetime_operator.py
[2025-10-14 15:01:01,195] {logging_mixin.py:115} INFO - [2025-10-14 15:01:01,195] {dag.py:2379} INFO - Sync 1 DAGs
[2025-10-14 15:01:01,224] {logging_mixin.py:115} INFO - [2025-10-14 15:01:01,224] {dag.py:2927} INFO - Setting next_dagrun for example_branch_datetime_operator_2 to 2025-10-13T00:00:00+00:00, run_after=2025-10-14T00:00:00+00:00
[2025-10-14 15:01:01,237] {processor.py:161} INFO - Processing /root/Projects/etlX/venv/lib/python3.9/site-packages/airflow/example_dags/example_branch_datetime_operator.py took 0.082 seconds
[2025-10-14 15:01:34,485] {processor.py:153} INFO - Started process (PID=14483) to work on /root/Projects/etlX/venv/lib/python3.9/site-packages/airflow/example_dags/example_branch_datetime_operator.py
[2025-10-14 15:01:34,486] {processor.py:641} INFO - Processing file /root/Projects/etlX/venv/lib/python3.9/site-packages/airflow/example_dags/example_branch_datetime_operator.py for tasks to queue
[2025-10-14 15:01:34,486] {logging_mixin.py:115} INFO - [2025-10-14 15:01:34,486] {dagbag.py:507} INFO - Filling up the DagBag from /root/Projects/etlX/venv/lib/python3.9/site-packages/airflow/example_dags/example_branch_datetime_operator.py
[2025-10-14 15:01:34,498] {processor.py:651} INFO - DAG(s) dict_keys(['example_branch_datetime_operator_2']) retrieved from /root/Projects/etlX/venv/lib/python3.9/site-packages/airflow/example_dags/example_branch_datetime_operator.py
[2025-10-14 15:01:34,520] {logging_mixin.py:115} INFO - [2025-10-14 15:01:34,520] {dag.py:2379} INFO - Sync 1 DAGs
[2025-10-14 15:01:34,542] {logging_mixin.py:115} INFO - [2025-10-14 15:01:34,542] {dag.py:2927} INFO - Setting next_dagrun for example_branch_datetime_operator_2 to 2025-10-13T00:00:00+00:00, run_after=2025-10-14T00:00:00+00:00
[2025-10-14 15:01:34,555] {processor.py:161} INFO - Processing /root/Projects/etlX/venv/lib/python3.9/site-packages/airflow/example_dags/example_branch_datetime_operator.py took 0.075 seconds
[2025-10-14 15:02:08,511] {processor.py:153} INFO - Started process (PID=14794) to work on /root/Projects/etlX/venv/lib/python3.9/site-packages/airflow/example_dags/example_branch_datetime_operator.py
[2025-10-14 15:02:08,512] {processor.py:641} INFO - Processing file /root/Projects/etlX/venv/lib/python3.9/site-packages/airflow/example_dags/example_branch_datetime_operator.py for tasks to queue
[2025-10-14 15:02:08,513] {logging_mixin.py:115} INFO - [2025-10-14 15:02:08,513] {dagbag.py:507} INFO - Filling up the DagBag from /root/Projects/etlX/venv/lib/python3.9/site-packages/airflow/example_dags/example_branch_datetime_operator.py
[2025-10-14 15:02:08,527] {processor.py:651} INFO - DAG(s) dict_keys(['example_branch_datetime_operator_2']) retrieved from /root/Projects/etlX/venv/lib/python3.9/site-packages/airflow/example_dags/example_branch_datetime_operator.py
[2025-10-14 15:02:08,548] {logging_mixin.py:115} INFO - [2025-10-14 15:02:08,548] {dag.py:2379} INFO - Sync 1 DAGs
[2025-10-14 15:02:08,573] {logging_mixin.py:115} INFO - [2025-10-14 15:02:08,573] {dag.py:2927} INFO - Setting next_dagrun for example_branch_datetime_operator_2 to 2025-10-13T00:00:00+00:00, run_after=2025-10-14T00:00:00+00:00
[2025-10-14 15:02:08,585] {processor.py:161} INFO - Processing /root/Projects/etlX/venv/lib/python3.9/site-packages/airflow/example_dags/example_branch_datetime_operator.py took 0.079 seconds
[2025-10-14 15:02:42,686] {processor.py:153} INFO - Started process (PID=14854) to work on /root/Projects/etlX/venv/lib/python3.9/site-packages/airflow/example_dags/example_branch_datetime_operator.py
[2025-10-14 15:02:42,686] {processor.py:641} INFO - Processing file /root/Projects/etlX/venv/lib/python3.9/site-packages/airflow/example_dags/example_branch_datetime_operator.py for tasks to queue
[2025-10-14 15:02:42,687] {logging_mixin.py:115} INFO - [2025-10-14 15:02:42,687] {dagbag.py:507} INFO - Filling up the DagBag from /root/Projects/etlX/venv/lib/python3.9/site-packages/airflow/example_dags/example_branch_datetime_operator.py
[2025-10-14 15:02:42,699] {processor.py:651} INFO - DAG(s) dict_keys(['example_branch_datetime_operator_2']) retrieved from /root/Projects/etlX/venv/lib/python3.9/site-packages/airflow/example_dags/example_branch_datetime_operator.py
[2025-10-14 15:02:42,720] {logging_mixin.py:115} INFO - [2025-10-14 15:02:42,720] {dag.py:2379} INFO - Sync 1 DAGs
[2025-10-14 15:02:42,742] {logging_mixin.py:115} INFO - [2025-10-14 15:02:42,742] {dag.py:2927} INFO - Setting next_dagrun for example_branch_datetime_operator_2 to 2025-10-13T00:00:00+00:00, run_after=2025-10-14T00:00:00+00:00
[2025-10-14 15:02:42,781] {processor.py:161} INFO - Processing /root/Projects/etlX/venv/lib/python3.9/site-packages/airflow/example_dags/example_branch_datetime_operator.py took 0.100 seconds
[2025-10-14 15:03:17,701] {processor.py:153} INFO - Started process (PID=15016) to work on /root/Projects/etlX/venv/lib/python3.9/site-packages/airflow/example_dags/example_branch_datetime_operator.py
[2025-10-14 15:03:17,702] {processor.py:641} INFO - Processing file /root/Projects/etlX/venv/lib/python3.9/site-packages/airflow/example_dags/example_branch_datetime_operator.py for tasks to queue
[2025-10-14 15:03:17,702] {logging_mixin.py:115} INFO - [2025-10-14 15:03:17,702] {dagbag.py:507} INFO - Filling up the DagBag from /root/Projects/etlX/venv/lib/python3.9/site-packages/airflow/example_dags/example_branch_datetime_operator.py
[2025-10-14 15:03:17,720] {processor.py:651} INFO - DAG(s) dict_keys(['example_branch_datetime_operator_2']) retrieved from /root/Projects/etlX/venv/lib/python3.9/site-packages/airflow/example_dags/example_branch_datetime_operator.py
[2025-10-14 15:03:17,756] {logging_mixin.py:115} INFO - [2025-10-14 15:03:17,756] {dag.py:2379} INFO - Sync 1 DAGs
[2025-10-14 15:03:17,790] {logging_mixin.py:115} INFO - [2025-10-14 15:03:17,790] {dag.py:2927} INFO - Setting next_dagrun for example_branch_datetime_operator_2 to 2025-10-13T00:00:00+00:00, run_after=2025-10-14T00:00:00+00:00
[2025-10-14 15:03:17,806] {processor.py:161} INFO - Processing /root/Projects/etlX/venv/lib/python3.9/site-packages/airflow/example_dags/example_branch_datetime_operator.py took 0.113 seconds
[2025-10-14 15:10:14,054] {processor.py:153} INFO - Started process (PID=15913) to work on /root/Projects/etlX/venv/lib/python3.9/site-packages/airflow/example_dags/example_branch_datetime_operator.py
[2025-10-14 15:10:14,055] {processor.py:641} INFO - Processing file /root/Projects/etlX/venv/lib/python3.9/site-packages/airflow/example_dags/example_branch_datetime_operator.py for tasks to queue
[2025-10-14 15:10:14,055] {logging_mixin.py:115} INFO - [2025-10-14 15:10:14,055] {dagbag.py:507} INFO - Filling up the DagBag from /root/Projects/etlX/venv/lib/python3.9/site-packages/airflow/example_dags/example_branch_datetime_operator.py
[2025-10-14 15:10:14,066] {processor.py:651} INFO - DAG(s) dict_keys(['example_branch_datetime_operator_2']) retrieved from /root/Projects/etlX/venv/lib/python3.9/site-packages/airflow/example_dags/example_branch_datetime_operator.py
[2025-10-14 15:10:14,086] {logging_mixin.py:115} INFO - [2025-10-14 15:10:14,086] {dag.py:2379} INFO - Sync 1 DAGs
[2025-10-14 15:10:14,107] {logging_mixin.py:115} INFO - [2025-10-14 15:10:14,107] {dag.py:2927} INFO - Setting next_dagrun for example_branch_datetime_operator_2 to 2025-10-13T00:00:00+00:00, run_after=2025-10-14T00:00:00+00:00
[2025-10-14 15:10:14,119] {processor.py:161} INFO - Processing /root/Projects/etlX/venv/lib/python3.9/site-packages/airflow/example_dags/example_branch_datetime_operator.py took 0.070 seconds
[2025-10-14 15:10:50,173] {processor.py:153} INFO - Started process (PID=15973) to work on /root/Projects/etlX/venv/lib/python3.9/site-packages/airflow/example_dags/example_branch_datetime_operator.py
[2025-10-14 15:10:50,174] {processor.py:641} INFO - Processing file /root/Projects/etlX/venv/lib/python3.9/site-packages/airflow/example_dags/example_branch_datetime_operator.py for tasks to queue
[2025-10-14 15:10:50,174] {logging_mixin.py:115} INFO - [2025-10-14 15:10:50,174] {dagbag.py:507} INFO - Filling up the DagBag from /root/Projects/etlX/venv/lib/python3.9/site-packages/airflow/example_dags/example_branch_datetime_operator.py
[2025-10-14 15:10:50,186] {processor.py:651} INFO - DAG(s) dict_keys(['example_branch_datetime_operator_2']) retrieved from /root/Projects/etlX/venv/lib/python3.9/site-packages/airflow/example_dags/example_branch_datetime_operator.py
[2025-10-14 15:10:50,206] {logging_mixin.py:115} INFO - [2025-10-14 15:10:50,206] {dag.py:2379} INFO - Sync 1 DAGs
[2025-10-14 15:10:50,228] {logging_mixin.py:115} INFO - [2025-10-14 15:10:50,228] {dag.py:2927} INFO - Setting next_dagrun for example_branch_datetime_operator_2 to 2025-10-13T00:00:00+00:00, run_after=2025-10-14T00:00:00+00:00
[2025-10-14 15:10:50,240] {processor.py:161} INFO - Processing /root/Projects/etlX/venv/lib/python3.9/site-packages/airflow/example_dags/example_branch_datetime_operator.py took 0.074 seconds
[2025-10-14 15:11:26,521] {processor.py:153} INFO - Started process (PID=16136) to work on /root/Projects/etlX/venv/lib/python3.9/site-packages/airflow/example_dags/example_branch_datetime_operator.py
[2025-10-14 15:11:26,522] {processor.py:641} INFO - Processing file /root/Projects/etlX/venv/lib/python3.9/site-packages/airflow/example_dags/example_branch_datetime_operator.py for tasks to queue
[2025-10-14 15:11:26,522] {logging_mixin.py:115} INFO - [2025-10-14 15:11:26,522] {dagbag.py:507} INFO - Filling up the DagBag from /root/Projects/etlX/venv/lib/python3.9/site-packages/airflow/example_dags/example_branch_datetime_operator.py
[2025-10-14 15:11:26,532] {processor.py:651} INFO - DAG(s) dict_keys(['example_branch_datetime_operator_2']) retrieved from /root/Projects/etlX/venv/lib/python3.9/site-packages/airflow/example_dags/example_branch_datetime_operator.py
[2025-10-14 15:11:26,552] {logging_mixin.py:115} INFO - [2025-10-14 15:11:26,552] {dag.py:2379} INFO - Sync 1 DAGs
[2025-10-14 15:11:26,574] {logging_mixin.py:115} INFO - [2025-10-14 15:11:26,574] {dag.py:2927} INFO - Setting next_dagrun for example_branch_datetime_operator_2 to 2025-10-13T00:00:00+00:00, run_after=2025-10-14T00:00:00+00:00
[2025-10-14 15:11:26,586] {processor.py:161} INFO - Processing /root/Projects/etlX/venv/lib/python3.9/site-packages/airflow/example_dags/example_branch_datetime_operator.py took 0.070 seconds
[2025-10-14 15:12:00,529] {processor.py:153} INFO - Started process (PID=16194) to work on /root/Projects/etlX/venv/lib/python3.9/site-packages/airflow/example_dags/example_branch_datetime_operator.py
[2025-10-14 15:12:00,529] {processor.py:641} INFO - Processing file /root/Projects/etlX/venv/lib/python3.9/site-packages/airflow/example_dags/example_branch_datetime_operator.py for tasks to queue
[2025-10-14 15:12:00,530] {logging_mixin.py:115} INFO - [2025-10-14 15:12:00,530] {dagbag.py:507} INFO - Filling up the DagBag from /root/Projects/etlX/venv/lib/python3.9/site-packages/airflow/example_dags/example_branch_datetime_operator.py
[2025-10-14 15:12:00,541] {processor.py:651} INFO - DAG(s) dict_keys(['example_branch_datetime_operator_2']) retrieved from /root/Projects/etlX/venv/lib/python3.9/site-packages/airflow/example_dags/example_branch_datetime_operator.py
[2025-10-14 15:12:00,561] {logging_mixin.py:115} INFO - [2025-10-14 15:12:00,561] {dag.py:2379} INFO - Sync 1 DAGs
[2025-10-14 15:12:00,583] {logging_mixin.py:115} INFO - [2025-10-14 15:12:00,583] {dag.py:2927} INFO - Setting next_dagrun for example_branch_datetime_operator_2 to 2025-10-13T00:00:00+00:00, run_after=2025-10-14T00:00:00+00:00
[2025-10-14 15:12:00,595] {processor.py:161} INFO - Processing /root/Projects/etlX/venv/lib/python3.9/site-packages/airflow/example_dags/example_branch_datetime_operator.py took 0.071 seconds
[2025-10-14 15:12:36,143] {processor.py:153} INFO - Started process (PID=16250) to work on /root/Projects/etlX/venv/lib/python3.9/site-packages/airflow/example_dags/example_branch_datetime_operator.py
[2025-10-14 15:12:36,144] {processor.py:641} INFO - Processing file /root/Projects/etlX/venv/lib/python3.9/site-packages/airflow/example_dags/example_branch_datetime_operator.py for tasks to queue
[2025-10-14 15:12:36,145] {logging_mixin.py:115} INFO - [2025-10-14 15:12:36,145] {dagbag.py:507} INFO - Filling up the DagBag from /root/Projects/etlX/venv/lib/python3.9/site-packages/airflow/example_dags/example_branch_datetime_operator.py
[2025-10-14 15:12:36,159] {processor.py:651} INFO - DAG(s) dict_keys(['example_branch_datetime_operator_2']) retrieved from /root/Projects/etlX/venv/lib/python3.9/site-packages/airflow/example_dags/example_branch_datetime_operator.py
[2025-10-14 15:12:36,188] {logging_mixin.py:115} INFO - [2025-10-14 15:12:36,188] {dag.py:2379} INFO - Sync 1 DAGs
[2025-10-14 15:12:36,211] {logging_mixin.py:115} INFO - [2025-10-14 15:12:36,211] {dag.py:2927} INFO - Setting next_dagrun for example_branch_datetime_operator_2 to 2025-10-13T00:00:00+00:00, run_after=2025-10-14T00:00:00+00:00
[2025-10-14 15:12:36,229] {processor.py:161} INFO - Processing /root/Projects/etlX/venv/lib/python3.9/site-packages/airflow/example_dags/example_branch_datetime_operator.py took 0.092 seconds
[2025-10-14 15:13:09,899] {processor.py:153} INFO - Started process (PID=16309) to work on /root/Projects/etlX/venv/lib/python3.9/site-packages/airflow/example_dags/example_branch_datetime_operator.py
[2025-10-14 15:13:09,900] {processor.py:641} INFO - Processing file /root/Projects/etlX/venv/lib/python3.9/site-packages/airflow/example_dags/example_branch_datetime_operator.py for tasks to queue
[2025-10-14 15:13:09,900] {logging_mixin.py:115} INFO - [2025-10-14 15:13:09,900] {dagbag.py:507} INFO - Filling up the DagBag from /root/Projects/etlX/venv/lib/python3.9/site-packages/airflow/example_dags/example_branch_datetime_operator.py
[2025-10-14 15:13:09,910] {processor.py:651} INFO - DAG(s) dict_keys(['example_branch_datetime_operator_2']) retrieved from /root/Projects/etlX/venv/lib/python3.9/site-packages/airflow/example_dags/example_branch_datetime_operator.py
[2025-10-14 15:13:09,930] {logging_mixin.py:115} INFO - [2025-10-14 15:13:09,930] {dag.py:2379} INFO - Sync 1 DAGs
[2025-10-14 15:13:09,950] {logging_mixin.py:115} INFO - [2025-10-14 15:13:09,950] {dag.py:2927} INFO - Setting next_dagrun for example_branch_datetime_operator_2 to 2025-10-13T00:00:00+00:00, run_after=2025-10-14T00:00:00+00:00
[2025-10-14 15:13:09,961] {processor.py:161} INFO - Processing /root/Projects/etlX/venv/lib/python3.9/site-packages/airflow/example_dags/example_branch_datetime_operator.py took 0.066 seconds
[2025-10-14 15:13:46,222] {processor.py:153} INFO - Started process (PID=16369) to work on /root/Projects/etlX/venv/lib/python3.9/site-packages/airflow/example_dags/example_branch_datetime_operator.py
[2025-10-14 15:13:46,223] {processor.py:641} INFO - Processing file /root/Projects/etlX/venv/lib/python3.9/site-packages/airflow/example_dags/example_branch_datetime_operator.py for tasks to queue
[2025-10-14 15:13:46,224] {logging_mixin.py:115} INFO - [2025-10-14 15:13:46,223] {dagbag.py:507} INFO - Filling up the DagBag from /root/Projects/etlX/venv/lib/python3.9/site-packages/airflow/example_dags/example_branch_datetime_operator.py
[2025-10-14 15:13:46,235] {processor.py:651} INFO - DAG(s) dict_keys(['example_branch_datetime_operator_2']) retrieved from /root/Projects/etlX/venv/lib/python3.9/site-packages/airflow/example_dags/example_branch_datetime_operator.py
[2025-10-14 15:13:46,260] {logging_mixin.py:115} INFO - [2025-10-14 15:13:46,259] {dag.py:2379} INFO - Sync 1 DAGs
[2025-10-14 15:13:46,288] {logging_mixin.py:115} INFO - [2025-10-14 15:13:46,288] {dag.py:2927} INFO - Setting next_dagrun for example_branch_datetime_operator_2 to 2025-10-13T00:00:00+00:00, run_after=2025-10-14T00:00:00+00:00
[2025-10-14 15:13:46,302] {processor.py:161} INFO - Processing /root/Projects/etlX/venv/lib/python3.9/site-packages/airflow/example_dags/example_branch_datetime_operator.py took 0.085 seconds
[2025-10-14 15:14:18,561] {processor.py:153} INFO - Started process (PID=16424) to work on /root/Projects/etlX/venv/lib/python3.9/site-packages/airflow/example_dags/example_branch_datetime_operator.py
[2025-10-14 15:14:18,561] {processor.py:641} INFO - Processing file /root/Projects/etlX/venv/lib/python3.9/site-packages/airflow/example_dags/example_branch_datetime_operator.py for tasks to queue
[2025-10-14 15:14:18,562] {logging_mixin.py:115} INFO - [2025-10-14 15:14:18,562] {dagbag.py:507} INFO - Filling up the DagBag from /root/Projects/etlX/venv/lib/python3.9/site-packages/airflow/example_dags/example_branch_datetime_operator.py
[2025-10-14 15:14:18,577] {processor.py:651} INFO - DAG(s) dict_keys(['example_branch_datetime_operator_2']) retrieved from /root/Projects/etlX/venv/lib/python3.9/site-packages/airflow/example_dags/example_branch_datetime_operator.py
[2025-10-14 15:14:18,597] {logging_mixin.py:115} INFO - [2025-10-14 15:14:18,597] {dag.py:2379} INFO - Sync 1 DAGs
[2025-10-14 15:14:18,617] {logging_mixin.py:115} INFO - [2025-10-14 15:14:18,617] {dag.py:2927} INFO - Setting next_dagrun for example_branch_datetime_operator_2 to 2025-10-13T00:00:00+00:00, run_after=2025-10-14T00:00:00+00:00
[2025-10-14 15:14:18,627] {processor.py:161} INFO - Processing /root/Projects/etlX/venv/lib/python3.9/site-packages/airflow/example_dags/example_branch_datetime_operator.py took 0.072 seconds
[2025-10-14 15:14:54,808] {processor.py:153} INFO - Started process (PID=16535) to work on /root/Projects/etlX/venv/lib/python3.9/site-packages/airflow/example_dags/example_branch_datetime_operator.py
[2025-10-14 15:14:54,808] {processor.py:641} INFO - Processing file /root/Projects/etlX/venv/lib/python3.9/site-packages/airflow/example_dags/example_branch_datetime_operator.py for tasks to queue
[2025-10-14 15:14:54,809] {logging_mixin.py:115} INFO - [2025-10-14 15:14:54,809] {dagbag.py:507} INFO - Filling up the DagBag from /root/Projects/etlX/venv/lib/python3.9/site-packages/airflow/example_dags/example_branch_datetime_operator.py
[2025-10-14 15:14:54,819] {processor.py:651} INFO - DAG(s) dict_keys(['example_branch_datetime_operator_2']) retrieved from /root/Projects/etlX/venv/lib/python3.9/site-packages/airflow/example_dags/example_branch_datetime_operator.py
[2025-10-14 15:14:54,838] {logging_mixin.py:115} INFO - [2025-10-14 15:14:54,838] {dag.py:2379} INFO - Sync 1 DAGs
[2025-10-14 15:14:54,857] {logging_mixin.py:115} INFO - [2025-10-14 15:14:54,857] {dag.py:2927} INFO - Setting next_dagrun for example_branch_datetime_operator_2 to 2025-10-13T00:00:00+00:00, run_after=2025-10-14T00:00:00+00:00
[2025-10-14 15:14:54,867] {processor.py:161} INFO - Processing /root/Projects/etlX/venv/lib/python3.9/site-packages/airflow/example_dags/example_branch_datetime_operator.py took 0.064 seconds
[2025-10-14 15:15:30,312] {processor.py:153} INFO - Started process (PID=16594) to work on /root/Projects/etlX/venv/lib/python3.9/site-packages/airflow/example_dags/example_branch_datetime_operator.py
[2025-10-14 15:15:30,313] {processor.py:641} INFO - Processing file /root/Projects/etlX/venv/lib/python3.9/site-packages/airflow/example_dags/example_branch_datetime_operator.py for tasks to queue
[2025-10-14 15:15:30,313] {logging_mixin.py:115} INFO - [2025-10-14 15:15:30,313] {dagbag.py:507} INFO - Filling up the DagBag from /root/Projects/etlX/venv/lib/python3.9/site-packages/airflow/example_dags/example_branch_datetime_operator.py
[2025-10-14 15:15:30,324] {processor.py:651} INFO - DAG(s) dict_keys(['example_branch_datetime_operator_2']) retrieved from /root/Projects/etlX/venv/lib/python3.9/site-packages/airflow/example_dags/example_branch_datetime_operator.py
[2025-10-14 15:15:30,345] {logging_mixin.py:115} INFO - [2025-10-14 15:15:30,344] {dag.py:2379} INFO - Sync 1 DAGs
[2025-10-14 15:15:30,367] {logging_mixin.py:115} INFO - [2025-10-14 15:15:30,367] {dag.py:2927} INFO - Setting next_dagrun for example_branch_datetime_operator_2 to 2025-10-13T00:00:00+00:00, run_after=2025-10-14T00:00:00+00:00
[2025-10-14 15:15:30,379] {processor.py:161} INFO - Processing /root/Projects/etlX/venv/lib/python3.9/site-packages/airflow/example_dags/example_branch_datetime_operator.py took 0.072 seconds
[2025-10-14 15:16:05,713] {processor.py:153} INFO - Started process (PID=16653) to work on /root/Projects/etlX/venv/lib/python3.9/site-packages/airflow/example_dags/example_branch_datetime_operator.py
[2025-10-14 15:16:05,714] {processor.py:641} INFO - Processing file /root/Projects/etlX/venv/lib/python3.9/site-packages/airflow/example_dags/example_branch_datetime_operator.py for tasks to queue
[2025-10-14 15:16:05,715] {logging_mixin.py:115} INFO - [2025-10-14 15:16:05,715] {dagbag.py:507} INFO - Filling up the DagBag from /root/Projects/etlX/venv/lib/python3.9/site-packages/airflow/example_dags/example_branch_datetime_operator.py
[2025-10-14 15:16:05,726] {processor.py:651} INFO - DAG(s) dict_keys(['example_branch_datetime_operator_2']) retrieved from /root/Projects/etlX/venv/lib/python3.9/site-packages/airflow/example_dags/example_branch_datetime_operator.py
[2025-10-14 15:16:05,750] {logging_mixin.py:115} INFO - [2025-10-14 15:16:05,750] {dag.py:2379} INFO - Sync 1 DAGs
[2025-10-14 15:16:05,775] {logging_mixin.py:115} INFO - [2025-10-14 15:16:05,775] {dag.py:2927} INFO - Setting next_dagrun for example_branch_datetime_operator_2 to 2025-10-13T00:00:00+00:00, run_after=2025-10-14T00:00:00+00:00
[2025-10-14 15:16:05,788] {processor.py:161} INFO - Processing /root/Projects/etlX/venv/lib/python3.9/site-packages/airflow/example_dags/example_branch_datetime_operator.py took 0.079 seconds
[2025-10-14 15:16:40,734] {processor.py:153} INFO - Started process (PID=16969) to work on /root/Projects/etlX/venv/lib/python3.9/site-packages/airflow/example_dags/example_branch_datetime_operator.py
[2025-10-14 15:16:40,735] {processor.py:641} INFO - Processing file /root/Projects/etlX/venv/lib/python3.9/site-packages/airflow/example_dags/example_branch_datetime_operator.py for tasks to queue
[2025-10-14 15:16:40,736] {logging_mixin.py:115} INFO - [2025-10-14 15:16:40,736] {dagbag.py:507} INFO - Filling up the DagBag from /root/Projects/etlX/venv/lib/python3.9/site-packages/airflow/example_dags/example_branch_datetime_operator.py
[2025-10-14 15:16:40,754] {processor.py:651} INFO - DAG(s) dict_keys(['example_branch_datetime_operator_2']) retrieved from /root/Projects/etlX/venv/lib/python3.9/site-packages/airflow/example_dags/example_branch_datetime_operator.py
[2025-10-14 15:16:40,774] {logging_mixin.py:115} INFO - [2025-10-14 15:16:40,774] {dag.py:2379} INFO - Sync 1 DAGs
[2025-10-14 15:16:40,795] {logging_mixin.py:115} INFO - [2025-10-14 15:16:40,795] {dag.py:2927} INFO - Setting next_dagrun for example_branch_datetime_operator_2 to 2025-10-13T00:00:00+00:00, run_after=2025-10-14T00:00:00+00:00
[2025-10-14 15:16:40,805] {processor.py:161} INFO - Processing /root/Projects/etlX/venv/lib/python3.9/site-packages/airflow/example_dags/example_branch_datetime_operator.py took 0.081 seconds
[2025-10-14 15:17:15,132] {processor.py:153} INFO - Started process (PID=17076) to work on /root/Projects/etlX/venv/lib/python3.9/site-packages/airflow/example_dags/example_branch_datetime_operator.py
[2025-10-14 15:17:15,133] {processor.py:641} INFO - Processing file /root/Projects/etlX/venv/lib/python3.9/site-packages/airflow/example_dags/example_branch_datetime_operator.py for tasks to queue
[2025-10-14 15:17:15,134] {logging_mixin.py:115} INFO - [2025-10-14 15:17:15,134] {dagbag.py:507} INFO - Filling up the DagBag from /root/Projects/etlX/venv/lib/python3.9/site-packages/airflow/example_dags/example_branch_datetime_operator.py
[2025-10-14 15:17:15,157] {processor.py:651} INFO - DAG(s) dict_keys(['example_branch_datetime_operator_2']) retrieved from /root/Projects/etlX/venv/lib/python3.9/site-packages/airflow/example_dags/example_branch_datetime_operator.py
[2025-10-14 15:17:15,180] {logging_mixin.py:115} INFO - [2025-10-14 15:17:15,180] {dag.py:2379} INFO - Sync 1 DAGs
[2025-10-14 15:17:15,200] {logging_mixin.py:115} INFO - [2025-10-14 15:17:15,200] {dag.py:2927} INFO - Setting next_dagrun for example_branch_datetime_operator_2 to 2025-10-13T00:00:00+00:00, run_after=2025-10-14T00:00:00+00:00
[2025-10-14 15:17:15,211] {processor.py:161} INFO - Processing /root/Projects/etlX/venv/lib/python3.9/site-packages/airflow/example_dags/example_branch_datetime_operator.py took 0.090 seconds
[2025-10-14 15:17:49,752] {processor.py:153} INFO - Started process (PID=17276) to work on /root/Projects/etlX/venv/lib/python3.9/site-packages/airflow/example_dags/example_branch_datetime_operator.py
[2025-10-14 15:17:49,752] {processor.py:641} INFO - Processing file /root/Projects/etlX/venv/lib/python3.9/site-packages/airflow/example_dags/example_branch_datetime_operator.py for tasks to queue
[2025-10-14 15:17:49,753] {logging_mixin.py:115} INFO - [2025-10-14 15:17:49,753] {dagbag.py:507} INFO - Filling up the DagBag from /root/Projects/etlX/venv/lib/python3.9/site-packages/airflow/example_dags/example_branch_datetime_operator.py
[2025-10-14 15:17:49,769] {processor.py:651} INFO - DAG(s) dict_keys(['example_branch_datetime_operator_2']) retrieved from /root/Projects/etlX/venv/lib/python3.9/site-packages/airflow/example_dags/example_branch_datetime_operator.py
[2025-10-14 15:17:49,805] {logging_mixin.py:115} INFO - [2025-10-14 15:17:49,805] {dag.py:2379} INFO - Sync 1 DAGs
[2025-10-14 15:17:49,833] {logging_mixin.py:115} INFO - [2025-10-14 15:17:49,833] {dag.py:2927} INFO - Setting next_dagrun for example_branch_datetime_operator_2 to 2025-10-13T00:00:00+00:00, run_after=2025-10-14T00:00:00+00:00
[2025-10-14 15:17:49,852] {processor.py:161} INFO - Processing /root/Projects/etlX/venv/lib/python3.9/site-packages/airflow/example_dags/example_branch_datetime_operator.py took 0.106 seconds
[2025-10-14 15:59:11,056] {processor.py:153} INFO - Started process (PID=20026) to work on /root/Projects/etlX/venv/lib/python3.9/site-packages/airflow/example_dags/example_branch_datetime_operator.py
[2025-10-14 15:59:11,057] {processor.py:641} INFO - Processing file /root/Projects/etlX/venv/lib/python3.9/site-packages/airflow/example_dags/example_branch_datetime_operator.py for tasks to queue
[2025-10-14 15:59:11,058] {logging_mixin.py:115} INFO - [2025-10-14 15:59:11,058] {dagbag.py:507} INFO - Filling up the DagBag from /root/Projects/etlX/venv/lib/python3.9/site-packages/airflow/example_dags/example_branch_datetime_operator.py
[2025-10-14 15:59:11,076] {processor.py:651} INFO - DAG(s) dict_keys(['example_branch_datetime_operator_2']) retrieved from /root/Projects/etlX/venv/lib/python3.9/site-packages/airflow/example_dags/example_branch_datetime_operator.py
[2025-10-14 15:59:11,095] {logging_mixin.py:115} INFO - [2025-10-14 15:59:11,095] {dag.py:2379} INFO - Sync 1 DAGs
[2025-10-14 15:59:11,116] {logging_mixin.py:115} INFO - [2025-10-14 15:59:11,116] {dag.py:2927} INFO - Setting next_dagrun for example_branch_datetime_operator_2 to 2025-10-13T00:00:00+00:00, run_after=2025-10-14T00:00:00+00:00
[2025-10-14 15:59:11,126] {processor.py:161} INFO - Processing /root/Projects/etlX/venv/lib/python3.9/site-packages/airflow/example_dags/example_branch_datetime_operator.py took 0.075 seconds
[2025-10-14 15:59:45,016] {processor.py:153} INFO - Started process (PID=20114) to work on /root/Projects/etlX/venv/lib/python3.9/site-packages/airflow/example_dags/example_branch_datetime_operator.py
[2025-10-14 15:59:45,017] {processor.py:641} INFO - Processing file /root/Projects/etlX/venv/lib/python3.9/site-packages/airflow/example_dags/example_branch_datetime_operator.py for tasks to queue
[2025-10-14 15:59:45,017] {logging_mixin.py:115} INFO - [2025-10-14 15:59:45,017] {dagbag.py:507} INFO - Filling up the DagBag from /root/Projects/etlX/venv/lib/python3.9/site-packages/airflow/example_dags/example_branch_datetime_operator.py
[2025-10-14 15:59:45,029] {processor.py:651} INFO - DAG(s) dict_keys(['example_branch_datetime_operator_2']) retrieved from /root/Projects/etlX/venv/lib/python3.9/site-packages/airflow/example_dags/example_branch_datetime_operator.py
[2025-10-14 15:59:45,052] {logging_mixin.py:115} INFO - [2025-10-14 15:59:45,052] {dag.py:2379} INFO - Sync 1 DAGs
[2025-10-14 15:59:45,074] {logging_mixin.py:115} INFO - [2025-10-14 15:59:45,074] {dag.py:2927} INFO - Setting next_dagrun for example_branch_datetime_operator_2 to 2025-10-13T00:00:00+00:00, run_after=2025-10-14T00:00:00+00:00
[2025-10-14 15:59:45,086] {processor.py:161} INFO - Processing /root/Projects/etlX/venv/lib/python3.9/site-packages/airflow/example_dags/example_branch_datetime_operator.py took 0.075 seconds
[2025-10-14 16:00:20,031] {processor.py:153} INFO - Started process (PID=20171) to work on /root/Projects/etlX/venv/lib/python3.9/site-packages/airflow/example_dags/example_branch_datetime_operator.py
[2025-10-14 16:00:20,032] {processor.py:641} INFO - Processing file /root/Projects/etlX/venv/lib/python3.9/site-packages/airflow/example_dags/example_branch_datetime_operator.py for tasks to queue
[2025-10-14 16:00:20,033] {logging_mixin.py:115} INFO - [2025-10-14 16:00:20,033] {dagbag.py:507} INFO - Filling up the DagBag from /root/Projects/etlX/venv/lib/python3.9/site-packages/airflow/example_dags/example_branch_datetime_operator.py
[2025-10-14 16:00:20,043] {processor.py:651} INFO - DAG(s) dict_keys(['example_branch_datetime_operator_2']) retrieved from /root/Projects/etlX/venv/lib/python3.9/site-packages/airflow/example_dags/example_branch_datetime_operator.py
[2025-10-14 16:00:20,062] {logging_mixin.py:115} INFO - [2025-10-14 16:00:20,062] {dag.py:2379} INFO - Sync 1 DAGs
[2025-10-14 16:00:20,082] {logging_mixin.py:115} INFO - [2025-10-14 16:00:20,081] {dag.py:2927} INFO - Setting next_dagrun for example_branch_datetime_operator_2 to 2025-10-13T00:00:00+00:00, run_after=2025-10-14T00:00:00+00:00
[2025-10-14 16:00:20,092] {processor.py:161} INFO - Processing /root/Projects/etlX/venv/lib/python3.9/site-packages/airflow/example_dags/example_branch_datetime_operator.py took 0.065 seconds
[2025-10-14 16:00:52,777] {processor.py:153} INFO - Started process (PID=20229) to work on /root/Projects/etlX/venv/lib/python3.9/site-packages/airflow/example_dags/example_branch_datetime_operator.py
[2025-10-14 16:00:52,777] {processor.py:641} INFO - Processing file /root/Projects/etlX/venv/lib/python3.9/site-packages/airflow/example_dags/example_branch_datetime_operator.py for tasks to queue
[2025-10-14 16:00:52,778] {logging_mixin.py:115} INFO - [2025-10-14 16:00:52,778] {dagbag.py:507} INFO - Filling up the DagBag from /root/Projects/etlX/venv/lib/python3.9/site-packages/airflow/example_dags/example_branch_datetime_operator.py
[2025-10-14 16:00:52,788] {processor.py:651} INFO - DAG(s) dict_keys(['example_branch_datetime_operator_2']) retrieved from /root/Projects/etlX/venv/lib/python3.9/site-packages/airflow/example_dags/example_branch_datetime_operator.py
[2025-10-14 16:00:52,809] {logging_mixin.py:115} INFO - [2025-10-14 16:00:52,809] {dag.py:2379} INFO - Sync 1 DAGs
[2025-10-14 16:00:52,830] {logging_mixin.py:115} INFO - [2025-10-14 16:00:52,830] {dag.py:2927} INFO - Setting next_dagrun for example_branch_datetime_operator_2 to 2025-10-13T00:00:00+00:00, run_after=2025-10-14T00:00:00+00:00
[2025-10-14 16:00:52,841] {processor.py:161} INFO - Processing /root/Projects/etlX/venv/lib/python3.9/site-packages/airflow/example_dags/example_branch_datetime_operator.py took 0.068 seconds
[2025-10-14 16:01:30,044] {processor.py:153} INFO - Started process (PID=20290) to work on /root/Projects/etlX/venv/lib/python3.9/site-packages/airflow/example_dags/example_branch_datetime_operator.py
[2025-10-14 16:01:30,045] {processor.py:641} INFO - Processing file /root/Projects/etlX/venv/lib/python3.9/site-packages/airflow/example_dags/example_branch_datetime_operator.py for tasks to queue
[2025-10-14 16:01:30,046] {logging_mixin.py:115} INFO - [2025-10-14 16:01:30,046] {dagbag.py:507} INFO - Filling up the DagBag from /root/Projects/etlX/venv/lib/python3.9/site-packages/airflow/example_dags/example_branch_datetime_operator.py
[2025-10-14 16:01:30,061] {processor.py:651} INFO - DAG(s) dict_keys(['example_branch_datetime_operator_2']) retrieved from /root/Projects/etlX/venv/lib/python3.9/site-packages/airflow/example_dags/example_branch_datetime_operator.py
[2025-10-14 16:01:30,085] {logging_mixin.py:115} INFO - [2025-10-14 16:01:30,085] {dag.py:2379} INFO - Sync 1 DAGs
[2025-10-14 16:01:30,104] {logging_mixin.py:115} INFO - [2025-10-14 16:01:30,104] {dag.py:2927} INFO - Setting next_dagrun for example_branch_datetime_operator_2 to 2025-10-13T00:00:00+00:00, run_after=2025-10-14T00:00:00+00:00
[2025-10-14 16:01:30,115] {processor.py:161} INFO - Processing /root/Projects/etlX/venv/lib/python3.9/site-packages/airflow/example_dags/example_branch_datetime_operator.py took 0.080 seconds
[2025-10-14 16:02:05,647] {processor.py:153} INFO - Started process (PID=20348) to work on /root/Projects/etlX/venv/lib/python3.9/site-packages/airflow/example_dags/example_branch_datetime_operator.py
[2025-10-14 16:02:05,647] {processor.py:641} INFO - Processing file /root/Projects/etlX/venv/lib/python3.9/site-packages/airflow/example_dags/example_branch_datetime_operator.py for tasks to queue
[2025-10-14 16:02:05,648] {logging_mixin.py:115} INFO - [2025-10-14 16:02:05,648] {dagbag.py:507} INFO - Filling up the DagBag from /root/Projects/etlX/venv/lib/python3.9/site-packages/airflow/example_dags/example_branch_datetime_operator.py
[2025-10-14 16:02:05,658] {processor.py:651} INFO - DAG(s) dict_keys(['example_branch_datetime_operator_2']) retrieved from /root/Projects/etlX/venv/lib/python3.9/site-packages/airflow/example_dags/example_branch_datetime_operator.py
[2025-10-14 16:02:05,678] {logging_mixin.py:115} INFO - [2025-10-14 16:02:05,678] {dag.py:2379} INFO - Sync 1 DAGs
[2025-10-14 16:02:05,700] {logging_mixin.py:115} INFO - [2025-10-14 16:02:05,700] {dag.py:2927} INFO - Setting next_dagrun for example_branch_datetime_operator_2 to 2025-10-13T00:00:00+00:00, run_after=2025-10-14T00:00:00+00:00
[2025-10-14 16:02:05,711] {processor.py:161} INFO - Processing /root/Projects/etlX/venv/lib/python3.9/site-packages/airflow/example_dags/example_branch_datetime_operator.py took 0.068 seconds
[2025-10-14 16:02:42,238] {processor.py:153} INFO - Started process (PID=20410) to work on /root/Projects/etlX/venv/lib/python3.9/site-packages/airflow/example_dags/example_branch_datetime_operator.py
[2025-10-14 16:02:42,238] {processor.py:641} INFO - Processing file /root/Projects/etlX/venv/lib/python3.9/site-packages/airflow/example_dags/example_branch_datetime_operator.py for tasks to queue
[2025-10-14 16:02:42,239] {logging_mixin.py:115} INFO - [2025-10-14 16:02:42,239] {dagbag.py:507} INFO - Filling up the DagBag from /root/Projects/etlX/venv/lib/python3.9/site-packages/airflow/example_dags/example_branch_datetime_operator.py
[2025-10-14 16:02:42,249] {processor.py:651} INFO - DAG(s) dict_keys(['example_branch_datetime_operator_2']) retrieved from /root/Projects/etlX/venv/lib/python3.9/site-packages/airflow/example_dags/example_branch_datetime_operator.py
[2025-10-14 16:02:42,269] {logging_mixin.py:115} INFO - [2025-10-14 16:02:42,269] {dag.py:2379} INFO - Sync 1 DAGs
[2025-10-14 16:02:42,289] {logging_mixin.py:115} INFO - [2025-10-14 16:02:42,289] {dag.py:2927} INFO - Setting next_dagrun for example_branch_datetime_operator_2 to 2025-10-13T00:00:00+00:00, run_after=2025-10-14T00:00:00+00:00
[2025-10-14 16:02:42,300] {processor.py:161} INFO - Processing /root/Projects/etlX/venv/lib/python3.9/site-packages/airflow/example_dags/example_branch_datetime_operator.py took 0.066 seconds
[2025-10-14 16:03:16,003] {processor.py:153} INFO - Started process (PID=20469) to work on /root/Projects/etlX/venv/lib/python3.9/site-packages/airflow/example_dags/example_branch_datetime_operator.py
[2025-10-14 16:03:16,004] {processor.py:641} INFO - Processing file /root/Projects/etlX/venv/lib/python3.9/site-packages/airflow/example_dags/example_branch_datetime_operator.py for tasks to queue
[2025-10-14 16:03:16,004] {logging_mixin.py:115} INFO - [2025-10-14 16:03:16,004] {dagbag.py:507} INFO - Filling up the DagBag from /root/Projects/etlX/venv/lib/python3.9/site-packages/airflow/example_dags/example_branch_datetime_operator.py
[2025-10-14 16:03:16,014] {processor.py:651} INFO - DAG(s) dict_keys(['example_branch_datetime_operator_2']) retrieved from /root/Projects/etlX/venv/lib/python3.9/site-packages/airflow/example_dags/example_branch_datetime_operator.py
[2025-10-14 16:03:16,034] {logging_mixin.py:115} INFO - [2025-10-14 16:03:16,033] {dag.py:2379} INFO - Sync 1 DAGs
[2025-10-14 16:03:16,053] {logging_mixin.py:115} INFO - [2025-10-14 16:03:16,053] {dag.py:2927} INFO - Setting next_dagrun for example_branch_datetime_operator_2 to 2025-10-13T00:00:00+00:00, run_after=2025-10-14T00:00:00+00:00
[2025-10-14 16:03:16,064] {processor.py:161} INFO - Processing /root/Projects/etlX/venv/lib/python3.9/site-packages/airflow/example_dags/example_branch_datetime_operator.py took 0.067 seconds
[2025-10-14 16:03:50,999] {processor.py:153} INFO - Started process (PID=20579) to work on /root/Projects/etlX/venv/lib/python3.9/site-packages/airflow/example_dags/example_branch_datetime_operator.py
[2025-10-14 16:03:51,000] {processor.py:641} INFO - Processing file /root/Projects/etlX/venv/lib/python3.9/site-packages/airflow/example_dags/example_branch_datetime_operator.py for tasks to queue
[2025-10-14 16:03:51,001] {logging_mixin.py:115} INFO - [2025-10-14 16:03:51,001] {dagbag.py:507} INFO - Filling up the DagBag from /root/Projects/etlX/venv/lib/python3.9/site-packages/airflow/example_dags/example_branch_datetime_operator.py
[2025-10-14 16:03:51,015] {processor.py:651} INFO - DAG(s) dict_keys(['example_branch_datetime_operator_2']) retrieved from /root/Projects/etlX/venv/lib/python3.9/site-packages/airflow/example_dags/example_branch_datetime_operator.py
[2025-10-14 16:03:51,036] {logging_mixin.py:115} INFO - [2025-10-14 16:03:51,036] {dag.py:2379} INFO - Sync 1 DAGs
[2025-10-14 16:03:51,057] {logging_mixin.py:115} INFO - [2025-10-14 16:03:51,057] {dag.py:2927} INFO - Setting next_dagrun for example_branch_datetime_operator_2 to 2025-10-13T00:00:00+00:00, run_after=2025-10-14T00:00:00+00:00
[2025-10-14 16:03:51,070] {processor.py:161} INFO - Processing /root/Projects/etlX/venv/lib/python3.9/site-packages/airflow/example_dags/example_branch_datetime_operator.py took 0.078 seconds
[2025-10-14 16:04:24,123] {processor.py:153} INFO - Started process (PID=20634) to work on /root/Projects/etlX/venv/lib/python3.9/site-packages/airflow/example_dags/example_branch_datetime_operator.py
[2025-10-14 16:04:24,124] {processor.py:641} INFO - Processing file /root/Projects/etlX/venv/lib/python3.9/site-packages/airflow/example_dags/example_branch_datetime_operator.py for tasks to queue
[2025-10-14 16:04:24,124] {logging_mixin.py:115} INFO - [2025-10-14 16:04:24,124] {dagbag.py:507} INFO - Filling up the DagBag from /root/Projects/etlX/venv/lib/python3.9/site-packages/airflow/example_dags/example_branch_datetime_operator.py
[2025-10-14 16:04:24,138] {processor.py:651} INFO - DAG(s) dict_keys(['example_branch_datetime_operator_2']) retrieved from /root/Projects/etlX/venv/lib/python3.9/site-packages/airflow/example_dags/example_branch_datetime_operator.py
[2025-10-14 16:04:24,164] {logging_mixin.py:115} INFO - [2025-10-14 16:04:24,164] {dag.py:2379} INFO - Sync 1 DAGs
[2025-10-14 16:04:24,184] {logging_mixin.py:115} INFO - [2025-10-14 16:04:24,184] {dag.py:2927} INFO - Setting next_dagrun for example_branch_datetime_operator_2 to 2025-10-13T00:00:00+00:00, run_after=2025-10-14T00:00:00+00:00
[2025-10-14 16:04:24,195] {processor.py:161} INFO - Processing /root/Projects/etlX/venv/lib/python3.9/site-packages/airflow/example_dags/example_branch_datetime_operator.py took 0.078 seconds
[2025-10-14 16:04:58,890] {processor.py:153} INFO - Started process (PID=20693) to work on /root/Projects/etlX/venv/lib/python3.9/site-packages/airflow/example_dags/example_branch_datetime_operator.py
[2025-10-14 16:04:58,892] {processor.py:641} INFO - Processing file /root/Projects/etlX/venv/lib/python3.9/site-packages/airflow/example_dags/example_branch_datetime_operator.py for tasks to queue
[2025-10-14 16:04:58,893] {logging_mixin.py:115} INFO - [2025-10-14 16:04:58,893] {dagbag.py:507} INFO - Filling up the DagBag from /root/Projects/etlX/venv/lib/python3.9/site-packages/airflow/example_dags/example_branch_datetime_operator.py
[2025-10-14 16:04:58,909] {processor.py:651} INFO - DAG(s) dict_keys(['example_branch_datetime_operator_2']) retrieved from /root/Projects/etlX/venv/lib/python3.9/site-packages/airflow/example_dags/example_branch_datetime_operator.py
[2025-10-14 16:04:58,933] {logging_mixin.py:115} INFO - [2025-10-14 16:04:58,933] {dag.py:2379} INFO - Sync 1 DAGs
[2025-10-14 16:04:58,954] {logging_mixin.py:115} INFO - [2025-10-14 16:04:58,954] {dag.py:2927} INFO - Setting next_dagrun for example_branch_datetime_operator_2 to 2025-10-13T00:00:00+00:00, run_after=2025-10-14T00:00:00+00:00
[2025-10-14 16:04:58,964] {processor.py:161} INFO - Processing /root/Projects/etlX/venv/lib/python3.9/site-packages/airflow/example_dags/example_branch_datetime_operator.py took 0.082 seconds
[2025-10-14 16:05:34,784] {processor.py:153} INFO - Started process (PID=20753) to work on /root/Projects/etlX/venv/lib/python3.9/site-packages/airflow/example_dags/example_branch_datetime_operator.py
[2025-10-14 16:05:34,785] {processor.py:641} INFO - Processing file /root/Projects/etlX/venv/lib/python3.9/site-packages/airflow/example_dags/example_branch_datetime_operator.py for tasks to queue
[2025-10-14 16:05:34,786] {logging_mixin.py:115} INFO - [2025-10-14 16:05:34,786] {dagbag.py:507} INFO - Filling up the DagBag from /root/Projects/etlX/venv/lib/python3.9/site-packages/airflow/example_dags/example_branch_datetime_operator.py
[2025-10-14 16:05:34,803] {processor.py:651} INFO - DAG(s) dict_keys(['example_branch_datetime_operator_2']) retrieved from /root/Projects/etlX/venv/lib/python3.9/site-packages/airflow/example_dags/example_branch_datetime_operator.py
[2025-10-14 16:05:34,827] {logging_mixin.py:115} INFO - [2025-10-14 16:05:34,827] {dag.py:2379} INFO - Sync 1 DAGs
[2025-10-14 16:05:34,847] {logging_mixin.py:115} INFO - [2025-10-14 16:05:34,847] {dag.py:2927} INFO - Setting next_dagrun for example_branch_datetime_operator_2 to 2025-10-13T00:00:00+00:00, run_after=2025-10-14T00:00:00+00:00
[2025-10-14 16:05:34,857] {processor.py:161} INFO - Processing /root/Projects/etlX/venv/lib/python3.9/site-packages/airflow/example_dags/example_branch_datetime_operator.py took 0.083 seconds
[2025-10-14 16:06:08,644] {processor.py:153} INFO - Started process (PID=20811) to work on /root/Projects/etlX/venv/lib/python3.9/site-packages/airflow/example_dags/example_branch_datetime_operator.py
[2025-10-14 16:06:08,646] {processor.py:641} INFO - Processing file /root/Projects/etlX/venv/lib/python3.9/site-packages/airflow/example_dags/example_branch_datetime_operator.py for tasks to queue
[2025-10-14 16:06:08,647] {logging_mixin.py:115} INFO - [2025-10-14 16:06:08,647] {dagbag.py:507} INFO - Filling up the DagBag from /root/Projects/etlX/venv/lib/python3.9/site-packages/airflow/example_dags/example_branch_datetime_operator.py
[2025-10-14 16:06:08,660] {processor.py:651} INFO - DAG(s) dict_keys(['example_branch_datetime_operator_2']) retrieved from /root/Projects/etlX/venv/lib/python3.9/site-packages/airflow/example_dags/example_branch_datetime_operator.py
[2025-10-14 16:06:08,680] {logging_mixin.py:115} INFO - [2025-10-14 16:06:08,680] {dag.py:2379} INFO - Sync 1 DAGs
[2025-10-14 16:06:08,700] {logging_mixin.py:115} INFO - [2025-10-14 16:06:08,700] {dag.py:2927} INFO - Setting next_dagrun for example_branch_datetime_operator_2 to 2025-10-13T00:00:00+00:00, run_after=2025-10-14T00:00:00+00:00
[2025-10-14 16:06:08,710] {processor.py:161} INFO - Processing /root/Projects/etlX/venv/lib/python3.9/site-packages/airflow/example_dags/example_branch_datetime_operator.py took 0.077 seconds
[2025-10-14 16:06:42,568] {processor.py:153} INFO - Started process (PID=20867) to work on /root/Projects/etlX/venv/lib/python3.9/site-packages/airflow/example_dags/example_branch_datetime_operator.py
[2025-10-14 16:06:42,568] {processor.py:641} INFO - Processing file /root/Projects/etlX/venv/lib/python3.9/site-packages/airflow/example_dags/example_branch_datetime_operator.py for tasks to queue
[2025-10-14 16:06:42,569] {logging_mixin.py:115} INFO - [2025-10-14 16:06:42,569] {dagbag.py:507} INFO - Filling up the DagBag from /root/Projects/etlX/venv/lib/python3.9/site-packages/airflow/example_dags/example_branch_datetime_operator.py
[2025-10-14 16:06:42,580] {processor.py:651} INFO - DAG(s) dict_keys(['example_branch_datetime_operator_2']) retrieved from /root/Projects/etlX/venv/lib/python3.9/site-packages/airflow/example_dags/example_branch_datetime_operator.py
[2025-10-14 16:06:42,605] {logging_mixin.py:115} INFO - [2025-10-14 16:06:42,604] {dag.py:2379} INFO - Sync 1 DAGs
[2025-10-14 16:06:42,629] {logging_mixin.py:115} INFO - [2025-10-14 16:06:42,629] {dag.py:2927} INFO - Setting next_dagrun for example_branch_datetime_operator_2 to 2025-10-13T00:00:00+00:00, run_after=2025-10-14T00:00:00+00:00
[2025-10-14 16:06:42,641] {processor.py:161} INFO - Processing /root/Projects/etlX/venv/lib/python3.9/site-packages/airflow/example_dags/example_branch_datetime_operator.py took 0.079 seconds
[2025-10-14 16:07:19,680] {processor.py:153} INFO - Started process (PID=21034) to work on /root/Projects/etlX/venv/lib/python3.9/site-packages/airflow/example_dags/example_branch_datetime_operator.py
[2025-10-14 16:07:19,681] {processor.py:641} INFO - Processing file /root/Projects/etlX/venv/lib/python3.9/site-packages/airflow/example_dags/example_branch_datetime_operator.py for tasks to queue
[2025-10-14 16:07:19,681] {logging_mixin.py:115} INFO - [2025-10-14 16:07:19,681] {dagbag.py:507} INFO - Filling up the DagBag from /root/Projects/etlX/venv/lib/python3.9/site-packages/airflow/example_dags/example_branch_datetime_operator.py
[2025-10-14 16:07:19,691] {processor.py:651} INFO - DAG(s) dict_keys(['example_branch_datetime_operator_2']) retrieved from /root/Projects/etlX/venv/lib/python3.9/site-packages/airflow/example_dags/example_branch_datetime_operator.py
[2025-10-14 16:07:19,712] {logging_mixin.py:115} INFO - [2025-10-14 16:07:19,711] {dag.py:2379} INFO - Sync 1 DAGs
[2025-10-14 16:07:19,733] {logging_mixin.py:115} INFO - [2025-10-14 16:07:19,733] {dag.py:2927} INFO - Setting next_dagrun for example_branch_datetime_operator_2 to 2025-10-13T00:00:00+00:00, run_after=2025-10-14T00:00:00+00:00
[2025-10-14 16:07:19,745] {processor.py:161} INFO - Processing /root/Projects/etlX/venv/lib/python3.9/site-packages/airflow/example_dags/example_branch_datetime_operator.py took 0.069 seconds
[2025-10-14 16:07:54,682] {processor.py:153} INFO - Started process (PID=21350) to work on /root/Projects/etlX/venv/lib/python3.9/site-packages/airflow/example_dags/example_branch_datetime_operator.py
[2025-10-14 16:07:54,683] {processor.py:641} INFO - Processing file /root/Projects/etlX/venv/lib/python3.9/site-packages/airflow/example_dags/example_branch_datetime_operator.py for tasks to queue
[2025-10-14 16:07:54,684] {logging_mixin.py:115} INFO - [2025-10-14 16:07:54,683] {dagbag.py:507} INFO - Filling up the DagBag from /root/Projects/etlX/venv/lib/python3.9/site-packages/airflow/example_dags/example_branch_datetime_operator.py
[2025-10-14 16:07:54,694] {processor.py:651} INFO - DAG(s) dict_keys(['example_branch_datetime_operator_2']) retrieved from /root/Projects/etlX/venv/lib/python3.9/site-packages/airflow/example_dags/example_branch_datetime_operator.py
[2025-10-14 16:07:54,715] {logging_mixin.py:115} INFO - [2025-10-14 16:07:54,715] {dag.py:2379} INFO - Sync 1 DAGs
[2025-10-14 16:07:54,735] {logging_mixin.py:115} INFO - [2025-10-14 16:07:54,735] {dag.py:2927} INFO - Setting next_dagrun for example_branch_datetime_operator_2 to 2025-10-13T00:00:00+00:00, run_after=2025-10-14T00:00:00+00:00
[2025-10-14 16:07:54,746] {processor.py:161} INFO - Processing /root/Projects/etlX/venv/lib/python3.9/site-packages/airflow/example_dags/example_branch_datetime_operator.py took 0.068 seconds
[2025-10-14 16:08:28,977] {processor.py:153} INFO - Started process (PID=21508) to work on /root/Projects/etlX/venv/lib/python3.9/site-packages/airflow/example_dags/example_branch_datetime_operator.py
[2025-10-14 16:08:28,978] {processor.py:641} INFO - Processing file /root/Projects/etlX/venv/lib/python3.9/site-packages/airflow/example_dags/example_branch_datetime_operator.py for tasks to queue
[2025-10-14 16:08:28,978] {logging_mixin.py:115} INFO - [2025-10-14 16:08:28,978] {dagbag.py:507} INFO - Filling up the DagBag from /root/Projects/etlX/venv/lib/python3.9/site-packages/airflow/example_dags/example_branch_datetime_operator.py
[2025-10-14 16:08:28,989] {processor.py:651} INFO - DAG(s) dict_keys(['example_branch_datetime_operator_2']) retrieved from /root/Projects/etlX/venv/lib/python3.9/site-packages/airflow/example_dags/example_branch_datetime_operator.py
[2025-10-14 16:08:29,010] {logging_mixin.py:115} INFO - [2025-10-14 16:08:29,010] {dag.py:2379} INFO - Sync 1 DAGs
[2025-10-14 16:08:29,031] {logging_mixin.py:115} INFO - [2025-10-14 16:08:29,031] {dag.py:2927} INFO - Setting next_dagrun for example_branch_datetime_operator_2 to 2025-10-13T00:00:00+00:00, run_after=2025-10-14T00:00:00+00:00
[2025-10-14 16:08:29,042] {processor.py:161} INFO - Processing /root/Projects/etlX/venv/lib/python3.9/site-packages/airflow/example_dags/example_branch_datetime_operator.py took 0.070 seconds
[2025-10-14 16:25:46,300] {processor.py:153} INFO - Started process (PID=22851) to work on /root/Projects/etlX/venv/lib/python3.9/site-packages/airflow/example_dags/example_branch_datetime_operator.py
[2025-10-14 16:25:46,300] {processor.py:641} INFO - Processing file /root/Projects/etlX/venv/lib/python3.9/site-packages/airflow/example_dags/example_branch_datetime_operator.py for tasks to queue
[2025-10-14 16:25:46,301] {logging_mixin.py:115} INFO - [2025-10-14 16:25:46,301] {dagbag.py:507} INFO - Filling up the DagBag from /root/Projects/etlX/venv/lib/python3.9/site-packages/airflow/example_dags/example_branch_datetime_operator.py
[2025-10-14 16:25:46,312] {processor.py:651} INFO - DAG(s) dict_keys(['example_branch_datetime_operator_2']) retrieved from /root/Projects/etlX/venv/lib/python3.9/site-packages/airflow/example_dags/example_branch_datetime_operator.py
[2025-10-14 16:25:46,333] {logging_mixin.py:115} INFO - [2025-10-14 16:25:46,333] {dag.py:2379} INFO - Sync 1 DAGs
[2025-10-14 16:25:46,355] {logging_mixin.py:115} INFO - [2025-10-14 16:25:46,355] {dag.py:2927} INFO - Setting next_dagrun for example_branch_datetime_operator_2 to 2025-10-13T00:00:00+00:00, run_after=2025-10-14T00:00:00+00:00
[2025-10-14 16:25:46,367] {processor.py:161} INFO - Processing /root/Projects/etlX/venv/lib/python3.9/site-packages/airflow/example_dags/example_branch_datetime_operator.py took 0.072 seconds
[2025-10-14 16:26:23,725] {processor.py:153} INFO - Started process (PID=22912) to work on /root/Projects/etlX/venv/lib/python3.9/site-packages/airflow/example_dags/example_branch_datetime_operator.py
[2025-10-14 16:26:23,726] {processor.py:641} INFO - Processing file /root/Projects/etlX/venv/lib/python3.9/site-packages/airflow/example_dags/example_branch_datetime_operator.py for tasks to queue
[2025-10-14 16:26:23,727] {logging_mixin.py:115} INFO - [2025-10-14 16:26:23,727] {dagbag.py:507} INFO - Filling up the DagBag from /root/Projects/etlX/venv/lib/python3.9/site-packages/airflow/example_dags/example_branch_datetime_operator.py
[2025-10-14 16:26:23,740] {processor.py:651} INFO - DAG(s) dict_keys(['example_branch_datetime_operator_2']) retrieved from /root/Projects/etlX/venv/lib/python3.9/site-packages/airflow/example_dags/example_branch_datetime_operator.py
[2025-10-14 16:26:23,763] {logging_mixin.py:115} INFO - [2025-10-14 16:26:23,763] {dag.py:2379} INFO - Sync 1 DAGs
[2025-10-14 16:26:23,783] {logging_mixin.py:115} INFO - [2025-10-14 16:26:23,783] {dag.py:2927} INFO - Setting next_dagrun for example_branch_datetime_operator_2 to 2025-10-13T00:00:00+00:00, run_after=2025-10-14T00:00:00+00:00
[2025-10-14 16:26:23,797] {processor.py:161} INFO - Processing /root/Projects/etlX/venv/lib/python3.9/site-packages/airflow/example_dags/example_branch_datetime_operator.py took 0.076 seconds
[2025-10-14 16:26:59,918] {processor.py:153} INFO - Started process (PID=22975) to work on /root/Projects/etlX/venv/lib/python3.9/site-packages/airflow/example_dags/example_branch_datetime_operator.py
[2025-10-14 16:26:59,919] {processor.py:641} INFO - Processing file /root/Projects/etlX/venv/lib/python3.9/site-packages/airflow/example_dags/example_branch_datetime_operator.py for tasks to queue
[2025-10-14 16:26:59,920] {logging_mixin.py:115} INFO - [2025-10-14 16:26:59,920] {dagbag.py:507} INFO - Filling up the DagBag from /root/Projects/etlX/venv/lib/python3.9/site-packages/airflow/example_dags/example_branch_datetime_operator.py
[2025-10-14 16:26:59,933] {processor.py:651} INFO - DAG(s) dict_keys(['example_branch_datetime_operator_2']) retrieved from /root/Projects/etlX/venv/lib/python3.9/site-packages/airflow/example_dags/example_branch_datetime_operator.py
[2025-10-14 16:26:59,954] {logging_mixin.py:115} INFO - [2025-10-14 16:26:59,954] {dag.py:2379} INFO - Sync 1 DAGs
[2025-10-14 16:26:59,977] {logging_mixin.py:115} INFO - [2025-10-14 16:26:59,977] {dag.py:2927} INFO - Setting next_dagrun for example_branch_datetime_operator_2 to 2025-10-13T00:00:00+00:00, run_after=2025-10-14T00:00:00+00:00
[2025-10-14 16:26:59,989] {processor.py:161} INFO - Processing /root/Projects/etlX/venv/lib/python3.9/site-packages/airflow/example_dags/example_branch_datetime_operator.py took 0.080 seconds
[2025-10-14 16:27:34,906] {processor.py:153} INFO - Started process (PID=23134) to work on /root/Projects/etlX/venv/lib/python3.9/site-packages/airflow/example_dags/example_branch_datetime_operator.py
[2025-10-14 16:27:34,906] {processor.py:641} INFO - Processing file /root/Projects/etlX/venv/lib/python3.9/site-packages/airflow/example_dags/example_branch_datetime_operator.py for tasks to queue
[2025-10-14 16:27:34,907] {logging_mixin.py:115} INFO - [2025-10-14 16:27:34,907] {dagbag.py:507} INFO - Filling up the DagBag from /root/Projects/etlX/venv/lib/python3.9/site-packages/airflow/example_dags/example_branch_datetime_operator.py
[2025-10-14 16:27:34,917] {processor.py:651} INFO - DAG(s) dict_keys(['example_branch_datetime_operator_2']) retrieved from /root/Projects/etlX/venv/lib/python3.9/site-packages/airflow/example_dags/example_branch_datetime_operator.py
[2025-10-14 16:27:34,936] {logging_mixin.py:115} INFO - [2025-10-14 16:27:34,936] {dag.py:2379} INFO - Sync 1 DAGs
[2025-10-14 16:27:34,963] {logging_mixin.py:115} INFO - [2025-10-14 16:27:34,963] {dag.py:2927} INFO - Setting next_dagrun for example_branch_datetime_operator_2 to 2025-10-13T00:00:00+00:00, run_after=2025-10-14T00:00:00+00:00
[2025-10-14 16:27:34,976] {processor.py:161} INFO - Processing /root/Projects/etlX/venv/lib/python3.9/site-packages/airflow/example_dags/example_branch_datetime_operator.py took 0.075 seconds
[2025-10-14 16:28:10,936] {processor.py:153} INFO - Started process (PID=23248) to work on /root/Projects/etlX/venv/lib/python3.9/site-packages/airflow/example_dags/example_branch_datetime_operator.py
[2025-10-14 16:28:10,937] {processor.py:641} INFO - Processing file /root/Projects/etlX/venv/lib/python3.9/site-packages/airflow/example_dags/example_branch_datetime_operator.py for tasks to queue
[2025-10-14 16:28:10,937] {logging_mixin.py:115} INFO - [2025-10-14 16:28:10,937] {dagbag.py:507} INFO - Filling up the DagBag from /root/Projects/etlX/venv/lib/python3.9/site-packages/airflow/example_dags/example_branch_datetime_operator.py
[2025-10-14 16:28:10,950] {processor.py:651} INFO - DAG(s) dict_keys(['example_branch_datetime_operator_2']) retrieved from /root/Projects/etlX/venv/lib/python3.9/site-packages/airflow/example_dags/example_branch_datetime_operator.py
[2025-10-14 16:28:10,972] {logging_mixin.py:115} INFO - [2025-10-14 16:28:10,972] {dag.py:2379} INFO - Sync 1 DAGs
[2025-10-14 16:28:10,993] {logging_mixin.py:115} INFO - [2025-10-14 16:28:10,992] {dag.py:2927} INFO - Setting next_dagrun for example_branch_datetime_operator_2 to 2025-10-13T00:00:00+00:00, run_after=2025-10-14T00:00:00+00:00
[2025-10-14 16:28:11,003] {processor.py:161} INFO - Processing /root/Projects/etlX/venv/lib/python3.9/site-packages/airflow/example_dags/example_branch_datetime_operator.py took 0.072 seconds
[2025-10-14 16:28:48,712] {processor.py:153} INFO - Started process (PID=23361) to work on /root/Projects/etlX/venv/lib/python3.9/site-packages/airflow/example_dags/example_branch_datetime_operator.py
[2025-10-14 16:28:48,712] {processor.py:641} INFO - Processing file /root/Projects/etlX/venv/lib/python3.9/site-packages/airflow/example_dags/example_branch_datetime_operator.py for tasks to queue
[2025-10-14 16:28:48,713] {logging_mixin.py:115} INFO - [2025-10-14 16:28:48,713] {dagbag.py:507} INFO - Filling up the DagBag from /root/Projects/etlX/venv/lib/python3.9/site-packages/airflow/example_dags/example_branch_datetime_operator.py
[2025-10-14 16:28:48,723] {processor.py:651} INFO - DAG(s) dict_keys(['example_branch_datetime_operator_2']) retrieved from /root/Projects/etlX/venv/lib/python3.9/site-packages/airflow/example_dags/example_branch_datetime_operator.py
[2025-10-14 16:28:48,744] {logging_mixin.py:115} INFO - [2025-10-14 16:28:48,743] {dag.py:2379} INFO - Sync 1 DAGs
[2025-10-14 16:28:48,764] {logging_mixin.py:115} INFO - [2025-10-14 16:28:48,764] {dag.py:2927} INFO - Setting next_dagrun for example_branch_datetime_operator_2 to 2025-10-13T00:00:00+00:00, run_after=2025-10-14T00:00:00+00:00
[2025-10-14 16:28:48,774] {processor.py:161} INFO - Processing /root/Projects/etlX/venv/lib/python3.9/site-packages/airflow/example_dags/example_branch_datetime_operator.py took 0.067 seconds
[2025-10-14 16:29:22,051] {processor.py:153} INFO - Started process (PID=23519) to work on /root/Projects/etlX/venv/lib/python3.9/site-packages/airflow/example_dags/example_branch_datetime_operator.py
[2025-10-14 16:29:22,052] {processor.py:641} INFO - Processing file /root/Projects/etlX/venv/lib/python3.9/site-packages/airflow/example_dags/example_branch_datetime_operator.py for tasks to queue
[2025-10-14 16:29:22,052] {logging_mixin.py:115} INFO - [2025-10-14 16:29:22,052] {dagbag.py:507} INFO - Filling up the DagBag from /root/Projects/etlX/venv/lib/python3.9/site-packages/airflow/example_dags/example_branch_datetime_operator.py
[2025-10-14 16:29:22,062] {processor.py:651} INFO - DAG(s) dict_keys(['example_branch_datetime_operator_2']) retrieved from /root/Projects/etlX/venv/lib/python3.9/site-packages/airflow/example_dags/example_branch_datetime_operator.py
[2025-10-14 16:29:22,084] {logging_mixin.py:115} INFO - [2025-10-14 16:29:22,083] {dag.py:2379} INFO - Sync 1 DAGs
[2025-10-14 16:29:22,104] {logging_mixin.py:115} INFO - [2025-10-14 16:29:22,104] {dag.py:2927} INFO - Setting next_dagrun for example_branch_datetime_operator_2 to 2025-10-13T00:00:00+00:00, run_after=2025-10-14T00:00:00+00:00
[2025-10-14 16:29:22,116] {processor.py:161} INFO - Processing /root/Projects/etlX/venv/lib/python3.9/site-packages/airflow/example_dags/example_branch_datetime_operator.py took 0.069 seconds
[2025-10-14 16:29:56,357] {processor.py:153} INFO - Started process (PID=23635) to work on /root/Projects/etlX/venv/lib/python3.9/site-packages/airflow/example_dags/example_branch_datetime_operator.py
[2025-10-14 16:29:56,358] {processor.py:641} INFO - Processing file /root/Projects/etlX/venv/lib/python3.9/site-packages/airflow/example_dags/example_branch_datetime_operator.py for tasks to queue
[2025-10-14 16:29:56,358] {logging_mixin.py:115} INFO - [2025-10-14 16:29:56,358] {dagbag.py:507} INFO - Filling up the DagBag from /root/Projects/etlX/venv/lib/python3.9/site-packages/airflow/example_dags/example_branch_datetime_operator.py
[2025-10-14 16:29:56,369] {processor.py:651} INFO - DAG(s) dict_keys(['example_branch_datetime_operator_2']) retrieved from /root/Projects/etlX/venv/lib/python3.9/site-packages/airflow/example_dags/example_branch_datetime_operator.py
[2025-10-14 16:29:56,392] {logging_mixin.py:115} INFO - [2025-10-14 16:29:56,392] {dag.py:2379} INFO - Sync 1 DAGs
[2025-10-14 16:29:56,415] {logging_mixin.py:115} INFO - [2025-10-14 16:29:56,414] {dag.py:2927} INFO - Setting next_dagrun for example_branch_datetime_operator_2 to 2025-10-13T00:00:00+00:00, run_after=2025-10-14T00:00:00+00:00
[2025-10-14 16:29:56,426] {processor.py:161} INFO - Processing /root/Projects/etlX/venv/lib/python3.9/site-packages/airflow/example_dags/example_branch_datetime_operator.py took 0.074 seconds
