[2025-10-14 14:57:14,026] {processor.py:153} INFO - Started process (PID=13332) to work on /root/Projects/etlX/venv/lib/python3.9/site-packages/airflow/example_dags/example_latest_only_with_trigger.py
[2025-10-14 14:57:14,027] {processor.py:641} INFO - Processing file /root/Projects/etlX/venv/lib/python3.9/site-packages/airflow/example_dags/example_latest_only_with_trigger.py for tasks to queue
[2025-10-14 14:57:14,028] {logging_mixin.py:115} INFO - [2025-10-14 14:57:14,028] {dagbag.py:507} INFO - Filling up the DagBag from /root/Projects/etlX/venv/lib/python3.9/site-packages/airflow/example_dags/example_latest_only_with_trigger.py
[2025-10-14 14:57:14,037] {processor.py:651} INFO - DAG(s) dict_keys(['latest_only_with_trigger']) retrieved from /root/Projects/etlX/venv/lib/python3.9/site-packages/airflow/example_dags/example_latest_only_with_trigger.py
[2025-10-14 14:57:14,110] {logging_mixin.py:115} INFO - [2025-10-14 14:57:14,110] {manager.py:508} INFO - Created Permission View: can read on DAG:latest_only_with_trigger
[2025-10-14 14:57:14,119] {logging_mixin.py:115} INFO - [2025-10-14 14:57:14,119] {manager.py:508} INFO - Created Permission View: can edit on DAG:latest_only_with_trigger
[2025-10-14 14:57:14,126] {logging_mixin.py:115} INFO - [2025-10-14 14:57:14,126] {manager.py:508} INFO - Created Permission View: can delete on DAG:latest_only_with_trigger
[2025-10-14 14:57:14,127] {logging_mixin.py:115} INFO - [2025-10-14 14:57:14,127] {dag.py:2379} INFO - Sync 1 DAGs
[2025-10-14 14:57:14,136] {logging_mixin.py:115} INFO - [2025-10-14 14:57:14,136] {dag.py:2398} INFO - Creating ORM DAG for latest_only_with_trigger
[2025-10-14 14:57:14,144] {logging_mixin.py:115} INFO - [2025-10-14 14:57:14,144] {dag.py:2927} INFO - Setting next_dagrun for latest_only_with_trigger to 2025-10-14T13:57:14.144270+00:00, run_after=2025-10-14T17:57:14.144270+00:00
[2025-10-14 14:57:14,234] {processor.py:161} INFO - Processing /root/Projects/etlX/venv/lib/python3.9/site-packages/airflow/example_dags/example_latest_only_with_trigger.py took 0.212 seconds
[2025-10-14 14:57:49,863] {processor.py:153} INFO - Started process (PID=13543) to work on /root/Projects/etlX/venv/lib/python3.9/site-packages/airflow/example_dags/example_latest_only_with_trigger.py
[2025-10-14 14:57:49,864] {processor.py:641} INFO - Processing file /root/Projects/etlX/venv/lib/python3.9/site-packages/airflow/example_dags/example_latest_only_with_trigger.py for tasks to queue
[2025-10-14 14:57:49,864] {logging_mixin.py:115} INFO - [2025-10-14 14:57:49,864] {dagbag.py:507} INFO - Filling up the DagBag from /root/Projects/etlX/venv/lib/python3.9/site-packages/airflow/example_dags/example_latest_only_with_trigger.py
[2025-10-14 14:57:49,878] {processor.py:651} INFO - DAG(s) dict_keys(['latest_only_with_trigger']) retrieved from /root/Projects/etlX/venv/lib/python3.9/site-packages/airflow/example_dags/example_latest_only_with_trigger.py
[2025-10-14 14:57:49,903] {logging_mixin.py:115} INFO - [2025-10-14 14:57:49,902] {dag.py:2379} INFO - Sync 1 DAGs
[2025-10-14 14:57:49,926] {logging_mixin.py:115} INFO - [2025-10-14 14:57:49,926] {dag.py:2927} INFO - Setting next_dagrun for latest_only_with_trigger to 2025-10-14T13:57:49.926464+00:00, run_after=2025-10-14T17:57:49.926464+00:00
[2025-10-14 14:57:49,940] {processor.py:161} INFO - Processing /root/Projects/etlX/venv/lib/python3.9/site-packages/airflow/example_dags/example_latest_only_with_trigger.py took 0.082 seconds
[2025-10-14 14:58:24,889] {processor.py:153} INFO - Started process (PID=13703) to work on /root/Projects/etlX/venv/lib/python3.9/site-packages/airflow/example_dags/example_latest_only_with_trigger.py
[2025-10-14 14:58:24,890] {processor.py:641} INFO - Processing file /root/Projects/etlX/venv/lib/python3.9/site-packages/airflow/example_dags/example_latest_only_with_trigger.py for tasks to queue
[2025-10-14 14:58:24,890] {logging_mixin.py:115} INFO - [2025-10-14 14:58:24,890] {dagbag.py:507} INFO - Filling up the DagBag from /root/Projects/etlX/venv/lib/python3.9/site-packages/airflow/example_dags/example_latest_only_with_trigger.py
[2025-10-14 14:58:24,898] {processor.py:651} INFO - DAG(s) dict_keys(['latest_only_with_trigger']) retrieved from /root/Projects/etlX/venv/lib/python3.9/site-packages/airflow/example_dags/example_latest_only_with_trigger.py
[2025-10-14 14:58:24,917] {logging_mixin.py:115} INFO - [2025-10-14 14:58:24,917] {dag.py:2379} INFO - Sync 1 DAGs
[2025-10-14 14:58:24,937] {logging_mixin.py:115} INFO - [2025-10-14 14:58:24,937] {dag.py:2927} INFO - Setting next_dagrun for latest_only_with_trigger to 2025-10-14T13:58:24.937050+00:00, run_after=2025-10-14T17:58:24.937050+00:00
[2025-10-14 14:58:24,948] {processor.py:161} INFO - Processing /root/Projects/etlX/venv/lib/python3.9/site-packages/airflow/example_dags/example_latest_only_with_trigger.py took 0.064 seconds
[2025-10-14 14:58:57,449] {processor.py:153} INFO - Started process (PID=13780) to work on /root/Projects/etlX/venv/lib/python3.9/site-packages/airflow/example_dags/example_latest_only_with_trigger.py
[2025-10-14 14:58:57,449] {processor.py:641} INFO - Processing file /root/Projects/etlX/venv/lib/python3.9/site-packages/airflow/example_dags/example_latest_only_with_trigger.py for tasks to queue
[2025-10-14 14:58:57,450] {logging_mixin.py:115} INFO - [2025-10-14 14:58:57,450] {dagbag.py:507} INFO - Filling up the DagBag from /root/Projects/etlX/venv/lib/python3.9/site-packages/airflow/example_dags/example_latest_only_with_trigger.py
[2025-10-14 14:58:57,460] {processor.py:651} INFO - DAG(s) dict_keys(['latest_only_with_trigger']) retrieved from /root/Projects/etlX/venv/lib/python3.9/site-packages/airflow/example_dags/example_latest_only_with_trigger.py
[2025-10-14 14:58:57,486] {logging_mixin.py:115} INFO - [2025-10-14 14:58:57,485] {dag.py:2379} INFO - Sync 1 DAGs
[2025-10-14 14:58:57,512] {logging_mixin.py:115} INFO - [2025-10-14 14:58:57,511] {dag.py:2927} INFO - Setting next_dagrun for latest_only_with_trigger to 2025-10-14T13:58:57.510580+00:00, run_after=2025-10-14T17:58:57.510580+00:00
[2025-10-14 14:58:57,529] {processor.py:161} INFO - Processing /root/Projects/etlX/venv/lib/python3.9/site-packages/airflow/example_dags/example_latest_only_with_trigger.py took 0.085 seconds
[2025-10-14 14:59:31,684] {processor.py:153} INFO - Started process (PID=13972) to work on /root/Projects/etlX/venv/lib/python3.9/site-packages/airflow/example_dags/example_latest_only_with_trigger.py
[2025-10-14 14:59:31,684] {processor.py:641} INFO - Processing file /root/Projects/etlX/venv/lib/python3.9/site-packages/airflow/example_dags/example_latest_only_with_trigger.py for tasks to queue
[2025-10-14 14:59:31,685] {logging_mixin.py:115} INFO - [2025-10-14 14:59:31,685] {dagbag.py:507} INFO - Filling up the DagBag from /root/Projects/etlX/venv/lib/python3.9/site-packages/airflow/example_dags/example_latest_only_with_trigger.py
[2025-10-14 14:59:31,693] {processor.py:651} INFO - DAG(s) dict_keys(['latest_only_with_trigger']) retrieved from /root/Projects/etlX/venv/lib/python3.9/site-packages/airflow/example_dags/example_latest_only_with_trigger.py
[2025-10-14 14:59:31,716] {logging_mixin.py:115} INFO - [2025-10-14 14:59:31,716] {dag.py:2379} INFO - Sync 1 DAGs
[2025-10-14 14:59:31,738] {logging_mixin.py:115} INFO - [2025-10-14 14:59:31,738] {dag.py:2927} INFO - Setting next_dagrun for latest_only_with_trigger to 2025-10-14T13:59:31.738076+00:00, run_after=2025-10-14T17:59:31.738076+00:00
[2025-10-14 14:59:31,752] {processor.py:161} INFO - Processing /root/Projects/etlX/venv/lib/python3.9/site-packages/airflow/example_dags/example_latest_only_with_trigger.py took 0.072 seconds
[2025-10-14 15:00:04,832] {processor.py:153} INFO - Started process (PID=14027) to work on /root/Projects/etlX/venv/lib/python3.9/site-packages/airflow/example_dags/example_latest_only_with_trigger.py
[2025-10-14 15:00:04,833] {processor.py:641} INFO - Processing file /root/Projects/etlX/venv/lib/python3.9/site-packages/airflow/example_dags/example_latest_only_with_trigger.py for tasks to queue
[2025-10-14 15:00:04,834] {logging_mixin.py:115} INFO - [2025-10-14 15:00:04,834] {dagbag.py:507} INFO - Filling up the DagBag from /root/Projects/etlX/venv/lib/python3.9/site-packages/airflow/example_dags/example_latest_only_with_trigger.py
[2025-10-14 15:00:04,844] {processor.py:651} INFO - DAG(s) dict_keys(['latest_only_with_trigger']) retrieved from /root/Projects/etlX/venv/lib/python3.9/site-packages/airflow/example_dags/example_latest_only_with_trigger.py
[2025-10-14 15:00:04,864] {logging_mixin.py:115} INFO - [2025-10-14 15:00:04,864] {dag.py:2379} INFO - Sync 1 DAGs
[2025-10-14 15:00:04,884] {logging_mixin.py:115} INFO - [2025-10-14 15:00:04,884] {dag.py:2927} INFO - Setting next_dagrun for latest_only_with_trigger to 2025-10-14T14:00:04.884013+00:00, run_after=2025-10-14T18:00:04.884013+00:00
[2025-10-14 15:00:04,896] {processor.py:161} INFO - Processing /root/Projects/etlX/venv/lib/python3.9/site-packages/airflow/example_dags/example_latest_only_with_trigger.py took 0.069 seconds
[2025-10-14 15:00:38,797] {processor.py:153} INFO - Started process (PID=14107) to work on /root/Projects/etlX/venv/lib/python3.9/site-packages/airflow/example_dags/example_latest_only_with_trigger.py
[2025-10-14 15:00:38,797] {processor.py:641} INFO - Processing file /root/Projects/etlX/venv/lib/python3.9/site-packages/airflow/example_dags/example_latest_only_with_trigger.py for tasks to queue
[2025-10-14 15:00:38,798] {logging_mixin.py:115} INFO - [2025-10-14 15:00:38,798] {dagbag.py:507} INFO - Filling up the DagBag from /root/Projects/etlX/venv/lib/python3.9/site-packages/airflow/example_dags/example_latest_only_with_trigger.py
[2025-10-14 15:00:38,806] {processor.py:651} INFO - DAG(s) dict_keys(['latest_only_with_trigger']) retrieved from /root/Projects/etlX/venv/lib/python3.9/site-packages/airflow/example_dags/example_latest_only_with_trigger.py
[2025-10-14 15:00:38,829] {logging_mixin.py:115} INFO - [2025-10-14 15:00:38,828] {dag.py:2379} INFO - Sync 1 DAGs
[2025-10-14 15:00:38,851] {logging_mixin.py:115} INFO - [2025-10-14 15:00:38,851] {dag.py:2927} INFO - Setting next_dagrun for latest_only_with_trigger to 2025-10-14T14:00:38.851291+00:00, run_after=2025-10-14T18:00:38.851291+00:00
[2025-10-14 15:00:38,867] {processor.py:161} INFO - Processing /root/Projects/etlX/venv/lib/python3.9/site-packages/airflow/example_dags/example_latest_only_with_trigger.py took 0.075 seconds
[2025-10-14 15:01:14,198] {processor.py:153} INFO - Started process (PID=14447) to work on /root/Projects/etlX/venv/lib/python3.9/site-packages/airflow/example_dags/example_latest_only_with_trigger.py
[2025-10-14 15:01:14,199] {processor.py:641} INFO - Processing file /root/Projects/etlX/venv/lib/python3.9/site-packages/airflow/example_dags/example_latest_only_with_trigger.py for tasks to queue
[2025-10-14 15:01:14,199] {logging_mixin.py:115} INFO - [2025-10-14 15:01:14,199] {dagbag.py:507} INFO - Filling up the DagBag from /root/Projects/etlX/venv/lib/python3.9/site-packages/airflow/example_dags/example_latest_only_with_trigger.py
[2025-10-14 15:01:14,209] {processor.py:651} INFO - DAG(s) dict_keys(['latest_only_with_trigger']) retrieved from /root/Projects/etlX/venv/lib/python3.9/site-packages/airflow/example_dags/example_latest_only_with_trigger.py
[2025-10-14 15:01:14,238] {logging_mixin.py:115} INFO - [2025-10-14 15:01:14,237] {dag.py:2379} INFO - Sync 1 DAGs
[2025-10-14 15:01:14,291] {logging_mixin.py:115} INFO - [2025-10-14 15:01:14,291] {dag.py:2927} INFO - Setting next_dagrun for latest_only_with_trigger to 2025-10-14T14:01:14.291430+00:00, run_after=2025-10-14T18:01:14.291430+00:00
[2025-10-14 15:01:14,310] {processor.py:161} INFO - Processing /root/Projects/etlX/venv/lib/python3.9/site-packages/airflow/example_dags/example_latest_only_with_trigger.py took 0.119 seconds
[2025-10-14 15:01:46,953] {processor.py:153} INFO - Started process (PID=14607) to work on /root/Projects/etlX/venv/lib/python3.9/site-packages/airflow/example_dags/example_latest_only_with_trigger.py
[2025-10-14 15:01:46,955] {processor.py:641} INFO - Processing file /root/Projects/etlX/venv/lib/python3.9/site-packages/airflow/example_dags/example_latest_only_with_trigger.py for tasks to queue
[2025-10-14 15:01:46,957] {logging_mixin.py:115} INFO - [2025-10-14 15:01:46,956] {dagbag.py:507} INFO - Filling up the DagBag from /root/Projects/etlX/venv/lib/python3.9/site-packages/airflow/example_dags/example_latest_only_with_trigger.py
[2025-10-14 15:01:46,968] {processor.py:651} INFO - DAG(s) dict_keys(['latest_only_with_trigger']) retrieved from /root/Projects/etlX/venv/lib/python3.9/site-packages/airflow/example_dags/example_latest_only_with_trigger.py
[2025-10-14 15:01:46,988] {logging_mixin.py:115} INFO - [2025-10-14 15:01:46,988] {dag.py:2379} INFO - Sync 1 DAGs
[2025-10-14 15:01:47,007] {logging_mixin.py:115} INFO - [2025-10-14 15:01:47,007] {dag.py:2927} INFO - Setting next_dagrun for latest_only_with_trigger to 2025-10-14T14:01:47.007067+00:00, run_after=2025-10-14T18:01:47.007067+00:00
[2025-10-14 15:01:47,018] {processor.py:161} INFO - Processing /root/Projects/etlX/venv/lib/python3.9/site-packages/airflow/example_dags/example_latest_only_with_trigger.py took 0.074 seconds
[2025-10-14 15:02:22,575] {processor.py:153} INFO - Started process (PID=14817) to work on /root/Projects/etlX/venv/lib/python3.9/site-packages/airflow/example_dags/example_latest_only_with_trigger.py
[2025-10-14 15:02:22,577] {processor.py:641} INFO - Processing file /root/Projects/etlX/venv/lib/python3.9/site-packages/airflow/example_dags/example_latest_only_with_trigger.py for tasks to queue
[2025-10-14 15:02:22,577] {logging_mixin.py:115} INFO - [2025-10-14 15:02:22,577] {dagbag.py:507} INFO - Filling up the DagBag from /root/Projects/etlX/venv/lib/python3.9/site-packages/airflow/example_dags/example_latest_only_with_trigger.py
[2025-10-14 15:02:22,588] {processor.py:651} INFO - DAG(s) dict_keys(['latest_only_with_trigger']) retrieved from /root/Projects/etlX/venv/lib/python3.9/site-packages/airflow/example_dags/example_latest_only_with_trigger.py
[2025-10-14 15:02:22,617] {logging_mixin.py:115} INFO - [2025-10-14 15:02:22,617] {dag.py:2379} INFO - Sync 1 DAGs
[2025-10-14 15:02:22,645] {logging_mixin.py:115} INFO - [2025-10-14 15:02:22,645] {dag.py:2927} INFO - Setting next_dagrun for latest_only_with_trigger to 2025-10-14T14:02:22.645452+00:00, run_after=2025-10-14T18:02:22.645452+00:00
[2025-10-14 15:02:22,663] {processor.py:161} INFO - Processing /root/Projects/etlX/venv/lib/python3.9/site-packages/airflow/example_dags/example_latest_only_with_trigger.py took 0.094 seconds
[2025-10-14 15:02:55,857] {processor.py:153} INFO - Started process (PID=14979) to work on /root/Projects/etlX/venv/lib/python3.9/site-packages/airflow/example_dags/example_latest_only_with_trigger.py
[2025-10-14 15:02:55,858] {processor.py:641} INFO - Processing file /root/Projects/etlX/venv/lib/python3.9/site-packages/airflow/example_dags/example_latest_only_with_trigger.py for tasks to queue
[2025-10-14 15:02:55,859] {logging_mixin.py:115} INFO - [2025-10-14 15:02:55,858] {dagbag.py:507} INFO - Filling up the DagBag from /root/Projects/etlX/venv/lib/python3.9/site-packages/airflow/example_dags/example_latest_only_with_trigger.py
[2025-10-14 15:02:55,867] {processor.py:651} INFO - DAG(s) dict_keys(['latest_only_with_trigger']) retrieved from /root/Projects/etlX/venv/lib/python3.9/site-packages/airflow/example_dags/example_latest_only_with_trigger.py
[2025-10-14 15:02:55,888] {logging_mixin.py:115} INFO - [2025-10-14 15:02:55,888] {dag.py:2379} INFO - Sync 1 DAGs
[2025-10-14 15:02:55,910] {logging_mixin.py:115} INFO - [2025-10-14 15:02:55,910] {dag.py:2927} INFO - Setting next_dagrun for latest_only_with_trigger to 2025-10-14T14:02:55.910302+00:00, run_after=2025-10-14T18:02:55.910302+00:00
[2025-10-14 15:02:55,923] {processor.py:161} INFO - Processing /root/Projects/etlX/venv/lib/python3.9/site-packages/airflow/example_dags/example_latest_only_with_trigger.py took 0.070 seconds
[2025-10-14 15:10:02,526] {processor.py:153} INFO - Started process (PID=15893) to work on /root/Projects/etlX/venv/lib/python3.9/site-packages/airflow/example_dags/example_latest_only_with_trigger.py
[2025-10-14 15:10:02,527] {processor.py:641} INFO - Processing file /root/Projects/etlX/venv/lib/python3.9/site-packages/airflow/example_dags/example_latest_only_with_trigger.py for tasks to queue
[2025-10-14 15:10:02,529] {logging_mixin.py:115} INFO - [2025-10-14 15:10:02,528] {dagbag.py:507} INFO - Filling up the DagBag from /root/Projects/etlX/venv/lib/python3.9/site-packages/airflow/example_dags/example_latest_only_with_trigger.py
[2025-10-14 15:10:02,539] {processor.py:651} INFO - DAG(s) dict_keys(['latest_only_with_trigger']) retrieved from /root/Projects/etlX/venv/lib/python3.9/site-packages/airflow/example_dags/example_latest_only_with_trigger.py
[2025-10-14 15:10:02,569] {logging_mixin.py:115} INFO - [2025-10-14 15:10:02,568] {dag.py:2379} INFO - Sync 1 DAGs
[2025-10-14 15:10:02,601] {logging_mixin.py:115} INFO - [2025-10-14 15:10:02,601] {dag.py:2927} INFO - Setting next_dagrun for latest_only_with_trigger to 2025-10-14T14:10:02.600824+00:00, run_after=2025-10-14T18:10:02.600824+00:00
[2025-10-14 15:10:02,620] {processor.py:161} INFO - Processing /root/Projects/etlX/venv/lib/python3.9/site-packages/airflow/example_dags/example_latest_only_with_trigger.py took 0.102 seconds
[2025-10-14 15:10:37,474] {processor.py:153} INFO - Started process (PID=15951) to work on /root/Projects/etlX/venv/lib/python3.9/site-packages/airflow/example_dags/example_latest_only_with_trigger.py
[2025-10-14 15:10:37,475] {processor.py:641} INFO - Processing file /root/Projects/etlX/venv/lib/python3.9/site-packages/airflow/example_dags/example_latest_only_with_trigger.py for tasks to queue
[2025-10-14 15:10:37,475] {logging_mixin.py:115} INFO - [2025-10-14 15:10:37,475] {dagbag.py:507} INFO - Filling up the DagBag from /root/Projects/etlX/venv/lib/python3.9/site-packages/airflow/example_dags/example_latest_only_with_trigger.py
[2025-10-14 15:10:37,483] {processor.py:651} INFO - DAG(s) dict_keys(['latest_only_with_trigger']) retrieved from /root/Projects/etlX/venv/lib/python3.9/site-packages/airflow/example_dags/example_latest_only_with_trigger.py
[2025-10-14 15:10:37,504] {logging_mixin.py:115} INFO - [2025-10-14 15:10:37,504] {dag.py:2379} INFO - Sync 1 DAGs
[2025-10-14 15:10:37,524] {logging_mixin.py:115} INFO - [2025-10-14 15:10:37,524] {dag.py:2927} INFO - Setting next_dagrun for latest_only_with_trigger to 2025-10-14T14:10:37.524371+00:00, run_after=2025-10-14T18:10:37.524371+00:00
[2025-10-14 15:10:37,536] {processor.py:161} INFO - Processing /root/Projects/etlX/venv/lib/python3.9/site-packages/airflow/example_dags/example_latest_only_with_trigger.py took 0.067 seconds
[2025-10-14 15:11:11,550] {processor.py:153} INFO - Started process (PID=16061) to work on /root/Projects/etlX/venv/lib/python3.9/site-packages/airflow/example_dags/example_latest_only_with_trigger.py
[2025-10-14 15:11:11,550] {processor.py:641} INFO - Processing file /root/Projects/etlX/venv/lib/python3.9/site-packages/airflow/example_dags/example_latest_only_with_trigger.py for tasks to queue
[2025-10-14 15:11:11,551] {logging_mixin.py:115} INFO - [2025-10-14 15:11:11,551] {dagbag.py:507} INFO - Filling up the DagBag from /root/Projects/etlX/venv/lib/python3.9/site-packages/airflow/example_dags/example_latest_only_with_trigger.py
[2025-10-14 15:11:11,560] {processor.py:651} INFO - DAG(s) dict_keys(['latest_only_with_trigger']) retrieved from /root/Projects/etlX/venv/lib/python3.9/site-packages/airflow/example_dags/example_latest_only_with_trigger.py
[2025-10-14 15:11:11,582] {logging_mixin.py:115} INFO - [2025-10-14 15:11:11,582] {dag.py:2379} INFO - Sync 1 DAGs
[2025-10-14 15:11:11,606] {logging_mixin.py:115} INFO - [2025-10-14 15:11:11,606] {dag.py:2927} INFO - Setting next_dagrun for latest_only_with_trigger to 2025-10-14T14:11:11.605881+00:00, run_after=2025-10-14T18:11:11.605881+00:00
[2025-10-14 15:11:11,620] {processor.py:161} INFO - Processing /root/Projects/etlX/venv/lib/python3.9/site-packages/airflow/example_dags/example_latest_only_with_trigger.py took 0.076 seconds
[2025-10-14 15:11:45,034] {processor.py:153} INFO - Started process (PID=16167) to work on /root/Projects/etlX/venv/lib/python3.9/site-packages/airflow/example_dags/example_latest_only_with_trigger.py
[2025-10-14 15:11:45,034] {processor.py:641} INFO - Processing file /root/Projects/etlX/venv/lib/python3.9/site-packages/airflow/example_dags/example_latest_only_with_trigger.py for tasks to queue
[2025-10-14 15:11:45,035] {logging_mixin.py:115} INFO - [2025-10-14 15:11:45,035] {dagbag.py:507} INFO - Filling up the DagBag from /root/Projects/etlX/venv/lib/python3.9/site-packages/airflow/example_dags/example_latest_only_with_trigger.py
[2025-10-14 15:11:45,043] {processor.py:651} INFO - DAG(s) dict_keys(['latest_only_with_trigger']) retrieved from /root/Projects/etlX/venv/lib/python3.9/site-packages/airflow/example_dags/example_latest_only_with_trigger.py
[2025-10-14 15:11:45,064] {logging_mixin.py:115} INFO - [2025-10-14 15:11:45,064] {dag.py:2379} INFO - Sync 1 DAGs
[2025-10-14 15:11:45,085] {logging_mixin.py:115} INFO - [2025-10-14 15:11:45,085] {dag.py:2927} INFO - Setting next_dagrun for latest_only_with_trigger to 2025-10-14T14:11:45.085556+00:00, run_after=2025-10-14T18:11:45.085556+00:00
[2025-10-14 15:11:45,098] {processor.py:161} INFO - Processing /root/Projects/etlX/venv/lib/python3.9/site-packages/airflow/example_dags/example_latest_only_with_trigger.py took 0.069 seconds
[2025-10-14 15:12:20,582] {processor.py:153} INFO - Started process (PID=16225) to work on /root/Projects/etlX/venv/lib/python3.9/site-packages/airflow/example_dags/example_latest_only_with_trigger.py
[2025-10-14 15:12:20,582] {processor.py:641} INFO - Processing file /root/Projects/etlX/venv/lib/python3.9/site-packages/airflow/example_dags/example_latest_only_with_trigger.py for tasks to queue
[2025-10-14 15:12:20,583] {logging_mixin.py:115} INFO - [2025-10-14 15:12:20,583] {dagbag.py:507} INFO - Filling up the DagBag from /root/Projects/etlX/venv/lib/python3.9/site-packages/airflow/example_dags/example_latest_only_with_trigger.py
[2025-10-14 15:12:20,591] {processor.py:651} INFO - DAG(s) dict_keys(['latest_only_with_trigger']) retrieved from /root/Projects/etlX/venv/lib/python3.9/site-packages/airflow/example_dags/example_latest_only_with_trigger.py
[2025-10-14 15:12:20,613] {logging_mixin.py:115} INFO - [2025-10-14 15:12:20,612] {dag.py:2379} INFO - Sync 1 DAGs
[2025-10-14 15:12:20,633] {logging_mixin.py:115} INFO - [2025-10-14 15:12:20,633] {dag.py:2927} INFO - Setting next_dagrun for latest_only_with_trigger to 2025-10-14T14:12:20.632963+00:00, run_after=2025-10-14T18:12:20.632963+00:00
[2025-10-14 15:12:20,645] {processor.py:161} INFO - Processing /root/Projects/etlX/venv/lib/python3.9/site-packages/airflow/example_dags/example_latest_only_with_trigger.py took 0.068 seconds
[2025-10-14 15:12:53,126] {processor.py:153} INFO - Started process (PID=16280) to work on /root/Projects/etlX/venv/lib/python3.9/site-packages/airflow/example_dags/example_latest_only_with_trigger.py
[2025-10-14 15:12:53,126] {processor.py:641} INFO - Processing file /root/Projects/etlX/venv/lib/python3.9/site-packages/airflow/example_dags/example_latest_only_with_trigger.py for tasks to queue
[2025-10-14 15:12:53,127] {logging_mixin.py:115} INFO - [2025-10-14 15:12:53,127] {dagbag.py:507} INFO - Filling up the DagBag from /root/Projects/etlX/venv/lib/python3.9/site-packages/airflow/example_dags/example_latest_only_with_trigger.py
[2025-10-14 15:12:53,134] {processor.py:651} INFO - DAG(s) dict_keys(['latest_only_with_trigger']) retrieved from /root/Projects/etlX/venv/lib/python3.9/site-packages/airflow/example_dags/example_latest_only_with_trigger.py
[2025-10-14 15:12:53,154] {logging_mixin.py:115} INFO - [2025-10-14 15:12:53,154] {dag.py:2379} INFO - Sync 1 DAGs
[2025-10-14 15:12:53,173] {logging_mixin.py:115} INFO - [2025-10-14 15:12:53,172] {dag.py:2927} INFO - Setting next_dagrun for latest_only_with_trigger to 2025-10-14T14:12:53.172678+00:00, run_after=2025-10-14T18:12:53.172678+00:00
[2025-10-14 15:12:53,183] {processor.py:161} INFO - Processing /root/Projects/etlX/venv/lib/python3.9/site-packages/airflow/example_dags/example_latest_only_with_trigger.py took 0.062 seconds
[2025-10-14 15:13:26,994] {processor.py:153} INFO - Started process (PID=16338) to work on /root/Projects/etlX/venv/lib/python3.9/site-packages/airflow/example_dags/example_latest_only_with_trigger.py
[2025-10-14 15:13:26,995] {processor.py:641} INFO - Processing file /root/Projects/etlX/venv/lib/python3.9/site-packages/airflow/example_dags/example_latest_only_with_trigger.py for tasks to queue
[2025-10-14 15:13:26,996] {logging_mixin.py:115} INFO - [2025-10-14 15:13:26,996] {dagbag.py:507} INFO - Filling up the DagBag from /root/Projects/etlX/venv/lib/python3.9/site-packages/airflow/example_dags/example_latest_only_with_trigger.py
[2025-10-14 15:13:27,006] {processor.py:651} INFO - DAG(s) dict_keys(['latest_only_with_trigger']) retrieved from /root/Projects/etlX/venv/lib/python3.9/site-packages/airflow/example_dags/example_latest_only_with_trigger.py
[2025-10-14 15:13:27,028] {logging_mixin.py:115} INFO - [2025-10-14 15:13:27,028] {dag.py:2379} INFO - Sync 1 DAGs
[2025-10-14 15:13:27,052] {logging_mixin.py:115} INFO - [2025-10-14 15:13:27,051] {dag.py:2927} INFO - Setting next_dagrun for latest_only_with_trigger to 2025-10-14T14:13:27.051612+00:00, run_after=2025-10-14T18:13:27.051612+00:00
[2025-10-14 15:13:27,068] {processor.py:161} INFO - Processing /root/Projects/etlX/venv/lib/python3.9/site-packages/airflow/example_dags/example_latest_only_with_trigger.py took 0.078 seconds
[2025-10-14 15:14:00,443] {processor.py:153} INFO - Started process (PID=16393) to work on /root/Projects/etlX/venv/lib/python3.9/site-packages/airflow/example_dags/example_latest_only_with_trigger.py
[2025-10-14 15:14:00,444] {processor.py:641} INFO - Processing file /root/Projects/etlX/venv/lib/python3.9/site-packages/airflow/example_dags/example_latest_only_with_trigger.py for tasks to queue
[2025-10-14 15:14:00,445] {logging_mixin.py:115} INFO - [2025-10-14 15:14:00,445] {dagbag.py:507} INFO - Filling up the DagBag from /root/Projects/etlX/venv/lib/python3.9/site-packages/airflow/example_dags/example_latest_only_with_trigger.py
[2025-10-14 15:14:00,459] {processor.py:651} INFO - DAG(s) dict_keys(['latest_only_with_trigger']) retrieved from /root/Projects/etlX/venv/lib/python3.9/site-packages/airflow/example_dags/example_latest_only_with_trigger.py
[2025-10-14 15:14:00,480] {logging_mixin.py:115} INFO - [2025-10-14 15:14:00,480] {dag.py:2379} INFO - Sync 1 DAGs
[2025-10-14 15:14:00,499] {logging_mixin.py:115} INFO - [2025-10-14 15:14:00,498] {dag.py:2927} INFO - Setting next_dagrun for latest_only_with_trigger to 2025-10-14T14:14:00.498703+00:00, run_after=2025-10-14T18:14:00.498703+00:00
[2025-10-14 15:14:00,509] {processor.py:161} INFO - Processing /root/Projects/etlX/venv/lib/python3.9/site-packages/airflow/example_dags/example_latest_only_with_trigger.py took 0.074 seconds
[2025-10-14 15:14:35,697] {processor.py:153} INFO - Started process (PID=16453) to work on /root/Projects/etlX/venv/lib/python3.9/site-packages/airflow/example_dags/example_latest_only_with_trigger.py
[2025-10-14 15:14:35,698] {processor.py:641} INFO - Processing file /root/Projects/etlX/venv/lib/python3.9/site-packages/airflow/example_dags/example_latest_only_with_trigger.py for tasks to queue
[2025-10-14 15:14:35,698] {logging_mixin.py:115} INFO - [2025-10-14 15:14:35,698] {dagbag.py:507} INFO - Filling up the DagBag from /root/Projects/etlX/venv/lib/python3.9/site-packages/airflow/example_dags/example_latest_only_with_trigger.py
[2025-10-14 15:14:35,706] {processor.py:651} INFO - DAG(s) dict_keys(['latest_only_with_trigger']) retrieved from /root/Projects/etlX/venv/lib/python3.9/site-packages/airflow/example_dags/example_latest_only_with_trigger.py
[2025-10-14 15:14:35,726] {logging_mixin.py:115} INFO - [2025-10-14 15:14:35,726] {dag.py:2379} INFO - Sync 1 DAGs
[2025-10-14 15:14:35,744] {logging_mixin.py:115} INFO - [2025-10-14 15:14:35,744] {dag.py:2927} INFO - Setting next_dagrun for latest_only_with_trigger to 2025-10-14T14:14:35.744235+00:00, run_after=2025-10-14T18:14:35.744235+00:00
[2025-10-14 15:14:35,755] {processor.py:161} INFO - Processing /root/Projects/etlX/venv/lib/python3.9/site-packages/airflow/example_dags/example_latest_only_with_trigger.py took 0.063 seconds
[2025-10-14 15:15:11,436] {processor.py:153} INFO - Started process (PID=16563) to work on /root/Projects/etlX/venv/lib/python3.9/site-packages/airflow/example_dags/example_latest_only_with_trigger.py
[2025-10-14 15:15:11,437] {processor.py:641} INFO - Processing file /root/Projects/etlX/venv/lib/python3.9/site-packages/airflow/example_dags/example_latest_only_with_trigger.py for tasks to queue
[2025-10-14 15:15:11,439] {logging_mixin.py:115} INFO - [2025-10-14 15:15:11,438] {dagbag.py:507} INFO - Filling up the DagBag from /root/Projects/etlX/venv/lib/python3.9/site-packages/airflow/example_dags/example_latest_only_with_trigger.py
[2025-10-14 15:15:11,450] {processor.py:651} INFO - DAG(s) dict_keys(['latest_only_with_trigger']) retrieved from /root/Projects/etlX/venv/lib/python3.9/site-packages/airflow/example_dags/example_latest_only_with_trigger.py
[2025-10-14 15:15:11,475] {logging_mixin.py:115} INFO - [2025-10-14 15:15:11,475] {dag.py:2379} INFO - Sync 1 DAGs
[2025-10-14 15:15:11,500] {logging_mixin.py:115} INFO - [2025-10-14 15:15:11,500] {dag.py:2927} INFO - Setting next_dagrun for latest_only_with_trigger to 2025-10-14T14:15:11.500184+00:00, run_after=2025-10-14T18:15:11.500184+00:00
[2025-10-14 15:15:11,512] {processor.py:161} INFO - Processing /root/Projects/etlX/venv/lib/python3.9/site-packages/airflow/example_dags/example_latest_only_with_trigger.py took 0.088 seconds
[2025-10-14 15:15:46,638] {processor.py:153} INFO - Started process (PID=16622) to work on /root/Projects/etlX/venv/lib/python3.9/site-packages/airflow/example_dags/example_latest_only_with_trigger.py
[2025-10-14 15:15:46,640] {processor.py:641} INFO - Processing file /root/Projects/etlX/venv/lib/python3.9/site-packages/airflow/example_dags/example_latest_only_with_trigger.py for tasks to queue
[2025-10-14 15:15:46,641] {logging_mixin.py:115} INFO - [2025-10-14 15:15:46,641] {dagbag.py:507} INFO - Filling up the DagBag from /root/Projects/etlX/venv/lib/python3.9/site-packages/airflow/example_dags/example_latest_only_with_trigger.py
[2025-10-14 15:15:46,659] {processor.py:651} INFO - DAG(s) dict_keys(['latest_only_with_trigger']) retrieved from /root/Projects/etlX/venv/lib/python3.9/site-packages/airflow/example_dags/example_latest_only_with_trigger.py
[2025-10-14 15:15:46,697] {logging_mixin.py:115} INFO - [2025-10-14 15:15:46,697] {dag.py:2379} INFO - Sync 1 DAGs
[2025-10-14 15:15:46,720] {logging_mixin.py:115} INFO - [2025-10-14 15:15:46,719] {dag.py:2927} INFO - Setting next_dagrun for latest_only_with_trigger to 2025-10-14T14:15:46.719614+00:00, run_after=2025-10-14T18:15:46.719614+00:00
[2025-10-14 15:15:46,732] {processor.py:161} INFO - Processing /root/Projects/etlX/venv/lib/python3.9/site-packages/airflow/example_dags/example_latest_only_with_trigger.py took 0.103 seconds
[2025-10-14 15:16:22,474] {processor.py:153} INFO - Started process (PID=16835) to work on /root/Projects/etlX/venv/lib/python3.9/site-packages/airflow/example_dags/example_latest_only_with_trigger.py
[2025-10-14 15:16:22,474] {processor.py:641} INFO - Processing file /root/Projects/etlX/venv/lib/python3.9/site-packages/airflow/example_dags/example_latest_only_with_trigger.py for tasks to queue
[2025-10-14 15:16:22,475] {logging_mixin.py:115} INFO - [2025-10-14 15:16:22,475] {dagbag.py:507} INFO - Filling up the DagBag from /root/Projects/etlX/venv/lib/python3.9/site-packages/airflow/example_dags/example_latest_only_with_trigger.py
[2025-10-14 15:16:22,483] {processor.py:651} INFO - DAG(s) dict_keys(['latest_only_with_trigger']) retrieved from /root/Projects/etlX/venv/lib/python3.9/site-packages/airflow/example_dags/example_latest_only_with_trigger.py
[2025-10-14 15:16:22,505] {logging_mixin.py:115} INFO - [2025-10-14 15:16:22,505] {dag.py:2379} INFO - Sync 1 DAGs
[2025-10-14 15:16:22,526] {logging_mixin.py:115} INFO - [2025-10-14 15:16:22,526] {dag.py:2927} INFO - Setting next_dagrun for latest_only_with_trigger to 2025-10-14T14:16:22.525980+00:00, run_after=2025-10-14T18:16:22.525980+00:00
[2025-10-14 15:16:22,540] {processor.py:161} INFO - Processing /root/Projects/etlX/venv/lib/python3.9/site-packages/airflow/example_dags/example_latest_only_with_trigger.py took 0.071 seconds
[2025-10-14 15:16:55,141] {processor.py:153} INFO - Started process (PID=17044) to work on /root/Projects/etlX/venv/lib/python3.9/site-packages/airflow/example_dags/example_latest_only_with_trigger.py
[2025-10-14 15:16:55,142] {processor.py:641} INFO - Processing file /root/Projects/etlX/venv/lib/python3.9/site-packages/airflow/example_dags/example_latest_only_with_trigger.py for tasks to queue
[2025-10-14 15:16:55,143] {logging_mixin.py:115} INFO - [2025-10-14 15:16:55,142] {dagbag.py:507} INFO - Filling up the DagBag from /root/Projects/etlX/venv/lib/python3.9/site-packages/airflow/example_dags/example_latest_only_with_trigger.py
[2025-10-14 15:16:55,154] {processor.py:651} INFO - DAG(s) dict_keys(['latest_only_with_trigger']) retrieved from /root/Projects/etlX/venv/lib/python3.9/site-packages/airflow/example_dags/example_latest_only_with_trigger.py
[2025-10-14 15:16:55,175] {logging_mixin.py:115} INFO - [2025-10-14 15:16:55,175] {dag.py:2379} INFO - Sync 1 DAGs
[2025-10-14 15:16:55,195] {logging_mixin.py:115} INFO - [2025-10-14 15:16:55,195] {dag.py:2927} INFO - Setting next_dagrun for latest_only_with_trigger to 2025-10-14T14:16:55.195158+00:00, run_after=2025-10-14T18:16:55.195158+00:00
[2025-10-14 15:16:55,206] {processor.py:161} INFO - Processing /root/Projects/etlX/venv/lib/python3.9/site-packages/airflow/example_dags/example_latest_only_with_trigger.py took 0.073 seconds
[2025-10-14 15:17:29,100] {processor.py:153} INFO - Started process (PID=17099) to work on /root/Projects/etlX/venv/lib/python3.9/site-packages/airflow/example_dags/example_latest_only_with_trigger.py
[2025-10-14 15:17:29,101] {processor.py:641} INFO - Processing file /root/Projects/etlX/venv/lib/python3.9/site-packages/airflow/example_dags/example_latest_only_with_trigger.py for tasks to queue
[2025-10-14 15:17:29,102] {logging_mixin.py:115} INFO - [2025-10-14 15:17:29,102] {dagbag.py:507} INFO - Filling up the DagBag from /root/Projects/etlX/venv/lib/python3.9/site-packages/airflow/example_dags/example_latest_only_with_trigger.py
[2025-10-14 15:17:29,111] {processor.py:651} INFO - DAG(s) dict_keys(['latest_only_with_trigger']) retrieved from /root/Projects/etlX/venv/lib/python3.9/site-packages/airflow/example_dags/example_latest_only_with_trigger.py
[2025-10-14 15:17:29,142] {logging_mixin.py:115} INFO - [2025-10-14 15:17:29,142] {dag.py:2379} INFO - Sync 1 DAGs
[2025-10-14 15:17:29,169] {logging_mixin.py:115} INFO - [2025-10-14 15:17:29,169] {dag.py:2927} INFO - Setting next_dagrun for latest_only_with_trigger to 2025-10-14T14:17:29.169555+00:00, run_after=2025-10-14T18:17:29.169555+00:00
[2025-10-14 15:17:29,187] {processor.py:161} INFO - Processing /root/Projects/etlX/venv/lib/python3.9/site-packages/airflow/example_dags/example_latest_only_with_trigger.py took 0.092 seconds
[2025-10-14 15:59:00,754] {processor.py:153} INFO - Started process (PID=19907) to work on /root/Projects/etlX/venv/lib/python3.9/site-packages/airflow/example_dags/example_latest_only_with_trigger.py
[2025-10-14 15:59:00,755] {processor.py:641} INFO - Processing file /root/Projects/etlX/venv/lib/python3.9/site-packages/airflow/example_dags/example_latest_only_with_trigger.py for tasks to queue
[2025-10-14 15:59:00,755] {logging_mixin.py:115} INFO - [2025-10-14 15:59:00,755] {dagbag.py:507} INFO - Filling up the DagBag from /root/Projects/etlX/venv/lib/python3.9/site-packages/airflow/example_dags/example_latest_only_with_trigger.py
[2025-10-14 15:59:00,782] {processor.py:651} INFO - DAG(s) dict_keys(['latest_only_with_trigger']) retrieved from /root/Projects/etlX/venv/lib/python3.9/site-packages/airflow/example_dags/example_latest_only_with_trigger.py
[2025-10-14 15:59:00,803] {logging_mixin.py:115} INFO - [2025-10-14 15:59:00,803] {dag.py:2379} INFO - Sync 1 DAGs
[2025-10-14 15:59:00,824] {logging_mixin.py:115} INFO - [2025-10-14 15:59:00,824] {dag.py:2927} INFO - Setting next_dagrun for latest_only_with_trigger to 2025-10-14T14:59:00.823781+00:00, run_after=2025-10-14T18:59:00.823781+00:00
[2025-10-14 15:59:00,836] {processor.py:161} INFO - Processing /root/Projects/etlX/venv/lib/python3.9/site-packages/airflow/example_dags/example_latest_only_with_trigger.py took 0.086 seconds
[2025-10-14 15:59:33,495] {processor.py:153} INFO - Started process (PID=20093) to work on /root/Projects/etlX/venv/lib/python3.9/site-packages/airflow/example_dags/example_latest_only_with_trigger.py
[2025-10-14 15:59:33,496] {processor.py:641} INFO - Processing file /root/Projects/etlX/venv/lib/python3.9/site-packages/airflow/example_dags/example_latest_only_with_trigger.py for tasks to queue
[2025-10-14 15:59:33,497] {logging_mixin.py:115} INFO - [2025-10-14 15:59:33,497] {dagbag.py:507} INFO - Filling up the DagBag from /root/Projects/etlX/venv/lib/python3.9/site-packages/airflow/example_dags/example_latest_only_with_trigger.py
[2025-10-14 15:59:33,508] {processor.py:651} INFO - DAG(s) dict_keys(['latest_only_with_trigger']) retrieved from /root/Projects/etlX/venv/lib/python3.9/site-packages/airflow/example_dags/example_latest_only_with_trigger.py
[2025-10-14 15:59:33,537] {logging_mixin.py:115} INFO - [2025-10-14 15:59:33,537] {dag.py:2379} INFO - Sync 1 DAGs
[2025-10-14 15:59:33,565] {logging_mixin.py:115} INFO - [2025-10-14 15:59:33,565] {dag.py:2927} INFO - Setting next_dagrun for latest_only_with_trigger to 2025-10-14T14:59:33.564760+00:00, run_after=2025-10-14T18:59:33.564760+00:00
[2025-10-14 15:59:33,580] {processor.py:161} INFO - Processing /root/Projects/etlX/venv/lib/python3.9/site-packages/airflow/example_dags/example_latest_only_with_trigger.py took 0.092 seconds
[2025-10-14 16:00:06,768] {processor.py:153} INFO - Started process (PID=20148) to work on /root/Projects/etlX/venv/lib/python3.9/site-packages/airflow/example_dags/example_latest_only_with_trigger.py
[2025-10-14 16:00:06,769] {processor.py:641} INFO - Processing file /root/Projects/etlX/venv/lib/python3.9/site-packages/airflow/example_dags/example_latest_only_with_trigger.py for tasks to queue
[2025-10-14 16:00:06,769] {logging_mixin.py:115} INFO - [2025-10-14 16:00:06,769] {dagbag.py:507} INFO - Filling up the DagBag from /root/Projects/etlX/venv/lib/python3.9/site-packages/airflow/example_dags/example_latest_only_with_trigger.py
[2025-10-14 16:00:06,777] {processor.py:651} INFO - DAG(s) dict_keys(['latest_only_with_trigger']) retrieved from /root/Projects/etlX/venv/lib/python3.9/site-packages/airflow/example_dags/example_latest_only_with_trigger.py
[2025-10-14 16:00:06,796] {logging_mixin.py:115} INFO - [2025-10-14 16:00:06,796] {dag.py:2379} INFO - Sync 1 DAGs
[2025-10-14 16:00:06,816] {logging_mixin.py:115} INFO - [2025-10-14 16:00:06,816] {dag.py:2927} INFO - Setting next_dagrun for latest_only_with_trigger to 2025-10-14T15:00:06.815742+00:00, run_after=2025-10-14T19:00:06.815742+00:00
[2025-10-14 16:00:06,827] {processor.py:161} INFO - Processing /root/Projects/etlX/venv/lib/python3.9/site-packages/airflow/example_dags/example_latest_only_with_trigger.py took 0.063 seconds
[2025-10-14 16:00:39,453] {processor.py:153} INFO - Started process (PID=20206) to work on /root/Projects/etlX/venv/lib/python3.9/site-packages/airflow/example_dags/example_latest_only_with_trigger.py
[2025-10-14 16:00:39,454] {processor.py:641} INFO - Processing file /root/Projects/etlX/venv/lib/python3.9/site-packages/airflow/example_dags/example_latest_only_with_trigger.py for tasks to queue
[2025-10-14 16:00:39,455] {logging_mixin.py:115} INFO - [2025-10-14 16:00:39,455] {dagbag.py:507} INFO - Filling up the DagBag from /root/Projects/etlX/venv/lib/python3.9/site-packages/airflow/example_dags/example_latest_only_with_trigger.py
[2025-10-14 16:00:39,465] {processor.py:651} INFO - DAG(s) dict_keys(['latest_only_with_trigger']) retrieved from /root/Projects/etlX/venv/lib/python3.9/site-packages/airflow/example_dags/example_latest_only_with_trigger.py
[2025-10-14 16:00:39,483] {logging_mixin.py:115} INFO - [2025-10-14 16:00:39,483] {dag.py:2379} INFO - Sync 1 DAGs
[2025-10-14 16:00:39,501] {logging_mixin.py:115} INFO - [2025-10-14 16:00:39,501] {dag.py:2927} INFO - Setting next_dagrun for latest_only_with_trigger to 2025-10-14T15:00:39.501518+00:00, run_after=2025-10-14T19:00:39.501518+00:00
[2025-10-14 16:00:39,512] {processor.py:161} INFO - Processing /root/Projects/etlX/venv/lib/python3.9/site-packages/airflow/example_dags/example_latest_only_with_trigger.py took 0.065 seconds
[2025-10-14 16:01:12,624] {processor.py:153} INFO - Started process (PID=20261) to work on /root/Projects/etlX/venv/lib/python3.9/site-packages/airflow/example_dags/example_latest_only_with_trigger.py
[2025-10-14 16:01:12,625] {processor.py:641} INFO - Processing file /root/Projects/etlX/venv/lib/python3.9/site-packages/airflow/example_dags/example_latest_only_with_trigger.py for tasks to queue
[2025-10-14 16:01:12,626] {logging_mixin.py:115} INFO - [2025-10-14 16:01:12,626] {dagbag.py:507} INFO - Filling up the DagBag from /root/Projects/etlX/venv/lib/python3.9/site-packages/airflow/example_dags/example_latest_only_with_trigger.py
[2025-10-14 16:01:12,639] {processor.py:651} INFO - DAG(s) dict_keys(['latest_only_with_trigger']) retrieved from /root/Projects/etlX/venv/lib/python3.9/site-packages/airflow/example_dags/example_latest_only_with_trigger.py
[2025-10-14 16:01:12,672] {logging_mixin.py:115} INFO - [2025-10-14 16:01:12,672] {dag.py:2379} INFO - Sync 1 DAGs
[2025-10-14 16:01:12,693] {logging_mixin.py:115} INFO - [2025-10-14 16:01:12,693] {dag.py:2927} INFO - Setting next_dagrun for latest_only_with_trigger to 2025-10-14T15:01:12.692753+00:00, run_after=2025-10-14T19:01:12.692753+00:00
[2025-10-14 16:01:12,703] {processor.py:161} INFO - Processing /root/Projects/etlX/venv/lib/python3.9/site-packages/airflow/example_dags/example_latest_only_with_trigger.py took 0.087 seconds
[2025-10-14 16:01:47,702] {processor.py:153} INFO - Started process (PID=20319) to work on /root/Projects/etlX/venv/lib/python3.9/site-packages/airflow/example_dags/example_latest_only_with_trigger.py
[2025-10-14 16:01:47,702] {processor.py:641} INFO - Processing file /root/Projects/etlX/venv/lib/python3.9/site-packages/airflow/example_dags/example_latest_only_with_trigger.py for tasks to queue
[2025-10-14 16:01:47,703] {logging_mixin.py:115} INFO - [2025-10-14 16:01:47,703] {dagbag.py:507} INFO - Filling up the DagBag from /root/Projects/etlX/venv/lib/python3.9/site-packages/airflow/example_dags/example_latest_only_with_trigger.py
[2025-10-14 16:01:47,711] {processor.py:651} INFO - DAG(s) dict_keys(['latest_only_with_trigger']) retrieved from /root/Projects/etlX/venv/lib/python3.9/site-packages/airflow/example_dags/example_latest_only_with_trigger.py
[2025-10-14 16:01:47,730] {logging_mixin.py:115} INFO - [2025-10-14 16:01:47,730] {dag.py:2379} INFO - Sync 1 DAGs
[2025-10-14 16:01:47,749] {logging_mixin.py:115} INFO - [2025-10-14 16:01:47,749] {dag.py:2927} INFO - Setting next_dagrun for latest_only_with_trigger to 2025-10-14T15:01:47.749441+00:00, run_after=2025-10-14T19:01:47.749441+00:00
[2025-10-14 16:01:47,760] {processor.py:161} INFO - Processing /root/Projects/etlX/venv/lib/python3.9/site-packages/airflow/example_dags/example_latest_only_with_trigger.py took 0.063 seconds
[2025-10-14 16:02:23,097] {processor.py:153} INFO - Started process (PID=20378) to work on /root/Projects/etlX/venv/lib/python3.9/site-packages/airflow/example_dags/example_latest_only_with_trigger.py
[2025-10-14 16:02:23,099] {processor.py:641} INFO - Processing file /root/Projects/etlX/venv/lib/python3.9/site-packages/airflow/example_dags/example_latest_only_with_trigger.py for tasks to queue
[2025-10-14 16:02:23,100] {logging_mixin.py:115} INFO - [2025-10-14 16:02:23,100] {dagbag.py:507} INFO - Filling up the DagBag from /root/Projects/etlX/venv/lib/python3.9/site-packages/airflow/example_dags/example_latest_only_with_trigger.py
[2025-10-14 16:02:23,115] {processor.py:651} INFO - DAG(s) dict_keys(['latest_only_with_trigger']) retrieved from /root/Projects/etlX/venv/lib/python3.9/site-packages/airflow/example_dags/example_latest_only_with_trigger.py
[2025-10-14 16:02:23,142] {logging_mixin.py:115} INFO - [2025-10-14 16:02:23,142] {dag.py:2379} INFO - Sync 1 DAGs
[2025-10-14 16:02:23,163] {logging_mixin.py:115} INFO - [2025-10-14 16:02:23,163] {dag.py:2927} INFO - Setting next_dagrun for latest_only_with_trigger to 2025-10-14T15:02:23.162864+00:00, run_after=2025-10-14T19:02:23.162864+00:00
[2025-10-14 16:02:23,174] {processor.py:161} INFO - Processing /root/Projects/etlX/venv/lib/python3.9/site-packages/airflow/example_dags/example_latest_only_with_trigger.py took 0.087 seconds
[2025-10-14 16:02:56,304] {processor.py:153} INFO - Started process (PID=20436) to work on /root/Projects/etlX/venv/lib/python3.9/site-packages/airflow/example_dags/example_latest_only_with_trigger.py
[2025-10-14 16:02:56,305] {processor.py:641} INFO - Processing file /root/Projects/etlX/venv/lib/python3.9/site-packages/airflow/example_dags/example_latest_only_with_trigger.py for tasks to queue
[2025-10-14 16:02:56,305] {logging_mixin.py:115} INFO - [2025-10-14 16:02:56,305] {dagbag.py:507} INFO - Filling up the DagBag from /root/Projects/etlX/venv/lib/python3.9/site-packages/airflow/example_dags/example_latest_only_with_trigger.py
[2025-10-14 16:02:56,314] {processor.py:651} INFO - DAG(s) dict_keys(['latest_only_with_trigger']) retrieved from /root/Projects/etlX/venv/lib/python3.9/site-packages/airflow/example_dags/example_latest_only_with_trigger.py
[2025-10-14 16:02:56,336] {logging_mixin.py:115} INFO - [2025-10-14 16:02:56,336] {dag.py:2379} INFO - Sync 1 DAGs
[2025-10-14 16:02:56,358] {logging_mixin.py:115} INFO - [2025-10-14 16:02:56,358] {dag.py:2927} INFO - Setting next_dagrun for latest_only_with_trigger to 2025-10-14T15:02:56.357626+00:00, run_after=2025-10-14T19:02:56.357626+00:00
[2025-10-14 16:02:56,369] {processor.py:161} INFO - Processing /root/Projects/etlX/venv/lib/python3.9/site-packages/airflow/example_dags/example_latest_only_with_trigger.py took 0.070 seconds
[2025-10-14 16:03:29,860] {processor.py:153} INFO - Started process (PID=20491) to work on /root/Projects/etlX/venv/lib/python3.9/site-packages/airflow/example_dags/example_latest_only_with_trigger.py
[2025-10-14 16:03:29,861] {processor.py:641} INFO - Processing file /root/Projects/etlX/venv/lib/python3.9/site-packages/airflow/example_dags/example_latest_only_with_trigger.py for tasks to queue
[2025-10-14 16:03:29,862] {logging_mixin.py:115} INFO - [2025-10-14 16:03:29,861] {dagbag.py:507} INFO - Filling up the DagBag from /root/Projects/etlX/venv/lib/python3.9/site-packages/airflow/example_dags/example_latest_only_with_trigger.py
[2025-10-14 16:03:29,870] {processor.py:651} INFO - DAG(s) dict_keys(['latest_only_with_trigger']) retrieved from /root/Projects/etlX/venv/lib/python3.9/site-packages/airflow/example_dags/example_latest_only_with_trigger.py
[2025-10-14 16:03:29,889] {logging_mixin.py:115} INFO - [2025-10-14 16:03:29,889] {dag.py:2379} INFO - Sync 1 DAGs
[2025-10-14 16:03:29,909] {logging_mixin.py:115} INFO - [2025-10-14 16:03:29,909] {dag.py:2927} INFO - Setting next_dagrun for latest_only_with_trigger to 2025-10-14T15:03:29.908898+00:00, run_after=2025-10-14T19:03:29.908898+00:00
[2025-10-14 16:03:29,920] {processor.py:161} INFO - Processing /root/Projects/etlX/venv/lib/python3.9/site-packages/airflow/example_dags/example_latest_only_with_trigger.py took 0.066 seconds
[2025-10-14 16:04:03,425] {processor.py:153} INFO - Started process (PID=20600) to work on /root/Projects/etlX/venv/lib/python3.9/site-packages/airflow/example_dags/example_latest_only_with_trigger.py
[2025-10-14 16:04:03,426] {processor.py:641} INFO - Processing file /root/Projects/etlX/venv/lib/python3.9/site-packages/airflow/example_dags/example_latest_only_with_trigger.py for tasks to queue
[2025-10-14 16:04:03,427] {logging_mixin.py:115} INFO - [2025-10-14 16:04:03,426] {dagbag.py:507} INFO - Filling up the DagBag from /root/Projects/etlX/venv/lib/python3.9/site-packages/airflow/example_dags/example_latest_only_with_trigger.py
[2025-10-14 16:04:03,434] {processor.py:651} INFO - DAG(s) dict_keys(['latest_only_with_trigger']) retrieved from /root/Projects/etlX/venv/lib/python3.9/site-packages/airflow/example_dags/example_latest_only_with_trigger.py
[2025-10-14 16:04:03,454] {logging_mixin.py:115} INFO - [2025-10-14 16:04:03,454] {dag.py:2379} INFO - Sync 1 DAGs
[2025-10-14 16:04:03,473] {logging_mixin.py:115} INFO - [2025-10-14 16:04:03,473] {dag.py:2927} INFO - Setting next_dagrun for latest_only_with_trigger to 2025-10-14T15:04:03.472861+00:00, run_after=2025-10-14T19:04:03.472861+00:00
[2025-10-14 16:04:03,483] {processor.py:161} INFO - Processing /root/Projects/etlX/venv/lib/python3.9/site-packages/airflow/example_dags/example_latest_only_with_trigger.py took 0.062 seconds
[2025-10-14 16:04:38,422] {processor.py:153} INFO - Started process (PID=20657) to work on /root/Projects/etlX/venv/lib/python3.9/site-packages/airflow/example_dags/example_latest_only_with_trigger.py
[2025-10-14 16:04:38,422] {processor.py:641} INFO - Processing file /root/Projects/etlX/venv/lib/python3.9/site-packages/airflow/example_dags/example_latest_only_with_trigger.py for tasks to queue
[2025-10-14 16:04:38,423] {logging_mixin.py:115} INFO - [2025-10-14 16:04:38,423] {dagbag.py:507} INFO - Filling up the DagBag from /root/Projects/etlX/venv/lib/python3.9/site-packages/airflow/example_dags/example_latest_only_with_trigger.py
[2025-10-14 16:04:38,431] {processor.py:651} INFO - DAG(s) dict_keys(['latest_only_with_trigger']) retrieved from /root/Projects/etlX/venv/lib/python3.9/site-packages/airflow/example_dags/example_latest_only_with_trigger.py
[2025-10-14 16:04:38,455] {logging_mixin.py:115} INFO - [2025-10-14 16:04:38,455] {dag.py:2379} INFO - Sync 1 DAGs
[2025-10-14 16:04:38,477] {logging_mixin.py:115} INFO - [2025-10-14 16:04:38,477] {dag.py:2927} INFO - Setting next_dagrun for latest_only_with_trigger to 2025-10-14T15:04:38.476819+00:00, run_after=2025-10-14T19:04:38.476819+00:00
[2025-10-14 16:04:38,493] {processor.py:161} INFO - Processing /root/Projects/etlX/venv/lib/python3.9/site-packages/airflow/example_dags/example_latest_only_with_trigger.py took 0.076 seconds
[2025-10-14 16:05:11,721] {processor.py:153} INFO - Started process (PID=20715) to work on /root/Projects/etlX/venv/lib/python3.9/site-packages/airflow/example_dags/example_latest_only_with_trigger.py
[2025-10-14 16:05:11,722] {processor.py:641} INFO - Processing file /root/Projects/etlX/venv/lib/python3.9/site-packages/airflow/example_dags/example_latest_only_with_trigger.py for tasks to queue
[2025-10-14 16:05:11,722] {logging_mixin.py:115} INFO - [2025-10-14 16:05:11,722] {dagbag.py:507} INFO - Filling up the DagBag from /root/Projects/etlX/venv/lib/python3.9/site-packages/airflow/example_dags/example_latest_only_with_trigger.py
[2025-10-14 16:05:11,733] {processor.py:651} INFO - DAG(s) dict_keys(['latest_only_with_trigger']) retrieved from /root/Projects/etlX/venv/lib/python3.9/site-packages/airflow/example_dags/example_latest_only_with_trigger.py
[2025-10-14 16:05:11,755] {logging_mixin.py:115} INFO - [2025-10-14 16:05:11,755] {dag.py:2379} INFO - Sync 1 DAGs
[2025-10-14 16:05:11,775] {logging_mixin.py:115} INFO - [2025-10-14 16:05:11,775] {dag.py:2927} INFO - Setting next_dagrun for latest_only_with_trigger to 2025-10-14T15:05:11.775338+00:00, run_after=2025-10-14T19:05:11.775338+00:00
[2025-10-14 16:05:11,787] {processor.py:161} INFO - Processing /root/Projects/etlX/venv/lib/python3.9/site-packages/airflow/example_dags/example_latest_only_with_trigger.py took 0.073 seconds
[2025-10-14 16:05:46,736] {processor.py:153} INFO - Started process (PID=20775) to work on /root/Projects/etlX/venv/lib/python3.9/site-packages/airflow/example_dags/example_latest_only_with_trigger.py
[2025-10-14 16:05:46,737] {processor.py:641} INFO - Processing file /root/Projects/etlX/venv/lib/python3.9/site-packages/airflow/example_dags/example_latest_only_with_trigger.py for tasks to queue
[2025-10-14 16:05:46,738] {logging_mixin.py:115} INFO - [2025-10-14 16:05:46,738] {dagbag.py:507} INFO - Filling up the DagBag from /root/Projects/etlX/venv/lib/python3.9/site-packages/airflow/example_dags/example_latest_only_with_trigger.py
[2025-10-14 16:05:46,748] {processor.py:651} INFO - DAG(s) dict_keys(['latest_only_with_trigger']) retrieved from /root/Projects/etlX/venv/lib/python3.9/site-packages/airflow/example_dags/example_latest_only_with_trigger.py
[2025-10-14 16:05:46,770] {logging_mixin.py:115} INFO - [2025-10-14 16:05:46,770] {dag.py:2379} INFO - Sync 1 DAGs
[2025-10-14 16:05:46,789] {logging_mixin.py:115} INFO - [2025-10-14 16:05:46,789] {dag.py:2927} INFO - Setting next_dagrun for latest_only_with_trigger to 2025-10-14T15:05:46.788697+00:00, run_after=2025-10-14T19:05:46.788697+00:00
[2025-10-14 16:05:46,800] {processor.py:161} INFO - Processing /root/Projects/etlX/venv/lib/python3.9/site-packages/airflow/example_dags/example_latest_only_with_trigger.py took 0.069 seconds
[2025-10-14 16:06:21,327] {processor.py:153} INFO - Started process (PID=20834) to work on /root/Projects/etlX/venv/lib/python3.9/site-packages/airflow/example_dags/example_latest_only_with_trigger.py
[2025-10-14 16:06:21,328] {processor.py:641} INFO - Processing file /root/Projects/etlX/venv/lib/python3.9/site-packages/airflow/example_dags/example_latest_only_with_trigger.py for tasks to queue
[2025-10-14 16:06:21,330] {logging_mixin.py:115} INFO - [2025-10-14 16:06:21,330] {dagbag.py:507} INFO - Filling up the DagBag from /root/Projects/etlX/venv/lib/python3.9/site-packages/airflow/example_dags/example_latest_only_with_trigger.py
[2025-10-14 16:06:21,346] {processor.py:651} INFO - DAG(s) dict_keys(['latest_only_with_trigger']) retrieved from /root/Projects/etlX/venv/lib/python3.9/site-packages/airflow/example_dags/example_latest_only_with_trigger.py
[2025-10-14 16:06:21,373] {logging_mixin.py:115} INFO - [2025-10-14 16:06:21,373] {dag.py:2379} INFO - Sync 1 DAGs
[2025-10-14 16:06:21,392] {logging_mixin.py:115} INFO - [2025-10-14 16:06:21,392] {dag.py:2927} INFO - Setting next_dagrun for latest_only_with_trigger to 2025-10-14T15:06:21.392099+00:00, run_after=2025-10-14T19:06:21.392099+00:00
[2025-10-14 16:06:21,403] {processor.py:161} INFO - Processing /root/Projects/etlX/venv/lib/python3.9/site-packages/airflow/example_dags/example_latest_only_with_trigger.py took 0.088 seconds
[2025-10-14 16:06:56,684] {processor.py:153} INFO - Started process (PID=20893) to work on /root/Projects/etlX/venv/lib/python3.9/site-packages/airflow/example_dags/example_latest_only_with_trigger.py
[2025-10-14 16:06:56,685] {processor.py:641} INFO - Processing file /root/Projects/etlX/venv/lib/python3.9/site-packages/airflow/example_dags/example_latest_only_with_trigger.py for tasks to queue
[2025-10-14 16:06:56,685] {logging_mixin.py:115} INFO - [2025-10-14 16:06:56,685] {dagbag.py:507} INFO - Filling up the DagBag from /root/Projects/etlX/venv/lib/python3.9/site-packages/airflow/example_dags/example_latest_only_with_trigger.py
[2025-10-14 16:06:56,693] {processor.py:651} INFO - DAG(s) dict_keys(['latest_only_with_trigger']) retrieved from /root/Projects/etlX/venv/lib/python3.9/site-packages/airflow/example_dags/example_latest_only_with_trigger.py
[2025-10-14 16:06:56,713] {logging_mixin.py:115} INFO - [2025-10-14 16:06:56,713] {dag.py:2379} INFO - Sync 1 DAGs
[2025-10-14 16:06:56,733] {logging_mixin.py:115} INFO - [2025-10-14 16:06:56,732] {dag.py:2927} INFO - Setting next_dagrun for latest_only_with_trigger to 2025-10-14T15:06:56.732670+00:00, run_after=2025-10-14T19:06:56.732670+00:00
[2025-10-14 16:06:56,744] {processor.py:161} INFO - Processing /root/Projects/etlX/venv/lib/python3.9/site-packages/airflow/example_dags/example_latest_only_with_trigger.py took 0.064 seconds
[2025-10-14 16:07:31,228] {processor.py:153} INFO - Started process (PID=21052) to work on /root/Projects/etlX/venv/lib/python3.9/site-packages/airflow/example_dags/example_latest_only_with_trigger.py
[2025-10-14 16:07:31,229] {processor.py:641} INFO - Processing file /root/Projects/etlX/venv/lib/python3.9/site-packages/airflow/example_dags/example_latest_only_with_trigger.py for tasks to queue
[2025-10-14 16:07:31,230] {logging_mixin.py:115} INFO - [2025-10-14 16:07:31,229] {dagbag.py:507} INFO - Filling up the DagBag from /root/Projects/etlX/venv/lib/python3.9/site-packages/airflow/example_dags/example_latest_only_with_trigger.py
[2025-10-14 16:07:31,245] {processor.py:651} INFO - DAG(s) dict_keys(['latest_only_with_trigger']) retrieved from /root/Projects/etlX/venv/lib/python3.9/site-packages/airflow/example_dags/example_latest_only_with_trigger.py
[2025-10-14 16:07:31,270] {logging_mixin.py:115} INFO - [2025-10-14 16:07:31,270] {dag.py:2379} INFO - Sync 1 DAGs
[2025-10-14 16:07:31,292] {logging_mixin.py:115} INFO - [2025-10-14 16:07:31,292] {dag.py:2927} INFO - Setting next_dagrun for latest_only_with_trigger to 2025-10-14T15:07:31.292298+00:00, run_after=2025-10-14T19:07:31.292298+00:00
[2025-10-14 16:07:31,306] {processor.py:161} INFO - Processing /root/Projects/etlX/venv/lib/python3.9/site-packages/airflow/example_dags/example_latest_only_with_trigger.py took 0.083 seconds
[2025-10-14 16:08:03,521] {processor.py:153} INFO - Started process (PID=21366) to work on /root/Projects/etlX/venv/lib/python3.9/site-packages/airflow/example_dags/example_latest_only_with_trigger.py
[2025-10-14 16:08:03,521] {processor.py:641} INFO - Processing file /root/Projects/etlX/venv/lib/python3.9/site-packages/airflow/example_dags/example_latest_only_with_trigger.py for tasks to queue
[2025-10-14 16:08:03,522] {logging_mixin.py:115} INFO - [2025-10-14 16:08:03,522] {dagbag.py:507} INFO - Filling up the DagBag from /root/Projects/etlX/venv/lib/python3.9/site-packages/airflow/example_dags/example_latest_only_with_trigger.py
[2025-10-14 16:08:03,530] {processor.py:651} INFO - DAG(s) dict_keys(['latest_only_with_trigger']) retrieved from /root/Projects/etlX/venv/lib/python3.9/site-packages/airflow/example_dags/example_latest_only_with_trigger.py
[2025-10-14 16:08:03,551] {logging_mixin.py:115} INFO - [2025-10-14 16:08:03,551] {dag.py:2379} INFO - Sync 1 DAGs
[2025-10-14 16:08:03,572] {logging_mixin.py:115} INFO - [2025-10-14 16:08:03,572] {dag.py:2927} INFO - Setting next_dagrun for latest_only_with_trigger to 2025-10-14T15:08:03.571764+00:00, run_after=2025-10-14T19:08:03.571764+00:00
[2025-10-14 16:08:03,584] {processor.py:161} INFO - Processing /root/Projects/etlX/venv/lib/python3.9/site-packages/airflow/example_dags/example_latest_only_with_trigger.py took 0.068 seconds
[2025-10-14 16:08:40,170] {processor.py:153} INFO - Started process (PID=21580) to work on /root/Projects/etlX/venv/lib/python3.9/site-packages/airflow/example_dags/example_latest_only_with_trigger.py
[2025-10-14 16:08:40,171] {processor.py:641} INFO - Processing file /root/Projects/etlX/venv/lib/python3.9/site-packages/airflow/example_dags/example_latest_only_with_trigger.py for tasks to queue
[2025-10-14 16:08:40,173] {logging_mixin.py:115} INFO - [2025-10-14 16:08:40,172] {dagbag.py:507} INFO - Filling up the DagBag from /root/Projects/etlX/venv/lib/python3.9/site-packages/airflow/example_dags/example_latest_only_with_trigger.py
[2025-10-14 16:08:40,186] {processor.py:651} INFO - DAG(s) dict_keys(['latest_only_with_trigger']) retrieved from /root/Projects/etlX/venv/lib/python3.9/site-packages/airflow/example_dags/example_latest_only_with_trigger.py
[2025-10-14 16:08:40,205] {logging_mixin.py:115} INFO - [2025-10-14 16:08:40,205] {dag.py:2379} INFO - Sync 1 DAGs
[2025-10-14 16:08:40,223] {logging_mixin.py:115} INFO - [2025-10-14 16:08:40,223] {dag.py:2927} INFO - Setting next_dagrun for latest_only_with_trigger to 2025-10-14T15:08:40.223434+00:00, run_after=2025-10-14T19:08:40.223434+00:00
[2025-10-14 16:08:40,235] {processor.py:161} INFO - Processing /root/Projects/etlX/venv/lib/python3.9/site-packages/airflow/example_dags/example_latest_only_with_trigger.py took 0.074 seconds
[2025-10-14 16:25:34,860] {processor.py:153} INFO - Started process (PID=22783) to work on /root/Projects/etlX/venv/lib/python3.9/site-packages/airflow/example_dags/example_latest_only_with_trigger.py
[2025-10-14 16:25:34,861] {processor.py:641} INFO - Processing file /root/Projects/etlX/venv/lib/python3.9/site-packages/airflow/example_dags/example_latest_only_with_trigger.py for tasks to queue
[2025-10-14 16:25:34,862] {logging_mixin.py:115} INFO - [2025-10-14 16:25:34,862] {dagbag.py:507} INFO - Filling up the DagBag from /root/Projects/etlX/venv/lib/python3.9/site-packages/airflow/example_dags/example_latest_only_with_trigger.py
[2025-10-14 16:25:34,871] {processor.py:651} INFO - DAG(s) dict_keys(['latest_only_with_trigger']) retrieved from /root/Projects/etlX/venv/lib/python3.9/site-packages/airflow/example_dags/example_latest_only_with_trigger.py
[2025-10-14 16:25:34,892] {logging_mixin.py:115} INFO - [2025-10-14 16:25:34,892] {dag.py:2379} INFO - Sync 1 DAGs
[2025-10-14 16:25:34,913] {logging_mixin.py:115} INFO - [2025-10-14 16:25:34,913] {dag.py:2927} INFO - Setting next_dagrun for latest_only_with_trigger to 2025-10-14T15:25:34.913012+00:00, run_after=2025-10-14T19:25:34.913012+00:00
[2025-10-14 16:25:34,929] {processor.py:161} INFO - Processing /root/Projects/etlX/venv/lib/python3.9/site-packages/airflow/example_dags/example_latest_only_with_trigger.py took 0.073 seconds
[2025-10-14 16:26:10,448] {processor.py:153} INFO - Started process (PID=22892) to work on /root/Projects/etlX/venv/lib/python3.9/site-packages/airflow/example_dags/example_latest_only_with_trigger.py
[2025-10-14 16:26:10,449] {processor.py:641} INFO - Processing file /root/Projects/etlX/venv/lib/python3.9/site-packages/airflow/example_dags/example_latest_only_with_trigger.py for tasks to queue
[2025-10-14 16:26:10,449] {logging_mixin.py:115} INFO - [2025-10-14 16:26:10,449] {dagbag.py:507} INFO - Filling up the DagBag from /root/Projects/etlX/venv/lib/python3.9/site-packages/airflow/example_dags/example_latest_only_with_trigger.py
[2025-10-14 16:26:10,459] {processor.py:651} INFO - DAG(s) dict_keys(['latest_only_with_trigger']) retrieved from /root/Projects/etlX/venv/lib/python3.9/site-packages/airflow/example_dags/example_latest_only_with_trigger.py
[2025-10-14 16:26:10,481] {logging_mixin.py:115} INFO - [2025-10-14 16:26:10,481] {dag.py:2379} INFO - Sync 1 DAGs
[2025-10-14 16:26:10,501] {logging_mixin.py:115} INFO - [2025-10-14 16:26:10,501] {dag.py:2927} INFO - Setting next_dagrun for latest_only_with_trigger to 2025-10-14T15:26:10.501146+00:00, run_after=2025-10-14T19:26:10.501146+00:00
[2025-10-14 16:26:10,512] {processor.py:161} INFO - Processing /root/Projects/etlX/venv/lib/python3.9/site-packages/airflow/example_dags/example_latest_only_with_trigger.py took 0.069 seconds
[2025-10-14 16:26:44,331] {processor.py:153} INFO - Started process (PID=22947) to work on /root/Projects/etlX/venv/lib/python3.9/site-packages/airflow/example_dags/example_latest_only_with_trigger.py
[2025-10-14 16:26:44,331] {processor.py:641} INFO - Processing file /root/Projects/etlX/venv/lib/python3.9/site-packages/airflow/example_dags/example_latest_only_with_trigger.py for tasks to queue
[2025-10-14 16:26:44,332] {logging_mixin.py:115} INFO - [2025-10-14 16:26:44,332] {dagbag.py:507} INFO - Filling up the DagBag from /root/Projects/etlX/venv/lib/python3.9/site-packages/airflow/example_dags/example_latest_only_with_trigger.py
[2025-10-14 16:26:44,340] {processor.py:651} INFO - DAG(s) dict_keys(['latest_only_with_trigger']) retrieved from /root/Projects/etlX/venv/lib/python3.9/site-packages/airflow/example_dags/example_latest_only_with_trigger.py
[2025-10-14 16:26:44,359] {logging_mixin.py:115} INFO - [2025-10-14 16:26:44,359] {dag.py:2379} INFO - Sync 1 DAGs
[2025-10-14 16:26:44,378] {logging_mixin.py:115} INFO - [2025-10-14 16:26:44,377] {dag.py:2927} INFO - Setting next_dagrun for latest_only_with_trigger to 2025-10-14T15:26:44.377626+00:00, run_after=2025-10-14T19:26:44.377626+00:00
[2025-10-14 16:26:44,388] {processor.py:161} INFO - Processing /root/Projects/etlX/venv/lib/python3.9/site-packages/airflow/example_dags/example_latest_only_with_trigger.py took 0.062 seconds
[2025-10-14 16:27:17,320] {processor.py:153} INFO - Started process (PID=23005) to work on /root/Projects/etlX/venv/lib/python3.9/site-packages/airflow/example_dags/example_latest_only_with_trigger.py
[2025-10-14 16:27:17,320] {processor.py:641} INFO - Processing file /root/Projects/etlX/venv/lib/python3.9/site-packages/airflow/example_dags/example_latest_only_with_trigger.py for tasks to queue
[2025-10-14 16:27:17,321] {logging_mixin.py:115} INFO - [2025-10-14 16:27:17,321] {dagbag.py:507} INFO - Filling up the DagBag from /root/Projects/etlX/venv/lib/python3.9/site-packages/airflow/example_dags/example_latest_only_with_trigger.py
[2025-10-14 16:27:17,329] {processor.py:651} INFO - DAG(s) dict_keys(['latest_only_with_trigger']) retrieved from /root/Projects/etlX/venv/lib/python3.9/site-packages/airflow/example_dags/example_latest_only_with_trigger.py
[2025-10-14 16:27:17,348] {logging_mixin.py:115} INFO - [2025-10-14 16:27:17,348] {dag.py:2379} INFO - Sync 1 DAGs
[2025-10-14 16:27:17,367] {logging_mixin.py:115} INFO - [2025-10-14 16:27:17,367] {dag.py:2927} INFO - Setting next_dagrun for latest_only_with_trigger to 2025-10-14T15:27:17.367462+00:00, run_after=2025-10-14T19:27:17.367462+00:00
[2025-10-14 16:27:17,378] {processor.py:161} INFO - Processing /root/Projects/etlX/venv/lib/python3.9/site-packages/airflow/example_dags/example_latest_only_with_trigger.py took 0.063 seconds
[2025-10-14 16:27:52,714] {processor.py:153} INFO - Started process (PID=23163) to work on /root/Projects/etlX/venv/lib/python3.9/site-packages/airflow/example_dags/example_latest_only_with_trigger.py
[2025-10-14 16:27:52,716] {processor.py:641} INFO - Processing file /root/Projects/etlX/venv/lib/python3.9/site-packages/airflow/example_dags/example_latest_only_with_trigger.py for tasks to queue
[2025-10-14 16:27:52,717] {logging_mixin.py:115} INFO - [2025-10-14 16:27:52,717] {dagbag.py:507} INFO - Filling up the DagBag from /root/Projects/etlX/venv/lib/python3.9/site-packages/airflow/example_dags/example_latest_only_with_trigger.py
[2025-10-14 16:27:52,728] {processor.py:651} INFO - DAG(s) dict_keys(['latest_only_with_trigger']) retrieved from /root/Projects/etlX/venv/lib/python3.9/site-packages/airflow/example_dags/example_latest_only_with_trigger.py
[2025-10-14 16:27:52,751] {logging_mixin.py:115} INFO - [2025-10-14 16:27:52,751] {dag.py:2379} INFO - Sync 1 DAGs
[2025-10-14 16:27:52,774] {logging_mixin.py:115} INFO - [2025-10-14 16:27:52,774] {dag.py:2927} INFO - Setting next_dagrun for latest_only_with_trigger to 2025-10-14T15:27:52.773789+00:00, run_after=2025-10-14T19:27:52.773789+00:00
[2025-10-14 16:27:52,788] {processor.py:161} INFO - Processing /root/Projects/etlX/venv/lib/python3.9/site-packages/airflow/example_dags/example_latest_only_with_trigger.py took 0.088 seconds
[2025-10-14 16:28:27,297] {processor.py:153} INFO - Started process (PID=23325) to work on /root/Projects/etlX/venv/lib/python3.9/site-packages/airflow/example_dags/example_latest_only_with_trigger.py
[2025-10-14 16:28:27,297] {processor.py:641} INFO - Processing file /root/Projects/etlX/venv/lib/python3.9/site-packages/airflow/example_dags/example_latest_only_with_trigger.py for tasks to queue
[2025-10-14 16:28:27,298] {logging_mixin.py:115} INFO - [2025-10-14 16:28:27,298] {dagbag.py:507} INFO - Filling up the DagBag from /root/Projects/etlX/venv/lib/python3.9/site-packages/airflow/example_dags/example_latest_only_with_trigger.py
[2025-10-14 16:28:27,306] {processor.py:651} INFO - DAG(s) dict_keys(['latest_only_with_trigger']) retrieved from /root/Projects/etlX/venv/lib/python3.9/site-packages/airflow/example_dags/example_latest_only_with_trigger.py
[2025-10-14 16:28:27,325] {logging_mixin.py:115} INFO - [2025-10-14 16:28:27,325] {dag.py:2379} INFO - Sync 1 DAGs
[2025-10-14 16:28:27,345] {logging_mixin.py:115} INFO - [2025-10-14 16:28:27,345] {dag.py:2927} INFO - Setting next_dagrun for latest_only_with_trigger to 2025-10-14T15:28:27.344989+00:00, run_after=2025-10-14T19:28:27.344989+00:00
[2025-10-14 16:28:27,355] {processor.py:161} INFO - Processing /root/Projects/etlX/venv/lib/python3.9/site-packages/airflow/example_dags/example_latest_only_with_trigger.py took 0.063 seconds
[2025-10-14 16:29:01,637] {processor.py:153} INFO - Started process (PID=23384) to work on /root/Projects/etlX/venv/lib/python3.9/site-packages/airflow/example_dags/example_latest_only_with_trigger.py
[2025-10-14 16:29:01,638] {processor.py:641} INFO - Processing file /root/Projects/etlX/venv/lib/python3.9/site-packages/airflow/example_dags/example_latest_only_with_trigger.py for tasks to queue
[2025-10-14 16:29:01,639] {logging_mixin.py:115} INFO - [2025-10-14 16:29:01,639] {dagbag.py:507} INFO - Filling up the DagBag from /root/Projects/etlX/venv/lib/python3.9/site-packages/airflow/example_dags/example_latest_only_with_trigger.py
[2025-10-14 16:29:01,647] {processor.py:651} INFO - DAG(s) dict_keys(['latest_only_with_trigger']) retrieved from /root/Projects/etlX/venv/lib/python3.9/site-packages/airflow/example_dags/example_latest_only_with_trigger.py
[2025-10-14 16:29:01,668] {logging_mixin.py:115} INFO - [2025-10-14 16:29:01,668] {dag.py:2379} INFO - Sync 1 DAGs
[2025-10-14 16:29:01,689] {logging_mixin.py:115} INFO - [2025-10-14 16:29:01,689] {dag.py:2927} INFO - Setting next_dagrun for latest_only_with_trigger to 2025-10-14T15:29:01.689076+00:00, run_after=2025-10-14T19:29:01.689076+00:00
[2025-10-14 16:29:01,705] {processor.py:161} INFO - Processing /root/Projects/etlX/venv/lib/python3.9/site-packages/airflow/example_dags/example_latest_only_with_trigger.py took 0.073 seconds
[2025-10-14 16:29:35,833] {processor.py:153} INFO - Started process (PID=23600) to work on /root/Projects/etlX/venv/lib/python3.9/site-packages/airflow/example_dags/example_latest_only_with_trigger.py
[2025-10-14 16:29:35,834] {processor.py:641} INFO - Processing file /root/Projects/etlX/venv/lib/python3.9/site-packages/airflow/example_dags/example_latest_only_with_trigger.py for tasks to queue
[2025-10-14 16:29:35,835] {logging_mixin.py:115} INFO - [2025-10-14 16:29:35,835] {dagbag.py:507} INFO - Filling up the DagBag from /root/Projects/etlX/venv/lib/python3.9/site-packages/airflow/example_dags/example_latest_only_with_trigger.py
[2025-10-14 16:29:35,843] {processor.py:651} INFO - DAG(s) dict_keys(['latest_only_with_trigger']) retrieved from /root/Projects/etlX/venv/lib/python3.9/site-packages/airflow/example_dags/example_latest_only_with_trigger.py
[2025-10-14 16:29:35,867] {logging_mixin.py:115} INFO - [2025-10-14 16:29:35,867] {dag.py:2379} INFO - Sync 1 DAGs
[2025-10-14 16:29:35,892] {logging_mixin.py:115} INFO - [2025-10-14 16:29:35,892] {dag.py:2927} INFO - Setting next_dagrun for latest_only_with_trigger to 2025-10-14T15:29:35.892264+00:00, run_after=2025-10-14T19:29:35.892264+00:00
[2025-10-14 16:29:35,908] {processor.py:161} INFO - Processing /root/Projects/etlX/venv/lib/python3.9/site-packages/airflow/example_dags/example_latest_only_with_trigger.py took 0.079 seconds
