[2025-10-14 14:57:15,478] {processor.py:153} INFO - Started process (PID=13350) to work on /root/Projects/etlX/venv/lib/python3.9/site-packages/airflow/example_dags/example_latest_only.py
[2025-10-14 14:57:15,479] {processor.py:641} INFO - Processing file /root/Projects/etlX/venv/lib/python3.9/site-packages/airflow/example_dags/example_latest_only.py for tasks to queue
[2025-10-14 14:57:15,480] {logging_mixin.py:115} INFO - [2025-10-14 14:57:15,479] {dagbag.py:507} INFO - Filling up the DagBag from /root/Projects/etlX/venv/lib/python3.9/site-packages/airflow/example_dags/example_latest_only.py
[2025-10-14 14:57:15,492] {processor.py:651} INFO - DAG(s) dict_keys(['latest_only']) retrieved from /root/Projects/etlX/venv/lib/python3.9/site-packages/airflow/example_dags/example_latest_only.py
[2025-10-14 14:57:15,581] {logging_mixin.py:115} INFO - [2025-10-14 14:57:15,581] {manager.py:508} INFO - Created Permission View: can read on DAG:latest_only
[2025-10-14 14:57:15,591] {logging_mixin.py:115} INFO - [2025-10-14 14:57:15,591] {manager.py:508} INFO - Created Permission View: can edit on DAG:latest_only
[2025-10-14 14:57:15,599] {logging_mixin.py:115} INFO - [2025-10-14 14:57:15,599] {manager.py:508} INFO - Created Permission View: can delete on DAG:latest_only
[2025-10-14 14:57:15,600] {logging_mixin.py:115} INFO - [2025-10-14 14:57:15,599] {dag.py:2379} INFO - Sync 1 DAGs
[2025-10-14 14:57:15,609] {logging_mixin.py:115} INFO - [2025-10-14 14:57:15,609] {dag.py:2398} INFO - Creating ORM DAG for latest_only
[2025-10-14 14:57:15,619] {logging_mixin.py:115} INFO - [2025-10-14 14:57:15,619] {dag.py:2927} INFO - Setting next_dagrun for latest_only to 2025-10-14T13:57:15.618959+00:00, run_after=2025-10-14T17:57:15.618959+00:00
[2025-10-14 14:57:15,638] {processor.py:161} INFO - Processing /root/Projects/etlX/venv/lib/python3.9/site-packages/airflow/example_dags/example_latest_only.py took 0.166 seconds
[2025-10-14 14:57:50,552] {processor.py:153} INFO - Started process (PID=13544) to work on /root/Projects/etlX/venv/lib/python3.9/site-packages/airflow/example_dags/example_latest_only.py
[2025-10-14 14:57:50,553] {processor.py:641} INFO - Processing file /root/Projects/etlX/venv/lib/python3.9/site-packages/airflow/example_dags/example_latest_only.py for tasks to queue
[2025-10-14 14:57:50,554] {logging_mixin.py:115} INFO - [2025-10-14 14:57:50,553] {dagbag.py:507} INFO - Filling up the DagBag from /root/Projects/etlX/venv/lib/python3.9/site-packages/airflow/example_dags/example_latest_only.py
[2025-10-14 14:57:50,562] {processor.py:651} INFO - DAG(s) dict_keys(['latest_only']) retrieved from /root/Projects/etlX/venv/lib/python3.9/site-packages/airflow/example_dags/example_latest_only.py
[2025-10-14 14:57:50,584] {logging_mixin.py:115} INFO - [2025-10-14 14:57:50,584] {dag.py:2379} INFO - Sync 1 DAGs
[2025-10-14 14:57:50,606] {logging_mixin.py:115} INFO - [2025-10-14 14:57:50,606] {dag.py:2927} INFO - Setting next_dagrun for latest_only to 2025-10-14T13:57:50.606174+00:00, run_after=2025-10-14T17:57:50.606174+00:00
[2025-10-14 14:57:50,619] {processor.py:161} INFO - Processing /root/Projects/etlX/venv/lib/python3.9/site-packages/airflow/example_dags/example_latest_only.py took 0.071 seconds
[2025-10-14 14:58:26,053] {processor.py:153} INFO - Started process (PID=13704) to work on /root/Projects/etlX/venv/lib/python3.9/site-packages/airflow/example_dags/example_latest_only.py
[2025-10-14 14:58:26,053] {processor.py:641} INFO - Processing file /root/Projects/etlX/venv/lib/python3.9/site-packages/airflow/example_dags/example_latest_only.py for tasks to queue
[2025-10-14 14:58:26,054] {logging_mixin.py:115} INFO - [2025-10-14 14:58:26,054] {dagbag.py:507} INFO - Filling up the DagBag from /root/Projects/etlX/venv/lib/python3.9/site-packages/airflow/example_dags/example_latest_only.py
[2025-10-14 14:58:26,066] {processor.py:651} INFO - DAG(s) dict_keys(['latest_only']) retrieved from /root/Projects/etlX/venv/lib/python3.9/site-packages/airflow/example_dags/example_latest_only.py
[2025-10-14 14:58:26,092] {logging_mixin.py:115} INFO - [2025-10-14 14:58:26,092] {dag.py:2379} INFO - Sync 1 DAGs
[2025-10-14 14:58:26,111] {logging_mixin.py:115} INFO - [2025-10-14 14:58:26,111] {dag.py:2927} INFO - Setting next_dagrun for latest_only to 2025-10-14T13:58:26.111137+00:00, run_after=2025-10-14T17:58:26.111137+00:00
[2025-10-14 14:58:26,121] {processor.py:161} INFO - Processing /root/Projects/etlX/venv/lib/python3.9/site-packages/airflow/example_dags/example_latest_only.py took 0.079 seconds
[2025-10-14 14:58:58,628] {processor.py:153} INFO - Started process (PID=13806) to work on /root/Projects/etlX/venv/lib/python3.9/site-packages/airflow/example_dags/example_latest_only.py
[2025-10-14 14:58:58,629] {processor.py:641} INFO - Processing file /root/Projects/etlX/venv/lib/python3.9/site-packages/airflow/example_dags/example_latest_only.py for tasks to queue
[2025-10-14 14:58:58,630] {logging_mixin.py:115} INFO - [2025-10-14 14:58:58,629] {dagbag.py:507} INFO - Filling up the DagBag from /root/Projects/etlX/venv/lib/python3.9/site-packages/airflow/example_dags/example_latest_only.py
[2025-10-14 14:58:58,640] {processor.py:651} INFO - DAG(s) dict_keys(['latest_only']) retrieved from /root/Projects/etlX/venv/lib/python3.9/site-packages/airflow/example_dags/example_latest_only.py
[2025-10-14 14:58:58,663] {logging_mixin.py:115} INFO - [2025-10-14 14:58:58,663] {dag.py:2379} INFO - Sync 1 DAGs
[2025-10-14 14:58:58,687] {logging_mixin.py:115} INFO - [2025-10-14 14:58:58,687] {dag.py:2927} INFO - Setting next_dagrun for latest_only to 2025-10-14T13:58:58.687221+00:00, run_after=2025-10-14T17:58:58.687221+00:00
[2025-10-14 14:58:58,702] {processor.py:161} INFO - Processing /root/Projects/etlX/venv/lib/python3.9/site-packages/airflow/example_dags/example_latest_only.py took 0.079 seconds
[2025-10-14 14:59:32,861] {processor.py:153} INFO - Started process (PID=13973) to work on /root/Projects/etlX/venv/lib/python3.9/site-packages/airflow/example_dags/example_latest_only.py
[2025-10-14 14:59:32,862] {processor.py:641} INFO - Processing file /root/Projects/etlX/venv/lib/python3.9/site-packages/airflow/example_dags/example_latest_only.py for tasks to queue
[2025-10-14 14:59:32,862] {logging_mixin.py:115} INFO - [2025-10-14 14:59:32,862] {dagbag.py:507} INFO - Filling up the DagBag from /root/Projects/etlX/venv/lib/python3.9/site-packages/airflow/example_dags/example_latest_only.py
[2025-10-14 14:59:32,870] {processor.py:651} INFO - DAG(s) dict_keys(['latest_only']) retrieved from /root/Projects/etlX/venv/lib/python3.9/site-packages/airflow/example_dags/example_latest_only.py
[2025-10-14 14:59:32,890] {logging_mixin.py:115} INFO - [2025-10-14 14:59:32,890] {dag.py:2379} INFO - Sync 1 DAGs
[2025-10-14 14:59:32,909] {logging_mixin.py:115} INFO - [2025-10-14 14:59:32,909] {dag.py:2927} INFO - Setting next_dagrun for latest_only to 2025-10-14T13:59:32.909000+00:00, run_after=2025-10-14T17:59:32.909000+00:00
[2025-10-14 14:59:32,920] {processor.py:161} INFO - Processing /root/Projects/etlX/venv/lib/python3.9/site-packages/airflow/example_dags/example_latest_only.py took 0.068 seconds
[2025-10-14 15:00:05,977] {processor.py:153} INFO - Started process (PID=14028) to work on /root/Projects/etlX/venv/lib/python3.9/site-packages/airflow/example_dags/example_latest_only.py
[2025-10-14 15:00:05,978] {processor.py:641} INFO - Processing file /root/Projects/etlX/venv/lib/python3.9/site-packages/airflow/example_dags/example_latest_only.py for tasks to queue
[2025-10-14 15:00:05,979] {logging_mixin.py:115} INFO - [2025-10-14 15:00:05,979] {dagbag.py:507} INFO - Filling up the DagBag from /root/Projects/etlX/venv/lib/python3.9/site-packages/airflow/example_dags/example_latest_only.py
[2025-10-14 15:00:05,986] {processor.py:651} INFO - DAG(s) dict_keys(['latest_only']) retrieved from /root/Projects/etlX/venv/lib/python3.9/site-packages/airflow/example_dags/example_latest_only.py
[2025-10-14 15:00:06,006] {logging_mixin.py:115} INFO - [2025-10-14 15:00:06,006] {dag.py:2379} INFO - Sync 1 DAGs
[2025-10-14 15:00:06,027] {logging_mixin.py:115} INFO - [2025-10-14 15:00:06,026] {dag.py:2927} INFO - Setting next_dagrun for latest_only to 2025-10-14T14:00:06.026547+00:00, run_after=2025-10-14T18:00:06.026547+00:00
[2025-10-14 15:00:06,040] {processor.py:161} INFO - Processing /root/Projects/etlX/venv/lib/python3.9/site-packages/airflow/example_dags/example_latest_only.py took 0.068 seconds
[2025-10-14 15:00:41,085] {processor.py:153} INFO - Started process (PID=14138) to work on /root/Projects/etlX/venv/lib/python3.9/site-packages/airflow/example_dags/example_latest_only.py
[2025-10-14 15:00:41,085] {processor.py:641} INFO - Processing file /root/Projects/etlX/venv/lib/python3.9/site-packages/airflow/example_dags/example_latest_only.py for tasks to queue
[2025-10-14 15:00:41,086] {logging_mixin.py:115} INFO - [2025-10-14 15:00:41,086] {dagbag.py:507} INFO - Filling up the DagBag from /root/Projects/etlX/venv/lib/python3.9/site-packages/airflow/example_dags/example_latest_only.py
[2025-10-14 15:00:41,094] {processor.py:651} INFO - DAG(s) dict_keys(['latest_only']) retrieved from /root/Projects/etlX/venv/lib/python3.9/site-packages/airflow/example_dags/example_latest_only.py
[2025-10-14 15:00:41,120] {logging_mixin.py:115} INFO - [2025-10-14 15:00:41,120] {dag.py:2379} INFO - Sync 1 DAGs
[2025-10-14 15:00:41,144] {logging_mixin.py:115} INFO - [2025-10-14 15:00:41,144] {dag.py:2927} INFO - Setting next_dagrun for latest_only to 2025-10-14T14:00:41.143724+00:00, run_after=2025-10-14T18:00:41.143724+00:00
[2025-10-14 15:00:41,156] {processor.py:161} INFO - Processing /root/Projects/etlX/venv/lib/python3.9/site-packages/airflow/example_dags/example_latest_only.py took 0.077 seconds
[2025-10-14 15:01:15,463] {processor.py:153} INFO - Started process (PID=14451) to work on /root/Projects/etlX/venv/lib/python3.9/site-packages/airflow/example_dags/example_latest_only.py
[2025-10-14 15:01:15,464] {processor.py:641} INFO - Processing file /root/Projects/etlX/venv/lib/python3.9/site-packages/airflow/example_dags/example_latest_only.py for tasks to queue
[2025-10-14 15:01:15,465] {logging_mixin.py:115} INFO - [2025-10-14 15:01:15,465] {dagbag.py:507} INFO - Filling up the DagBag from /root/Projects/etlX/venv/lib/python3.9/site-packages/airflow/example_dags/example_latest_only.py
[2025-10-14 15:01:15,473] {processor.py:651} INFO - DAG(s) dict_keys(['latest_only']) retrieved from /root/Projects/etlX/venv/lib/python3.9/site-packages/airflow/example_dags/example_latest_only.py
[2025-10-14 15:01:15,494] {logging_mixin.py:115} INFO - [2025-10-14 15:01:15,494] {dag.py:2379} INFO - Sync 1 DAGs
[2025-10-14 15:01:15,517] {logging_mixin.py:115} INFO - [2025-10-14 15:01:15,517] {dag.py:2927} INFO - Setting next_dagrun for latest_only to 2025-10-14T14:01:15.516628+00:00, run_after=2025-10-14T18:01:15.516628+00:00
[2025-10-14 15:01:15,529] {processor.py:161} INFO - Processing /root/Projects/etlX/venv/lib/python3.9/site-packages/airflow/example_dags/example_latest_only.py took 0.073 seconds
[2025-10-14 15:01:48,040] {processor.py:153} INFO - Started process (PID=14608) to work on /root/Projects/etlX/venv/lib/python3.9/site-packages/airflow/example_dags/example_latest_only.py
[2025-10-14 15:01:48,040] {processor.py:641} INFO - Processing file /root/Projects/etlX/venv/lib/python3.9/site-packages/airflow/example_dags/example_latest_only.py for tasks to queue
[2025-10-14 15:01:48,041] {logging_mixin.py:115} INFO - [2025-10-14 15:01:48,041] {dagbag.py:507} INFO - Filling up the DagBag from /root/Projects/etlX/venv/lib/python3.9/site-packages/airflow/example_dags/example_latest_only.py
[2025-10-14 15:01:48,048] {processor.py:651} INFO - DAG(s) dict_keys(['latest_only']) retrieved from /root/Projects/etlX/venv/lib/python3.9/site-packages/airflow/example_dags/example_latest_only.py
[2025-10-14 15:01:48,069] {logging_mixin.py:115} INFO - [2025-10-14 15:01:48,069] {dag.py:2379} INFO - Sync 1 DAGs
[2025-10-14 15:01:48,090] {logging_mixin.py:115} INFO - [2025-10-14 15:01:48,090] {dag.py:2927} INFO - Setting next_dagrun for latest_only to 2025-10-14T14:01:48.090040+00:00, run_after=2025-10-14T18:01:48.090040+00:00
[2025-10-14 15:01:48,103] {processor.py:161} INFO - Processing /root/Projects/etlX/venv/lib/python3.9/site-packages/airflow/example_dags/example_latest_only.py took 0.067 seconds
[2025-10-14 15:02:23,820] {processor.py:153} INFO - Started process (PID=14821) to work on /root/Projects/etlX/venv/lib/python3.9/site-packages/airflow/example_dags/example_latest_only.py
[2025-10-14 15:02:23,820] {processor.py:641} INFO - Processing file /root/Projects/etlX/venv/lib/python3.9/site-packages/airflow/example_dags/example_latest_only.py for tasks to queue
[2025-10-14 15:02:23,821] {logging_mixin.py:115} INFO - [2025-10-14 15:02:23,821] {dagbag.py:507} INFO - Filling up the DagBag from /root/Projects/etlX/venv/lib/python3.9/site-packages/airflow/example_dags/example_latest_only.py
[2025-10-14 15:02:23,829] {processor.py:651} INFO - DAG(s) dict_keys(['latest_only']) retrieved from /root/Projects/etlX/venv/lib/python3.9/site-packages/airflow/example_dags/example_latest_only.py
[2025-10-14 15:02:23,850] {logging_mixin.py:115} INFO - [2025-10-14 15:02:23,850] {dag.py:2379} INFO - Sync 1 DAGs
[2025-10-14 15:02:23,873] {logging_mixin.py:115} INFO - [2025-10-14 15:02:23,873] {dag.py:2927} INFO - Setting next_dagrun for latest_only to 2025-10-14T14:02:23.872928+00:00, run_after=2025-10-14T18:02:23.872928+00:00
[2025-10-14 15:02:23,886] {processor.py:161} INFO - Processing /root/Projects/etlX/venv/lib/python3.9/site-packages/airflow/example_dags/example_latest_only.py took 0.071 seconds
[2025-10-14 15:02:56,995] {processor.py:153} INFO - Started process (PID=14980) to work on /root/Projects/etlX/venv/lib/python3.9/site-packages/airflow/example_dags/example_latest_only.py
[2025-10-14 15:02:56,996] {processor.py:641} INFO - Processing file /root/Projects/etlX/venv/lib/python3.9/site-packages/airflow/example_dags/example_latest_only.py for tasks to queue
[2025-10-14 15:02:56,996] {logging_mixin.py:115} INFO - [2025-10-14 15:02:56,996] {dagbag.py:507} INFO - Filling up the DagBag from /root/Projects/etlX/venv/lib/python3.9/site-packages/airflow/example_dags/example_latest_only.py
[2025-10-14 15:02:57,005] {processor.py:651} INFO - DAG(s) dict_keys(['latest_only']) retrieved from /root/Projects/etlX/venv/lib/python3.9/site-packages/airflow/example_dags/example_latest_only.py
[2025-10-14 15:02:57,027] {logging_mixin.py:115} INFO - [2025-10-14 15:02:57,027] {dag.py:2379} INFO - Sync 1 DAGs
[2025-10-14 15:02:57,048] {logging_mixin.py:115} INFO - [2025-10-14 15:02:57,048] {dag.py:2927} INFO - Setting next_dagrun for latest_only to 2025-10-14T14:02:57.047924+00:00, run_after=2025-10-14T18:02:57.047924+00:00
[2025-10-14 15:02:57,060] {processor.py:161} INFO - Processing /root/Projects/etlX/venv/lib/python3.9/site-packages/airflow/example_dags/example_latest_only.py took 0.070 seconds
[2025-10-14 15:10:03,764] {processor.py:153} INFO - Started process (PID=15897) to work on /root/Projects/etlX/venv/lib/python3.9/site-packages/airflow/example_dags/example_latest_only.py
[2025-10-14 15:10:03,765] {processor.py:641} INFO - Processing file /root/Projects/etlX/venv/lib/python3.9/site-packages/airflow/example_dags/example_latest_only.py for tasks to queue
[2025-10-14 15:10:03,766] {logging_mixin.py:115} INFO - [2025-10-14 15:10:03,766] {dagbag.py:507} INFO - Filling up the DagBag from /root/Projects/etlX/venv/lib/python3.9/site-packages/airflow/example_dags/example_latest_only.py
[2025-10-14 15:10:03,774] {processor.py:651} INFO - DAG(s) dict_keys(['latest_only']) retrieved from /root/Projects/etlX/venv/lib/python3.9/site-packages/airflow/example_dags/example_latest_only.py
[2025-10-14 15:10:03,795] {logging_mixin.py:115} INFO - [2025-10-14 15:10:03,795] {dag.py:2379} INFO - Sync 1 DAGs
[2025-10-14 15:10:03,816] {logging_mixin.py:115} INFO - [2025-10-14 15:10:03,816] {dag.py:2927} INFO - Setting next_dagrun for latest_only to 2025-10-14T14:10:03.816102+00:00, run_after=2025-10-14T18:10:03.816102+00:00
[2025-10-14 15:10:03,828] {processor.py:161} INFO - Processing /root/Projects/etlX/venv/lib/python3.9/site-packages/airflow/example_dags/example_latest_only.py took 0.068 seconds
[2025-10-14 15:10:38,623] {processor.py:153} INFO - Started process (PID=15952) to work on /root/Projects/etlX/venv/lib/python3.9/site-packages/airflow/example_dags/example_latest_only.py
[2025-10-14 15:10:38,623] {processor.py:641} INFO - Processing file /root/Projects/etlX/venv/lib/python3.9/site-packages/airflow/example_dags/example_latest_only.py for tasks to queue
[2025-10-14 15:10:38,624] {logging_mixin.py:115} INFO - [2025-10-14 15:10:38,624] {dagbag.py:507} INFO - Filling up the DagBag from /root/Projects/etlX/venv/lib/python3.9/site-packages/airflow/example_dags/example_latest_only.py
[2025-10-14 15:10:38,633] {processor.py:651} INFO - DAG(s) dict_keys(['latest_only']) retrieved from /root/Projects/etlX/venv/lib/python3.9/site-packages/airflow/example_dags/example_latest_only.py
[2025-10-14 15:10:38,656] {logging_mixin.py:115} INFO - [2025-10-14 15:10:38,656] {dag.py:2379} INFO - Sync 1 DAGs
[2025-10-14 15:10:38,691] {logging_mixin.py:115} INFO - [2025-10-14 15:10:38,690] {dag.py:2927} INFO - Setting next_dagrun for latest_only to 2025-10-14T14:10:38.690685+00:00, run_after=2025-10-14T18:10:38.690685+00:00
[2025-10-14 15:10:38,708] {processor.py:161} INFO - Processing /root/Projects/etlX/venv/lib/python3.9/site-packages/airflow/example_dags/example_latest_only.py took 0.090 seconds
[2025-10-14 15:11:12,693] {processor.py:153} INFO - Started process (PID=16062) to work on /root/Projects/etlX/venv/lib/python3.9/site-packages/airflow/example_dags/example_latest_only.py
[2025-10-14 15:11:12,693] {processor.py:641} INFO - Processing file /root/Projects/etlX/venv/lib/python3.9/site-packages/airflow/example_dags/example_latest_only.py for tasks to queue
[2025-10-14 15:11:12,694] {logging_mixin.py:115} INFO - [2025-10-14 15:11:12,694] {dagbag.py:507} INFO - Filling up the DagBag from /root/Projects/etlX/venv/lib/python3.9/site-packages/airflow/example_dags/example_latest_only.py
[2025-10-14 15:11:12,702] {processor.py:651} INFO - DAG(s) dict_keys(['latest_only']) retrieved from /root/Projects/etlX/venv/lib/python3.9/site-packages/airflow/example_dags/example_latest_only.py
[2025-10-14 15:11:12,725] {logging_mixin.py:115} INFO - [2025-10-14 15:11:12,725] {dag.py:2379} INFO - Sync 1 DAGs
[2025-10-14 15:11:12,749] {logging_mixin.py:115} INFO - [2025-10-14 15:11:12,748] {dag.py:2927} INFO - Setting next_dagrun for latest_only to 2025-10-14T14:11:12.748449+00:00, run_after=2025-10-14T18:11:12.748449+00:00
[2025-10-14 15:11:12,763] {processor.py:161} INFO - Processing /root/Projects/etlX/venv/lib/python3.9/site-packages/airflow/example_dags/example_latest_only.py took 0.075 seconds
[2025-10-14 15:11:46,182] {processor.py:153} INFO - Started process (PID=16168) to work on /root/Projects/etlX/venv/lib/python3.9/site-packages/airflow/example_dags/example_latest_only.py
[2025-10-14 15:11:46,183] {processor.py:641} INFO - Processing file /root/Projects/etlX/venv/lib/python3.9/site-packages/airflow/example_dags/example_latest_only.py for tasks to queue
[2025-10-14 15:11:46,183] {logging_mixin.py:115} INFO - [2025-10-14 15:11:46,183] {dagbag.py:507} INFO - Filling up the DagBag from /root/Projects/etlX/venv/lib/python3.9/site-packages/airflow/example_dags/example_latest_only.py
[2025-10-14 15:11:46,193] {processor.py:651} INFO - DAG(s) dict_keys(['latest_only']) retrieved from /root/Projects/etlX/venv/lib/python3.9/site-packages/airflow/example_dags/example_latest_only.py
[2025-10-14 15:11:46,213] {logging_mixin.py:115} INFO - [2025-10-14 15:11:46,213] {dag.py:2379} INFO - Sync 1 DAGs
[2025-10-14 15:11:46,234] {logging_mixin.py:115} INFO - [2025-10-14 15:11:46,234] {dag.py:2927} INFO - Setting next_dagrun for latest_only to 2025-10-14T14:11:46.234101+00:00, run_after=2025-10-14T18:11:46.234101+00:00
[2025-10-14 15:11:46,248] {processor.py:161} INFO - Processing /root/Projects/etlX/venv/lib/python3.9/site-packages/airflow/example_dags/example_latest_only.py took 0.070 seconds
[2025-10-14 15:12:21,190] {processor.py:153} INFO - Started process (PID=16226) to work on /root/Projects/etlX/venv/lib/python3.9/site-packages/airflow/example_dags/example_latest_only.py
[2025-10-14 15:12:21,191] {processor.py:641} INFO - Processing file /root/Projects/etlX/venv/lib/python3.9/site-packages/airflow/example_dags/example_latest_only.py for tasks to queue
[2025-10-14 15:12:21,192] {logging_mixin.py:115} INFO - [2025-10-14 15:12:21,192] {dagbag.py:507} INFO - Filling up the DagBag from /root/Projects/etlX/venv/lib/python3.9/site-packages/airflow/example_dags/example_latest_only.py
[2025-10-14 15:12:21,201] {processor.py:651} INFO - DAG(s) dict_keys(['latest_only']) retrieved from /root/Projects/etlX/venv/lib/python3.9/site-packages/airflow/example_dags/example_latest_only.py
[2025-10-14 15:12:21,222] {logging_mixin.py:115} INFO - [2025-10-14 15:12:21,222] {dag.py:2379} INFO - Sync 1 DAGs
[2025-10-14 15:12:21,243] {logging_mixin.py:115} INFO - [2025-10-14 15:12:21,242] {dag.py:2927} INFO - Setting next_dagrun for latest_only to 2025-10-14T14:12:21.242626+00:00, run_after=2025-10-14T18:12:21.242626+00:00
[2025-10-14 15:12:21,254] {processor.py:161} INFO - Processing /root/Projects/etlX/venv/lib/python3.9/site-packages/airflow/example_dags/example_latest_only.py took 0.075 seconds
[2025-10-14 15:12:54,266] {processor.py:153} INFO - Started process (PID=16284) to work on /root/Projects/etlX/venv/lib/python3.9/site-packages/airflow/example_dags/example_latest_only.py
[2025-10-14 15:12:54,267] {processor.py:641} INFO - Processing file /root/Projects/etlX/venv/lib/python3.9/site-packages/airflow/example_dags/example_latest_only.py for tasks to queue
[2025-10-14 15:12:54,267] {logging_mixin.py:115} INFO - [2025-10-14 15:12:54,267] {dagbag.py:507} INFO - Filling up the DagBag from /root/Projects/etlX/venv/lib/python3.9/site-packages/airflow/example_dags/example_latest_only.py
[2025-10-14 15:12:54,274] {processor.py:651} INFO - DAG(s) dict_keys(['latest_only']) retrieved from /root/Projects/etlX/venv/lib/python3.9/site-packages/airflow/example_dags/example_latest_only.py
[2025-10-14 15:12:54,294] {logging_mixin.py:115} INFO - [2025-10-14 15:12:54,294] {dag.py:2379} INFO - Sync 1 DAGs
[2025-10-14 15:12:54,313] {logging_mixin.py:115} INFO - [2025-10-14 15:12:54,313] {dag.py:2927} INFO - Setting next_dagrun for latest_only to 2025-10-14T14:12:54.313208+00:00, run_after=2025-10-14T18:12:54.313208+00:00
[2025-10-14 15:12:54,324] {processor.py:161} INFO - Processing /root/Projects/etlX/venv/lib/python3.9/site-packages/airflow/example_dags/example_latest_only.py took 0.062 seconds
[2025-10-14 15:13:29,438] {processor.py:153} INFO - Started process (PID=16341) to work on /root/Projects/etlX/venv/lib/python3.9/site-packages/airflow/example_dags/example_latest_only.py
[2025-10-14 15:13:29,438] {processor.py:641} INFO - Processing file /root/Projects/etlX/venv/lib/python3.9/site-packages/airflow/example_dags/example_latest_only.py for tasks to queue
[2025-10-14 15:13:29,439] {logging_mixin.py:115} INFO - [2025-10-14 15:13:29,439] {dagbag.py:507} INFO - Filling up the DagBag from /root/Projects/etlX/venv/lib/python3.9/site-packages/airflow/example_dags/example_latest_only.py
[2025-10-14 15:13:29,449] {processor.py:651} INFO - DAG(s) dict_keys(['latest_only']) retrieved from /root/Projects/etlX/venv/lib/python3.9/site-packages/airflow/example_dags/example_latest_only.py
[2025-10-14 15:13:29,482] {logging_mixin.py:115} INFO - [2025-10-14 15:13:29,481] {dag.py:2379} INFO - Sync 1 DAGs
[2025-10-14 15:13:29,513] {logging_mixin.py:115} INFO - [2025-10-14 15:13:29,513] {dag.py:2927} INFO - Setting next_dagrun for latest_only to 2025-10-14T14:13:29.512765+00:00, run_after=2025-10-14T18:13:29.512765+00:00
[2025-10-14 15:13:29,525] {processor.py:161} INFO - Processing /root/Projects/etlX/venv/lib/python3.9/site-packages/airflow/example_dags/example_latest_only.py took 0.092 seconds
[2025-10-14 15:14:03,864] {processor.py:153} INFO - Started process (PID=16399) to work on /root/Projects/etlX/venv/lib/python3.9/site-packages/airflow/example_dags/example_latest_only.py
[2025-10-14 15:14:03,865] {processor.py:641} INFO - Processing file /root/Projects/etlX/venv/lib/python3.9/site-packages/airflow/example_dags/example_latest_only.py for tasks to queue
[2025-10-14 15:14:03,865] {logging_mixin.py:115} INFO - [2025-10-14 15:14:03,865] {dagbag.py:507} INFO - Filling up the DagBag from /root/Projects/etlX/venv/lib/python3.9/site-packages/airflow/example_dags/example_latest_only.py
[2025-10-14 15:14:03,873] {processor.py:651} INFO - DAG(s) dict_keys(['latest_only']) retrieved from /root/Projects/etlX/venv/lib/python3.9/site-packages/airflow/example_dags/example_latest_only.py
[2025-10-14 15:14:03,895] {logging_mixin.py:115} INFO - [2025-10-14 15:14:03,895] {dag.py:2379} INFO - Sync 1 DAGs
[2025-10-14 15:14:03,918] {logging_mixin.py:115} INFO - [2025-10-14 15:14:03,918] {dag.py:2927} INFO - Setting next_dagrun for latest_only to 2025-10-14T14:14:03.918292+00:00, run_after=2025-10-14T18:14:03.918292+00:00
[2025-10-14 15:14:03,936] {processor.py:161} INFO - Processing /root/Projects/etlX/venv/lib/python3.9/site-packages/airflow/example_dags/example_latest_only.py took 0.077 seconds
[2025-10-14 15:14:37,995] {processor.py:153} INFO - Started process (PID=16455) to work on /root/Projects/etlX/venv/lib/python3.9/site-packages/airflow/example_dags/example_latest_only.py
[2025-10-14 15:14:37,995] {processor.py:641} INFO - Processing file /root/Projects/etlX/venv/lib/python3.9/site-packages/airflow/example_dags/example_latest_only.py for tasks to queue
[2025-10-14 15:14:37,996] {logging_mixin.py:115} INFO - [2025-10-14 15:14:37,996] {dagbag.py:507} INFO - Filling up the DagBag from /root/Projects/etlX/venv/lib/python3.9/site-packages/airflow/example_dags/example_latest_only.py
[2025-10-14 15:14:38,003] {processor.py:651} INFO - DAG(s) dict_keys(['latest_only']) retrieved from /root/Projects/etlX/venv/lib/python3.9/site-packages/airflow/example_dags/example_latest_only.py
[2025-10-14 15:14:38,027] {logging_mixin.py:115} INFO - [2025-10-14 15:14:38,027] {dag.py:2379} INFO - Sync 1 DAGs
[2025-10-14 15:14:38,054] {logging_mixin.py:115} INFO - [2025-10-14 15:14:38,054] {dag.py:2927} INFO - Setting next_dagrun for latest_only to 2025-10-14T14:14:38.054441+00:00, run_after=2025-10-14T18:14:38.054441+00:00
[2025-10-14 15:14:38,068] {processor.py:161} INFO - Processing /root/Projects/etlX/venv/lib/python3.9/site-packages/airflow/example_dags/example_latest_only.py took 0.077 seconds
[2025-10-14 15:15:13,160] {processor.py:153} INFO - Started process (PID=16565) to work on /root/Projects/etlX/venv/lib/python3.9/site-packages/airflow/example_dags/example_latest_only.py
[2025-10-14 15:15:13,161] {processor.py:641} INFO - Processing file /root/Projects/etlX/venv/lib/python3.9/site-packages/airflow/example_dags/example_latest_only.py for tasks to queue
[2025-10-14 15:15:13,161] {logging_mixin.py:115} INFO - [2025-10-14 15:15:13,161] {dagbag.py:507} INFO - Filling up the DagBag from /root/Projects/etlX/venv/lib/python3.9/site-packages/airflow/example_dags/example_latest_only.py
[2025-10-14 15:15:13,173] {processor.py:651} INFO - DAG(s) dict_keys(['latest_only']) retrieved from /root/Projects/etlX/venv/lib/python3.9/site-packages/airflow/example_dags/example_latest_only.py
[2025-10-14 15:15:13,197] {logging_mixin.py:115} INFO - [2025-10-14 15:15:13,197] {dag.py:2379} INFO - Sync 1 DAGs
[2025-10-14 15:15:13,216] {logging_mixin.py:115} INFO - [2025-10-14 15:15:13,216] {dag.py:2927} INFO - Setting next_dagrun for latest_only to 2025-10-14T14:15:13.215835+00:00, run_after=2025-10-14T18:15:13.215835+00:00
[2025-10-14 15:15:13,226] {processor.py:161} INFO - Processing /root/Projects/etlX/venv/lib/python3.9/site-packages/airflow/example_dags/example_latest_only.py took 0.074 seconds
[2025-10-14 15:15:48,039] {processor.py:153} INFO - Started process (PID=16624) to work on /root/Projects/etlX/venv/lib/python3.9/site-packages/airflow/example_dags/example_latest_only.py
[2025-10-14 15:15:48,039] {processor.py:641} INFO - Processing file /root/Projects/etlX/venv/lib/python3.9/site-packages/airflow/example_dags/example_latest_only.py for tasks to queue
[2025-10-14 15:15:48,040] {logging_mixin.py:115} INFO - [2025-10-14 15:15:48,040] {dagbag.py:507} INFO - Filling up the DagBag from /root/Projects/etlX/venv/lib/python3.9/site-packages/airflow/example_dags/example_latest_only.py
[2025-10-14 15:15:48,049] {processor.py:651} INFO - DAG(s) dict_keys(['latest_only']) retrieved from /root/Projects/etlX/venv/lib/python3.9/site-packages/airflow/example_dags/example_latest_only.py
[2025-10-14 15:15:48,069] {logging_mixin.py:115} INFO - [2025-10-14 15:15:48,069] {dag.py:2379} INFO - Sync 1 DAGs
[2025-10-14 15:15:48,090] {logging_mixin.py:115} INFO - [2025-10-14 15:15:48,090] {dag.py:2927} INFO - Setting next_dagrun for latest_only to 2025-10-14T14:15:48.089963+00:00, run_after=2025-10-14T18:15:48.089963+00:00
[2025-10-14 15:15:48,102] {processor.py:161} INFO - Processing /root/Projects/etlX/venv/lib/python3.9/site-packages/airflow/example_dags/example_latest_only.py took 0.068 seconds
[2025-10-14 15:16:25,351] {processor.py:153} INFO - Started process (PID=16838) to work on /root/Projects/etlX/venv/lib/python3.9/site-packages/airflow/example_dags/example_latest_only.py
[2025-10-14 15:16:25,351] {processor.py:641} INFO - Processing file /root/Projects/etlX/venv/lib/python3.9/site-packages/airflow/example_dags/example_latest_only.py for tasks to queue
[2025-10-14 15:16:25,352] {logging_mixin.py:115} INFO - [2025-10-14 15:16:25,352] {dagbag.py:507} INFO - Filling up the DagBag from /root/Projects/etlX/venv/lib/python3.9/site-packages/airflow/example_dags/example_latest_only.py
[2025-10-14 15:16:25,359] {processor.py:651} INFO - DAG(s) dict_keys(['latest_only']) retrieved from /root/Projects/etlX/venv/lib/python3.9/site-packages/airflow/example_dags/example_latest_only.py
[2025-10-14 15:16:25,380] {logging_mixin.py:115} INFO - [2025-10-14 15:16:25,380] {dag.py:2379} INFO - Sync 1 DAGs
[2025-10-14 15:16:25,400] {logging_mixin.py:115} INFO - [2025-10-14 15:16:25,400] {dag.py:2927} INFO - Setting next_dagrun for latest_only to 2025-10-14T14:16:25.400292+00:00, run_after=2025-10-14T18:16:25.400292+00:00
[2025-10-14 15:16:25,411] {processor.py:161} INFO - Processing /root/Projects/etlX/venv/lib/python3.9/site-packages/airflow/example_dags/example_latest_only.py took 0.065 seconds
[2025-10-14 15:16:58,677] {processor.py:153} INFO - Started process (PID=17050) to work on /root/Projects/etlX/venv/lib/python3.9/site-packages/airflow/example_dags/example_latest_only.py
[2025-10-14 15:16:58,678] {processor.py:641} INFO - Processing file /root/Projects/etlX/venv/lib/python3.9/site-packages/airflow/example_dags/example_latest_only.py for tasks to queue
[2025-10-14 15:16:58,679] {logging_mixin.py:115} INFO - [2025-10-14 15:16:58,679] {dagbag.py:507} INFO - Filling up the DagBag from /root/Projects/etlX/venv/lib/python3.9/site-packages/airflow/example_dags/example_latest_only.py
[2025-10-14 15:16:58,691] {processor.py:651} INFO - DAG(s) dict_keys(['latest_only']) retrieved from /root/Projects/etlX/venv/lib/python3.9/site-packages/airflow/example_dags/example_latest_only.py
[2025-10-14 15:16:58,712] {logging_mixin.py:115} INFO - [2025-10-14 15:16:58,712] {dag.py:2379} INFO - Sync 1 DAGs
[2025-10-14 15:16:58,731] {logging_mixin.py:115} INFO - [2025-10-14 15:16:58,731] {dag.py:2927} INFO - Setting next_dagrun for latest_only to 2025-10-14T14:16:58.731063+00:00, run_after=2025-10-14T18:16:58.731063+00:00
[2025-10-14 15:16:58,741] {processor.py:161} INFO - Processing /root/Projects/etlX/venv/lib/python3.9/site-packages/airflow/example_dags/example_latest_only.py took 0.071 seconds
[2025-10-14 15:17:33,686] {processor.py:153} INFO - Started process (PID=17106) to work on /root/Projects/etlX/venv/lib/python3.9/site-packages/airflow/example_dags/example_latest_only.py
[2025-10-14 15:17:33,687] {processor.py:641} INFO - Processing file /root/Projects/etlX/venv/lib/python3.9/site-packages/airflow/example_dags/example_latest_only.py for tasks to queue
[2025-10-14 15:17:33,688] {logging_mixin.py:115} INFO - [2025-10-14 15:17:33,688] {dagbag.py:507} INFO - Filling up the DagBag from /root/Projects/etlX/venv/lib/python3.9/site-packages/airflow/example_dags/example_latest_only.py
[2025-10-14 15:17:33,696] {processor.py:651} INFO - DAG(s) dict_keys(['latest_only']) retrieved from /root/Projects/etlX/venv/lib/python3.9/site-packages/airflow/example_dags/example_latest_only.py
[2025-10-14 15:17:33,721] {logging_mixin.py:115} INFO - [2025-10-14 15:17:33,721] {dag.py:2379} INFO - Sync 1 DAGs
[2025-10-14 15:17:33,745] {logging_mixin.py:115} INFO - [2025-10-14 15:17:33,745] {dag.py:2927} INFO - Setting next_dagrun for latest_only to 2025-10-14T14:17:33.744693+00:00, run_after=2025-10-14T18:17:33.744693+00:00
[2025-10-14 15:17:33,758] {processor.py:161} INFO - Processing /root/Projects/etlX/venv/lib/python3.9/site-packages/airflow/example_dags/example_latest_only.py took 0.078 seconds
[2025-10-14 15:59:01,888] {processor.py:153} INFO - Started process (PID=19937) to work on /root/Projects/etlX/venv/lib/python3.9/site-packages/airflow/example_dags/example_latest_only.py
[2025-10-14 15:59:01,889] {processor.py:641} INFO - Processing file /root/Projects/etlX/venv/lib/python3.9/site-packages/airflow/example_dags/example_latest_only.py for tasks to queue
[2025-10-14 15:59:01,891] {logging_mixin.py:115} INFO - [2025-10-14 15:59:01,891] {dagbag.py:507} INFO - Filling up the DagBag from /root/Projects/etlX/venv/lib/python3.9/site-packages/airflow/example_dags/example_latest_only.py
[2025-10-14 15:59:01,900] {processor.py:651} INFO - DAG(s) dict_keys(['latest_only']) retrieved from /root/Projects/etlX/venv/lib/python3.9/site-packages/airflow/example_dags/example_latest_only.py
[2025-10-14 15:59:01,923] {logging_mixin.py:115} INFO - [2025-10-14 15:59:01,923] {dag.py:2379} INFO - Sync 1 DAGs
[2025-10-14 15:59:01,948] {logging_mixin.py:115} INFO - [2025-10-14 15:59:01,948] {dag.py:2927} INFO - Setting next_dagrun for latest_only to 2025-10-14T14:59:01.948424+00:00, run_after=2025-10-14T18:59:01.948424+00:00
[2025-10-14 15:59:01,964] {processor.py:161} INFO - Processing /root/Projects/etlX/venv/lib/python3.9/site-packages/airflow/example_dags/example_latest_only.py took 0.081 seconds
[2025-10-14 15:59:34,736] {processor.py:153} INFO - Started process (PID=20094) to work on /root/Projects/etlX/venv/lib/python3.9/site-packages/airflow/example_dags/example_latest_only.py
[2025-10-14 15:59:34,737] {processor.py:641} INFO - Processing file /root/Projects/etlX/venv/lib/python3.9/site-packages/airflow/example_dags/example_latest_only.py for tasks to queue
[2025-10-14 15:59:34,737] {logging_mixin.py:115} INFO - [2025-10-14 15:59:34,737] {dagbag.py:507} INFO - Filling up the DagBag from /root/Projects/etlX/venv/lib/python3.9/site-packages/airflow/example_dags/example_latest_only.py
[2025-10-14 15:59:34,745] {processor.py:651} INFO - DAG(s) dict_keys(['latest_only']) retrieved from /root/Projects/etlX/venv/lib/python3.9/site-packages/airflow/example_dags/example_latest_only.py
[2025-10-14 15:59:34,765] {logging_mixin.py:115} INFO - [2025-10-14 15:59:34,764] {dag.py:2379} INFO - Sync 1 DAGs
[2025-10-14 15:59:34,785] {logging_mixin.py:115} INFO - [2025-10-14 15:59:34,784] {dag.py:2927} INFO - Setting next_dagrun for latest_only to 2025-10-14T14:59:34.784604+00:00, run_after=2025-10-14T18:59:34.784604+00:00
[2025-10-14 15:59:34,795] {processor.py:161} INFO - Processing /root/Projects/etlX/venv/lib/python3.9/site-packages/airflow/example_dags/example_latest_only.py took 0.063 seconds
[2025-10-14 16:00:07,344] {processor.py:153} INFO - Started process (PID=20152) to work on /root/Projects/etlX/venv/lib/python3.9/site-packages/airflow/example_dags/example_latest_only.py
[2025-10-14 16:00:07,345] {processor.py:641} INFO - Processing file /root/Projects/etlX/venv/lib/python3.9/site-packages/airflow/example_dags/example_latest_only.py for tasks to queue
[2025-10-14 16:00:07,346] {logging_mixin.py:115} INFO - [2025-10-14 16:00:07,346] {dagbag.py:507} INFO - Filling up the DagBag from /root/Projects/etlX/venv/lib/python3.9/site-packages/airflow/example_dags/example_latest_only.py
[2025-10-14 16:00:07,356] {processor.py:651} INFO - DAG(s) dict_keys(['latest_only']) retrieved from /root/Projects/etlX/venv/lib/python3.9/site-packages/airflow/example_dags/example_latest_only.py
[2025-10-14 16:00:07,378] {logging_mixin.py:115} INFO - [2025-10-14 16:00:07,378] {dag.py:2379} INFO - Sync 1 DAGs
[2025-10-14 16:00:07,397] {logging_mixin.py:115} INFO - [2025-10-14 16:00:07,397] {dag.py:2927} INFO - Setting next_dagrun for latest_only to 2025-10-14T15:00:07.397368+00:00, run_after=2025-10-14T19:00:07.397368+00:00
[2025-10-14 16:00:07,408] {processor.py:161} INFO - Processing /root/Projects/etlX/venv/lib/python3.9/site-packages/airflow/example_dags/example_latest_only.py took 0.070 seconds
[2025-10-14 16:00:40,586] {processor.py:153} INFO - Started process (PID=20207) to work on /root/Projects/etlX/venv/lib/python3.9/site-packages/airflow/example_dags/example_latest_only.py
[2025-10-14 16:00:40,587] {processor.py:641} INFO - Processing file /root/Projects/etlX/venv/lib/python3.9/site-packages/airflow/example_dags/example_latest_only.py for tasks to queue
[2025-10-14 16:00:40,587] {logging_mixin.py:115} INFO - [2025-10-14 16:00:40,587] {dagbag.py:507} INFO - Filling up the DagBag from /root/Projects/etlX/venv/lib/python3.9/site-packages/airflow/example_dags/example_latest_only.py
[2025-10-14 16:00:40,595] {processor.py:651} INFO - DAG(s) dict_keys(['latest_only']) retrieved from /root/Projects/etlX/venv/lib/python3.9/site-packages/airflow/example_dags/example_latest_only.py
[2025-10-14 16:00:40,614] {logging_mixin.py:115} INFO - [2025-10-14 16:00:40,614] {dag.py:2379} INFO - Sync 1 DAGs
[2025-10-14 16:00:40,635] {logging_mixin.py:115} INFO - [2025-10-14 16:00:40,634] {dag.py:2927} INFO - Setting next_dagrun for latest_only to 2025-10-14T15:00:40.634647+00:00, run_after=2025-10-14T19:00:40.634647+00:00
[2025-10-14 16:00:40,646] {processor.py:161} INFO - Processing /root/Projects/etlX/venv/lib/python3.9/site-packages/airflow/example_dags/example_latest_only.py took 0.064 seconds
[2025-10-14 16:01:13,783] {processor.py:153} INFO - Started process (PID=20262) to work on /root/Projects/etlX/venv/lib/python3.9/site-packages/airflow/example_dags/example_latest_only.py
[2025-10-14 16:01:13,784] {processor.py:641} INFO - Processing file /root/Projects/etlX/venv/lib/python3.9/site-packages/airflow/example_dags/example_latest_only.py for tasks to queue
[2025-10-14 16:01:13,785] {logging_mixin.py:115} INFO - [2025-10-14 16:01:13,785] {dagbag.py:507} INFO - Filling up the DagBag from /root/Projects/etlX/venv/lib/python3.9/site-packages/airflow/example_dags/example_latest_only.py
[2025-10-14 16:01:13,792] {processor.py:651} INFO - DAG(s) dict_keys(['latest_only']) retrieved from /root/Projects/etlX/venv/lib/python3.9/site-packages/airflow/example_dags/example_latest_only.py
[2025-10-14 16:01:13,812] {logging_mixin.py:115} INFO - [2025-10-14 16:01:13,812] {dag.py:2379} INFO - Sync 1 DAGs
[2025-10-14 16:01:13,832] {logging_mixin.py:115} INFO - [2025-10-14 16:01:13,832] {dag.py:2927} INFO - Setting next_dagrun for latest_only to 2025-10-14T15:01:13.832264+00:00, run_after=2025-10-14T19:01:13.832264+00:00
[2025-10-14 16:01:13,844] {processor.py:161} INFO - Processing /root/Projects/etlX/venv/lib/python3.9/site-packages/airflow/example_dags/example_latest_only.py took 0.068 seconds
[2025-10-14 16:01:48,863] {processor.py:153} INFO - Started process (PID=20320) to work on /root/Projects/etlX/venv/lib/python3.9/site-packages/airflow/example_dags/example_latest_only.py
[2025-10-14 16:01:48,864] {processor.py:641} INFO - Processing file /root/Projects/etlX/venv/lib/python3.9/site-packages/airflow/example_dags/example_latest_only.py for tasks to queue
[2025-10-14 16:01:48,864] {logging_mixin.py:115} INFO - [2025-10-14 16:01:48,864] {dagbag.py:507} INFO - Filling up the DagBag from /root/Projects/etlX/venv/lib/python3.9/site-packages/airflow/example_dags/example_latest_only.py
[2025-10-14 16:01:48,875] {processor.py:651} INFO - DAG(s) dict_keys(['latest_only']) retrieved from /root/Projects/etlX/venv/lib/python3.9/site-packages/airflow/example_dags/example_latest_only.py
[2025-10-14 16:01:48,897] {logging_mixin.py:115} INFO - [2025-10-14 16:01:48,897] {dag.py:2379} INFO - Sync 1 DAGs
[2025-10-14 16:01:48,916] {logging_mixin.py:115} INFO - [2025-10-14 16:01:48,916] {dag.py:2927} INFO - Setting next_dagrun for latest_only to 2025-10-14T15:01:48.915851+00:00, run_after=2025-10-14T19:01:48.915851+00:00
[2025-10-14 16:01:48,927] {processor.py:161} INFO - Processing /root/Projects/etlX/venv/lib/python3.9/site-packages/airflow/example_dags/example_latest_only.py took 0.070 seconds
[2025-10-14 16:02:23,809] {processor.py:153} INFO - Started process (PID=20379) to work on /root/Projects/etlX/venv/lib/python3.9/site-packages/airflow/example_dags/example_latest_only.py
[2025-10-14 16:02:23,810] {processor.py:641} INFO - Processing file /root/Projects/etlX/venv/lib/python3.9/site-packages/airflow/example_dags/example_latest_only.py for tasks to queue
[2025-10-14 16:02:23,810] {logging_mixin.py:115} INFO - [2025-10-14 16:02:23,810] {dagbag.py:507} INFO - Filling up the DagBag from /root/Projects/etlX/venv/lib/python3.9/site-packages/airflow/example_dags/example_latest_only.py
[2025-10-14 16:02:23,818] {processor.py:651} INFO - DAG(s) dict_keys(['latest_only']) retrieved from /root/Projects/etlX/venv/lib/python3.9/site-packages/airflow/example_dags/example_latest_only.py
[2025-10-14 16:02:23,841] {logging_mixin.py:115} INFO - [2025-10-14 16:02:23,841] {dag.py:2379} INFO - Sync 1 DAGs
[2025-10-14 16:02:23,861] {logging_mixin.py:115} INFO - [2025-10-14 16:02:23,861] {dag.py:2927} INFO - Setting next_dagrun for latest_only to 2025-10-14T15:02:23.861480+00:00, run_after=2025-10-14T19:02:23.861480+00:00
[2025-10-14 16:02:23,873] {processor.py:161} INFO - Processing /root/Projects/etlX/venv/lib/python3.9/site-packages/airflow/example_dags/example_latest_only.py took 0.068 seconds
[2025-10-14 16:02:57,459] {processor.py:153} INFO - Started process (PID=20437) to work on /root/Projects/etlX/venv/lib/python3.9/site-packages/airflow/example_dags/example_latest_only.py
[2025-10-14 16:02:57,460] {processor.py:641} INFO - Processing file /root/Projects/etlX/venv/lib/python3.9/site-packages/airflow/example_dags/example_latest_only.py for tasks to queue
[2025-10-14 16:02:57,461] {logging_mixin.py:115} INFO - [2025-10-14 16:02:57,461] {dagbag.py:507} INFO - Filling up the DagBag from /root/Projects/etlX/venv/lib/python3.9/site-packages/airflow/example_dags/example_latest_only.py
[2025-10-14 16:02:57,470] {processor.py:651} INFO - DAG(s) dict_keys(['latest_only']) retrieved from /root/Projects/etlX/venv/lib/python3.9/site-packages/airflow/example_dags/example_latest_only.py
[2025-10-14 16:02:57,490] {logging_mixin.py:115} INFO - [2025-10-14 16:02:57,490] {dag.py:2379} INFO - Sync 1 DAGs
[2025-10-14 16:02:57,509] {logging_mixin.py:115} INFO - [2025-10-14 16:02:57,509] {dag.py:2927} INFO - Setting next_dagrun for latest_only to 2025-10-14T15:02:57.509229+00:00, run_after=2025-10-14T19:02:57.509229+00:00
[2025-10-14 16:02:57,520] {processor.py:161} INFO - Processing /root/Projects/etlX/venv/lib/python3.9/site-packages/airflow/example_dags/example_latest_only.py took 0.070 seconds
[2025-10-14 16:03:30,710] {processor.py:153} INFO - Started process (PID=20492) to work on /root/Projects/etlX/venv/lib/python3.9/site-packages/airflow/example_dags/example_latest_only.py
[2025-10-14 16:03:30,711] {processor.py:641} INFO - Processing file /root/Projects/etlX/venv/lib/python3.9/site-packages/airflow/example_dags/example_latest_only.py for tasks to queue
[2025-10-14 16:03:30,712] {logging_mixin.py:115} INFO - [2025-10-14 16:03:30,712] {dagbag.py:507} INFO - Filling up the DagBag from /root/Projects/etlX/venv/lib/python3.9/site-packages/airflow/example_dags/example_latest_only.py
[2025-10-14 16:03:30,719] {processor.py:651} INFO - DAG(s) dict_keys(['latest_only']) retrieved from /root/Projects/etlX/venv/lib/python3.9/site-packages/airflow/example_dags/example_latest_only.py
[2025-10-14 16:03:30,741] {logging_mixin.py:115} INFO - [2025-10-14 16:03:30,741] {dag.py:2379} INFO - Sync 1 DAGs
[2025-10-14 16:03:30,764] {logging_mixin.py:115} INFO - [2025-10-14 16:03:30,764] {dag.py:2927} INFO - Setting next_dagrun for latest_only to 2025-10-14T15:03:30.763960+00:00, run_after=2025-10-14T19:03:30.763960+00:00
[2025-10-14 16:03:30,776] {processor.py:161} INFO - Processing /root/Projects/etlX/venv/lib/python3.9/site-packages/airflow/example_dags/example_latest_only.py took 0.070 seconds
[2025-10-14 16:04:06,838] {processor.py:153} INFO - Started process (PID=20603) to work on /root/Projects/etlX/venv/lib/python3.9/site-packages/airflow/example_dags/example_latest_only.py
[2025-10-14 16:04:06,838] {processor.py:641} INFO - Processing file /root/Projects/etlX/venv/lib/python3.9/site-packages/airflow/example_dags/example_latest_only.py for tasks to queue
[2025-10-14 16:04:06,839] {logging_mixin.py:115} INFO - [2025-10-14 16:04:06,839] {dagbag.py:507} INFO - Filling up the DagBag from /root/Projects/etlX/venv/lib/python3.9/site-packages/airflow/example_dags/example_latest_only.py
[2025-10-14 16:04:06,846] {processor.py:651} INFO - DAG(s) dict_keys(['latest_only']) retrieved from /root/Projects/etlX/venv/lib/python3.9/site-packages/airflow/example_dags/example_latest_only.py
[2025-10-14 16:04:06,865] {logging_mixin.py:115} INFO - [2025-10-14 16:04:06,865] {dag.py:2379} INFO - Sync 1 DAGs
[2025-10-14 16:04:06,885] {logging_mixin.py:115} INFO - [2025-10-14 16:04:06,884] {dag.py:2927} INFO - Setting next_dagrun for latest_only to 2025-10-14T15:04:06.884655+00:00, run_after=2025-10-14T19:04:06.884655+00:00
[2025-10-14 16:04:06,896] {processor.py:161} INFO - Processing /root/Projects/etlX/venv/lib/python3.9/site-packages/airflow/example_dags/example_latest_only.py took 0.062 seconds
[2025-10-14 16:04:40,312] {processor.py:153} INFO - Started process (PID=20662) to work on /root/Projects/etlX/venv/lib/python3.9/site-packages/airflow/example_dags/example_latest_only.py
[2025-10-14 16:04:40,313] {processor.py:641} INFO - Processing file /root/Projects/etlX/venv/lib/python3.9/site-packages/airflow/example_dags/example_latest_only.py for tasks to queue
[2025-10-14 16:04:40,314] {logging_mixin.py:115} INFO - [2025-10-14 16:04:40,313] {dagbag.py:507} INFO - Filling up the DagBag from /root/Projects/etlX/venv/lib/python3.9/site-packages/airflow/example_dags/example_latest_only.py
[2025-10-14 16:04:40,321] {processor.py:651} INFO - DAG(s) dict_keys(['latest_only']) retrieved from /root/Projects/etlX/venv/lib/python3.9/site-packages/airflow/example_dags/example_latest_only.py
[2025-10-14 16:04:40,341] {logging_mixin.py:115} INFO - [2025-10-14 16:04:40,341] {dag.py:2379} INFO - Sync 1 DAGs
[2025-10-14 16:04:40,360] {logging_mixin.py:115} INFO - [2025-10-14 16:04:40,360] {dag.py:2927} INFO - Setting next_dagrun for latest_only to 2025-10-14T15:04:40.360083+00:00, run_after=2025-10-14T19:04:40.360083+00:00
[2025-10-14 16:04:40,371] {processor.py:161} INFO - Processing /root/Projects/etlX/venv/lib/python3.9/site-packages/airflow/example_dags/example_latest_only.py took 0.063 seconds
[2025-10-14 16:05:14,384] {processor.py:153} INFO - Started process (PID=20721) to work on /root/Projects/etlX/venv/lib/python3.9/site-packages/airflow/example_dags/example_latest_only.py
[2025-10-14 16:05:14,384] {processor.py:641} INFO - Processing file /root/Projects/etlX/venv/lib/python3.9/site-packages/airflow/example_dags/example_latest_only.py for tasks to queue
[2025-10-14 16:05:14,385] {logging_mixin.py:115} INFO - [2025-10-14 16:05:14,385] {dagbag.py:507} INFO - Filling up the DagBag from /root/Projects/etlX/venv/lib/python3.9/site-packages/airflow/example_dags/example_latest_only.py
[2025-10-14 16:05:14,392] {processor.py:651} INFO - DAG(s) dict_keys(['latest_only']) retrieved from /root/Projects/etlX/venv/lib/python3.9/site-packages/airflow/example_dags/example_latest_only.py
[2025-10-14 16:05:14,413] {logging_mixin.py:115} INFO - [2025-10-14 16:05:14,412] {dag.py:2379} INFO - Sync 1 DAGs
[2025-10-14 16:05:14,432] {logging_mixin.py:115} INFO - [2025-10-14 16:05:14,432] {dag.py:2927} INFO - Setting next_dagrun for latest_only to 2025-10-14T15:05:14.432079+00:00, run_after=2025-10-14T19:05:14.432079+00:00
[2025-10-14 16:05:14,443] {processor.py:161} INFO - Processing /root/Projects/etlX/venv/lib/python3.9/site-packages/airflow/example_dags/example_latest_only.py took 0.064 seconds
[2025-10-14 16:05:49,026] {processor.py:153} INFO - Started process (PID=20777) to work on /root/Projects/etlX/venv/lib/python3.9/site-packages/airflow/example_dags/example_latest_only.py
[2025-10-14 16:05:49,028] {processor.py:641} INFO - Processing file /root/Projects/etlX/venv/lib/python3.9/site-packages/airflow/example_dags/example_latest_only.py for tasks to queue
[2025-10-14 16:05:49,029] {logging_mixin.py:115} INFO - [2025-10-14 16:05:49,029] {dagbag.py:507} INFO - Filling up the DagBag from /root/Projects/etlX/venv/lib/python3.9/site-packages/airflow/example_dags/example_latest_only.py
[2025-10-14 16:05:49,044] {processor.py:651} INFO - DAG(s) dict_keys(['latest_only']) retrieved from /root/Projects/etlX/venv/lib/python3.9/site-packages/airflow/example_dags/example_latest_only.py
[2025-10-14 16:05:49,074] {logging_mixin.py:115} INFO - [2025-10-14 16:05:49,074] {dag.py:2379} INFO - Sync 1 DAGs
[2025-10-14 16:05:49,092] {logging_mixin.py:115} INFO - [2025-10-14 16:05:49,092] {dag.py:2927} INFO - Setting next_dagrun for latest_only to 2025-10-14T15:05:49.092549+00:00, run_after=2025-10-14T19:05:49.092549+00:00
[2025-10-14 16:05:49,103] {processor.py:161} INFO - Processing /root/Projects/etlX/venv/lib/python3.9/site-packages/airflow/example_dags/example_latest_only.py took 0.086 seconds
[2025-10-14 16:06:21,879] {processor.py:153} INFO - Started process (PID=20835) to work on /root/Projects/etlX/venv/lib/python3.9/site-packages/airflow/example_dags/example_latest_only.py
[2025-10-14 16:06:21,880] {processor.py:641} INFO - Processing file /root/Projects/etlX/venv/lib/python3.9/site-packages/airflow/example_dags/example_latest_only.py for tasks to queue
[2025-10-14 16:06:21,881] {logging_mixin.py:115} INFO - [2025-10-14 16:06:21,880] {dagbag.py:507} INFO - Filling up the DagBag from /root/Projects/etlX/venv/lib/python3.9/site-packages/airflow/example_dags/example_latest_only.py
[2025-10-14 16:06:21,889] {processor.py:651} INFO - DAG(s) dict_keys(['latest_only']) retrieved from /root/Projects/etlX/venv/lib/python3.9/site-packages/airflow/example_dags/example_latest_only.py
[2025-10-14 16:06:21,908] {logging_mixin.py:115} INFO - [2025-10-14 16:06:21,908] {dag.py:2379} INFO - Sync 1 DAGs
[2025-10-14 16:06:21,928] {logging_mixin.py:115} INFO - [2025-10-14 16:06:21,928] {dag.py:2927} INFO - Setting next_dagrun for latest_only to 2025-10-14T15:06:21.927692+00:00, run_after=2025-10-14T19:06:21.927692+00:00
[2025-10-14 16:06:21,939] {processor.py:161} INFO - Processing /root/Projects/etlX/venv/lib/python3.9/site-packages/airflow/example_dags/example_latest_only.py took 0.066 seconds
[2025-10-14 16:06:57,827] {processor.py:153} INFO - Started process (PID=20894) to work on /root/Projects/etlX/venv/lib/python3.9/site-packages/airflow/example_dags/example_latest_only.py
[2025-10-14 16:06:57,828] {processor.py:641} INFO - Processing file /root/Projects/etlX/venv/lib/python3.9/site-packages/airflow/example_dags/example_latest_only.py for tasks to queue
[2025-10-14 16:06:57,829] {logging_mixin.py:115} INFO - [2025-10-14 16:06:57,829] {dagbag.py:507} INFO - Filling up the DagBag from /root/Projects/etlX/venv/lib/python3.9/site-packages/airflow/example_dags/example_latest_only.py
[2025-10-14 16:06:57,837] {processor.py:651} INFO - DAG(s) dict_keys(['latest_only']) retrieved from /root/Projects/etlX/venv/lib/python3.9/site-packages/airflow/example_dags/example_latest_only.py
[2025-10-14 16:06:57,858] {logging_mixin.py:115} INFO - [2025-10-14 16:06:57,858] {dag.py:2379} INFO - Sync 1 DAGs
[2025-10-14 16:06:57,878] {logging_mixin.py:115} INFO - [2025-10-14 16:06:57,878] {dag.py:2927} INFO - Setting next_dagrun for latest_only to 2025-10-14T15:06:57.878287+00:00, run_after=2025-10-14T19:06:57.878287+00:00
[2025-10-14 16:06:57,889] {processor.py:161} INFO - Processing /root/Projects/etlX/venv/lib/python3.9/site-packages/airflow/example_dags/example_latest_only.py took 0.066 seconds
[2025-10-14 16:07:32,365] {processor.py:153} INFO - Started process (PID=21078) to work on /root/Projects/etlX/venv/lib/python3.9/site-packages/airflow/example_dags/example_latest_only.py
[2025-10-14 16:07:32,365] {processor.py:641} INFO - Processing file /root/Projects/etlX/venv/lib/python3.9/site-packages/airflow/example_dags/example_latest_only.py for tasks to queue
[2025-10-14 16:07:32,366] {logging_mixin.py:115} INFO - [2025-10-14 16:07:32,366] {dagbag.py:507} INFO - Filling up the DagBag from /root/Projects/etlX/venv/lib/python3.9/site-packages/airflow/example_dags/example_latest_only.py
[2025-10-14 16:07:32,374] {processor.py:651} INFO - DAG(s) dict_keys(['latest_only']) retrieved from /root/Projects/etlX/venv/lib/python3.9/site-packages/airflow/example_dags/example_latest_only.py
[2025-10-14 16:07:32,393] {logging_mixin.py:115} INFO - [2025-10-14 16:07:32,393] {dag.py:2379} INFO - Sync 1 DAGs
[2025-10-14 16:07:32,412] {logging_mixin.py:115} INFO - [2025-10-14 16:07:32,412] {dag.py:2927} INFO - Setting next_dagrun for latest_only to 2025-10-14T15:07:32.412270+00:00, run_after=2025-10-14T19:07:32.412270+00:00
[2025-10-14 16:07:32,424] {processor.py:161} INFO - Processing /root/Projects/etlX/venv/lib/python3.9/site-packages/airflow/example_dags/example_latest_only.py took 0.063 seconds
[2025-10-14 16:08:06,283] {processor.py:153} INFO - Started process (PID=21391) to work on /root/Projects/etlX/venv/lib/python3.9/site-packages/airflow/example_dags/example_latest_only.py
[2025-10-14 16:08:06,284] {processor.py:641} INFO - Processing file /root/Projects/etlX/venv/lib/python3.9/site-packages/airflow/example_dags/example_latest_only.py for tasks to queue
[2025-10-14 16:08:06,285] {logging_mixin.py:115} INFO - [2025-10-14 16:08:06,284] {dagbag.py:507} INFO - Filling up the DagBag from /root/Projects/etlX/venv/lib/python3.9/site-packages/airflow/example_dags/example_latest_only.py
[2025-10-14 16:08:06,292] {processor.py:651} INFO - DAG(s) dict_keys(['latest_only']) retrieved from /root/Projects/etlX/venv/lib/python3.9/site-packages/airflow/example_dags/example_latest_only.py
[2025-10-14 16:08:06,312] {logging_mixin.py:115} INFO - [2025-10-14 16:08:06,312] {dag.py:2379} INFO - Sync 1 DAGs
[2025-10-14 16:08:06,332] {logging_mixin.py:115} INFO - [2025-10-14 16:08:06,332] {dag.py:2927} INFO - Setting next_dagrun for latest_only to 2025-10-14T15:08:06.332256+00:00, run_after=2025-10-14T19:08:06.332256+00:00
[2025-10-14 16:08:06,344] {processor.py:161} INFO - Processing /root/Projects/etlX/venv/lib/python3.9/site-packages/airflow/example_dags/example_latest_only.py took 0.066 seconds
[2025-10-14 16:08:42,434] {processor.py:153} INFO - Started process (PID=21582) to work on /root/Projects/etlX/venv/lib/python3.9/site-packages/airflow/example_dags/example_latest_only.py
[2025-10-14 16:08:42,435] {processor.py:641} INFO - Processing file /root/Projects/etlX/venv/lib/python3.9/site-packages/airflow/example_dags/example_latest_only.py for tasks to queue
[2025-10-14 16:08:42,436] {logging_mixin.py:115} INFO - [2025-10-14 16:08:42,436] {dagbag.py:507} INFO - Filling up the DagBag from /root/Projects/etlX/venv/lib/python3.9/site-packages/airflow/example_dags/example_latest_only.py
[2025-10-14 16:08:42,449] {processor.py:651} INFO - DAG(s) dict_keys(['latest_only']) retrieved from /root/Projects/etlX/venv/lib/python3.9/site-packages/airflow/example_dags/example_latest_only.py
[2025-10-14 16:08:42,474] {logging_mixin.py:115} INFO - [2025-10-14 16:08:42,474] {dag.py:2379} INFO - Sync 1 DAGs
[2025-10-14 16:08:42,494] {logging_mixin.py:115} INFO - [2025-10-14 16:08:42,493] {dag.py:2927} INFO - Setting next_dagrun for latest_only to 2025-10-14T15:08:42.493641+00:00, run_after=2025-10-14T19:08:42.493641+00:00
[2025-10-14 16:08:42,504] {processor.py:161} INFO - Processing /root/Projects/etlX/venv/lib/python3.9/site-packages/airflow/example_dags/example_latest_only.py took 0.079 seconds
[2025-10-14 16:25:36,009] {processor.py:153} INFO - Started process (PID=22789) to work on /root/Projects/etlX/venv/lib/python3.9/site-packages/airflow/example_dags/example_latest_only.py
[2025-10-14 16:25:36,010] {processor.py:641} INFO - Processing file /root/Projects/etlX/venv/lib/python3.9/site-packages/airflow/example_dags/example_latest_only.py for tasks to queue
[2025-10-14 16:25:36,011] {logging_mixin.py:115} INFO - [2025-10-14 16:25:36,011] {dagbag.py:507} INFO - Filling up the DagBag from /root/Projects/etlX/venv/lib/python3.9/site-packages/airflow/example_dags/example_latest_only.py
[2025-10-14 16:25:36,019] {processor.py:651} INFO - DAG(s) dict_keys(['latest_only']) retrieved from /root/Projects/etlX/venv/lib/python3.9/site-packages/airflow/example_dags/example_latest_only.py
[2025-10-14 16:25:36,041] {logging_mixin.py:115} INFO - [2025-10-14 16:25:36,041] {dag.py:2379} INFO - Sync 1 DAGs
[2025-10-14 16:25:36,062] {logging_mixin.py:115} INFO - [2025-10-14 16:25:36,062] {dag.py:2927} INFO - Setting next_dagrun for latest_only to 2025-10-14T15:25:36.062380+00:00, run_after=2025-10-14T19:25:36.062380+00:00
[2025-10-14 16:25:36,074] {processor.py:161} INFO - Processing /root/Projects/etlX/venv/lib/python3.9/site-packages/airflow/example_dags/example_latest_only.py took 0.071 seconds
[2025-10-14 16:26:11,020] {processor.py:153} INFO - Started process (PID=22893) to work on /root/Projects/etlX/venv/lib/python3.9/site-packages/airflow/example_dags/example_latest_only.py
[2025-10-14 16:26:11,021] {processor.py:641} INFO - Processing file /root/Projects/etlX/venv/lib/python3.9/site-packages/airflow/example_dags/example_latest_only.py for tasks to queue
[2025-10-14 16:26:11,021] {logging_mixin.py:115} INFO - [2025-10-14 16:26:11,021] {dagbag.py:507} INFO - Filling up the DagBag from /root/Projects/etlX/venv/lib/python3.9/site-packages/airflow/example_dags/example_latest_only.py
[2025-10-14 16:26:11,029] {processor.py:651} INFO - DAG(s) dict_keys(['latest_only']) retrieved from /root/Projects/etlX/venv/lib/python3.9/site-packages/airflow/example_dags/example_latest_only.py
[2025-10-14 16:26:11,050] {logging_mixin.py:115} INFO - [2025-10-14 16:26:11,050] {dag.py:2379} INFO - Sync 1 DAGs
[2025-10-14 16:26:11,072] {logging_mixin.py:115} INFO - [2025-10-14 16:26:11,072] {dag.py:2927} INFO - Setting next_dagrun for latest_only to 2025-10-14T15:26:11.072389+00:00, run_after=2025-10-14T19:26:11.072389+00:00
[2025-10-14 16:26:11,086] {processor.py:161} INFO - Processing /root/Projects/etlX/venv/lib/python3.9/site-packages/airflow/example_dags/example_latest_only.py took 0.074 seconds
[2025-10-14 16:26:45,294] {processor.py:153} INFO - Started process (PID=22948) to work on /root/Projects/etlX/venv/lib/python3.9/site-packages/airflow/example_dags/example_latest_only.py
[2025-10-14 16:26:45,294] {processor.py:641} INFO - Processing file /root/Projects/etlX/venv/lib/python3.9/site-packages/airflow/example_dags/example_latest_only.py for tasks to queue
[2025-10-14 16:26:45,295] {logging_mixin.py:115} INFO - [2025-10-14 16:26:45,295] {dagbag.py:507} INFO - Filling up the DagBag from /root/Projects/etlX/venv/lib/python3.9/site-packages/airflow/example_dags/example_latest_only.py
[2025-10-14 16:26:45,303] {processor.py:651} INFO - DAG(s) dict_keys(['latest_only']) retrieved from /root/Projects/etlX/venv/lib/python3.9/site-packages/airflow/example_dags/example_latest_only.py
[2025-10-14 16:26:45,324] {logging_mixin.py:115} INFO - [2025-10-14 16:26:45,324] {dag.py:2379} INFO - Sync 1 DAGs
[2025-10-14 16:26:45,345] {logging_mixin.py:115} INFO - [2025-10-14 16:26:45,345] {dag.py:2927} INFO - Setting next_dagrun for latest_only to 2025-10-14T15:26:45.344922+00:00, run_after=2025-10-14T19:26:45.344922+00:00
[2025-10-14 16:26:45,357] {processor.py:161} INFO - Processing /root/Projects/etlX/venv/lib/python3.9/site-packages/airflow/example_dags/example_latest_only.py took 0.067 seconds
[2025-10-14 16:27:18,332] {processor.py:153} INFO - Started process (PID=23006) to work on /root/Projects/etlX/venv/lib/python3.9/site-packages/airflow/example_dags/example_latest_only.py
[2025-10-14 16:27:18,333] {processor.py:641} INFO - Processing file /root/Projects/etlX/venv/lib/python3.9/site-packages/airflow/example_dags/example_latest_only.py for tasks to queue
[2025-10-14 16:27:18,334] {logging_mixin.py:115} INFO - [2025-10-14 16:27:18,333] {dagbag.py:507} INFO - Filling up the DagBag from /root/Projects/etlX/venv/lib/python3.9/site-packages/airflow/example_dags/example_latest_only.py
[2025-10-14 16:27:18,344] {processor.py:651} INFO - DAG(s) dict_keys(['latest_only']) retrieved from /root/Projects/etlX/venv/lib/python3.9/site-packages/airflow/example_dags/example_latest_only.py
[2025-10-14 16:27:18,363] {logging_mixin.py:115} INFO - [2025-10-14 16:27:18,363] {dag.py:2379} INFO - Sync 1 DAGs
[2025-10-14 16:27:18,383] {logging_mixin.py:115} INFO - [2025-10-14 16:27:18,382] {dag.py:2927} INFO - Setting next_dagrun for latest_only to 2025-10-14T15:27:18.382676+00:00, run_after=2025-10-14T19:27:18.382676+00:00
[2025-10-14 16:27:18,393] {processor.py:161} INFO - Processing /root/Projects/etlX/venv/lib/python3.9/site-packages/airflow/example_dags/example_latest_only.py took 0.069 seconds
[2025-10-14 16:27:53,933] {processor.py:153} INFO - Started process (PID=23167) to work on /root/Projects/etlX/venv/lib/python3.9/site-packages/airflow/example_dags/example_latest_only.py
[2025-10-14 16:27:53,934] {processor.py:641} INFO - Processing file /root/Projects/etlX/venv/lib/python3.9/site-packages/airflow/example_dags/example_latest_only.py for tasks to queue
[2025-10-14 16:27:53,934] {logging_mixin.py:115} INFO - [2025-10-14 16:27:53,934] {dagbag.py:507} INFO - Filling up the DagBag from /root/Projects/etlX/venv/lib/python3.9/site-packages/airflow/example_dags/example_latest_only.py
[2025-10-14 16:27:53,942] {processor.py:651} INFO - DAG(s) dict_keys(['latest_only']) retrieved from /root/Projects/etlX/venv/lib/python3.9/site-packages/airflow/example_dags/example_latest_only.py
[2025-10-14 16:27:53,964] {logging_mixin.py:115} INFO - [2025-10-14 16:27:53,964] {dag.py:2379} INFO - Sync 1 DAGs
[2025-10-14 16:27:53,988] {logging_mixin.py:115} INFO - [2025-10-14 16:27:53,988] {dag.py:2927} INFO - Setting next_dagrun for latest_only to 2025-10-14T15:27:53.988490+00:00, run_after=2025-10-14T19:27:53.988490+00:00
[2025-10-14 16:27:54,001] {processor.py:161} INFO - Processing /root/Projects/etlX/venv/lib/python3.9/site-packages/airflow/example_dags/example_latest_only.py took 0.073 seconds
[2025-10-14 16:28:28,436] {processor.py:153} INFO - Started process (PID=23326) to work on /root/Projects/etlX/venv/lib/python3.9/site-packages/airflow/example_dags/example_latest_only.py
[2025-10-14 16:28:28,437] {processor.py:641} INFO - Processing file /root/Projects/etlX/venv/lib/python3.9/site-packages/airflow/example_dags/example_latest_only.py for tasks to queue
[2025-10-14 16:28:28,438] {logging_mixin.py:115} INFO - [2025-10-14 16:28:28,437] {dagbag.py:507} INFO - Filling up the DagBag from /root/Projects/etlX/venv/lib/python3.9/site-packages/airflow/example_dags/example_latest_only.py
[2025-10-14 16:28:28,445] {processor.py:651} INFO - DAG(s) dict_keys(['latest_only']) retrieved from /root/Projects/etlX/venv/lib/python3.9/site-packages/airflow/example_dags/example_latest_only.py
[2025-10-14 16:28:28,466] {logging_mixin.py:115} INFO - [2025-10-14 16:28:28,466] {dag.py:2379} INFO - Sync 1 DAGs
[2025-10-14 16:28:28,486] {logging_mixin.py:115} INFO - [2025-10-14 16:28:28,486] {dag.py:2927} INFO - Setting next_dagrun for latest_only to 2025-10-14T15:28:28.486556+00:00, run_after=2025-10-14T19:28:28.486556+00:00
[2025-10-14 16:28:28,498] {processor.py:161} INFO - Processing /root/Projects/etlX/venv/lib/python3.9/site-packages/airflow/example_dags/example_latest_only.py took 0.067 seconds
[2025-10-14 16:29:02,788] {processor.py:153} INFO - Started process (PID=23385) to work on /root/Projects/etlX/venv/lib/python3.9/site-packages/airflow/example_dags/example_latest_only.py
[2025-10-14 16:29:02,789] {processor.py:641} INFO - Processing file /root/Projects/etlX/venv/lib/python3.9/site-packages/airflow/example_dags/example_latest_only.py for tasks to queue
[2025-10-14 16:29:02,789] {logging_mixin.py:115} INFO - [2025-10-14 16:29:02,789] {dagbag.py:507} INFO - Filling up the DagBag from /root/Projects/etlX/venv/lib/python3.9/site-packages/airflow/example_dags/example_latest_only.py
[2025-10-14 16:29:02,798] {processor.py:651} INFO - DAG(s) dict_keys(['latest_only']) retrieved from /root/Projects/etlX/venv/lib/python3.9/site-packages/airflow/example_dags/example_latest_only.py
[2025-10-14 16:29:02,821] {logging_mixin.py:115} INFO - [2025-10-14 16:29:02,820] {dag.py:2379} INFO - Sync 1 DAGs
[2025-10-14 16:29:02,844] {logging_mixin.py:115} INFO - [2025-10-14 16:29:02,844] {dag.py:2927} INFO - Setting next_dagrun for latest_only to 2025-10-14T15:29:02.843707+00:00, run_after=2025-10-14T19:29:02.843707+00:00
[2025-10-14 16:29:02,858] {processor.py:161} INFO - Processing /root/Projects/etlX/venv/lib/python3.9/site-packages/airflow/example_dags/example_latest_only.py took 0.075 seconds
[2025-10-14 16:29:36,968] {processor.py:153} INFO - Started process (PID=23604) to work on /root/Projects/etlX/venv/lib/python3.9/site-packages/airflow/example_dags/example_latest_only.py
[2025-10-14 16:29:36,968] {processor.py:641} INFO - Processing file /root/Projects/etlX/venv/lib/python3.9/site-packages/airflow/example_dags/example_latest_only.py for tasks to queue
[2025-10-14 16:29:36,969] {logging_mixin.py:115} INFO - [2025-10-14 16:29:36,969] {dagbag.py:507} INFO - Filling up the DagBag from /root/Projects/etlX/venv/lib/python3.9/site-packages/airflow/example_dags/example_latest_only.py
[2025-10-14 16:29:36,980] {processor.py:651} INFO - DAG(s) dict_keys(['latest_only']) retrieved from /root/Projects/etlX/venv/lib/python3.9/site-packages/airflow/example_dags/example_latest_only.py
[2025-10-14 16:29:37,004] {logging_mixin.py:115} INFO - [2025-10-14 16:29:37,004] {dag.py:2379} INFO - Sync 1 DAGs
[2025-10-14 16:29:37,026] {logging_mixin.py:115} INFO - [2025-10-14 16:29:37,026] {dag.py:2927} INFO - Setting next_dagrun for latest_only to 2025-10-14T15:29:37.026118+00:00, run_after=2025-10-14T19:29:37.026118+00:00
[2025-10-14 16:29:37,039] {processor.py:161} INFO - Processing /root/Projects/etlX/venv/lib/python3.9/site-packages/airflow/example_dags/example_latest_only.py took 0.075 seconds
