[2025-10-14 14:57:19,084] {processor.py:153} INFO - Started process (PID=13393) to work on /root/Projects/etlX/venv/lib/python3.9/site-packages/airflow/example_dags/example_dag_decorator.py
[2025-10-14 14:57:19,085] {processor.py:641} INFO - Processing file /root/Projects/etlX/venv/lib/python3.9/site-packages/airflow/example_dags/example_dag_decorator.py for tasks to queue
[2025-10-14 14:57:19,086] {logging_mixin.py:115} INFO - [2025-10-14 14:57:19,086] {dagbag.py:507} INFO - Filling up the DagBag from /root/Projects/etlX/venv/lib/python3.9/site-packages/airflow/example_dags/example_dag_decorator.py
[2025-10-14 14:57:19,114] {processor.py:651} INFO - DAG(s) dict_keys(['example_dag_decorator']) retrieved from /root/Projects/etlX/venv/lib/python3.9/site-packages/airflow/example_dags/example_dag_decorator.py
[2025-10-14 14:57:19,174] {logging_mixin.py:115} INFO - [2025-10-14 14:57:19,174] {manager.py:508} INFO - Created Permission View: can read on DAG:example_dag_decorator
[2025-10-14 14:57:19,182] {logging_mixin.py:115} INFO - [2025-10-14 14:57:19,182] {manager.py:508} INFO - Created Permission View: can edit on DAG:example_dag_decorator
[2025-10-14 14:57:19,188] {logging_mixin.py:115} INFO - [2025-10-14 14:57:19,188] {manager.py:508} INFO - Created Permission View: can delete on DAG:example_dag_decorator
[2025-10-14 14:57:19,188] {logging_mixin.py:115} INFO - [2025-10-14 14:57:19,188] {dag.py:2379} INFO - Sync 1 DAGs
[2025-10-14 14:57:19,195] {logging_mixin.py:115} INFO - [2025-10-14 14:57:19,194] {dag.py:2398} INFO - Creating ORM DAG for example_dag_decorator
[2025-10-14 14:57:19,203] {logging_mixin.py:115} INFO - [2025-10-14 14:57:19,203] {dag.py:2927} INFO - Setting next_dagrun for example_dag_decorator to None, run_after=None
[2025-10-14 14:57:19,214] {processor.py:161} INFO - Processing /root/Projects/etlX/venv/lib/python3.9/site-packages/airflow/example_dags/example_dag_decorator.py took 0.134 seconds
[2025-10-14 14:57:54,085] {processor.py:153} INFO - Started process (PID=13550) to work on /root/Projects/etlX/venv/lib/python3.9/site-packages/airflow/example_dags/example_dag_decorator.py
[2025-10-14 14:57:54,087] {processor.py:641} INFO - Processing file /root/Projects/etlX/venv/lib/python3.9/site-packages/airflow/example_dags/example_dag_decorator.py for tasks to queue
[2025-10-14 14:57:54,087] {logging_mixin.py:115} INFO - [2025-10-14 14:57:54,087] {dagbag.py:507} INFO - Filling up the DagBag from /root/Projects/etlX/venv/lib/python3.9/site-packages/airflow/example_dags/example_dag_decorator.py
[2025-10-14 14:57:54,126] {processor.py:651} INFO - DAG(s) dict_keys(['example_dag_decorator']) retrieved from /root/Projects/etlX/venv/lib/python3.9/site-packages/airflow/example_dags/example_dag_decorator.py
[2025-10-14 14:57:54,186] {logging_mixin.py:115} INFO - [2025-10-14 14:57:54,186] {dag.py:2379} INFO - Sync 1 DAGs
[2025-10-14 14:57:54,204] {logging_mixin.py:115} INFO - [2025-10-14 14:57:54,204] {dag.py:2927} INFO - Setting next_dagrun for example_dag_decorator to None, run_after=None
[2025-10-14 14:57:54,219] {processor.py:161} INFO - Processing /root/Projects/etlX/venv/lib/python3.9/site-packages/airflow/example_dags/example_dag_decorator.py took 0.139 seconds
[2025-10-14 14:58:28,933] {processor.py:153} INFO - Started process (PID=13710) to work on /root/Projects/etlX/venv/lib/python3.9/site-packages/airflow/example_dags/example_dag_decorator.py
[2025-10-14 14:58:28,934] {processor.py:641} INFO - Processing file /root/Projects/etlX/venv/lib/python3.9/site-packages/airflow/example_dags/example_dag_decorator.py for tasks to queue
[2025-10-14 14:58:28,935] {logging_mixin.py:115} INFO - [2025-10-14 14:58:28,935] {dagbag.py:507} INFO - Filling up the DagBag from /root/Projects/etlX/venv/lib/python3.9/site-packages/airflow/example_dags/example_dag_decorator.py
[2025-10-14 14:58:28,976] {processor.py:651} INFO - DAG(s) dict_keys(['example_dag_decorator']) retrieved from /root/Projects/etlX/venv/lib/python3.9/site-packages/airflow/example_dags/example_dag_decorator.py
[2025-10-14 14:58:29,020] {logging_mixin.py:115} INFO - [2025-10-14 14:58:29,020] {dag.py:2379} INFO - Sync 1 DAGs
[2025-10-14 14:58:29,033] {logging_mixin.py:115} INFO - [2025-10-14 14:58:29,033] {dag.py:2927} INFO - Setting next_dagrun for example_dag_decorator to None, run_after=None
[2025-10-14 14:58:29,045] {processor.py:161} INFO - Processing /root/Projects/etlX/venv/lib/python3.9/site-packages/airflow/example_dags/example_dag_decorator.py took 0.121 seconds
[2025-10-14 14:59:01,099] {processor.py:153} INFO - Started process (PID=13816) to work on /root/Projects/etlX/venv/lib/python3.9/site-packages/airflow/example_dags/example_dag_decorator.py
[2025-10-14 14:59:01,100] {processor.py:641} INFO - Processing file /root/Projects/etlX/venv/lib/python3.9/site-packages/airflow/example_dags/example_dag_decorator.py for tasks to queue
[2025-10-14 14:59:01,101] {logging_mixin.py:115} INFO - [2025-10-14 14:59:01,100] {dagbag.py:507} INFO - Filling up the DagBag from /root/Projects/etlX/venv/lib/python3.9/site-packages/airflow/example_dags/example_dag_decorator.py
[2025-10-14 14:59:01,127] {processor.py:651} INFO - DAG(s) dict_keys(['example_dag_decorator']) retrieved from /root/Projects/etlX/venv/lib/python3.9/site-packages/airflow/example_dags/example_dag_decorator.py
[2025-10-14 14:59:01,171] {logging_mixin.py:115} INFO - [2025-10-14 14:59:01,171] {dag.py:2379} INFO - Sync 1 DAGs
[2025-10-14 14:59:01,185] {logging_mixin.py:115} INFO - [2025-10-14 14:59:01,185] {dag.py:2927} INFO - Setting next_dagrun for example_dag_decorator to None, run_after=None
[2025-10-14 14:59:01,197] {processor.py:161} INFO - Processing /root/Projects/etlX/venv/lib/python3.9/site-packages/airflow/example_dags/example_dag_decorator.py took 0.102 seconds
[2025-10-14 14:59:35,732] {processor.py:153} INFO - Started process (PID=13979) to work on /root/Projects/etlX/venv/lib/python3.9/site-packages/airflow/example_dags/example_dag_decorator.py
[2025-10-14 14:59:35,732] {processor.py:641} INFO - Processing file /root/Projects/etlX/venv/lib/python3.9/site-packages/airflow/example_dags/example_dag_decorator.py for tasks to queue
[2025-10-14 14:59:35,733] {logging_mixin.py:115} INFO - [2025-10-14 14:59:35,733] {dagbag.py:507} INFO - Filling up the DagBag from /root/Projects/etlX/venv/lib/python3.9/site-packages/airflow/example_dags/example_dag_decorator.py
[2025-10-14 14:59:35,762] {processor.py:651} INFO - DAG(s) dict_keys(['example_dag_decorator']) retrieved from /root/Projects/etlX/venv/lib/python3.9/site-packages/airflow/example_dags/example_dag_decorator.py
[2025-10-14 14:59:35,810] {logging_mixin.py:115} INFO - [2025-10-14 14:59:35,810] {dag.py:2379} INFO - Sync 1 DAGs
[2025-10-14 14:59:35,823] {logging_mixin.py:115} INFO - [2025-10-14 14:59:35,823] {dag.py:2927} INFO - Setting next_dagrun for example_dag_decorator to None, run_after=None
[2025-10-14 14:59:35,836] {processor.py:161} INFO - Processing /root/Projects/etlX/venv/lib/python3.9/site-packages/airflow/example_dags/example_dag_decorator.py took 0.109 seconds
[2025-10-14 15:00:08,506] {processor.py:153} INFO - Started process (PID=14034) to work on /root/Projects/etlX/venv/lib/python3.9/site-packages/airflow/example_dags/example_dag_decorator.py
[2025-10-14 15:00:08,507] {processor.py:641} INFO - Processing file /root/Projects/etlX/venv/lib/python3.9/site-packages/airflow/example_dags/example_dag_decorator.py for tasks to queue
[2025-10-14 15:00:08,508] {logging_mixin.py:115} INFO - [2025-10-14 15:00:08,508] {dagbag.py:507} INFO - Filling up the DagBag from /root/Projects/etlX/venv/lib/python3.9/site-packages/airflow/example_dags/example_dag_decorator.py
[2025-10-14 15:00:08,539] {processor.py:651} INFO - DAG(s) dict_keys(['example_dag_decorator']) retrieved from /root/Projects/etlX/venv/lib/python3.9/site-packages/airflow/example_dags/example_dag_decorator.py
[2025-10-14 15:00:08,586] {logging_mixin.py:115} INFO - [2025-10-14 15:00:08,586] {dag.py:2379} INFO - Sync 1 DAGs
[2025-10-14 15:00:08,601] {logging_mixin.py:115} INFO - [2025-10-14 15:00:08,601] {dag.py:2927} INFO - Setting next_dagrun for example_dag_decorator to None, run_after=None
[2025-10-14 15:00:08,613] {processor.py:161} INFO - Processing /root/Projects/etlX/venv/lib/python3.9/site-packages/airflow/example_dags/example_dag_decorator.py took 0.112 seconds
[2025-10-14 15:00:43,949] {processor.py:153} INFO - Started process (PID=14166) to work on /root/Projects/etlX/venv/lib/python3.9/site-packages/airflow/example_dags/example_dag_decorator.py
[2025-10-14 15:00:43,950] {processor.py:641} INFO - Processing file /root/Projects/etlX/venv/lib/python3.9/site-packages/airflow/example_dags/example_dag_decorator.py for tasks to queue
[2025-10-14 15:00:43,951] {logging_mixin.py:115} INFO - [2025-10-14 15:00:43,951] {dagbag.py:507} INFO - Filling up the DagBag from /root/Projects/etlX/venv/lib/python3.9/site-packages/airflow/example_dags/example_dag_decorator.py
[2025-10-14 15:00:43,979] {processor.py:651} INFO - DAG(s) dict_keys(['example_dag_decorator']) retrieved from /root/Projects/etlX/venv/lib/python3.9/site-packages/airflow/example_dags/example_dag_decorator.py
[2025-10-14 15:00:44,028] {logging_mixin.py:115} INFO - [2025-10-14 15:00:44,028] {dag.py:2379} INFO - Sync 1 DAGs
[2025-10-14 15:00:44,043] {logging_mixin.py:115} INFO - [2025-10-14 15:00:44,043] {dag.py:2927} INFO - Setting next_dagrun for example_dag_decorator to None, run_after=None
[2025-10-14 15:00:44,056] {processor.py:161} INFO - Processing /root/Projects/etlX/venv/lib/python3.9/site-packages/airflow/example_dags/example_dag_decorator.py took 0.111 seconds
[2025-10-14 15:01:20,502] {processor.py:153} INFO - Started process (PID=14459) to work on /root/Projects/etlX/venv/lib/python3.9/site-packages/airflow/example_dags/example_dag_decorator.py
[2025-10-14 15:01:20,503] {processor.py:641} INFO - Processing file /root/Projects/etlX/venv/lib/python3.9/site-packages/airflow/example_dags/example_dag_decorator.py for tasks to queue
[2025-10-14 15:01:20,504] {logging_mixin.py:115} INFO - [2025-10-14 15:01:20,504] {dagbag.py:507} INFO - Filling up the DagBag from /root/Projects/etlX/venv/lib/python3.9/site-packages/airflow/example_dags/example_dag_decorator.py
[2025-10-14 15:01:20,530] {processor.py:651} INFO - DAG(s) dict_keys(['example_dag_decorator']) retrieved from /root/Projects/etlX/venv/lib/python3.9/site-packages/airflow/example_dags/example_dag_decorator.py
[2025-10-14 15:01:20,573] {logging_mixin.py:115} INFO - [2025-10-14 15:01:20,573] {dag.py:2379} INFO - Sync 1 DAGs
[2025-10-14 15:01:20,584] {logging_mixin.py:115} INFO - [2025-10-14 15:01:20,584] {dag.py:2927} INFO - Setting next_dagrun for example_dag_decorator to None, run_after=None
[2025-10-14 15:01:20,595] {processor.py:161} INFO - Processing /root/Projects/etlX/venv/lib/python3.9/site-packages/airflow/example_dags/example_dag_decorator.py took 0.101 seconds
[2025-10-14 15:01:54,880] {processor.py:153} INFO - Started process (PID=14670) to work on /root/Projects/etlX/venv/lib/python3.9/site-packages/airflow/example_dags/example_dag_decorator.py
[2025-10-14 15:01:54,881] {processor.py:641} INFO - Processing file /root/Projects/etlX/venv/lib/python3.9/site-packages/airflow/example_dags/example_dag_decorator.py for tasks to queue
[2025-10-14 15:01:54,881] {logging_mixin.py:115} INFO - [2025-10-14 15:01:54,881] {dagbag.py:507} INFO - Filling up the DagBag from /root/Projects/etlX/venv/lib/python3.9/site-packages/airflow/example_dags/example_dag_decorator.py
[2025-10-14 15:01:54,910] {processor.py:651} INFO - DAG(s) dict_keys(['example_dag_decorator']) retrieved from /root/Projects/etlX/venv/lib/python3.9/site-packages/airflow/example_dags/example_dag_decorator.py
[2025-10-14 15:01:54,949] {logging_mixin.py:115} INFO - [2025-10-14 15:01:54,948] {dag.py:2379} INFO - Sync 1 DAGs
[2025-10-14 15:01:54,961] {logging_mixin.py:115} INFO - [2025-10-14 15:01:54,961] {dag.py:2927} INFO - Setting next_dagrun for example_dag_decorator to None, run_after=None
[2025-10-14 15:01:54,972] {processor.py:161} INFO - Processing /root/Projects/etlX/venv/lib/python3.9/site-packages/airflow/example_dags/example_dag_decorator.py took 0.097 seconds
[2025-10-14 15:02:31,159] {processor.py:153} INFO - Started process (PID=14833) to work on /root/Projects/etlX/venv/lib/python3.9/site-packages/airflow/example_dags/example_dag_decorator.py
[2025-10-14 15:02:31,160] {processor.py:641} INFO - Processing file /root/Projects/etlX/venv/lib/python3.9/site-packages/airflow/example_dags/example_dag_decorator.py for tasks to queue
[2025-10-14 15:02:31,160] {logging_mixin.py:115} INFO - [2025-10-14 15:02:31,160] {dagbag.py:507} INFO - Filling up the DagBag from /root/Projects/etlX/venv/lib/python3.9/site-packages/airflow/example_dags/example_dag_decorator.py
[2025-10-14 15:02:31,208] {processor.py:651} INFO - DAG(s) dict_keys(['example_dag_decorator']) retrieved from /root/Projects/etlX/venv/lib/python3.9/site-packages/airflow/example_dags/example_dag_decorator.py
[2025-10-14 15:02:31,233] {logging_mixin.py:115} INFO - [2025-10-14 15:02:31,233] {dag.py:2379} INFO - Sync 1 DAGs
[2025-10-14 15:02:31,251] {logging_mixin.py:115} INFO - [2025-10-14 15:02:31,251] {dag.py:2927} INFO - Setting next_dagrun for example_dag_decorator to None, run_after=None
[2025-10-14 15:02:31,267] {processor.py:161} INFO - Processing /root/Projects/etlX/venv/lib/python3.9/site-packages/airflow/example_dags/example_dag_decorator.py took 0.115 seconds
[2025-10-14 15:03:04,413] {processor.py:153} INFO - Started process (PID=14993) to work on /root/Projects/etlX/venv/lib/python3.9/site-packages/airflow/example_dags/example_dag_decorator.py
[2025-10-14 15:03:04,414] {processor.py:641} INFO - Processing file /root/Projects/etlX/venv/lib/python3.9/site-packages/airflow/example_dags/example_dag_decorator.py for tasks to queue
[2025-10-14 15:03:04,414] {logging_mixin.py:115} INFO - [2025-10-14 15:03:04,414] {dagbag.py:507} INFO - Filling up the DagBag from /root/Projects/etlX/venv/lib/python3.9/site-packages/airflow/example_dags/example_dag_decorator.py
[2025-10-14 15:03:04,448] {processor.py:651} INFO - DAG(s) dict_keys(['example_dag_decorator']) retrieved from /root/Projects/etlX/venv/lib/python3.9/site-packages/airflow/example_dags/example_dag_decorator.py
[2025-10-14 15:03:04,466] {logging_mixin.py:115} INFO - [2025-10-14 15:03:04,466] {dag.py:2379} INFO - Sync 1 DAGs
[2025-10-14 15:03:04,483] {logging_mixin.py:115} INFO - [2025-10-14 15:03:04,483] {dag.py:2927} INFO - Setting next_dagrun for example_dag_decorator to None, run_after=None
[2025-10-14 15:03:04,495] {processor.py:161} INFO - Processing /root/Projects/etlX/venv/lib/python3.9/site-packages/airflow/example_dags/example_dag_decorator.py took 0.087 seconds
[2025-10-14 15:10:06,520] {processor.py:153} INFO - Started process (PID=15900) to work on /root/Projects/etlX/venv/lib/python3.9/site-packages/airflow/example_dags/example_dag_decorator.py
[2025-10-14 15:10:06,521] {processor.py:641} INFO - Processing file /root/Projects/etlX/venv/lib/python3.9/site-packages/airflow/example_dags/example_dag_decorator.py for tasks to queue
[2025-10-14 15:10:06,521] {logging_mixin.py:115} INFO - [2025-10-14 15:10:06,521] {dagbag.py:507} INFO - Filling up the DagBag from /root/Projects/etlX/venv/lib/python3.9/site-packages/airflow/example_dags/example_dag_decorator.py
[2025-10-14 15:10:06,555] {processor.py:651} INFO - DAG(s) dict_keys(['example_dag_decorator']) retrieved from /root/Projects/etlX/venv/lib/python3.9/site-packages/airflow/example_dags/example_dag_decorator.py
[2025-10-14 15:10:06,604] {logging_mixin.py:115} INFO - [2025-10-14 15:10:06,604] {dag.py:2379} INFO - Sync 1 DAGs
[2025-10-14 15:10:06,617] {logging_mixin.py:115} INFO - [2025-10-14 15:10:06,617] {dag.py:2927} INFO - Setting next_dagrun for example_dag_decorator to None, run_after=None
[2025-10-14 15:10:06,671] {processor.py:161} INFO - Processing /root/Projects/etlX/venv/lib/python3.9/site-packages/airflow/example_dags/example_dag_decorator.py took 0.157 seconds
[2025-10-14 15:10:41,169] {processor.py:153} INFO - Started process (PID=15958) to work on /root/Projects/etlX/venv/lib/python3.9/site-packages/airflow/example_dags/example_dag_decorator.py
[2025-10-14 15:10:41,170] {processor.py:641} INFO - Processing file /root/Projects/etlX/venv/lib/python3.9/site-packages/airflow/example_dags/example_dag_decorator.py for tasks to queue
[2025-10-14 15:10:41,170] {logging_mixin.py:115} INFO - [2025-10-14 15:10:41,170] {dagbag.py:507} INFO - Filling up the DagBag from /root/Projects/etlX/venv/lib/python3.9/site-packages/airflow/example_dags/example_dag_decorator.py
[2025-10-14 15:10:41,198] {processor.py:651} INFO - DAG(s) dict_keys(['example_dag_decorator']) retrieved from /root/Projects/etlX/venv/lib/python3.9/site-packages/airflow/example_dags/example_dag_decorator.py
[2025-10-14 15:10:41,245] {logging_mixin.py:115} INFO - [2025-10-14 15:10:41,245] {dag.py:2379} INFO - Sync 1 DAGs
[2025-10-14 15:10:41,258] {logging_mixin.py:115} INFO - [2025-10-14 15:10:41,258] {dag.py:2927} INFO - Setting next_dagrun for example_dag_decorator to None, run_after=None
[2025-10-14 15:10:41,271] {processor.py:161} INFO - Processing /root/Projects/etlX/venv/lib/python3.9/site-packages/airflow/example_dags/example_dag_decorator.py took 0.106 seconds
[2025-10-14 15:11:16,125] {processor.py:153} INFO - Started process (PID=16099) to work on /root/Projects/etlX/venv/lib/python3.9/site-packages/airflow/example_dags/example_dag_decorator.py
[2025-10-14 15:11:16,125] {processor.py:641} INFO - Processing file /root/Projects/etlX/venv/lib/python3.9/site-packages/airflow/example_dags/example_dag_decorator.py for tasks to queue
[2025-10-14 15:11:16,126] {logging_mixin.py:115} INFO - [2025-10-14 15:11:16,126] {dagbag.py:507} INFO - Filling up the DagBag from /root/Projects/etlX/venv/lib/python3.9/site-packages/airflow/example_dags/example_dag_decorator.py
[2025-10-14 15:11:16,162] {processor.py:651} INFO - DAG(s) dict_keys(['example_dag_decorator']) retrieved from /root/Projects/etlX/venv/lib/python3.9/site-packages/airflow/example_dags/example_dag_decorator.py
[2025-10-14 15:11:16,230] {logging_mixin.py:115} INFO - [2025-10-14 15:11:16,230] {dag.py:2379} INFO - Sync 1 DAGs
[2025-10-14 15:11:16,250] {logging_mixin.py:115} INFO - [2025-10-14 15:11:16,250] {dag.py:2927} INFO - Setting next_dagrun for example_dag_decorator to None, run_after=None
[2025-10-14 15:11:16,264] {processor.py:161} INFO - Processing /root/Projects/etlX/venv/lib/python3.9/site-packages/airflow/example_dags/example_dag_decorator.py took 0.144 seconds
[2025-10-14 15:11:49,597] {processor.py:153} INFO - Started process (PID=16174) to work on /root/Projects/etlX/venv/lib/python3.9/site-packages/airflow/example_dags/example_dag_decorator.py
[2025-10-14 15:11:49,597] {processor.py:641} INFO - Processing file /root/Projects/etlX/venv/lib/python3.9/site-packages/airflow/example_dags/example_dag_decorator.py for tasks to queue
[2025-10-14 15:11:49,598] {logging_mixin.py:115} INFO - [2025-10-14 15:11:49,598] {dagbag.py:507} INFO - Filling up the DagBag from /root/Projects/etlX/venv/lib/python3.9/site-packages/airflow/example_dags/example_dag_decorator.py
[2025-10-14 15:11:49,628] {processor.py:651} INFO - DAG(s) dict_keys(['example_dag_decorator']) retrieved from /root/Projects/etlX/venv/lib/python3.9/site-packages/airflow/example_dags/example_dag_decorator.py
[2025-10-14 15:11:49,677] {logging_mixin.py:115} INFO - [2025-10-14 15:11:49,676] {dag.py:2379} INFO - Sync 1 DAGs
[2025-10-14 15:11:49,690] {logging_mixin.py:115} INFO - [2025-10-14 15:11:49,690] {dag.py:2927} INFO - Setting next_dagrun for example_dag_decorator to None, run_after=None
[2025-10-14 15:11:49,703] {processor.py:161} INFO - Processing /root/Projects/etlX/venv/lib/python3.9/site-packages/airflow/example_dags/example_dag_decorator.py took 0.111 seconds
[2025-10-14 15:12:26,063] {processor.py:153} INFO - Started process (PID=16234) to work on /root/Projects/etlX/venv/lib/python3.9/site-packages/airflow/example_dags/example_dag_decorator.py
[2025-10-14 15:12:26,064] {processor.py:641} INFO - Processing file /root/Projects/etlX/venv/lib/python3.9/site-packages/airflow/example_dags/example_dag_decorator.py for tasks to queue
[2025-10-14 15:12:26,064] {logging_mixin.py:115} INFO - [2025-10-14 15:12:26,064] {dagbag.py:507} INFO - Filling up the DagBag from /root/Projects/etlX/venv/lib/python3.9/site-packages/airflow/example_dags/example_dag_decorator.py
[2025-10-14 15:12:26,092] {processor.py:651} INFO - DAG(s) dict_keys(['example_dag_decorator']) retrieved from /root/Projects/etlX/venv/lib/python3.9/site-packages/airflow/example_dags/example_dag_decorator.py
[2025-10-14 15:12:26,114] {logging_mixin.py:115} INFO - [2025-10-14 15:12:26,114] {dag.py:2379} INFO - Sync 1 DAGs
[2025-10-14 15:12:26,130] {logging_mixin.py:115} INFO - [2025-10-14 15:12:26,130] {dag.py:2927} INFO - Setting next_dagrun for example_dag_decorator to None, run_after=None
[2025-10-14 15:12:26,141] {processor.py:161} INFO - Processing /root/Projects/etlX/venv/lib/python3.9/site-packages/airflow/example_dags/example_dag_decorator.py took 0.083 seconds
[2025-10-14 15:12:59,906] {processor.py:153} INFO - Started process (PID=16293) to work on /root/Projects/etlX/venv/lib/python3.9/site-packages/airflow/example_dags/example_dag_decorator.py
[2025-10-14 15:12:59,908] {processor.py:641} INFO - Processing file /root/Projects/etlX/venv/lib/python3.9/site-packages/airflow/example_dags/example_dag_decorator.py for tasks to queue
[2025-10-14 15:12:59,909] {logging_mixin.py:115} INFO - [2025-10-14 15:12:59,909] {dagbag.py:507} INFO - Filling up the DagBag from /root/Projects/etlX/venv/lib/python3.9/site-packages/airflow/example_dags/example_dag_decorator.py
[2025-10-14 15:12:59,948] {processor.py:651} INFO - DAG(s) dict_keys(['example_dag_decorator']) retrieved from /root/Projects/etlX/venv/lib/python3.9/site-packages/airflow/example_dags/example_dag_decorator.py
[2025-10-14 15:13:00,001] {logging_mixin.py:115} INFO - [2025-10-14 15:13:00,001] {dag.py:2379} INFO - Sync 1 DAGs
[2025-10-14 15:13:00,014] {logging_mixin.py:115} INFO - [2025-10-14 15:13:00,014] {dag.py:2927} INFO - Setting next_dagrun for example_dag_decorator to None, run_after=None
[2025-10-14 15:13:00,026] {processor.py:161} INFO - Processing /root/Projects/etlX/venv/lib/python3.9/site-packages/airflow/example_dags/example_dag_decorator.py took 0.129 seconds
[2025-10-14 15:13:33,441] {processor.py:153} INFO - Started process (PID=16348) to work on /root/Projects/etlX/venv/lib/python3.9/site-packages/airflow/example_dags/example_dag_decorator.py
[2025-10-14 15:13:33,442] {processor.py:641} INFO - Processing file /root/Projects/etlX/venv/lib/python3.9/site-packages/airflow/example_dags/example_dag_decorator.py for tasks to queue
[2025-10-14 15:13:33,442] {logging_mixin.py:115} INFO - [2025-10-14 15:13:33,442] {dagbag.py:507} INFO - Filling up the DagBag from /root/Projects/etlX/venv/lib/python3.9/site-packages/airflow/example_dags/example_dag_decorator.py
[2025-10-14 15:13:33,473] {processor.py:651} INFO - DAG(s) dict_keys(['example_dag_decorator']) retrieved from /root/Projects/etlX/venv/lib/python3.9/site-packages/airflow/example_dags/example_dag_decorator.py
[2025-10-14 15:13:33,521] {logging_mixin.py:115} INFO - [2025-10-14 15:13:33,521] {dag.py:2379} INFO - Sync 1 DAGs
[2025-10-14 15:13:33,534] {logging_mixin.py:115} INFO - [2025-10-14 15:13:33,534] {dag.py:2927} INFO - Setting next_dagrun for example_dag_decorator to None, run_after=None
[2025-10-14 15:13:33,548] {processor.py:161} INFO - Processing /root/Projects/etlX/venv/lib/python3.9/site-packages/airflow/example_dags/example_dag_decorator.py took 0.112 seconds
[2025-10-14 15:14:06,702] {processor.py:153} INFO - Started process (PID=16406) to work on /root/Projects/etlX/venv/lib/python3.9/site-packages/airflow/example_dags/example_dag_decorator.py
[2025-10-14 15:14:06,702] {processor.py:641} INFO - Processing file /root/Projects/etlX/venv/lib/python3.9/site-packages/airflow/example_dags/example_dag_decorator.py for tasks to queue
[2025-10-14 15:14:06,703] {logging_mixin.py:115} INFO - [2025-10-14 15:14:06,703] {dagbag.py:507} INFO - Filling up the DagBag from /root/Projects/etlX/venv/lib/python3.9/site-packages/airflow/example_dags/example_dag_decorator.py
[2025-10-14 15:14:06,730] {processor.py:651} INFO - DAG(s) dict_keys(['example_dag_decorator']) retrieved from /root/Projects/etlX/venv/lib/python3.9/site-packages/airflow/example_dags/example_dag_decorator.py
[2025-10-14 15:14:06,776] {logging_mixin.py:115} INFO - [2025-10-14 15:14:06,776] {dag.py:2379} INFO - Sync 1 DAGs
[2025-10-14 15:14:06,789] {logging_mixin.py:115} INFO - [2025-10-14 15:14:06,789] {dag.py:2927} INFO - Setting next_dagrun for example_dag_decorator to None, run_after=None
[2025-10-14 15:14:06,801] {processor.py:161} INFO - Processing /root/Projects/etlX/venv/lib/python3.9/site-packages/airflow/example_dags/example_dag_decorator.py took 0.104 seconds
[2025-10-14 15:14:40,716] {processor.py:153} INFO - Started process (PID=16461) to work on /root/Projects/etlX/venv/lib/python3.9/site-packages/airflow/example_dags/example_dag_decorator.py
[2025-10-14 15:14:40,717] {processor.py:641} INFO - Processing file /root/Projects/etlX/venv/lib/python3.9/site-packages/airflow/example_dags/example_dag_decorator.py for tasks to queue
[2025-10-14 15:14:40,718] {logging_mixin.py:115} INFO - [2025-10-14 15:14:40,717] {dagbag.py:507} INFO - Filling up the DagBag from /root/Projects/etlX/venv/lib/python3.9/site-packages/airflow/example_dags/example_dag_decorator.py
[2025-10-14 15:14:40,744] {processor.py:651} INFO - DAG(s) dict_keys(['example_dag_decorator']) retrieved from /root/Projects/etlX/venv/lib/python3.9/site-packages/airflow/example_dags/example_dag_decorator.py
[2025-10-14 15:14:40,766] {logging_mixin.py:115} INFO - [2025-10-14 15:14:40,766] {dag.py:2379} INFO - Sync 1 DAGs
[2025-10-14 15:14:40,782] {logging_mixin.py:115} INFO - [2025-10-14 15:14:40,782] {dag.py:2927} INFO - Setting next_dagrun for example_dag_decorator to None, run_after=None
[2025-10-14 15:14:40,793] {processor.py:161} INFO - Processing /root/Projects/etlX/venv/lib/python3.9/site-packages/airflow/example_dags/example_dag_decorator.py took 0.081 seconds
[2025-10-14 15:15:16,239] {processor.py:153} INFO - Started process (PID=16571) to work on /root/Projects/etlX/venv/lib/python3.9/site-packages/airflow/example_dags/example_dag_decorator.py
[2025-10-14 15:15:16,240] {processor.py:641} INFO - Processing file /root/Projects/etlX/venv/lib/python3.9/site-packages/airflow/example_dags/example_dag_decorator.py for tasks to queue
[2025-10-14 15:15:16,241] {logging_mixin.py:115} INFO - [2025-10-14 15:15:16,240] {dagbag.py:507} INFO - Filling up the DagBag from /root/Projects/etlX/venv/lib/python3.9/site-packages/airflow/example_dags/example_dag_decorator.py
[2025-10-14 15:15:16,270] {processor.py:651} INFO - DAG(s) dict_keys(['example_dag_decorator']) retrieved from /root/Projects/etlX/venv/lib/python3.9/site-packages/airflow/example_dags/example_dag_decorator.py
[2025-10-14 15:15:16,310] {logging_mixin.py:115} INFO - [2025-10-14 15:15:16,310] {dag.py:2379} INFO - Sync 1 DAGs
[2025-10-14 15:15:16,323] {logging_mixin.py:115} INFO - [2025-10-14 15:15:16,323] {dag.py:2927} INFO - Setting next_dagrun for example_dag_decorator to None, run_after=None
[2025-10-14 15:15:16,335] {processor.py:161} INFO - Processing /root/Projects/etlX/venv/lib/python3.9/site-packages/airflow/example_dags/example_dag_decorator.py took 0.103 seconds
[2025-10-14 15:15:51,493] {processor.py:153} INFO - Started process (PID=16630) to work on /root/Projects/etlX/venv/lib/python3.9/site-packages/airflow/example_dags/example_dag_decorator.py
[2025-10-14 15:15:51,494] {processor.py:641} INFO - Processing file /root/Projects/etlX/venv/lib/python3.9/site-packages/airflow/example_dags/example_dag_decorator.py for tasks to queue
[2025-10-14 15:15:51,495] {logging_mixin.py:115} INFO - [2025-10-14 15:15:51,495] {dagbag.py:507} INFO - Filling up the DagBag from /root/Projects/etlX/venv/lib/python3.9/site-packages/airflow/example_dags/example_dag_decorator.py
[2025-10-14 15:15:51,531] {processor.py:651} INFO - DAG(s) dict_keys(['example_dag_decorator']) retrieved from /root/Projects/etlX/venv/lib/python3.9/site-packages/airflow/example_dags/example_dag_decorator.py
[2025-10-14 15:15:51,548] {logging_mixin.py:115} INFO - [2025-10-14 15:15:51,548] {dag.py:2379} INFO - Sync 1 DAGs
[2025-10-14 15:15:51,563] {logging_mixin.py:115} INFO - [2025-10-14 15:15:51,563] {dag.py:2927} INFO - Setting next_dagrun for example_dag_decorator to None, run_after=None
[2025-10-14 15:15:51,574] {processor.py:161} INFO - Processing /root/Projects/etlX/venv/lib/python3.9/site-packages/airflow/example_dags/example_dag_decorator.py took 0.088 seconds
[2025-10-14 15:16:28,355] {processor.py:153} INFO - Started process (PID=16844) to work on /root/Projects/etlX/venv/lib/python3.9/site-packages/airflow/example_dags/example_dag_decorator.py
[2025-10-14 15:16:28,356] {processor.py:641} INFO - Processing file /root/Projects/etlX/venv/lib/python3.9/site-packages/airflow/example_dags/example_dag_decorator.py for tasks to queue
[2025-10-14 15:16:28,357] {logging_mixin.py:115} INFO - [2025-10-14 15:16:28,357] {dagbag.py:507} INFO - Filling up the DagBag from /root/Projects/etlX/venv/lib/python3.9/site-packages/airflow/example_dags/example_dag_decorator.py
[2025-10-14 15:16:28,389] {processor.py:651} INFO - DAG(s) dict_keys(['example_dag_decorator']) retrieved from /root/Projects/etlX/venv/lib/python3.9/site-packages/airflow/example_dags/example_dag_decorator.py
[2025-10-14 15:16:28,407] {logging_mixin.py:115} INFO - [2025-10-14 15:16:28,407] {dag.py:2379} INFO - Sync 1 DAGs
[2025-10-14 15:16:28,423] {logging_mixin.py:115} INFO - [2025-10-14 15:16:28,423] {dag.py:2927} INFO - Setting next_dagrun for example_dag_decorator to None, run_after=None
[2025-10-14 15:16:28,435] {processor.py:161} INFO - Processing /root/Projects/etlX/venv/lib/python3.9/site-packages/airflow/example_dags/example_dag_decorator.py took 0.087 seconds
[2025-10-14 15:17:02,694] {processor.py:153} INFO - Started process (PID=17058) to work on /root/Projects/etlX/venv/lib/python3.9/site-packages/airflow/example_dags/example_dag_decorator.py
[2025-10-14 15:17:02,695] {processor.py:641} INFO - Processing file /root/Projects/etlX/venv/lib/python3.9/site-packages/airflow/example_dags/example_dag_decorator.py for tasks to queue
[2025-10-14 15:17:02,695] {logging_mixin.py:115} INFO - [2025-10-14 15:17:02,695] {dagbag.py:507} INFO - Filling up the DagBag from /root/Projects/etlX/venv/lib/python3.9/site-packages/airflow/example_dags/example_dag_decorator.py
[2025-10-14 15:17:02,724] {processor.py:651} INFO - DAG(s) dict_keys(['example_dag_decorator']) retrieved from /root/Projects/etlX/venv/lib/python3.9/site-packages/airflow/example_dags/example_dag_decorator.py
[2025-10-14 15:17:02,748] {logging_mixin.py:115} INFO - [2025-10-14 15:17:02,748] {dag.py:2379} INFO - Sync 1 DAGs
[2025-10-14 15:17:02,764] {logging_mixin.py:115} INFO - [2025-10-14 15:17:02,764] {dag.py:2927} INFO - Setting next_dagrun for example_dag_decorator to None, run_after=None
[2025-10-14 15:17:02,778] {processor.py:161} INFO - Processing /root/Projects/etlX/venv/lib/python3.9/site-packages/airflow/example_dags/example_dag_decorator.py took 0.088 seconds
[2025-10-14 15:17:36,970] {processor.py:153} INFO - Started process (PID=17113) to work on /root/Projects/etlX/venv/lib/python3.9/site-packages/airflow/example_dags/example_dag_decorator.py
[2025-10-14 15:17:36,971] {processor.py:641} INFO - Processing file /root/Projects/etlX/venv/lib/python3.9/site-packages/airflow/example_dags/example_dag_decorator.py for tasks to queue
[2025-10-14 15:17:36,972] {logging_mixin.py:115} INFO - [2025-10-14 15:17:36,972] {dagbag.py:507} INFO - Filling up the DagBag from /root/Projects/etlX/venv/lib/python3.9/site-packages/airflow/example_dags/example_dag_decorator.py
[2025-10-14 15:17:37,009] {processor.py:651} INFO - DAG(s) dict_keys(['example_dag_decorator']) retrieved from /root/Projects/etlX/venv/lib/python3.9/site-packages/airflow/example_dags/example_dag_decorator.py
[2025-10-14 15:17:37,060] {logging_mixin.py:115} INFO - [2025-10-14 15:17:37,060] {dag.py:2379} INFO - Sync 1 DAGs
[2025-10-14 15:17:37,079] {logging_mixin.py:115} INFO - [2025-10-14 15:17:37,079] {dag.py:2927} INFO - Setting next_dagrun for example_dag_decorator to None, run_after=None
[2025-10-14 15:17:37,106] {processor.py:161} INFO - Processing /root/Projects/etlX/venv/lib/python3.9/site-packages/airflow/example_dags/example_dag_decorator.py took 0.140 seconds
[2025-10-14 15:59:04,783] {processor.py:153} INFO - Started process (PID=19940) to work on /root/Projects/etlX/venv/lib/python3.9/site-packages/airflow/example_dags/example_dag_decorator.py
[2025-10-14 15:59:04,784] {processor.py:641} INFO - Processing file /root/Projects/etlX/venv/lib/python3.9/site-packages/airflow/example_dags/example_dag_decorator.py for tasks to queue
[2025-10-14 15:59:04,785] {logging_mixin.py:115} INFO - [2025-10-14 15:59:04,785] {dagbag.py:507} INFO - Filling up the DagBag from /root/Projects/etlX/venv/lib/python3.9/site-packages/airflow/example_dags/example_dag_decorator.py
[2025-10-14 15:59:04,825] {processor.py:651} INFO - DAG(s) dict_keys(['example_dag_decorator']) retrieved from /root/Projects/etlX/venv/lib/python3.9/site-packages/airflow/example_dags/example_dag_decorator.py
[2025-10-14 15:59:04,875] {logging_mixin.py:115} INFO - [2025-10-14 15:59:04,875] {dag.py:2379} INFO - Sync 1 DAGs
[2025-10-14 15:59:04,888] {logging_mixin.py:115} INFO - [2025-10-14 15:59:04,888] {dag.py:2927} INFO - Setting next_dagrun for example_dag_decorator to None, run_after=None
[2025-10-14 15:59:04,901] {processor.py:161} INFO - Processing /root/Projects/etlX/venv/lib/python3.9/site-packages/airflow/example_dags/example_dag_decorator.py took 0.123 seconds
[2025-10-14 15:59:37,329] {processor.py:153} INFO - Started process (PID=20100) to work on /root/Projects/etlX/venv/lib/python3.9/site-packages/airflow/example_dags/example_dag_decorator.py
[2025-10-14 15:59:37,330] {processor.py:641} INFO - Processing file /root/Projects/etlX/venv/lib/python3.9/site-packages/airflow/example_dags/example_dag_decorator.py for tasks to queue
[2025-10-14 15:59:37,331] {logging_mixin.py:115} INFO - [2025-10-14 15:59:37,331] {dagbag.py:507} INFO - Filling up the DagBag from /root/Projects/etlX/venv/lib/python3.9/site-packages/airflow/example_dags/example_dag_decorator.py
[2025-10-14 15:59:37,368] {processor.py:651} INFO - DAG(s) dict_keys(['example_dag_decorator']) retrieved from /root/Projects/etlX/venv/lib/python3.9/site-packages/airflow/example_dags/example_dag_decorator.py
[2025-10-14 15:59:37,413] {logging_mixin.py:115} INFO - [2025-10-14 15:59:37,413] {dag.py:2379} INFO - Sync 1 DAGs
[2025-10-14 15:59:37,429] {logging_mixin.py:115} INFO - [2025-10-14 15:59:37,428] {dag.py:2927} INFO - Setting next_dagrun for example_dag_decorator to None, run_after=None
[2025-10-14 15:59:37,450] {processor.py:161} INFO - Processing /root/Projects/etlX/venv/lib/python3.9/site-packages/airflow/example_dags/example_dag_decorator.py took 0.128 seconds
[2025-10-14 16:00:09,620] {processor.py:153} INFO - Started process (PID=20155) to work on /root/Projects/etlX/venv/lib/python3.9/site-packages/airflow/example_dags/example_dag_decorator.py
[2025-10-14 16:00:09,621] {processor.py:641} INFO - Processing file /root/Projects/etlX/venv/lib/python3.9/site-packages/airflow/example_dags/example_dag_decorator.py for tasks to queue
[2025-10-14 16:00:09,622] {logging_mixin.py:115} INFO - [2025-10-14 16:00:09,622] {dagbag.py:507} INFO - Filling up the DagBag from /root/Projects/etlX/venv/lib/python3.9/site-packages/airflow/example_dags/example_dag_decorator.py
[2025-10-14 16:00:09,648] {processor.py:651} INFO - DAG(s) dict_keys(['example_dag_decorator']) retrieved from /root/Projects/etlX/venv/lib/python3.9/site-packages/airflow/example_dags/example_dag_decorator.py
[2025-10-14 16:00:09,691] {logging_mixin.py:115} INFO - [2025-10-14 16:00:09,691] {dag.py:2379} INFO - Sync 1 DAGs
[2025-10-14 16:00:09,703] {logging_mixin.py:115} INFO - [2025-10-14 16:00:09,703] {dag.py:2927} INFO - Setting next_dagrun for example_dag_decorator to None, run_after=None
[2025-10-14 16:00:09,714] {processor.py:161} INFO - Processing /root/Projects/etlX/venv/lib/python3.9/site-packages/airflow/example_dags/example_dag_decorator.py took 0.098 seconds
[2025-10-14 16:00:44,127] {processor.py:153} INFO - Started process (PID=20213) to work on /root/Projects/etlX/venv/lib/python3.9/site-packages/airflow/example_dags/example_dag_decorator.py
[2025-10-14 16:00:44,128] {processor.py:641} INFO - Processing file /root/Projects/etlX/venv/lib/python3.9/site-packages/airflow/example_dags/example_dag_decorator.py for tasks to queue
[2025-10-14 16:00:44,129] {logging_mixin.py:115} INFO - [2025-10-14 16:00:44,129] {dagbag.py:507} INFO - Filling up the DagBag from /root/Projects/etlX/venv/lib/python3.9/site-packages/airflow/example_dags/example_dag_decorator.py
[2025-10-14 16:00:44,169] {processor.py:651} INFO - DAG(s) dict_keys(['example_dag_decorator']) retrieved from /root/Projects/etlX/venv/lib/python3.9/site-packages/airflow/example_dags/example_dag_decorator.py
[2025-10-14 16:00:44,215] {logging_mixin.py:115} INFO - [2025-10-14 16:00:44,215] {dag.py:2379} INFO - Sync 1 DAGs
[2025-10-14 16:00:44,227] {logging_mixin.py:115} INFO - [2025-10-14 16:00:44,227] {dag.py:2927} INFO - Setting next_dagrun for example_dag_decorator to None, run_after=None
[2025-10-14 16:00:44,238] {processor.py:161} INFO - Processing /root/Projects/etlX/venv/lib/python3.9/site-packages/airflow/example_dags/example_dag_decorator.py took 0.119 seconds
[2025-10-14 16:01:16,612] {processor.py:153} INFO - Started process (PID=20268) to work on /root/Projects/etlX/venv/lib/python3.9/site-packages/airflow/example_dags/example_dag_decorator.py
[2025-10-14 16:01:16,613] {processor.py:641} INFO - Processing file /root/Projects/etlX/venv/lib/python3.9/site-packages/airflow/example_dags/example_dag_decorator.py for tasks to queue
[2025-10-14 16:01:16,613] {logging_mixin.py:115} INFO - [2025-10-14 16:01:16,613] {dagbag.py:507} INFO - Filling up the DagBag from /root/Projects/etlX/venv/lib/python3.9/site-packages/airflow/example_dags/example_dag_decorator.py
[2025-10-14 16:01:16,638] {processor.py:651} INFO - DAG(s) dict_keys(['example_dag_decorator']) retrieved from /root/Projects/etlX/venv/lib/python3.9/site-packages/airflow/example_dags/example_dag_decorator.py
[2025-10-14 16:01:16,681] {logging_mixin.py:115} INFO - [2025-10-14 16:01:16,681] {dag.py:2379} INFO - Sync 1 DAGs
[2025-10-14 16:01:16,693] {logging_mixin.py:115} INFO - [2025-10-14 16:01:16,693] {dag.py:2927} INFO - Setting next_dagrun for example_dag_decorator to None, run_after=None
[2025-10-14 16:01:16,704] {processor.py:161} INFO - Processing /root/Projects/etlX/venv/lib/python3.9/site-packages/airflow/example_dags/example_dag_decorator.py took 0.097 seconds
[2025-10-14 16:01:52,842] {processor.py:153} INFO - Started process (PID=20327) to work on /root/Projects/etlX/venv/lib/python3.9/site-packages/airflow/example_dags/example_dag_decorator.py
[2025-10-14 16:01:52,843] {processor.py:641} INFO - Processing file /root/Projects/etlX/venv/lib/python3.9/site-packages/airflow/example_dags/example_dag_decorator.py for tasks to queue
[2025-10-14 16:01:52,844] {logging_mixin.py:115} INFO - [2025-10-14 16:01:52,843] {dagbag.py:507} INFO - Filling up the DagBag from /root/Projects/etlX/venv/lib/python3.9/site-packages/airflow/example_dags/example_dag_decorator.py
[2025-10-14 16:01:52,878] {processor.py:651} INFO - DAG(s) dict_keys(['example_dag_decorator']) retrieved from /root/Projects/etlX/venv/lib/python3.9/site-packages/airflow/example_dags/example_dag_decorator.py
[2025-10-14 16:01:52,926] {logging_mixin.py:115} INFO - [2025-10-14 16:01:52,926] {dag.py:2379} INFO - Sync 1 DAGs
[2025-10-14 16:01:52,941] {logging_mixin.py:115} INFO - [2025-10-14 16:01:52,941] {dag.py:2927} INFO - Setting next_dagrun for example_dag_decorator to None, run_after=None
[2025-10-14 16:01:52,956] {processor.py:161} INFO - Processing /root/Projects/etlX/venv/lib/python3.9/site-packages/airflow/example_dags/example_dag_decorator.py took 0.125 seconds
[2025-10-14 16:02:26,355] {processor.py:153} INFO - Started process (PID=20385) to work on /root/Projects/etlX/venv/lib/python3.9/site-packages/airflow/example_dags/example_dag_decorator.py
[2025-10-14 16:02:26,356] {processor.py:641} INFO - Processing file /root/Projects/etlX/venv/lib/python3.9/site-packages/airflow/example_dags/example_dag_decorator.py for tasks to queue
[2025-10-14 16:02:26,356] {logging_mixin.py:115} INFO - [2025-10-14 16:02:26,356] {dagbag.py:507} INFO - Filling up the DagBag from /root/Projects/etlX/venv/lib/python3.9/site-packages/airflow/example_dags/example_dag_decorator.py
[2025-10-14 16:02:26,385] {processor.py:651} INFO - DAG(s) dict_keys(['example_dag_decorator']) retrieved from /root/Projects/etlX/venv/lib/python3.9/site-packages/airflow/example_dags/example_dag_decorator.py
[2025-10-14 16:02:26,432] {logging_mixin.py:115} INFO - [2025-10-14 16:02:26,432] {dag.py:2379} INFO - Sync 1 DAGs
[2025-10-14 16:02:26,445] {logging_mixin.py:115} INFO - [2025-10-14 16:02:26,445] {dag.py:2927} INFO - Setting next_dagrun for example_dag_decorator to None, run_after=None
[2025-10-14 16:02:26,462] {processor.py:161} INFO - Processing /root/Projects/etlX/venv/lib/python3.9/site-packages/airflow/example_dags/example_dag_decorator.py took 0.113 seconds
[2025-10-14 16:03:01,494] {processor.py:153} INFO - Started process (PID=20445) to work on /root/Projects/etlX/venv/lib/python3.9/site-packages/airflow/example_dags/example_dag_decorator.py
[2025-10-14 16:03:01,494] {processor.py:641} INFO - Processing file /root/Projects/etlX/venv/lib/python3.9/site-packages/airflow/example_dags/example_dag_decorator.py for tasks to queue
[2025-10-14 16:03:01,495] {logging_mixin.py:115} INFO - [2025-10-14 16:03:01,495] {dagbag.py:507} INFO - Filling up the DagBag from /root/Projects/etlX/venv/lib/python3.9/site-packages/airflow/example_dags/example_dag_decorator.py
[2025-10-14 16:03:01,520] {processor.py:651} INFO - DAG(s) dict_keys(['example_dag_decorator']) retrieved from /root/Projects/etlX/venv/lib/python3.9/site-packages/airflow/example_dags/example_dag_decorator.py
[2025-10-14 16:03:01,564] {logging_mixin.py:115} INFO - [2025-10-14 16:03:01,564] {dag.py:2379} INFO - Sync 1 DAGs
[2025-10-14 16:03:01,575] {logging_mixin.py:115} INFO - [2025-10-14 16:03:01,575] {dag.py:2927} INFO - Setting next_dagrun for example_dag_decorator to None, run_after=None
[2025-10-14 16:03:01,586] {processor.py:161} INFO - Processing /root/Projects/etlX/venv/lib/python3.9/site-packages/airflow/example_dags/example_dag_decorator.py took 0.098 seconds
[2025-10-14 16:03:36,110] {processor.py:153} INFO - Started process (PID=20500) to work on /root/Projects/etlX/venv/lib/python3.9/site-packages/airflow/example_dags/example_dag_decorator.py
[2025-10-14 16:03:36,111] {processor.py:641} INFO - Processing file /root/Projects/etlX/venv/lib/python3.9/site-packages/airflow/example_dags/example_dag_decorator.py for tasks to queue
[2025-10-14 16:03:36,112] {logging_mixin.py:115} INFO - [2025-10-14 16:03:36,111] {dagbag.py:507} INFO - Filling up the DagBag from /root/Projects/etlX/venv/lib/python3.9/site-packages/airflow/example_dags/example_dag_decorator.py
[2025-10-14 16:03:36,142] {processor.py:651} INFO - DAG(s) dict_keys(['example_dag_decorator']) retrieved from /root/Projects/etlX/venv/lib/python3.9/site-packages/airflow/example_dags/example_dag_decorator.py
[2025-10-14 16:03:36,164] {logging_mixin.py:115} INFO - [2025-10-14 16:03:36,164] {dag.py:2379} INFO - Sync 1 DAGs
[2025-10-14 16:03:36,179] {logging_mixin.py:115} INFO - [2025-10-14 16:03:36,179] {dag.py:2927} INFO - Setting next_dagrun for example_dag_decorator to None, run_after=None
[2025-10-14 16:03:36,190] {processor.py:161} INFO - Processing /root/Projects/etlX/venv/lib/python3.9/site-packages/airflow/example_dags/example_dag_decorator.py took 0.085 seconds
[2025-10-14 16:04:11,196] {processor.py:153} INFO - Started process (PID=20611) to work on /root/Projects/etlX/venv/lib/python3.9/site-packages/airflow/example_dags/example_dag_decorator.py
[2025-10-14 16:04:11,197] {processor.py:641} INFO - Processing file /root/Projects/etlX/venv/lib/python3.9/site-packages/airflow/example_dags/example_dag_decorator.py for tasks to queue
[2025-10-14 16:04:11,199] {logging_mixin.py:115} INFO - [2025-10-14 16:04:11,199] {dagbag.py:507} INFO - Filling up the DagBag from /root/Projects/etlX/venv/lib/python3.9/site-packages/airflow/example_dags/example_dag_decorator.py
[2025-10-14 16:04:11,266] {processor.py:651} INFO - DAG(s) dict_keys(['example_dag_decorator']) retrieved from /root/Projects/etlX/venv/lib/python3.9/site-packages/airflow/example_dags/example_dag_decorator.py
[2025-10-14 16:04:11,319] {logging_mixin.py:115} INFO - [2025-10-14 16:04:11,319] {dag.py:2379} INFO - Sync 1 DAGs
[2025-10-14 16:04:11,336] {logging_mixin.py:115} INFO - [2025-10-14 16:04:11,336] {dag.py:2927} INFO - Setting next_dagrun for example_dag_decorator to None, run_after=None
[2025-10-14 16:04:11,350] {processor.py:161} INFO - Processing /root/Projects/etlX/venv/lib/python3.9/site-packages/airflow/example_dags/example_dag_decorator.py took 0.165 seconds
[2025-10-14 16:04:43,606] {processor.py:153} INFO - Started process (PID=20669) to work on /root/Projects/etlX/venv/lib/python3.9/site-packages/airflow/example_dags/example_dag_decorator.py
[2025-10-14 16:04:43,607] {processor.py:641} INFO - Processing file /root/Projects/etlX/venv/lib/python3.9/site-packages/airflow/example_dags/example_dag_decorator.py for tasks to queue
[2025-10-14 16:04:43,608] {logging_mixin.py:115} INFO - [2025-10-14 16:04:43,608] {dagbag.py:507} INFO - Filling up the DagBag from /root/Projects/etlX/venv/lib/python3.9/site-packages/airflow/example_dags/example_dag_decorator.py
[2025-10-14 16:04:43,650] {processor.py:651} INFO - DAG(s) dict_keys(['example_dag_decorator']) retrieved from /root/Projects/etlX/venv/lib/python3.9/site-packages/airflow/example_dags/example_dag_decorator.py
[2025-10-14 16:04:43,667] {logging_mixin.py:115} INFO - [2025-10-14 16:04:43,667] {dag.py:2379} INFO - Sync 1 DAGs
[2025-10-14 16:04:43,682] {logging_mixin.py:115} INFO - [2025-10-14 16:04:43,681] {dag.py:2927} INFO - Setting next_dagrun for example_dag_decorator to None, run_after=None
[2025-10-14 16:04:43,692] {processor.py:161} INFO - Processing /root/Projects/etlX/venv/lib/python3.9/site-packages/airflow/example_dags/example_dag_decorator.py took 0.096 seconds
[2025-10-14 16:05:18,120] {processor.py:153} INFO - Started process (PID=20725) to work on /root/Projects/etlX/venv/lib/python3.9/site-packages/airflow/example_dags/example_dag_decorator.py
[2025-10-14 16:05:18,121] {processor.py:641} INFO - Processing file /root/Projects/etlX/venv/lib/python3.9/site-packages/airflow/example_dags/example_dag_decorator.py for tasks to queue
[2025-10-14 16:05:18,122] {logging_mixin.py:115} INFO - [2025-10-14 16:05:18,122] {dagbag.py:507} INFO - Filling up the DagBag from /root/Projects/etlX/venv/lib/python3.9/site-packages/airflow/example_dags/example_dag_decorator.py
[2025-10-14 16:05:18,158] {processor.py:651} INFO - DAG(s) dict_keys(['example_dag_decorator']) retrieved from /root/Projects/etlX/venv/lib/python3.9/site-packages/airflow/example_dags/example_dag_decorator.py
[2025-10-14 16:05:18,174] {logging_mixin.py:115} INFO - [2025-10-14 16:05:18,174] {dag.py:2379} INFO - Sync 1 DAGs
[2025-10-14 16:05:18,189] {logging_mixin.py:115} INFO - [2025-10-14 16:05:18,189] {dag.py:2927} INFO - Setting next_dagrun for example_dag_decorator to None, run_after=None
[2025-10-14 16:05:18,199] {processor.py:161} INFO - Processing /root/Projects/etlX/venv/lib/python3.9/site-packages/airflow/example_dags/example_dag_decorator.py took 0.085 seconds
[2025-10-14 16:05:53,810] {processor.py:153} INFO - Started process (PID=20785) to work on /root/Projects/etlX/venv/lib/python3.9/site-packages/airflow/example_dags/example_dag_decorator.py
[2025-10-14 16:05:53,811] {processor.py:641} INFO - Processing file /root/Projects/etlX/venv/lib/python3.9/site-packages/airflow/example_dags/example_dag_decorator.py for tasks to queue
[2025-10-14 16:05:53,812] {logging_mixin.py:115} INFO - [2025-10-14 16:05:53,812] {dagbag.py:507} INFO - Filling up the DagBag from /root/Projects/etlX/venv/lib/python3.9/site-packages/airflow/example_dags/example_dag_decorator.py
[2025-10-14 16:05:53,846] {processor.py:651} INFO - DAG(s) dict_keys(['example_dag_decorator']) retrieved from /root/Projects/etlX/venv/lib/python3.9/site-packages/airflow/example_dags/example_dag_decorator.py
[2025-10-14 16:05:53,862] {logging_mixin.py:115} INFO - [2025-10-14 16:05:53,862] {dag.py:2379} INFO - Sync 1 DAGs
[2025-10-14 16:05:53,877] {logging_mixin.py:115} INFO - [2025-10-14 16:05:53,877] {dag.py:2927} INFO - Setting next_dagrun for example_dag_decorator to None, run_after=None
[2025-10-14 16:05:53,887] {processor.py:161} INFO - Processing /root/Projects/etlX/venv/lib/python3.9/site-packages/airflow/example_dags/example_dag_decorator.py took 0.083 seconds
[2025-10-14 16:06:28,176] {processor.py:153} INFO - Started process (PID=20844) to work on /root/Projects/etlX/venv/lib/python3.9/site-packages/airflow/example_dags/example_dag_decorator.py
[2025-10-14 16:06:28,177] {processor.py:641} INFO - Processing file /root/Projects/etlX/venv/lib/python3.9/site-packages/airflow/example_dags/example_dag_decorator.py for tasks to queue
[2025-10-14 16:06:28,178] {logging_mixin.py:115} INFO - [2025-10-14 16:06:28,178] {dagbag.py:507} INFO - Filling up the DagBag from /root/Projects/etlX/venv/lib/python3.9/site-packages/airflow/example_dags/example_dag_decorator.py
[2025-10-14 16:06:28,210] {processor.py:651} INFO - DAG(s) dict_keys(['example_dag_decorator']) retrieved from /root/Projects/etlX/venv/lib/python3.9/site-packages/airflow/example_dags/example_dag_decorator.py
[2025-10-14 16:06:28,249] {logging_mixin.py:115} INFO - [2025-10-14 16:06:28,249] {dag.py:2379} INFO - Sync 1 DAGs
[2025-10-14 16:06:28,262] {logging_mixin.py:115} INFO - [2025-10-14 16:06:28,262] {dag.py:2927} INFO - Setting next_dagrun for example_dag_decorator to None, run_after=None
[2025-10-14 16:06:28,273] {processor.py:161} INFO - Processing /root/Projects/etlX/venv/lib/python3.9/site-packages/airflow/example_dags/example_dag_decorator.py took 0.104 seconds
[2025-10-14 16:07:03,161] {processor.py:153} INFO - Started process (PID=20903) to work on /root/Projects/etlX/venv/lib/python3.9/site-packages/airflow/example_dags/example_dag_decorator.py
[2025-10-14 16:07:03,162] {processor.py:641} INFO - Processing file /root/Projects/etlX/venv/lib/python3.9/site-packages/airflow/example_dags/example_dag_decorator.py for tasks to queue
[2025-10-14 16:07:03,162] {logging_mixin.py:115} INFO - [2025-10-14 16:07:03,162] {dagbag.py:507} INFO - Filling up the DagBag from /root/Projects/etlX/venv/lib/python3.9/site-packages/airflow/example_dags/example_dag_decorator.py
[2025-10-14 16:07:03,196] {processor.py:651} INFO - DAG(s) dict_keys(['example_dag_decorator']) retrieved from /root/Projects/etlX/venv/lib/python3.9/site-packages/airflow/example_dags/example_dag_decorator.py
[2025-10-14 16:07:03,214] {logging_mixin.py:115} INFO - [2025-10-14 16:07:03,214] {dag.py:2379} INFO - Sync 1 DAGs
[2025-10-14 16:07:03,231] {logging_mixin.py:115} INFO - [2025-10-14 16:07:03,231] {dag.py:2927} INFO - Setting next_dagrun for example_dag_decorator to None, run_after=None
[2025-10-14 16:07:03,243] {processor.py:161} INFO - Processing /root/Projects/etlX/venv/lib/python3.9/site-packages/airflow/example_dags/example_dag_decorator.py took 0.086 seconds
[2025-10-14 16:07:36,568] {processor.py:153} INFO - Started process (PID=21115) to work on /root/Projects/etlX/venv/lib/python3.9/site-packages/airflow/example_dags/example_dag_decorator.py
[2025-10-14 16:07:36,569] {processor.py:641} INFO - Processing file /root/Projects/etlX/venv/lib/python3.9/site-packages/airflow/example_dags/example_dag_decorator.py for tasks to queue
[2025-10-14 16:07:36,569] {logging_mixin.py:115} INFO - [2025-10-14 16:07:36,569] {dagbag.py:507} INFO - Filling up the DagBag from /root/Projects/etlX/venv/lib/python3.9/site-packages/airflow/example_dags/example_dag_decorator.py
[2025-10-14 16:07:36,615] {processor.py:651} INFO - DAG(s) dict_keys(['example_dag_decorator']) retrieved from /root/Projects/etlX/venv/lib/python3.9/site-packages/airflow/example_dags/example_dag_decorator.py
[2025-10-14 16:07:36,671] {logging_mixin.py:115} INFO - [2025-10-14 16:07:36,671] {dag.py:2379} INFO - Sync 1 DAGs
[2025-10-14 16:07:36,688] {logging_mixin.py:115} INFO - [2025-10-14 16:07:36,688] {dag.py:2927} INFO - Setting next_dagrun for example_dag_decorator to None, run_after=None
[2025-10-14 16:07:36,702] {processor.py:161} INFO - Processing /root/Projects/etlX/venv/lib/python3.9/site-packages/airflow/example_dags/example_dag_decorator.py took 0.140 seconds
[2025-10-14 16:08:10,283] {processor.py:153} INFO - Started process (PID=21427) to work on /root/Projects/etlX/venv/lib/python3.9/site-packages/airflow/example_dags/example_dag_decorator.py
[2025-10-14 16:08:10,284] {processor.py:641} INFO - Processing file /root/Projects/etlX/venv/lib/python3.9/site-packages/airflow/example_dags/example_dag_decorator.py for tasks to queue
[2025-10-14 16:08:10,284] {logging_mixin.py:115} INFO - [2025-10-14 16:08:10,284] {dagbag.py:507} INFO - Filling up the DagBag from /root/Projects/etlX/venv/lib/python3.9/site-packages/airflow/example_dags/example_dag_decorator.py
[2025-10-14 16:08:10,317] {processor.py:651} INFO - DAG(s) dict_keys(['example_dag_decorator']) retrieved from /root/Projects/etlX/venv/lib/python3.9/site-packages/airflow/example_dags/example_dag_decorator.py
[2025-10-14 16:08:10,334] {logging_mixin.py:115} INFO - [2025-10-14 16:08:10,334] {dag.py:2379} INFO - Sync 1 DAGs
[2025-10-14 16:08:10,350] {logging_mixin.py:115} INFO - [2025-10-14 16:08:10,350] {dag.py:2927} INFO - Setting next_dagrun for example_dag_decorator to None, run_after=None
[2025-10-14 16:08:10,360] {processor.py:161} INFO - Processing /root/Projects/etlX/venv/lib/python3.9/site-packages/airflow/example_dags/example_dag_decorator.py took 0.082 seconds
[2025-10-14 16:08:45,369] {processor.py:153} INFO - Started process (PID=21604) to work on /root/Projects/etlX/venv/lib/python3.9/site-packages/airflow/example_dags/example_dag_decorator.py
[2025-10-14 16:08:45,370] {processor.py:641} INFO - Processing file /root/Projects/etlX/venv/lib/python3.9/site-packages/airflow/example_dags/example_dag_decorator.py for tasks to queue
[2025-10-14 16:08:45,371] {logging_mixin.py:115} INFO - [2025-10-14 16:08:45,371] {dagbag.py:507} INFO - Filling up the DagBag from /root/Projects/etlX/venv/lib/python3.9/site-packages/airflow/example_dags/example_dag_decorator.py
[2025-10-14 16:08:45,409] {processor.py:651} INFO - DAG(s) dict_keys(['example_dag_decorator']) retrieved from /root/Projects/etlX/venv/lib/python3.9/site-packages/airflow/example_dags/example_dag_decorator.py
[2025-10-14 16:08:45,457] {logging_mixin.py:115} INFO - [2025-10-14 16:08:45,457] {dag.py:2379} INFO - Sync 1 DAGs
[2025-10-14 16:08:45,471] {logging_mixin.py:115} INFO - [2025-10-14 16:08:45,471] {dag.py:2927} INFO - Setting next_dagrun for example_dag_decorator to None, run_after=None
[2025-10-14 16:08:45,484] {processor.py:161} INFO - Processing /root/Projects/etlX/venv/lib/python3.9/site-packages/airflow/example_dags/example_dag_decorator.py took 0.120 seconds
[2025-10-14 16:25:39,433] {processor.py:153} INFO - Started process (PID=22841) to work on /root/Projects/etlX/venv/lib/python3.9/site-packages/airflow/example_dags/example_dag_decorator.py
[2025-10-14 16:25:39,434] {processor.py:641} INFO - Processing file /root/Projects/etlX/venv/lib/python3.9/site-packages/airflow/example_dags/example_dag_decorator.py for tasks to queue
[2025-10-14 16:25:39,435] {logging_mixin.py:115} INFO - [2025-10-14 16:25:39,435] {dagbag.py:507} INFO - Filling up the DagBag from /root/Projects/etlX/venv/lib/python3.9/site-packages/airflow/example_dags/example_dag_decorator.py
[2025-10-14 16:25:39,464] {processor.py:651} INFO - DAG(s) dict_keys(['example_dag_decorator']) retrieved from /root/Projects/etlX/venv/lib/python3.9/site-packages/airflow/example_dags/example_dag_decorator.py
[2025-10-14 16:25:39,512] {logging_mixin.py:115} INFO - [2025-10-14 16:25:39,512] {dag.py:2379} INFO - Sync 1 DAGs
[2025-10-14 16:25:39,525] {logging_mixin.py:115} INFO - [2025-10-14 16:25:39,525] {dag.py:2927} INFO - Setting next_dagrun for example_dag_decorator to None, run_after=None
[2025-10-14 16:25:39,538] {processor.py:161} INFO - Processing /root/Projects/etlX/venv/lib/python3.9/site-packages/airflow/example_dags/example_dag_decorator.py took 0.109 seconds
[2025-10-14 16:26:14,454] {processor.py:153} INFO - Started process (PID=22896) to work on /root/Projects/etlX/venv/lib/python3.9/site-packages/airflow/example_dags/example_dag_decorator.py
[2025-10-14 16:26:14,454] {processor.py:641} INFO - Processing file /root/Projects/etlX/venv/lib/python3.9/site-packages/airflow/example_dags/example_dag_decorator.py for tasks to queue
[2025-10-14 16:26:14,455] {logging_mixin.py:115} INFO - [2025-10-14 16:26:14,455] {dagbag.py:507} INFO - Filling up the DagBag from /root/Projects/etlX/venv/lib/python3.9/site-packages/airflow/example_dags/example_dag_decorator.py
[2025-10-14 16:26:14,481] {processor.py:651} INFO - DAG(s) dict_keys(['example_dag_decorator']) retrieved from /root/Projects/etlX/venv/lib/python3.9/site-packages/airflow/example_dags/example_dag_decorator.py
[2025-10-14 16:26:14,521] {logging_mixin.py:115} INFO - [2025-10-14 16:26:14,521] {dag.py:2379} INFO - Sync 1 DAGs
[2025-10-14 16:26:14,533] {logging_mixin.py:115} INFO - [2025-10-14 16:26:14,533] {dag.py:2927} INFO - Setting next_dagrun for example_dag_decorator to None, run_after=None
[2025-10-14 16:26:14,544] {processor.py:161} INFO - Processing /root/Projects/etlX/venv/lib/python3.9/site-packages/airflow/example_dags/example_dag_decorator.py took 0.095 seconds
[2025-10-14 16:26:47,207] {processor.py:153} INFO - Started process (PID=22954) to work on /root/Projects/etlX/venv/lib/python3.9/site-packages/airflow/example_dags/example_dag_decorator.py
[2025-10-14 16:26:47,208] {processor.py:641} INFO - Processing file /root/Projects/etlX/venv/lib/python3.9/site-packages/airflow/example_dags/example_dag_decorator.py for tasks to queue
[2025-10-14 16:26:47,209] {logging_mixin.py:115} INFO - [2025-10-14 16:26:47,208] {dagbag.py:507} INFO - Filling up the DagBag from /root/Projects/etlX/venv/lib/python3.9/site-packages/airflow/example_dags/example_dag_decorator.py
[2025-10-14 16:26:47,235] {processor.py:651} INFO - DAG(s) dict_keys(['example_dag_decorator']) retrieved from /root/Projects/etlX/venv/lib/python3.9/site-packages/airflow/example_dags/example_dag_decorator.py
[2025-10-14 16:26:47,284] {logging_mixin.py:115} INFO - [2025-10-14 16:26:47,283] {dag.py:2379} INFO - Sync 1 DAGs
[2025-10-14 16:26:47,298] {logging_mixin.py:115} INFO - [2025-10-14 16:26:47,298] {dag.py:2927} INFO - Setting next_dagrun for example_dag_decorator to None, run_after=None
[2025-10-14 16:26:47,310] {processor.py:161} INFO - Processing /root/Projects/etlX/venv/lib/python3.9/site-packages/airflow/example_dags/example_dag_decorator.py took 0.107 seconds
[2025-10-14 16:27:21,743] {processor.py:153} INFO - Started process (PID=23012) to work on /root/Projects/etlX/venv/lib/python3.9/site-packages/airflow/example_dags/example_dag_decorator.py
[2025-10-14 16:27:21,744] {processor.py:641} INFO - Processing file /root/Projects/etlX/venv/lib/python3.9/site-packages/airflow/example_dags/example_dag_decorator.py for tasks to queue
[2025-10-14 16:27:21,744] {logging_mixin.py:115} INFO - [2025-10-14 16:27:21,744] {dagbag.py:507} INFO - Filling up the DagBag from /root/Projects/etlX/venv/lib/python3.9/site-packages/airflow/example_dags/example_dag_decorator.py
[2025-10-14 16:27:21,769] {processor.py:651} INFO - DAG(s) dict_keys(['example_dag_decorator']) retrieved from /root/Projects/etlX/venv/lib/python3.9/site-packages/airflow/example_dags/example_dag_decorator.py
[2025-10-14 16:27:21,812] {logging_mixin.py:115} INFO - [2025-10-14 16:27:21,812] {dag.py:2379} INFO - Sync 1 DAGs
[2025-10-14 16:27:21,824] {logging_mixin.py:115} INFO - [2025-10-14 16:27:21,824] {dag.py:2927} INFO - Setting next_dagrun for example_dag_decorator to None, run_after=None
[2025-10-14 16:27:21,835] {processor.py:161} INFO - Processing /root/Projects/etlX/venv/lib/python3.9/site-packages/airflow/example_dags/example_dag_decorator.py took 0.096 seconds
[2025-10-14 16:27:56,866] {processor.py:153} INFO - Started process (PID=23171) to work on /root/Projects/etlX/venv/lib/python3.9/site-packages/airflow/example_dags/example_dag_decorator.py
[2025-10-14 16:27:56,867] {processor.py:641} INFO - Processing file /root/Projects/etlX/venv/lib/python3.9/site-packages/airflow/example_dags/example_dag_decorator.py for tasks to queue
[2025-10-14 16:27:56,867] {logging_mixin.py:115} INFO - [2025-10-14 16:27:56,867] {dagbag.py:507} INFO - Filling up the DagBag from /root/Projects/etlX/venv/lib/python3.9/site-packages/airflow/example_dags/example_dag_decorator.py
[2025-10-14 16:27:56,894] {processor.py:651} INFO - DAG(s) dict_keys(['example_dag_decorator']) retrieved from /root/Projects/etlX/venv/lib/python3.9/site-packages/airflow/example_dags/example_dag_decorator.py
[2025-10-14 16:27:56,939] {logging_mixin.py:115} INFO - [2025-10-14 16:27:56,938] {dag.py:2379} INFO - Sync 1 DAGs
[2025-10-14 16:27:56,951] {logging_mixin.py:115} INFO - [2025-10-14 16:27:56,951] {dag.py:2927} INFO - Setting next_dagrun for example_dag_decorator to None, run_after=None
[2025-10-14 16:27:56,961] {processor.py:161} INFO - Processing /root/Projects/etlX/venv/lib/python3.9/site-packages/airflow/example_dags/example_dag_decorator.py took 0.099 seconds
[2025-10-14 16:28:33,616] {processor.py:153} INFO - Started process (PID=23337) to work on /root/Projects/etlX/venv/lib/python3.9/site-packages/airflow/example_dags/example_dag_decorator.py
[2025-10-14 16:28:33,616] {processor.py:641} INFO - Processing file /root/Projects/etlX/venv/lib/python3.9/site-packages/airflow/example_dags/example_dag_decorator.py for tasks to queue
[2025-10-14 16:28:33,617] {logging_mixin.py:115} INFO - [2025-10-14 16:28:33,617] {dagbag.py:507} INFO - Filling up the DagBag from /root/Projects/etlX/venv/lib/python3.9/site-packages/airflow/example_dags/example_dag_decorator.py
[2025-10-14 16:28:33,642] {processor.py:651} INFO - DAG(s) dict_keys(['example_dag_decorator']) retrieved from /root/Projects/etlX/venv/lib/python3.9/site-packages/airflow/example_dags/example_dag_decorator.py
[2025-10-14 16:28:33,687] {logging_mixin.py:115} INFO - [2025-10-14 16:28:33,687] {dag.py:2379} INFO - Sync 1 DAGs
[2025-10-14 16:28:33,699] {logging_mixin.py:115} INFO - [2025-10-14 16:28:33,699] {dag.py:2927} INFO - Setting next_dagrun for example_dag_decorator to None, run_after=None
[2025-10-14 16:28:33,711] {processor.py:161} INFO - Processing /root/Projects/etlX/venv/lib/python3.9/site-packages/airflow/example_dags/example_dag_decorator.py took 0.099 seconds
[2025-10-14 16:29:06,556] {processor.py:153} INFO - Started process (PID=23443) to work on /root/Projects/etlX/venv/lib/python3.9/site-packages/airflow/example_dags/example_dag_decorator.py
[2025-10-14 16:29:06,556] {processor.py:641} INFO - Processing file /root/Projects/etlX/venv/lib/python3.9/site-packages/airflow/example_dags/example_dag_decorator.py for tasks to queue
[2025-10-14 16:29:06,557] {logging_mixin.py:115} INFO - [2025-10-14 16:29:06,557] {dagbag.py:507} INFO - Filling up the DagBag from /root/Projects/etlX/venv/lib/python3.9/site-packages/airflow/example_dags/example_dag_decorator.py
[2025-10-14 16:29:06,582] {processor.py:651} INFO - DAG(s) dict_keys(['example_dag_decorator']) retrieved from /root/Projects/etlX/venv/lib/python3.9/site-packages/airflow/example_dags/example_dag_decorator.py
[2025-10-14 16:29:06,625] {logging_mixin.py:115} INFO - [2025-10-14 16:29:06,625] {dag.py:2379} INFO - Sync 1 DAGs
[2025-10-14 16:29:06,637] {logging_mixin.py:115} INFO - [2025-10-14 16:29:06,637] {dag.py:2927} INFO - Setting next_dagrun for example_dag_decorator to None, run_after=None
[2025-10-14 16:29:06,650] {processor.py:161} INFO - Processing /root/Projects/etlX/venv/lib/python3.9/site-packages/airflow/example_dags/example_dag_decorator.py took 0.098 seconds
[2025-10-14 16:29:40,548] {processor.py:153} INFO - Started process (PID=23611) to work on /root/Projects/etlX/venv/lib/python3.9/site-packages/airflow/example_dags/example_dag_decorator.py
[2025-10-14 16:29:40,548] {processor.py:641} INFO - Processing file /root/Projects/etlX/venv/lib/python3.9/site-packages/airflow/example_dags/example_dag_decorator.py for tasks to queue
[2025-10-14 16:29:40,549] {logging_mixin.py:115} INFO - [2025-10-14 16:29:40,549] {dagbag.py:507} INFO - Filling up the DagBag from /root/Projects/etlX/venv/lib/python3.9/site-packages/airflow/example_dags/example_dag_decorator.py
[2025-10-14 16:29:40,574] {processor.py:651} INFO - DAG(s) dict_keys(['example_dag_decorator']) retrieved from /root/Projects/etlX/venv/lib/python3.9/site-packages/airflow/example_dags/example_dag_decorator.py
[2025-10-14 16:29:40,617] {logging_mixin.py:115} INFO - [2025-10-14 16:29:40,617] {dag.py:2379} INFO - Sync 1 DAGs
[2025-10-14 16:29:40,629] {logging_mixin.py:115} INFO - [2025-10-14 16:29:40,629] {dag.py:2927} INFO - Setting next_dagrun for example_dag_decorator to None, run_after=None
[2025-10-14 16:29:40,641] {processor.py:161} INFO - Processing /root/Projects/etlX/venv/lib/python3.9/site-packages/airflow/example_dags/example_dag_decorator.py took 0.097 seconds
