[2025-10-14 14:57:21,988] {processor.py:153} INFO - Started process (PID=13447) to work on /root/Projects/etlX/venv/lib/python3.9/site-packages/airflow/example_dags/example_branch_operator_decorator.py
[2025-10-14 14:57:21,989] {processor.py:641} INFO - Processing file /root/Projects/etlX/venv/lib/python3.9/site-packages/airflow/example_dags/example_branch_operator_decorator.py for tasks to queue
[2025-10-14 14:57:21,990] {logging_mixin.py:115} INFO - [2025-10-14 14:57:21,990] {dagbag.py:507} INFO - Filling up the DagBag from /root/Projects/etlX/venv/lib/python3.9/site-packages/airflow/example_dags/example_branch_operator_decorator.py
[2025-10-14 14:57:22,017] {processor.py:651} INFO - DAG(s) dict_keys(['example_branch_python_operator_decorator']) retrieved from /root/Projects/etlX/venv/lib/python3.9/site-packages/airflow/example_dags/example_branch_operator_decorator.py
[2025-10-14 14:57:22,104] {logging_mixin.py:115} INFO - [2025-10-14 14:57:22,103] {manager.py:508} INFO - Created Permission View: can read on DAG:example_branch_python_operator_decorator
[2025-10-14 14:57:22,114] {logging_mixin.py:115} INFO - [2025-10-14 14:57:22,114] {manager.py:508} INFO - Created Permission View: can edit on DAG:example_branch_python_operator_decorator
[2025-10-14 14:57:22,124] {logging_mixin.py:115} INFO - [2025-10-14 14:57:22,124] {manager.py:508} INFO - Created Permission View: can delete on DAG:example_branch_python_operator_decorator
[2025-10-14 14:57:22,124] {logging_mixin.py:115} INFO - [2025-10-14 14:57:22,124] {dag.py:2379} INFO - Sync 1 DAGs
[2025-10-14 14:57:22,132] {logging_mixin.py:115} INFO - [2025-10-14 14:57:22,132] {dag.py:2398} INFO - Creating ORM DAG for example_branch_python_operator_decorator
[2025-10-14 14:57:22,144] {logging_mixin.py:115} INFO - [2025-10-14 14:57:22,144] {dag.py:2927} INFO - Setting next_dagrun for example_branch_python_operator_decorator to 2025-10-13T00:00:00+00:00, run_after=2025-10-14T00:00:00+00:00
[2025-10-14 14:57:22,161] {processor.py:161} INFO - Processing /root/Projects/etlX/venv/lib/python3.9/site-packages/airflow/example_dags/example_branch_operator_decorator.py took 0.178 seconds
[2025-10-14 14:57:56,862] {processor.py:153} INFO - Started process (PID=13607) to work on /root/Projects/etlX/venv/lib/python3.9/site-packages/airflow/example_dags/example_branch_operator_decorator.py
[2025-10-14 14:57:56,863] {processor.py:641} INFO - Processing file /root/Projects/etlX/venv/lib/python3.9/site-packages/airflow/example_dags/example_branch_operator_decorator.py for tasks to queue
[2025-10-14 14:57:56,864] {logging_mixin.py:115} INFO - [2025-10-14 14:57:56,864] {dagbag.py:507} INFO - Filling up the DagBag from /root/Projects/etlX/venv/lib/python3.9/site-packages/airflow/example_dags/example_branch_operator_decorator.py
[2025-10-14 14:57:56,884] {processor.py:651} INFO - DAG(s) dict_keys(['example_branch_python_operator_decorator']) retrieved from /root/Projects/etlX/venv/lib/python3.9/site-packages/airflow/example_dags/example_branch_operator_decorator.py
[2025-10-14 14:57:56,906] {logging_mixin.py:115} INFO - [2025-10-14 14:57:56,906] {dag.py:2379} INFO - Sync 1 DAGs
[2025-10-14 14:57:56,922] {logging_mixin.py:115} INFO - [2025-10-14 14:57:56,922] {dag.py:2927} INFO - Setting next_dagrun for example_branch_python_operator_decorator to 2025-10-13T00:00:00+00:00, run_after=2025-10-14T00:00:00+00:00
[2025-10-14 14:57:56,934] {processor.py:161} INFO - Processing /root/Projects/etlX/venv/lib/python3.9/site-packages/airflow/example_dags/example_branch_operator_decorator.py took 0.077 seconds
[2025-10-14 14:58:33,990] {processor.py:153} INFO - Started process (PID=13718) to work on /root/Projects/etlX/venv/lib/python3.9/site-packages/airflow/example_dags/example_branch_operator_decorator.py
[2025-10-14 14:58:33,990] {processor.py:641} INFO - Processing file /root/Projects/etlX/venv/lib/python3.9/site-packages/airflow/example_dags/example_branch_operator_decorator.py for tasks to queue
[2025-10-14 14:58:33,991] {logging_mixin.py:115} INFO - [2025-10-14 14:58:33,991] {dagbag.py:507} INFO - Filling up the DagBag from /root/Projects/etlX/venv/lib/python3.9/site-packages/airflow/example_dags/example_branch_operator_decorator.py
[2025-10-14 14:58:34,011] {processor.py:651} INFO - DAG(s) dict_keys(['example_branch_python_operator_decorator']) retrieved from /root/Projects/etlX/venv/lib/python3.9/site-packages/airflow/example_dags/example_branch_operator_decorator.py
[2025-10-14 14:58:34,034] {logging_mixin.py:115} INFO - [2025-10-14 14:58:34,034] {dag.py:2379} INFO - Sync 1 DAGs
[2025-10-14 14:58:34,050] {logging_mixin.py:115} INFO - [2025-10-14 14:58:34,050] {dag.py:2927} INFO - Setting next_dagrun for example_branch_python_operator_decorator to 2025-10-13T00:00:00+00:00, run_after=2025-10-14T00:00:00+00:00
[2025-10-14 14:58:34,061] {processor.py:161} INFO - Processing /root/Projects/etlX/venv/lib/python3.9/site-packages/airflow/example_dags/example_branch_operator_decorator.py took 0.076 seconds
[2025-10-14 14:59:05,358] {processor.py:153} INFO - Started process (PID=13875) to work on /root/Projects/etlX/venv/lib/python3.9/site-packages/airflow/example_dags/example_branch_operator_decorator.py
[2025-10-14 14:59:05,359] {processor.py:641} INFO - Processing file /root/Projects/etlX/venv/lib/python3.9/site-packages/airflow/example_dags/example_branch_operator_decorator.py for tasks to queue
[2025-10-14 14:59:05,360] {logging_mixin.py:115} INFO - [2025-10-14 14:59:05,360] {dagbag.py:507} INFO - Filling up the DagBag from /root/Projects/etlX/venv/lib/python3.9/site-packages/airflow/example_dags/example_branch_operator_decorator.py
[2025-10-14 14:59:05,401] {processor.py:651} INFO - DAG(s) dict_keys(['example_branch_python_operator_decorator']) retrieved from /root/Projects/etlX/venv/lib/python3.9/site-packages/airflow/example_dags/example_branch_operator_decorator.py
[2025-10-14 14:59:05,431] {logging_mixin.py:115} INFO - [2025-10-14 14:59:05,431] {dag.py:2379} INFO - Sync 1 DAGs
[2025-10-14 14:59:05,449] {logging_mixin.py:115} INFO - [2025-10-14 14:59:05,449] {dag.py:2927} INFO - Setting next_dagrun for example_branch_python_operator_decorator to 2025-10-13T00:00:00+00:00, run_after=2025-10-14T00:00:00+00:00
[2025-10-14 14:59:05,460] {processor.py:161} INFO - Processing /root/Projects/etlX/venv/lib/python3.9/site-packages/airflow/example_dags/example_branch_operator_decorator.py took 0.109 seconds
[2025-10-14 14:59:41,829] {processor.py:153} INFO - Started process (PID=13988) to work on /root/Projects/etlX/venv/lib/python3.9/site-packages/airflow/example_dags/example_branch_operator_decorator.py
[2025-10-14 14:59:41,830] {processor.py:641} INFO - Processing file /root/Projects/etlX/venv/lib/python3.9/site-packages/airflow/example_dags/example_branch_operator_decorator.py for tasks to queue
[2025-10-14 14:59:41,831] {logging_mixin.py:115} INFO - [2025-10-14 14:59:41,830] {dagbag.py:507} INFO - Filling up the DagBag from /root/Projects/etlX/venv/lib/python3.9/site-packages/airflow/example_dags/example_branch_operator_decorator.py
[2025-10-14 14:59:41,856] {processor.py:651} INFO - DAG(s) dict_keys(['example_branch_python_operator_decorator']) retrieved from /root/Projects/etlX/venv/lib/python3.9/site-packages/airflow/example_dags/example_branch_operator_decorator.py
[2025-10-14 14:59:41,891] {logging_mixin.py:115} INFO - [2025-10-14 14:59:41,891] {dag.py:2379} INFO - Sync 1 DAGs
[2025-10-14 14:59:41,927] {logging_mixin.py:115} INFO - [2025-10-14 14:59:41,927] {dag.py:2927} INFO - Setting next_dagrun for example_branch_python_operator_decorator to 2025-10-13T00:00:00+00:00, run_after=2025-10-14T00:00:00+00:00
[2025-10-14 14:59:41,942] {processor.py:161} INFO - Processing /root/Projects/etlX/venv/lib/python3.9/site-packages/airflow/example_dags/example_branch_operator_decorator.py took 0.118 seconds
[2025-10-14 15:00:14,572] {processor.py:153} INFO - Started process (PID=14043) to work on /root/Projects/etlX/venv/lib/python3.9/site-packages/airflow/example_dags/example_branch_operator_decorator.py
[2025-10-14 15:00:14,573] {processor.py:641} INFO - Processing file /root/Projects/etlX/venv/lib/python3.9/site-packages/airflow/example_dags/example_branch_operator_decorator.py for tasks to queue
[2025-10-14 15:00:14,574] {logging_mixin.py:115} INFO - [2025-10-14 15:00:14,574] {dagbag.py:507} INFO - Filling up the DagBag from /root/Projects/etlX/venv/lib/python3.9/site-packages/airflow/example_dags/example_branch_operator_decorator.py
[2025-10-14 15:00:14,595] {processor.py:651} INFO - DAG(s) dict_keys(['example_branch_python_operator_decorator']) retrieved from /root/Projects/etlX/venv/lib/python3.9/site-packages/airflow/example_dags/example_branch_operator_decorator.py
[2025-10-14 15:00:14,619] {logging_mixin.py:115} INFO - [2025-10-14 15:00:14,619] {dag.py:2379} INFO - Sync 1 DAGs
[2025-10-14 15:00:14,637] {logging_mixin.py:115} INFO - [2025-10-14 15:00:14,637] {dag.py:2927} INFO - Setting next_dagrun for example_branch_python_operator_decorator to 2025-10-13T00:00:00+00:00, run_after=2025-10-14T00:00:00+00:00
[2025-10-14 15:00:14,649] {processor.py:161} INFO - Processing /root/Projects/etlX/venv/lib/python3.9/site-packages/airflow/example_dags/example_branch_operator_decorator.py took 0.082 seconds
[2025-10-14 15:00:49,643] {processor.py:153} INFO - Started process (PID=14250) to work on /root/Projects/etlX/venv/lib/python3.9/site-packages/airflow/example_dags/example_branch_operator_decorator.py
[2025-10-14 15:00:49,644] {processor.py:641} INFO - Processing file /root/Projects/etlX/venv/lib/python3.9/site-packages/airflow/example_dags/example_branch_operator_decorator.py for tasks to queue
[2025-10-14 15:00:49,645] {logging_mixin.py:115} INFO - [2025-10-14 15:00:49,644] {dagbag.py:507} INFO - Filling up the DagBag from /root/Projects/etlX/venv/lib/python3.9/site-packages/airflow/example_dags/example_branch_operator_decorator.py
[2025-10-14 15:00:49,667] {processor.py:651} INFO - DAG(s) dict_keys(['example_branch_python_operator_decorator']) retrieved from /root/Projects/etlX/venv/lib/python3.9/site-packages/airflow/example_dags/example_branch_operator_decorator.py
[2025-10-14 15:00:49,690] {logging_mixin.py:115} INFO - [2025-10-14 15:00:49,690] {dag.py:2379} INFO - Sync 1 DAGs
[2025-10-14 15:00:49,706] {logging_mixin.py:115} INFO - [2025-10-14 15:00:49,706] {dag.py:2927} INFO - Setting next_dagrun for example_branch_python_operator_decorator to 2025-10-13T00:00:00+00:00, run_after=2025-10-14T00:00:00+00:00
[2025-10-14 15:00:49,719] {processor.py:161} INFO - Processing /root/Projects/etlX/venv/lib/python3.9/site-packages/airflow/example_dags/example_branch_operator_decorator.py took 0.081 seconds
[2025-10-14 15:01:24,332] {processor.py:153} INFO - Started process (PID=14467) to work on /root/Projects/etlX/venv/lib/python3.9/site-packages/airflow/example_dags/example_branch_operator_decorator.py
[2025-10-14 15:01:24,333] {processor.py:641} INFO - Processing file /root/Projects/etlX/venv/lib/python3.9/site-packages/airflow/example_dags/example_branch_operator_decorator.py for tasks to queue
[2025-10-14 15:01:24,333] {logging_mixin.py:115} INFO - [2025-10-14 15:01:24,333] {dagbag.py:507} INFO - Filling up the DagBag from /root/Projects/etlX/venv/lib/python3.9/site-packages/airflow/example_dags/example_branch_operator_decorator.py
[2025-10-14 15:01:24,353] {processor.py:651} INFO - DAG(s) dict_keys(['example_branch_python_operator_decorator']) retrieved from /root/Projects/etlX/venv/lib/python3.9/site-packages/airflow/example_dags/example_branch_operator_decorator.py
[2025-10-14 15:01:24,376] {logging_mixin.py:115} INFO - [2025-10-14 15:01:24,376] {dag.py:2379} INFO - Sync 1 DAGs
[2025-10-14 15:01:24,392] {logging_mixin.py:115} INFO - [2025-10-14 15:01:24,392] {dag.py:2927} INFO - Setting next_dagrun for example_branch_python_operator_decorator to 2025-10-13T00:00:00+00:00, run_after=2025-10-14T00:00:00+00:00
[2025-10-14 15:01:24,403] {processor.py:161} INFO - Processing /root/Projects/etlX/venv/lib/python3.9/site-packages/airflow/example_dags/example_branch_operator_decorator.py took 0.075 seconds
[2025-10-14 15:01:59,491] {processor.py:153} INFO - Started process (PID=14728) to work on /root/Projects/etlX/venv/lib/python3.9/site-packages/airflow/example_dags/example_branch_operator_decorator.py
[2025-10-14 15:01:59,492] {processor.py:641} INFO - Processing file /root/Projects/etlX/venv/lib/python3.9/site-packages/airflow/example_dags/example_branch_operator_decorator.py for tasks to queue
[2025-10-14 15:01:59,492] {logging_mixin.py:115} INFO - [2025-10-14 15:01:59,492] {dagbag.py:507} INFO - Filling up the DagBag from /root/Projects/etlX/venv/lib/python3.9/site-packages/airflow/example_dags/example_branch_operator_decorator.py
[2025-10-14 15:01:59,518] {processor.py:651} INFO - DAG(s) dict_keys(['example_branch_python_operator_decorator']) retrieved from /root/Projects/etlX/venv/lib/python3.9/site-packages/airflow/example_dags/example_branch_operator_decorator.py
[2025-10-14 15:01:59,545] {logging_mixin.py:115} INFO - [2025-10-14 15:01:59,544] {dag.py:2379} INFO - Sync 1 DAGs
[2025-10-14 15:01:59,566] {logging_mixin.py:115} INFO - [2025-10-14 15:01:59,566] {dag.py:2927} INFO - Setting next_dagrun for example_branch_python_operator_decorator to 2025-10-13T00:00:00+00:00, run_after=2025-10-14T00:00:00+00:00
[2025-10-14 15:01:59,580] {processor.py:161} INFO - Processing /root/Projects/etlX/venv/lib/python3.9/site-packages/airflow/example_dags/example_branch_operator_decorator.py took 0.094 seconds
[2025-10-14 15:02:34,009] {processor.py:153} INFO - Started process (PID=14839) to work on /root/Projects/etlX/venv/lib/python3.9/site-packages/airflow/example_dags/example_branch_operator_decorator.py
[2025-10-14 15:02:34,009] {processor.py:641} INFO - Processing file /root/Projects/etlX/venv/lib/python3.9/site-packages/airflow/example_dags/example_branch_operator_decorator.py for tasks to queue
[2025-10-14 15:02:34,010] {logging_mixin.py:115} INFO - [2025-10-14 15:02:34,010] {dagbag.py:507} INFO - Filling up the DagBag from /root/Projects/etlX/venv/lib/python3.9/site-packages/airflow/example_dags/example_branch_operator_decorator.py
[2025-10-14 15:02:34,034] {processor.py:651} INFO - DAG(s) dict_keys(['example_branch_python_operator_decorator']) retrieved from /root/Projects/etlX/venv/lib/python3.9/site-packages/airflow/example_dags/example_branch_operator_decorator.py
[2025-10-14 15:02:34,058] {logging_mixin.py:115} INFO - [2025-10-14 15:02:34,058] {dag.py:2379} INFO - Sync 1 DAGs
[2025-10-14 15:02:34,076] {logging_mixin.py:115} INFO - [2025-10-14 15:02:34,076] {dag.py:2927} INFO - Setting next_dagrun for example_branch_python_operator_decorator to 2025-10-13T00:00:00+00:00, run_after=2025-10-14T00:00:00+00:00
[2025-10-14 15:02:34,089] {processor.py:161} INFO - Processing /root/Projects/etlX/venv/lib/python3.9/site-packages/airflow/example_dags/example_branch_operator_decorator.py took 0.086 seconds
[2025-10-14 15:03:07,289] {processor.py:153} INFO - Started process (PID=14997) to work on /root/Projects/etlX/venv/lib/python3.9/site-packages/airflow/example_dags/example_branch_operator_decorator.py
[2025-10-14 15:03:07,289] {processor.py:641} INFO - Processing file /root/Projects/etlX/venv/lib/python3.9/site-packages/airflow/example_dags/example_branch_operator_decorator.py for tasks to queue
[2025-10-14 15:03:07,290] {logging_mixin.py:115} INFO - [2025-10-14 15:03:07,290] {dagbag.py:507} INFO - Filling up the DagBag from /root/Projects/etlX/venv/lib/python3.9/site-packages/airflow/example_dags/example_branch_operator_decorator.py
[2025-10-14 15:03:07,312] {processor.py:651} INFO - DAG(s) dict_keys(['example_branch_python_operator_decorator']) retrieved from /root/Projects/etlX/venv/lib/python3.9/site-packages/airflow/example_dags/example_branch_operator_decorator.py
[2025-10-14 15:03:07,336] {logging_mixin.py:115} INFO - [2025-10-14 15:03:07,336] {dag.py:2379} INFO - Sync 1 DAGs
[2025-10-14 15:03:07,354] {logging_mixin.py:115} INFO - [2025-10-14 15:03:07,354] {dag.py:2927} INFO - Setting next_dagrun for example_branch_python_operator_decorator to 2025-10-13T00:00:00+00:00, run_after=2025-10-14T00:00:00+00:00
[2025-10-14 15:03:07,371] {processor.py:161} INFO - Processing /root/Projects/etlX/venv/lib/python3.9/site-packages/airflow/example_dags/example_branch_operator_decorator.py took 0.088 seconds
[2025-10-14 15:10:10,044] {processor.py:153} INFO - Started process (PID=15906) to work on /root/Projects/etlX/venv/lib/python3.9/site-packages/airflow/example_dags/example_branch_operator_decorator.py
[2025-10-14 15:10:10,045] {processor.py:641} INFO - Processing file /root/Projects/etlX/venv/lib/python3.9/site-packages/airflow/example_dags/example_branch_operator_decorator.py for tasks to queue
[2025-10-14 15:10:10,045] {logging_mixin.py:115} INFO - [2025-10-14 15:10:10,045] {dagbag.py:507} INFO - Filling up the DagBag from /root/Projects/etlX/venv/lib/python3.9/site-packages/airflow/example_dags/example_branch_operator_decorator.py
[2025-10-14 15:10:10,072] {processor.py:651} INFO - DAG(s) dict_keys(['example_branch_python_operator_decorator']) retrieved from /root/Projects/etlX/venv/lib/python3.9/site-packages/airflow/example_dags/example_branch_operator_decorator.py
[2025-10-14 15:10:10,099] {logging_mixin.py:115} INFO - [2025-10-14 15:10:10,098] {dag.py:2379} INFO - Sync 1 DAGs
[2025-10-14 15:10:10,118] {logging_mixin.py:115} INFO - [2025-10-14 15:10:10,118] {dag.py:2927} INFO - Setting next_dagrun for example_branch_python_operator_decorator to 2025-10-13T00:00:00+00:00, run_after=2025-10-14T00:00:00+00:00
[2025-10-14 15:10:10,132] {processor.py:161} INFO - Processing /root/Projects/etlX/venv/lib/python3.9/site-packages/airflow/example_dags/example_branch_operator_decorator.py took 0.093 seconds
[2025-10-14 15:10:43,872] {processor.py:153} INFO - Started process (PID=15964) to work on /root/Projects/etlX/venv/lib/python3.9/site-packages/airflow/example_dags/example_branch_operator_decorator.py
[2025-10-14 15:10:43,872] {processor.py:641} INFO - Processing file /root/Projects/etlX/venv/lib/python3.9/site-packages/airflow/example_dags/example_branch_operator_decorator.py for tasks to queue
[2025-10-14 15:10:43,873] {logging_mixin.py:115} INFO - [2025-10-14 15:10:43,873] {dagbag.py:507} INFO - Filling up the DagBag from /root/Projects/etlX/venv/lib/python3.9/site-packages/airflow/example_dags/example_branch_operator_decorator.py
[2025-10-14 15:10:43,899] {processor.py:651} INFO - DAG(s) dict_keys(['example_branch_python_operator_decorator']) retrieved from /root/Projects/etlX/venv/lib/python3.9/site-packages/airflow/example_dags/example_branch_operator_decorator.py
[2025-10-14 15:10:43,926] {logging_mixin.py:115} INFO - [2025-10-14 15:10:43,926] {dag.py:2379} INFO - Sync 1 DAGs
[2025-10-14 15:10:43,945] {logging_mixin.py:115} INFO - [2025-10-14 15:10:43,945] {dag.py:2927} INFO - Setting next_dagrun for example_branch_python_operator_decorator to 2025-10-13T00:00:00+00:00, run_after=2025-10-14T00:00:00+00:00
[2025-10-14 15:10:43,959] {processor.py:161} INFO - Processing /root/Projects/etlX/venv/lib/python3.9/site-packages/airflow/example_dags/example_branch_operator_decorator.py took 0.093 seconds
[2025-10-14 15:11:21,267] {processor.py:153} INFO - Started process (PID=16127) to work on /root/Projects/etlX/venv/lib/python3.9/site-packages/airflow/example_dags/example_branch_operator_decorator.py
[2025-10-14 15:11:21,267] {processor.py:641} INFO - Processing file /root/Projects/etlX/venv/lib/python3.9/site-packages/airflow/example_dags/example_branch_operator_decorator.py for tasks to queue
[2025-10-14 15:11:21,269] {logging_mixin.py:115} INFO - [2025-10-14 15:11:21,269] {dagbag.py:507} INFO - Filling up the DagBag from /root/Projects/etlX/venv/lib/python3.9/site-packages/airflow/example_dags/example_branch_operator_decorator.py
[2025-10-14 15:11:21,293] {processor.py:651} INFO - DAG(s) dict_keys(['example_branch_python_operator_decorator']) retrieved from /root/Projects/etlX/venv/lib/python3.9/site-packages/airflow/example_dags/example_branch_operator_decorator.py
[2025-10-14 15:11:21,349] {logging_mixin.py:115} INFO - [2025-10-14 15:11:21,349] {dag.py:2379} INFO - Sync 1 DAGs
[2025-10-14 15:11:21,386] {logging_mixin.py:115} INFO - [2025-10-14 15:11:21,386] {dag.py:2927} INFO - Setting next_dagrun for example_branch_python_operator_decorator to 2025-10-13T00:00:00+00:00, run_after=2025-10-14T00:00:00+00:00
[2025-10-14 15:11:21,418] {processor.py:161} INFO - Processing /root/Projects/etlX/venv/lib/python3.9/site-packages/airflow/example_dags/example_branch_operator_decorator.py took 0.156 seconds
[2025-10-14 15:11:54,494] {processor.py:153} INFO - Started process (PID=16182) to work on /root/Projects/etlX/venv/lib/python3.9/site-packages/airflow/example_dags/example_branch_operator_decorator.py
[2025-10-14 15:11:54,494] {processor.py:641} INFO - Processing file /root/Projects/etlX/venv/lib/python3.9/site-packages/airflow/example_dags/example_branch_operator_decorator.py for tasks to queue
[2025-10-14 15:11:54,495] {logging_mixin.py:115} INFO - [2025-10-14 15:11:54,495] {dagbag.py:507} INFO - Filling up the DagBag from /root/Projects/etlX/venv/lib/python3.9/site-packages/airflow/example_dags/example_branch_operator_decorator.py
[2025-10-14 15:11:54,516] {processor.py:651} INFO - DAG(s) dict_keys(['example_branch_python_operator_decorator']) retrieved from /root/Projects/etlX/venv/lib/python3.9/site-packages/airflow/example_dags/example_branch_operator_decorator.py
[2025-10-14 15:11:54,540] {logging_mixin.py:115} INFO - [2025-10-14 15:11:54,540] {dag.py:2379} INFO - Sync 1 DAGs
[2025-10-14 15:11:54,558] {logging_mixin.py:115} INFO - [2025-10-14 15:11:54,557] {dag.py:2927} INFO - Setting next_dagrun for example_branch_python_operator_decorator to 2025-10-13T00:00:00+00:00, run_after=2025-10-14T00:00:00+00:00
[2025-10-14 15:11:54,570] {processor.py:161} INFO - Processing /root/Projects/etlX/venv/lib/python3.9/site-packages/airflow/example_dags/example_branch_operator_decorator.py took 0.081 seconds
[2025-10-14 15:12:29,734] {processor.py:153} INFO - Started process (PID=16241) to work on /root/Projects/etlX/venv/lib/python3.9/site-packages/airflow/example_dags/example_branch_operator_decorator.py
[2025-10-14 15:12:29,736] {processor.py:641} INFO - Processing file /root/Projects/etlX/venv/lib/python3.9/site-packages/airflow/example_dags/example_branch_operator_decorator.py for tasks to queue
[2025-10-14 15:12:29,737] {logging_mixin.py:115} INFO - [2025-10-14 15:12:29,737] {dagbag.py:507} INFO - Filling up the DagBag from /root/Projects/etlX/venv/lib/python3.9/site-packages/airflow/example_dags/example_branch_operator_decorator.py
[2025-10-14 15:12:29,762] {processor.py:651} INFO - DAG(s) dict_keys(['example_branch_python_operator_decorator']) retrieved from /root/Projects/etlX/venv/lib/python3.9/site-packages/airflow/example_dags/example_branch_operator_decorator.py
[2025-10-14 15:12:29,785] {logging_mixin.py:115} INFO - [2025-10-14 15:12:29,785] {dag.py:2379} INFO - Sync 1 DAGs
[2025-10-14 15:12:29,803] {logging_mixin.py:115} INFO - [2025-10-14 15:12:29,803] {dag.py:2927} INFO - Setting next_dagrun for example_branch_python_operator_decorator to 2025-10-13T00:00:00+00:00, run_after=2025-10-14T00:00:00+00:00
[2025-10-14 15:12:29,815] {processor.py:161} INFO - Processing /root/Projects/etlX/venv/lib/python3.9/site-packages/airflow/example_dags/example_branch_operator_decorator.py took 0.090 seconds
[2025-10-14 15:13:02,476] {processor.py:153} INFO - Started process (PID=16296) to work on /root/Projects/etlX/venv/lib/python3.9/site-packages/airflow/example_dags/example_branch_operator_decorator.py
[2025-10-14 15:13:02,476] {processor.py:641} INFO - Processing file /root/Projects/etlX/venv/lib/python3.9/site-packages/airflow/example_dags/example_branch_operator_decorator.py for tasks to queue
[2025-10-14 15:13:02,477] {logging_mixin.py:115} INFO - [2025-10-14 15:13:02,477] {dagbag.py:507} INFO - Filling up the DagBag from /root/Projects/etlX/venv/lib/python3.9/site-packages/airflow/example_dags/example_branch_operator_decorator.py
[2025-10-14 15:13:02,498] {processor.py:651} INFO - DAG(s) dict_keys(['example_branch_python_operator_decorator']) retrieved from /root/Projects/etlX/venv/lib/python3.9/site-packages/airflow/example_dags/example_branch_operator_decorator.py
[2025-10-14 15:13:02,520] {logging_mixin.py:115} INFO - [2025-10-14 15:13:02,520] {dag.py:2379} INFO - Sync 1 DAGs
[2025-10-14 15:13:02,536] {logging_mixin.py:115} INFO - [2025-10-14 15:13:02,536] {dag.py:2927} INFO - Setting next_dagrun for example_branch_python_operator_decorator to 2025-10-13T00:00:00+00:00, run_after=2025-10-14T00:00:00+00:00
[2025-10-14 15:13:02,547] {processor.py:161} INFO - Processing /root/Projects/etlX/venv/lib/python3.9/site-packages/airflow/example_dags/example_branch_operator_decorator.py took 0.076 seconds
[2025-10-14 15:13:37,241] {processor.py:153} INFO - Started process (PID=16354) to work on /root/Projects/etlX/venv/lib/python3.9/site-packages/airflow/example_dags/example_branch_operator_decorator.py
[2025-10-14 15:13:37,242] {processor.py:641} INFO - Processing file /root/Projects/etlX/venv/lib/python3.9/site-packages/airflow/example_dags/example_branch_operator_decorator.py for tasks to queue
[2025-10-14 15:13:37,243] {logging_mixin.py:115} INFO - [2025-10-14 15:13:37,242] {dagbag.py:507} INFO - Filling up the DagBag from /root/Projects/etlX/venv/lib/python3.9/site-packages/airflow/example_dags/example_branch_operator_decorator.py
[2025-10-14 15:13:37,271] {processor.py:651} INFO - DAG(s) dict_keys(['example_branch_python_operator_decorator']) retrieved from /root/Projects/etlX/venv/lib/python3.9/site-packages/airflow/example_dags/example_branch_operator_decorator.py
[2025-10-14 15:13:37,299] {logging_mixin.py:115} INFO - [2025-10-14 15:13:37,299] {dag.py:2379} INFO - Sync 1 DAGs
[2025-10-14 15:13:37,322] {logging_mixin.py:115} INFO - [2025-10-14 15:13:37,322] {dag.py:2927} INFO - Setting next_dagrun for example_branch_python_operator_decorator to 2025-10-13T00:00:00+00:00, run_after=2025-10-14T00:00:00+00:00
[2025-10-14 15:13:37,336] {processor.py:161} INFO - Processing /root/Projects/etlX/venv/lib/python3.9/site-packages/airflow/example_dags/example_branch_operator_decorator.py took 0.099 seconds
[2025-10-14 15:14:09,607] {processor.py:153} INFO - Started process (PID=16409) to work on /root/Projects/etlX/venv/lib/python3.9/site-packages/airflow/example_dags/example_branch_operator_decorator.py
[2025-10-14 15:14:09,609] {processor.py:641} INFO - Processing file /root/Projects/etlX/venv/lib/python3.9/site-packages/airflow/example_dags/example_branch_operator_decorator.py for tasks to queue
[2025-10-14 15:14:09,610] {logging_mixin.py:115} INFO - [2025-10-14 15:14:09,610] {dagbag.py:507} INFO - Filling up the DagBag from /root/Projects/etlX/venv/lib/python3.9/site-packages/airflow/example_dags/example_branch_operator_decorator.py
[2025-10-14 15:14:09,643] {processor.py:651} INFO - DAG(s) dict_keys(['example_branch_python_operator_decorator']) retrieved from /root/Projects/etlX/venv/lib/python3.9/site-packages/airflow/example_dags/example_branch_operator_decorator.py
[2025-10-14 15:14:09,666] {logging_mixin.py:115} INFO - [2025-10-14 15:14:09,665] {dag.py:2379} INFO - Sync 1 DAGs
[2025-10-14 15:14:09,682] {logging_mixin.py:115} INFO - [2025-10-14 15:14:09,682] {dag.py:2927} INFO - Setting next_dagrun for example_branch_python_operator_decorator to 2025-10-13T00:00:00+00:00, run_after=2025-10-14T00:00:00+00:00
[2025-10-14 15:14:09,693] {processor.py:161} INFO - Processing /root/Projects/etlX/venv/lib/python3.9/site-packages/airflow/example_dags/example_branch_operator_decorator.py took 0.097 seconds
[2025-10-14 15:14:43,716] {processor.py:153} INFO - Started process (PID=16519) to work on /root/Projects/etlX/venv/lib/python3.9/site-packages/airflow/example_dags/example_branch_operator_decorator.py
[2025-10-14 15:14:43,717] {processor.py:641} INFO - Processing file /root/Projects/etlX/venv/lib/python3.9/site-packages/airflow/example_dags/example_branch_operator_decorator.py for tasks to queue
[2025-10-14 15:14:43,717] {logging_mixin.py:115} INFO - [2025-10-14 15:14:43,717] {dagbag.py:507} INFO - Filling up the DagBag from /root/Projects/etlX/venv/lib/python3.9/site-packages/airflow/example_dags/example_branch_operator_decorator.py
[2025-10-14 15:14:43,740] {processor.py:651} INFO - DAG(s) dict_keys(['example_branch_python_operator_decorator']) retrieved from /root/Projects/etlX/venv/lib/python3.9/site-packages/airflow/example_dags/example_branch_operator_decorator.py
[2025-10-14 15:14:43,762] {logging_mixin.py:115} INFO - [2025-10-14 15:14:43,762] {dag.py:2379} INFO - Sync 1 DAGs
[2025-10-14 15:14:43,779] {logging_mixin.py:115} INFO - [2025-10-14 15:14:43,779] {dag.py:2927} INFO - Setting next_dagrun for example_branch_python_operator_decorator to 2025-10-13T00:00:00+00:00, run_after=2025-10-14T00:00:00+00:00
[2025-10-14 15:14:43,790] {processor.py:161} INFO - Processing /root/Projects/etlX/venv/lib/python3.9/site-packages/airflow/example_dags/example_branch_operator_decorator.py took 0.081 seconds
[2025-10-14 15:15:21,713] {processor.py:153} INFO - Started process (PID=16579) to work on /root/Projects/etlX/venv/lib/python3.9/site-packages/airflow/example_dags/example_branch_operator_decorator.py
[2025-10-14 15:15:21,713] {processor.py:641} INFO - Processing file /root/Projects/etlX/venv/lib/python3.9/site-packages/airflow/example_dags/example_branch_operator_decorator.py for tasks to queue
[2025-10-14 15:15:21,714] {logging_mixin.py:115} INFO - [2025-10-14 15:15:21,714] {dagbag.py:507} INFO - Filling up the DagBag from /root/Projects/etlX/venv/lib/python3.9/site-packages/airflow/example_dags/example_branch_operator_decorator.py
[2025-10-14 15:15:21,736] {processor.py:651} INFO - DAG(s) dict_keys(['example_branch_python_operator_decorator']) retrieved from /root/Projects/etlX/venv/lib/python3.9/site-packages/airflow/example_dags/example_branch_operator_decorator.py
[2025-10-14 15:15:21,758] {logging_mixin.py:115} INFO - [2025-10-14 15:15:21,758] {dag.py:2379} INFO - Sync 1 DAGs
[2025-10-14 15:15:21,775] {logging_mixin.py:115} INFO - [2025-10-14 15:15:21,775] {dag.py:2927} INFO - Setting next_dagrun for example_branch_python_operator_decorator to 2025-10-13T00:00:00+00:00, run_after=2025-10-14T00:00:00+00:00
[2025-10-14 15:15:21,786] {processor.py:161} INFO - Processing /root/Projects/etlX/venv/lib/python3.9/site-packages/airflow/example_dags/example_branch_operator_decorator.py took 0.078 seconds
[2025-10-14 15:15:56,734] {processor.py:153} INFO - Started process (PID=16638) to work on /root/Projects/etlX/venv/lib/python3.9/site-packages/airflow/example_dags/example_branch_operator_decorator.py
[2025-10-14 15:15:56,736] {processor.py:641} INFO - Processing file /root/Projects/etlX/venv/lib/python3.9/site-packages/airflow/example_dags/example_branch_operator_decorator.py for tasks to queue
[2025-10-14 15:15:56,737] {logging_mixin.py:115} INFO - [2025-10-14 15:15:56,737] {dagbag.py:507} INFO - Filling up the DagBag from /root/Projects/etlX/venv/lib/python3.9/site-packages/airflow/example_dags/example_branch_operator_decorator.py
[2025-10-14 15:15:56,766] {processor.py:651} INFO - DAG(s) dict_keys(['example_branch_python_operator_decorator']) retrieved from /root/Projects/etlX/venv/lib/python3.9/site-packages/airflow/example_dags/example_branch_operator_decorator.py
[2025-10-14 15:15:56,794] {logging_mixin.py:115} INFO - [2025-10-14 15:15:56,794] {dag.py:2379} INFO - Sync 1 DAGs
[2025-10-14 15:15:56,812] {logging_mixin.py:115} INFO - [2025-10-14 15:15:56,812] {dag.py:2927} INFO - Setting next_dagrun for example_branch_python_operator_decorator to 2025-10-13T00:00:00+00:00, run_after=2025-10-14T00:00:00+00:00
[2025-10-14 15:15:56,823] {processor.py:161} INFO - Processing /root/Projects/etlX/venv/lib/python3.9/site-packages/airflow/example_dags/example_branch_operator_decorator.py took 0.098 seconds
[2025-10-14 15:16:33,170] {processor.py:153} INFO - Started process (PID=16852) to work on /root/Projects/etlX/venv/lib/python3.9/site-packages/airflow/example_dags/example_branch_operator_decorator.py
[2025-10-14 15:16:33,171] {processor.py:641} INFO - Processing file /root/Projects/etlX/venv/lib/python3.9/site-packages/airflow/example_dags/example_branch_operator_decorator.py for tasks to queue
[2025-10-14 15:16:33,171] {logging_mixin.py:115} INFO - [2025-10-14 15:16:33,171] {dagbag.py:507} INFO - Filling up the DagBag from /root/Projects/etlX/venv/lib/python3.9/site-packages/airflow/example_dags/example_branch_operator_decorator.py
[2025-10-14 15:16:33,194] {processor.py:651} INFO - DAG(s) dict_keys(['example_branch_python_operator_decorator']) retrieved from /root/Projects/etlX/venv/lib/python3.9/site-packages/airflow/example_dags/example_branch_operator_decorator.py
[2025-10-14 15:16:33,218] {logging_mixin.py:115} INFO - [2025-10-14 15:16:33,218] {dag.py:2379} INFO - Sync 1 DAGs
[2025-10-14 15:16:33,236] {logging_mixin.py:115} INFO - [2025-10-14 15:16:33,236] {dag.py:2927} INFO - Setting next_dagrun for example_branch_python_operator_decorator to 2025-10-13T00:00:00+00:00, run_after=2025-10-14T00:00:00+00:00
[2025-10-14 15:16:33,248] {processor.py:161} INFO - Processing /root/Projects/etlX/venv/lib/python3.9/site-packages/airflow/example_dags/example_branch_operator_decorator.py took 0.083 seconds
[2025-10-14 15:17:05,440] {processor.py:153} INFO - Started process (PID=17061) to work on /root/Projects/etlX/venv/lib/python3.9/site-packages/airflow/example_dags/example_branch_operator_decorator.py
[2025-10-14 15:17:05,441] {processor.py:641} INFO - Processing file /root/Projects/etlX/venv/lib/python3.9/site-packages/airflow/example_dags/example_branch_operator_decorator.py for tasks to queue
[2025-10-14 15:17:05,442] {logging_mixin.py:115} INFO - [2025-10-14 15:17:05,442] {dagbag.py:507} INFO - Filling up the DagBag from /root/Projects/etlX/venv/lib/python3.9/site-packages/airflow/example_dags/example_branch_operator_decorator.py
[2025-10-14 15:17:05,463] {processor.py:651} INFO - DAG(s) dict_keys(['example_branch_python_operator_decorator']) retrieved from /root/Projects/etlX/venv/lib/python3.9/site-packages/airflow/example_dags/example_branch_operator_decorator.py
[2025-10-14 15:17:05,485] {logging_mixin.py:115} INFO - [2025-10-14 15:17:05,485] {dag.py:2379} INFO - Sync 1 DAGs
[2025-10-14 15:17:05,502] {logging_mixin.py:115} INFO - [2025-10-14 15:17:05,502] {dag.py:2927} INFO - Setting next_dagrun for example_branch_python_operator_decorator to 2025-10-13T00:00:00+00:00, run_after=2025-10-14T00:00:00+00:00
[2025-10-14 15:17:05,513] {processor.py:161} INFO - Processing /root/Projects/etlX/venv/lib/python3.9/site-packages/airflow/example_dags/example_branch_operator_decorator.py took 0.080 seconds
[2025-10-14 15:17:40,636] {processor.py:153} INFO - Started process (PID=17170) to work on /root/Projects/etlX/venv/lib/python3.9/site-packages/airflow/example_dags/example_branch_operator_decorator.py
[2025-10-14 15:17:40,637] {processor.py:641} INFO - Processing file /root/Projects/etlX/venv/lib/python3.9/site-packages/airflow/example_dags/example_branch_operator_decorator.py for tasks to queue
[2025-10-14 15:17:40,639] {logging_mixin.py:115} INFO - [2025-10-14 15:17:40,639] {dagbag.py:507} INFO - Filling up the DagBag from /root/Projects/etlX/venv/lib/python3.9/site-packages/airflow/example_dags/example_branch_operator_decorator.py
[2025-10-14 15:17:40,677] {processor.py:651} INFO - DAG(s) dict_keys(['example_branch_python_operator_decorator']) retrieved from /root/Projects/etlX/venv/lib/python3.9/site-packages/airflow/example_dags/example_branch_operator_decorator.py
[2025-10-14 15:17:40,701] {logging_mixin.py:115} INFO - [2025-10-14 15:17:40,701] {dag.py:2379} INFO - Sync 1 DAGs
[2025-10-14 15:17:40,720] {logging_mixin.py:115} INFO - [2025-10-14 15:17:40,720] {dag.py:2927} INFO - Setting next_dagrun for example_branch_python_operator_decorator to 2025-10-13T00:00:00+00:00, run_after=2025-10-14T00:00:00+00:00
[2025-10-14 15:17:40,733] {processor.py:161} INFO - Processing /root/Projects/etlX/venv/lib/python3.9/site-packages/airflow/example_dags/example_branch_operator_decorator.py took 0.106 seconds
[2025-10-14 15:59:06,797] {processor.py:153} INFO - Started process (PID=19968) to work on /root/Projects/etlX/venv/lib/python3.9/site-packages/airflow/example_dags/example_branch_operator_decorator.py
[2025-10-14 15:59:06,799] {processor.py:641} INFO - Processing file /root/Projects/etlX/venv/lib/python3.9/site-packages/airflow/example_dags/example_branch_operator_decorator.py for tasks to queue
[2025-10-14 15:59:06,800] {logging_mixin.py:115} INFO - [2025-10-14 15:59:06,800] {dagbag.py:507} INFO - Filling up the DagBag from /root/Projects/etlX/venv/lib/python3.9/site-packages/airflow/example_dags/example_branch_operator_decorator.py
[2025-10-14 15:59:06,830] {processor.py:651} INFO - DAG(s) dict_keys(['example_branch_python_operator_decorator']) retrieved from /root/Projects/etlX/venv/lib/python3.9/site-packages/airflow/example_dags/example_branch_operator_decorator.py
[2025-10-14 15:59:06,858] {logging_mixin.py:115} INFO - [2025-10-14 15:59:06,858] {dag.py:2379} INFO - Sync 1 DAGs
[2025-10-14 15:59:06,882] {logging_mixin.py:115} INFO - [2025-10-14 15:59:06,882] {dag.py:2927} INFO - Setting next_dagrun for example_branch_python_operator_decorator to 2025-10-13T00:00:00+00:00, run_after=2025-10-14T00:00:00+00:00
[2025-10-14 15:59:06,898] {processor.py:161} INFO - Processing /root/Projects/etlX/venv/lib/python3.9/site-packages/airflow/example_dags/example_branch_operator_decorator.py took 0.107 seconds
[2025-10-14 15:59:39,894] {processor.py:153} INFO - Started process (PID=20103) to work on /root/Projects/etlX/venv/lib/python3.9/site-packages/airflow/example_dags/example_branch_operator_decorator.py
[2025-10-14 15:59:39,895] {processor.py:641} INFO - Processing file /root/Projects/etlX/venv/lib/python3.9/site-packages/airflow/example_dags/example_branch_operator_decorator.py for tasks to queue
[2025-10-14 15:59:39,895] {logging_mixin.py:115} INFO - [2025-10-14 15:59:39,895] {dagbag.py:507} INFO - Filling up the DagBag from /root/Projects/etlX/venv/lib/python3.9/site-packages/airflow/example_dags/example_branch_operator_decorator.py
[2025-10-14 15:59:39,917] {processor.py:651} INFO - DAG(s) dict_keys(['example_branch_python_operator_decorator']) retrieved from /root/Projects/etlX/venv/lib/python3.9/site-packages/airflow/example_dags/example_branch_operator_decorator.py
[2025-10-14 15:59:39,939] {logging_mixin.py:115} INFO - [2025-10-14 15:59:39,939] {dag.py:2379} INFO - Sync 1 DAGs
[2025-10-14 15:59:39,956] {logging_mixin.py:115} INFO - [2025-10-14 15:59:39,956] {dag.py:2927} INFO - Setting next_dagrun for example_branch_python_operator_decorator to 2025-10-13T00:00:00+00:00, run_after=2025-10-14T00:00:00+00:00
[2025-10-14 15:59:39,966] {processor.py:161} INFO - Processing /root/Projects/etlX/venv/lib/python3.9/site-packages/airflow/example_dags/example_branch_operator_decorator.py took 0.076 seconds
[2025-10-14 16:00:13,178] {processor.py:153} INFO - Started process (PID=20161) to work on /root/Projects/etlX/venv/lib/python3.9/site-packages/airflow/example_dags/example_branch_operator_decorator.py
[2025-10-14 16:00:13,180] {processor.py:641} INFO - Processing file /root/Projects/etlX/venv/lib/python3.9/site-packages/airflow/example_dags/example_branch_operator_decorator.py for tasks to queue
[2025-10-14 16:00:13,181] {logging_mixin.py:115} INFO - [2025-10-14 16:00:13,181] {dagbag.py:507} INFO - Filling up the DagBag from /root/Projects/etlX/venv/lib/python3.9/site-packages/airflow/example_dags/example_branch_operator_decorator.py
[2025-10-14 16:00:13,224] {processor.py:651} INFO - DAG(s) dict_keys(['example_branch_python_operator_decorator']) retrieved from /root/Projects/etlX/venv/lib/python3.9/site-packages/airflow/example_dags/example_branch_operator_decorator.py
[2025-10-14 16:00:13,256] {logging_mixin.py:115} INFO - [2025-10-14 16:00:13,256] {dag.py:2379} INFO - Sync 1 DAGs
[2025-10-14 16:00:13,278] {logging_mixin.py:115} INFO - [2025-10-14 16:00:13,278] {dag.py:2927} INFO - Setting next_dagrun for example_branch_python_operator_decorator to 2025-10-13T00:00:00+00:00, run_after=2025-10-14T00:00:00+00:00
[2025-10-14 16:00:13,289] {processor.py:161} INFO - Processing /root/Projects/etlX/venv/lib/python3.9/site-packages/airflow/example_dags/example_branch_operator_decorator.py took 0.121 seconds
[2025-10-14 16:00:48,050] {processor.py:153} INFO - Started process (PID=20220) to work on /root/Projects/etlX/venv/lib/python3.9/site-packages/airflow/example_dags/example_branch_operator_decorator.py
[2025-10-14 16:00:48,051] {processor.py:641} INFO - Processing file /root/Projects/etlX/venv/lib/python3.9/site-packages/airflow/example_dags/example_branch_operator_decorator.py for tasks to queue
[2025-10-14 16:00:48,052] {logging_mixin.py:115} INFO - [2025-10-14 16:00:48,052] {dagbag.py:507} INFO - Filling up the DagBag from /root/Projects/etlX/venv/lib/python3.9/site-packages/airflow/example_dags/example_branch_operator_decorator.py
[2025-10-14 16:00:48,085] {processor.py:651} INFO - DAG(s) dict_keys(['example_branch_python_operator_decorator']) retrieved from /root/Projects/etlX/venv/lib/python3.9/site-packages/airflow/example_dags/example_branch_operator_decorator.py
[2025-10-14 16:00:48,108] {logging_mixin.py:115} INFO - [2025-10-14 16:00:48,108] {dag.py:2379} INFO - Sync 1 DAGs
[2025-10-14 16:00:48,126] {logging_mixin.py:115} INFO - [2025-10-14 16:00:48,126] {dag.py:2927} INFO - Setting next_dagrun for example_branch_python_operator_decorator to 2025-10-13T00:00:00+00:00, run_after=2025-10-14T00:00:00+00:00
[2025-10-14 16:00:48,138] {processor.py:161} INFO - Processing /root/Projects/etlX/venv/lib/python3.9/site-packages/airflow/example_dags/example_branch_operator_decorator.py took 0.096 seconds
[2025-10-14 16:01:23,047] {processor.py:153} INFO - Started process (PID=20280) to work on /root/Projects/etlX/venv/lib/python3.9/site-packages/airflow/example_dags/example_branch_operator_decorator.py
[2025-10-14 16:01:23,048] {processor.py:641} INFO - Processing file /root/Projects/etlX/venv/lib/python3.9/site-packages/airflow/example_dags/example_branch_operator_decorator.py for tasks to queue
[2025-10-14 16:01:23,050] {logging_mixin.py:115} INFO - [2025-10-14 16:01:23,050] {dagbag.py:507} INFO - Filling up the DagBag from /root/Projects/etlX/venv/lib/python3.9/site-packages/airflow/example_dags/example_branch_operator_decorator.py
[2025-10-14 16:01:23,092] {processor.py:651} INFO - DAG(s) dict_keys(['example_branch_python_operator_decorator']) retrieved from /root/Projects/etlX/venv/lib/python3.9/site-packages/airflow/example_dags/example_branch_operator_decorator.py
[2025-10-14 16:01:23,119] {logging_mixin.py:115} INFO - [2025-10-14 16:01:23,119] {dag.py:2379} INFO - Sync 1 DAGs
[2025-10-14 16:01:23,135] {logging_mixin.py:115} INFO - [2025-10-14 16:01:23,135] {dag.py:2927} INFO - Setting next_dagrun for example_branch_python_operator_decorator to 2025-10-13T00:00:00+00:00, run_after=2025-10-14T00:00:00+00:00
[2025-10-14 16:01:23,145] {processor.py:161} INFO - Processing /root/Projects/etlX/venv/lib/python3.9/site-packages/airflow/example_dags/example_branch_operator_decorator.py took 0.108 seconds
[2025-10-14 16:01:58,078] {processor.py:153} INFO - Started process (PID=20335) to work on /root/Projects/etlX/venv/lib/python3.9/site-packages/airflow/example_dags/example_branch_operator_decorator.py
[2025-10-14 16:01:58,079] {processor.py:641} INFO - Processing file /root/Projects/etlX/venv/lib/python3.9/site-packages/airflow/example_dags/example_branch_operator_decorator.py for tasks to queue
[2025-10-14 16:01:58,080] {logging_mixin.py:115} INFO - [2025-10-14 16:01:58,080] {dagbag.py:507} INFO - Filling up the DagBag from /root/Projects/etlX/venv/lib/python3.9/site-packages/airflow/example_dags/example_branch_operator_decorator.py
[2025-10-14 16:01:58,105] {processor.py:651} INFO - DAG(s) dict_keys(['example_branch_python_operator_decorator']) retrieved from /root/Projects/etlX/venv/lib/python3.9/site-packages/airflow/example_dags/example_branch_operator_decorator.py
[2025-10-14 16:01:58,129] {logging_mixin.py:115} INFO - [2025-10-14 16:01:58,129] {dag.py:2379} INFO - Sync 1 DAGs
[2025-10-14 16:01:58,156] {logging_mixin.py:115} INFO - [2025-10-14 16:01:58,156] {dag.py:2927} INFO - Setting next_dagrun for example_branch_python_operator_decorator to 2025-10-13T00:00:00+00:00, run_after=2025-10-14T00:00:00+00:00
[2025-10-14 16:01:58,172] {processor.py:161} INFO - Processing /root/Projects/etlX/venv/lib/python3.9/site-packages/airflow/example_dags/example_branch_operator_decorator.py took 0.100 seconds
[2025-10-14 16:02:30,939] {processor.py:153} INFO - Started process (PID=20393) to work on /root/Projects/etlX/venv/lib/python3.9/site-packages/airflow/example_dags/example_branch_operator_decorator.py
[2025-10-14 16:02:30,940] {processor.py:641} INFO - Processing file /root/Projects/etlX/venv/lib/python3.9/site-packages/airflow/example_dags/example_branch_operator_decorator.py for tasks to queue
[2025-10-14 16:02:30,941] {logging_mixin.py:115} INFO - [2025-10-14 16:02:30,941] {dagbag.py:507} INFO - Filling up the DagBag from /root/Projects/etlX/venv/lib/python3.9/site-packages/airflow/example_dags/example_branch_operator_decorator.py
[2025-10-14 16:02:30,974] {processor.py:651} INFO - DAG(s) dict_keys(['example_branch_python_operator_decorator']) retrieved from /root/Projects/etlX/venv/lib/python3.9/site-packages/airflow/example_dags/example_branch_operator_decorator.py
[2025-10-14 16:02:30,998] {logging_mixin.py:115} INFO - [2025-10-14 16:02:30,998] {dag.py:2379} INFO - Sync 1 DAGs
[2025-10-14 16:02:31,016] {logging_mixin.py:115} INFO - [2025-10-14 16:02:31,016] {dag.py:2927} INFO - Setting next_dagrun for example_branch_python_operator_decorator to 2025-10-13T00:00:00+00:00, run_after=2025-10-14T00:00:00+00:00
[2025-10-14 16:02:31,028] {processor.py:161} INFO - Processing /root/Projects/etlX/venv/lib/python3.9/site-packages/airflow/example_dags/example_branch_operator_decorator.py took 0.095 seconds
[2025-10-14 16:03:06,770] {processor.py:153} INFO - Started process (PID=20453) to work on /root/Projects/etlX/venv/lib/python3.9/site-packages/airflow/example_dags/example_branch_operator_decorator.py
[2025-10-14 16:03:06,771] {processor.py:641} INFO - Processing file /root/Projects/etlX/venv/lib/python3.9/site-packages/airflow/example_dags/example_branch_operator_decorator.py for tasks to queue
[2025-10-14 16:03:06,771] {logging_mixin.py:115} INFO - [2025-10-14 16:03:06,771] {dagbag.py:507} INFO - Filling up the DagBag from /root/Projects/etlX/venv/lib/python3.9/site-packages/airflow/example_dags/example_branch_operator_decorator.py
[2025-10-14 16:03:06,799] {processor.py:651} INFO - DAG(s) dict_keys(['example_branch_python_operator_decorator']) retrieved from /root/Projects/etlX/venv/lib/python3.9/site-packages/airflow/example_dags/example_branch_operator_decorator.py
[2025-10-14 16:03:06,821] {logging_mixin.py:115} INFO - [2025-10-14 16:03:06,821] {dag.py:2379} INFO - Sync 1 DAGs
[2025-10-14 16:03:06,838] {logging_mixin.py:115} INFO - [2025-10-14 16:03:06,838] {dag.py:2927} INFO - Setting next_dagrun for example_branch_python_operator_decorator to 2025-10-13T00:00:00+00:00, run_after=2025-10-14T00:00:00+00:00
[2025-10-14 16:03:06,849] {processor.py:161} INFO - Processing /root/Projects/etlX/venv/lib/python3.9/site-packages/airflow/example_dags/example_branch_operator_decorator.py took 0.086 seconds
[2025-10-14 16:03:40,851] {processor.py:153} INFO - Started process (PID=20563) to work on /root/Projects/etlX/venv/lib/python3.9/site-packages/airflow/example_dags/example_branch_operator_decorator.py
[2025-10-14 16:03:40,851] {processor.py:641} INFO - Processing file /root/Projects/etlX/venv/lib/python3.9/site-packages/airflow/example_dags/example_branch_operator_decorator.py for tasks to queue
[2025-10-14 16:03:40,852] {logging_mixin.py:115} INFO - [2025-10-14 16:03:40,852] {dagbag.py:507} INFO - Filling up the DagBag from /root/Projects/etlX/venv/lib/python3.9/site-packages/airflow/example_dags/example_branch_operator_decorator.py
[2025-10-14 16:03:40,872] {processor.py:651} INFO - DAG(s) dict_keys(['example_branch_python_operator_decorator']) retrieved from /root/Projects/etlX/venv/lib/python3.9/site-packages/airflow/example_dags/example_branch_operator_decorator.py
[2025-10-14 16:03:40,895] {logging_mixin.py:115} INFO - [2025-10-14 16:03:40,895] {dag.py:2379} INFO - Sync 1 DAGs
[2025-10-14 16:03:40,913] {logging_mixin.py:115} INFO - [2025-10-14 16:03:40,912] {dag.py:2927} INFO - Setting next_dagrun for example_branch_python_operator_decorator to 2025-10-13T00:00:00+00:00, run_after=2025-10-14T00:00:00+00:00
[2025-10-14 16:03:40,924] {processor.py:161} INFO - Processing /root/Projects/etlX/venv/lib/python3.9/site-packages/airflow/example_dags/example_branch_operator_decorator.py took 0.078 seconds
[2025-10-14 16:04:14,900] {processor.py:153} INFO - Started process (PID=20618) to work on /root/Projects/etlX/venv/lib/python3.9/site-packages/airflow/example_dags/example_branch_operator_decorator.py
[2025-10-14 16:04:14,901] {processor.py:641} INFO - Processing file /root/Projects/etlX/venv/lib/python3.9/site-packages/airflow/example_dags/example_branch_operator_decorator.py for tasks to queue
[2025-10-14 16:04:14,902] {logging_mixin.py:115} INFO - [2025-10-14 16:04:14,902] {dagbag.py:507} INFO - Filling up the DagBag from /root/Projects/etlX/venv/lib/python3.9/site-packages/airflow/example_dags/example_branch_operator_decorator.py
[2025-10-14 16:04:14,923] {processor.py:651} INFO - DAG(s) dict_keys(['example_branch_python_operator_decorator']) retrieved from /root/Projects/etlX/venv/lib/python3.9/site-packages/airflow/example_dags/example_branch_operator_decorator.py
[2025-10-14 16:04:14,946] {logging_mixin.py:115} INFO - [2025-10-14 16:04:14,946] {dag.py:2379} INFO - Sync 1 DAGs
[2025-10-14 16:04:14,963] {logging_mixin.py:115} INFO - [2025-10-14 16:04:14,963] {dag.py:2927} INFO - Setting next_dagrun for example_branch_python_operator_decorator to 2025-10-13T00:00:00+00:00, run_after=2025-10-14T00:00:00+00:00
[2025-10-14 16:04:14,973] {processor.py:161} INFO - Processing /root/Projects/etlX/venv/lib/python3.9/site-packages/airflow/example_dags/example_branch_operator_decorator.py took 0.082 seconds
[2025-10-14 16:04:49,990] {processor.py:153} INFO - Started process (PID=20678) to work on /root/Projects/etlX/venv/lib/python3.9/site-packages/airflow/example_dags/example_branch_operator_decorator.py
[2025-10-14 16:04:49,991] {processor.py:641} INFO - Processing file /root/Projects/etlX/venv/lib/python3.9/site-packages/airflow/example_dags/example_branch_operator_decorator.py for tasks to queue
[2025-10-14 16:04:49,992] {logging_mixin.py:115} INFO - [2025-10-14 16:04:49,992] {dagbag.py:507} INFO - Filling up the DagBag from /root/Projects/etlX/venv/lib/python3.9/site-packages/airflow/example_dags/example_branch_operator_decorator.py
[2025-10-14 16:04:50,023] {processor.py:651} INFO - DAG(s) dict_keys(['example_branch_python_operator_decorator']) retrieved from /root/Projects/etlX/venv/lib/python3.9/site-packages/airflow/example_dags/example_branch_operator_decorator.py
[2025-10-14 16:04:50,054] {logging_mixin.py:115} INFO - [2025-10-14 16:04:50,054] {dag.py:2379} INFO - Sync 1 DAGs
[2025-10-14 16:04:50,071] {logging_mixin.py:115} INFO - [2025-10-14 16:04:50,071] {dag.py:2927} INFO - Setting next_dagrun for example_branch_python_operator_decorator to 2025-10-13T00:00:00+00:00, run_after=2025-10-14T00:00:00+00:00
[2025-10-14 16:04:50,082] {processor.py:161} INFO - Processing /root/Projects/etlX/venv/lib/python3.9/site-packages/airflow/example_dags/example_branch_operator_decorator.py took 0.098 seconds
[2025-10-14 16:05:24,848] {processor.py:153} INFO - Started process (PID=20738) to work on /root/Projects/etlX/venv/lib/python3.9/site-packages/airflow/example_dags/example_branch_operator_decorator.py
[2025-10-14 16:05:24,849] {processor.py:641} INFO - Processing file /root/Projects/etlX/venv/lib/python3.9/site-packages/airflow/example_dags/example_branch_operator_decorator.py for tasks to queue
[2025-10-14 16:05:24,849] {logging_mixin.py:115} INFO - [2025-10-14 16:05:24,849] {dagbag.py:507} INFO - Filling up the DagBag from /root/Projects/etlX/venv/lib/python3.9/site-packages/airflow/example_dags/example_branch_operator_decorator.py
[2025-10-14 16:05:24,870] {processor.py:651} INFO - DAG(s) dict_keys(['example_branch_python_operator_decorator']) retrieved from /root/Projects/etlX/venv/lib/python3.9/site-packages/airflow/example_dags/example_branch_operator_decorator.py
[2025-10-14 16:05:24,892] {logging_mixin.py:115} INFO - [2025-10-14 16:05:24,892] {dag.py:2379} INFO - Sync 1 DAGs
[2025-10-14 16:05:24,908] {logging_mixin.py:115} INFO - [2025-10-14 16:05:24,908] {dag.py:2927} INFO - Setting next_dagrun for example_branch_python_operator_decorator to 2025-10-13T00:00:00+00:00, run_after=2025-10-14T00:00:00+00:00
[2025-10-14 16:05:24,918] {processor.py:161} INFO - Processing /root/Projects/etlX/venv/lib/python3.9/site-packages/airflow/example_dags/example_branch_operator_decorator.py took 0.075 seconds
[2025-10-14 16:05:59,443] {processor.py:153} INFO - Started process (PID=20796) to work on /root/Projects/etlX/venv/lib/python3.9/site-packages/airflow/example_dags/example_branch_operator_decorator.py
[2025-10-14 16:05:59,443] {processor.py:641} INFO - Processing file /root/Projects/etlX/venv/lib/python3.9/site-packages/airflow/example_dags/example_branch_operator_decorator.py for tasks to queue
[2025-10-14 16:05:59,444] {logging_mixin.py:115} INFO - [2025-10-14 16:05:59,444] {dagbag.py:507} INFO - Filling up the DagBag from /root/Projects/etlX/venv/lib/python3.9/site-packages/airflow/example_dags/example_branch_operator_decorator.py
[2025-10-14 16:05:59,469] {processor.py:651} INFO - DAG(s) dict_keys(['example_branch_python_operator_decorator']) retrieved from /root/Projects/etlX/venv/lib/python3.9/site-packages/airflow/example_dags/example_branch_operator_decorator.py
[2025-10-14 16:05:59,495] {logging_mixin.py:115} INFO - [2025-10-14 16:05:59,495] {dag.py:2379} INFO - Sync 1 DAGs
[2025-10-14 16:05:59,512] {logging_mixin.py:115} INFO - [2025-10-14 16:05:59,512] {dag.py:2927} INFO - Setting next_dagrun for example_branch_python_operator_decorator to 2025-10-13T00:00:00+00:00, run_after=2025-10-14T00:00:00+00:00
[2025-10-14 16:05:59,522] {processor.py:161} INFO - Processing /root/Projects/etlX/venv/lib/python3.9/site-packages/airflow/example_dags/example_branch_operator_decorator.py took 0.086 seconds
[2025-10-14 16:06:32,168] {processor.py:153} INFO - Started process (PID=20851) to work on /root/Projects/etlX/venv/lib/python3.9/site-packages/airflow/example_dags/example_branch_operator_decorator.py
[2025-10-14 16:06:32,168] {processor.py:641} INFO - Processing file /root/Projects/etlX/venv/lib/python3.9/site-packages/airflow/example_dags/example_branch_operator_decorator.py for tasks to queue
[2025-10-14 16:06:32,169] {logging_mixin.py:115} INFO - [2025-10-14 16:06:32,169] {dagbag.py:507} INFO - Filling up the DagBag from /root/Projects/etlX/venv/lib/python3.9/site-packages/airflow/example_dags/example_branch_operator_decorator.py
[2025-10-14 16:06:32,190] {processor.py:651} INFO - DAG(s) dict_keys(['example_branch_python_operator_decorator']) retrieved from /root/Projects/etlX/venv/lib/python3.9/site-packages/airflow/example_dags/example_branch_operator_decorator.py
[2025-10-14 16:06:32,213] {logging_mixin.py:115} INFO - [2025-10-14 16:06:32,213] {dag.py:2379} INFO - Sync 1 DAGs
[2025-10-14 16:06:32,231] {logging_mixin.py:115} INFO - [2025-10-14 16:06:32,231] {dag.py:2927} INFO - Setting next_dagrun for example_branch_python_operator_decorator to 2025-10-13T00:00:00+00:00, run_after=2025-10-14T00:00:00+00:00
[2025-10-14 16:06:32,242] {processor.py:161} INFO - Processing /root/Projects/etlX/venv/lib/python3.9/site-packages/airflow/example_dags/example_branch_operator_decorator.py took 0.078 seconds
[2025-10-14 16:07:06,112] {processor.py:153} INFO - Started process (PID=20909) to work on /root/Projects/etlX/venv/lib/python3.9/site-packages/airflow/example_dags/example_branch_operator_decorator.py
[2025-10-14 16:07:06,113] {processor.py:641} INFO - Processing file /root/Projects/etlX/venv/lib/python3.9/site-packages/airflow/example_dags/example_branch_operator_decorator.py for tasks to queue
[2025-10-14 16:07:06,114] {logging_mixin.py:115} INFO - [2025-10-14 16:07:06,114] {dagbag.py:507} INFO - Filling up the DagBag from /root/Projects/etlX/venv/lib/python3.9/site-packages/airflow/example_dags/example_branch_operator_decorator.py
[2025-10-14 16:07:06,142] {processor.py:651} INFO - DAG(s) dict_keys(['example_branch_python_operator_decorator']) retrieved from /root/Projects/etlX/venv/lib/python3.9/site-packages/airflow/example_dags/example_branch_operator_decorator.py
[2025-10-14 16:07:06,164] {logging_mixin.py:115} INFO - [2025-10-14 16:07:06,164] {dag.py:2379} INFO - Sync 1 DAGs
[2025-10-14 16:07:06,181] {logging_mixin.py:115} INFO - [2025-10-14 16:07:06,181] {dag.py:2927} INFO - Setting next_dagrun for example_branch_python_operator_decorator to 2025-10-13T00:00:00+00:00, run_after=2025-10-14T00:00:00+00:00
[2025-10-14 16:07:06,192] {processor.py:161} INFO - Processing /root/Projects/etlX/venv/lib/python3.9/site-packages/airflow/example_dags/example_branch_operator_decorator.py took 0.086 seconds
[2025-10-14 16:07:40,373] {processor.py:153} INFO - Started process (PID=21170) to work on /root/Projects/etlX/venv/lib/python3.9/site-packages/airflow/example_dags/example_branch_operator_decorator.py
[2025-10-14 16:07:40,373] {processor.py:641} INFO - Processing file /root/Projects/etlX/venv/lib/python3.9/site-packages/airflow/example_dags/example_branch_operator_decorator.py for tasks to queue
[2025-10-14 16:07:40,374] {logging_mixin.py:115} INFO - [2025-10-14 16:07:40,374] {dagbag.py:507} INFO - Filling up the DagBag from /root/Projects/etlX/venv/lib/python3.9/site-packages/airflow/example_dags/example_branch_operator_decorator.py
[2025-10-14 16:07:40,398] {processor.py:651} INFO - DAG(s) dict_keys(['example_branch_python_operator_decorator']) retrieved from /root/Projects/etlX/venv/lib/python3.9/site-packages/airflow/example_dags/example_branch_operator_decorator.py
[2025-10-14 16:07:40,421] {logging_mixin.py:115} INFO - [2025-10-14 16:07:40,421] {dag.py:2379} INFO - Sync 1 DAGs
[2025-10-14 16:07:40,440] {logging_mixin.py:115} INFO - [2025-10-14 16:07:40,440] {dag.py:2927} INFO - Setting next_dagrun for example_branch_python_operator_decorator to 2025-10-13T00:00:00+00:00, run_after=2025-10-14T00:00:00+00:00
[2025-10-14 16:07:40,451] {processor.py:161} INFO - Processing /root/Projects/etlX/venv/lib/python3.9/site-packages/airflow/example_dags/example_branch_operator_decorator.py took 0.084 seconds
[2025-10-14 16:08:13,829] {processor.py:153} INFO - Started process (PID=21484) to work on /root/Projects/etlX/venv/lib/python3.9/site-packages/airflow/example_dags/example_branch_operator_decorator.py
[2025-10-14 16:08:13,829] {processor.py:641} INFO - Processing file /root/Projects/etlX/venv/lib/python3.9/site-packages/airflow/example_dags/example_branch_operator_decorator.py for tasks to queue
[2025-10-14 16:08:13,830] {logging_mixin.py:115} INFO - [2025-10-14 16:08:13,830] {dagbag.py:507} INFO - Filling up the DagBag from /root/Projects/etlX/venv/lib/python3.9/site-packages/airflow/example_dags/example_branch_operator_decorator.py
[2025-10-14 16:08:13,853] {processor.py:651} INFO - DAG(s) dict_keys(['example_branch_python_operator_decorator']) retrieved from /root/Projects/etlX/venv/lib/python3.9/site-packages/airflow/example_dags/example_branch_operator_decorator.py
[2025-10-14 16:08:13,876] {logging_mixin.py:115} INFO - [2025-10-14 16:08:13,876] {dag.py:2379} INFO - Sync 1 DAGs
[2025-10-14 16:08:13,894] {logging_mixin.py:115} INFO - [2025-10-14 16:08:13,894] {dag.py:2927} INFO - Setting next_dagrun for example_branch_python_operator_decorator to 2025-10-13T00:00:00+00:00, run_after=2025-10-14T00:00:00+00:00
[2025-10-14 16:08:13,906] {processor.py:161} INFO - Processing /root/Projects/etlX/venv/lib/python3.9/site-packages/airflow/example_dags/example_branch_operator_decorator.py took 0.082 seconds
[2025-10-14 16:08:51,086] {processor.py:153} INFO - Started process (PID=21669) to work on /root/Projects/etlX/venv/lib/python3.9/site-packages/airflow/example_dags/example_branch_operator_decorator.py
[2025-10-14 16:08:51,087] {processor.py:641} INFO - Processing file /root/Projects/etlX/venv/lib/python3.9/site-packages/airflow/example_dags/example_branch_operator_decorator.py for tasks to queue
[2025-10-14 16:08:51,088] {logging_mixin.py:115} INFO - [2025-10-14 16:08:51,088] {dagbag.py:507} INFO - Filling up the DagBag from /root/Projects/etlX/venv/lib/python3.9/site-packages/airflow/example_dags/example_branch_operator_decorator.py
[2025-10-14 16:08:51,110] {processor.py:651} INFO - DAG(s) dict_keys(['example_branch_python_operator_decorator']) retrieved from /root/Projects/etlX/venv/lib/python3.9/site-packages/airflow/example_dags/example_branch_operator_decorator.py
[2025-10-14 16:08:51,134] {logging_mixin.py:115} INFO - [2025-10-14 16:08:51,134] {dag.py:2379} INFO - Sync 1 DAGs
[2025-10-14 16:08:51,151] {logging_mixin.py:115} INFO - [2025-10-14 16:08:51,151] {dag.py:2927} INFO - Setting next_dagrun for example_branch_python_operator_decorator to 2025-10-13T00:00:00+00:00, run_after=2025-10-14T00:00:00+00:00
[2025-10-14 16:08:51,163] {processor.py:161} INFO - Processing /root/Projects/etlX/venv/lib/python3.9/site-packages/airflow/example_dags/example_branch_operator_decorator.py took 0.081 seconds
[2025-10-14 16:25:42,322] {processor.py:153} INFO - Started process (PID=22844) to work on /root/Projects/etlX/venv/lib/python3.9/site-packages/airflow/example_dags/example_branch_operator_decorator.py
[2025-10-14 16:25:42,323] {processor.py:641} INFO - Processing file /root/Projects/etlX/venv/lib/python3.9/site-packages/airflow/example_dags/example_branch_operator_decorator.py for tasks to queue
[2025-10-14 16:25:42,323] {logging_mixin.py:115} INFO - [2025-10-14 16:25:42,323] {dagbag.py:507} INFO - Filling up the DagBag from /root/Projects/etlX/venv/lib/python3.9/site-packages/airflow/example_dags/example_branch_operator_decorator.py
[2025-10-14 16:25:42,350] {processor.py:651} INFO - DAG(s) dict_keys(['example_branch_python_operator_decorator']) retrieved from /root/Projects/etlX/venv/lib/python3.9/site-packages/airflow/example_dags/example_branch_operator_decorator.py
[2025-10-14 16:25:42,377] {logging_mixin.py:115} INFO - [2025-10-14 16:25:42,377] {dag.py:2379} INFO - Sync 1 DAGs
[2025-10-14 16:25:42,396] {logging_mixin.py:115} INFO - [2025-10-14 16:25:42,396] {dag.py:2927} INFO - Setting next_dagrun for example_branch_python_operator_decorator to 2025-10-13T00:00:00+00:00, run_after=2025-10-14T00:00:00+00:00
[2025-10-14 16:25:42,408] {processor.py:161} INFO - Processing /root/Projects/etlX/venv/lib/python3.9/site-packages/airflow/example_dags/example_branch_operator_decorator.py took 0.090 seconds
[2025-10-14 16:26:16,185] {processor.py:153} INFO - Started process (PID=22902) to work on /root/Projects/etlX/venv/lib/python3.9/site-packages/airflow/example_dags/example_branch_operator_decorator.py
[2025-10-14 16:26:16,186] {processor.py:641} INFO - Processing file /root/Projects/etlX/venv/lib/python3.9/site-packages/airflow/example_dags/example_branch_operator_decorator.py for tasks to queue
[2025-10-14 16:26:16,187] {logging_mixin.py:115} INFO - [2025-10-14 16:26:16,187] {dagbag.py:507} INFO - Filling up the DagBag from /root/Projects/etlX/venv/lib/python3.9/site-packages/airflow/example_dags/example_branch_operator_decorator.py
[2025-10-14 16:26:16,218] {processor.py:651} INFO - DAG(s) dict_keys(['example_branch_python_operator_decorator']) retrieved from /root/Projects/etlX/venv/lib/python3.9/site-packages/airflow/example_dags/example_branch_operator_decorator.py
[2025-10-14 16:26:16,239] {logging_mixin.py:115} INFO - [2025-10-14 16:26:16,239] {dag.py:2379} INFO - Sync 1 DAGs
[2025-10-14 16:26:16,255] {logging_mixin.py:115} INFO - [2025-10-14 16:26:16,255] {dag.py:2927} INFO - Setting next_dagrun for example_branch_python_operator_decorator to 2025-10-13T00:00:00+00:00, run_after=2025-10-14T00:00:00+00:00
[2025-10-14 16:26:16,266] {processor.py:161} INFO - Processing /root/Projects/etlX/venv/lib/python3.9/site-packages/airflow/example_dags/example_branch_operator_decorator.py took 0.088 seconds
[2025-10-14 16:26:50,867] {processor.py:153} INFO - Started process (PID=22960) to work on /root/Projects/etlX/venv/lib/python3.9/site-packages/airflow/example_dags/example_branch_operator_decorator.py
[2025-10-14 16:26:50,867] {processor.py:641} INFO - Processing file /root/Projects/etlX/venv/lib/python3.9/site-packages/airflow/example_dags/example_branch_operator_decorator.py for tasks to queue
[2025-10-14 16:26:50,868] {logging_mixin.py:115} INFO - [2025-10-14 16:26:50,868] {dagbag.py:507} INFO - Filling up the DagBag from /root/Projects/etlX/venv/lib/python3.9/site-packages/airflow/example_dags/example_branch_operator_decorator.py
[2025-10-14 16:26:50,889] {processor.py:651} INFO - DAG(s) dict_keys(['example_branch_python_operator_decorator']) retrieved from /root/Projects/etlX/venv/lib/python3.9/site-packages/airflow/example_dags/example_branch_operator_decorator.py
[2025-10-14 16:26:50,912] {logging_mixin.py:115} INFO - [2025-10-14 16:26:50,912] {dag.py:2379} INFO - Sync 1 DAGs
[2025-10-14 16:26:50,928] {logging_mixin.py:115} INFO - [2025-10-14 16:26:50,928] {dag.py:2927} INFO - Setting next_dagrun for example_branch_python_operator_decorator to 2025-10-13T00:00:00+00:00, run_after=2025-10-14T00:00:00+00:00
[2025-10-14 16:26:50,939] {processor.py:161} INFO - Processing /root/Projects/etlX/venv/lib/python3.9/site-packages/airflow/example_dags/example_branch_operator_decorator.py took 0.078 seconds
[2025-10-14 16:27:26,339] {processor.py:153} INFO - Started process (PID=23042) to work on /root/Projects/etlX/venv/lib/python3.9/site-packages/airflow/example_dags/example_branch_operator_decorator.py
[2025-10-14 16:27:26,340] {processor.py:641} INFO - Processing file /root/Projects/etlX/venv/lib/python3.9/site-packages/airflow/example_dags/example_branch_operator_decorator.py for tasks to queue
[2025-10-14 16:27:26,341] {logging_mixin.py:115} INFO - [2025-10-14 16:27:26,341] {dagbag.py:507} INFO - Filling up the DagBag from /root/Projects/etlX/venv/lib/python3.9/site-packages/airflow/example_dags/example_branch_operator_decorator.py
[2025-10-14 16:27:26,367] {processor.py:651} INFO - DAG(s) dict_keys(['example_branch_python_operator_decorator']) retrieved from /root/Projects/etlX/venv/lib/python3.9/site-packages/airflow/example_dags/example_branch_operator_decorator.py
[2025-10-14 16:27:26,390] {logging_mixin.py:115} INFO - [2025-10-14 16:27:26,390] {dag.py:2379} INFO - Sync 1 DAGs
[2025-10-14 16:27:26,407] {logging_mixin.py:115} INFO - [2025-10-14 16:27:26,407] {dag.py:2927} INFO - Setting next_dagrun for example_branch_python_operator_decorator to 2025-10-13T00:00:00+00:00, run_after=2025-10-14T00:00:00+00:00
[2025-10-14 16:27:26,417] {processor.py:161} INFO - Processing /root/Projects/etlX/venv/lib/python3.9/site-packages/airflow/example_dags/example_branch_operator_decorator.py took 0.085 seconds
[2025-10-14 16:28:01,107] {processor.py:153} INFO - Started process (PID=23179) to work on /root/Projects/etlX/venv/lib/python3.9/site-packages/airflow/example_dags/example_branch_operator_decorator.py
[2025-10-14 16:28:01,108] {processor.py:641} INFO - Processing file /root/Projects/etlX/venv/lib/python3.9/site-packages/airflow/example_dags/example_branch_operator_decorator.py for tasks to queue
[2025-10-14 16:28:01,109] {logging_mixin.py:115} INFO - [2025-10-14 16:28:01,108] {dagbag.py:507} INFO - Filling up the DagBag from /root/Projects/etlX/venv/lib/python3.9/site-packages/airflow/example_dags/example_branch_operator_decorator.py
[2025-10-14 16:28:01,132] {processor.py:651} INFO - DAG(s) dict_keys(['example_branch_python_operator_decorator']) retrieved from /root/Projects/etlX/venv/lib/python3.9/site-packages/airflow/example_dags/example_branch_operator_decorator.py
[2025-10-14 16:28:01,155] {logging_mixin.py:115} INFO - [2025-10-14 16:28:01,155] {dag.py:2379} INFO - Sync 1 DAGs
[2025-10-14 16:28:01,172] {logging_mixin.py:115} INFO - [2025-10-14 16:28:01,172] {dag.py:2927} INFO - Setting next_dagrun for example_branch_python_operator_decorator to 2025-10-13T00:00:00+00:00, run_after=2025-10-14T00:00:00+00:00
[2025-10-14 16:28:01,183] {processor.py:161} INFO - Processing /root/Projects/etlX/venv/lib/python3.9/site-packages/airflow/example_dags/example_branch_operator_decorator.py took 0.081 seconds
[2025-10-14 16:28:38,580] {processor.py:153} INFO - Started process (PID=23345) to work on /root/Projects/etlX/venv/lib/python3.9/site-packages/airflow/example_dags/example_branch_operator_decorator.py
[2025-10-14 16:28:38,580] {processor.py:641} INFO - Processing file /root/Projects/etlX/venv/lib/python3.9/site-packages/airflow/example_dags/example_branch_operator_decorator.py for tasks to queue
[2025-10-14 16:28:38,581] {logging_mixin.py:115} INFO - [2025-10-14 16:28:38,581] {dagbag.py:507} INFO - Filling up the DagBag from /root/Projects/etlX/venv/lib/python3.9/site-packages/airflow/example_dags/example_branch_operator_decorator.py
[2025-10-14 16:28:38,603] {processor.py:651} INFO - DAG(s) dict_keys(['example_branch_python_operator_decorator']) retrieved from /root/Projects/etlX/venv/lib/python3.9/site-packages/airflow/example_dags/example_branch_operator_decorator.py
[2025-10-14 16:28:38,625] {logging_mixin.py:115} INFO - [2025-10-14 16:28:38,625] {dag.py:2379} INFO - Sync 1 DAGs
[2025-10-14 16:28:38,643] {logging_mixin.py:115} INFO - [2025-10-14 16:28:38,643] {dag.py:2927} INFO - Setting next_dagrun for example_branch_python_operator_decorator to 2025-10-13T00:00:00+00:00, run_after=2025-10-14T00:00:00+00:00
[2025-10-14 16:28:38,654] {processor.py:161} INFO - Processing /root/Projects/etlX/venv/lib/python3.9/site-packages/airflow/example_dags/example_branch_operator_decorator.py took 0.079 seconds
[2025-10-14 16:29:11,801] {processor.py:153} INFO - Started process (PID=23451) to work on /root/Projects/etlX/venv/lib/python3.9/site-packages/airflow/example_dags/example_branch_operator_decorator.py
[2025-10-14 16:29:11,802] {processor.py:641} INFO - Processing file /root/Projects/etlX/venv/lib/python3.9/site-packages/airflow/example_dags/example_branch_operator_decorator.py for tasks to queue
[2025-10-14 16:29:11,803] {logging_mixin.py:115} INFO - [2025-10-14 16:29:11,802] {dagbag.py:507} INFO - Filling up the DagBag from /root/Projects/etlX/venv/lib/python3.9/site-packages/airflow/example_dags/example_branch_operator_decorator.py
[2025-10-14 16:29:11,823] {processor.py:651} INFO - DAG(s) dict_keys(['example_branch_python_operator_decorator']) retrieved from /root/Projects/etlX/venv/lib/python3.9/site-packages/airflow/example_dags/example_branch_operator_decorator.py
[2025-10-14 16:29:11,846] {logging_mixin.py:115} INFO - [2025-10-14 16:29:11,846] {dag.py:2379} INFO - Sync 1 DAGs
[2025-10-14 16:29:11,863] {logging_mixin.py:115} INFO - [2025-10-14 16:29:11,863] {dag.py:2927} INFO - Setting next_dagrun for example_branch_python_operator_decorator to 2025-10-13T00:00:00+00:00, run_after=2025-10-14T00:00:00+00:00
[2025-10-14 16:29:11,873] {processor.py:161} INFO - Processing /root/Projects/etlX/venv/lib/python3.9/site-packages/airflow/example_dags/example_branch_operator_decorator.py took 0.076 seconds
[2025-10-14 16:29:47,800] {processor.py:153} INFO - Started process (PID=23621) to work on /root/Projects/etlX/venv/lib/python3.9/site-packages/airflow/example_dags/example_branch_operator_decorator.py
[2025-10-14 16:29:47,801] {processor.py:641} INFO - Processing file /root/Projects/etlX/venv/lib/python3.9/site-packages/airflow/example_dags/example_branch_operator_decorator.py for tasks to queue
[2025-10-14 16:29:47,802] {logging_mixin.py:115} INFO - [2025-10-14 16:29:47,802] {dagbag.py:507} INFO - Filling up the DagBag from /root/Projects/etlX/venv/lib/python3.9/site-packages/airflow/example_dags/example_branch_operator_decorator.py
[2025-10-14 16:29:47,824] {processor.py:651} INFO - DAG(s) dict_keys(['example_branch_python_operator_decorator']) retrieved from /root/Projects/etlX/venv/lib/python3.9/site-packages/airflow/example_dags/example_branch_operator_decorator.py
[2025-10-14 16:29:47,847] {logging_mixin.py:115} INFO - [2025-10-14 16:29:47,847] {dag.py:2379} INFO - Sync 1 DAGs
[2025-10-14 16:29:47,863] {logging_mixin.py:115} INFO - [2025-10-14 16:29:47,863] {dag.py:2927} INFO - Setting next_dagrun for example_branch_python_operator_decorator to 2025-10-13T00:00:00+00:00, run_after=2025-10-14T00:00:00+00:00
[2025-10-14 16:29:47,874] {processor.py:161} INFO - Processing /root/Projects/etlX/venv/lib/python3.9/site-packages/airflow/example_dags/example_branch_operator_decorator.py took 0.083 seconds
