[2025-10-14 14:57:07,614] {processor.py:153} INFO - Started process (PID=13272) to work on /root/Projects/etlX/venv/lib/python3.9/site-packages/airflow/example_dags/example_skip_dag.py
[2025-10-14 14:57:07,614] {processor.py:641} INFO - Processing file /root/Projects/etlX/venv/lib/python3.9/site-packages/airflow/example_dags/example_skip_dag.py for tasks to queue
[2025-10-14 14:57:07,615] {logging_mixin.py:115} INFO - [2025-10-14 14:57:07,615] {dagbag.py:507} INFO - Filling up the DagBag from /root/Projects/etlX/venv/lib/python3.9/site-packages/airflow/example_dags/example_skip_dag.py
[2025-10-14 14:57:07,622] {processor.py:651} INFO - DAG(s) dict_keys(['example_skip_dag']) retrieved from /root/Projects/etlX/venv/lib/python3.9/site-packages/airflow/example_dags/example_skip_dag.py
[2025-10-14 14:57:07,685] {logging_mixin.py:115} INFO - [2025-10-14 14:57:07,685] {manager.py:508} INFO - Created Permission View: can read on DAG:example_skip_dag
[2025-10-14 14:57:07,694] {logging_mixin.py:115} INFO - [2025-10-14 14:57:07,694] {manager.py:508} INFO - Created Permission View: can edit on DAG:example_skip_dag
[2025-10-14 14:57:07,706] {logging_mixin.py:115} INFO - [2025-10-14 14:57:07,706] {manager.py:508} INFO - Created Permission View: can delete on DAG:example_skip_dag
[2025-10-14 14:57:07,706] {logging_mixin.py:115} INFO - [2025-10-14 14:57:07,706] {dag.py:2379} INFO - Sync 1 DAGs
[2025-10-14 14:57:07,714] {logging_mixin.py:115} INFO - [2025-10-14 14:57:07,714] {dag.py:2398} INFO - Creating ORM DAG for example_skip_dag
[2025-10-14 14:57:07,723] {logging_mixin.py:115} INFO - [2025-10-14 14:57:07,722] {dag.py:2927} INFO - Setting next_dagrun for example_skip_dag to 2025-10-13T17:57:07.722586+00:00, run_after=2025-10-14T17:57:07.722586+00:00
[2025-10-14 14:57:07,736] {processor.py:161} INFO - Processing /root/Projects/etlX/venv/lib/python3.9/site-packages/airflow/example_dags/example_skip_dag.py took 0.127 seconds
[2025-10-14 14:57:44,924] {processor.py:153} INFO - Started process (PID=13534) to work on /root/Projects/etlX/venv/lib/python3.9/site-packages/airflow/example_dags/example_skip_dag.py
[2025-10-14 14:57:44,925] {processor.py:641} INFO - Processing file /root/Projects/etlX/venv/lib/python3.9/site-packages/airflow/example_dags/example_skip_dag.py for tasks to queue
[2025-10-14 14:57:44,925] {logging_mixin.py:115} INFO - [2025-10-14 14:57:44,925] {dagbag.py:507} INFO - Filling up the DagBag from /root/Projects/etlX/venv/lib/python3.9/site-packages/airflow/example_dags/example_skip_dag.py
[2025-10-14 14:57:44,933] {processor.py:651} INFO - DAG(s) dict_keys(['example_skip_dag']) retrieved from /root/Projects/etlX/venv/lib/python3.9/site-packages/airflow/example_dags/example_skip_dag.py
[2025-10-14 14:57:44,961] {logging_mixin.py:115} INFO - [2025-10-14 14:57:44,961] {dag.py:2379} INFO - Sync 1 DAGs
[2025-10-14 14:57:44,990] {logging_mixin.py:115} INFO - [2025-10-14 14:57:44,990] {dag.py:2927} INFO - Setting next_dagrun for example_skip_dag to 2025-10-13T17:57:44.990179+00:00, run_after=2025-10-14T17:57:44.990179+00:00
[2025-10-14 14:57:45,011] {processor.py:161} INFO - Processing /root/Projects/etlX/venv/lib/python3.9/site-packages/airflow/example_dags/example_skip_dag.py took 0.092 seconds
[2025-10-14 14:58:18,641] {processor.py:153} INFO - Started process (PID=13694) to work on /root/Projects/etlX/venv/lib/python3.9/site-packages/airflow/example_dags/example_skip_dag.py
[2025-10-14 14:58:18,642] {processor.py:641} INFO - Processing file /root/Projects/etlX/venv/lib/python3.9/site-packages/airflow/example_dags/example_skip_dag.py for tasks to queue
[2025-10-14 14:58:18,643] {logging_mixin.py:115} INFO - [2025-10-14 14:58:18,643] {dagbag.py:507} INFO - Filling up the DagBag from /root/Projects/etlX/venv/lib/python3.9/site-packages/airflow/example_dags/example_skip_dag.py
[2025-10-14 14:58:18,654] {processor.py:651} INFO - DAG(s) dict_keys(['example_skip_dag']) retrieved from /root/Projects/etlX/venv/lib/python3.9/site-packages/airflow/example_dags/example_skip_dag.py
[2025-10-14 14:58:18,683] {logging_mixin.py:115} INFO - [2025-10-14 14:58:18,683] {dag.py:2379} INFO - Sync 1 DAGs
[2025-10-14 14:58:18,702] {logging_mixin.py:115} INFO - [2025-10-14 14:58:18,702] {dag.py:2927} INFO - Setting next_dagrun for example_skip_dag to 2025-10-13T17:58:18.702381+00:00, run_after=2025-10-14T17:58:18.702381+00:00
[2025-10-14 14:58:18,713] {processor.py:161} INFO - Processing /root/Projects/etlX/venv/lib/python3.9/site-packages/airflow/example_dags/example_skip_dag.py took 0.085 seconds
[2025-10-14 14:58:52,099] {processor.py:153} INFO - Started process (PID=13749) to work on /root/Projects/etlX/venv/lib/python3.9/site-packages/airflow/example_dags/example_skip_dag.py
[2025-10-14 14:58:52,100] {processor.py:641} INFO - Processing file /root/Projects/etlX/venv/lib/python3.9/site-packages/airflow/example_dags/example_skip_dag.py for tasks to queue
[2025-10-14 14:58:52,100] {logging_mixin.py:115} INFO - [2025-10-14 14:58:52,100] {dagbag.py:507} INFO - Filling up the DagBag from /root/Projects/etlX/venv/lib/python3.9/site-packages/airflow/example_dags/example_skip_dag.py
[2025-10-14 14:58:52,107] {processor.py:651} INFO - DAG(s) dict_keys(['example_skip_dag']) retrieved from /root/Projects/etlX/venv/lib/python3.9/site-packages/airflow/example_dags/example_skip_dag.py
[2025-10-14 14:58:52,127] {logging_mixin.py:115} INFO - [2025-10-14 14:58:52,127] {dag.py:2379} INFO - Sync 1 DAGs
[2025-10-14 14:58:52,145] {logging_mixin.py:115} INFO - [2025-10-14 14:58:52,145] {dag.py:2927} INFO - Setting next_dagrun for example_skip_dag to 2025-10-13T17:58:52.145416+00:00, run_after=2025-10-14T17:58:52.145416+00:00
[2025-10-14 14:58:52,157] {processor.py:161} INFO - Processing /root/Projects/etlX/venv/lib/python3.9/site-packages/airflow/example_dags/example_skip_dag.py took 0.062 seconds
[2025-10-14 14:59:25,622] {processor.py:153} INFO - Started process (PID=13960) to work on /root/Projects/etlX/venv/lib/python3.9/site-packages/airflow/example_dags/example_skip_dag.py
[2025-10-14 14:59:25,623] {processor.py:641} INFO - Processing file /root/Projects/etlX/venv/lib/python3.9/site-packages/airflow/example_dags/example_skip_dag.py for tasks to queue
[2025-10-14 14:59:25,623] {logging_mixin.py:115} INFO - [2025-10-14 14:59:25,623] {dagbag.py:507} INFO - Filling up the DagBag from /root/Projects/etlX/venv/lib/python3.9/site-packages/airflow/example_dags/example_skip_dag.py
[2025-10-14 14:59:25,631] {processor.py:651} INFO - DAG(s) dict_keys(['example_skip_dag']) retrieved from /root/Projects/etlX/venv/lib/python3.9/site-packages/airflow/example_dags/example_skip_dag.py
[2025-10-14 14:59:25,659] {logging_mixin.py:115} INFO - [2025-10-14 14:59:25,659] {dag.py:2379} INFO - Sync 1 DAGs
[2025-10-14 14:59:25,684] {logging_mixin.py:115} INFO - [2025-10-14 14:59:25,684] {dag.py:2927} INFO - Setting next_dagrun for example_skip_dag to 2025-10-13T17:59:25.684329+00:00, run_after=2025-10-14T17:59:25.684329+00:00
[2025-10-14 14:59:25,700] {processor.py:161} INFO - Processing /root/Projects/etlX/venv/lib/python3.9/site-packages/airflow/example_dags/example_skip_dag.py took 0.083 seconds
[2025-10-14 14:59:59,670] {processor.py:153} INFO - Started process (PID=14018) to work on /root/Projects/etlX/venv/lib/python3.9/site-packages/airflow/example_dags/example_skip_dag.py
[2025-10-14 14:59:59,670] {processor.py:641} INFO - Processing file /root/Projects/etlX/venv/lib/python3.9/site-packages/airflow/example_dags/example_skip_dag.py for tasks to queue
[2025-10-14 14:59:59,671] {logging_mixin.py:115} INFO - [2025-10-14 14:59:59,671] {dagbag.py:507} INFO - Filling up the DagBag from /root/Projects/etlX/venv/lib/python3.9/site-packages/airflow/example_dags/example_skip_dag.py
[2025-10-14 14:59:59,678] {processor.py:651} INFO - DAG(s) dict_keys(['example_skip_dag']) retrieved from /root/Projects/etlX/venv/lib/python3.9/site-packages/airflow/example_dags/example_skip_dag.py
[2025-10-14 14:59:59,701] {logging_mixin.py:115} INFO - [2025-10-14 14:59:59,701] {dag.py:2379} INFO - Sync 1 DAGs
[2025-10-14 14:59:59,722] {logging_mixin.py:115} INFO - [2025-10-14 14:59:59,722] {dag.py:2927} INFO - Setting next_dagrun for example_skip_dag to 2025-10-13T17:59:59.722474+00:00, run_after=2025-10-14T17:59:59.722474+00:00
[2025-10-14 14:59:59,735] {processor.py:161} INFO - Processing /root/Projects/etlX/venv/lib/python3.9/site-packages/airflow/example_dags/example_skip_dag.py took 0.070 seconds
[2025-10-14 15:00:32,672] {processor.py:153} INFO - Started process (PID=14073) to work on /root/Projects/etlX/venv/lib/python3.9/site-packages/airflow/example_dags/example_skip_dag.py
[2025-10-14 15:00:32,672] {processor.py:641} INFO - Processing file /root/Projects/etlX/venv/lib/python3.9/site-packages/airflow/example_dags/example_skip_dag.py for tasks to queue
[2025-10-14 15:00:32,673] {logging_mixin.py:115} INFO - [2025-10-14 15:00:32,673] {dagbag.py:507} INFO - Filling up the DagBag from /root/Projects/etlX/venv/lib/python3.9/site-packages/airflow/example_dags/example_skip_dag.py
[2025-10-14 15:00:32,680] {processor.py:651} INFO - DAG(s) dict_keys(['example_skip_dag']) retrieved from /root/Projects/etlX/venv/lib/python3.9/site-packages/airflow/example_dags/example_skip_dag.py
[2025-10-14 15:00:32,703] {logging_mixin.py:115} INFO - [2025-10-14 15:00:32,703] {dag.py:2379} INFO - Sync 1 DAGs
[2025-10-14 15:00:32,726] {logging_mixin.py:115} INFO - [2025-10-14 15:00:32,725] {dag.py:2927} INFO - Setting next_dagrun for example_skip_dag to 2025-10-13T18:00:32.725557+00:00, run_after=2025-10-14T18:00:32.725557+00:00
[2025-10-14 15:00:32,738] {processor.py:161} INFO - Processing /root/Projects/etlX/venv/lib/python3.9/site-packages/airflow/example_dags/example_skip_dag.py took 0.071 seconds
[2025-10-14 15:01:06,762] {processor.py:153} INFO - Started process (PID=14437) to work on /root/Projects/etlX/venv/lib/python3.9/site-packages/airflow/example_dags/example_skip_dag.py
[2025-10-14 15:01:06,763] {processor.py:641} INFO - Processing file /root/Projects/etlX/venv/lib/python3.9/site-packages/airflow/example_dags/example_skip_dag.py for tasks to queue
[2025-10-14 15:01:06,763] {logging_mixin.py:115} INFO - [2025-10-14 15:01:06,763] {dagbag.py:507} INFO - Filling up the DagBag from /root/Projects/etlX/venv/lib/python3.9/site-packages/airflow/example_dags/example_skip_dag.py
[2025-10-14 15:01:06,771] {processor.py:651} INFO - DAG(s) dict_keys(['example_skip_dag']) retrieved from /root/Projects/etlX/venv/lib/python3.9/site-packages/airflow/example_dags/example_skip_dag.py
[2025-10-14 15:01:06,795] {logging_mixin.py:115} INFO - [2025-10-14 15:01:06,794] {dag.py:2379} INFO - Sync 1 DAGs
[2025-10-14 15:01:06,819] {logging_mixin.py:115} INFO - [2025-10-14 15:01:06,819] {dag.py:2927} INFO - Setting next_dagrun for example_skip_dag to 2025-10-13T18:01:06.818894+00:00, run_after=2025-10-14T18:01:06.818894+00:00
[2025-10-14 15:01:06,833] {processor.py:161} INFO - Processing /root/Projects/etlX/venv/lib/python3.9/site-packages/airflow/example_dags/example_skip_dag.py took 0.076 seconds
[2025-10-14 15:01:40,053] {processor.py:153} INFO - Started process (PID=14514) to work on /root/Projects/etlX/venv/lib/python3.9/site-packages/airflow/example_dags/example_skip_dag.py
[2025-10-14 15:01:40,054] {processor.py:641} INFO - Processing file /root/Projects/etlX/venv/lib/python3.9/site-packages/airflow/example_dags/example_skip_dag.py for tasks to queue
[2025-10-14 15:01:40,054] {logging_mixin.py:115} INFO - [2025-10-14 15:01:40,054] {dagbag.py:507} INFO - Filling up the DagBag from /root/Projects/etlX/venv/lib/python3.9/site-packages/airflow/example_dags/example_skip_dag.py
[2025-10-14 15:01:40,061] {processor.py:651} INFO - DAG(s) dict_keys(['example_skip_dag']) retrieved from /root/Projects/etlX/venv/lib/python3.9/site-packages/airflow/example_dags/example_skip_dag.py
[2025-10-14 15:01:40,082] {logging_mixin.py:115} INFO - [2025-10-14 15:01:40,082] {dag.py:2379} INFO - Sync 1 DAGs
[2025-10-14 15:01:40,103] {logging_mixin.py:115} INFO - [2025-10-14 15:01:40,103] {dag.py:2927} INFO - Setting next_dagrun for example_skip_dag to 2025-10-13T18:01:40.102862+00:00, run_after=2025-10-14T18:01:40.102862+00:00
[2025-10-14 15:01:40,114] {processor.py:161} INFO - Processing /root/Projects/etlX/venv/lib/python3.9/site-packages/airflow/example_dags/example_skip_dag.py took 0.066 seconds
[2025-10-14 15:02:15,168] {processor.py:153} INFO - Started process (PID=14807) to work on /root/Projects/etlX/venv/lib/python3.9/site-packages/airflow/example_dags/example_skip_dag.py
[2025-10-14 15:02:15,169] {processor.py:641} INFO - Processing file /root/Projects/etlX/venv/lib/python3.9/site-packages/airflow/example_dags/example_skip_dag.py for tasks to queue
[2025-10-14 15:02:15,170] {logging_mixin.py:115} INFO - [2025-10-14 15:02:15,169] {dagbag.py:507} INFO - Filling up the DagBag from /root/Projects/etlX/venv/lib/python3.9/site-packages/airflow/example_dags/example_skip_dag.py
[2025-10-14 15:02:15,177] {processor.py:651} INFO - DAG(s) dict_keys(['example_skip_dag']) retrieved from /root/Projects/etlX/venv/lib/python3.9/site-packages/airflow/example_dags/example_skip_dag.py
[2025-10-14 15:02:15,201] {logging_mixin.py:115} INFO - [2025-10-14 15:02:15,201] {dag.py:2379} INFO - Sync 1 DAGs
[2025-10-14 15:02:15,224] {logging_mixin.py:115} INFO - [2025-10-14 15:02:15,223] {dag.py:2927} INFO - Setting next_dagrun for example_skip_dag to 2025-10-13T18:02:15.223602+00:00, run_after=2025-10-14T18:02:15.223602+00:00
[2025-10-14 15:02:15,235] {processor.py:161} INFO - Processing /root/Projects/etlX/venv/lib/python3.9/site-packages/airflow/example_dags/example_skip_dag.py took 0.074 seconds
[2025-10-14 15:02:49,567] {processor.py:153} INFO - Started process (PID=14915) to work on /root/Projects/etlX/venv/lib/python3.9/site-packages/airflow/example_dags/example_skip_dag.py
[2025-10-14 15:02:49,567] {processor.py:641} INFO - Processing file /root/Projects/etlX/venv/lib/python3.9/site-packages/airflow/example_dags/example_skip_dag.py for tasks to queue
[2025-10-14 15:02:49,568] {logging_mixin.py:115} INFO - [2025-10-14 15:02:49,568] {dagbag.py:507} INFO - Filling up the DagBag from /root/Projects/etlX/venv/lib/python3.9/site-packages/airflow/example_dags/example_skip_dag.py
[2025-10-14 15:02:49,576] {processor.py:651} INFO - DAG(s) dict_keys(['example_skip_dag']) retrieved from /root/Projects/etlX/venv/lib/python3.9/site-packages/airflow/example_dags/example_skip_dag.py
[2025-10-14 15:02:49,598] {logging_mixin.py:115} INFO - [2025-10-14 15:02:49,598] {dag.py:2379} INFO - Sync 1 DAGs
[2025-10-14 15:02:49,623] {logging_mixin.py:115} INFO - [2025-10-14 15:02:49,623] {dag.py:2927} INFO - Setting next_dagrun for example_skip_dag to 2025-10-13T18:02:49.623416+00:00, run_after=2025-10-14T18:02:49.623416+00:00
[2025-10-14 15:02:49,636] {processor.py:161} INFO - Processing /root/Projects/etlX/venv/lib/python3.9/site-packages/airflow/example_dags/example_skip_dag.py took 0.074 seconds
[2025-10-14 15:03:22,837] {processor.py:153} INFO - Started process (PID=15024) to work on /root/Projects/etlX/venv/lib/python3.9/site-packages/airflow/example_dags/example_skip_dag.py
[2025-10-14 15:03:22,838] {processor.py:641} INFO - Processing file /root/Projects/etlX/venv/lib/python3.9/site-packages/airflow/example_dags/example_skip_dag.py for tasks to queue
[2025-10-14 15:03:22,839] {logging_mixin.py:115} INFO - [2025-10-14 15:03:22,838] {dagbag.py:507} INFO - Filling up the DagBag from /root/Projects/etlX/venv/lib/python3.9/site-packages/airflow/example_dags/example_skip_dag.py
[2025-10-14 15:03:22,845] {processor.py:651} INFO - DAG(s) dict_keys(['example_skip_dag']) retrieved from /root/Projects/etlX/venv/lib/python3.9/site-packages/airflow/example_dags/example_skip_dag.py
[2025-10-14 15:03:22,867] {logging_mixin.py:115} INFO - [2025-10-14 15:03:22,867] {dag.py:2379} INFO - Sync 1 DAGs
[2025-10-14 15:03:22,888] {logging_mixin.py:115} INFO - [2025-10-14 15:03:22,888] {dag.py:2927} INFO - Setting next_dagrun for example_skip_dag to 2025-10-13T18:03:22.888267+00:00, run_after=2025-10-14T18:03:22.888267+00:00
[2025-10-14 15:03:22,900] {processor.py:161} INFO - Processing /root/Projects/etlX/venv/lib/python3.9/site-packages/airflow/example_dags/example_skip_dag.py took 0.068 seconds
[2025-10-14 15:09:56,125] {processor.py:153} INFO - Started process (PID=15833) to work on /root/Projects/etlX/venv/lib/python3.9/site-packages/airflow/example_dags/example_skip_dag.py
[2025-10-14 15:09:56,126] {processor.py:641} INFO - Processing file /root/Projects/etlX/venv/lib/python3.9/site-packages/airflow/example_dags/example_skip_dag.py for tasks to queue
[2025-10-14 15:09:56,127] {logging_mixin.py:115} INFO - [2025-10-14 15:09:56,127] {dagbag.py:507} INFO - Filling up the DagBag from /root/Projects/etlX/venv/lib/python3.9/site-packages/airflow/example_dags/example_skip_dag.py
[2025-10-14 15:09:56,138] {processor.py:651} INFO - DAG(s) dict_keys(['example_skip_dag']) retrieved from /root/Projects/etlX/venv/lib/python3.9/site-packages/airflow/example_dags/example_skip_dag.py
[2025-10-14 15:09:56,170] {logging_mixin.py:115} INFO - [2025-10-14 15:09:56,170] {dag.py:2379} INFO - Sync 1 DAGs
[2025-10-14 15:09:56,199] {logging_mixin.py:115} INFO - [2025-10-14 15:09:56,199] {dag.py:2927} INFO - Setting next_dagrun for example_skip_dag to 2025-10-13T18:09:56.199300+00:00, run_after=2025-10-14T18:09:56.199300+00:00
[2025-10-14 15:09:56,217] {processor.py:161} INFO - Processing /root/Projects/etlX/venv/lib/python3.9/site-packages/airflow/example_dags/example_skip_dag.py took 0.098 seconds
[2025-10-14 15:10:31,187] {processor.py:153} INFO - Started process (PID=15942) to work on /root/Projects/etlX/venv/lib/python3.9/site-packages/airflow/example_dags/example_skip_dag.py
[2025-10-14 15:10:31,188] {processor.py:641} INFO - Processing file /root/Projects/etlX/venv/lib/python3.9/site-packages/airflow/example_dags/example_skip_dag.py for tasks to queue
[2025-10-14 15:10:31,189] {logging_mixin.py:115} INFO - [2025-10-14 15:10:31,189] {dagbag.py:507} INFO - Filling up the DagBag from /root/Projects/etlX/venv/lib/python3.9/site-packages/airflow/example_dags/example_skip_dag.py
[2025-10-14 15:10:31,197] {processor.py:651} INFO - DAG(s) dict_keys(['example_skip_dag']) retrieved from /root/Projects/etlX/venv/lib/python3.9/site-packages/airflow/example_dags/example_skip_dag.py
[2025-10-14 15:10:31,223] {logging_mixin.py:115} INFO - [2025-10-14 15:10:31,223] {dag.py:2379} INFO - Sync 1 DAGs
[2025-10-14 15:10:31,249] {logging_mixin.py:115} INFO - [2025-10-14 15:10:31,248] {dag.py:2927} INFO - Setting next_dagrun for example_skip_dag to 2025-10-13T18:10:31.248582+00:00, run_after=2025-10-14T18:10:31.248582+00:00
[2025-10-14 15:10:31,265] {processor.py:161} INFO - Processing /root/Projects/etlX/venv/lib/python3.9/site-packages/airflow/example_dags/example_skip_dag.py took 0.083 seconds
[2025-10-14 15:11:05,806] {processor.py:153} INFO - Started process (PID=15997) to work on /root/Projects/etlX/venv/lib/python3.9/site-packages/airflow/example_dags/example_skip_dag.py
[2025-10-14 15:11:05,809] {processor.py:641} INFO - Processing file /root/Projects/etlX/venv/lib/python3.9/site-packages/airflow/example_dags/example_skip_dag.py for tasks to queue
[2025-10-14 15:11:05,810] {logging_mixin.py:115} INFO - [2025-10-14 15:11:05,810] {dagbag.py:507} INFO - Filling up the DagBag from /root/Projects/etlX/venv/lib/python3.9/site-packages/airflow/example_dags/example_skip_dag.py
[2025-10-14 15:11:05,823] {processor.py:651} INFO - DAG(s) dict_keys(['example_skip_dag']) retrieved from /root/Projects/etlX/venv/lib/python3.9/site-packages/airflow/example_dags/example_skip_dag.py
[2025-10-14 15:11:05,849] {logging_mixin.py:115} INFO - [2025-10-14 15:11:05,849] {dag.py:2379} INFO - Sync 1 DAGs
[2025-10-14 15:11:05,874] {logging_mixin.py:115} INFO - [2025-10-14 15:11:05,874] {dag.py:2927} INFO - Setting next_dagrun for example_skip_dag to 2025-10-13T18:11:05.873897+00:00, run_after=2025-10-14T18:11:05.873897+00:00
[2025-10-14 15:11:05,891] {processor.py:161} INFO - Processing /root/Projects/etlX/venv/lib/python3.9/site-packages/airflow/example_dags/example_skip_dag.py took 0.091 seconds
[2025-10-14 15:11:39,325] {processor.py:153} INFO - Started process (PID=16158) to work on /root/Projects/etlX/venv/lib/python3.9/site-packages/airflow/example_dags/example_skip_dag.py
[2025-10-14 15:11:39,326] {processor.py:641} INFO - Processing file /root/Projects/etlX/venv/lib/python3.9/site-packages/airflow/example_dags/example_skip_dag.py for tasks to queue
[2025-10-14 15:11:39,326] {logging_mixin.py:115} INFO - [2025-10-14 15:11:39,326] {dagbag.py:507} INFO - Filling up the DagBag from /root/Projects/etlX/venv/lib/python3.9/site-packages/airflow/example_dags/example_skip_dag.py
[2025-10-14 15:11:39,333] {processor.py:651} INFO - DAG(s) dict_keys(['example_skip_dag']) retrieved from /root/Projects/etlX/venv/lib/python3.9/site-packages/airflow/example_dags/example_skip_dag.py
[2025-10-14 15:11:39,355] {logging_mixin.py:115} INFO - [2025-10-14 15:11:39,355] {dag.py:2379} INFO - Sync 1 DAGs
[2025-10-14 15:11:39,375] {logging_mixin.py:115} INFO - [2025-10-14 15:11:39,375] {dag.py:2927} INFO - Setting next_dagrun for example_skip_dag to 2025-10-13T18:11:39.374910+00:00, run_after=2025-10-14T18:11:39.374910+00:00
[2025-10-14 15:11:39,387] {processor.py:161} INFO - Processing /root/Projects/etlX/venv/lib/python3.9/site-packages/airflow/example_dags/example_skip_dag.py took 0.066 seconds
[2025-10-14 15:12:13,628] {processor.py:153} INFO - Started process (PID=16216) to work on /root/Projects/etlX/venv/lib/python3.9/site-packages/airflow/example_dags/example_skip_dag.py
[2025-10-14 15:12:13,628] {processor.py:641} INFO - Processing file /root/Projects/etlX/venv/lib/python3.9/site-packages/airflow/example_dags/example_skip_dag.py for tasks to queue
[2025-10-14 15:12:13,629] {logging_mixin.py:115} INFO - [2025-10-14 15:12:13,629] {dagbag.py:507} INFO - Filling up the DagBag from /root/Projects/etlX/venv/lib/python3.9/site-packages/airflow/example_dags/example_skip_dag.py
[2025-10-14 15:12:13,636] {processor.py:651} INFO - DAG(s) dict_keys(['example_skip_dag']) retrieved from /root/Projects/etlX/venv/lib/python3.9/site-packages/airflow/example_dags/example_skip_dag.py
[2025-10-14 15:12:13,656] {logging_mixin.py:115} INFO - [2025-10-14 15:12:13,656] {dag.py:2379} INFO - Sync 1 DAGs
[2025-10-14 15:12:13,683] {logging_mixin.py:115} INFO - [2025-10-14 15:12:13,683] {dag.py:2927} INFO - Setting next_dagrun for example_skip_dag to 2025-10-13T18:12:13.681396+00:00, run_after=2025-10-14T18:12:13.681396+00:00
[2025-10-14 15:12:13,698] {processor.py:161} INFO - Processing /root/Projects/etlX/venv/lib/python3.9/site-packages/airflow/example_dags/example_skip_dag.py took 0.075 seconds
[2025-10-14 15:12:47,018] {processor.py:153} INFO - Started process (PID=16271) to work on /root/Projects/etlX/venv/lib/python3.9/site-packages/airflow/example_dags/example_skip_dag.py
[2025-10-14 15:12:47,019] {processor.py:641} INFO - Processing file /root/Projects/etlX/venv/lib/python3.9/site-packages/airflow/example_dags/example_skip_dag.py for tasks to queue
[2025-10-14 15:12:47,019] {logging_mixin.py:115} INFO - [2025-10-14 15:12:47,019] {dagbag.py:507} INFO - Filling up the DagBag from /root/Projects/etlX/venv/lib/python3.9/site-packages/airflow/example_dags/example_skip_dag.py
[2025-10-14 15:12:47,026] {processor.py:651} INFO - DAG(s) dict_keys(['example_skip_dag']) retrieved from /root/Projects/etlX/venv/lib/python3.9/site-packages/airflow/example_dags/example_skip_dag.py
[2025-10-14 15:12:47,046] {logging_mixin.py:115} INFO - [2025-10-14 15:12:47,046] {dag.py:2379} INFO - Sync 1 DAGs
[2025-10-14 15:12:47,065] {logging_mixin.py:115} INFO - [2025-10-14 15:12:47,065] {dag.py:2927} INFO - Setting next_dagrun for example_skip_dag to 2025-10-13T18:12:47.064864+00:00, run_after=2025-10-14T18:12:47.064864+00:00
[2025-10-14 15:12:47,075] {processor.py:161} INFO - Processing /root/Projects/etlX/venv/lib/python3.9/site-packages/airflow/example_dags/example_skip_dag.py took 0.062 seconds
[2025-10-14 15:13:21,418] {processor.py:153} INFO - Started process (PID=16329) to work on /root/Projects/etlX/venv/lib/python3.9/site-packages/airflow/example_dags/example_skip_dag.py
[2025-10-14 15:13:21,418] {processor.py:641} INFO - Processing file /root/Projects/etlX/venv/lib/python3.9/site-packages/airflow/example_dags/example_skip_dag.py for tasks to queue
[2025-10-14 15:13:21,419] {logging_mixin.py:115} INFO - [2025-10-14 15:13:21,419] {dagbag.py:507} INFO - Filling up the DagBag from /root/Projects/etlX/venv/lib/python3.9/site-packages/airflow/example_dags/example_skip_dag.py
[2025-10-14 15:13:21,425] {processor.py:651} INFO - DAG(s) dict_keys(['example_skip_dag']) retrieved from /root/Projects/etlX/venv/lib/python3.9/site-packages/airflow/example_dags/example_skip_dag.py
[2025-10-14 15:13:21,445] {logging_mixin.py:115} INFO - [2025-10-14 15:13:21,445] {dag.py:2379} INFO - Sync 1 DAGs
[2025-10-14 15:13:21,464] {logging_mixin.py:115} INFO - [2025-10-14 15:13:21,464] {dag.py:2927} INFO - Setting next_dagrun for example_skip_dag to 2025-10-13T18:13:21.464343+00:00, run_after=2025-10-14T18:13:21.464343+00:00
[2025-10-14 15:13:21,475] {processor.py:161} INFO - Processing /root/Projects/etlX/venv/lib/python3.9/site-packages/airflow/example_dags/example_skip_dag.py took 0.062 seconds
[2025-10-14 15:13:54,133] {processor.py:153} INFO - Started process (PID=16384) to work on /root/Projects/etlX/venv/lib/python3.9/site-packages/airflow/example_dags/example_skip_dag.py
[2025-10-14 15:13:54,133] {processor.py:641} INFO - Processing file /root/Projects/etlX/venv/lib/python3.9/site-packages/airflow/example_dags/example_skip_dag.py for tasks to queue
[2025-10-14 15:13:54,134] {logging_mixin.py:115} INFO - [2025-10-14 15:13:54,134] {dagbag.py:507} INFO - Filling up the DagBag from /root/Projects/etlX/venv/lib/python3.9/site-packages/airflow/example_dags/example_skip_dag.py
[2025-10-14 15:13:54,140] {processor.py:651} INFO - DAG(s) dict_keys(['example_skip_dag']) retrieved from /root/Projects/etlX/venv/lib/python3.9/site-packages/airflow/example_dags/example_skip_dag.py
[2025-10-14 15:13:54,160] {logging_mixin.py:115} INFO - [2025-10-14 15:13:54,160] {dag.py:2379} INFO - Sync 1 DAGs
[2025-10-14 15:13:54,179] {logging_mixin.py:115} INFO - [2025-10-14 15:13:54,179] {dag.py:2927} INFO - Setting next_dagrun for example_skip_dag to 2025-10-13T18:13:54.179326+00:00, run_after=2025-10-14T18:13:54.179326+00:00
[2025-10-14 15:13:54,190] {processor.py:161} INFO - Processing /root/Projects/etlX/venv/lib/python3.9/site-packages/airflow/example_dags/example_skip_dag.py took 0.062 seconds
[2025-10-14 15:14:27,577] {processor.py:153} INFO - Started process (PID=16439) to work on /root/Projects/etlX/venv/lib/python3.9/site-packages/airflow/example_dags/example_skip_dag.py
[2025-10-14 15:14:27,578] {processor.py:641} INFO - Processing file /root/Projects/etlX/venv/lib/python3.9/site-packages/airflow/example_dags/example_skip_dag.py for tasks to queue
[2025-10-14 15:14:27,578] {logging_mixin.py:115} INFO - [2025-10-14 15:14:27,578] {dagbag.py:507} INFO - Filling up the DagBag from /root/Projects/etlX/venv/lib/python3.9/site-packages/airflow/example_dags/example_skip_dag.py
[2025-10-14 15:14:27,586] {processor.py:651} INFO - DAG(s) dict_keys(['example_skip_dag']) retrieved from /root/Projects/etlX/venv/lib/python3.9/site-packages/airflow/example_dags/example_skip_dag.py
[2025-10-14 15:14:27,609] {logging_mixin.py:115} INFO - [2025-10-14 15:14:27,609] {dag.py:2379} INFO - Sync 1 DAGs
[2025-10-14 15:14:27,632] {logging_mixin.py:115} INFO - [2025-10-14 15:14:27,632] {dag.py:2927} INFO - Setting next_dagrun for example_skip_dag to 2025-10-13T18:14:27.632078+00:00, run_after=2025-10-14T18:14:27.632078+00:00
[2025-10-14 15:14:27,644] {processor.py:161} INFO - Processing /root/Projects/etlX/venv/lib/python3.9/site-packages/airflow/example_dags/example_skip_dag.py took 0.072 seconds
[2025-10-14 15:15:02,844] {processor.py:153} INFO - Started process (PID=16549) to work on /root/Projects/etlX/venv/lib/python3.9/site-packages/airflow/example_dags/example_skip_dag.py
[2025-10-14 15:15:02,845] {processor.py:641} INFO - Processing file /root/Projects/etlX/venv/lib/python3.9/site-packages/airflow/example_dags/example_skip_dag.py for tasks to queue
[2025-10-14 15:15:02,846] {logging_mixin.py:115} INFO - [2025-10-14 15:15:02,846] {dagbag.py:507} INFO - Filling up the DagBag from /root/Projects/etlX/venv/lib/python3.9/site-packages/airflow/example_dags/example_skip_dag.py
[2025-10-14 15:15:02,857] {processor.py:651} INFO - DAG(s) dict_keys(['example_skip_dag']) retrieved from /root/Projects/etlX/venv/lib/python3.9/site-packages/airflow/example_dags/example_skip_dag.py
[2025-10-14 15:15:02,880] {logging_mixin.py:115} INFO - [2025-10-14 15:15:02,880] {dag.py:2379} INFO - Sync 1 DAGs
[2025-10-14 15:15:02,899] {logging_mixin.py:115} INFO - [2025-10-14 15:15:02,899] {dag.py:2927} INFO - Setting next_dagrun for example_skip_dag to 2025-10-13T18:15:02.899558+00:00, run_after=2025-10-14T18:15:02.899558+00:00
[2025-10-14 15:15:02,910] {processor.py:161} INFO - Processing /root/Projects/etlX/venv/lib/python3.9/site-packages/airflow/example_dags/example_skip_dag.py took 0.074 seconds
[2025-10-14 15:15:38,898] {processor.py:153} INFO - Started process (PID=16608) to work on /root/Projects/etlX/venv/lib/python3.9/site-packages/airflow/example_dags/example_skip_dag.py
[2025-10-14 15:15:38,899] {processor.py:641} INFO - Processing file /root/Projects/etlX/venv/lib/python3.9/site-packages/airflow/example_dags/example_skip_dag.py for tasks to queue
[2025-10-14 15:15:38,900] {logging_mixin.py:115} INFO - [2025-10-14 15:15:38,900] {dagbag.py:507} INFO - Filling up the DagBag from /root/Projects/etlX/venv/lib/python3.9/site-packages/airflow/example_dags/example_skip_dag.py
[2025-10-14 15:15:38,909] {processor.py:651} INFO - DAG(s) dict_keys(['example_skip_dag']) retrieved from /root/Projects/etlX/venv/lib/python3.9/site-packages/airflow/example_dags/example_skip_dag.py
[2025-10-14 15:15:38,932] {logging_mixin.py:115} INFO - [2025-10-14 15:15:38,932] {dag.py:2379} INFO - Sync 1 DAGs
[2025-10-14 15:15:38,952] {logging_mixin.py:115} INFO - [2025-10-14 15:15:38,951] {dag.py:2927} INFO - Setting next_dagrun for example_skip_dag to 2025-10-13T18:15:38.951598+00:00, run_after=2025-10-14T18:15:38.951598+00:00
[2025-10-14 15:15:38,963] {processor.py:161} INFO - Processing /root/Projects/etlX/venv/lib/python3.9/site-packages/airflow/example_dags/example_skip_dag.py took 0.070 seconds
[2025-10-14 15:16:13,884] {processor.py:153} INFO - Started process (PID=16770) to work on /root/Projects/etlX/venv/lib/python3.9/site-packages/airflow/example_dags/example_skip_dag.py
[2025-10-14 15:16:13,885] {processor.py:641} INFO - Processing file /root/Projects/etlX/venv/lib/python3.9/site-packages/airflow/example_dags/example_skip_dag.py for tasks to queue
[2025-10-14 15:16:13,886] {logging_mixin.py:115} INFO - [2025-10-14 15:16:13,886] {dagbag.py:507} INFO - Filling up the DagBag from /root/Projects/etlX/venv/lib/python3.9/site-packages/airflow/example_dags/example_skip_dag.py
[2025-10-14 15:16:13,896] {processor.py:651} INFO - DAG(s) dict_keys(['example_skip_dag']) retrieved from /root/Projects/etlX/venv/lib/python3.9/site-packages/airflow/example_dags/example_skip_dag.py
[2025-10-14 15:16:13,919] {logging_mixin.py:115} INFO - [2025-10-14 15:16:13,919] {dag.py:2379} INFO - Sync 1 DAGs
[2025-10-14 15:16:13,940] {logging_mixin.py:115} INFO - [2025-10-14 15:16:13,940] {dag.py:2927} INFO - Setting next_dagrun for example_skip_dag to 2025-10-13T18:16:13.940330+00:00, run_after=2025-10-14T18:16:13.940330+00:00
[2025-10-14 15:16:13,952] {processor.py:161} INFO - Processing /root/Projects/etlX/venv/lib/python3.9/site-packages/airflow/example_dags/example_skip_dag.py took 0.074 seconds
[2025-10-14 15:16:47,322] {processor.py:153} INFO - Started process (PID=16979) to work on /root/Projects/etlX/venv/lib/python3.9/site-packages/airflow/example_dags/example_skip_dag.py
[2025-10-14 15:16:47,323] {processor.py:641} INFO - Processing file /root/Projects/etlX/venv/lib/python3.9/site-packages/airflow/example_dags/example_skip_dag.py for tasks to queue
[2025-10-14 15:16:47,324] {logging_mixin.py:115} INFO - [2025-10-14 15:16:47,324] {dagbag.py:507} INFO - Filling up the DagBag from /root/Projects/etlX/venv/lib/python3.9/site-packages/airflow/example_dags/example_skip_dag.py
[2025-10-14 15:16:47,335] {processor.py:651} INFO - DAG(s) dict_keys(['example_skip_dag']) retrieved from /root/Projects/etlX/venv/lib/python3.9/site-packages/airflow/example_dags/example_skip_dag.py
[2025-10-14 15:16:47,361] {logging_mixin.py:115} INFO - [2025-10-14 15:16:47,361] {dag.py:2379} INFO - Sync 1 DAGs
[2025-10-14 15:16:47,392] {logging_mixin.py:115} INFO - [2025-10-14 15:16:47,392] {dag.py:2927} INFO - Setting next_dagrun for example_skip_dag to 2025-10-13T18:16:47.392357+00:00, run_after=2025-10-14T18:16:47.392357+00:00
[2025-10-14 15:16:47,411] {processor.py:161} INFO - Processing /root/Projects/etlX/venv/lib/python3.9/site-packages/airflow/example_dags/example_skip_dag.py took 0.094 seconds
[2025-10-14 15:17:22,024] {processor.py:153} INFO - Started process (PID=17089) to work on /root/Projects/etlX/venv/lib/python3.9/site-packages/airflow/example_dags/example_skip_dag.py
[2025-10-14 15:17:22,025] {processor.py:641} INFO - Processing file /root/Projects/etlX/venv/lib/python3.9/site-packages/airflow/example_dags/example_skip_dag.py for tasks to queue
[2025-10-14 15:17:22,025] {logging_mixin.py:115} INFO - [2025-10-14 15:17:22,025] {dagbag.py:507} INFO - Filling up the DagBag from /root/Projects/etlX/venv/lib/python3.9/site-packages/airflow/example_dags/example_skip_dag.py
[2025-10-14 15:17:22,033] {processor.py:651} INFO - DAG(s) dict_keys(['example_skip_dag']) retrieved from /root/Projects/etlX/venv/lib/python3.9/site-packages/airflow/example_dags/example_skip_dag.py
[2025-10-14 15:17:22,055] {logging_mixin.py:115} INFO - [2025-10-14 15:17:22,055] {dag.py:2379} INFO - Sync 1 DAGs
[2025-10-14 15:17:22,076] {logging_mixin.py:115} INFO - [2025-10-14 15:17:22,076] {dag.py:2927} INFO - Setting next_dagrun for example_skip_dag to 2025-10-13T18:17:22.076583+00:00, run_after=2025-10-14T18:17:22.076583+00:00
[2025-10-14 15:17:22,089] {processor.py:161} INFO - Processing /root/Projects/etlX/venv/lib/python3.9/site-packages/airflow/example_dags/example_skip_dag.py took 0.070 seconds
[2025-10-14 15:17:57,515] {processor.py:153} INFO - Started process (PID=17352) to work on /root/Projects/etlX/venv/lib/python3.9/site-packages/airflow/example_dags/example_skip_dag.py
[2025-10-14 15:17:57,516] {processor.py:641} INFO - Processing file /root/Projects/etlX/venv/lib/python3.9/site-packages/airflow/example_dags/example_skip_dag.py for tasks to queue
[2025-10-14 15:17:57,517] {logging_mixin.py:115} INFO - [2025-10-14 15:17:57,517] {dagbag.py:507} INFO - Filling up the DagBag from /root/Projects/etlX/venv/lib/python3.9/site-packages/airflow/example_dags/example_skip_dag.py
[2025-10-14 15:17:57,526] {processor.py:651} INFO - DAG(s) dict_keys(['example_skip_dag']) retrieved from /root/Projects/etlX/venv/lib/python3.9/site-packages/airflow/example_dags/example_skip_dag.py
[2025-10-14 15:17:57,556] {logging_mixin.py:115} INFO - [2025-10-14 15:17:57,556] {dag.py:2379} INFO - Sync 1 DAGs
[2025-10-14 15:17:57,588] {logging_mixin.py:115} INFO - [2025-10-14 15:17:57,587] {dag.py:2927} INFO - Setting next_dagrun for example_skip_dag to 2025-10-13T18:17:57.587656+00:00, run_after=2025-10-14T18:17:57.587656+00:00
[2025-10-14 15:17:57,612] {processor.py:161} INFO - Processing /root/Projects/etlX/venv/lib/python3.9/site-packages/airflow/example_dags/example_skip_dag.py took 0.105 seconds
[2025-10-14 15:58:54,474] {processor.py:153} INFO - Started process (PID=19821) to work on /root/Projects/etlX/venv/lib/python3.9/site-packages/airflow/example_dags/example_skip_dag.py
[2025-10-14 15:58:54,475] {processor.py:641} INFO - Processing file /root/Projects/etlX/venv/lib/python3.9/site-packages/airflow/example_dags/example_skip_dag.py for tasks to queue
[2025-10-14 15:58:54,476] {logging_mixin.py:115} INFO - [2025-10-14 15:58:54,476] {dagbag.py:507} INFO - Filling up the DagBag from /root/Projects/etlX/venv/lib/python3.9/site-packages/airflow/example_dags/example_skip_dag.py
[2025-10-14 15:58:54,490] {processor.py:651} INFO - DAG(s) dict_keys(['example_skip_dag']) retrieved from /root/Projects/etlX/venv/lib/python3.9/site-packages/airflow/example_dags/example_skip_dag.py
[2025-10-14 15:58:54,527] {logging_mixin.py:115} INFO - [2025-10-14 15:58:54,527] {dag.py:2379} INFO - Sync 1 DAGs
[2025-10-14 15:58:54,613] {logging_mixin.py:115} INFO - [2025-10-14 15:58:54,613] {dag.py:2927} INFO - Setting next_dagrun for example_skip_dag to 2025-10-13T18:58:54.612985+00:00, run_after=2025-10-14T18:58:54.612985+00:00
[2025-10-14 15:58:54,643] {processor.py:161} INFO - Processing /root/Projects/etlX/venv/lib/python3.9/site-packages/airflow/example_dags/example_skip_dag.py took 0.174 seconds
[2025-10-14 15:59:27,181] {processor.py:153} INFO - Started process (PID=20084) to work on /root/Projects/etlX/venv/lib/python3.9/site-packages/airflow/example_dags/example_skip_dag.py
[2025-10-14 15:59:27,181] {processor.py:641} INFO - Processing file /root/Projects/etlX/venv/lib/python3.9/site-packages/airflow/example_dags/example_skip_dag.py for tasks to queue
[2025-10-14 15:59:27,182] {logging_mixin.py:115} INFO - [2025-10-14 15:59:27,182] {dagbag.py:507} INFO - Filling up the DagBag from /root/Projects/etlX/venv/lib/python3.9/site-packages/airflow/example_dags/example_skip_dag.py
[2025-10-14 15:59:27,189] {processor.py:651} INFO - DAG(s) dict_keys(['example_skip_dag']) retrieved from /root/Projects/etlX/venv/lib/python3.9/site-packages/airflow/example_dags/example_skip_dag.py
[2025-10-14 15:59:27,209] {logging_mixin.py:115} INFO - [2025-10-14 15:59:27,209] {dag.py:2379} INFO - Sync 1 DAGs
[2025-10-14 15:59:27,231] {logging_mixin.py:115} INFO - [2025-10-14 15:59:27,231] {dag.py:2927} INFO - Setting next_dagrun for example_skip_dag to 2025-10-13T18:59:27.230792+00:00, run_after=2025-10-14T18:59:27.230792+00:00
[2025-10-14 15:59:27,243] {processor.py:161} INFO - Processing /root/Projects/etlX/venv/lib/python3.9/site-packages/airflow/example_dags/example_skip_dag.py took 0.067 seconds
[2025-10-14 16:00:00,464] {processor.py:153} INFO - Started process (PID=20139) to work on /root/Projects/etlX/venv/lib/python3.9/site-packages/airflow/example_dags/example_skip_dag.py
[2025-10-14 16:00:00,465] {processor.py:641} INFO - Processing file /root/Projects/etlX/venv/lib/python3.9/site-packages/airflow/example_dags/example_skip_dag.py for tasks to queue
[2025-10-14 16:00:00,466] {logging_mixin.py:115} INFO - [2025-10-14 16:00:00,466] {dagbag.py:507} INFO - Filling up the DagBag from /root/Projects/etlX/venv/lib/python3.9/site-packages/airflow/example_dags/example_skip_dag.py
[2025-10-14 16:00:00,472] {processor.py:651} INFO - DAG(s) dict_keys(['example_skip_dag']) retrieved from /root/Projects/etlX/venv/lib/python3.9/site-packages/airflow/example_dags/example_skip_dag.py
[2025-10-14 16:00:00,494] {logging_mixin.py:115} INFO - [2025-10-14 16:00:00,494] {dag.py:2379} INFO - Sync 1 DAGs
[2025-10-14 16:00:00,513] {logging_mixin.py:115} INFO - [2025-10-14 16:00:00,513] {dag.py:2927} INFO - Setting next_dagrun for example_skip_dag to 2025-10-13T19:00:00.513565+00:00, run_after=2025-10-14T19:00:00.513565+00:00
[2025-10-14 16:00:00,525] {processor.py:161} INFO - Processing /root/Projects/etlX/venv/lib/python3.9/site-packages/airflow/example_dags/example_skip_dag.py took 0.064 seconds
[2025-10-14 16:00:33,867] {processor.py:153} INFO - Started process (PID=20197) to work on /root/Projects/etlX/venv/lib/python3.9/site-packages/airflow/example_dags/example_skip_dag.py
[2025-10-14 16:00:33,868] {processor.py:641} INFO - Processing file /root/Projects/etlX/venv/lib/python3.9/site-packages/airflow/example_dags/example_skip_dag.py for tasks to queue
[2025-10-14 16:00:33,868] {logging_mixin.py:115} INFO - [2025-10-14 16:00:33,868] {dagbag.py:507} INFO - Filling up the DagBag from /root/Projects/etlX/venv/lib/python3.9/site-packages/airflow/example_dags/example_skip_dag.py
[2025-10-14 16:00:33,875] {processor.py:651} INFO - DAG(s) dict_keys(['example_skip_dag']) retrieved from /root/Projects/etlX/venv/lib/python3.9/site-packages/airflow/example_dags/example_skip_dag.py
[2025-10-14 16:00:33,896] {logging_mixin.py:115} INFO - [2025-10-14 16:00:33,896] {dag.py:2379} INFO - Sync 1 DAGs
[2025-10-14 16:00:33,915] {logging_mixin.py:115} INFO - [2025-10-14 16:00:33,914] {dag.py:2927} INFO - Setting next_dagrun for example_skip_dag to 2025-10-13T19:00:33.914657+00:00, run_after=2025-10-14T19:00:33.914657+00:00
[2025-10-14 16:00:33,925] {processor.py:161} INFO - Processing /root/Projects/etlX/venv/lib/python3.9/site-packages/airflow/example_dags/example_skip_dag.py took 0.062 seconds
[2025-10-14 16:01:07,456] {processor.py:153} INFO - Started process (PID=20252) to work on /root/Projects/etlX/venv/lib/python3.9/site-packages/airflow/example_dags/example_skip_dag.py
[2025-10-14 16:01:07,457] {processor.py:641} INFO - Processing file /root/Projects/etlX/venv/lib/python3.9/site-packages/airflow/example_dags/example_skip_dag.py for tasks to queue
[2025-10-14 16:01:07,458] {logging_mixin.py:115} INFO - [2025-10-14 16:01:07,458] {dagbag.py:507} INFO - Filling up the DagBag from /root/Projects/etlX/venv/lib/python3.9/site-packages/airflow/example_dags/example_skip_dag.py
[2025-10-14 16:01:07,465] {processor.py:651} INFO - DAG(s) dict_keys(['example_skip_dag']) retrieved from /root/Projects/etlX/venv/lib/python3.9/site-packages/airflow/example_dags/example_skip_dag.py
[2025-10-14 16:01:07,486] {logging_mixin.py:115} INFO - [2025-10-14 16:01:07,486] {dag.py:2379} INFO - Sync 1 DAGs
[2025-10-14 16:01:07,509] {logging_mixin.py:115} INFO - [2025-10-14 16:01:07,509] {dag.py:2927} INFO - Setting next_dagrun for example_skip_dag to 2025-10-13T19:01:07.509276+00:00, run_after=2025-10-14T19:01:07.509276+00:00
[2025-10-14 16:01:07,521] {processor.py:161} INFO - Processing /root/Projects/etlX/venv/lib/python3.9/site-packages/airflow/example_dags/example_skip_dag.py took 0.070 seconds
[2025-10-14 16:01:41,411] {processor.py:153} INFO - Started process (PID=20310) to work on /root/Projects/etlX/venv/lib/python3.9/site-packages/airflow/example_dags/example_skip_dag.py
[2025-10-14 16:01:41,412] {processor.py:641} INFO - Processing file /root/Projects/etlX/venv/lib/python3.9/site-packages/airflow/example_dags/example_skip_dag.py for tasks to queue
[2025-10-14 16:01:41,412] {logging_mixin.py:115} INFO - [2025-10-14 16:01:41,412] {dagbag.py:507} INFO - Filling up the DagBag from /root/Projects/etlX/venv/lib/python3.9/site-packages/airflow/example_dags/example_skip_dag.py
[2025-10-14 16:01:41,419] {processor.py:651} INFO - DAG(s) dict_keys(['example_skip_dag']) retrieved from /root/Projects/etlX/venv/lib/python3.9/site-packages/airflow/example_dags/example_skip_dag.py
[2025-10-14 16:01:41,439] {logging_mixin.py:115} INFO - [2025-10-14 16:01:41,439] {dag.py:2379} INFO - Sync 1 DAGs
[2025-10-14 16:01:41,459] {logging_mixin.py:115} INFO - [2025-10-14 16:01:41,459] {dag.py:2927} INFO - Setting next_dagrun for example_skip_dag to 2025-10-13T19:01:41.458811+00:00, run_after=2025-10-14T19:01:41.458811+00:00
[2025-10-14 16:01:41,469] {processor.py:161} INFO - Processing /root/Projects/etlX/venv/lib/python3.9/site-packages/airflow/example_dags/example_skip_dag.py took 0.063 seconds
[2025-10-14 16:02:15,925] {processor.py:153} INFO - Started process (PID=20365) to work on /root/Projects/etlX/venv/lib/python3.9/site-packages/airflow/example_dags/example_skip_dag.py
[2025-10-14 16:02:15,925] {processor.py:641} INFO - Processing file /root/Projects/etlX/venv/lib/python3.9/site-packages/airflow/example_dags/example_skip_dag.py for tasks to queue
[2025-10-14 16:02:15,926] {logging_mixin.py:115} INFO - [2025-10-14 16:02:15,926] {dagbag.py:507} INFO - Filling up the DagBag from /root/Projects/etlX/venv/lib/python3.9/site-packages/airflow/example_dags/example_skip_dag.py
[2025-10-14 16:02:15,932] {processor.py:651} INFO - DAG(s) dict_keys(['example_skip_dag']) retrieved from /root/Projects/etlX/venv/lib/python3.9/site-packages/airflow/example_dags/example_skip_dag.py
[2025-10-14 16:02:15,952] {logging_mixin.py:115} INFO - [2025-10-14 16:02:15,952] {dag.py:2379} INFO - Sync 1 DAGs
[2025-10-14 16:02:15,971] {logging_mixin.py:115} INFO - [2025-10-14 16:02:15,971] {dag.py:2927} INFO - Setting next_dagrun for example_skip_dag to 2025-10-13T19:02:15.970958+00:00, run_after=2025-10-14T19:02:15.970958+00:00
[2025-10-14 16:02:15,982] {processor.py:161} INFO - Processing /root/Projects/etlX/venv/lib/python3.9/site-packages/airflow/example_dags/example_skip_dag.py took 0.062 seconds
[2025-10-14 16:02:49,519] {processor.py:153} INFO - Started process (PID=20423) to work on /root/Projects/etlX/venv/lib/python3.9/site-packages/airflow/example_dags/example_skip_dag.py
[2025-10-14 16:02:49,520] {processor.py:641} INFO - Processing file /root/Projects/etlX/venv/lib/python3.9/site-packages/airflow/example_dags/example_skip_dag.py for tasks to queue
[2025-10-14 16:02:49,521] {logging_mixin.py:115} INFO - [2025-10-14 16:02:49,521] {dagbag.py:507} INFO - Filling up the DagBag from /root/Projects/etlX/venv/lib/python3.9/site-packages/airflow/example_dags/example_skip_dag.py
[2025-10-14 16:02:49,527] {processor.py:651} INFO - DAG(s) dict_keys(['example_skip_dag']) retrieved from /root/Projects/etlX/venv/lib/python3.9/site-packages/airflow/example_dags/example_skip_dag.py
[2025-10-14 16:02:49,554] {logging_mixin.py:115} INFO - [2025-10-14 16:02:49,554] {dag.py:2379} INFO - Sync 1 DAGs
[2025-10-14 16:02:49,578] {logging_mixin.py:115} INFO - [2025-10-14 16:02:49,578] {dag.py:2927} INFO - Setting next_dagrun for example_skip_dag to 2025-10-13T19:02:49.578176+00:00, run_after=2025-10-14T19:02:49.578176+00:00
[2025-10-14 16:02:49,590] {processor.py:161} INFO - Processing /root/Projects/etlX/venv/lib/python3.9/site-packages/airflow/example_dags/example_skip_dag.py took 0.075 seconds
[2025-10-14 16:03:23,647] {processor.py:153} INFO - Started process (PID=20482) to work on /root/Projects/etlX/venv/lib/python3.9/site-packages/airflow/example_dags/example_skip_dag.py
[2025-10-14 16:03:23,648] {processor.py:641} INFO - Processing file /root/Projects/etlX/venv/lib/python3.9/site-packages/airflow/example_dags/example_skip_dag.py for tasks to queue
[2025-10-14 16:03:23,649] {logging_mixin.py:115} INFO - [2025-10-14 16:03:23,648] {dagbag.py:507} INFO - Filling up the DagBag from /root/Projects/etlX/venv/lib/python3.9/site-packages/airflow/example_dags/example_skip_dag.py
[2025-10-14 16:03:23,656] {processor.py:651} INFO - DAG(s) dict_keys(['example_skip_dag']) retrieved from /root/Projects/etlX/venv/lib/python3.9/site-packages/airflow/example_dags/example_skip_dag.py
[2025-10-14 16:03:23,677] {logging_mixin.py:115} INFO - [2025-10-14 16:03:23,677] {dag.py:2379} INFO - Sync 1 DAGs
[2025-10-14 16:03:23,697] {logging_mixin.py:115} INFO - [2025-10-14 16:03:23,697] {dag.py:2927} INFO - Setting next_dagrun for example_skip_dag to 2025-10-13T19:03:23.697354+00:00, run_after=2025-10-14T19:03:23.697354+00:00
[2025-10-14 16:03:23,710] {processor.py:161} INFO - Processing /root/Projects/etlX/venv/lib/python3.9/site-packages/airflow/example_dags/example_skip_dag.py took 0.070 seconds
[2025-10-14 16:03:57,172] {processor.py:153} INFO - Started process (PID=20588) to work on /root/Projects/etlX/venv/lib/python3.9/site-packages/airflow/example_dags/example_skip_dag.py
[2025-10-14 16:03:57,173] {processor.py:641} INFO - Processing file /root/Projects/etlX/venv/lib/python3.9/site-packages/airflow/example_dags/example_skip_dag.py for tasks to queue
[2025-10-14 16:03:57,174] {logging_mixin.py:115} INFO - [2025-10-14 16:03:57,174] {dagbag.py:507} INFO - Filling up the DagBag from /root/Projects/etlX/venv/lib/python3.9/site-packages/airflow/example_dags/example_skip_dag.py
[2025-10-14 16:03:57,180] {processor.py:651} INFO - DAG(s) dict_keys(['example_skip_dag']) retrieved from /root/Projects/etlX/venv/lib/python3.9/site-packages/airflow/example_dags/example_skip_dag.py
[2025-10-14 16:03:57,201] {logging_mixin.py:115} INFO - [2025-10-14 16:03:57,201] {dag.py:2379} INFO - Sync 1 DAGs
[2025-10-14 16:03:57,220] {logging_mixin.py:115} INFO - [2025-10-14 16:03:57,220] {dag.py:2927} INFO - Setting next_dagrun for example_skip_dag to 2025-10-13T19:03:57.220364+00:00, run_after=2025-10-14T19:03:57.220364+00:00
[2025-10-14 16:03:57,232] {processor.py:161} INFO - Processing /root/Projects/etlX/venv/lib/python3.9/site-packages/airflow/example_dags/example_skip_dag.py took 0.064 seconds
[2025-10-14 16:04:30,413] {processor.py:153} INFO - Started process (PID=20646) to work on /root/Projects/etlX/venv/lib/python3.9/site-packages/airflow/example_dags/example_skip_dag.py
[2025-10-14 16:04:30,414] {processor.py:641} INFO - Processing file /root/Projects/etlX/venv/lib/python3.9/site-packages/airflow/example_dags/example_skip_dag.py for tasks to queue
[2025-10-14 16:04:30,415] {logging_mixin.py:115} INFO - [2025-10-14 16:04:30,415] {dagbag.py:507} INFO - Filling up the DagBag from /root/Projects/etlX/venv/lib/python3.9/site-packages/airflow/example_dags/example_skip_dag.py
[2025-10-14 16:04:30,425] {processor.py:651} INFO - DAG(s) dict_keys(['example_skip_dag']) retrieved from /root/Projects/etlX/venv/lib/python3.9/site-packages/airflow/example_dags/example_skip_dag.py
[2025-10-14 16:04:30,448] {logging_mixin.py:115} INFO - [2025-10-14 16:04:30,447] {dag.py:2379} INFO - Sync 1 DAGs
[2025-10-14 16:04:30,468] {logging_mixin.py:115} INFO - [2025-10-14 16:04:30,468] {dag.py:2927} INFO - Setting next_dagrun for example_skip_dag to 2025-10-13T19:04:30.467974+00:00, run_after=2025-10-14T19:04:30.467974+00:00
[2025-10-14 16:04:30,479] {processor.py:161} INFO - Processing /root/Projects/etlX/venv/lib/python3.9/site-packages/airflow/example_dags/example_skip_dag.py took 0.073 seconds
[2025-10-14 16:05:03,110] {processor.py:153} INFO - Started process (PID=20701) to work on /root/Projects/etlX/venv/lib/python3.9/site-packages/airflow/example_dags/example_skip_dag.py
[2025-10-14 16:05:03,110] {processor.py:641} INFO - Processing file /root/Projects/etlX/venv/lib/python3.9/site-packages/airflow/example_dags/example_skip_dag.py for tasks to queue
[2025-10-14 16:05:03,111] {logging_mixin.py:115} INFO - [2025-10-14 16:05:03,111] {dagbag.py:507} INFO - Filling up the DagBag from /root/Projects/etlX/venv/lib/python3.9/site-packages/airflow/example_dags/example_skip_dag.py
[2025-10-14 16:05:03,118] {processor.py:651} INFO - DAG(s) dict_keys(['example_skip_dag']) retrieved from /root/Projects/etlX/venv/lib/python3.9/site-packages/airflow/example_dags/example_skip_dag.py
[2025-10-14 16:05:03,139] {logging_mixin.py:115} INFO - [2025-10-14 16:05:03,139] {dag.py:2379} INFO - Sync 1 DAGs
[2025-10-14 16:05:03,159] {logging_mixin.py:115} INFO - [2025-10-14 16:05:03,159] {dag.py:2927} INFO - Setting next_dagrun for example_skip_dag to 2025-10-13T19:05:03.159480+00:00, run_after=2025-10-14T19:05:03.159480+00:00
[2025-10-14 16:05:03,171] {processor.py:161} INFO - Processing /root/Projects/etlX/venv/lib/python3.9/site-packages/airflow/example_dags/example_skip_dag.py took 0.066 seconds
[2025-10-14 16:05:36,410] {processor.py:153} INFO - Started process (PID=20755) to work on /root/Projects/etlX/venv/lib/python3.9/site-packages/airflow/example_dags/example_skip_dag.py
[2025-10-14 16:05:36,410] {processor.py:641} INFO - Processing file /root/Projects/etlX/venv/lib/python3.9/site-packages/airflow/example_dags/example_skip_dag.py for tasks to queue
[2025-10-14 16:05:36,411] {logging_mixin.py:115} INFO - [2025-10-14 16:05:36,411] {dagbag.py:507} INFO - Filling up the DagBag from /root/Projects/etlX/venv/lib/python3.9/site-packages/airflow/example_dags/example_skip_dag.py
[2025-10-14 16:05:36,417] {processor.py:651} INFO - DAG(s) dict_keys(['example_skip_dag']) retrieved from /root/Projects/etlX/venv/lib/python3.9/site-packages/airflow/example_dags/example_skip_dag.py
[2025-10-14 16:05:36,438] {logging_mixin.py:115} INFO - [2025-10-14 16:05:36,438] {dag.py:2379} INFO - Sync 1 DAGs
[2025-10-14 16:05:36,458] {logging_mixin.py:115} INFO - [2025-10-14 16:05:36,458] {dag.py:2927} INFO - Setting next_dagrun for example_skip_dag to 2025-10-13T19:05:36.458491+00:00, run_after=2025-10-14T19:05:36.458491+00:00
[2025-10-14 16:05:36,469] {processor.py:161} INFO - Processing /root/Projects/etlX/venv/lib/python3.9/site-packages/airflow/example_dags/example_skip_dag.py took 0.064 seconds
[2025-10-14 16:06:10,911] {processor.py:153} INFO - Started process (PID=20813) to work on /root/Projects/etlX/venv/lib/python3.9/site-packages/airflow/example_dags/example_skip_dag.py
[2025-10-14 16:06:10,911] {processor.py:641} INFO - Processing file /root/Projects/etlX/venv/lib/python3.9/site-packages/airflow/example_dags/example_skip_dag.py for tasks to queue
[2025-10-14 16:06:10,912] {logging_mixin.py:115} INFO - [2025-10-14 16:06:10,912] {dagbag.py:507} INFO - Filling up the DagBag from /root/Projects/etlX/venv/lib/python3.9/site-packages/airflow/example_dags/example_skip_dag.py
[2025-10-14 16:06:10,920] {processor.py:651} INFO - DAG(s) dict_keys(['example_skip_dag']) retrieved from /root/Projects/etlX/venv/lib/python3.9/site-packages/airflow/example_dags/example_skip_dag.py
[2025-10-14 16:06:10,940] {logging_mixin.py:115} INFO - [2025-10-14 16:06:10,940] {dag.py:2379} INFO - Sync 1 DAGs
[2025-10-14 16:06:10,959] {logging_mixin.py:115} INFO - [2025-10-14 16:06:10,959] {dag.py:2927} INFO - Setting next_dagrun for example_skip_dag to 2025-10-13T19:06:10.958951+00:00, run_after=2025-10-14T19:06:10.958951+00:00
[2025-10-14 16:06:10,969] {processor.py:161} INFO - Processing /root/Projects/etlX/venv/lib/python3.9/site-packages/airflow/example_dags/example_skip_dag.py took 0.064 seconds
[2025-10-14 16:06:45,726] {processor.py:153} INFO - Started process (PID=20873) to work on /root/Projects/etlX/venv/lib/python3.9/site-packages/airflow/example_dags/example_skip_dag.py
[2025-10-14 16:06:45,726] {processor.py:641} INFO - Processing file /root/Projects/etlX/venv/lib/python3.9/site-packages/airflow/example_dags/example_skip_dag.py for tasks to queue
[2025-10-14 16:06:45,727] {logging_mixin.py:115} INFO - [2025-10-14 16:06:45,727] {dagbag.py:507} INFO - Filling up the DagBag from /root/Projects/etlX/venv/lib/python3.9/site-packages/airflow/example_dags/example_skip_dag.py
[2025-10-14 16:06:45,733] {processor.py:651} INFO - DAG(s) dict_keys(['example_skip_dag']) retrieved from /root/Projects/etlX/venv/lib/python3.9/site-packages/airflow/example_dags/example_skip_dag.py
[2025-10-14 16:06:45,754] {logging_mixin.py:115} INFO - [2025-10-14 16:06:45,754] {dag.py:2379} INFO - Sync 1 DAGs
[2025-10-14 16:06:45,773] {logging_mixin.py:115} INFO - [2025-10-14 16:06:45,773] {dag.py:2927} INFO - Setting next_dagrun for example_skip_dag to 2025-10-13T19:06:45.772814+00:00, run_after=2025-10-14T19:06:45.772814+00:00
[2025-10-14 16:06:45,784] {processor.py:161} INFO - Processing /root/Projects/etlX/venv/lib/python3.9/site-packages/airflow/example_dags/example_skip_dag.py took 0.062 seconds
[2025-10-14 16:07:18,534] {processor.py:153} INFO - Started process (PID=21030) to work on /root/Projects/etlX/venv/lib/python3.9/site-packages/airflow/example_dags/example_skip_dag.py
[2025-10-14 16:07:18,535] {processor.py:641} INFO - Processing file /root/Projects/etlX/venv/lib/python3.9/site-packages/airflow/example_dags/example_skip_dag.py for tasks to queue
[2025-10-14 16:07:18,535] {logging_mixin.py:115} INFO - [2025-10-14 16:07:18,535] {dagbag.py:507} INFO - Filling up the DagBag from /root/Projects/etlX/venv/lib/python3.9/site-packages/airflow/example_dags/example_skip_dag.py
[2025-10-14 16:07:18,542] {processor.py:651} INFO - DAG(s) dict_keys(['example_skip_dag']) retrieved from /root/Projects/etlX/venv/lib/python3.9/site-packages/airflow/example_dags/example_skip_dag.py
[2025-10-14 16:07:18,564] {logging_mixin.py:115} INFO - [2025-10-14 16:07:18,564] {dag.py:2379} INFO - Sync 1 DAGs
[2025-10-14 16:07:18,590] {logging_mixin.py:115} INFO - [2025-10-14 16:07:18,590] {dag.py:2927} INFO - Setting next_dagrun for example_skip_dag to 2025-10-13T19:07:18.589739+00:00, run_after=2025-10-14T19:07:18.589739+00:00
[2025-10-14 16:07:18,602] {processor.py:161} INFO - Processing /root/Projects/etlX/venv/lib/python3.9/site-packages/airflow/example_dags/example_skip_dag.py took 0.072 seconds
[2025-10-14 16:07:50,895] {processor.py:153} INFO - Started process (PID=21291) to work on /root/Projects/etlX/venv/lib/python3.9/site-packages/airflow/example_dags/example_skip_dag.py
[2025-10-14 16:07:50,896] {processor.py:641} INFO - Processing file /root/Projects/etlX/venv/lib/python3.9/site-packages/airflow/example_dags/example_skip_dag.py for tasks to queue
[2025-10-14 16:07:50,896] {logging_mixin.py:115} INFO - [2025-10-14 16:07:50,896] {dagbag.py:507} INFO - Filling up the DagBag from /root/Projects/etlX/venv/lib/python3.9/site-packages/airflow/example_dags/example_skip_dag.py
[2025-10-14 16:07:50,908] {processor.py:651} INFO - DAG(s) dict_keys(['example_skip_dag']) retrieved from /root/Projects/etlX/venv/lib/python3.9/site-packages/airflow/example_dags/example_skip_dag.py
[2025-10-14 16:07:50,935] {logging_mixin.py:115} INFO - [2025-10-14 16:07:50,935] {dag.py:2379} INFO - Sync 1 DAGs
[2025-10-14 16:07:50,954] {logging_mixin.py:115} INFO - [2025-10-14 16:07:50,954] {dag.py:2927} INFO - Setting next_dagrun for example_skip_dag to 2025-10-13T19:07:50.954480+00:00, run_after=2025-10-14T19:07:50.954480+00:00
[2025-10-14 16:07:50,965] {processor.py:161} INFO - Processing /root/Projects/etlX/venv/lib/python3.9/site-packages/airflow/example_dags/example_skip_dag.py took 0.078 seconds
[2025-10-14 16:08:24,159] {processor.py:153} INFO - Started process (PID=21500) to work on /root/Projects/etlX/venv/lib/python3.9/site-packages/airflow/example_dags/example_skip_dag.py
[2025-10-14 16:08:24,160] {processor.py:641} INFO - Processing file /root/Projects/etlX/venv/lib/python3.9/site-packages/airflow/example_dags/example_skip_dag.py for tasks to queue
[2025-10-14 16:08:24,161] {logging_mixin.py:115} INFO - [2025-10-14 16:08:24,161] {dagbag.py:507} INFO - Filling up the DagBag from /root/Projects/etlX/venv/lib/python3.9/site-packages/airflow/example_dags/example_skip_dag.py
[2025-10-14 16:08:24,168] {processor.py:651} INFO - DAG(s) dict_keys(['example_skip_dag']) retrieved from /root/Projects/etlX/venv/lib/python3.9/site-packages/airflow/example_dags/example_skip_dag.py
[2025-10-14 16:08:24,188] {logging_mixin.py:115} INFO - [2025-10-14 16:08:24,188] {dag.py:2379} INFO - Sync 1 DAGs
[2025-10-14 16:08:24,207] {logging_mixin.py:115} INFO - [2025-10-14 16:08:24,207] {dag.py:2927} INFO - Setting next_dagrun for example_skip_dag to 2025-10-13T19:08:24.207555+00:00, run_after=2025-10-14T19:08:24.207555+00:00
[2025-10-14 16:08:24,219] {processor.py:161} INFO - Processing /root/Projects/etlX/venv/lib/python3.9/site-packages/airflow/example_dags/example_skip_dag.py took 0.066 seconds
[2025-10-14 16:09:00,496] {processor.py:153} INFO - Started process (PID=21787) to work on /root/Projects/etlX/venv/lib/python3.9/site-packages/airflow/example_dags/example_skip_dag.py
[2025-10-14 16:09:00,497] {processor.py:641} INFO - Processing file /root/Projects/etlX/venv/lib/python3.9/site-packages/airflow/example_dags/example_skip_dag.py for tasks to queue
[2025-10-14 16:09:00,498] {logging_mixin.py:115} INFO - [2025-10-14 16:09:00,498] {dagbag.py:507} INFO - Filling up the DagBag from /root/Projects/etlX/venv/lib/python3.9/site-packages/airflow/example_dags/example_skip_dag.py
[2025-10-14 16:09:00,505] {processor.py:651} INFO - DAG(s) dict_keys(['example_skip_dag']) retrieved from /root/Projects/etlX/venv/lib/python3.9/site-packages/airflow/example_dags/example_skip_dag.py
[2025-10-14 16:09:00,525] {logging_mixin.py:115} INFO - [2025-10-14 16:09:00,525] {dag.py:2379} INFO - Sync 1 DAGs
[2025-10-14 16:09:00,544] {logging_mixin.py:115} INFO - [2025-10-14 16:09:00,544] {dag.py:2927} INFO - Setting next_dagrun for example_skip_dag to 2025-10-13T19:09:00.544568+00:00, run_after=2025-10-14T19:09:00.544568+00:00
[2025-10-14 16:09:00,555] {processor.py:161} INFO - Processing /root/Projects/etlX/venv/lib/python3.9/site-packages/airflow/example_dags/example_skip_dag.py took 0.063 seconds
[2025-10-14 16:25:29,241] {processor.py:153} INFO - Started process (PID=22719) to work on /root/Projects/etlX/venv/lib/python3.9/site-packages/airflow/example_dags/example_skip_dag.py
[2025-10-14 16:25:29,242] {processor.py:641} INFO - Processing file /root/Projects/etlX/venv/lib/python3.9/site-packages/airflow/example_dags/example_skip_dag.py for tasks to queue
[2025-10-14 16:25:29,243] {logging_mixin.py:115} INFO - [2025-10-14 16:25:29,243] {dagbag.py:507} INFO - Filling up the DagBag from /root/Projects/etlX/venv/lib/python3.9/site-packages/airflow/example_dags/example_skip_dag.py
[2025-10-14 16:25:29,257] {processor.py:651} INFO - DAG(s) dict_keys(['example_skip_dag']) retrieved from /root/Projects/etlX/venv/lib/python3.9/site-packages/airflow/example_dags/example_skip_dag.py
[2025-10-14 16:25:29,294] {logging_mixin.py:115} INFO - [2025-10-14 16:25:29,294] {dag.py:2379} INFO - Sync 1 DAGs
[2025-10-14 16:25:29,314] {logging_mixin.py:115} INFO - [2025-10-14 16:25:29,314] {dag.py:2927} INFO - Setting next_dagrun for example_skip_dag to 2025-10-13T19:25:29.314413+00:00, run_after=2025-10-14T19:25:29.314413+00:00
[2025-10-14 16:25:29,325] {processor.py:161} INFO - Processing /root/Projects/etlX/venv/lib/python3.9/site-packages/airflow/example_dags/example_skip_dag.py took 0.092 seconds
[2025-10-14 16:26:04,259] {processor.py:153} INFO - Started process (PID=22880) to work on /root/Projects/etlX/venv/lib/python3.9/site-packages/airflow/example_dags/example_skip_dag.py
[2025-10-14 16:26:04,260] {processor.py:641} INFO - Processing file /root/Projects/etlX/venv/lib/python3.9/site-packages/airflow/example_dags/example_skip_dag.py for tasks to queue
[2025-10-14 16:26:04,261] {logging_mixin.py:115} INFO - [2025-10-14 16:26:04,261] {dagbag.py:507} INFO - Filling up the DagBag from /root/Projects/etlX/venv/lib/python3.9/site-packages/airflow/example_dags/example_skip_dag.py
[2025-10-14 16:26:04,270] {processor.py:651} INFO - DAG(s) dict_keys(['example_skip_dag']) retrieved from /root/Projects/etlX/venv/lib/python3.9/site-packages/airflow/example_dags/example_skip_dag.py
[2025-10-14 16:26:04,291] {logging_mixin.py:115} INFO - [2025-10-14 16:26:04,291] {dag.py:2379} INFO - Sync 1 DAGs
[2025-10-14 16:26:04,310] {logging_mixin.py:115} INFO - [2025-10-14 16:26:04,310] {dag.py:2927} INFO - Setting next_dagrun for example_skip_dag to 2025-10-13T19:26:04.309751+00:00, run_after=2025-10-14T19:26:04.309751+00:00
[2025-10-14 16:26:04,320] {processor.py:161} INFO - Processing /root/Projects/etlX/venv/lib/python3.9/site-packages/airflow/example_dags/example_skip_dag.py took 0.067 seconds
[2025-10-14 16:26:37,888] {processor.py:153} INFO - Started process (PID=22938) to work on /root/Projects/etlX/venv/lib/python3.9/site-packages/airflow/example_dags/example_skip_dag.py
[2025-10-14 16:26:37,888] {processor.py:641} INFO - Processing file /root/Projects/etlX/venv/lib/python3.9/site-packages/airflow/example_dags/example_skip_dag.py for tasks to queue
[2025-10-14 16:26:37,889] {logging_mixin.py:115} INFO - [2025-10-14 16:26:37,889] {dagbag.py:507} INFO - Filling up the DagBag from /root/Projects/etlX/venv/lib/python3.9/site-packages/airflow/example_dags/example_skip_dag.py
[2025-10-14 16:26:37,896] {processor.py:651} INFO - DAG(s) dict_keys(['example_skip_dag']) retrieved from /root/Projects/etlX/venv/lib/python3.9/site-packages/airflow/example_dags/example_skip_dag.py
[2025-10-14 16:26:37,918] {logging_mixin.py:115} INFO - [2025-10-14 16:26:37,918] {dag.py:2379} INFO - Sync 1 DAGs
[2025-10-14 16:26:37,939] {logging_mixin.py:115} INFO - [2025-10-14 16:26:37,939] {dag.py:2927} INFO - Setting next_dagrun for example_skip_dag to 2025-10-13T19:26:37.939166+00:00, run_after=2025-10-14T19:26:37.939166+00:00
[2025-10-14 16:26:37,951] {processor.py:161} INFO - Processing /root/Projects/etlX/venv/lib/python3.9/site-packages/airflow/example_dags/example_skip_dag.py took 0.068 seconds
[2025-10-14 16:27:12,586] {processor.py:153} INFO - Started process (PID=22993) to work on /root/Projects/etlX/venv/lib/python3.9/site-packages/airflow/example_dags/example_skip_dag.py
[2025-10-14 16:27:12,587] {processor.py:641} INFO - Processing file /root/Projects/etlX/venv/lib/python3.9/site-packages/airflow/example_dags/example_skip_dag.py for tasks to queue
[2025-10-14 16:27:12,587] {logging_mixin.py:115} INFO - [2025-10-14 16:27:12,587] {dagbag.py:507} INFO - Filling up the DagBag from /root/Projects/etlX/venv/lib/python3.9/site-packages/airflow/example_dags/example_skip_dag.py
[2025-10-14 16:27:12,594] {processor.py:651} INFO - DAG(s) dict_keys(['example_skip_dag']) retrieved from /root/Projects/etlX/venv/lib/python3.9/site-packages/airflow/example_dags/example_skip_dag.py
[2025-10-14 16:27:12,616] {logging_mixin.py:115} INFO - [2025-10-14 16:27:12,616] {dag.py:2379} INFO - Sync 1 DAGs
[2025-10-14 16:27:12,636] {logging_mixin.py:115} INFO - [2025-10-14 16:27:12,635] {dag.py:2927} INFO - Setting next_dagrun for example_skip_dag to 2025-10-13T19:27:12.635650+00:00, run_after=2025-10-14T19:27:12.635650+00:00
[2025-10-14 16:27:12,648] {processor.py:161} INFO - Processing /root/Projects/etlX/venv/lib/python3.9/site-packages/airflow/example_dags/example_skip_dag.py took 0.067 seconds
[2025-10-14 16:27:45,968] {processor.py:153} INFO - Started process (PID=23154) to work on /root/Projects/etlX/venv/lib/python3.9/site-packages/airflow/example_dags/example_skip_dag.py
[2025-10-14 16:27:45,969] {processor.py:641} INFO - Processing file /root/Projects/etlX/venv/lib/python3.9/site-packages/airflow/example_dags/example_skip_dag.py for tasks to queue
[2025-10-14 16:27:45,969] {logging_mixin.py:115} INFO - [2025-10-14 16:27:45,969] {dagbag.py:507} INFO - Filling up the DagBag from /root/Projects/etlX/venv/lib/python3.9/site-packages/airflow/example_dags/example_skip_dag.py
[2025-10-14 16:27:45,976] {processor.py:651} INFO - DAG(s) dict_keys(['example_skip_dag']) retrieved from /root/Projects/etlX/venv/lib/python3.9/site-packages/airflow/example_dags/example_skip_dag.py
[2025-10-14 16:27:45,998] {logging_mixin.py:115} INFO - [2025-10-14 16:27:45,998] {dag.py:2379} INFO - Sync 1 DAGs
[2025-10-14 16:27:46,018] {logging_mixin.py:115} INFO - [2025-10-14 16:27:46,018] {dag.py:2927} INFO - Setting next_dagrun for example_skip_dag to 2025-10-13T19:27:46.017945+00:00, run_after=2025-10-14T19:27:46.017945+00:00
[2025-10-14 16:27:46,030] {processor.py:161} INFO - Processing /root/Projects/etlX/venv/lib/python3.9/site-packages/airflow/example_dags/example_skip_dag.py took 0.066 seconds
[2025-10-14 16:28:20,076] {processor.py:153} INFO - Started process (PID=23315) to work on /root/Projects/etlX/venv/lib/python3.9/site-packages/airflow/example_dags/example_skip_dag.py
[2025-10-14 16:28:20,077] {processor.py:641} INFO - Processing file /root/Projects/etlX/venv/lib/python3.9/site-packages/airflow/example_dags/example_skip_dag.py for tasks to queue
[2025-10-14 16:28:20,078] {logging_mixin.py:115} INFO - [2025-10-14 16:28:20,077] {dagbag.py:507} INFO - Filling up the DagBag from /root/Projects/etlX/venv/lib/python3.9/site-packages/airflow/example_dags/example_skip_dag.py
[2025-10-14 16:28:20,085] {processor.py:651} INFO - DAG(s) dict_keys(['example_skip_dag']) retrieved from /root/Projects/etlX/venv/lib/python3.9/site-packages/airflow/example_dags/example_skip_dag.py
[2025-10-14 16:28:20,106] {logging_mixin.py:115} INFO - [2025-10-14 16:28:20,105] {dag.py:2379} INFO - Sync 1 DAGs
[2025-10-14 16:28:20,128] {logging_mixin.py:115} INFO - [2025-10-14 16:28:20,128] {dag.py:2927} INFO - Setting next_dagrun for example_skip_dag to 2025-10-13T19:28:20.128063+00:00, run_after=2025-10-14T19:28:20.128063+00:00
[2025-10-14 16:28:20,142] {processor.py:161} INFO - Processing /root/Projects/etlX/venv/lib/python3.9/site-packages/airflow/example_dags/example_skip_dag.py took 0.070 seconds
[2025-10-14 16:28:55,771] {processor.py:153} INFO - Started process (PID=23373) to work on /root/Projects/etlX/venv/lib/python3.9/site-packages/airflow/example_dags/example_skip_dag.py
[2025-10-14 16:28:55,771] {processor.py:641} INFO - Processing file /root/Projects/etlX/venv/lib/python3.9/site-packages/airflow/example_dags/example_skip_dag.py for tasks to queue
[2025-10-14 16:28:55,772] {logging_mixin.py:115} INFO - [2025-10-14 16:28:55,772] {dagbag.py:507} INFO - Filling up the DagBag from /root/Projects/etlX/venv/lib/python3.9/site-packages/airflow/example_dags/example_skip_dag.py
[2025-10-14 16:28:55,778] {processor.py:651} INFO - DAG(s) dict_keys(['example_skip_dag']) retrieved from /root/Projects/etlX/venv/lib/python3.9/site-packages/airflow/example_dags/example_skip_dag.py
[2025-10-14 16:28:55,799] {logging_mixin.py:115} INFO - [2025-10-14 16:28:55,798] {dag.py:2379} INFO - Sync 1 DAGs
[2025-10-14 16:28:55,818] {logging_mixin.py:115} INFO - [2025-10-14 16:28:55,818] {dag.py:2927} INFO - Setting next_dagrun for example_skip_dag to 2025-10-13T19:28:55.818152+00:00, run_after=2025-10-14T19:28:55.818152+00:00
[2025-10-14 16:28:55,829] {processor.py:161} INFO - Processing /root/Projects/etlX/venv/lib/python3.9/site-packages/airflow/example_dags/example_skip_dag.py took 0.062 seconds
[2025-10-14 16:29:28,109] {processor.py:153} INFO - Started process (PID=23585) to work on /root/Projects/etlX/venv/lib/python3.9/site-packages/airflow/example_dags/example_skip_dag.py
[2025-10-14 16:29:28,110] {processor.py:641} INFO - Processing file /root/Projects/etlX/venv/lib/python3.9/site-packages/airflow/example_dags/example_skip_dag.py for tasks to queue
[2025-10-14 16:29:28,111] {logging_mixin.py:115} INFO - [2025-10-14 16:29:28,111] {dagbag.py:507} INFO - Filling up the DagBag from /root/Projects/etlX/venv/lib/python3.9/site-packages/airflow/example_dags/example_skip_dag.py
[2025-10-14 16:29:28,122] {processor.py:651} INFO - DAG(s) dict_keys(['example_skip_dag']) retrieved from /root/Projects/etlX/venv/lib/python3.9/site-packages/airflow/example_dags/example_skip_dag.py
[2025-10-14 16:29:28,142] {logging_mixin.py:115} INFO - [2025-10-14 16:29:28,142] {dag.py:2379} INFO - Sync 1 DAGs
[2025-10-14 16:29:28,161] {logging_mixin.py:115} INFO - [2025-10-14 16:29:28,161] {dag.py:2927} INFO - Setting next_dagrun for example_skip_dag to 2025-10-13T19:29:28.161067+00:00, run_after=2025-10-14T19:29:28.161067+00:00
[2025-10-14 16:29:28,172] {processor.py:161} INFO - Processing /root/Projects/etlX/venv/lib/python3.9/site-packages/airflow/example_dags/example_skip_dag.py took 0.070 seconds
[2025-10-14 16:30:01,968] {processor.py:153} INFO - Started process (PID=23644) to work on /root/Projects/etlX/venv/lib/python3.9/site-packages/airflow/example_dags/example_skip_dag.py
[2025-10-14 16:30:01,969] {processor.py:641} INFO - Processing file /root/Projects/etlX/venv/lib/python3.9/site-packages/airflow/example_dags/example_skip_dag.py for tasks to queue
[2025-10-14 16:30:01,970] {logging_mixin.py:115} INFO - [2025-10-14 16:30:01,970] {dagbag.py:507} INFO - Filling up the DagBag from /root/Projects/etlX/venv/lib/python3.9/site-packages/airflow/example_dags/example_skip_dag.py
[2025-10-14 16:30:01,978] {processor.py:651} INFO - DAG(s) dict_keys(['example_skip_dag']) retrieved from /root/Projects/etlX/venv/lib/python3.9/site-packages/airflow/example_dags/example_skip_dag.py
[2025-10-14 16:30:02,003] {logging_mixin.py:115} INFO - [2025-10-14 16:30:02,003] {dag.py:2379} INFO - Sync 1 DAGs
[2025-10-14 16:30:02,027] {logging_mixin.py:115} INFO - [2025-10-14 16:30:02,027] {dag.py:2927} INFO - Setting next_dagrun for example_skip_dag to 2025-10-13T19:30:02.027130+00:00, run_after=2025-10-14T19:30:02.027130+00:00
[2025-10-14 16:30:02,041] {processor.py:161} INFO - Processing /root/Projects/etlX/venv/lib/python3.9/site-packages/airflow/example_dags/example_skip_dag.py took 0.078 seconds
[2025-10-14 16:36:14,964] {processor.py:153} INFO - Started process (PID=24569) to work on /root/Projects/etlX/venv/lib/python3.9/site-packages/airflow/example_dags/example_skip_dag.py
[2025-10-14 16:36:14,965] {processor.py:641} INFO - Processing file /root/Projects/etlX/venv/lib/python3.9/site-packages/airflow/example_dags/example_skip_dag.py for tasks to queue
[2025-10-14 16:36:14,966] {logging_mixin.py:115} INFO - [2025-10-14 16:36:14,965] {dagbag.py:507} INFO - Filling up the DagBag from /root/Projects/etlX/venv/lib/python3.9/site-packages/airflow/example_dags/example_skip_dag.py
[2025-10-14 16:36:14,973] {processor.py:651} INFO - DAG(s) dict_keys(['example_skip_dag']) retrieved from /root/Projects/etlX/venv/lib/python3.9/site-packages/airflow/example_dags/example_skip_dag.py
[2025-10-14 16:36:14,995] {logging_mixin.py:115} INFO - [2025-10-14 16:36:14,995] {dag.py:2379} INFO - Sync 1 DAGs
[2025-10-14 16:36:15,017] {logging_mixin.py:115} INFO - [2025-10-14 16:36:15,017] {dag.py:2927} INFO - Setting next_dagrun for example_skip_dag to 2025-10-13T19:36:15.017293+00:00, run_after=2025-10-14T19:36:15.017293+00:00
[2025-10-14 16:36:15,033] {processor.py:164} ERROR - Got an exception! Propagating...
Traceback (most recent call last):
  File "/root/Projects/etlX/venv/lib/python3.9/site-packages/sqlalchemy/engine/base.py", line 928, in _commit_impl
    self.engine.dialect.do_commit(self.connection)
  File "/root/Projects/etlX/venv/lib/python3.9/site-packages/sqlalchemy/engine/default.py", line 669, in do_commit
    dbapi_connection.commit()
sqlite3.OperationalError: disk I/O error

The above exception was the direct cause of the following exception:

Traceback (most recent call last):
  File "/root/Projects/etlX/venv/lib/python3.9/site-packages/airflow/dag_processing/processor.py", line 155, in _run_file_processor
    result: Tuple[int, int] = dag_file_processor.process_file(
  File "/root/Projects/etlX/venv/lib/python3.9/site-packages/airflow/utils/session.py", line 71, in wrapper
    return func(*args, session=session, **kwargs)
  File "/root/Projects/etlX/venv/lib/python3.9/site-packages/airflow/dag_processing/processor.py", line 660, in process_file
    dagbag.sync_to_db()
  File "/root/Projects/etlX/venv/lib/python3.9/site-packages/airflow/utils/session.py", line 71, in wrapper
    return func(*args, session=session, **kwargs)
  File "/usr/lib/python3.9/contextlib.py", line 124, in __exit__
    next(self.gen)
  File "/root/Projects/etlX/venv/lib/python3.9/site-packages/airflow/utils/session.py", line 33, in create_session
    session.commit()
  File "/root/Projects/etlX/venv/lib/python3.9/site-packages/sqlalchemy/orm/session.py", line 1423, in commit
    self._transaction.commit(_to_root=self.future)
  File "/root/Projects/etlX/venv/lib/python3.9/site-packages/sqlalchemy/orm/session.py", line 836, in commit
    trans.commit()
  File "/root/Projects/etlX/venv/lib/python3.9/site-packages/sqlalchemy/engine/base.py", line 2265, in commit
    self._do_commit()
  File "/root/Projects/etlX/venv/lib/python3.9/site-packages/sqlalchemy/engine/base.py", line 2440, in _do_commit
    self._connection_commit_impl()
  File "/root/Projects/etlX/venv/lib/python3.9/site-packages/sqlalchemy/engine/base.py", line 2411, in _connection_commit_impl
    self.connection._commit_impl()
  File "/root/Projects/etlX/venv/lib/python3.9/site-packages/sqlalchemy/engine/base.py", line 930, in _commit_impl
    self._handle_dbapi_exception(e, None, None, None, None)
  File "/root/Projects/etlX/venv/lib/python3.9/site-packages/sqlalchemy/engine/base.py", line 1929, in _handle_dbapi_exception
    util.raise_(
  File "/root/Projects/etlX/venv/lib/python3.9/site-packages/sqlalchemy/util/compat.py", line 211, in raise_
    raise exception
  File "/root/Projects/etlX/venv/lib/python3.9/site-packages/sqlalchemy/engine/base.py", line 928, in _commit_impl
    self.engine.dialect.do_commit(self.connection)
  File "/root/Projects/etlX/venv/lib/python3.9/site-packages/sqlalchemy/engine/default.py", line 669, in do_commit
    dbapi_connection.commit()
sqlalchemy.exc.OperationalError: (sqlite3.OperationalError) disk I/O error
(Background on this error at: http://sqlalche.me/e/14/e3q8)
