[2025-10-14 14:56:57,628] {processor.py:153} INFO - Started process (PID=13175) to work on /root/Projects/etlX/venv/lib/python3.9/site-packages/airflow/example_dags/example_xcom.py
[2025-10-14 14:56:57,628] {processor.py:641} INFO - Processing file /root/Projects/etlX/venv/lib/python3.9/site-packages/airflow/example_dags/example_xcom.py for tasks to queue
[2025-10-14 14:56:57,629] {logging_mixin.py:115} INFO - [2025-10-14 14:56:57,629] {dagbag.py:507} INFO - Filling up the DagBag from /root/Projects/etlX/venv/lib/python3.9/site-packages/airflow/example_dags/example_xcom.py
[2025-10-14 14:56:57,655] {processor.py:651} INFO - DAG(s) dict_keys(['example_xcom']) retrieved from /root/Projects/etlX/venv/lib/python3.9/site-packages/airflow/example_dags/example_xcom.py
[2025-10-14 14:56:57,725] {logging_mixin.py:115} INFO - [2025-10-14 14:56:57,725] {manager.py:508} INFO - Created Permission View: can read on DAG:example_xcom
[2025-10-14 14:56:57,734] {logging_mixin.py:115} INFO - [2025-10-14 14:56:57,734] {manager.py:508} INFO - Created Permission View: can edit on DAG:example_xcom
[2025-10-14 14:56:57,742] {logging_mixin.py:115} INFO - [2025-10-14 14:56:57,742] {manager.py:508} INFO - Created Permission View: can delete on DAG:example_xcom
[2025-10-14 14:56:57,742] {logging_mixin.py:115} INFO - [2025-10-14 14:56:57,742] {dag.py:2379} INFO - Sync 1 DAGs
[2025-10-14 14:56:57,750] {logging_mixin.py:115} INFO - [2025-10-14 14:56:57,750] {dag.py:2398} INFO - Creating ORM DAG for example_xcom
[2025-10-14 14:56:57,758] {logging_mixin.py:115} INFO - [2025-10-14 14:56:57,758] {dag.py:2927} INFO - Setting next_dagrun for example_xcom to 2021-01-01T00:00:00+00:00, run_after=2021-01-01T00:00:00+00:00
[2025-10-14 14:56:57,773] {processor.py:161} INFO - Processing /root/Projects/etlX/venv/lib/python3.9/site-packages/airflow/example_dags/example_xcom.py took 0.151 seconds
[2025-10-14 14:57:36,039] {processor.py:153} INFO - Started process (PID=13520) to work on /root/Projects/etlX/venv/lib/python3.9/site-packages/airflow/example_dags/example_xcom.py
[2025-10-14 14:57:36,040] {processor.py:641} INFO - Processing file /root/Projects/etlX/venv/lib/python3.9/site-packages/airflow/example_dags/example_xcom.py for tasks to queue
[2025-10-14 14:57:36,040] {logging_mixin.py:115} INFO - [2025-10-14 14:57:36,040] {dagbag.py:507} INFO - Filling up the DagBag from /root/Projects/etlX/venv/lib/python3.9/site-packages/airflow/example_dags/example_xcom.py
[2025-10-14 14:57:36,063] {processor.py:651} INFO - DAG(s) dict_keys(['example_xcom']) retrieved from /root/Projects/etlX/venv/lib/python3.9/site-packages/airflow/example_dags/example_xcom.py
[2025-10-14 14:57:36,125] {logging_mixin.py:115} INFO - [2025-10-14 14:57:36,125] {dag.py:2379} INFO - Sync 1 DAGs
[2025-10-14 14:57:36,148] {logging_mixin.py:115} INFO - [2025-10-14 14:57:36,148] {dag.py:2927} INFO - Setting next_dagrun for example_xcom to 2021-01-01T00:00:00+00:00, run_after=2021-01-01T00:00:00+00:00
[2025-10-14 14:57:36,164] {processor.py:161} INFO - Processing /root/Projects/etlX/venv/lib/python3.9/site-packages/airflow/example_dags/example_xcom.py took 0.130 seconds
[2025-10-14 14:58:10,175] {processor.py:153} INFO - Started process (PID=13680) to work on /root/Projects/etlX/venv/lib/python3.9/site-packages/airflow/example_dags/example_xcom.py
[2025-10-14 14:58:10,176] {processor.py:641} INFO - Processing file /root/Projects/etlX/venv/lib/python3.9/site-packages/airflow/example_dags/example_xcom.py for tasks to queue
[2025-10-14 14:58:10,178] {logging_mixin.py:115} INFO - [2025-10-14 14:58:10,177] {dagbag.py:507} INFO - Filling up the DagBag from /root/Projects/etlX/venv/lib/python3.9/site-packages/airflow/example_dags/example_xcom.py
[2025-10-14 14:58:10,202] {processor.py:651} INFO - DAG(s) dict_keys(['example_xcom']) retrieved from /root/Projects/etlX/venv/lib/python3.9/site-packages/airflow/example_dags/example_xcom.py
[2025-10-14 14:58:10,245] {logging_mixin.py:115} INFO - [2025-10-14 14:58:10,245] {dag.py:2379} INFO - Sync 1 DAGs
[2025-10-14 14:58:10,257] {logging_mixin.py:115} INFO - [2025-10-14 14:58:10,257] {dag.py:2927} INFO - Setting next_dagrun for example_xcom to 2021-01-01T00:00:00+00:00, run_after=2021-01-01T00:00:00+00:00
[2025-10-14 14:58:10,268] {processor.py:161} INFO - Processing /root/Projects/etlX/venv/lib/python3.9/site-packages/airflow/example_dags/example_xcom.py took 0.102 seconds
[2025-10-14 14:58:44,315] {processor.py:153} INFO - Started process (PID=13735) to work on /root/Projects/etlX/venv/lib/python3.9/site-packages/airflow/example_dags/example_xcom.py
[2025-10-14 14:58:44,316] {processor.py:641} INFO - Processing file /root/Projects/etlX/venv/lib/python3.9/site-packages/airflow/example_dags/example_xcom.py for tasks to queue
[2025-10-14 14:58:44,317] {logging_mixin.py:115} INFO - [2025-10-14 14:58:44,317] {dagbag.py:507} INFO - Filling up the DagBag from /root/Projects/etlX/venv/lib/python3.9/site-packages/airflow/example_dags/example_xcom.py
[2025-10-14 14:58:44,347] {processor.py:651} INFO - DAG(s) dict_keys(['example_xcom']) retrieved from /root/Projects/etlX/venv/lib/python3.9/site-packages/airflow/example_dags/example_xcom.py
[2025-10-14 14:58:44,371] {logging_mixin.py:115} INFO - [2025-10-14 14:58:44,370] {dag.py:2379} INFO - Sync 1 DAGs
[2025-10-14 14:58:44,386] {logging_mixin.py:115} INFO - [2025-10-14 14:58:44,386] {dag.py:2927} INFO - Setting next_dagrun for example_xcom to 2021-01-01T00:00:00+00:00, run_after=2021-01-01T00:00:00+00:00
[2025-10-14 14:58:44,396] {processor.py:161} INFO - Processing /root/Projects/etlX/venv/lib/python3.9/site-packages/airflow/example_dags/example_xcom.py took 0.091 seconds
[2025-10-14 14:59:17,785] {processor.py:153} INFO - Started process (PID=13949) to work on /root/Projects/etlX/venv/lib/python3.9/site-packages/airflow/example_dags/example_xcom.py
[2025-10-14 14:59:17,786] {processor.py:641} INFO - Processing file /root/Projects/etlX/venv/lib/python3.9/site-packages/airflow/example_dags/example_xcom.py for tasks to queue
[2025-10-14 14:59:17,786] {logging_mixin.py:115} INFO - [2025-10-14 14:59:17,786] {dagbag.py:507} INFO - Filling up the DagBag from /root/Projects/etlX/venv/lib/python3.9/site-packages/airflow/example_dags/example_xcom.py
[2025-10-14 14:59:17,807] {processor.py:651} INFO - DAG(s) dict_keys(['example_xcom']) retrieved from /root/Projects/etlX/venv/lib/python3.9/site-packages/airflow/example_dags/example_xcom.py
[2025-10-14 14:59:17,851] {logging_mixin.py:115} INFO - [2025-10-14 14:59:17,851] {dag.py:2379} INFO - Sync 1 DAGs
[2025-10-14 14:59:17,864] {logging_mixin.py:115} INFO - [2025-10-14 14:59:17,864] {dag.py:2927} INFO - Setting next_dagrun for example_xcom to 2021-01-01T00:00:00+00:00, run_after=2021-01-01T00:00:00+00:00
[2025-10-14 14:59:17,874] {processor.py:161} INFO - Processing /root/Projects/etlX/venv/lib/python3.9/site-packages/airflow/example_dags/example_xcom.py took 0.094 seconds
[2025-10-14 14:59:50,538] {processor.py:153} INFO - Started process (PID=14002) to work on /root/Projects/etlX/venv/lib/python3.9/site-packages/airflow/example_dags/example_xcom.py
[2025-10-14 14:59:50,538] {processor.py:641} INFO - Processing file /root/Projects/etlX/venv/lib/python3.9/site-packages/airflow/example_dags/example_xcom.py for tasks to queue
[2025-10-14 14:59:50,539] {logging_mixin.py:115} INFO - [2025-10-14 14:59:50,539] {dagbag.py:507} INFO - Filling up the DagBag from /root/Projects/etlX/venv/lib/python3.9/site-packages/airflow/example_dags/example_xcom.py
[2025-10-14 14:59:50,568] {processor.py:651} INFO - DAG(s) dict_keys(['example_xcom']) retrieved from /root/Projects/etlX/venv/lib/python3.9/site-packages/airflow/example_dags/example_xcom.py
[2025-10-14 14:59:50,619] {logging_mixin.py:115} INFO - [2025-10-14 14:59:50,619] {dag.py:2379} INFO - Sync 1 DAGs
[2025-10-14 14:59:50,635] {logging_mixin.py:115} INFO - [2025-10-14 14:59:50,635] {dag.py:2927} INFO - Setting next_dagrun for example_xcom to 2021-01-01T00:00:00+00:00, run_after=2021-01-01T00:00:00+00:00
[2025-10-14 14:59:50,649] {processor.py:161} INFO - Processing /root/Projects/etlX/venv/lib/python3.9/site-packages/airflow/example_dags/example_xcom.py took 0.117 seconds
[2025-10-14 15:00:22,424] {processor.py:153} INFO - Started process (PID=14057) to work on /root/Projects/etlX/venv/lib/python3.9/site-packages/airflow/example_dags/example_xcom.py
[2025-10-14 15:00:22,425] {processor.py:641} INFO - Processing file /root/Projects/etlX/venv/lib/python3.9/site-packages/airflow/example_dags/example_xcom.py for tasks to queue
[2025-10-14 15:00:22,426] {logging_mixin.py:115} INFO - [2025-10-14 15:00:22,426] {dagbag.py:507} INFO - Filling up the DagBag from /root/Projects/etlX/venv/lib/python3.9/site-packages/airflow/example_dags/example_xcom.py
[2025-10-14 15:00:22,446] {processor.py:651} INFO - DAG(s) dict_keys(['example_xcom']) retrieved from /root/Projects/etlX/venv/lib/python3.9/site-packages/airflow/example_dags/example_xcom.py
[2025-10-14 15:00:22,497] {logging_mixin.py:115} INFO - [2025-10-14 15:00:22,497] {dag.py:2379} INFO - Sync 1 DAGs
[2025-10-14 15:00:22,510] {logging_mixin.py:115} INFO - [2025-10-14 15:00:22,510] {dag.py:2927} INFO - Setting next_dagrun for example_xcom to 2021-01-01T00:00:00+00:00, run_after=2021-01-01T00:00:00+00:00
[2025-10-14 15:00:22,522] {processor.py:161} INFO - Processing /root/Projects/etlX/venv/lib/python3.9/site-packages/airflow/example_dags/example_xcom.py took 0.102 seconds
[2025-10-14 15:00:56,326] {processor.py:153} INFO - Started process (PID=14315) to work on /root/Projects/etlX/venv/lib/python3.9/site-packages/airflow/example_dags/example_xcom.py
[2025-10-14 15:00:56,326] {processor.py:641} INFO - Processing file /root/Projects/etlX/venv/lib/python3.9/site-packages/airflow/example_dags/example_xcom.py for tasks to queue
[2025-10-14 15:00:56,327] {logging_mixin.py:115} INFO - [2025-10-14 15:00:56,327] {dagbag.py:507} INFO - Filling up the DagBag from /root/Projects/etlX/venv/lib/python3.9/site-packages/airflow/example_dags/example_xcom.py
[2025-10-14 15:00:56,350] {processor.py:651} INFO - DAG(s) dict_keys(['example_xcom']) retrieved from /root/Projects/etlX/venv/lib/python3.9/site-packages/airflow/example_dags/example_xcom.py
[2025-10-14 15:00:56,403] {logging_mixin.py:115} INFO - [2025-10-14 15:00:56,403] {dag.py:2379} INFO - Sync 1 DAGs
[2025-10-14 15:00:56,418] {logging_mixin.py:115} INFO - [2025-10-14 15:00:56,418] {dag.py:2927} INFO - Setting next_dagrun for example_xcom to 2021-01-01T00:00:00+00:00, run_after=2021-01-01T00:00:00+00:00
[2025-10-14 15:00:56,430] {processor.py:161} INFO - Processing /root/Projects/etlX/venv/lib/python3.9/site-packages/airflow/example_dags/example_xcom.py took 0.111 seconds
[2025-10-14 15:01:29,661] {processor.py:153} INFO - Started process (PID=14475) to work on /root/Projects/etlX/venv/lib/python3.9/site-packages/airflow/example_dags/example_xcom.py
[2025-10-14 15:01:29,661] {processor.py:641} INFO - Processing file /root/Projects/etlX/venv/lib/python3.9/site-packages/airflow/example_dags/example_xcom.py for tasks to queue
[2025-10-14 15:01:29,662] {logging_mixin.py:115} INFO - [2025-10-14 15:01:29,662] {dagbag.py:507} INFO - Filling up the DagBag from /root/Projects/etlX/venv/lib/python3.9/site-packages/airflow/example_dags/example_xcom.py
[2025-10-14 15:01:29,687] {processor.py:651} INFO - DAG(s) dict_keys(['example_xcom']) retrieved from /root/Projects/etlX/venv/lib/python3.9/site-packages/airflow/example_dags/example_xcom.py
[2025-10-14 15:01:29,735] {logging_mixin.py:115} INFO - [2025-10-14 15:01:29,735] {dag.py:2379} INFO - Sync 1 DAGs
[2025-10-14 15:01:29,748] {logging_mixin.py:115} INFO - [2025-10-14 15:01:29,748] {dag.py:2927} INFO - Setting next_dagrun for example_xcom to 2021-01-01T00:00:00+00:00, run_after=2021-01-01T00:00:00+00:00
[2025-10-14 15:01:29,759] {processor.py:161} INFO - Processing /root/Projects/etlX/venv/lib/python3.9/site-packages/airflow/example_dags/example_xcom.py took 0.103 seconds
[2025-10-14 15:02:01,965] {processor.py:153} INFO - Started process (PID=14784) to work on /root/Projects/etlX/venv/lib/python3.9/site-packages/airflow/example_dags/example_xcom.py
[2025-10-14 15:02:01,966] {processor.py:641} INFO - Processing file /root/Projects/etlX/venv/lib/python3.9/site-packages/airflow/example_dags/example_xcom.py for tasks to queue
[2025-10-14 15:02:01,967] {logging_mixin.py:115} INFO - [2025-10-14 15:02:01,967] {dagbag.py:507} INFO - Filling up the DagBag from /root/Projects/etlX/venv/lib/python3.9/site-packages/airflow/example_dags/example_xcom.py
[2025-10-14 15:02:01,987] {processor.py:651} INFO - DAG(s) dict_keys(['example_xcom']) retrieved from /root/Projects/etlX/venv/lib/python3.9/site-packages/airflow/example_dags/example_xcom.py
[2025-10-14 15:02:02,032] {logging_mixin.py:115} INFO - [2025-10-14 15:02:02,032] {dag.py:2379} INFO - Sync 1 DAGs
[2025-10-14 15:02:02,045] {logging_mixin.py:115} INFO - [2025-10-14 15:02:02,045] {dag.py:2927} INFO - Setting next_dagrun for example_xcom to 2021-01-01T00:00:00+00:00, run_after=2021-01-01T00:00:00+00:00
[2025-10-14 15:02:02,058] {processor.py:161} INFO - Processing /root/Projects/etlX/venv/lib/python3.9/site-packages/airflow/example_dags/example_xcom.py took 0.097 seconds
[2025-10-14 15:02:35,456] {processor.py:153} INFO - Started process (PID=14841) to work on /root/Projects/etlX/venv/lib/python3.9/site-packages/airflow/example_dags/example_xcom.py
[2025-10-14 15:02:35,457] {processor.py:641} INFO - Processing file /root/Projects/etlX/venv/lib/python3.9/site-packages/airflow/example_dags/example_xcom.py for tasks to queue
[2025-10-14 15:02:35,458] {logging_mixin.py:115} INFO - [2025-10-14 15:02:35,458] {dagbag.py:507} INFO - Filling up the DagBag from /root/Projects/etlX/venv/lib/python3.9/site-packages/airflow/example_dags/example_xcom.py
[2025-10-14 15:02:35,487] {processor.py:651} INFO - DAG(s) dict_keys(['example_xcom']) retrieved from /root/Projects/etlX/venv/lib/python3.9/site-packages/airflow/example_dags/example_xcom.py
[2025-10-14 15:02:35,510] {logging_mixin.py:115} INFO - [2025-10-14 15:02:35,510] {dag.py:2379} INFO - Sync 1 DAGs
[2025-10-14 15:02:35,526] {logging_mixin.py:115} INFO - [2025-10-14 15:02:35,526] {dag.py:2927} INFO - Setting next_dagrun for example_xcom to 2021-01-01T00:00:00+00:00, run_after=2021-01-01T00:00:00+00:00
[2025-10-14 15:02:35,539] {processor.py:161} INFO - Processing /root/Projects/etlX/venv/lib/python3.9/site-packages/airflow/example_dags/example_xcom.py took 0.089 seconds
[2025-10-14 15:03:08,034] {processor.py:153} INFO - Started process (PID=15001) to work on /root/Projects/etlX/venv/lib/python3.9/site-packages/airflow/example_dags/example_xcom.py
[2025-10-14 15:03:08,035] {processor.py:641} INFO - Processing file /root/Projects/etlX/venv/lib/python3.9/site-packages/airflow/example_dags/example_xcom.py for tasks to queue
[2025-10-14 15:03:08,035] {logging_mixin.py:115} INFO - [2025-10-14 15:03:08,035] {dagbag.py:507} INFO - Filling up the DagBag from /root/Projects/etlX/venv/lib/python3.9/site-packages/airflow/example_dags/example_xcom.py
[2025-10-14 15:03:08,059] {processor.py:651} INFO - DAG(s) dict_keys(['example_xcom']) retrieved from /root/Projects/etlX/venv/lib/python3.9/site-packages/airflow/example_dags/example_xcom.py
[2025-10-14 15:03:08,082] {logging_mixin.py:115} INFO - [2025-10-14 15:03:08,082] {dag.py:2379} INFO - Sync 1 DAGs
[2025-10-14 15:03:08,100] {logging_mixin.py:115} INFO - [2025-10-14 15:03:08,100] {dag.py:2927} INFO - Setting next_dagrun for example_xcom to 2021-01-01T00:00:00+00:00, run_after=2021-01-01T00:00:00+00:00
[2025-10-14 15:03:08,111] {processor.py:161} INFO - Processing /root/Projects/etlX/venv/lib/python3.9/site-packages/airflow/example_dags/example_xcom.py took 0.082 seconds
[2025-10-14 15:09:48,218] {processor.py:153} INFO - Started process (PID=15739) to work on /root/Projects/etlX/venv/lib/python3.9/site-packages/airflow/example_dags/example_xcom.py
[2025-10-14 15:09:48,219] {processor.py:641} INFO - Processing file /root/Projects/etlX/venv/lib/python3.9/site-packages/airflow/example_dags/example_xcom.py for tasks to queue
[2025-10-14 15:09:48,220] {logging_mixin.py:115} INFO - [2025-10-14 15:09:48,220] {dagbag.py:507} INFO - Filling up the DagBag from /root/Projects/etlX/venv/lib/python3.9/site-packages/airflow/example_dags/example_xcom.py
[2025-10-14 15:09:48,250] {processor.py:651} INFO - DAG(s) dict_keys(['example_xcom']) retrieved from /root/Projects/etlX/venv/lib/python3.9/site-packages/airflow/example_dags/example_xcom.py
[2025-10-14 15:09:48,311] {logging_mixin.py:115} INFO - [2025-10-14 15:09:48,311] {dag.py:2379} INFO - Sync 1 DAGs
[2025-10-14 15:09:48,328] {logging_mixin.py:115} INFO - [2025-10-14 15:09:48,328] {dag.py:2927} INFO - Setting next_dagrun for example_xcom to 2021-01-01T00:00:00+00:00, run_after=2021-01-01T00:00:00+00:00
[2025-10-14 15:09:48,344] {processor.py:161} INFO - Processing /root/Projects/etlX/venv/lib/python3.9/site-packages/airflow/example_dags/example_xcom.py took 0.133 seconds
[2025-10-14 15:10:23,314] {processor.py:153} INFO - Started process (PID=15928) to work on /root/Projects/etlX/venv/lib/python3.9/site-packages/airflow/example_dags/example_xcom.py
[2025-10-14 15:10:23,315] {processor.py:641} INFO - Processing file /root/Projects/etlX/venv/lib/python3.9/site-packages/airflow/example_dags/example_xcom.py for tasks to queue
[2025-10-14 15:10:23,316] {logging_mixin.py:115} INFO - [2025-10-14 15:10:23,315] {dagbag.py:507} INFO - Filling up the DagBag from /root/Projects/etlX/venv/lib/python3.9/site-packages/airflow/example_dags/example_xcom.py
[2025-10-14 15:10:23,342] {processor.py:651} INFO - DAG(s) dict_keys(['example_xcom']) retrieved from /root/Projects/etlX/venv/lib/python3.9/site-packages/airflow/example_dags/example_xcom.py
[2025-10-14 15:10:23,412] {logging_mixin.py:115} INFO - [2025-10-14 15:10:23,412] {dag.py:2379} INFO - Sync 1 DAGs
[2025-10-14 15:10:23,434] {logging_mixin.py:115} INFO - [2025-10-14 15:10:23,434] {dag.py:2927} INFO - Setting next_dagrun for example_xcom to 2021-01-01T00:00:00+00:00, run_after=2021-01-01T00:00:00+00:00
[2025-10-14 15:10:23,457] {processor.py:161} INFO - Processing /root/Projects/etlX/venv/lib/python3.9/site-packages/airflow/example_dags/example_xcom.py took 0.148 seconds
[2025-10-14 15:10:57,556] {processor.py:153} INFO - Started process (PID=15986) to work on /root/Projects/etlX/venv/lib/python3.9/site-packages/airflow/example_dags/example_xcom.py
[2025-10-14 15:10:57,557] {processor.py:641} INFO - Processing file /root/Projects/etlX/venv/lib/python3.9/site-packages/airflow/example_dags/example_xcom.py for tasks to queue
[2025-10-14 15:10:57,558] {logging_mixin.py:115} INFO - [2025-10-14 15:10:57,557] {dagbag.py:507} INFO - Filling up the DagBag from /root/Projects/etlX/venv/lib/python3.9/site-packages/airflow/example_dags/example_xcom.py
[2025-10-14 15:10:57,588] {processor.py:651} INFO - DAG(s) dict_keys(['example_xcom']) retrieved from /root/Projects/etlX/venv/lib/python3.9/site-packages/airflow/example_dags/example_xcom.py
[2025-10-14 15:10:57,657] {logging_mixin.py:115} INFO - [2025-10-14 15:10:57,657] {dag.py:2379} INFO - Sync 1 DAGs
[2025-10-14 15:10:57,675] {logging_mixin.py:115} INFO - [2025-10-14 15:10:57,675] {dag.py:2927} INFO - Setting next_dagrun for example_xcom to 2021-01-01T00:00:00+00:00, run_after=2021-01-01T00:00:00+00:00
[2025-10-14 15:10:57,691] {processor.py:161} INFO - Processing /root/Projects/etlX/venv/lib/python3.9/site-packages/airflow/example_dags/example_xcom.py took 0.140 seconds
[2025-10-14 15:11:30,647] {processor.py:153} INFO - Started process (PID=16144) to work on /root/Projects/etlX/venv/lib/python3.9/site-packages/airflow/example_dags/example_xcom.py
[2025-10-14 15:11:30,648] {processor.py:641} INFO - Processing file /root/Projects/etlX/venv/lib/python3.9/site-packages/airflow/example_dags/example_xcom.py for tasks to queue
[2025-10-14 15:11:30,649] {logging_mixin.py:115} INFO - [2025-10-14 15:11:30,649] {dagbag.py:507} INFO - Filling up the DagBag from /root/Projects/etlX/venv/lib/python3.9/site-packages/airflow/example_dags/example_xcom.py
[2025-10-14 15:11:30,684] {processor.py:651} INFO - DAG(s) dict_keys(['example_xcom']) retrieved from /root/Projects/etlX/venv/lib/python3.9/site-packages/airflow/example_dags/example_xcom.py
[2025-10-14 15:11:30,707] {logging_mixin.py:115} INFO - [2025-10-14 15:11:30,707] {dag.py:2379} INFO - Sync 1 DAGs
[2025-10-14 15:11:30,724] {logging_mixin.py:115} INFO - [2025-10-14 15:11:30,723] {dag.py:2927} INFO - Setting next_dagrun for example_xcom to 2021-01-01T00:00:00+00:00, run_after=2021-01-01T00:00:00+00:00
[2025-10-14 15:11:30,735] {processor.py:161} INFO - Processing /root/Projects/etlX/venv/lib/python3.9/site-packages/airflow/example_dags/example_xcom.py took 0.097 seconds
[2025-10-14 15:12:05,678] {processor.py:153} INFO - Started process (PID=16202) to work on /root/Projects/etlX/venv/lib/python3.9/site-packages/airflow/example_dags/example_xcom.py
[2025-10-14 15:12:05,679] {processor.py:641} INFO - Processing file /root/Projects/etlX/venv/lib/python3.9/site-packages/airflow/example_dags/example_xcom.py for tasks to queue
[2025-10-14 15:12:05,679] {logging_mixin.py:115} INFO - [2025-10-14 15:12:05,679] {dagbag.py:507} INFO - Filling up the DagBag from /root/Projects/etlX/venv/lib/python3.9/site-packages/airflow/example_dags/example_xcom.py
[2025-10-14 15:12:05,702] {processor.py:651} INFO - DAG(s) dict_keys(['example_xcom']) retrieved from /root/Projects/etlX/venv/lib/python3.9/site-packages/airflow/example_dags/example_xcom.py
[2025-10-14 15:12:05,749] {logging_mixin.py:115} INFO - [2025-10-14 15:12:05,749] {dag.py:2379} INFO - Sync 1 DAGs
[2025-10-14 15:12:05,765] {logging_mixin.py:115} INFO - [2025-10-14 15:12:05,765] {dag.py:2927} INFO - Setting next_dagrun for example_xcom to 2021-01-01T00:00:00+00:00, run_after=2021-01-01T00:00:00+00:00
[2025-10-14 15:12:05,779] {processor.py:161} INFO - Processing /root/Projects/etlX/venv/lib/python3.9/site-packages/airflow/example_dags/example_xcom.py took 0.105 seconds
[2025-10-14 15:12:40,351] {processor.py:153} INFO - Started process (PID=16257) to work on /root/Projects/etlX/venv/lib/python3.9/site-packages/airflow/example_dags/example_xcom.py
[2025-10-14 15:12:40,351] {processor.py:641} INFO - Processing file /root/Projects/etlX/venv/lib/python3.9/site-packages/airflow/example_dags/example_xcom.py for tasks to queue
[2025-10-14 15:12:40,352] {logging_mixin.py:115} INFO - [2025-10-14 15:12:40,352] {dagbag.py:507} INFO - Filling up the DagBag from /root/Projects/etlX/venv/lib/python3.9/site-packages/airflow/example_dags/example_xcom.py
[2025-10-14 15:12:40,372] {processor.py:651} INFO - DAG(s) dict_keys(['example_xcom']) retrieved from /root/Projects/etlX/venv/lib/python3.9/site-packages/airflow/example_dags/example_xcom.py
[2025-10-14 15:12:40,416] {logging_mixin.py:115} INFO - [2025-10-14 15:12:40,416] {dag.py:2379} INFO - Sync 1 DAGs
[2025-10-14 15:12:40,429] {logging_mixin.py:115} INFO - [2025-10-14 15:12:40,429] {dag.py:2927} INFO - Setting next_dagrun for example_xcom to 2021-01-01T00:00:00+00:00, run_after=2021-01-01T00:00:00+00:00
[2025-10-14 15:12:40,440] {processor.py:161} INFO - Processing /root/Projects/etlX/venv/lib/python3.9/site-packages/airflow/example_dags/example_xcom.py took 0.094 seconds
[2025-10-14 15:13:12,745] {processor.py:153} INFO - Started process (PID=16315) to work on /root/Projects/etlX/venv/lib/python3.9/site-packages/airflow/example_dags/example_xcom.py
[2025-10-14 15:13:12,745] {processor.py:641} INFO - Processing file /root/Projects/etlX/venv/lib/python3.9/site-packages/airflow/example_dags/example_xcom.py for tasks to queue
[2025-10-14 15:13:12,746] {logging_mixin.py:115} INFO - [2025-10-14 15:13:12,746] {dagbag.py:507} INFO - Filling up the DagBag from /root/Projects/etlX/venv/lib/python3.9/site-packages/airflow/example_dags/example_xcom.py
[2025-10-14 15:13:12,766] {processor.py:651} INFO - DAG(s) dict_keys(['example_xcom']) retrieved from /root/Projects/etlX/venv/lib/python3.9/site-packages/airflow/example_dags/example_xcom.py
[2025-10-14 15:13:12,812] {logging_mixin.py:115} INFO - [2025-10-14 15:13:12,812] {dag.py:2379} INFO - Sync 1 DAGs
[2025-10-14 15:13:12,826] {logging_mixin.py:115} INFO - [2025-10-14 15:13:12,826] {dag.py:2927} INFO - Setting next_dagrun for example_xcom to 2021-01-01T00:00:00+00:00, run_after=2021-01-01T00:00:00+00:00
[2025-10-14 15:13:12,837] {processor.py:161} INFO - Processing /root/Projects/etlX/venv/lib/python3.9/site-packages/airflow/example_dags/example_xcom.py took 0.096 seconds
[2025-10-14 15:13:44,984] {processor.py:153} INFO - Started process (PID=16368) to work on /root/Projects/etlX/venv/lib/python3.9/site-packages/airflow/example_dags/example_xcom.py
[2025-10-14 15:13:44,984] {processor.py:641} INFO - Processing file /root/Projects/etlX/venv/lib/python3.9/site-packages/airflow/example_dags/example_xcom.py for tasks to queue
[2025-10-14 15:13:44,985] {logging_mixin.py:115} INFO - [2025-10-14 15:13:44,985] {dagbag.py:507} INFO - Filling up the DagBag from /root/Projects/etlX/venv/lib/python3.9/site-packages/airflow/example_dags/example_xcom.py
[2025-10-14 15:13:45,008] {processor.py:651} INFO - DAG(s) dict_keys(['example_xcom']) retrieved from /root/Projects/etlX/venv/lib/python3.9/site-packages/airflow/example_dags/example_xcom.py
[2025-10-14 15:13:45,057] {logging_mixin.py:115} INFO - [2025-10-14 15:13:45,057] {dag.py:2379} INFO - Sync 1 DAGs
[2025-10-14 15:13:45,072] {logging_mixin.py:115} INFO - [2025-10-14 15:13:45,072] {dag.py:2927} INFO - Setting next_dagrun for example_xcom to 2021-01-01T00:00:00+00:00, run_after=2021-01-01T00:00:00+00:00
[2025-10-14 15:13:45,085] {processor.py:161} INFO - Processing /root/Projects/etlX/venv/lib/python3.9/site-packages/airflow/example_dags/example_xcom.py took 0.107 seconds
[2025-10-14 15:14:17,269] {processor.py:153} INFO - Started process (PID=16423) to work on /root/Projects/etlX/venv/lib/python3.9/site-packages/airflow/example_dags/example_xcom.py
[2025-10-14 15:14:17,270] {processor.py:641} INFO - Processing file /root/Projects/etlX/venv/lib/python3.9/site-packages/airflow/example_dags/example_xcom.py for tasks to queue
[2025-10-14 15:14:17,271] {logging_mixin.py:115} INFO - [2025-10-14 15:14:17,270] {dagbag.py:507} INFO - Filling up the DagBag from /root/Projects/etlX/venv/lib/python3.9/site-packages/airflow/example_dags/example_xcom.py
[2025-10-14 15:14:17,297] {processor.py:651} INFO - DAG(s) dict_keys(['example_xcom']) retrieved from /root/Projects/etlX/venv/lib/python3.9/site-packages/airflow/example_dags/example_xcom.py
[2025-10-14 15:14:17,342] {logging_mixin.py:115} INFO - [2025-10-14 15:14:17,342] {dag.py:2379} INFO - Sync 1 DAGs
[2025-10-14 15:14:17,355] {logging_mixin.py:115} INFO - [2025-10-14 15:14:17,354] {dag.py:2927} INFO - Setting next_dagrun for example_xcom to 2021-01-01T00:00:00+00:00, run_after=2021-01-01T00:00:00+00:00
[2025-10-14 15:14:17,366] {processor.py:161} INFO - Processing /root/Projects/etlX/venv/lib/python3.9/site-packages/airflow/example_dags/example_xcom.py took 0.103 seconds
[2025-10-14 15:14:51,152] {processor.py:153} INFO - Started process (PID=16529) to work on /root/Projects/etlX/venv/lib/python3.9/site-packages/airflow/example_dags/example_xcom.py
[2025-10-14 15:14:51,153] {processor.py:641} INFO - Processing file /root/Projects/etlX/venv/lib/python3.9/site-packages/airflow/example_dags/example_xcom.py for tasks to queue
[2025-10-14 15:14:51,155] {logging_mixin.py:115} INFO - [2025-10-14 15:14:51,154] {dagbag.py:507} INFO - Filling up the DagBag from /root/Projects/etlX/venv/lib/python3.9/site-packages/airflow/example_dags/example_xcom.py
[2025-10-14 15:14:51,178] {processor.py:651} INFO - DAG(s) dict_keys(['example_xcom']) retrieved from /root/Projects/etlX/venv/lib/python3.9/site-packages/airflow/example_dags/example_xcom.py
[2025-10-14 15:14:51,224] {logging_mixin.py:115} INFO - [2025-10-14 15:14:51,223] {dag.py:2379} INFO - Sync 1 DAGs
[2025-10-14 15:14:51,236] {logging_mixin.py:115} INFO - [2025-10-14 15:14:51,236] {dag.py:2927} INFO - Setting next_dagrun for example_xcom to 2021-01-01T00:00:00+00:00, run_after=2021-01-01T00:00:00+00:00
[2025-10-14 15:14:51,247] {processor.py:161} INFO - Processing /root/Projects/etlX/venv/lib/python3.9/site-packages/airflow/example_dags/example_xcom.py took 0.104 seconds
[2025-10-14 15:15:24,706] {processor.py:153} INFO - Started process (PID=16585) to work on /root/Projects/etlX/venv/lib/python3.9/site-packages/airflow/example_dags/example_xcom.py
[2025-10-14 15:15:24,706] {processor.py:641} INFO - Processing file /root/Projects/etlX/venv/lib/python3.9/site-packages/airflow/example_dags/example_xcom.py for tasks to queue
[2025-10-14 15:15:24,707] {logging_mixin.py:115} INFO - [2025-10-14 15:15:24,707] {dagbag.py:507} INFO - Filling up the DagBag from /root/Projects/etlX/venv/lib/python3.9/site-packages/airflow/example_dags/example_xcom.py
[2025-10-14 15:15:24,736] {processor.py:651} INFO - DAG(s) dict_keys(['example_xcom']) retrieved from /root/Projects/etlX/venv/lib/python3.9/site-packages/airflow/example_dags/example_xcom.py
[2025-10-14 15:15:24,758] {logging_mixin.py:115} INFO - [2025-10-14 15:15:24,757] {dag.py:2379} INFO - Sync 1 DAGs
[2025-10-14 15:15:24,773] {logging_mixin.py:115} INFO - [2025-10-14 15:15:24,773] {dag.py:2927} INFO - Setting next_dagrun for example_xcom to 2021-01-01T00:00:00+00:00, run_after=2021-01-01T00:00:00+00:00
[2025-10-14 15:15:24,783] {processor.py:161} INFO - Processing /root/Projects/etlX/venv/lib/python3.9/site-packages/airflow/example_dags/example_xcom.py took 0.085 seconds
[2025-10-14 15:15:58,363] {processor.py:153} INFO - Started process (PID=16640) to work on /root/Projects/etlX/venv/lib/python3.9/site-packages/airflow/example_dags/example_xcom.py
[2025-10-14 15:15:58,364] {processor.py:641} INFO - Processing file /root/Projects/etlX/venv/lib/python3.9/site-packages/airflow/example_dags/example_xcom.py for tasks to queue
[2025-10-14 15:15:58,365] {logging_mixin.py:115} INFO - [2025-10-14 15:15:58,364] {dagbag.py:507} INFO - Filling up the DagBag from /root/Projects/etlX/venv/lib/python3.9/site-packages/airflow/example_dags/example_xcom.py
[2025-10-14 15:15:58,394] {processor.py:651} INFO - DAG(s) dict_keys(['example_xcom']) retrieved from /root/Projects/etlX/venv/lib/python3.9/site-packages/airflow/example_dags/example_xcom.py
[2025-10-14 15:15:58,417] {logging_mixin.py:115} INFO - [2025-10-14 15:15:58,417] {dag.py:2379} INFO - Sync 1 DAGs
[2025-10-14 15:15:58,432] {logging_mixin.py:115} INFO - [2025-10-14 15:15:58,432] {dag.py:2927} INFO - Setting next_dagrun for example_xcom to 2021-01-01T00:00:00+00:00, run_after=2021-01-01T00:00:00+00:00
[2025-10-14 15:15:58,443] {processor.py:161} INFO - Processing /root/Projects/etlX/venv/lib/python3.9/site-packages/airflow/example_dags/example_xcom.py took 0.089 seconds
[2025-10-14 15:16:29,747] {processor.py:153} INFO - Started process (PID=16846) to work on /root/Projects/etlX/venv/lib/python3.9/site-packages/airflow/example_dags/example_xcom.py
[2025-10-14 15:16:29,747] {processor.py:641} INFO - Processing file /root/Projects/etlX/venv/lib/python3.9/site-packages/airflow/example_dags/example_xcom.py for tasks to queue
[2025-10-14 15:16:29,748] {logging_mixin.py:115} INFO - [2025-10-14 15:16:29,748] {dagbag.py:507} INFO - Filling up the DagBag from /root/Projects/etlX/venv/lib/python3.9/site-packages/airflow/example_dags/example_xcom.py
[2025-10-14 15:16:29,771] {processor.py:651} INFO - DAG(s) dict_keys(['example_xcom']) retrieved from /root/Projects/etlX/venv/lib/python3.9/site-packages/airflow/example_dags/example_xcom.py
[2025-10-14 15:16:29,793] {logging_mixin.py:115} INFO - [2025-10-14 15:16:29,793] {dag.py:2379} INFO - Sync 1 DAGs
[2025-10-14 15:16:29,810] {logging_mixin.py:115} INFO - [2025-10-14 15:16:29,810] {dag.py:2927} INFO - Setting next_dagrun for example_xcom to 2021-01-01T00:00:00+00:00, run_after=2021-01-01T00:00:00+00:00
[2025-10-14 15:16:29,828] {processor.py:161} INFO - Processing /root/Projects/etlX/venv/lib/python3.9/site-packages/airflow/example_dags/example_xcom.py took 0.086 seconds
[2025-10-14 15:17:00,286] {processor.py:153} INFO - Started process (PID=17053) to work on /root/Projects/etlX/venv/lib/python3.9/site-packages/airflow/example_dags/example_xcom.py
[2025-10-14 15:17:00,287] {processor.py:641} INFO - Processing file /root/Projects/etlX/venv/lib/python3.9/site-packages/airflow/example_dags/example_xcom.py for tasks to queue
[2025-10-14 15:17:00,287] {logging_mixin.py:115} INFO - [2025-10-14 15:17:00,287] {dagbag.py:507} INFO - Filling up the DagBag from /root/Projects/etlX/venv/lib/python3.9/site-packages/airflow/example_dags/example_xcom.py
[2025-10-14 15:17:00,308] {processor.py:651} INFO - DAG(s) dict_keys(['example_xcom']) retrieved from /root/Projects/etlX/venv/lib/python3.9/site-packages/airflow/example_dags/example_xcom.py
[2025-10-14 15:17:00,331] {logging_mixin.py:115} INFO - [2025-10-14 15:17:00,330] {dag.py:2379} INFO - Sync 1 DAGs
[2025-10-14 15:17:00,346] {logging_mixin.py:115} INFO - [2025-10-14 15:17:00,346] {dag.py:2927} INFO - Setting next_dagrun for example_xcom to 2021-01-01T00:00:00+00:00, run_after=2021-01-01T00:00:00+00:00
[2025-10-14 15:17:00,357] {processor.py:161} INFO - Processing /root/Projects/etlX/venv/lib/python3.9/site-packages/airflow/example_dags/example_xcom.py took 0.076 seconds
[2025-10-14 15:17:35,974] {processor.py:153} INFO - Started process (PID=17111) to work on /root/Projects/etlX/venv/lib/python3.9/site-packages/airflow/example_dags/example_xcom.py
[2025-10-14 15:17:35,975] {processor.py:641} INFO - Processing file /root/Projects/etlX/venv/lib/python3.9/site-packages/airflow/example_dags/example_xcom.py for tasks to queue
[2025-10-14 15:17:35,975] {logging_mixin.py:115} INFO - [2025-10-14 15:17:35,975] {dagbag.py:507} INFO - Filling up the DagBag from /root/Projects/etlX/venv/lib/python3.9/site-packages/airflow/example_dags/example_xcom.py
[2025-10-14 15:17:36,002] {processor.py:651} INFO - DAG(s) dict_keys(['example_xcom']) retrieved from /root/Projects/etlX/venv/lib/python3.9/site-packages/airflow/example_dags/example_xcom.py
[2025-10-14 15:17:36,056] {logging_mixin.py:115} INFO - [2025-10-14 15:17:36,055] {dag.py:2379} INFO - Sync 1 DAGs
[2025-10-14 15:17:36,073] {logging_mixin.py:115} INFO - [2025-10-14 15:17:36,072] {dag.py:2927} INFO - Setting next_dagrun for example_xcom to 2021-01-01T00:00:00+00:00, run_after=2021-01-01T00:00:00+00:00
[2025-10-14 15:17:36,089] {processor.py:161} INFO - Processing /root/Projects/etlX/venv/lib/python3.9/site-packages/airflow/example_dags/example_xcom.py took 0.121 seconds
[2025-10-14 15:58:46,387] {processor.py:153} INFO - Started process (PID=19807) to work on /root/Projects/etlX/venv/lib/python3.9/site-packages/airflow/example_dags/example_xcom.py
[2025-10-14 15:58:46,388] {processor.py:641} INFO - Processing file /root/Projects/etlX/venv/lib/python3.9/site-packages/airflow/example_dags/example_xcom.py for tasks to queue
[2025-10-14 15:58:46,388] {logging_mixin.py:115} INFO - [2025-10-14 15:58:46,388] {dagbag.py:507} INFO - Filling up the DagBag from /root/Projects/etlX/venv/lib/python3.9/site-packages/airflow/example_dags/example_xcom.py
[2025-10-14 15:58:46,409] {processor.py:651} INFO - DAG(s) dict_keys(['example_xcom']) retrieved from /root/Projects/etlX/venv/lib/python3.9/site-packages/airflow/example_dags/example_xcom.py
[2025-10-14 15:58:46,453] {logging_mixin.py:115} INFO - [2025-10-14 15:58:46,453] {dag.py:2379} INFO - Sync 1 DAGs
[2025-10-14 15:58:46,467] {logging_mixin.py:115} INFO - [2025-10-14 15:58:46,467] {dag.py:2927} INFO - Setting next_dagrun for example_xcom to 2021-01-01T00:00:00+00:00, run_after=2021-01-01T00:00:00+00:00
[2025-10-14 15:58:46,478] {processor.py:161} INFO - Processing /root/Projects/etlX/venv/lib/python3.9/site-packages/airflow/example_dags/example_xcom.py took 0.095 seconds
[2025-10-14 15:59:20,384] {processor.py:153} INFO - Started process (PID=20070) to work on /root/Projects/etlX/venv/lib/python3.9/site-packages/airflow/example_dags/example_xcom.py
[2025-10-14 15:59:20,385] {processor.py:641} INFO - Processing file /root/Projects/etlX/venv/lib/python3.9/site-packages/airflow/example_dags/example_xcom.py for tasks to queue
[2025-10-14 15:59:20,386] {logging_mixin.py:115} INFO - [2025-10-14 15:59:20,386] {dagbag.py:507} INFO - Filling up the DagBag from /root/Projects/etlX/venv/lib/python3.9/site-packages/airflow/example_dags/example_xcom.py
[2025-10-14 15:59:20,406] {processor.py:651} INFO - DAG(s) dict_keys(['example_xcom']) retrieved from /root/Projects/etlX/venv/lib/python3.9/site-packages/airflow/example_dags/example_xcom.py
[2025-10-14 15:59:20,451] {logging_mixin.py:115} INFO - [2025-10-14 15:59:20,451] {dag.py:2379} INFO - Sync 1 DAGs
[2025-10-14 15:59:20,464] {logging_mixin.py:115} INFO - [2025-10-14 15:59:20,464] {dag.py:2927} INFO - Setting next_dagrun for example_xcom to 2021-01-01T00:00:00+00:00, run_after=2021-01-01T00:00:00+00:00
[2025-10-14 15:59:20,475] {processor.py:161} INFO - Processing /root/Projects/etlX/venv/lib/python3.9/site-packages/airflow/example_dags/example_xcom.py took 0.097 seconds
[2025-10-14 15:59:52,103] {processor.py:153} INFO - Started process (PID=20125) to work on /root/Projects/etlX/venv/lib/python3.9/site-packages/airflow/example_dags/example_xcom.py
[2025-10-14 15:59:52,105] {processor.py:641} INFO - Processing file /root/Projects/etlX/venv/lib/python3.9/site-packages/airflow/example_dags/example_xcom.py for tasks to queue
[2025-10-14 15:59:52,106] {logging_mixin.py:115} INFO - [2025-10-14 15:59:52,106] {dagbag.py:507} INFO - Filling up the DagBag from /root/Projects/etlX/venv/lib/python3.9/site-packages/airflow/example_dags/example_xcom.py
[2025-10-14 15:59:52,136] {processor.py:651} INFO - DAG(s) dict_keys(['example_xcom']) retrieved from /root/Projects/etlX/venv/lib/python3.9/site-packages/airflow/example_dags/example_xcom.py
[2025-10-14 15:59:52,184] {logging_mixin.py:115} INFO - [2025-10-14 15:59:52,184] {dag.py:2379} INFO - Sync 1 DAGs
[2025-10-14 15:59:52,197] {logging_mixin.py:115} INFO - [2025-10-14 15:59:52,197] {dag.py:2927} INFO - Setting next_dagrun for example_xcom to 2021-01-01T00:00:00+00:00, run_after=2021-01-01T00:00:00+00:00
[2025-10-14 15:59:52,209] {processor.py:161} INFO - Processing /root/Projects/etlX/venv/lib/python3.9/site-packages/airflow/example_dags/example_xcom.py took 0.115 seconds
[2025-10-14 16:00:25,174] {processor.py:153} INFO - Started process (PID=20183) to work on /root/Projects/etlX/venv/lib/python3.9/site-packages/airflow/example_dags/example_xcom.py
[2025-10-14 16:00:25,174] {processor.py:641} INFO - Processing file /root/Projects/etlX/venv/lib/python3.9/site-packages/airflow/example_dags/example_xcom.py for tasks to queue
[2025-10-14 16:00:25,175] {logging_mixin.py:115} INFO - [2025-10-14 16:00:25,175] {dagbag.py:507} INFO - Filling up the DagBag from /root/Projects/etlX/venv/lib/python3.9/site-packages/airflow/example_dags/example_xcom.py
[2025-10-14 16:00:25,195] {processor.py:651} INFO - DAG(s) dict_keys(['example_xcom']) retrieved from /root/Projects/etlX/venv/lib/python3.9/site-packages/airflow/example_dags/example_xcom.py
[2025-10-14 16:00:25,217] {logging_mixin.py:115} INFO - [2025-10-14 16:00:25,217] {dag.py:2379} INFO - Sync 1 DAGs
[2025-10-14 16:00:25,232] {logging_mixin.py:115} INFO - [2025-10-14 16:00:25,232] {dag.py:2927} INFO - Setting next_dagrun for example_xcom to 2021-01-01T00:00:00+00:00, run_after=2021-01-01T00:00:00+00:00
[2025-10-14 16:00:25,242] {processor.py:161} INFO - Processing /root/Projects/etlX/venv/lib/python3.9/site-packages/airflow/example_dags/example_xcom.py took 0.073 seconds
[2025-10-14 16:00:59,597] {processor.py:153} INFO - Started process (PID=20238) to work on /root/Projects/etlX/venv/lib/python3.9/site-packages/airflow/example_dags/example_xcom.py
[2025-10-14 16:00:59,597] {processor.py:641} INFO - Processing file /root/Projects/etlX/venv/lib/python3.9/site-packages/airflow/example_dags/example_xcom.py for tasks to queue
[2025-10-14 16:00:59,598] {logging_mixin.py:115} INFO - [2025-10-14 16:00:59,598] {dagbag.py:507} INFO - Filling up the DagBag from /root/Projects/etlX/venv/lib/python3.9/site-packages/airflow/example_dags/example_xcom.py
[2025-10-14 16:00:59,618] {processor.py:651} INFO - DAG(s) dict_keys(['example_xcom']) retrieved from /root/Projects/etlX/venv/lib/python3.9/site-packages/airflow/example_dags/example_xcom.py
[2025-10-14 16:00:59,662] {logging_mixin.py:115} INFO - [2025-10-14 16:00:59,662] {dag.py:2379} INFO - Sync 1 DAGs
[2025-10-14 16:00:59,675] {logging_mixin.py:115} INFO - [2025-10-14 16:00:59,675] {dag.py:2927} INFO - Setting next_dagrun for example_xcom to 2021-01-01T00:00:00+00:00, run_after=2021-01-01T00:00:00+00:00
[2025-10-14 16:00:59,686] {processor.py:161} INFO - Processing /root/Projects/etlX/venv/lib/python3.9/site-packages/airflow/example_dags/example_xcom.py took 0.094 seconds
[2025-10-14 16:01:32,180] {processor.py:153} INFO - Started process (PID=20295) to work on /root/Projects/etlX/venv/lib/python3.9/site-packages/airflow/example_dags/example_xcom.py
[2025-10-14 16:01:32,181] {processor.py:641} INFO - Processing file /root/Projects/etlX/venv/lib/python3.9/site-packages/airflow/example_dags/example_xcom.py for tasks to queue
[2025-10-14 16:01:32,181] {logging_mixin.py:115} INFO - [2025-10-14 16:01:32,181] {dagbag.py:507} INFO - Filling up the DagBag from /root/Projects/etlX/venv/lib/python3.9/site-packages/airflow/example_dags/example_xcom.py
[2025-10-14 16:01:32,202] {processor.py:651} INFO - DAG(s) dict_keys(['example_xcom']) retrieved from /root/Projects/etlX/venv/lib/python3.9/site-packages/airflow/example_dags/example_xcom.py
[2025-10-14 16:01:32,224] {logging_mixin.py:115} INFO - [2025-10-14 16:01:32,224] {dag.py:2379} INFO - Sync 1 DAGs
[2025-10-14 16:01:32,240] {logging_mixin.py:115} INFO - [2025-10-14 16:01:32,240] {dag.py:2927} INFO - Setting next_dagrun for example_xcom to 2021-01-01T00:00:00+00:00, run_after=2021-01-01T00:00:00+00:00
[2025-10-14 16:01:32,252] {processor.py:161} INFO - Processing /root/Projects/etlX/venv/lib/python3.9/site-packages/airflow/example_dags/example_xcom.py took 0.076 seconds
[2025-10-14 16:02:08,045] {processor.py:153} INFO - Started process (PID=20353) to work on /root/Projects/etlX/venv/lib/python3.9/site-packages/airflow/example_dags/example_xcom.py
[2025-10-14 16:02:08,046] {processor.py:641} INFO - Processing file /root/Projects/etlX/venv/lib/python3.9/site-packages/airflow/example_dags/example_xcom.py for tasks to queue
[2025-10-14 16:02:08,047] {logging_mixin.py:115} INFO - [2025-10-14 16:02:08,047] {dagbag.py:507} INFO - Filling up the DagBag from /root/Projects/etlX/venv/lib/python3.9/site-packages/airflow/example_dags/example_xcom.py
[2025-10-14 16:02:08,070] {processor.py:651} INFO - DAG(s) dict_keys(['example_xcom']) retrieved from /root/Projects/etlX/venv/lib/python3.9/site-packages/airflow/example_dags/example_xcom.py
[2025-10-14 16:02:08,119] {logging_mixin.py:115} INFO - [2025-10-14 16:02:08,119] {dag.py:2379} INFO - Sync 1 DAGs
[2025-10-14 16:02:08,133] {logging_mixin.py:115} INFO - [2025-10-14 16:02:08,133] {dag.py:2927} INFO - Setting next_dagrun for example_xcom to 2021-01-01T00:00:00+00:00, run_after=2021-01-01T00:00:00+00:00
[2025-10-14 16:02:08,146] {processor.py:161} INFO - Processing /root/Projects/etlX/venv/lib/python3.9/site-packages/airflow/example_dags/example_xcom.py took 0.106 seconds
[2025-10-14 16:02:39,617] {processor.py:153} INFO - Started process (PID=20407) to work on /root/Projects/etlX/venv/lib/python3.9/site-packages/airflow/example_dags/example_xcom.py
[2025-10-14 16:02:39,618] {processor.py:641} INFO - Processing file /root/Projects/etlX/venv/lib/python3.9/site-packages/airflow/example_dags/example_xcom.py for tasks to queue
[2025-10-14 16:02:39,618] {logging_mixin.py:115} INFO - [2025-10-14 16:02:39,618] {dagbag.py:507} INFO - Filling up the DagBag from /root/Projects/etlX/venv/lib/python3.9/site-packages/airflow/example_dags/example_xcom.py
[2025-10-14 16:02:39,639] {processor.py:651} INFO - DAG(s) dict_keys(['example_xcom']) retrieved from /root/Projects/etlX/venv/lib/python3.9/site-packages/airflow/example_dags/example_xcom.py
[2025-10-14 16:02:39,683] {logging_mixin.py:115} INFO - [2025-10-14 16:02:39,683] {dag.py:2379} INFO - Sync 1 DAGs
[2025-10-14 16:02:39,696] {logging_mixin.py:115} INFO - [2025-10-14 16:02:39,696] {dag.py:2927} INFO - Setting next_dagrun for example_xcom to 2021-01-01T00:00:00+00:00, run_after=2021-01-01T00:00:00+00:00
[2025-10-14 16:02:39,707] {processor.py:161} INFO - Processing /root/Projects/etlX/venv/lib/python3.9/site-packages/airflow/example_dags/example_xcom.py took 0.094 seconds
[2025-10-14 16:03:10,748] {processor.py:153} INFO - Started process (PID=20461) to work on /root/Projects/etlX/venv/lib/python3.9/site-packages/airflow/example_dags/example_xcom.py
[2025-10-14 16:03:10,749] {processor.py:641} INFO - Processing file /root/Projects/etlX/venv/lib/python3.9/site-packages/airflow/example_dags/example_xcom.py for tasks to queue
[2025-10-14 16:03:10,749] {logging_mixin.py:115} INFO - [2025-10-14 16:03:10,749] {dagbag.py:507} INFO - Filling up the DagBag from /root/Projects/etlX/venv/lib/python3.9/site-packages/airflow/example_dags/example_xcom.py
[2025-10-14 16:03:10,769] {processor.py:651} INFO - DAG(s) dict_keys(['example_xcom']) retrieved from /root/Projects/etlX/venv/lib/python3.9/site-packages/airflow/example_dags/example_xcom.py
[2025-10-14 16:03:10,815] {logging_mixin.py:115} INFO - [2025-10-14 16:03:10,815] {dag.py:2379} INFO - Sync 1 DAGs
[2025-10-14 16:03:10,827] {logging_mixin.py:115} INFO - [2025-10-14 16:03:10,827] {dag.py:2927} INFO - Setting next_dagrun for example_xcom to 2021-01-01T00:00:00+00:00, run_after=2021-01-01T00:00:00+00:00
[2025-10-14 16:03:10,838] {processor.py:161} INFO - Processing /root/Projects/etlX/venv/lib/python3.9/site-packages/airflow/example_dags/example_xcom.py took 0.095 seconds
[2025-10-14 16:03:45,441] {processor.py:153} INFO - Started process (PID=20570) to work on /root/Projects/etlX/venv/lib/python3.9/site-packages/airflow/example_dags/example_xcom.py
[2025-10-14 16:03:45,441] {processor.py:641} INFO - Processing file /root/Projects/etlX/venv/lib/python3.9/site-packages/airflow/example_dags/example_xcom.py for tasks to queue
[2025-10-14 16:03:45,442] {logging_mixin.py:115} INFO - [2025-10-14 16:03:45,442] {dagbag.py:507} INFO - Filling up the DagBag from /root/Projects/etlX/venv/lib/python3.9/site-packages/airflow/example_dags/example_xcom.py
[2025-10-14 16:03:45,464] {processor.py:651} INFO - DAG(s) dict_keys(['example_xcom']) retrieved from /root/Projects/etlX/venv/lib/python3.9/site-packages/airflow/example_dags/example_xcom.py
[2025-10-14 16:03:45,513] {logging_mixin.py:115} INFO - [2025-10-14 16:03:45,513] {dag.py:2379} INFO - Sync 1 DAGs
[2025-10-14 16:03:45,528] {logging_mixin.py:115} INFO - [2025-10-14 16:03:45,528] {dag.py:2927} INFO - Setting next_dagrun for example_xcom to 2021-01-01T00:00:00+00:00, run_after=2021-01-01T00:00:00+00:00
[2025-10-14 16:03:45,540] {processor.py:161} INFO - Processing /root/Projects/etlX/venv/lib/python3.9/site-packages/airflow/example_dags/example_xcom.py took 0.104 seconds
[2025-10-14 16:04:17,723] {processor.py:153} INFO - Started process (PID=20624) to work on /root/Projects/etlX/venv/lib/python3.9/site-packages/airflow/example_dags/example_xcom.py
[2025-10-14 16:04:17,724] {processor.py:641} INFO - Processing file /root/Projects/etlX/venv/lib/python3.9/site-packages/airflow/example_dags/example_xcom.py for tasks to queue
[2025-10-14 16:04:17,724] {logging_mixin.py:115} INFO - [2025-10-14 16:04:17,724] {dagbag.py:507} INFO - Filling up the DagBag from /root/Projects/etlX/venv/lib/python3.9/site-packages/airflow/example_dags/example_xcom.py
[2025-10-14 16:04:17,747] {processor.py:651} INFO - DAG(s) dict_keys(['example_xcom']) retrieved from /root/Projects/etlX/venv/lib/python3.9/site-packages/airflow/example_dags/example_xcom.py
[2025-10-14 16:04:17,773] {logging_mixin.py:115} INFO - [2025-10-14 16:04:17,772] {dag.py:2379} INFO - Sync 1 DAGs
[2025-10-14 16:04:17,790] {logging_mixin.py:115} INFO - [2025-10-14 16:04:17,790] {dag.py:2927} INFO - Setting next_dagrun for example_xcom to 2021-01-01T00:00:00+00:00, run_after=2021-01-01T00:00:00+00:00
[2025-10-14 16:04:17,801] {processor.py:161} INFO - Processing /root/Projects/etlX/venv/lib/python3.9/site-packages/airflow/example_dags/example_xcom.py took 0.083 seconds
[2025-10-14 16:04:48,845] {processor.py:153} INFO - Started process (PID=20677) to work on /root/Projects/etlX/venv/lib/python3.9/site-packages/airflow/example_dags/example_xcom.py
[2025-10-14 16:04:48,845] {processor.py:641} INFO - Processing file /root/Projects/etlX/venv/lib/python3.9/site-packages/airflow/example_dags/example_xcom.py for tasks to queue
[2025-10-14 16:04:48,846] {logging_mixin.py:115} INFO - [2025-10-14 16:04:48,846] {dagbag.py:507} INFO - Filling up the DagBag from /root/Projects/etlX/venv/lib/python3.9/site-packages/airflow/example_dags/example_xcom.py
[2025-10-14 16:04:48,869] {processor.py:651} INFO - DAG(s) dict_keys(['example_xcom']) retrieved from /root/Projects/etlX/venv/lib/python3.9/site-packages/airflow/example_dags/example_xcom.py
[2025-10-14 16:04:48,891] {logging_mixin.py:115} INFO - [2025-10-14 16:04:48,891] {dag.py:2379} INFO - Sync 1 DAGs
[2025-10-14 16:04:48,907] {logging_mixin.py:115} INFO - [2025-10-14 16:04:48,907] {dag.py:2927} INFO - Setting next_dagrun for example_xcom to 2021-01-01T00:00:00+00:00, run_after=2021-01-01T00:00:00+00:00
[2025-10-14 16:04:48,917] {processor.py:161} INFO - Processing /root/Projects/etlX/venv/lib/python3.9/site-packages/airflow/example_dags/example_xcom.py took 0.079 seconds
[2025-10-14 16:05:19,705] {processor.py:153} INFO - Started process (PID=20730) to work on /root/Projects/etlX/venv/lib/python3.9/site-packages/airflow/example_dags/example_xcom.py
[2025-10-14 16:05:19,706] {processor.py:641} INFO - Processing file /root/Projects/etlX/venv/lib/python3.9/site-packages/airflow/example_dags/example_xcom.py for tasks to queue
[2025-10-14 16:05:19,707] {logging_mixin.py:115} INFO - [2025-10-14 16:05:19,707] {dagbag.py:507} INFO - Filling up the DagBag from /root/Projects/etlX/venv/lib/python3.9/site-packages/airflow/example_dags/example_xcom.py
[2025-10-14 16:05:19,729] {processor.py:651} INFO - DAG(s) dict_keys(['example_xcom']) retrieved from /root/Projects/etlX/venv/lib/python3.9/site-packages/airflow/example_dags/example_xcom.py
[2025-10-14 16:05:19,751] {logging_mixin.py:115} INFO - [2025-10-14 16:05:19,751] {dag.py:2379} INFO - Sync 1 DAGs
[2025-10-14 16:05:19,768] {logging_mixin.py:115} INFO - [2025-10-14 16:05:19,768] {dag.py:2927} INFO - Setting next_dagrun for example_xcom to 2021-01-01T00:00:00+00:00, run_after=2021-01-01T00:00:00+00:00
[2025-10-14 16:05:19,780] {processor.py:161} INFO - Processing /root/Projects/etlX/venv/lib/python3.9/site-packages/airflow/example_dags/example_xcom.py took 0.080 seconds
[2025-10-14 16:05:52,646] {processor.py:153} INFO - Started process (PID=20784) to work on /root/Projects/etlX/venv/lib/python3.9/site-packages/airflow/example_dags/example_xcom.py
[2025-10-14 16:05:52,647] {processor.py:641} INFO - Processing file /root/Projects/etlX/venv/lib/python3.9/site-packages/airflow/example_dags/example_xcom.py for tasks to queue
[2025-10-14 16:05:52,647] {logging_mixin.py:115} INFO - [2025-10-14 16:05:52,647] {dagbag.py:507} INFO - Filling up the DagBag from /root/Projects/etlX/venv/lib/python3.9/site-packages/airflow/example_dags/example_xcom.py
[2025-10-14 16:05:52,667] {processor.py:651} INFO - DAG(s) dict_keys(['example_xcom']) retrieved from /root/Projects/etlX/venv/lib/python3.9/site-packages/airflow/example_dags/example_xcom.py
[2025-10-14 16:05:52,689] {logging_mixin.py:115} INFO - [2025-10-14 16:05:52,689] {dag.py:2379} INFO - Sync 1 DAGs
[2025-10-14 16:05:52,705] {logging_mixin.py:115} INFO - [2025-10-14 16:05:52,705] {dag.py:2927} INFO - Setting next_dagrun for example_xcom to 2021-01-01T00:00:00+00:00, run_after=2021-01-01T00:00:00+00:00
[2025-10-14 16:05:52,715] {processor.py:161} INFO - Processing /root/Projects/etlX/venv/lib/python3.9/site-packages/airflow/example_dags/example_xcom.py took 0.073 seconds
[2025-10-14 16:06:24,276] {processor.py:153} INFO - Started process (PID=20837) to work on /root/Projects/etlX/venv/lib/python3.9/site-packages/airflow/example_dags/example_xcom.py
[2025-10-14 16:06:24,277] {processor.py:641} INFO - Processing file /root/Projects/etlX/venv/lib/python3.9/site-packages/airflow/example_dags/example_xcom.py for tasks to queue
[2025-10-14 16:06:24,278] {logging_mixin.py:115} INFO - [2025-10-14 16:06:24,278] {dagbag.py:507} INFO - Filling up the DagBag from /root/Projects/etlX/venv/lib/python3.9/site-packages/airflow/example_dags/example_xcom.py
[2025-10-14 16:06:24,307] {processor.py:651} INFO - DAG(s) dict_keys(['example_xcom']) retrieved from /root/Projects/etlX/venv/lib/python3.9/site-packages/airflow/example_dags/example_xcom.py
[2025-10-14 16:06:24,353] {logging_mixin.py:115} INFO - [2025-10-14 16:06:24,353] {dag.py:2379} INFO - Sync 1 DAGs
[2025-10-14 16:06:24,366] {logging_mixin.py:115} INFO - [2025-10-14 16:06:24,366] {dag.py:2927} INFO - Setting next_dagrun for example_xcom to 2021-01-01T00:00:00+00:00, run_after=2021-01-01T00:00:00+00:00
[2025-10-14 16:06:24,377] {processor.py:161} INFO - Processing /root/Projects/etlX/venv/lib/python3.9/site-packages/airflow/example_dags/example_xcom.py took 0.111 seconds
[2025-10-14 16:06:58,016] {processor.py:153} INFO - Started process (PID=20895) to work on /root/Projects/etlX/venv/lib/python3.9/site-packages/airflow/example_dags/example_xcom.py
[2025-10-14 16:06:58,017] {processor.py:641} INFO - Processing file /root/Projects/etlX/venv/lib/python3.9/site-packages/airflow/example_dags/example_xcom.py for tasks to queue
[2025-10-14 16:06:58,018] {logging_mixin.py:115} INFO - [2025-10-14 16:06:58,017] {dagbag.py:507} INFO - Filling up the DagBag from /root/Projects/etlX/venv/lib/python3.9/site-packages/airflow/example_dags/example_xcom.py
[2025-10-14 16:06:58,039] {processor.py:651} INFO - DAG(s) dict_keys(['example_xcom']) retrieved from /root/Projects/etlX/venv/lib/python3.9/site-packages/airflow/example_dags/example_xcom.py
[2025-10-14 16:06:58,061] {logging_mixin.py:115} INFO - [2025-10-14 16:06:58,060] {dag.py:2379} INFO - Sync 1 DAGs
[2025-10-14 16:06:58,077] {logging_mixin.py:115} INFO - [2025-10-14 16:06:58,077] {dag.py:2927} INFO - Setting next_dagrun for example_xcom to 2021-01-01T00:00:00+00:00, run_after=2021-01-01T00:00:00+00:00
[2025-10-14 16:06:58,088] {processor.py:161} INFO - Processing /root/Projects/etlX/venv/lib/python3.9/site-packages/airflow/example_dags/example_xcom.py took 0.075 seconds
[2025-10-14 16:07:28,837] {processor.py:153} INFO - Started process (PID=21050) to work on /root/Projects/etlX/venv/lib/python3.9/site-packages/airflow/example_dags/example_xcom.py
[2025-10-14 16:07:28,838] {processor.py:641} INFO - Processing file /root/Projects/etlX/venv/lib/python3.9/site-packages/airflow/example_dags/example_xcom.py for tasks to queue
[2025-10-14 16:07:28,838] {logging_mixin.py:115} INFO - [2025-10-14 16:07:28,838] {dagbag.py:507} INFO - Filling up the DagBag from /root/Projects/etlX/venv/lib/python3.9/site-packages/airflow/example_dags/example_xcom.py
[2025-10-14 16:07:28,860] {processor.py:651} INFO - DAG(s) dict_keys(['example_xcom']) retrieved from /root/Projects/etlX/venv/lib/python3.9/site-packages/airflow/example_dags/example_xcom.py
[2025-10-14 16:07:28,907] {logging_mixin.py:115} INFO - [2025-10-14 16:07:28,907] {dag.py:2379} INFO - Sync 1 DAGs
[2025-10-14 16:07:28,922] {logging_mixin.py:115} INFO - [2025-10-14 16:07:28,921] {dag.py:2927} INFO - Setting next_dagrun for example_xcom to 2021-01-01T00:00:00+00:00, run_after=2021-01-01T00:00:00+00:00
[2025-10-14 16:07:28,934] {processor.py:161} INFO - Processing /root/Projects/etlX/venv/lib/python3.9/site-packages/airflow/example_dags/example_xcom.py took 0.101 seconds
[2025-10-14 16:08:01,136] {processor.py:153} INFO - Started process (PID=21361) to work on /root/Projects/etlX/venv/lib/python3.9/site-packages/airflow/example_dags/example_xcom.py
[2025-10-14 16:08:01,137] {processor.py:641} INFO - Processing file /root/Projects/etlX/venv/lib/python3.9/site-packages/airflow/example_dags/example_xcom.py for tasks to queue
[2025-10-14 16:08:01,138] {logging_mixin.py:115} INFO - [2025-10-14 16:08:01,138] {dagbag.py:507} INFO - Filling up the DagBag from /root/Projects/etlX/venv/lib/python3.9/site-packages/airflow/example_dags/example_xcom.py
[2025-10-14 16:08:01,159] {processor.py:651} INFO - DAG(s) dict_keys(['example_xcom']) retrieved from /root/Projects/etlX/venv/lib/python3.9/site-packages/airflow/example_dags/example_xcom.py
[2025-10-14 16:08:01,205] {logging_mixin.py:115} INFO - [2025-10-14 16:08:01,205] {dag.py:2379} INFO - Sync 1 DAGs
[2025-10-14 16:08:01,228] {logging_mixin.py:115} INFO - [2025-10-14 16:08:01,227] {dag.py:2927} INFO - Setting next_dagrun for example_xcom to 2021-01-01T00:00:00+00:00, run_after=2021-01-01T00:00:00+00:00
[2025-10-14 16:08:01,241] {processor.py:161} INFO - Processing /root/Projects/etlX/venv/lib/python3.9/site-packages/airflow/example_dags/example_xcom.py took 0.111 seconds
[2025-10-14 16:08:36,124] {processor.py:153} INFO - Started process (PID=21521) to work on /root/Projects/etlX/venv/lib/python3.9/site-packages/airflow/example_dags/example_xcom.py
[2025-10-14 16:08:36,125] {processor.py:641} INFO - Processing file /root/Projects/etlX/venv/lib/python3.9/site-packages/airflow/example_dags/example_xcom.py for tasks to queue
[2025-10-14 16:08:36,125] {logging_mixin.py:115} INFO - [2025-10-14 16:08:36,125] {dagbag.py:507} INFO - Filling up the DagBag from /root/Projects/etlX/venv/lib/python3.9/site-packages/airflow/example_dags/example_xcom.py
[2025-10-14 16:08:36,147] {processor.py:651} INFO - DAG(s) dict_keys(['example_xcom']) retrieved from /root/Projects/etlX/venv/lib/python3.9/site-packages/airflow/example_dags/example_xcom.py
[2025-10-14 16:08:36,169] {logging_mixin.py:115} INFO - [2025-10-14 16:08:36,168] {dag.py:2379} INFO - Sync 1 DAGs
[2025-10-14 16:08:36,184] {logging_mixin.py:115} INFO - [2025-10-14 16:08:36,184] {dag.py:2927} INFO - Setting next_dagrun for example_xcom to 2021-01-01T00:00:00+00:00, run_after=2021-01-01T00:00:00+00:00
[2025-10-14 16:08:36,195] {processor.py:161} INFO - Processing /root/Projects/etlX/venv/lib/python3.9/site-packages/airflow/example_dags/example_xcom.py took 0.076 seconds
[2025-10-14 16:25:21,738] {processor.py:153} INFO - Started process (PID=22679) to work on /root/Projects/etlX/venv/lib/python3.9/site-packages/airflow/example_dags/example_xcom.py
[2025-10-14 16:25:21,739] {processor.py:641} INFO - Processing file /root/Projects/etlX/venv/lib/python3.9/site-packages/airflow/example_dags/example_xcom.py for tasks to queue
[2025-10-14 16:25:21,739] {logging_mixin.py:115} INFO - [2025-10-14 16:25:21,739] {dagbag.py:507} INFO - Filling up the DagBag from /root/Projects/etlX/venv/lib/python3.9/site-packages/airflow/example_dags/example_xcom.py
[2025-10-14 16:25:21,762] {processor.py:651} INFO - DAG(s) dict_keys(['example_xcom']) retrieved from /root/Projects/etlX/venv/lib/python3.9/site-packages/airflow/example_dags/example_xcom.py
[2025-10-14 16:25:21,814] {logging_mixin.py:115} INFO - [2025-10-14 16:25:21,814] {dag.py:2379} INFO - Sync 1 DAGs
[2025-10-14 16:25:21,831] {logging_mixin.py:115} INFO - [2025-10-14 16:25:21,830] {dag.py:2927} INFO - Setting next_dagrun for example_xcom to 2021-01-01T00:00:00+00:00, run_after=2021-01-01T00:00:00+00:00
[2025-10-14 16:25:21,844] {processor.py:161} INFO - Processing /root/Projects/etlX/venv/lib/python3.9/site-packages/airflow/example_dags/example_xcom.py took 0.111 seconds
[2025-10-14 16:25:55,470] {processor.py:153} INFO - Started process (PID=22866) to work on /root/Projects/etlX/venv/lib/python3.9/site-packages/airflow/example_dags/example_xcom.py
[2025-10-14 16:25:55,471] {processor.py:641} INFO - Processing file /root/Projects/etlX/venv/lib/python3.9/site-packages/airflow/example_dags/example_xcom.py for tasks to queue
[2025-10-14 16:25:55,472] {logging_mixin.py:115} INFO - [2025-10-14 16:25:55,472] {dagbag.py:507} INFO - Filling up the DagBag from /root/Projects/etlX/venv/lib/python3.9/site-packages/airflow/example_dags/example_xcom.py
[2025-10-14 16:25:55,497] {processor.py:651} INFO - DAG(s) dict_keys(['example_xcom']) retrieved from /root/Projects/etlX/venv/lib/python3.9/site-packages/airflow/example_dags/example_xcom.py
[2025-10-14 16:25:55,541] {logging_mixin.py:115} INFO - [2025-10-14 16:25:55,541] {dag.py:2379} INFO - Sync 1 DAGs
[2025-10-14 16:25:55,554] {logging_mixin.py:115} INFO - [2025-10-14 16:25:55,554] {dag.py:2927} INFO - Setting next_dagrun for example_xcom to 2021-01-01T00:00:00+00:00, run_after=2021-01-01T00:00:00+00:00
[2025-10-14 16:25:55,565] {processor.py:161} INFO - Processing /root/Projects/etlX/venv/lib/python3.9/site-packages/airflow/example_dags/example_xcom.py took 0.105 seconds
[2025-10-14 16:26:30,047] {processor.py:153} INFO - Started process (PID=22924) to work on /root/Projects/etlX/venv/lib/python3.9/site-packages/airflow/example_dags/example_xcom.py
[2025-10-14 16:26:30,048] {processor.py:641} INFO - Processing file /root/Projects/etlX/venv/lib/python3.9/site-packages/airflow/example_dags/example_xcom.py for tasks to queue
[2025-10-14 16:26:30,048] {logging_mixin.py:115} INFO - [2025-10-14 16:26:30,048] {dagbag.py:507} INFO - Filling up the DagBag from /root/Projects/etlX/venv/lib/python3.9/site-packages/airflow/example_dags/example_xcom.py
[2025-10-14 16:26:30,076] {processor.py:651} INFO - DAG(s) dict_keys(['example_xcom']) retrieved from /root/Projects/etlX/venv/lib/python3.9/site-packages/airflow/example_dags/example_xcom.py
[2025-10-14 16:26:30,120] {logging_mixin.py:115} INFO - [2025-10-14 16:26:30,120] {dag.py:2379} INFO - Sync 1 DAGs
[2025-10-14 16:26:30,133] {logging_mixin.py:115} INFO - [2025-10-14 16:26:30,133] {dag.py:2927} INFO - Setting next_dagrun for example_xcom to 2021-01-01T00:00:00+00:00, run_after=2021-01-01T00:00:00+00:00
[2025-10-14 16:26:30,144] {processor.py:161} INFO - Processing /root/Projects/etlX/venv/lib/python3.9/site-packages/airflow/example_dags/example_xcom.py took 0.103 seconds
[2025-10-14 16:27:03,891] {processor.py:153} INFO - Started process (PID=22982) to work on /root/Projects/etlX/venv/lib/python3.9/site-packages/airflow/example_dags/example_xcom.py
[2025-10-14 16:27:03,892] {processor.py:641} INFO - Processing file /root/Projects/etlX/venv/lib/python3.9/site-packages/airflow/example_dags/example_xcom.py for tasks to queue
[2025-10-14 16:27:03,892] {logging_mixin.py:115} INFO - [2025-10-14 16:27:03,892] {dagbag.py:507} INFO - Filling up the DagBag from /root/Projects/etlX/venv/lib/python3.9/site-packages/airflow/example_dags/example_xcom.py
[2025-10-14 16:27:03,913] {processor.py:651} INFO - DAG(s) dict_keys(['example_xcom']) retrieved from /root/Projects/etlX/venv/lib/python3.9/site-packages/airflow/example_dags/example_xcom.py
[2025-10-14 16:27:03,935] {logging_mixin.py:115} INFO - [2025-10-14 16:27:03,935] {dag.py:2379} INFO - Sync 1 DAGs
[2025-10-14 16:27:03,951] {logging_mixin.py:115} INFO - [2025-10-14 16:27:03,951] {dag.py:2927} INFO - Setting next_dagrun for example_xcom to 2021-01-01T00:00:00+00:00, run_after=2021-01-01T00:00:00+00:00
[2025-10-14 16:27:03,961] {processor.py:161} INFO - Processing /root/Projects/etlX/venv/lib/python3.9/site-packages/airflow/example_dags/example_xcom.py took 0.074 seconds
[2025-10-14 16:27:37,759] {processor.py:153} INFO - Started process (PID=23140) to work on /root/Projects/etlX/venv/lib/python3.9/site-packages/airflow/example_dags/example_xcom.py
[2025-10-14 16:27:37,760] {processor.py:641} INFO - Processing file /root/Projects/etlX/venv/lib/python3.9/site-packages/airflow/example_dags/example_xcom.py for tasks to queue
[2025-10-14 16:27:37,761] {logging_mixin.py:115} INFO - [2025-10-14 16:27:37,761] {dagbag.py:507} INFO - Filling up the DagBag from /root/Projects/etlX/venv/lib/python3.9/site-packages/airflow/example_dags/example_xcom.py
[2025-10-14 16:27:37,793] {processor.py:651} INFO - DAG(s) dict_keys(['example_xcom']) retrieved from /root/Projects/etlX/venv/lib/python3.9/site-packages/airflow/example_dags/example_xcom.py
[2025-10-14 16:27:37,837] {logging_mixin.py:115} INFO - [2025-10-14 16:27:37,837] {dag.py:2379} INFO - Sync 1 DAGs
[2025-10-14 16:27:37,849] {logging_mixin.py:115} INFO - [2025-10-14 16:27:37,849] {dag.py:2927} INFO - Setting next_dagrun for example_xcom to 2021-01-01T00:00:00+00:00, run_after=2021-01-01T00:00:00+00:00
[2025-10-14 16:27:37,861] {processor.py:161} INFO - Processing /root/Projects/etlX/venv/lib/python3.9/site-packages/airflow/example_dags/example_xcom.py took 0.110 seconds
[2025-10-14 16:28:09,771] {processor.py:153} INFO - Started process (PID=23244) to work on /root/Projects/etlX/venv/lib/python3.9/site-packages/airflow/example_dags/example_xcom.py
[2025-10-14 16:28:09,772] {processor.py:641} INFO - Processing file /root/Projects/etlX/venv/lib/python3.9/site-packages/airflow/example_dags/example_xcom.py for tasks to queue
[2025-10-14 16:28:09,772] {logging_mixin.py:115} INFO - [2025-10-14 16:28:09,772] {dagbag.py:507} INFO - Filling up the DagBag from /root/Projects/etlX/venv/lib/python3.9/site-packages/airflow/example_dags/example_xcom.py
[2025-10-14 16:28:09,793] {processor.py:651} INFO - DAG(s) dict_keys(['example_xcom']) retrieved from /root/Projects/etlX/venv/lib/python3.9/site-packages/airflow/example_dags/example_xcom.py
[2025-10-14 16:28:09,837] {logging_mixin.py:115} INFO - [2025-10-14 16:28:09,837] {dag.py:2379} INFO - Sync 1 DAGs
[2025-10-14 16:28:09,849] {logging_mixin.py:115} INFO - [2025-10-14 16:28:09,849] {dag.py:2927} INFO - Setting next_dagrun for example_xcom to 2021-01-01T00:00:00+00:00, run_after=2021-01-01T00:00:00+00:00
[2025-10-14 16:28:09,861] {processor.py:161} INFO - Processing /root/Projects/etlX/venv/lib/python3.9/site-packages/airflow/example_dags/example_xcom.py took 0.094 seconds
[2025-10-14 16:28:43,178] {processor.py:153} INFO - Started process (PID=23352) to work on /root/Projects/etlX/venv/lib/python3.9/site-packages/airflow/example_dags/example_xcom.py
[2025-10-14 16:28:43,179] {processor.py:641} INFO - Processing file /root/Projects/etlX/venv/lib/python3.9/site-packages/airflow/example_dags/example_xcom.py for tasks to queue
[2025-10-14 16:28:43,179] {logging_mixin.py:115} INFO - [2025-10-14 16:28:43,179] {dagbag.py:507} INFO - Filling up the DagBag from /root/Projects/etlX/venv/lib/python3.9/site-packages/airflow/example_dags/example_xcom.py
[2025-10-14 16:28:43,201] {processor.py:651} INFO - DAG(s) dict_keys(['example_xcom']) retrieved from /root/Projects/etlX/venv/lib/python3.9/site-packages/airflow/example_dags/example_xcom.py
[2025-10-14 16:28:43,246] {logging_mixin.py:115} INFO - [2025-10-14 16:28:43,246] {dag.py:2379} INFO - Sync 1 DAGs
[2025-10-14 16:28:43,260] {logging_mixin.py:115} INFO - [2025-10-14 16:28:43,260] {dag.py:2927} INFO - Setting next_dagrun for example_xcom to 2021-01-01T00:00:00+00:00, run_after=2021-01-01T00:00:00+00:00
[2025-10-14 16:28:43,272] {processor.py:161} INFO - Processing /root/Projects/etlX/venv/lib/python3.9/site-packages/airflow/example_dags/example_xcom.py took 0.099 seconds
[2025-10-14 16:29:16,524] {processor.py:153} INFO - Started process (PID=23458) to work on /root/Projects/etlX/venv/lib/python3.9/site-packages/airflow/example_dags/example_xcom.py
[2025-10-14 16:29:16,525] {processor.py:641} INFO - Processing file /root/Projects/etlX/venv/lib/python3.9/site-packages/airflow/example_dags/example_xcom.py for tasks to queue
[2025-10-14 16:29:16,526] {logging_mixin.py:115} INFO - [2025-10-14 16:29:16,526] {dagbag.py:507} INFO - Filling up the DagBag from /root/Projects/etlX/venv/lib/python3.9/site-packages/airflow/example_dags/example_xcom.py
[2025-10-14 16:29:16,551] {processor.py:651} INFO - DAG(s) dict_keys(['example_xcom']) retrieved from /root/Projects/etlX/venv/lib/python3.9/site-packages/airflow/example_dags/example_xcom.py
[2025-10-14 16:29:16,573] {logging_mixin.py:115} INFO - [2025-10-14 16:29:16,573] {dag.py:2379} INFO - Sync 1 DAGs
[2025-10-14 16:29:16,588] {logging_mixin.py:115} INFO - [2025-10-14 16:29:16,588] {dag.py:2927} INFO - Setting next_dagrun for example_xcom to 2021-01-01T00:00:00+00:00, run_after=2021-01-01T00:00:00+00:00
[2025-10-14 16:29:16,598] {processor.py:161} INFO - Processing /root/Projects/etlX/venv/lib/python3.9/site-packages/airflow/example_dags/example_xcom.py took 0.081 seconds
[2025-10-14 16:29:49,569] {processor.py:153} INFO - Started process (PID=23626) to work on /root/Projects/etlX/venv/lib/python3.9/site-packages/airflow/example_dags/example_xcom.py
[2025-10-14 16:29:49,571] {processor.py:641} INFO - Processing file /root/Projects/etlX/venv/lib/python3.9/site-packages/airflow/example_dags/example_xcom.py for tasks to queue
[2025-10-14 16:29:49,572] {logging_mixin.py:115} INFO - [2025-10-14 16:29:49,572] {dagbag.py:507} INFO - Filling up the DagBag from /root/Projects/etlX/venv/lib/python3.9/site-packages/airflow/example_dags/example_xcom.py
[2025-10-14 16:29:49,608] {processor.py:651} INFO - DAG(s) dict_keys(['example_xcom']) retrieved from /root/Projects/etlX/venv/lib/python3.9/site-packages/airflow/example_dags/example_xcom.py
[2025-10-14 16:29:49,630] {logging_mixin.py:115} INFO - [2025-10-14 16:29:49,630] {dag.py:2379} INFO - Sync 1 DAGs
[2025-10-14 16:29:49,647] {logging_mixin.py:115} INFO - [2025-10-14 16:29:49,646] {dag.py:2927} INFO - Setting next_dagrun for example_xcom to 2021-01-01T00:00:00+00:00, run_after=2021-01-01T00:00:00+00:00
[2025-10-14 16:29:49,657] {processor.py:161} INFO - Processing /root/Projects/etlX/venv/lib/python3.9/site-packages/airflow/example_dags/example_xcom.py took 0.097 seconds
[2025-10-14 16:36:07,352] {processor.py:153} INFO - Started process (PID=24481) to work on /root/Projects/etlX/venv/lib/python3.9/site-packages/airflow/example_dags/example_xcom.py
[2025-10-14 16:36:07,353] {processor.py:641} INFO - Processing file /root/Projects/etlX/venv/lib/python3.9/site-packages/airflow/example_dags/example_xcom.py for tasks to queue
[2025-10-14 16:36:07,354] {logging_mixin.py:115} INFO - [2025-10-14 16:36:07,354] {dagbag.py:507} INFO - Filling up the DagBag from /root/Projects/etlX/venv/lib/python3.9/site-packages/airflow/example_dags/example_xcom.py
[2025-10-14 16:36:07,382] {processor.py:651} INFO - DAG(s) dict_keys(['example_xcom']) retrieved from /root/Projects/etlX/venv/lib/python3.9/site-packages/airflow/example_dags/example_xcom.py
[2025-10-14 16:36:07,439] {logging_mixin.py:115} INFO - [2025-10-14 16:36:07,439] {dag.py:2379} INFO - Sync 1 DAGs
[2025-10-14 16:36:07,457] {logging_mixin.py:115} INFO - [2025-10-14 16:36:07,456] {dag.py:2927} INFO - Setting next_dagrun for example_xcom to 2021-01-01T00:00:00+00:00, run_after=2021-01-01T00:00:00+00:00
[2025-10-14 16:36:07,493] {processor.py:161} INFO - Processing /root/Projects/etlX/venv/lib/python3.9/site-packages/airflow/example_dags/example_xcom.py took 0.145 seconds
