[2025-10-14 14:56:51,324] {processor.py:153} INFO - Started process (PID=13094) to work on /root/Projects/etlX/venv/lib/python3.9/site-packages/airflow/example_dags/tutorial_taskflow_api_etl_virtualenv.py
[2025-10-14 14:56:51,325] {processor.py:641} INFO - Processing file /root/Projects/etlX/venv/lib/python3.9/site-packages/airflow/example_dags/tutorial_taskflow_api_etl_virtualenv.py for tasks to queue
[2025-10-14 14:56:51,326] {logging_mixin.py:115} INFO - [2025-10-14 14:56:51,326] {dagbag.py:507} INFO - Filling up the DagBag from /root/Projects/etlX/venv/lib/python3.9/site-packages/airflow/example_dags/tutorial_taskflow_api_etl_virtualenv.py
[2025-10-14 14:56:51,352] {logging_mixin.py:115} INFO - [2025-10-14 14:56:51,352] {tutorial_taskflow_api_etl_virtualenv.py:29} WARNING - The tutorial_taskflow_api_etl_virtualenv example DAG requires virtualenv, please install it.
[2025-10-14 14:56:51,352] {processor.py:653} WARNING - No viable dags retrieved from /root/Projects/etlX/venv/lib/python3.9/site-packages/airflow/example_dags/tutorial_taskflow_api_etl_virtualenv.py
[2025-10-14 14:56:51,374] {processor.py:161} INFO - Processing /root/Projects/etlX/venv/lib/python3.9/site-packages/airflow/example_dags/tutorial_taskflow_api_etl_virtualenv.py took 0.060 seconds
[2025-10-14 14:57:30,787] {processor.py:153} INFO - Started process (PID=13512) to work on /root/Projects/etlX/venv/lib/python3.9/site-packages/airflow/example_dags/tutorial_taskflow_api_etl_virtualenv.py
[2025-10-14 14:57:30,787] {processor.py:641} INFO - Processing file /root/Projects/etlX/venv/lib/python3.9/site-packages/airflow/example_dags/tutorial_taskflow_api_etl_virtualenv.py for tasks to queue
[2025-10-14 14:57:30,789] {logging_mixin.py:115} INFO - [2025-10-14 14:57:30,788] {dagbag.py:507} INFO - Filling up the DagBag from /root/Projects/etlX/venv/lib/python3.9/site-packages/airflow/example_dags/tutorial_taskflow_api_etl_virtualenv.py
[2025-10-14 14:57:30,810] {logging_mixin.py:115} INFO - [2025-10-14 14:57:30,810] {tutorial_taskflow_api_etl_virtualenv.py:29} WARNING - The tutorial_taskflow_api_etl_virtualenv example DAG requires virtualenv, please install it.
[2025-10-14 14:57:30,810] {processor.py:653} WARNING - No viable dags retrieved from /root/Projects/etlX/venv/lib/python3.9/site-packages/airflow/example_dags/tutorial_taskflow_api_etl_virtualenv.py
[2025-10-14 14:57:30,827] {processor.py:161} INFO - Processing /root/Projects/etlX/venv/lib/python3.9/site-packages/airflow/example_dags/tutorial_taskflow_api_etl_virtualenv.py took 0.046 seconds
[2025-10-14 14:58:04,635] {processor.py:153} INFO - Started process (PID=13672) to work on /root/Projects/etlX/venv/lib/python3.9/site-packages/airflow/example_dags/tutorial_taskflow_api_etl_virtualenv.py
[2025-10-14 14:58:04,636] {processor.py:641} INFO - Processing file /root/Projects/etlX/venv/lib/python3.9/site-packages/airflow/example_dags/tutorial_taskflow_api_etl_virtualenv.py for tasks to queue
[2025-10-14 14:58:04,636] {logging_mixin.py:115} INFO - [2025-10-14 14:58:04,636] {dagbag.py:507} INFO - Filling up the DagBag from /root/Projects/etlX/venv/lib/python3.9/site-packages/airflow/example_dags/tutorial_taskflow_api_etl_virtualenv.py
[2025-10-14 14:58:04,653] {logging_mixin.py:115} INFO - [2025-10-14 14:58:04,653] {tutorial_taskflow_api_etl_virtualenv.py:29} WARNING - The tutorial_taskflow_api_etl_virtualenv example DAG requires virtualenv, please install it.
[2025-10-14 14:58:04,653] {processor.py:653} WARNING - No viable dags retrieved from /root/Projects/etlX/venv/lib/python3.9/site-packages/airflow/example_dags/tutorial_taskflow_api_etl_virtualenv.py
[2025-10-14 14:58:04,666] {processor.py:161} INFO - Processing /root/Projects/etlX/venv/lib/python3.9/site-packages/airflow/example_dags/tutorial_taskflow_api_etl_virtualenv.py took 0.036 seconds
[2025-10-14 14:58:36,860] {processor.py:153} INFO - Started process (PID=13724) to work on /root/Projects/etlX/venv/lib/python3.9/site-packages/airflow/example_dags/tutorial_taskflow_api_etl_virtualenv.py
[2025-10-14 14:58:36,861] {processor.py:641} INFO - Processing file /root/Projects/etlX/venv/lib/python3.9/site-packages/airflow/example_dags/tutorial_taskflow_api_etl_virtualenv.py for tasks to queue
[2025-10-14 14:58:36,862] {logging_mixin.py:115} INFO - [2025-10-14 14:58:36,862] {dagbag.py:507} INFO - Filling up the DagBag from /root/Projects/etlX/venv/lib/python3.9/site-packages/airflow/example_dags/tutorial_taskflow_api_etl_virtualenv.py
[2025-10-14 14:58:36,884] {logging_mixin.py:115} INFO - [2025-10-14 14:58:36,884] {tutorial_taskflow_api_etl_virtualenv.py:29} WARNING - The tutorial_taskflow_api_etl_virtualenv example DAG requires virtualenv, please install it.
[2025-10-14 14:58:36,884] {processor.py:653} WARNING - No viable dags retrieved from /root/Projects/etlX/venv/lib/python3.9/site-packages/airflow/example_dags/tutorial_taskflow_api_etl_virtualenv.py
[2025-10-14 14:58:36,902] {processor.py:161} INFO - Processing /root/Projects/etlX/venv/lib/python3.9/site-packages/airflow/example_dags/tutorial_taskflow_api_etl_virtualenv.py took 0.048 seconds
[2025-10-14 14:59:07,722] {processor.py:153} INFO - Started process (PID=13899) to work on /root/Projects/etlX/venv/lib/python3.9/site-packages/airflow/example_dags/tutorial_taskflow_api_etl_virtualenv.py
[2025-10-14 14:59:07,723] {processor.py:641} INFO - Processing file /root/Projects/etlX/venv/lib/python3.9/site-packages/airflow/example_dags/tutorial_taskflow_api_etl_virtualenv.py for tasks to queue
[2025-10-14 14:59:07,724] {logging_mixin.py:115} INFO - [2025-10-14 14:59:07,724] {dagbag.py:507} INFO - Filling up the DagBag from /root/Projects/etlX/venv/lib/python3.9/site-packages/airflow/example_dags/tutorial_taskflow_api_etl_virtualenv.py
[2025-10-14 14:59:07,740] {logging_mixin.py:115} INFO - [2025-10-14 14:59:07,740] {tutorial_taskflow_api_etl_virtualenv.py:29} WARNING - The tutorial_taskflow_api_etl_virtualenv example DAG requires virtualenv, please install it.
[2025-10-14 14:59:07,741] {processor.py:653} WARNING - No viable dags retrieved from /root/Projects/etlX/venv/lib/python3.9/site-packages/airflow/example_dags/tutorial_taskflow_api_etl_virtualenv.py
[2025-10-14 14:59:07,755] {processor.py:161} INFO - Processing /root/Projects/etlX/venv/lib/python3.9/site-packages/airflow/example_dags/tutorial_taskflow_api_etl_virtualenv.py took 0.037 seconds
[2025-10-14 14:59:41,077] {processor.py:153} INFO - Started process (PID=13987) to work on /root/Projects/etlX/venv/lib/python3.9/site-packages/airflow/example_dags/tutorial_taskflow_api_etl_virtualenv.py
[2025-10-14 14:59:41,078] {processor.py:641} INFO - Processing file /root/Projects/etlX/venv/lib/python3.9/site-packages/airflow/example_dags/tutorial_taskflow_api_etl_virtualenv.py for tasks to queue
[2025-10-14 14:59:41,079] {logging_mixin.py:115} INFO - [2025-10-14 14:59:41,079] {dagbag.py:507} INFO - Filling up the DagBag from /root/Projects/etlX/venv/lib/python3.9/site-packages/airflow/example_dags/tutorial_taskflow_api_etl_virtualenv.py
[2025-10-14 14:59:41,100] {logging_mixin.py:115} INFO - [2025-10-14 14:59:41,100] {tutorial_taskflow_api_etl_virtualenv.py:29} WARNING - The tutorial_taskflow_api_etl_virtualenv example DAG requires virtualenv, please install it.
[2025-10-14 14:59:41,101] {processor.py:653} WARNING - No viable dags retrieved from /root/Projects/etlX/venv/lib/python3.9/site-packages/airflow/example_dags/tutorial_taskflow_api_etl_virtualenv.py
[2025-10-14 14:59:41,121] {processor.py:161} INFO - Processing /root/Projects/etlX/venv/lib/python3.9/site-packages/airflow/example_dags/tutorial_taskflow_api_etl_virtualenv.py took 0.049 seconds
[2025-10-14 15:00:13,423] {processor.py:153} INFO - Started process (PID=14042) to work on /root/Projects/etlX/venv/lib/python3.9/site-packages/airflow/example_dags/tutorial_taskflow_api_etl_virtualenv.py
[2025-10-14 15:00:13,424] {processor.py:641} INFO - Processing file /root/Projects/etlX/venv/lib/python3.9/site-packages/airflow/example_dags/tutorial_taskflow_api_etl_virtualenv.py for tasks to queue
[2025-10-14 15:00:13,424] {logging_mixin.py:115} INFO - [2025-10-14 15:00:13,424] {dagbag.py:507} INFO - Filling up the DagBag from /root/Projects/etlX/venv/lib/python3.9/site-packages/airflow/example_dags/tutorial_taskflow_api_etl_virtualenv.py
[2025-10-14 15:00:13,441] {logging_mixin.py:115} INFO - [2025-10-14 15:00:13,441] {tutorial_taskflow_api_etl_virtualenv.py:29} WARNING - The tutorial_taskflow_api_etl_virtualenv example DAG requires virtualenv, please install it.
[2025-10-14 15:00:13,441] {processor.py:653} WARNING - No viable dags retrieved from /root/Projects/etlX/venv/lib/python3.9/site-packages/airflow/example_dags/tutorial_taskflow_api_etl_virtualenv.py
[2025-10-14 15:00:13,456] {processor.py:161} INFO - Processing /root/Projects/etlX/venv/lib/python3.9/site-packages/airflow/example_dags/tutorial_taskflow_api_etl_virtualenv.py took 0.037 seconds
[2025-10-14 15:00:46,225] {processor.py:153} INFO - Started process (PID=14197) to work on /root/Projects/etlX/venv/lib/python3.9/site-packages/airflow/example_dags/tutorial_taskflow_api_etl_virtualenv.py
[2025-10-14 15:00:46,226] {processor.py:641} INFO - Processing file /root/Projects/etlX/venv/lib/python3.9/site-packages/airflow/example_dags/tutorial_taskflow_api_etl_virtualenv.py for tasks to queue
[2025-10-14 15:00:46,226] {logging_mixin.py:115} INFO - [2025-10-14 15:00:46,226] {dagbag.py:507} INFO - Filling up the DagBag from /root/Projects/etlX/venv/lib/python3.9/site-packages/airflow/example_dags/tutorial_taskflow_api_etl_virtualenv.py
[2025-10-14 15:00:46,244] {logging_mixin.py:115} INFO - [2025-10-14 15:00:46,243] {tutorial_taskflow_api_etl_virtualenv.py:29} WARNING - The tutorial_taskflow_api_etl_virtualenv example DAG requires virtualenv, please install it.
[2025-10-14 15:00:46,244] {processor.py:653} WARNING - No viable dags retrieved from /root/Projects/etlX/venv/lib/python3.9/site-packages/airflow/example_dags/tutorial_taskflow_api_etl_virtualenv.py
[2025-10-14 15:00:46,259] {processor.py:161} INFO - Processing /root/Projects/etlX/venv/lib/python3.9/site-packages/airflow/example_dags/tutorial_taskflow_api_etl_virtualenv.py took 0.039 seconds
[2025-10-14 15:01:17,058] {processor.py:153} INFO - Started process (PID=14453) to work on /root/Projects/etlX/venv/lib/python3.9/site-packages/airflow/example_dags/tutorial_taskflow_api_etl_virtualenv.py
[2025-10-14 15:01:17,058] {processor.py:641} INFO - Processing file /root/Projects/etlX/venv/lib/python3.9/site-packages/airflow/example_dags/tutorial_taskflow_api_etl_virtualenv.py for tasks to queue
[2025-10-14 15:01:17,059] {logging_mixin.py:115} INFO - [2025-10-14 15:01:17,059] {dagbag.py:507} INFO - Filling up the DagBag from /root/Projects/etlX/venv/lib/python3.9/site-packages/airflow/example_dags/tutorial_taskflow_api_etl_virtualenv.py
[2025-10-14 15:01:17,076] {logging_mixin.py:115} INFO - [2025-10-14 15:01:17,076] {tutorial_taskflow_api_etl_virtualenv.py:29} WARNING - The tutorial_taskflow_api_etl_virtualenv example DAG requires virtualenv, please install it.
[2025-10-14 15:01:17,076] {processor.py:653} WARNING - No viable dags retrieved from /root/Projects/etlX/venv/lib/python3.9/site-packages/airflow/example_dags/tutorial_taskflow_api_etl_virtualenv.py
[2025-10-14 15:01:17,090] {processor.py:161} INFO - Processing /root/Projects/etlX/venv/lib/python3.9/site-packages/airflow/example_dags/tutorial_taskflow_api_etl_virtualenv.py took 0.036 seconds
[2025-10-14 15:01:50,079] {processor.py:153} INFO - Started process (PID=14612) to work on /root/Projects/etlX/venv/lib/python3.9/site-packages/airflow/example_dags/tutorial_taskflow_api_etl_virtualenv.py
[2025-10-14 15:01:50,080] {processor.py:641} INFO - Processing file /root/Projects/etlX/venv/lib/python3.9/site-packages/airflow/example_dags/tutorial_taskflow_api_etl_virtualenv.py for tasks to queue
[2025-10-14 15:01:50,080] {logging_mixin.py:115} INFO - [2025-10-14 15:01:50,080] {dagbag.py:507} INFO - Filling up the DagBag from /root/Projects/etlX/venv/lib/python3.9/site-packages/airflow/example_dags/tutorial_taskflow_api_etl_virtualenv.py
[2025-10-14 15:01:50,098] {logging_mixin.py:115} INFO - [2025-10-14 15:01:50,098] {tutorial_taskflow_api_etl_virtualenv.py:29} WARNING - The tutorial_taskflow_api_etl_virtualenv example DAG requires virtualenv, please install it.
[2025-10-14 15:01:50,098] {processor.py:653} WARNING - No viable dags retrieved from /root/Projects/etlX/venv/lib/python3.9/site-packages/airflow/example_dags/tutorial_taskflow_api_etl_virtualenv.py
[2025-10-14 15:01:50,110] {processor.py:161} INFO - Processing /root/Projects/etlX/venv/lib/python3.9/site-packages/airflow/example_dags/tutorial_taskflow_api_etl_virtualenv.py took 0.036 seconds
[2025-10-14 15:02:24,165] {processor.py:153} INFO - Started process (PID=14822) to work on /root/Projects/etlX/venv/lib/python3.9/site-packages/airflow/example_dags/tutorial_taskflow_api_etl_virtualenv.py
[2025-10-14 15:02:24,166] {processor.py:641} INFO - Processing file /root/Projects/etlX/venv/lib/python3.9/site-packages/airflow/example_dags/tutorial_taskflow_api_etl_virtualenv.py for tasks to queue
[2025-10-14 15:02:24,166] {logging_mixin.py:115} INFO - [2025-10-14 15:02:24,166] {dagbag.py:507} INFO - Filling up the DagBag from /root/Projects/etlX/venv/lib/python3.9/site-packages/airflow/example_dags/tutorial_taskflow_api_etl_virtualenv.py
[2025-10-14 15:02:24,184] {logging_mixin.py:115} INFO - [2025-10-14 15:02:24,184] {tutorial_taskflow_api_etl_virtualenv.py:29} WARNING - The tutorial_taskflow_api_etl_virtualenv example DAG requires virtualenv, please install it.
[2025-10-14 15:02:24,184] {processor.py:653} WARNING - No viable dags retrieved from /root/Projects/etlX/venv/lib/python3.9/site-packages/airflow/example_dags/tutorial_taskflow_api_etl_virtualenv.py
[2025-10-14 15:02:24,200] {processor.py:161} INFO - Processing /root/Projects/etlX/venv/lib/python3.9/site-packages/airflow/example_dags/tutorial_taskflow_api_etl_virtualenv.py took 0.040 seconds
[2025-10-14 15:02:58,144] {processor.py:153} INFO - Started process (PID=14981) to work on /root/Projects/etlX/venv/lib/python3.9/site-packages/airflow/example_dags/tutorial_taskflow_api_etl_virtualenv.py
[2025-10-14 15:02:58,145] {processor.py:641} INFO - Processing file /root/Projects/etlX/venv/lib/python3.9/site-packages/airflow/example_dags/tutorial_taskflow_api_etl_virtualenv.py for tasks to queue
[2025-10-14 15:02:58,146] {logging_mixin.py:115} INFO - [2025-10-14 15:02:58,146] {dagbag.py:507} INFO - Filling up the DagBag from /root/Projects/etlX/venv/lib/python3.9/site-packages/airflow/example_dags/tutorial_taskflow_api_etl_virtualenv.py
[2025-10-14 15:02:58,167] {logging_mixin.py:115} INFO - [2025-10-14 15:02:58,167] {tutorial_taskflow_api_etl_virtualenv.py:29} WARNING - The tutorial_taskflow_api_etl_virtualenv example DAG requires virtualenv, please install it.
[2025-10-14 15:02:58,167] {processor.py:653} WARNING - No viable dags retrieved from /root/Projects/etlX/venv/lib/python3.9/site-packages/airflow/example_dags/tutorial_taskflow_api_etl_virtualenv.py
[2025-10-14 15:02:58,183] {processor.py:161} INFO - Processing /root/Projects/etlX/venv/lib/python3.9/site-packages/airflow/example_dags/tutorial_taskflow_api_etl_virtualenv.py took 0.046 seconds
[2025-10-14 15:09:43,118] {processor.py:153} INFO - Started process (PID=15680) to work on /root/Projects/etlX/venv/lib/python3.9/site-packages/airflow/example_dags/tutorial_taskflow_api_etl_virtualenv.py
[2025-10-14 15:09:43,119] {processor.py:641} INFO - Processing file /root/Projects/etlX/venv/lib/python3.9/site-packages/airflow/example_dags/tutorial_taskflow_api_etl_virtualenv.py for tasks to queue
[2025-10-14 15:09:43,120] {logging_mixin.py:115} INFO - [2025-10-14 15:09:43,120] {dagbag.py:507} INFO - Filling up the DagBag from /root/Projects/etlX/venv/lib/python3.9/site-packages/airflow/example_dags/tutorial_taskflow_api_etl_virtualenv.py
[2025-10-14 15:09:43,144] {logging_mixin.py:115} INFO - [2025-10-14 15:09:43,144] {tutorial_taskflow_api_etl_virtualenv.py:29} WARNING - The tutorial_taskflow_api_etl_virtualenv example DAG requires virtualenv, please install it.
[2025-10-14 15:09:43,144] {processor.py:653} WARNING - No viable dags retrieved from /root/Projects/etlX/venv/lib/python3.9/site-packages/airflow/example_dags/tutorial_taskflow_api_etl_virtualenv.py
[2025-10-14 15:09:43,163] {processor.py:161} INFO - Processing /root/Projects/etlX/venv/lib/python3.9/site-packages/airflow/example_dags/tutorial_taskflow_api_etl_virtualenv.py took 0.049 seconds
[2025-10-14 15:10:18,062] {processor.py:153} INFO - Started process (PID=15920) to work on /root/Projects/etlX/venv/lib/python3.9/site-packages/airflow/example_dags/tutorial_taskflow_api_etl_virtualenv.py
[2025-10-14 15:10:18,062] {processor.py:641} INFO - Processing file /root/Projects/etlX/venv/lib/python3.9/site-packages/airflow/example_dags/tutorial_taskflow_api_etl_virtualenv.py for tasks to queue
[2025-10-14 15:10:18,063] {logging_mixin.py:115} INFO - [2025-10-14 15:10:18,063] {dagbag.py:507} INFO - Filling up the DagBag from /root/Projects/etlX/venv/lib/python3.9/site-packages/airflow/example_dags/tutorial_taskflow_api_etl_virtualenv.py
[2025-10-14 15:10:18,080] {logging_mixin.py:115} INFO - [2025-10-14 15:10:18,080] {tutorial_taskflow_api_etl_virtualenv.py:29} WARNING - The tutorial_taskflow_api_etl_virtualenv example DAG requires virtualenv, please install it.
[2025-10-14 15:10:18,081] {processor.py:653} WARNING - No viable dags retrieved from /root/Projects/etlX/venv/lib/python3.9/site-packages/airflow/example_dags/tutorial_taskflow_api_etl_virtualenv.py
[2025-10-14 15:10:18,094] {processor.py:161} INFO - Processing /root/Projects/etlX/venv/lib/python3.9/site-packages/airflow/example_dags/tutorial_taskflow_api_etl_virtualenv.py took 0.037 seconds
[2025-10-14 15:10:52,436] {processor.py:153} INFO - Started process (PID=15978) to work on /root/Projects/etlX/venv/lib/python3.9/site-packages/airflow/example_dags/tutorial_taskflow_api_etl_virtualenv.py
[2025-10-14 15:10:52,437] {processor.py:641} INFO - Processing file /root/Projects/etlX/venv/lib/python3.9/site-packages/airflow/example_dags/tutorial_taskflow_api_etl_virtualenv.py for tasks to queue
[2025-10-14 15:10:52,437] {logging_mixin.py:115} INFO - [2025-10-14 15:10:52,437] {dagbag.py:507} INFO - Filling up the DagBag from /root/Projects/etlX/venv/lib/python3.9/site-packages/airflow/example_dags/tutorial_taskflow_api_etl_virtualenv.py
[2025-10-14 15:10:52,454] {logging_mixin.py:115} INFO - [2025-10-14 15:10:52,454] {tutorial_taskflow_api_etl_virtualenv.py:29} WARNING - The tutorial_taskflow_api_etl_virtualenv example DAG requires virtualenv, please install it.
[2025-10-14 15:10:52,455] {processor.py:653} WARNING - No viable dags retrieved from /root/Projects/etlX/venv/lib/python3.9/site-packages/airflow/example_dags/tutorial_taskflow_api_etl_virtualenv.py
[2025-10-14 15:10:52,469] {processor.py:161} INFO - Processing /root/Projects/etlX/venv/lib/python3.9/site-packages/airflow/example_dags/tutorial_taskflow_api_etl_virtualenv.py took 0.037 seconds
[2025-10-14 15:11:23,979] {processor.py:153} INFO - Started process (PID=16133) to work on /root/Projects/etlX/venv/lib/python3.9/site-packages/airflow/example_dags/tutorial_taskflow_api_etl_virtualenv.py
[2025-10-14 15:11:23,980] {processor.py:641} INFO - Processing file /root/Projects/etlX/venv/lib/python3.9/site-packages/airflow/example_dags/tutorial_taskflow_api_etl_virtualenv.py for tasks to queue
[2025-10-14 15:11:23,980] {logging_mixin.py:115} INFO - [2025-10-14 15:11:23,980] {dagbag.py:507} INFO - Filling up the DagBag from /root/Projects/etlX/venv/lib/python3.9/site-packages/airflow/example_dags/tutorial_taskflow_api_etl_virtualenv.py
[2025-10-14 15:11:24,003] {logging_mixin.py:115} INFO - [2025-10-14 15:11:24,003] {tutorial_taskflow_api_etl_virtualenv.py:29} WARNING - The tutorial_taskflow_api_etl_virtualenv example DAG requires virtualenv, please install it.
[2025-10-14 15:11:24,003] {processor.py:653} WARNING - No viable dags retrieved from /root/Projects/etlX/venv/lib/python3.9/site-packages/airflow/example_dags/tutorial_taskflow_api_etl_virtualenv.py
[2025-10-14 15:11:24,020] {processor.py:161} INFO - Processing /root/Projects/etlX/venv/lib/python3.9/site-packages/airflow/example_dags/tutorial_taskflow_api_etl_virtualenv.py took 0.047 seconds
[2025-10-14 15:11:57,108] {processor.py:153} INFO - Started process (PID=16188) to work on /root/Projects/etlX/venv/lib/python3.9/site-packages/airflow/example_dags/tutorial_taskflow_api_etl_virtualenv.py
[2025-10-14 15:11:57,109] {processor.py:641} INFO - Processing file /root/Projects/etlX/venv/lib/python3.9/site-packages/airflow/example_dags/tutorial_taskflow_api_etl_virtualenv.py for tasks to queue
[2025-10-14 15:11:57,110] {logging_mixin.py:115} INFO - [2025-10-14 15:11:57,110] {dagbag.py:507} INFO - Filling up the DagBag from /root/Projects/etlX/venv/lib/python3.9/site-packages/airflow/example_dags/tutorial_taskflow_api_etl_virtualenv.py
[2025-10-14 15:11:57,129] {logging_mixin.py:115} INFO - [2025-10-14 15:11:57,129] {tutorial_taskflow_api_etl_virtualenv.py:29} WARNING - The tutorial_taskflow_api_etl_virtualenv example DAG requires virtualenv, please install it.
[2025-10-14 15:11:57,129] {processor.py:653} WARNING - No viable dags retrieved from /root/Projects/etlX/venv/lib/python3.9/site-packages/airflow/example_dags/tutorial_taskflow_api_etl_virtualenv.py
[2025-10-14 15:11:57,147] {processor.py:161} INFO - Processing /root/Projects/etlX/venv/lib/python3.9/site-packages/airflow/example_dags/tutorial_taskflow_api_etl_virtualenv.py took 0.044 seconds
[2025-10-14 15:12:27,326] {processor.py:153} INFO - Started process (PID=16239) to work on /root/Projects/etlX/venv/lib/python3.9/site-packages/airflow/example_dags/tutorial_taskflow_api_etl_virtualenv.py
[2025-10-14 15:12:27,327] {processor.py:641} INFO - Processing file /root/Projects/etlX/venv/lib/python3.9/site-packages/airflow/example_dags/tutorial_taskflow_api_etl_virtualenv.py for tasks to queue
[2025-10-14 15:12:27,327] {logging_mixin.py:115} INFO - [2025-10-14 15:12:27,327] {dagbag.py:507} INFO - Filling up the DagBag from /root/Projects/etlX/venv/lib/python3.9/site-packages/airflow/example_dags/tutorial_taskflow_api_etl_virtualenv.py
[2025-10-14 15:12:27,347] {logging_mixin.py:115} INFO - [2025-10-14 15:12:27,347] {tutorial_taskflow_api_etl_virtualenv.py:29} WARNING - The tutorial_taskflow_api_etl_virtualenv example DAG requires virtualenv, please install it.
[2025-10-14 15:12:27,347] {processor.py:653} WARNING - No viable dags retrieved from /root/Projects/etlX/venv/lib/python3.9/site-packages/airflow/example_dags/tutorial_taskflow_api_etl_virtualenv.py
[2025-10-14 15:12:27,363] {processor.py:161} INFO - Processing /root/Projects/etlX/venv/lib/python3.9/site-packages/airflow/example_dags/tutorial_taskflow_api_etl_virtualenv.py took 0.041 seconds
[2025-10-14 15:12:58,747] {processor.py:153} INFO - Started process (PID=16292) to work on /root/Projects/etlX/venv/lib/python3.9/site-packages/airflow/example_dags/tutorial_taskflow_api_etl_virtualenv.py
[2025-10-14 15:12:58,748] {processor.py:641} INFO - Processing file /root/Projects/etlX/venv/lib/python3.9/site-packages/airflow/example_dags/tutorial_taskflow_api_etl_virtualenv.py for tasks to queue
[2025-10-14 15:12:58,748] {logging_mixin.py:115} INFO - [2025-10-14 15:12:58,748] {dagbag.py:507} INFO - Filling up the DagBag from /root/Projects/etlX/venv/lib/python3.9/site-packages/airflow/example_dags/tutorial_taskflow_api_etl_virtualenv.py
[2025-10-14 15:12:58,766] {logging_mixin.py:115} INFO - [2025-10-14 15:12:58,766] {tutorial_taskflow_api_etl_virtualenv.py:29} WARNING - The tutorial_taskflow_api_etl_virtualenv example DAG requires virtualenv, please install it.
[2025-10-14 15:12:58,766] {processor.py:653} WARNING - No viable dags retrieved from /root/Projects/etlX/venv/lib/python3.9/site-packages/airflow/example_dags/tutorial_taskflow_api_etl_virtualenv.py
[2025-10-14 15:12:58,779] {processor.py:161} INFO - Processing /root/Projects/etlX/venv/lib/python3.9/site-packages/airflow/example_dags/tutorial_taskflow_api_etl_virtualenv.py took 0.037 seconds
[2025-10-14 15:13:32,908] {processor.py:153} INFO - Started process (PID=16347) to work on /root/Projects/etlX/venv/lib/python3.9/site-packages/airflow/example_dags/tutorial_taskflow_api_etl_virtualenv.py
[2025-10-14 15:13:32,909] {processor.py:641} INFO - Processing file /root/Projects/etlX/venv/lib/python3.9/site-packages/airflow/example_dags/tutorial_taskflow_api_etl_virtualenv.py for tasks to queue
[2025-10-14 15:13:32,909] {logging_mixin.py:115} INFO - [2025-10-14 15:13:32,909] {dagbag.py:507} INFO - Filling up the DagBag from /root/Projects/etlX/venv/lib/python3.9/site-packages/airflow/example_dags/tutorial_taskflow_api_etl_virtualenv.py
[2025-10-14 15:13:32,928] {logging_mixin.py:115} INFO - [2025-10-14 15:13:32,928] {tutorial_taskflow_api_etl_virtualenv.py:29} WARNING - The tutorial_taskflow_api_etl_virtualenv example DAG requires virtualenv, please install it.
[2025-10-14 15:13:32,928] {processor.py:653} WARNING - No viable dags retrieved from /root/Projects/etlX/venv/lib/python3.9/site-packages/airflow/example_dags/tutorial_taskflow_api_etl_virtualenv.py
[2025-10-14 15:13:32,943] {processor.py:161} INFO - Processing /root/Projects/etlX/venv/lib/python3.9/site-packages/airflow/example_dags/tutorial_taskflow_api_etl_virtualenv.py took 0.040 seconds
[2025-10-14 15:14:04,421] {processor.py:153} INFO - Started process (PID=16401) to work on /root/Projects/etlX/venv/lib/python3.9/site-packages/airflow/example_dags/tutorial_taskflow_api_etl_virtualenv.py
[2025-10-14 15:14:04,422] {processor.py:641} INFO - Processing file /root/Projects/etlX/venv/lib/python3.9/site-packages/airflow/example_dags/tutorial_taskflow_api_etl_virtualenv.py for tasks to queue
[2025-10-14 15:14:04,423] {logging_mixin.py:115} INFO - [2025-10-14 15:14:04,423] {dagbag.py:507} INFO - Filling up the DagBag from /root/Projects/etlX/venv/lib/python3.9/site-packages/airflow/example_dags/tutorial_taskflow_api_etl_virtualenv.py
[2025-10-14 15:14:04,443] {logging_mixin.py:115} INFO - [2025-10-14 15:14:04,443] {tutorial_taskflow_api_etl_virtualenv.py:29} WARNING - The tutorial_taskflow_api_etl_virtualenv example DAG requires virtualenv, please install it.
[2025-10-14 15:14:04,443] {processor.py:653} WARNING - No viable dags retrieved from /root/Projects/etlX/venv/lib/python3.9/site-packages/airflow/example_dags/tutorial_taskflow_api_etl_virtualenv.py
[2025-10-14 15:14:04,458] {processor.py:161} INFO - Processing /root/Projects/etlX/venv/lib/python3.9/site-packages/airflow/example_dags/tutorial_taskflow_api_etl_virtualenv.py took 0.042 seconds
[2025-10-14 15:14:36,869] {processor.py:153} INFO - Started process (PID=16454) to work on /root/Projects/etlX/venv/lib/python3.9/site-packages/airflow/example_dags/tutorial_taskflow_api_etl_virtualenv.py
[2025-10-14 15:14:36,870] {processor.py:641} INFO - Processing file /root/Projects/etlX/venv/lib/python3.9/site-packages/airflow/example_dags/tutorial_taskflow_api_etl_virtualenv.py for tasks to queue
[2025-10-14 15:14:36,871] {logging_mixin.py:115} INFO - [2025-10-14 15:14:36,871] {dagbag.py:507} INFO - Filling up the DagBag from /root/Projects/etlX/venv/lib/python3.9/site-packages/airflow/example_dags/tutorial_taskflow_api_etl_virtualenv.py
[2025-10-14 15:14:36,893] {logging_mixin.py:115} INFO - [2025-10-14 15:14:36,893] {tutorial_taskflow_api_etl_virtualenv.py:29} WARNING - The tutorial_taskflow_api_etl_virtualenv example DAG requires virtualenv, please install it.
[2025-10-14 15:14:36,893] {processor.py:653} WARNING - No viable dags retrieved from /root/Projects/etlX/venv/lib/python3.9/site-packages/airflow/example_dags/tutorial_taskflow_api_etl_virtualenv.py
[2025-10-14 15:14:36,907] {processor.py:161} INFO - Processing /root/Projects/etlX/venv/lib/python3.9/site-packages/airflow/example_dags/tutorial_taskflow_api_etl_virtualenv.py took 0.047 seconds
[2025-10-14 15:15:11,980] {processor.py:153} INFO - Started process (PID=16564) to work on /root/Projects/etlX/venv/lib/python3.9/site-packages/airflow/example_dags/tutorial_taskflow_api_etl_virtualenv.py
[2025-10-14 15:15:11,981] {processor.py:641} INFO - Processing file /root/Projects/etlX/venv/lib/python3.9/site-packages/airflow/example_dags/tutorial_taskflow_api_etl_virtualenv.py for tasks to queue
[2025-10-14 15:15:11,982] {logging_mixin.py:115} INFO - [2025-10-14 15:15:11,981] {dagbag.py:507} INFO - Filling up the DagBag from /root/Projects/etlX/venv/lib/python3.9/site-packages/airflow/example_dags/tutorial_taskflow_api_etl_virtualenv.py
[2025-10-14 15:15:12,000] {logging_mixin.py:115} INFO - [2025-10-14 15:15:12,000] {tutorial_taskflow_api_etl_virtualenv.py:29} WARNING - The tutorial_taskflow_api_etl_virtualenv example DAG requires virtualenv, please install it.
[2025-10-14 15:15:12,000] {processor.py:653} WARNING - No viable dags retrieved from /root/Projects/etlX/venv/lib/python3.9/site-packages/airflow/example_dags/tutorial_taskflow_api_etl_virtualenv.py
[2025-10-14 15:15:12,014] {processor.py:161} INFO - Processing /root/Projects/etlX/venv/lib/python3.9/site-packages/airflow/example_dags/tutorial_taskflow_api_etl_virtualenv.py took 0.041 seconds
[2025-10-14 15:15:44,054] {processor.py:153} INFO - Started process (PID=16616) to work on /root/Projects/etlX/venv/lib/python3.9/site-packages/airflow/example_dags/tutorial_taskflow_api_etl_virtualenv.py
[2025-10-14 15:15:44,054] {processor.py:641} INFO - Processing file /root/Projects/etlX/venv/lib/python3.9/site-packages/airflow/example_dags/tutorial_taskflow_api_etl_virtualenv.py for tasks to queue
[2025-10-14 15:15:44,055] {logging_mixin.py:115} INFO - [2025-10-14 15:15:44,055] {dagbag.py:507} INFO - Filling up the DagBag from /root/Projects/etlX/venv/lib/python3.9/site-packages/airflow/example_dags/tutorial_taskflow_api_etl_virtualenv.py
[2025-10-14 15:15:44,076] {logging_mixin.py:115} INFO - [2025-10-14 15:15:44,076] {tutorial_taskflow_api_etl_virtualenv.py:29} WARNING - The tutorial_taskflow_api_etl_virtualenv example DAG requires virtualenv, please install it.
[2025-10-14 15:15:44,076] {processor.py:653} WARNING - No viable dags retrieved from /root/Projects/etlX/venv/lib/python3.9/site-packages/airflow/example_dags/tutorial_taskflow_api_etl_virtualenv.py
[2025-10-14 15:15:44,088] {processor.py:161} INFO - Processing /root/Projects/etlX/venv/lib/python3.9/site-packages/airflow/example_dags/tutorial_taskflow_api_etl_virtualenv.py took 0.041 seconds
[2025-10-14 15:16:18,147] {processor.py:153} INFO - Started process (PID=16828) to work on /root/Projects/etlX/venv/lib/python3.9/site-packages/airflow/example_dags/tutorial_taskflow_api_etl_virtualenv.py
[2025-10-14 15:16:18,147] {processor.py:641} INFO - Processing file /root/Projects/etlX/venv/lib/python3.9/site-packages/airflow/example_dags/tutorial_taskflow_api_etl_virtualenv.py for tasks to queue
[2025-10-14 15:16:18,148] {logging_mixin.py:115} INFO - [2025-10-14 15:16:18,148] {dagbag.py:507} INFO - Filling up the DagBag from /root/Projects/etlX/venv/lib/python3.9/site-packages/airflow/example_dags/tutorial_taskflow_api_etl_virtualenv.py
[2025-10-14 15:16:18,169] {logging_mixin.py:115} INFO - [2025-10-14 15:16:18,168] {tutorial_taskflow_api_etl_virtualenv.py:29} WARNING - The tutorial_taskflow_api_etl_virtualenv example DAG requires virtualenv, please install it.
[2025-10-14 15:16:18,169] {processor.py:653} WARNING - No viable dags retrieved from /root/Projects/etlX/venv/lib/python3.9/site-packages/airflow/example_dags/tutorial_taskflow_api_etl_virtualenv.py
[2025-10-14 15:16:18,182] {processor.py:161} INFO - Processing /root/Projects/etlX/venv/lib/python3.9/site-packages/airflow/example_dags/tutorial_taskflow_api_etl_virtualenv.py took 0.041 seconds
[2025-10-14 15:16:49,990] {processor.py:153} INFO - Started process (PID=17036) to work on /root/Projects/etlX/venv/lib/python3.9/site-packages/airflow/example_dags/tutorial_taskflow_api_etl_virtualenv.py
[2025-10-14 15:16:49,991] {processor.py:641} INFO - Processing file /root/Projects/etlX/venv/lib/python3.9/site-packages/airflow/example_dags/tutorial_taskflow_api_etl_virtualenv.py for tasks to queue
[2025-10-14 15:16:49,992] {logging_mixin.py:115} INFO - [2025-10-14 15:16:49,992] {dagbag.py:507} INFO - Filling up the DagBag from /root/Projects/etlX/venv/lib/python3.9/site-packages/airflow/example_dags/tutorial_taskflow_api_etl_virtualenv.py
[2025-10-14 15:16:50,014] {logging_mixin.py:115} INFO - [2025-10-14 15:16:50,014] {tutorial_taskflow_api_etl_virtualenv.py:29} WARNING - The tutorial_taskflow_api_etl_virtualenv example DAG requires virtualenv, please install it.
[2025-10-14 15:16:50,014] {processor.py:653} WARNING - No viable dags retrieved from /root/Projects/etlX/venv/lib/python3.9/site-packages/airflow/example_dags/tutorial_taskflow_api_etl_virtualenv.py
[2025-10-14 15:16:50,030] {processor.py:161} INFO - Processing /root/Projects/etlX/venv/lib/python3.9/site-packages/airflow/example_dags/tutorial_taskflow_api_etl_virtualenv.py took 0.050 seconds
[2025-10-14 15:17:20,877] {processor.py:153} INFO - Started process (PID=17088) to work on /root/Projects/etlX/venv/lib/python3.9/site-packages/airflow/example_dags/tutorial_taskflow_api_etl_virtualenv.py
[2025-10-14 15:17:20,878] {processor.py:641} INFO - Processing file /root/Projects/etlX/venv/lib/python3.9/site-packages/airflow/example_dags/tutorial_taskflow_api_etl_virtualenv.py for tasks to queue
[2025-10-14 15:17:20,879] {logging_mixin.py:115} INFO - [2025-10-14 15:17:20,879] {dagbag.py:507} INFO - Filling up the DagBag from /root/Projects/etlX/venv/lib/python3.9/site-packages/airflow/example_dags/tutorial_taskflow_api_etl_virtualenv.py
[2025-10-14 15:17:20,897] {logging_mixin.py:115} INFO - [2025-10-14 15:17:20,897] {tutorial_taskflow_api_etl_virtualenv.py:29} WARNING - The tutorial_taskflow_api_etl_virtualenv example DAG requires virtualenv, please install it.
[2025-10-14 15:17:20,898] {processor.py:653} WARNING - No viable dags retrieved from /root/Projects/etlX/venv/lib/python3.9/site-packages/airflow/example_dags/tutorial_taskflow_api_etl_virtualenv.py
[2025-10-14 15:17:20,914] {processor.py:161} INFO - Processing /root/Projects/etlX/venv/lib/python3.9/site-packages/airflow/example_dags/tutorial_taskflow_api_etl_virtualenv.py took 0.041 seconds
[2025-10-14 15:17:52,958] {processor.py:153} INFO - Started process (PID=17293) to work on /root/Projects/etlX/venv/lib/python3.9/site-packages/airflow/example_dags/tutorial_taskflow_api_etl_virtualenv.py
[2025-10-14 15:17:52,959] {processor.py:641} INFO - Processing file /root/Projects/etlX/venv/lib/python3.9/site-packages/airflow/example_dags/tutorial_taskflow_api_etl_virtualenv.py for tasks to queue
[2025-10-14 15:17:52,960] {logging_mixin.py:115} INFO - [2025-10-14 15:17:52,959] {dagbag.py:507} INFO - Filling up the DagBag from /root/Projects/etlX/venv/lib/python3.9/site-packages/airflow/example_dags/tutorial_taskflow_api_etl_virtualenv.py
[2025-10-14 15:17:52,979] {logging_mixin.py:115} INFO - [2025-10-14 15:17:52,979] {tutorial_taskflow_api_etl_virtualenv.py:29} WARNING - The tutorial_taskflow_api_etl_virtualenv example DAG requires virtualenv, please install it.
[2025-10-14 15:17:52,979] {processor.py:653} WARNING - No viable dags retrieved from /root/Projects/etlX/venv/lib/python3.9/site-packages/airflow/example_dags/tutorial_taskflow_api_etl_virtualenv.py
[2025-10-14 15:17:52,996] {processor.py:161} INFO - Processing /root/Projects/etlX/venv/lib/python3.9/site-packages/airflow/example_dags/tutorial_taskflow_api_etl_virtualenv.py took 0.043 seconds
[2025-10-14 15:58:39,940] {processor.py:153} INFO - Started process (PID=19697) to work on /root/Projects/etlX/venv/lib/python3.9/site-packages/airflow/example_dags/tutorial_taskflow_api_etl_virtualenv.py
[2025-10-14 15:58:39,941] {processor.py:641} INFO - Processing file /root/Projects/etlX/venv/lib/python3.9/site-packages/airflow/example_dags/tutorial_taskflow_api_etl_virtualenv.py for tasks to queue
[2025-10-14 15:58:39,942] {logging_mixin.py:115} INFO - [2025-10-14 15:58:39,942] {dagbag.py:507} INFO - Filling up the DagBag from /root/Projects/etlX/venv/lib/python3.9/site-packages/airflow/example_dags/tutorial_taskflow_api_etl_virtualenv.py
[2025-10-14 15:58:40,260] {logging_mixin.py:115} INFO - [2025-10-14 15:58:40,260] {tutorial_taskflow_api_etl_virtualenv.py:29} WARNING - The tutorial_taskflow_api_etl_virtualenv example DAG requires virtualenv, please install it.
[2025-10-14 15:58:40,260] {processor.py:653} WARNING - No viable dags retrieved from /root/Projects/etlX/venv/lib/python3.9/site-packages/airflow/example_dags/tutorial_taskflow_api_etl_virtualenv.py
[2025-10-14 15:58:40,293] {processor.py:161} INFO - Processing /root/Projects/etlX/venv/lib/python3.9/site-packages/airflow/example_dags/tutorial_taskflow_api_etl_virtualenv.py took 0.361 seconds
[2025-10-14 15:59:15,100] {processor.py:153} INFO - Started process (PID=20062) to work on /root/Projects/etlX/venv/lib/python3.9/site-packages/airflow/example_dags/tutorial_taskflow_api_etl_virtualenv.py
[2025-10-14 15:59:15,101] {processor.py:641} INFO - Processing file /root/Projects/etlX/venv/lib/python3.9/site-packages/airflow/example_dags/tutorial_taskflow_api_etl_virtualenv.py for tasks to queue
[2025-10-14 15:59:15,101] {logging_mixin.py:115} INFO - [2025-10-14 15:59:15,101] {dagbag.py:507} INFO - Filling up the DagBag from /root/Projects/etlX/venv/lib/python3.9/site-packages/airflow/example_dags/tutorial_taskflow_api_etl_virtualenv.py
[2025-10-14 15:59:15,118] {logging_mixin.py:115} INFO - [2025-10-14 15:59:15,118] {tutorial_taskflow_api_etl_virtualenv.py:29} WARNING - The tutorial_taskflow_api_etl_virtualenv example DAG requires virtualenv, please install it.
[2025-10-14 15:59:15,118] {processor.py:653} WARNING - No viable dags retrieved from /root/Projects/etlX/venv/lib/python3.9/site-packages/airflow/example_dags/tutorial_taskflow_api_etl_virtualenv.py
[2025-10-14 15:59:15,131] {processor.py:161} INFO - Processing /root/Projects/etlX/venv/lib/python3.9/site-packages/airflow/example_dags/tutorial_taskflow_api_etl_virtualenv.py took 0.035 seconds
[2025-10-14 15:59:47,562] {processor.py:153} INFO - Started process (PID=20117) to work on /root/Projects/etlX/venv/lib/python3.9/site-packages/airflow/example_dags/tutorial_taskflow_api_etl_virtualenv.py
[2025-10-14 15:59:47,563] {processor.py:641} INFO - Processing file /root/Projects/etlX/venv/lib/python3.9/site-packages/airflow/example_dags/tutorial_taskflow_api_etl_virtualenv.py for tasks to queue
[2025-10-14 15:59:47,564] {logging_mixin.py:115} INFO - [2025-10-14 15:59:47,564] {dagbag.py:507} INFO - Filling up the DagBag from /root/Projects/etlX/venv/lib/python3.9/site-packages/airflow/example_dags/tutorial_taskflow_api_etl_virtualenv.py
[2025-10-14 15:59:47,583] {logging_mixin.py:115} INFO - [2025-10-14 15:59:47,582] {tutorial_taskflow_api_etl_virtualenv.py:29} WARNING - The tutorial_taskflow_api_etl_virtualenv example DAG requires virtualenv, please install it.
[2025-10-14 15:59:47,583] {processor.py:653} WARNING - No viable dags retrieved from /root/Projects/etlX/venv/lib/python3.9/site-packages/airflow/example_dags/tutorial_taskflow_api_etl_virtualenv.py
[2025-10-14 15:59:47,597] {processor.py:161} INFO - Processing /root/Projects/etlX/venv/lib/python3.9/site-packages/airflow/example_dags/tutorial_taskflow_api_etl_virtualenv.py took 0.039 seconds
[2025-10-14 16:00:19,161] {processor.py:153} INFO - Started process (PID=20170) to work on /root/Projects/etlX/venv/lib/python3.9/site-packages/airflow/example_dags/tutorial_taskflow_api_etl_virtualenv.py
[2025-10-14 16:00:19,162] {processor.py:641} INFO - Processing file /root/Projects/etlX/venv/lib/python3.9/site-packages/airflow/example_dags/tutorial_taskflow_api_etl_virtualenv.py for tasks to queue
[2025-10-14 16:00:19,162] {logging_mixin.py:115} INFO - [2025-10-14 16:00:19,162] {dagbag.py:507} INFO - Filling up the DagBag from /root/Projects/etlX/venv/lib/python3.9/site-packages/airflow/example_dags/tutorial_taskflow_api_etl_virtualenv.py
[2025-10-14 16:00:19,184] {logging_mixin.py:115} INFO - [2025-10-14 16:00:19,184] {tutorial_taskflow_api_etl_virtualenv.py:29} WARNING - The tutorial_taskflow_api_etl_virtualenv example DAG requires virtualenv, please install it.
[2025-10-14 16:00:19,184] {processor.py:653} WARNING - No viable dags retrieved from /root/Projects/etlX/venv/lib/python3.9/site-packages/airflow/example_dags/tutorial_taskflow_api_etl_virtualenv.py
[2025-10-14 16:00:19,202] {processor.py:161} INFO - Processing /root/Projects/etlX/venv/lib/python3.9/site-packages/airflow/example_dags/tutorial_taskflow_api_etl_virtualenv.py took 0.047 seconds
[2025-10-14 16:00:50,871] {processor.py:153} INFO - Started process (PID=20224) to work on /root/Projects/etlX/venv/lib/python3.9/site-packages/airflow/example_dags/tutorial_taskflow_api_etl_virtualenv.py
[2025-10-14 16:00:50,872] {processor.py:641} INFO - Processing file /root/Projects/etlX/venv/lib/python3.9/site-packages/airflow/example_dags/tutorial_taskflow_api_etl_virtualenv.py for tasks to queue
[2025-10-14 16:00:50,872] {logging_mixin.py:115} INFO - [2025-10-14 16:00:50,872] {dagbag.py:507} INFO - Filling up the DagBag from /root/Projects/etlX/venv/lib/python3.9/site-packages/airflow/example_dags/tutorial_taskflow_api_etl_virtualenv.py
[2025-10-14 16:00:50,890] {logging_mixin.py:115} INFO - [2025-10-14 16:00:50,890] {tutorial_taskflow_api_etl_virtualenv.py:29} WARNING - The tutorial_taskflow_api_etl_virtualenv example DAG requires virtualenv, please install it.
[2025-10-14 16:00:50,890] {processor.py:653} WARNING - No viable dags retrieved from /root/Projects/etlX/venv/lib/python3.9/site-packages/airflow/example_dags/tutorial_taskflow_api_etl_virtualenv.py
[2025-10-14 16:00:50,905] {processor.py:161} INFO - Processing /root/Projects/etlX/venv/lib/python3.9/site-packages/airflow/example_dags/tutorial_taskflow_api_etl_virtualenv.py took 0.038 seconds
[2025-10-14 16:01:21,882] {processor.py:153} INFO - Started process (PID=20276) to work on /root/Projects/etlX/venv/lib/python3.9/site-packages/airflow/example_dags/tutorial_taskflow_api_etl_virtualenv.py
[2025-10-14 16:01:21,882] {processor.py:641} INFO - Processing file /root/Projects/etlX/venv/lib/python3.9/site-packages/airflow/example_dags/tutorial_taskflow_api_etl_virtualenv.py for tasks to queue
[2025-10-14 16:01:21,883] {logging_mixin.py:115} INFO - [2025-10-14 16:01:21,883] {dagbag.py:507} INFO - Filling up the DagBag from /root/Projects/etlX/venv/lib/python3.9/site-packages/airflow/example_dags/tutorial_taskflow_api_etl_virtualenv.py
[2025-10-14 16:01:21,902] {logging_mixin.py:115} INFO - [2025-10-14 16:01:21,902] {tutorial_taskflow_api_etl_virtualenv.py:29} WARNING - The tutorial_taskflow_api_etl_virtualenv example DAG requires virtualenv, please install it.
[2025-10-14 16:01:21,902] {processor.py:653} WARNING - No viable dags retrieved from /root/Projects/etlX/venv/lib/python3.9/site-packages/airflow/example_dags/tutorial_taskflow_api_etl_virtualenv.py
[2025-10-14 16:01:21,918] {processor.py:161} INFO - Processing /root/Projects/etlX/venv/lib/python3.9/site-packages/airflow/example_dags/tutorial_taskflow_api_etl_virtualenv.py took 0.045 seconds
[2025-10-14 16:01:55,805] {processor.py:153} INFO - Started process (PID=20333) to work on /root/Projects/etlX/venv/lib/python3.9/site-packages/airflow/example_dags/tutorial_taskflow_api_etl_virtualenv.py
[2025-10-14 16:01:55,806] {processor.py:641} INFO - Processing file /root/Projects/etlX/venv/lib/python3.9/site-packages/airflow/example_dags/tutorial_taskflow_api_etl_virtualenv.py for tasks to queue
[2025-10-14 16:01:55,807] {logging_mixin.py:115} INFO - [2025-10-14 16:01:55,806] {dagbag.py:507} INFO - Filling up the DagBag from /root/Projects/etlX/venv/lib/python3.9/site-packages/airflow/example_dags/tutorial_taskflow_api_etl_virtualenv.py
[2025-10-14 16:01:55,827] {logging_mixin.py:115} INFO - [2025-10-14 16:01:55,827] {tutorial_taskflow_api_etl_virtualenv.py:29} WARNING - The tutorial_taskflow_api_etl_virtualenv example DAG requires virtualenv, please install it.
[2025-10-14 16:01:55,827] {processor.py:653} WARNING - No viable dags retrieved from /root/Projects/etlX/venv/lib/python3.9/site-packages/airflow/example_dags/tutorial_taskflow_api_etl_virtualenv.py
[2025-10-14 16:01:55,841] {processor.py:161} INFO - Processing /root/Projects/etlX/venv/lib/python3.9/site-packages/airflow/example_dags/tutorial_taskflow_api_etl_virtualenv.py took 0.041 seconds
[2025-10-14 16:02:29,205] {processor.py:153} INFO - Started process (PID=20388) to work on /root/Projects/etlX/venv/lib/python3.9/site-packages/airflow/example_dags/tutorial_taskflow_api_etl_virtualenv.py
[2025-10-14 16:02:29,206] {processor.py:641} INFO - Processing file /root/Projects/etlX/venv/lib/python3.9/site-packages/airflow/example_dags/tutorial_taskflow_api_etl_virtualenv.py for tasks to queue
[2025-10-14 16:02:29,206] {logging_mixin.py:115} INFO - [2025-10-14 16:02:29,206] {dagbag.py:507} INFO - Filling up the DagBag from /root/Projects/etlX/venv/lib/python3.9/site-packages/airflow/example_dags/tutorial_taskflow_api_etl_virtualenv.py
[2025-10-14 16:02:29,224] {logging_mixin.py:115} INFO - [2025-10-14 16:02:29,224] {tutorial_taskflow_api_etl_virtualenv.py:29} WARNING - The tutorial_taskflow_api_etl_virtualenv example DAG requires virtualenv, please install it.
[2025-10-14 16:02:29,224] {processor.py:653} WARNING - No viable dags retrieved from /root/Projects/etlX/venv/lib/python3.9/site-packages/airflow/example_dags/tutorial_taskflow_api_etl_virtualenv.py
[2025-10-14 16:02:29,238] {processor.py:161} INFO - Processing /root/Projects/etlX/venv/lib/python3.9/site-packages/airflow/example_dags/tutorial_taskflow_api_etl_virtualenv.py took 0.038 seconds
[2025-10-14 16:03:00,158] {processor.py:153} INFO - Started process (PID=20440) to work on /root/Projects/etlX/venv/lib/python3.9/site-packages/airflow/example_dags/tutorial_taskflow_api_etl_virtualenv.py
[2025-10-14 16:03:00,159] {processor.py:641} INFO - Processing file /root/Projects/etlX/venv/lib/python3.9/site-packages/airflow/example_dags/tutorial_taskflow_api_etl_virtualenv.py for tasks to queue
[2025-10-14 16:03:00,159] {logging_mixin.py:115} INFO - [2025-10-14 16:03:00,159] {dagbag.py:507} INFO - Filling up the DagBag from /root/Projects/etlX/venv/lib/python3.9/site-packages/airflow/example_dags/tutorial_taskflow_api_etl_virtualenv.py
[2025-10-14 16:03:00,176] {logging_mixin.py:115} INFO - [2025-10-14 16:03:00,176] {tutorial_taskflow_api_etl_virtualenv.py:29} WARNING - The tutorial_taskflow_api_etl_virtualenv example DAG requires virtualenv, please install it.
[2025-10-14 16:03:00,176] {processor.py:653} WARNING - No viable dags retrieved from /root/Projects/etlX/venv/lib/python3.9/site-packages/airflow/example_dags/tutorial_taskflow_api_etl_virtualenv.py
[2025-10-14 16:03:00,190] {processor.py:161} INFO - Processing /root/Projects/etlX/venv/lib/python3.9/site-packages/airflow/example_dags/tutorial_taskflow_api_etl_virtualenv.py took 0.037 seconds
[2025-10-14 16:03:33,846] {processor.py:153} INFO - Started process (PID=20498) to work on /root/Projects/etlX/venv/lib/python3.9/site-packages/airflow/example_dags/tutorial_taskflow_api_etl_virtualenv.py
[2025-10-14 16:03:33,847] {processor.py:641} INFO - Processing file /root/Projects/etlX/venv/lib/python3.9/site-packages/airflow/example_dags/tutorial_taskflow_api_etl_virtualenv.py for tasks to queue
[2025-10-14 16:03:33,849] {logging_mixin.py:115} INFO - [2025-10-14 16:03:33,848] {dagbag.py:507} INFO - Filling up the DagBag from /root/Projects/etlX/venv/lib/python3.9/site-packages/airflow/example_dags/tutorial_taskflow_api_etl_virtualenv.py
[2025-10-14 16:03:33,867] {logging_mixin.py:115} INFO - [2025-10-14 16:03:33,867] {tutorial_taskflow_api_etl_virtualenv.py:29} WARNING - The tutorial_taskflow_api_etl_virtualenv example DAG requires virtualenv, please install it.
[2025-10-14 16:03:33,867] {processor.py:653} WARNING - No viable dags retrieved from /root/Projects/etlX/venv/lib/python3.9/site-packages/airflow/example_dags/tutorial_taskflow_api_etl_virtualenv.py
[2025-10-14 16:03:33,882] {processor.py:161} INFO - Processing /root/Projects/etlX/venv/lib/python3.9/site-packages/airflow/example_dags/tutorial_taskflow_api_etl_virtualenv.py took 0.043 seconds
[2025-10-14 16:04:05,710] {processor.py:153} INFO - Started process (PID=20602) to work on /root/Projects/etlX/venv/lib/python3.9/site-packages/airflow/example_dags/tutorial_taskflow_api_etl_virtualenv.py
[2025-10-14 16:04:05,711] {processor.py:641} INFO - Processing file /root/Projects/etlX/venv/lib/python3.9/site-packages/airflow/example_dags/tutorial_taskflow_api_etl_virtualenv.py for tasks to queue
[2025-10-14 16:04:05,711] {logging_mixin.py:115} INFO - [2025-10-14 16:04:05,711] {dagbag.py:507} INFO - Filling up the DagBag from /root/Projects/etlX/venv/lib/python3.9/site-packages/airflow/example_dags/tutorial_taskflow_api_etl_virtualenv.py
[2025-10-14 16:04:05,729] {logging_mixin.py:115} INFO - [2025-10-14 16:04:05,729] {tutorial_taskflow_api_etl_virtualenv.py:29} WARNING - The tutorial_taskflow_api_etl_virtualenv example DAG requires virtualenv, please install it.
[2025-10-14 16:04:05,729] {processor.py:653} WARNING - No viable dags retrieved from /root/Projects/etlX/venv/lib/python3.9/site-packages/airflow/example_dags/tutorial_taskflow_api_etl_virtualenv.py
[2025-10-14 16:04:05,743] {processor.py:161} INFO - Processing /root/Projects/etlX/venv/lib/python3.9/site-packages/airflow/example_dags/tutorial_taskflow_api_etl_virtualenv.py took 0.041 seconds
[2025-10-14 16:04:37,854] {processor.py:153} INFO - Started process (PID=20656) to work on /root/Projects/etlX/venv/lib/python3.9/site-packages/airflow/example_dags/tutorial_taskflow_api_etl_virtualenv.py
[2025-10-14 16:04:37,855] {processor.py:641} INFO - Processing file /root/Projects/etlX/venv/lib/python3.9/site-packages/airflow/example_dags/tutorial_taskflow_api_etl_virtualenv.py for tasks to queue
[2025-10-14 16:04:37,856] {logging_mixin.py:115} INFO - [2025-10-14 16:04:37,855] {dagbag.py:507} INFO - Filling up the DagBag from /root/Projects/etlX/venv/lib/python3.9/site-packages/airflow/example_dags/tutorial_taskflow_api_etl_virtualenv.py
[2025-10-14 16:04:37,874] {logging_mixin.py:115} INFO - [2025-10-14 16:04:37,874] {tutorial_taskflow_api_etl_virtualenv.py:29} WARNING - The tutorial_taskflow_api_etl_virtualenv example DAG requires virtualenv, please install it.
[2025-10-14 16:04:37,874] {processor.py:653} WARNING - No viable dags retrieved from /root/Projects/etlX/venv/lib/python3.9/site-packages/airflow/example_dags/tutorial_taskflow_api_etl_virtualenv.py
[2025-10-14 16:04:37,890] {processor.py:161} INFO - Processing /root/Projects/etlX/venv/lib/python3.9/site-packages/airflow/example_dags/tutorial_taskflow_api_etl_virtualenv.py took 0.041 seconds
[2025-10-14 16:05:09,421] {processor.py:153} INFO - Started process (PID=20710) to work on /root/Projects/etlX/venv/lib/python3.9/site-packages/airflow/example_dags/tutorial_taskflow_api_etl_virtualenv.py
[2025-10-14 16:05:09,422] {processor.py:641} INFO - Processing file /root/Projects/etlX/venv/lib/python3.9/site-packages/airflow/example_dags/tutorial_taskflow_api_etl_virtualenv.py for tasks to queue
[2025-10-14 16:05:09,423] {logging_mixin.py:115} INFO - [2025-10-14 16:05:09,423] {dagbag.py:507} INFO - Filling up the DagBag from /root/Projects/etlX/venv/lib/python3.9/site-packages/airflow/example_dags/tutorial_taskflow_api_etl_virtualenv.py
[2025-10-14 16:05:09,443] {logging_mixin.py:115} INFO - [2025-10-14 16:05:09,443] {tutorial_taskflow_api_etl_virtualenv.py:29} WARNING - The tutorial_taskflow_api_etl_virtualenv example DAG requires virtualenv, please install it.
[2025-10-14 16:05:09,443] {processor.py:653} WARNING - No viable dags retrieved from /root/Projects/etlX/venv/lib/python3.9/site-packages/airflow/example_dags/tutorial_taskflow_api_etl_virtualenv.py
[2025-10-14 16:05:09,457] {processor.py:161} INFO - Processing /root/Projects/etlX/venv/lib/python3.9/site-packages/airflow/example_dags/tutorial_taskflow_api_etl_virtualenv.py took 0.044 seconds
[2025-10-14 16:05:40,409] {processor.py:153} INFO - Started process (PID=20762) to work on /root/Projects/etlX/venv/lib/python3.9/site-packages/airflow/example_dags/tutorial_taskflow_api_etl_virtualenv.py
[2025-10-14 16:05:40,410] {processor.py:641} INFO - Processing file /root/Projects/etlX/venv/lib/python3.9/site-packages/airflow/example_dags/tutorial_taskflow_api_etl_virtualenv.py for tasks to queue
[2025-10-14 16:05:40,410] {logging_mixin.py:115} INFO - [2025-10-14 16:05:40,410] {dagbag.py:507} INFO - Filling up the DagBag from /root/Projects/etlX/venv/lib/python3.9/site-packages/airflow/example_dags/tutorial_taskflow_api_etl_virtualenv.py
[2025-10-14 16:05:40,427] {logging_mixin.py:115} INFO - [2025-10-14 16:05:40,426] {tutorial_taskflow_api_etl_virtualenv.py:29} WARNING - The tutorial_taskflow_api_etl_virtualenv example DAG requires virtualenv, please install it.
[2025-10-14 16:05:40,427] {processor.py:653} WARNING - No viable dags retrieved from /root/Projects/etlX/venv/lib/python3.9/site-packages/airflow/example_dags/tutorial_taskflow_api_etl_virtualenv.py
[2025-10-14 16:05:40,440] {processor.py:161} INFO - Processing /root/Projects/etlX/venv/lib/python3.9/site-packages/airflow/example_dags/tutorial_taskflow_api_etl_virtualenv.py took 0.035 seconds
[2025-10-14 16:06:12,928] {processor.py:153} INFO - Started process (PID=20820) to work on /root/Projects/etlX/venv/lib/python3.9/site-packages/airflow/example_dags/tutorial_taskflow_api_etl_virtualenv.py
[2025-10-14 16:06:12,928] {processor.py:641} INFO - Processing file /root/Projects/etlX/venv/lib/python3.9/site-packages/airflow/example_dags/tutorial_taskflow_api_etl_virtualenv.py for tasks to queue
[2025-10-14 16:06:12,929] {logging_mixin.py:115} INFO - [2025-10-14 16:06:12,929] {dagbag.py:507} INFO - Filling up the DagBag from /root/Projects/etlX/venv/lib/python3.9/site-packages/airflow/example_dags/tutorial_taskflow_api_etl_virtualenv.py
[2025-10-14 16:06:12,946] {logging_mixin.py:115} INFO - [2025-10-14 16:06:12,945] {tutorial_taskflow_api_etl_virtualenv.py:29} WARNING - The tutorial_taskflow_api_etl_virtualenv example DAG requires virtualenv, please install it.
[2025-10-14 16:06:12,946] {processor.py:653} WARNING - No viable dags retrieved from /root/Projects/etlX/venv/lib/python3.9/site-packages/airflow/example_dags/tutorial_taskflow_api_etl_virtualenv.py
[2025-10-14 16:06:12,959] {processor.py:161} INFO - Processing /root/Projects/etlX/venv/lib/python3.9/site-packages/airflow/example_dags/tutorial_taskflow_api_etl_virtualenv.py took 0.036 seconds
[2025-10-14 16:06:44,603] {processor.py:153} INFO - Started process (PID=20872) to work on /root/Projects/etlX/venv/lib/python3.9/site-packages/airflow/example_dags/tutorial_taskflow_api_etl_virtualenv.py
[2025-10-14 16:06:44,603] {processor.py:641} INFO - Processing file /root/Projects/etlX/venv/lib/python3.9/site-packages/airflow/example_dags/tutorial_taskflow_api_etl_virtualenv.py for tasks to queue
[2025-10-14 16:06:44,604] {logging_mixin.py:115} INFO - [2025-10-14 16:06:44,604] {dagbag.py:507} INFO - Filling up the DagBag from /root/Projects/etlX/venv/lib/python3.9/site-packages/airflow/example_dags/tutorial_taskflow_api_etl_virtualenv.py
[2025-10-14 16:06:44,626] {logging_mixin.py:115} INFO - [2025-10-14 16:06:44,626] {tutorial_taskflow_api_etl_virtualenv.py:29} WARNING - The tutorial_taskflow_api_etl_virtualenv example DAG requires virtualenv, please install it.
[2025-10-14 16:06:44,626] {processor.py:653} WARNING - No viable dags retrieved from /root/Projects/etlX/venv/lib/python3.9/site-packages/airflow/example_dags/tutorial_taskflow_api_etl_virtualenv.py
[2025-10-14 16:06:44,638] {processor.py:161} INFO - Processing /root/Projects/etlX/venv/lib/python3.9/site-packages/airflow/example_dags/tutorial_taskflow_api_etl_virtualenv.py took 0.042 seconds
[2025-10-14 16:07:17,417] {processor.py:153} INFO - Started process (PID=21000) to work on /root/Projects/etlX/venv/lib/python3.9/site-packages/airflow/example_dags/tutorial_taskflow_api_etl_virtualenv.py
[2025-10-14 16:07:17,418] {processor.py:641} INFO - Processing file /root/Projects/etlX/venv/lib/python3.9/site-packages/airflow/example_dags/tutorial_taskflow_api_etl_virtualenv.py for tasks to queue
[2025-10-14 16:07:17,419] {logging_mixin.py:115} INFO - [2025-10-14 16:07:17,419] {dagbag.py:507} INFO - Filling up the DagBag from /root/Projects/etlX/venv/lib/python3.9/site-packages/airflow/example_dags/tutorial_taskflow_api_etl_virtualenv.py
[2025-10-14 16:07:17,445] {logging_mixin.py:115} INFO - [2025-10-14 16:07:17,445] {tutorial_taskflow_api_etl_virtualenv.py:29} WARNING - The tutorial_taskflow_api_etl_virtualenv example DAG requires virtualenv, please install it.
[2025-10-14 16:07:17,445] {processor.py:653} WARNING - No viable dags retrieved from /root/Projects/etlX/venv/lib/python3.9/site-packages/airflow/example_dags/tutorial_taskflow_api_etl_virtualenv.py
[2025-10-14 16:07:17,460] {processor.py:161} INFO - Processing /root/Projects/etlX/venv/lib/python3.9/site-packages/airflow/example_dags/tutorial_taskflow_api_etl_virtualenv.py took 0.051 seconds
[2025-10-14 16:07:49,698] {processor.py:153} INFO - Started process (PID=21287) to work on /root/Projects/etlX/venv/lib/python3.9/site-packages/airflow/example_dags/tutorial_taskflow_api_etl_virtualenv.py
[2025-10-14 16:07:49,698] {processor.py:641} INFO - Processing file /root/Projects/etlX/venv/lib/python3.9/site-packages/airflow/example_dags/tutorial_taskflow_api_etl_virtualenv.py for tasks to queue
[2025-10-14 16:07:49,699] {logging_mixin.py:115} INFO - [2025-10-14 16:07:49,699] {dagbag.py:507} INFO - Filling up the DagBag from /root/Projects/etlX/venv/lib/python3.9/site-packages/airflow/example_dags/tutorial_taskflow_api_etl_virtualenv.py
[2025-10-14 16:07:49,716] {logging_mixin.py:115} INFO - [2025-10-14 16:07:49,716] {tutorial_taskflow_api_etl_virtualenv.py:29} WARNING - The tutorial_taskflow_api_etl_virtualenv example DAG requires virtualenv, please install it.
[2025-10-14 16:07:49,716] {processor.py:653} WARNING - No viable dags retrieved from /root/Projects/etlX/venv/lib/python3.9/site-packages/airflow/example_dags/tutorial_taskflow_api_etl_virtualenv.py
[2025-10-14 16:07:49,730] {processor.py:161} INFO - Processing /root/Projects/etlX/venv/lib/python3.9/site-packages/airflow/example_dags/tutorial_taskflow_api_etl_virtualenv.py took 0.037 seconds
[2025-10-14 16:08:23,028] {processor.py:153} INFO - Started process (PID=21499) to work on /root/Projects/etlX/venv/lib/python3.9/site-packages/airflow/example_dags/tutorial_taskflow_api_etl_virtualenv.py
[2025-10-14 16:08:23,030] {processor.py:641} INFO - Processing file /root/Projects/etlX/venv/lib/python3.9/site-packages/airflow/example_dags/tutorial_taskflow_api_etl_virtualenv.py for tasks to queue
[2025-10-14 16:08:23,031] {logging_mixin.py:115} INFO - [2025-10-14 16:08:23,030] {dagbag.py:507} INFO - Filling up the DagBag from /root/Projects/etlX/venv/lib/python3.9/site-packages/airflow/example_dags/tutorial_taskflow_api_etl_virtualenv.py
[2025-10-14 16:08:23,057] {logging_mixin.py:115} INFO - [2025-10-14 16:08:23,057] {tutorial_taskflow_api_etl_virtualenv.py:29} WARNING - The tutorial_taskflow_api_etl_virtualenv example DAG requires virtualenv, please install it.
[2025-10-14 16:08:23,057] {processor.py:653} WARNING - No viable dags retrieved from /root/Projects/etlX/venv/lib/python3.9/site-packages/airflow/example_dags/tutorial_taskflow_api_etl_virtualenv.py
[2025-10-14 16:08:23,071] {processor.py:161} INFO - Processing /root/Projects/etlX/venv/lib/python3.9/site-packages/airflow/example_dags/tutorial_taskflow_api_etl_virtualenv.py took 0.050 seconds
[2025-10-14 16:08:57,863] {processor.py:153} INFO - Started process (PID=21762) to work on /root/Projects/etlX/venv/lib/python3.9/site-packages/airflow/example_dags/tutorial_taskflow_api_etl_virtualenv.py
[2025-10-14 16:08:57,864] {processor.py:641} INFO - Processing file /root/Projects/etlX/venv/lib/python3.9/site-packages/airflow/example_dags/tutorial_taskflow_api_etl_virtualenv.py for tasks to queue
[2025-10-14 16:08:57,865] {logging_mixin.py:115} INFO - [2025-10-14 16:08:57,865] {dagbag.py:507} INFO - Filling up the DagBag from /root/Projects/etlX/venv/lib/python3.9/site-packages/airflow/example_dags/tutorial_taskflow_api_etl_virtualenv.py
[2025-10-14 16:08:57,884] {logging_mixin.py:115} INFO - [2025-10-14 16:08:57,884] {tutorial_taskflow_api_etl_virtualenv.py:29} WARNING - The tutorial_taskflow_api_etl_virtualenv example DAG requires virtualenv, please install it.
[2025-10-14 16:08:57,884] {processor.py:653} WARNING - No viable dags retrieved from /root/Projects/etlX/venv/lib/python3.9/site-packages/airflow/example_dags/tutorial_taskflow_api_etl_virtualenv.py
[2025-10-14 16:08:57,899] {processor.py:161} INFO - Processing /root/Projects/etlX/venv/lib/python3.9/site-packages/airflow/example_dags/tutorial_taskflow_api_etl_virtualenv.py took 0.040 seconds
[2025-10-14 16:25:16,742] {processor.py:153} INFO - Started process (PID=22615) to work on /root/Projects/etlX/venv/lib/python3.9/site-packages/airflow/example_dags/tutorial_taskflow_api_etl_virtualenv.py
[2025-10-14 16:25:16,743] {processor.py:641} INFO - Processing file /root/Projects/etlX/venv/lib/python3.9/site-packages/airflow/example_dags/tutorial_taskflow_api_etl_virtualenv.py for tasks to queue
[2025-10-14 16:25:16,743] {logging_mixin.py:115} INFO - [2025-10-14 16:25:16,743] {dagbag.py:507} INFO - Filling up the DagBag from /root/Projects/etlX/venv/lib/python3.9/site-packages/airflow/example_dags/tutorial_taskflow_api_etl_virtualenv.py
[2025-10-14 16:25:16,772] {logging_mixin.py:115} INFO - [2025-10-14 16:25:16,772] {tutorial_taskflow_api_etl_virtualenv.py:29} WARNING - The tutorial_taskflow_api_etl_virtualenv example DAG requires virtualenv, please install it.
[2025-10-14 16:25:16,772] {processor.py:653} WARNING - No viable dags retrieved from /root/Projects/etlX/venv/lib/python3.9/site-packages/airflow/example_dags/tutorial_taskflow_api_etl_virtualenv.py
[2025-10-14 16:25:16,789] {processor.py:161} INFO - Processing /root/Projects/etlX/venv/lib/python3.9/site-packages/airflow/example_dags/tutorial_taskflow_api_etl_virtualenv.py took 0.052 seconds
[2025-10-14 16:25:50,304] {processor.py:153} INFO - Started process (PID=22858) to work on /root/Projects/etlX/venv/lib/python3.9/site-packages/airflow/example_dags/tutorial_taskflow_api_etl_virtualenv.py
[2025-10-14 16:25:50,305] {processor.py:641} INFO - Processing file /root/Projects/etlX/venv/lib/python3.9/site-packages/airflow/example_dags/tutorial_taskflow_api_etl_virtualenv.py for tasks to queue
[2025-10-14 16:25:50,306] {logging_mixin.py:115} INFO - [2025-10-14 16:25:50,306] {dagbag.py:507} INFO - Filling up the DagBag from /root/Projects/etlX/venv/lib/python3.9/site-packages/airflow/example_dags/tutorial_taskflow_api_etl_virtualenv.py
[2025-10-14 16:25:50,327] {logging_mixin.py:115} INFO - [2025-10-14 16:25:50,327] {tutorial_taskflow_api_etl_virtualenv.py:29} WARNING - The tutorial_taskflow_api_etl_virtualenv example DAG requires virtualenv, please install it.
[2025-10-14 16:25:50,327] {processor.py:653} WARNING - No viable dags retrieved from /root/Projects/etlX/venv/lib/python3.9/site-packages/airflow/example_dags/tutorial_taskflow_api_etl_virtualenv.py
[2025-10-14 16:25:50,340] {processor.py:161} INFO - Processing /root/Projects/etlX/venv/lib/python3.9/site-packages/airflow/example_dags/tutorial_taskflow_api_etl_virtualenv.py took 0.041 seconds
[2025-10-14 16:26:22,594] {processor.py:153} INFO - Started process (PID=22911) to work on /root/Projects/etlX/venv/lib/python3.9/site-packages/airflow/example_dags/tutorial_taskflow_api_etl_virtualenv.py
[2025-10-14 16:26:22,595] {processor.py:641} INFO - Processing file /root/Projects/etlX/venv/lib/python3.9/site-packages/airflow/example_dags/tutorial_taskflow_api_etl_virtualenv.py for tasks to queue
[2025-10-14 16:26:22,595] {logging_mixin.py:115} INFO - [2025-10-14 16:26:22,595] {dagbag.py:507} INFO - Filling up the DagBag from /root/Projects/etlX/venv/lib/python3.9/site-packages/airflow/example_dags/tutorial_taskflow_api_etl_virtualenv.py
[2025-10-14 16:26:22,615] {logging_mixin.py:115} INFO - [2025-10-14 16:26:22,615] {tutorial_taskflow_api_etl_virtualenv.py:29} WARNING - The tutorial_taskflow_api_etl_virtualenv example DAG requires virtualenv, please install it.
[2025-10-14 16:26:22,615] {processor.py:653} WARNING - No viable dags retrieved from /root/Projects/etlX/venv/lib/python3.9/site-packages/airflow/example_dags/tutorial_taskflow_api_etl_virtualenv.py
[2025-10-14 16:26:22,630] {processor.py:161} INFO - Processing /root/Projects/etlX/venv/lib/python3.9/site-packages/airflow/example_dags/tutorial_taskflow_api_etl_virtualenv.py took 0.041 seconds
[2025-10-14 16:26:57,029] {processor.py:153} INFO - Started process (PID=22969) to work on /root/Projects/etlX/venv/lib/python3.9/site-packages/airflow/example_dags/tutorial_taskflow_api_etl_virtualenv.py
[2025-10-14 16:26:57,030] {processor.py:641} INFO - Processing file /root/Projects/etlX/venv/lib/python3.9/site-packages/airflow/example_dags/tutorial_taskflow_api_etl_virtualenv.py for tasks to queue
[2025-10-14 16:26:57,031] {logging_mixin.py:115} INFO - [2025-10-14 16:26:57,031] {dagbag.py:507} INFO - Filling up the DagBag from /root/Projects/etlX/venv/lib/python3.9/site-packages/airflow/example_dags/tutorial_taskflow_api_etl_virtualenv.py
[2025-10-14 16:26:57,052] {logging_mixin.py:115} INFO - [2025-10-14 16:26:57,052] {tutorial_taskflow_api_etl_virtualenv.py:29} WARNING - The tutorial_taskflow_api_etl_virtualenv example DAG requires virtualenv, please install it.
[2025-10-14 16:26:57,052] {processor.py:653} WARNING - No viable dags retrieved from /root/Projects/etlX/venv/lib/python3.9/site-packages/airflow/example_dags/tutorial_taskflow_api_etl_virtualenv.py
[2025-10-14 16:26:57,066] {processor.py:161} INFO - Processing /root/Projects/etlX/venv/lib/python3.9/site-packages/airflow/example_dags/tutorial_taskflow_api_etl_virtualenv.py took 0.045 seconds
[2025-10-14 16:27:27,486] {processor.py:153} INFO - Started process (PID=23073) to work on /root/Projects/etlX/venv/lib/python3.9/site-packages/airflow/example_dags/tutorial_taskflow_api_etl_virtualenv.py
[2025-10-14 16:27:27,487] {processor.py:641} INFO - Processing file /root/Projects/etlX/venv/lib/python3.9/site-packages/airflow/example_dags/tutorial_taskflow_api_etl_virtualenv.py for tasks to queue
[2025-10-14 16:27:27,488] {logging_mixin.py:115} INFO - [2025-10-14 16:27:27,487] {dagbag.py:507} INFO - Filling up the DagBag from /root/Projects/etlX/venv/lib/python3.9/site-packages/airflow/example_dags/tutorial_taskflow_api_etl_virtualenv.py
[2025-10-14 16:27:27,506] {logging_mixin.py:115} INFO - [2025-10-14 16:27:27,506] {tutorial_taskflow_api_etl_virtualenv.py:29} WARNING - The tutorial_taskflow_api_etl_virtualenv example DAG requires virtualenv, please install it.
[2025-10-14 16:27:27,506] {processor.py:653} WARNING - No viable dags retrieved from /root/Projects/etlX/venv/lib/python3.9/site-packages/airflow/example_dags/tutorial_taskflow_api_etl_virtualenv.py
[2025-10-14 16:27:27,521] {processor.py:161} INFO - Processing /root/Projects/etlX/venv/lib/python3.9/site-packages/airflow/example_dags/tutorial_taskflow_api_etl_virtualenv.py took 0.042 seconds
[2025-10-14 16:27:59,519] {processor.py:153} INFO - Started process (PID=23177) to work on /root/Projects/etlX/venv/lib/python3.9/site-packages/airflow/example_dags/tutorial_taskflow_api_etl_virtualenv.py
[2025-10-14 16:27:59,519] {processor.py:641} INFO - Processing file /root/Projects/etlX/venv/lib/python3.9/site-packages/airflow/example_dags/tutorial_taskflow_api_etl_virtualenv.py for tasks to queue
[2025-10-14 16:27:59,520] {logging_mixin.py:115} INFO - [2025-10-14 16:27:59,520] {dagbag.py:507} INFO - Filling up the DagBag from /root/Projects/etlX/venv/lib/python3.9/site-packages/airflow/example_dags/tutorial_taskflow_api_etl_virtualenv.py
[2025-10-14 16:27:59,536] {logging_mixin.py:115} INFO - [2025-10-14 16:27:59,536] {tutorial_taskflow_api_etl_virtualenv.py:29} WARNING - The tutorial_taskflow_api_etl_virtualenv example DAG requires virtualenv, please install it.
[2025-10-14 16:27:59,536] {processor.py:653} WARNING - No viable dags retrieved from /root/Projects/etlX/venv/lib/python3.9/site-packages/airflow/example_dags/tutorial_taskflow_api_etl_virtualenv.py
[2025-10-14 16:27:59,549] {processor.py:161} INFO - Processing /root/Projects/etlX/venv/lib/python3.9/site-packages/airflow/example_dags/tutorial_taskflow_api_etl_virtualenv.py took 0.035 seconds
[2025-10-14 16:28:31,347] {processor.py:153} INFO - Started process (PID=23332) to work on /root/Projects/etlX/venv/lib/python3.9/site-packages/airflow/example_dags/tutorial_taskflow_api_etl_virtualenv.py
[2025-10-14 16:28:31,348] {processor.py:641} INFO - Processing file /root/Projects/etlX/venv/lib/python3.9/site-packages/airflow/example_dags/tutorial_taskflow_api_etl_virtualenv.py for tasks to queue
[2025-10-14 16:28:31,348] {logging_mixin.py:115} INFO - [2025-10-14 16:28:31,348] {dagbag.py:507} INFO - Filling up the DagBag from /root/Projects/etlX/venv/lib/python3.9/site-packages/airflow/example_dags/tutorial_taskflow_api_etl_virtualenv.py
[2025-10-14 16:28:31,365] {logging_mixin.py:115} INFO - [2025-10-14 16:28:31,365] {tutorial_taskflow_api_etl_virtualenv.py:29} WARNING - The tutorial_taskflow_api_etl_virtualenv example DAG requires virtualenv, please install it.
[2025-10-14 16:28:31,365] {processor.py:653} WARNING - No viable dags retrieved from /root/Projects/etlX/venv/lib/python3.9/site-packages/airflow/example_dags/tutorial_taskflow_api_etl_virtualenv.py
[2025-10-14 16:28:31,379] {processor.py:161} INFO - Processing /root/Projects/etlX/venv/lib/python3.9/site-packages/airflow/example_dags/tutorial_taskflow_api_etl_virtualenv.py took 0.036 seconds
[2025-10-14 16:29:05,071] {processor.py:153} INFO - Started process (PID=23412) to work on /root/Projects/etlX/venv/lib/python3.9/site-packages/airflow/example_dags/tutorial_taskflow_api_etl_virtualenv.py
[2025-10-14 16:29:05,071] {processor.py:641} INFO - Processing file /root/Projects/etlX/venv/lib/python3.9/site-packages/airflow/example_dags/tutorial_taskflow_api_etl_virtualenv.py for tasks to queue
[2025-10-14 16:29:05,072] {logging_mixin.py:115} INFO - [2025-10-14 16:29:05,072] {dagbag.py:507} INFO - Filling up the DagBag from /root/Projects/etlX/venv/lib/python3.9/site-packages/airflow/example_dags/tutorial_taskflow_api_etl_virtualenv.py
[2025-10-14 16:29:05,090] {logging_mixin.py:115} INFO - [2025-10-14 16:29:05,090] {tutorial_taskflow_api_etl_virtualenv.py:29} WARNING - The tutorial_taskflow_api_etl_virtualenv example DAG requires virtualenv, please install it.
[2025-10-14 16:29:05,090] {processor.py:653} WARNING - No viable dags retrieved from /root/Projects/etlX/venv/lib/python3.9/site-packages/airflow/example_dags/tutorial_taskflow_api_etl_virtualenv.py
[2025-10-14 16:29:05,104] {processor.py:161} INFO - Processing /root/Projects/etlX/venv/lib/python3.9/site-packages/airflow/example_dags/tutorial_taskflow_api_etl_virtualenv.py took 0.039 seconds
[2025-10-14 16:29:37,490] {processor.py:153} INFO - Started process (PID=23605) to work on /root/Projects/etlX/venv/lib/python3.9/site-packages/airflow/example_dags/tutorial_taskflow_api_etl_virtualenv.py
[2025-10-14 16:29:37,491] {processor.py:641} INFO - Processing file /root/Projects/etlX/venv/lib/python3.9/site-packages/airflow/example_dags/tutorial_taskflow_api_etl_virtualenv.py for tasks to queue
[2025-10-14 16:29:37,492] {logging_mixin.py:115} INFO - [2025-10-14 16:29:37,492] {dagbag.py:507} INFO - Filling up the DagBag from /root/Projects/etlX/venv/lib/python3.9/site-packages/airflow/example_dags/tutorial_taskflow_api_etl_virtualenv.py
[2025-10-14 16:29:37,512] {logging_mixin.py:115} INFO - [2025-10-14 16:29:37,512] {tutorial_taskflow_api_etl_virtualenv.py:29} WARNING - The tutorial_taskflow_api_etl_virtualenv example DAG requires virtualenv, please install it.
[2025-10-14 16:29:37,512] {processor.py:653} WARNING - No viable dags retrieved from /root/Projects/etlX/venv/lib/python3.9/site-packages/airflow/example_dags/tutorial_taskflow_api_etl_virtualenv.py
[2025-10-14 16:29:37,528] {processor.py:161} INFO - Processing /root/Projects/etlX/venv/lib/python3.9/site-packages/airflow/example_dags/tutorial_taskflow_api_etl_virtualenv.py took 0.042 seconds
[2025-10-14 16:36:02,358] {processor.py:153} INFO - Started process (PID=24422) to work on /root/Projects/etlX/venv/lib/python3.9/site-packages/airflow/example_dags/tutorial_taskflow_api_etl_virtualenv.py
[2025-10-14 16:36:02,358] {processor.py:641} INFO - Processing file /root/Projects/etlX/venv/lib/python3.9/site-packages/airflow/example_dags/tutorial_taskflow_api_etl_virtualenv.py for tasks to queue
[2025-10-14 16:36:02,359] {logging_mixin.py:115} INFO - [2025-10-14 16:36:02,359] {dagbag.py:507} INFO - Filling up the DagBag from /root/Projects/etlX/venv/lib/python3.9/site-packages/airflow/example_dags/tutorial_taskflow_api_etl_virtualenv.py
[2025-10-14 16:36:02,377] {logging_mixin.py:115} INFO - [2025-10-14 16:36:02,377] {tutorial_taskflow_api_etl_virtualenv.py:29} WARNING - The tutorial_taskflow_api_etl_virtualenv example DAG requires virtualenv, please install it.
[2025-10-14 16:36:02,377] {processor.py:653} WARNING - No viable dags retrieved from /root/Projects/etlX/venv/lib/python3.9/site-packages/airflow/example_dags/tutorial_taskflow_api_etl_virtualenv.py
[2025-10-14 16:36:02,392] {processor.py:161} INFO - Processing /root/Projects/etlX/venv/lib/python3.9/site-packages/airflow/example_dags/tutorial_taskflow_api_etl_virtualenv.py took 0.039 seconds
