[2025-10-14 14:56:55,107] {processor.py:153} INFO - Started process (PID=13148) to work on /root/Projects/etlX/venv/lib/python3.9/site-packages/airflow/example_dags/tutorial.py
[2025-10-14 14:56:55,108] {processor.py:641} INFO - Processing file /root/Projects/etlX/venv/lib/python3.9/site-packages/airflow/example_dags/tutorial.py for tasks to queue
[2025-10-14 14:56:55,109] {logging_mixin.py:115} INFO - [2025-10-14 14:56:55,108] {dagbag.py:507} INFO - Filling up the DagBag from /root/Projects/etlX/venv/lib/python3.9/site-packages/airflow/example_dags/tutorial.py
[2025-10-14 14:56:55,121] {processor.py:651} INFO - DAG(s) dict_keys(['tutorial']) retrieved from /root/Projects/etlX/venv/lib/python3.9/site-packages/airflow/example_dags/tutorial.py
[2025-10-14 14:56:55,191] {logging_mixin.py:115} INFO - [2025-10-14 14:56:55,190] {manager.py:508} INFO - Created Permission View: can read on DAG:tutorial
[2025-10-14 14:56:55,198] {logging_mixin.py:115} INFO - [2025-10-14 14:56:55,198] {manager.py:508} INFO - Created Permission View: can edit on DAG:tutorial
[2025-10-14 14:56:55,206] {logging_mixin.py:115} INFO - [2025-10-14 14:56:55,206] {manager.py:508} INFO - Created Permission View: can delete on DAG:tutorial
[2025-10-14 14:56:55,206] {logging_mixin.py:115} INFO - [2025-10-14 14:56:55,206] {dag.py:2379} INFO - Sync 1 DAGs
[2025-10-14 14:56:55,214] {logging_mixin.py:115} INFO - [2025-10-14 14:56:55,213] {dag.py:2398} INFO - Creating ORM DAG for tutorial
[2025-10-14 14:56:55,222] {logging_mixin.py:115} INFO - [2025-10-14 14:56:55,222] {dag.py:2927} INFO - Setting next_dagrun for tutorial to 2025-10-13T17:56:55.222195+00:00, run_after=2025-10-14T17:56:55.222195+00:00
[2025-10-14 14:56:55,234] {processor.py:161} INFO - Processing /root/Projects/etlX/venv/lib/python3.9/site-packages/airflow/example_dags/tutorial.py took 0.134 seconds
[2025-10-14 14:57:34,327] {processor.py:153} INFO - Started process (PID=13518) to work on /root/Projects/etlX/venv/lib/python3.9/site-packages/airflow/example_dags/tutorial.py
[2025-10-14 14:57:34,328] {processor.py:641} INFO - Processing file /root/Projects/etlX/venv/lib/python3.9/site-packages/airflow/example_dags/tutorial.py for tasks to queue
[2025-10-14 14:57:34,329] {logging_mixin.py:115} INFO - [2025-10-14 14:57:34,329] {dagbag.py:507} INFO - Filling up the DagBag from /root/Projects/etlX/venv/lib/python3.9/site-packages/airflow/example_dags/tutorial.py
[2025-10-14 14:57:34,342] {processor.py:651} INFO - DAG(s) dict_keys(['tutorial']) retrieved from /root/Projects/etlX/venv/lib/python3.9/site-packages/airflow/example_dags/tutorial.py
[2025-10-14 14:57:34,371] {logging_mixin.py:115} INFO - [2025-10-14 14:57:34,371] {dag.py:2379} INFO - Sync 1 DAGs
[2025-10-14 14:57:34,392] {logging_mixin.py:115} INFO - [2025-10-14 14:57:34,392] {dag.py:2927} INFO - Setting next_dagrun for tutorial to 2025-10-13T17:57:34.391914+00:00, run_after=2025-10-14T17:57:34.391914+00:00
[2025-10-14 14:57:34,403] {processor.py:161} INFO - Processing /root/Projects/etlX/venv/lib/python3.9/site-packages/airflow/example_dags/tutorial.py took 0.081 seconds
[2025-10-14 14:58:08,174] {processor.py:153} INFO - Started process (PID=13675) to work on /root/Projects/etlX/venv/lib/python3.9/site-packages/airflow/example_dags/tutorial.py
[2025-10-14 14:58:08,174] {processor.py:641} INFO - Processing file /root/Projects/etlX/venv/lib/python3.9/site-packages/airflow/example_dags/tutorial.py for tasks to queue
[2025-10-14 14:58:08,175] {logging_mixin.py:115} INFO - [2025-10-14 14:58:08,175] {dagbag.py:507} INFO - Filling up the DagBag from /root/Projects/etlX/venv/lib/python3.9/site-packages/airflow/example_dags/tutorial.py
[2025-10-14 14:58:08,183] {processor.py:651} INFO - DAG(s) dict_keys(['tutorial']) retrieved from /root/Projects/etlX/venv/lib/python3.9/site-packages/airflow/example_dags/tutorial.py
[2025-10-14 14:58:08,202] {logging_mixin.py:115} INFO - [2025-10-14 14:58:08,202] {dag.py:2379} INFO - Sync 1 DAGs
[2025-10-14 14:58:08,222] {logging_mixin.py:115} INFO - [2025-10-14 14:58:08,221] {dag.py:2927} INFO - Setting next_dagrun for tutorial to 2025-10-13T17:58:08.221692+00:00, run_after=2025-10-14T17:58:08.221692+00:00
[2025-10-14 14:58:08,233] {processor.py:161} INFO - Processing /root/Projects/etlX/venv/lib/python3.9/site-packages/airflow/example_dags/tutorial.py took 0.063 seconds
[2025-10-14 14:58:42,017] {processor.py:153} INFO - Started process (PID=13733) to work on /root/Projects/etlX/venv/lib/python3.9/site-packages/airflow/example_dags/tutorial.py
[2025-10-14 14:58:42,018] {processor.py:641} INFO - Processing file /root/Projects/etlX/venv/lib/python3.9/site-packages/airflow/example_dags/tutorial.py for tasks to queue
[2025-10-14 14:58:42,019] {logging_mixin.py:115} INFO - [2025-10-14 14:58:42,019] {dagbag.py:507} INFO - Filling up the DagBag from /root/Projects/etlX/venv/lib/python3.9/site-packages/airflow/example_dags/tutorial.py
[2025-10-14 14:58:42,030] {processor.py:651} INFO - DAG(s) dict_keys(['tutorial']) retrieved from /root/Projects/etlX/venv/lib/python3.9/site-packages/airflow/example_dags/tutorial.py
[2025-10-14 14:58:42,055] {logging_mixin.py:115} INFO - [2025-10-14 14:58:42,055] {dag.py:2379} INFO - Sync 1 DAGs
[2025-10-14 14:58:42,074] {logging_mixin.py:115} INFO - [2025-10-14 14:58:42,074] {dag.py:2927} INFO - Setting next_dagrun for tutorial to 2025-10-13T17:58:42.074021+00:00, run_after=2025-10-14T17:58:42.074021+00:00
[2025-10-14 14:58:42,084] {processor.py:161} INFO - Processing /root/Projects/etlX/venv/lib/python3.9/site-packages/airflow/example_dags/tutorial.py took 0.074 seconds
[2025-10-14 14:59:12,885] {processor.py:153} INFO - Started process (PID=13939) to work on /root/Projects/etlX/venv/lib/python3.9/site-packages/airflow/example_dags/tutorial.py
[2025-10-14 14:59:12,886] {processor.py:641} INFO - Processing file /root/Projects/etlX/venv/lib/python3.9/site-packages/airflow/example_dags/tutorial.py for tasks to queue
[2025-10-14 14:59:12,887] {logging_mixin.py:115} INFO - [2025-10-14 14:59:12,886] {dagbag.py:507} INFO - Filling up the DagBag from /root/Projects/etlX/venv/lib/python3.9/site-packages/airflow/example_dags/tutorial.py
[2025-10-14 14:59:12,898] {processor.py:651} INFO - DAG(s) dict_keys(['tutorial']) retrieved from /root/Projects/etlX/venv/lib/python3.9/site-packages/airflow/example_dags/tutorial.py
[2025-10-14 14:59:12,921] {logging_mixin.py:115} INFO - [2025-10-14 14:59:12,921] {dag.py:2379} INFO - Sync 1 DAGs
[2025-10-14 14:59:12,947] {logging_mixin.py:115} INFO - [2025-10-14 14:59:12,947] {dag.py:2927} INFO - Setting next_dagrun for tutorial to 2025-10-13T17:59:12.946697+00:00, run_after=2025-10-14T17:59:12.946697+00:00
[2025-10-14 14:59:12,964] {processor.py:161} INFO - Processing /root/Projects/etlX/venv/lib/python3.9/site-packages/airflow/example_dags/tutorial.py took 0.085 seconds
[2025-10-14 14:59:46,350] {processor.py:153} INFO - Started process (PID=13995) to work on /root/Projects/etlX/venv/lib/python3.9/site-packages/airflow/example_dags/tutorial.py
[2025-10-14 14:59:46,350] {processor.py:641} INFO - Processing file /root/Projects/etlX/venv/lib/python3.9/site-packages/airflow/example_dags/tutorial.py for tasks to queue
[2025-10-14 14:59:46,351] {logging_mixin.py:115} INFO - [2025-10-14 14:59:46,351] {dagbag.py:507} INFO - Filling up the DagBag from /root/Projects/etlX/venv/lib/python3.9/site-packages/airflow/example_dags/tutorial.py
[2025-10-14 14:59:46,360] {processor.py:651} INFO - DAG(s) dict_keys(['tutorial']) retrieved from /root/Projects/etlX/venv/lib/python3.9/site-packages/airflow/example_dags/tutorial.py
[2025-10-14 14:59:46,382] {logging_mixin.py:115} INFO - [2025-10-14 14:59:46,382] {dag.py:2379} INFO - Sync 1 DAGs
[2025-10-14 14:59:46,406] {logging_mixin.py:115} INFO - [2025-10-14 14:59:46,406] {dag.py:2927} INFO - Setting next_dagrun for tutorial to 2025-10-13T17:59:46.405882+00:00, run_after=2025-10-14T17:59:46.405882+00:00
[2025-10-14 14:59:46,423] {processor.py:161} INFO - Processing /root/Projects/etlX/venv/lib/python3.9/site-packages/airflow/example_dags/tutorial.py took 0.077 seconds
[2025-10-14 15:00:18,715] {processor.py:153} INFO - Started process (PID=14050) to work on /root/Projects/etlX/venv/lib/python3.9/site-packages/airflow/example_dags/tutorial.py
[2025-10-14 15:00:18,715] {processor.py:641} INFO - Processing file /root/Projects/etlX/venv/lib/python3.9/site-packages/airflow/example_dags/tutorial.py for tasks to queue
[2025-10-14 15:00:18,716] {logging_mixin.py:115} INFO - [2025-10-14 15:00:18,716] {dagbag.py:507} INFO - Filling up the DagBag from /root/Projects/etlX/venv/lib/python3.9/site-packages/airflow/example_dags/tutorial.py
[2025-10-14 15:00:18,727] {processor.py:651} INFO - DAG(s) dict_keys(['tutorial']) retrieved from /root/Projects/etlX/venv/lib/python3.9/site-packages/airflow/example_dags/tutorial.py
[2025-10-14 15:00:18,750] {logging_mixin.py:115} INFO - [2025-10-14 15:00:18,750] {dag.py:2379} INFO - Sync 1 DAGs
[2025-10-14 15:00:18,772] {logging_mixin.py:115} INFO - [2025-10-14 15:00:18,772] {dag.py:2927} INFO - Setting next_dagrun for tutorial to 2025-10-13T18:00:18.771665+00:00, run_after=2025-10-14T18:00:18.771665+00:00
[2025-10-14 15:00:18,785] {processor.py:161} INFO - Processing /root/Projects/etlX/venv/lib/python3.9/site-packages/airflow/example_dags/tutorial.py took 0.079 seconds
[2025-10-14 15:00:51,652] {processor.py:153} INFO - Started process (PID=14257) to work on /root/Projects/etlX/venv/lib/python3.9/site-packages/airflow/example_dags/tutorial.py
[2025-10-14 15:00:51,652] {processor.py:641} INFO - Processing file /root/Projects/etlX/venv/lib/python3.9/site-packages/airflow/example_dags/tutorial.py for tasks to queue
[2025-10-14 15:00:51,653] {logging_mixin.py:115} INFO - [2025-10-14 15:00:51,653] {dagbag.py:507} INFO - Filling up the DagBag from /root/Projects/etlX/venv/lib/python3.9/site-packages/airflow/example_dags/tutorial.py
[2025-10-14 15:00:51,661] {processor.py:651} INFO - DAG(s) dict_keys(['tutorial']) retrieved from /root/Projects/etlX/venv/lib/python3.9/site-packages/airflow/example_dags/tutorial.py
[2025-10-14 15:00:51,680] {logging_mixin.py:115} INFO - [2025-10-14 15:00:51,680] {dag.py:2379} INFO - Sync 1 DAGs
[2025-10-14 15:00:51,699] {logging_mixin.py:115} INFO - [2025-10-14 15:00:51,698] {dag.py:2927} INFO - Setting next_dagrun for tutorial to 2025-10-13T18:00:51.698603+00:00, run_after=2025-10-14T18:00:51.698603+00:00
[2025-10-14 15:00:51,709] {processor.py:161} INFO - Processing /root/Projects/etlX/venv/lib/python3.9/site-packages/airflow/example_dags/tutorial.py took 0.062 seconds
[2025-10-14 15:01:25,494] {processor.py:153} INFO - Started process (PID=14468) to work on /root/Projects/etlX/venv/lib/python3.9/site-packages/airflow/example_dags/tutorial.py
[2025-10-14 15:01:25,495] {processor.py:641} INFO - Processing file /root/Projects/etlX/venv/lib/python3.9/site-packages/airflow/example_dags/tutorial.py for tasks to queue
[2025-10-14 15:01:25,496] {logging_mixin.py:115} INFO - [2025-10-14 15:01:25,495] {dagbag.py:507} INFO - Filling up the DagBag from /root/Projects/etlX/venv/lib/python3.9/site-packages/airflow/example_dags/tutorial.py
[2025-10-14 15:01:25,508] {processor.py:651} INFO - DAG(s) dict_keys(['tutorial']) retrieved from /root/Projects/etlX/venv/lib/python3.9/site-packages/airflow/example_dags/tutorial.py
[2025-10-14 15:01:25,528] {logging_mixin.py:115} INFO - [2025-10-14 15:01:25,528] {dag.py:2379} INFO - Sync 1 DAGs
[2025-10-14 15:01:25,548] {logging_mixin.py:115} INFO - [2025-10-14 15:01:25,547] {dag.py:2927} INFO - Setting next_dagrun for tutorial to 2025-10-13T18:01:25.547636+00:00, run_after=2025-10-14T18:01:25.547636+00:00
[2025-10-14 15:01:25,560] {processor.py:161} INFO - Processing /root/Projects/etlX/venv/lib/python3.9/site-packages/airflow/example_dags/tutorial.py took 0.073 seconds
[2025-10-14 15:01:56,124] {processor.py:153} INFO - Started process (PID=14696) to work on /root/Projects/etlX/venv/lib/python3.9/site-packages/airflow/example_dags/tutorial.py
[2025-10-14 15:01:56,124] {processor.py:641} INFO - Processing file /root/Projects/etlX/venv/lib/python3.9/site-packages/airflow/example_dags/tutorial.py for tasks to queue
[2025-10-14 15:01:56,125] {logging_mixin.py:115} INFO - [2025-10-14 15:01:56,125] {dagbag.py:507} INFO - Filling up the DagBag from /root/Projects/etlX/venv/lib/python3.9/site-packages/airflow/example_dags/tutorial.py
[2025-10-14 15:01:56,133] {processor.py:651} INFO - DAG(s) dict_keys(['tutorial']) retrieved from /root/Projects/etlX/venv/lib/python3.9/site-packages/airflow/example_dags/tutorial.py
[2025-10-14 15:01:56,154] {logging_mixin.py:115} INFO - [2025-10-14 15:01:56,154] {dag.py:2379} INFO - Sync 1 DAGs
[2025-10-14 15:01:56,175] {logging_mixin.py:115} INFO - [2025-10-14 15:01:56,174] {dag.py:2927} INFO - Setting next_dagrun for tutorial to 2025-10-13T18:01:56.174432+00:00, run_after=2025-10-14T18:01:56.174432+00:00
[2025-10-14 15:01:56,186] {processor.py:161} INFO - Processing /root/Projects/etlX/venv/lib/python3.9/site-packages/airflow/example_dags/tutorial.py took 0.068 seconds
[2025-10-14 15:02:30,010] {processor.py:153} INFO - Started process (PID=14832) to work on /root/Projects/etlX/venv/lib/python3.9/site-packages/airflow/example_dags/tutorial.py
[2025-10-14 15:02:30,010] {processor.py:641} INFO - Processing file /root/Projects/etlX/venv/lib/python3.9/site-packages/airflow/example_dags/tutorial.py for tasks to queue
[2025-10-14 15:02:30,011] {logging_mixin.py:115} INFO - [2025-10-14 15:02:30,011] {dagbag.py:507} INFO - Filling up the DagBag from /root/Projects/etlX/venv/lib/python3.9/site-packages/airflow/example_dags/tutorial.py
[2025-10-14 15:02:30,019] {processor.py:651} INFO - DAG(s) dict_keys(['tutorial']) retrieved from /root/Projects/etlX/venv/lib/python3.9/site-packages/airflow/example_dags/tutorial.py
[2025-10-14 15:02:30,041] {logging_mixin.py:115} INFO - [2025-10-14 15:02:30,041] {dag.py:2379} INFO - Sync 1 DAGs
[2025-10-14 15:02:30,063] {logging_mixin.py:115} INFO - [2025-10-14 15:02:30,063] {dag.py:2927} INFO - Setting next_dagrun for tutorial to 2025-10-13T18:02:30.063076+00:00, run_after=2025-10-14T18:02:30.063076+00:00
[2025-10-14 15:02:30,076] {processor.py:161} INFO - Processing /root/Projects/etlX/venv/lib/python3.9/site-packages/airflow/example_dags/tutorial.py took 0.071 seconds
[2025-10-14 15:03:02,140] {processor.py:153} INFO - Started process (PID=14988) to work on /root/Projects/etlX/venv/lib/python3.9/site-packages/airflow/example_dags/tutorial.py
[2025-10-14 15:03:02,140] {processor.py:641} INFO - Processing file /root/Projects/etlX/venv/lib/python3.9/site-packages/airflow/example_dags/tutorial.py for tasks to queue
[2025-10-14 15:03:02,141] {logging_mixin.py:115} INFO - [2025-10-14 15:03:02,141] {dagbag.py:507} INFO - Filling up the DagBag from /root/Projects/etlX/venv/lib/python3.9/site-packages/airflow/example_dags/tutorial.py
[2025-10-14 15:03:02,150] {processor.py:651} INFO - DAG(s) dict_keys(['tutorial']) retrieved from /root/Projects/etlX/venv/lib/python3.9/site-packages/airflow/example_dags/tutorial.py
[2025-10-14 15:03:02,171] {logging_mixin.py:115} INFO - [2025-10-14 15:03:02,171] {dag.py:2379} INFO - Sync 1 DAGs
[2025-10-14 15:03:02,192] {logging_mixin.py:115} INFO - [2025-10-14 15:03:02,192] {dag.py:2927} INFO - Setting next_dagrun for tutorial to 2025-10-13T18:03:02.192043+00:00, run_after=2025-10-14T18:03:02.192043+00:00
[2025-10-14 15:03:02,204] {processor.py:161} INFO - Processing /root/Projects/etlX/venv/lib/python3.9/site-packages/airflow/example_dags/tutorial.py took 0.069 seconds
[2025-10-14 15:09:45,717] {processor.py:153} INFO - Started process (PID=15715) to work on /root/Projects/etlX/venv/lib/python3.9/site-packages/airflow/example_dags/tutorial.py
[2025-10-14 15:09:45,718] {processor.py:641} INFO - Processing file /root/Projects/etlX/venv/lib/python3.9/site-packages/airflow/example_dags/tutorial.py for tasks to queue
[2025-10-14 15:09:45,718] {logging_mixin.py:115} INFO - [2025-10-14 15:09:45,718] {dagbag.py:507} INFO - Filling up the DagBag from /root/Projects/etlX/venv/lib/python3.9/site-packages/airflow/example_dags/tutorial.py
[2025-10-14 15:09:45,730] {processor.py:651} INFO - DAG(s) dict_keys(['tutorial']) retrieved from /root/Projects/etlX/venv/lib/python3.9/site-packages/airflow/example_dags/tutorial.py
[2025-10-14 15:09:45,763] {logging_mixin.py:115} INFO - [2025-10-14 15:09:45,763] {dag.py:2379} INFO - Sync 1 DAGs
[2025-10-14 15:09:45,797] {logging_mixin.py:115} INFO - [2025-10-14 15:09:45,796] {dag.py:2927} INFO - Setting next_dagrun for tutorial to 2025-10-13T18:09:45.796492+00:00, run_after=2025-10-14T18:09:45.796492+00:00
[2025-10-14 15:09:45,814] {processor.py:161} INFO - Processing /root/Projects/etlX/venv/lib/python3.9/site-packages/airflow/example_dags/tutorial.py took 0.102 seconds
[2025-10-14 15:10:21,029] {processor.py:153} INFO - Started process (PID=15926) to work on /root/Projects/etlX/venv/lib/python3.9/site-packages/airflow/example_dags/tutorial.py
[2025-10-14 15:10:21,030] {processor.py:641} INFO - Processing file /root/Projects/etlX/venv/lib/python3.9/site-packages/airflow/example_dags/tutorial.py for tasks to queue
[2025-10-14 15:10:21,031] {logging_mixin.py:115} INFO - [2025-10-14 15:10:21,030] {dagbag.py:507} INFO - Filling up the DagBag from /root/Projects/etlX/venv/lib/python3.9/site-packages/airflow/example_dags/tutorial.py
[2025-10-14 15:10:21,040] {processor.py:651} INFO - DAG(s) dict_keys(['tutorial']) retrieved from /root/Projects/etlX/venv/lib/python3.9/site-packages/airflow/example_dags/tutorial.py
[2025-10-14 15:10:21,062] {logging_mixin.py:115} INFO - [2025-10-14 15:10:21,062] {dag.py:2379} INFO - Sync 1 DAGs
[2025-10-14 15:10:21,083] {logging_mixin.py:115} INFO - [2025-10-14 15:10:21,083] {dag.py:2927} INFO - Setting next_dagrun for tutorial to 2025-10-13T18:10:21.083521+00:00, run_after=2025-10-14T18:10:21.083521+00:00
[2025-10-14 15:10:21,096] {processor.py:161} INFO - Processing /root/Projects/etlX/venv/lib/python3.9/site-packages/airflow/example_dags/tutorial.py took 0.071 seconds
[2025-10-14 15:10:55,402] {processor.py:153} INFO - Started process (PID=15981) to work on /root/Projects/etlX/venv/lib/python3.9/site-packages/airflow/example_dags/tutorial.py
[2025-10-14 15:10:55,402] {processor.py:641} INFO - Processing file /root/Projects/etlX/venv/lib/python3.9/site-packages/airflow/example_dags/tutorial.py for tasks to queue
[2025-10-14 15:10:55,403] {logging_mixin.py:115} INFO - [2025-10-14 15:10:55,403] {dagbag.py:507} INFO - Filling up the DagBag from /root/Projects/etlX/venv/lib/python3.9/site-packages/airflow/example_dags/tutorial.py
[2025-10-14 15:10:55,412] {processor.py:651} INFO - DAG(s) dict_keys(['tutorial']) retrieved from /root/Projects/etlX/venv/lib/python3.9/site-packages/airflow/example_dags/tutorial.py
[2025-10-14 15:10:55,436] {logging_mixin.py:115} INFO - [2025-10-14 15:10:55,436] {dag.py:2379} INFO - Sync 1 DAGs
[2025-10-14 15:10:55,472] {logging_mixin.py:115} INFO - [2025-10-14 15:10:55,471] {dag.py:2927} INFO - Setting next_dagrun for tutorial to 2025-10-13T18:10:55.471469+00:00, run_after=2025-10-14T18:10:55.471469+00:00
[2025-10-14 15:10:55,491] {processor.py:161} INFO - Processing /root/Projects/etlX/venv/lib/python3.9/site-packages/airflow/example_dags/tutorial.py took 0.094 seconds
[2025-10-14 15:11:28,973] {processor.py:153} INFO - Started process (PID=16142) to work on /root/Projects/etlX/venv/lib/python3.9/site-packages/airflow/example_dags/tutorial.py
[2025-10-14 15:11:28,975] {processor.py:641} INFO - Processing file /root/Projects/etlX/venv/lib/python3.9/site-packages/airflow/example_dags/tutorial.py for tasks to queue
[2025-10-14 15:11:28,975] {logging_mixin.py:115} INFO - [2025-10-14 15:11:28,975] {dagbag.py:507} INFO - Filling up the DagBag from /root/Projects/etlX/venv/lib/python3.9/site-packages/airflow/example_dags/tutorial.py
[2025-10-14 15:11:28,989] {processor.py:651} INFO - DAG(s) dict_keys(['tutorial']) retrieved from /root/Projects/etlX/venv/lib/python3.9/site-packages/airflow/example_dags/tutorial.py
[2025-10-14 15:11:29,018] {logging_mixin.py:115} INFO - [2025-10-14 15:11:29,018] {dag.py:2379} INFO - Sync 1 DAGs
[2025-10-14 15:11:29,048] {logging_mixin.py:115} INFO - [2025-10-14 15:11:29,048] {dag.py:2927} INFO - Setting next_dagrun for tutorial to 2025-10-13T18:11:29.047549+00:00, run_after=2025-10-14T18:11:29.047549+00:00
[2025-10-14 15:11:29,065] {processor.py:161} INFO - Processing /root/Projects/etlX/venv/lib/python3.9/site-packages/airflow/example_dags/tutorial.py took 0.099 seconds
[2025-10-14 15:12:03,486] {processor.py:153} INFO - Started process (PID=16197) to work on /root/Projects/etlX/venv/lib/python3.9/site-packages/airflow/example_dags/tutorial.py
[2025-10-14 15:12:03,486] {processor.py:641} INFO - Processing file /root/Projects/etlX/venv/lib/python3.9/site-packages/airflow/example_dags/tutorial.py for tasks to queue
[2025-10-14 15:12:03,487] {logging_mixin.py:115} INFO - [2025-10-14 15:12:03,487] {dagbag.py:507} INFO - Filling up the DagBag from /root/Projects/etlX/venv/lib/python3.9/site-packages/airflow/example_dags/tutorial.py
[2025-10-14 15:12:03,498] {processor.py:651} INFO - DAG(s) dict_keys(['tutorial']) retrieved from /root/Projects/etlX/venv/lib/python3.9/site-packages/airflow/example_dags/tutorial.py
[2025-10-14 15:12:03,522] {logging_mixin.py:115} INFO - [2025-10-14 15:12:03,522] {dag.py:2379} INFO - Sync 1 DAGs
[2025-10-14 15:12:03,550] {logging_mixin.py:115} INFO - [2025-10-14 15:12:03,550] {dag.py:2927} INFO - Setting next_dagrun for tutorial to 2025-10-13T18:12:03.550437+00:00, run_after=2025-10-14T18:12:03.550437+00:00
[2025-10-14 15:12:03,565] {processor.py:161} INFO - Processing /root/Projects/etlX/venv/lib/python3.9/site-packages/airflow/example_dags/tutorial.py took 0.085 seconds
[2025-10-14 15:12:37,878] {processor.py:153} INFO - Started process (PID=16255) to work on /root/Projects/etlX/venv/lib/python3.9/site-packages/airflow/example_dags/tutorial.py
[2025-10-14 15:12:37,879] {processor.py:641} INFO - Processing file /root/Projects/etlX/venv/lib/python3.9/site-packages/airflow/example_dags/tutorial.py for tasks to queue
[2025-10-14 15:12:37,880] {logging_mixin.py:115} INFO - [2025-10-14 15:12:37,879] {dagbag.py:507} INFO - Filling up the DagBag from /root/Projects/etlX/venv/lib/python3.9/site-packages/airflow/example_dags/tutorial.py
[2025-10-14 15:12:37,892] {processor.py:651} INFO - DAG(s) dict_keys(['tutorial']) retrieved from /root/Projects/etlX/venv/lib/python3.9/site-packages/airflow/example_dags/tutorial.py
[2025-10-14 15:12:37,921] {logging_mixin.py:115} INFO - [2025-10-14 15:12:37,921] {dag.py:2379} INFO - Sync 1 DAGs
[2025-10-14 15:12:37,947] {logging_mixin.py:115} INFO - [2025-10-14 15:12:37,947] {dag.py:2927} INFO - Setting next_dagrun for tutorial to 2025-10-13T18:12:37.946878+00:00, run_after=2025-10-14T18:12:37.946878+00:00
[2025-10-14 15:12:37,963] {processor.py:161} INFO - Processing /root/Projects/etlX/venv/lib/python3.9/site-packages/airflow/example_dags/tutorial.py took 0.093 seconds
[2025-10-14 15:13:08,763] {processor.py:153} INFO - Started process (PID=16308) to work on /root/Projects/etlX/venv/lib/python3.9/site-packages/airflow/example_dags/tutorial.py
[2025-10-14 15:13:08,764] {processor.py:641} INFO - Processing file /root/Projects/etlX/venv/lib/python3.9/site-packages/airflow/example_dags/tutorial.py for tasks to queue
[2025-10-14 15:13:08,764] {logging_mixin.py:115} INFO - [2025-10-14 15:13:08,764] {dagbag.py:507} INFO - Filling up the DagBag from /root/Projects/etlX/venv/lib/python3.9/site-packages/airflow/example_dags/tutorial.py
[2025-10-14 15:13:08,772] {processor.py:651} INFO - DAG(s) dict_keys(['tutorial']) retrieved from /root/Projects/etlX/venv/lib/python3.9/site-packages/airflow/example_dags/tutorial.py
[2025-10-14 15:13:08,792] {logging_mixin.py:115} INFO - [2025-10-14 15:13:08,792] {dag.py:2379} INFO - Sync 1 DAGs
[2025-10-14 15:13:08,812] {logging_mixin.py:115} INFO - [2025-10-14 15:13:08,812] {dag.py:2927} INFO - Setting next_dagrun for tutorial to 2025-10-13T18:13:08.811694+00:00, run_after=2025-10-14T18:13:08.811694+00:00
[2025-10-14 15:13:08,825] {processor.py:161} INFO - Processing /root/Projects/etlX/venv/lib/python3.9/site-packages/airflow/example_dags/tutorial.py took 0.066 seconds
[2025-10-14 15:13:43,141] {processor.py:153} INFO - Started process (PID=16363) to work on /root/Projects/etlX/venv/lib/python3.9/site-packages/airflow/example_dags/tutorial.py
[2025-10-14 15:13:43,142] {processor.py:641} INFO - Processing file /root/Projects/etlX/venv/lib/python3.9/site-packages/airflow/example_dags/tutorial.py for tasks to queue
[2025-10-14 15:13:43,142] {logging_mixin.py:115} INFO - [2025-10-14 15:13:43,142] {dagbag.py:507} INFO - Filling up the DagBag from /root/Projects/etlX/venv/lib/python3.9/site-packages/airflow/example_dags/tutorial.py
[2025-10-14 15:13:43,152] {processor.py:651} INFO - DAG(s) dict_keys(['tutorial']) retrieved from /root/Projects/etlX/venv/lib/python3.9/site-packages/airflow/example_dags/tutorial.py
[2025-10-14 15:13:43,173] {logging_mixin.py:115} INFO - [2025-10-14 15:13:43,173] {dag.py:2379} INFO - Sync 1 DAGs
[2025-10-14 15:13:43,194] {logging_mixin.py:115} INFO - [2025-10-14 15:13:43,194] {dag.py:2927} INFO - Setting next_dagrun for tutorial to 2025-10-13T18:13:43.193904+00:00, run_after=2025-10-14T18:13:43.193904+00:00
[2025-10-14 15:13:43,208] {processor.py:161} INFO - Processing /root/Projects/etlX/venv/lib/python3.9/site-packages/airflow/example_dags/tutorial.py took 0.072 seconds
[2025-10-14 15:14:13,425] {processor.py:153} INFO - Started process (PID=16416) to work on /root/Projects/etlX/venv/lib/python3.9/site-packages/airflow/example_dags/tutorial.py
[2025-10-14 15:14:13,426] {processor.py:641} INFO - Processing file /root/Projects/etlX/venv/lib/python3.9/site-packages/airflow/example_dags/tutorial.py for tasks to queue
[2025-10-14 15:14:13,427] {logging_mixin.py:115} INFO - [2025-10-14 15:14:13,427] {dagbag.py:507} INFO - Filling up the DagBag from /root/Projects/etlX/venv/lib/python3.9/site-packages/airflow/example_dags/tutorial.py
[2025-10-14 15:14:13,436] {processor.py:651} INFO - DAG(s) dict_keys(['tutorial']) retrieved from /root/Projects/etlX/venv/lib/python3.9/site-packages/airflow/example_dags/tutorial.py
[2025-10-14 15:14:13,457] {logging_mixin.py:115} INFO - [2025-10-14 15:14:13,457] {dag.py:2379} INFO - Sync 1 DAGs
[2025-10-14 15:14:13,477] {logging_mixin.py:115} INFO - [2025-10-14 15:14:13,477] {dag.py:2927} INFO - Setting next_dagrun for tutorial to 2025-10-13T18:14:13.476733+00:00, run_after=2025-10-14T18:14:13.476733+00:00
[2025-10-14 15:14:13,488] {processor.py:161} INFO - Processing /root/Projects/etlX/venv/lib/python3.9/site-packages/airflow/example_dags/tutorial.py took 0.068 seconds
[2025-10-14 15:14:47,125] {processor.py:153} INFO - Started process (PID=16525) to work on /root/Projects/etlX/venv/lib/python3.9/site-packages/airflow/example_dags/tutorial.py
[2025-10-14 15:14:47,125] {processor.py:641} INFO - Processing file /root/Projects/etlX/venv/lib/python3.9/site-packages/airflow/example_dags/tutorial.py for tasks to queue
[2025-10-14 15:14:47,126] {logging_mixin.py:115} INFO - [2025-10-14 15:14:47,126] {dagbag.py:507} INFO - Filling up the DagBag from /root/Projects/etlX/venv/lib/python3.9/site-packages/airflow/example_dags/tutorial.py
[2025-10-14 15:14:47,135] {processor.py:651} INFO - DAG(s) dict_keys(['tutorial']) retrieved from /root/Projects/etlX/venv/lib/python3.9/site-packages/airflow/example_dags/tutorial.py
[2025-10-14 15:14:47,155] {logging_mixin.py:115} INFO - [2025-10-14 15:14:47,155] {dag.py:2379} INFO - Sync 1 DAGs
[2025-10-14 15:14:47,176] {logging_mixin.py:115} INFO - [2025-10-14 15:14:47,176] {dag.py:2927} INFO - Setting next_dagrun for tutorial to 2025-10-13T18:14:47.176006+00:00, run_after=2025-10-14T18:14:47.176006+00:00
[2025-10-14 15:14:47,188] {processor.py:161} INFO - Processing /root/Projects/etlX/venv/lib/python3.9/site-packages/airflow/example_dags/tutorial.py took 0.068 seconds
[2025-10-14 15:15:22,304] {processor.py:153} INFO - Started process (PID=16580) to work on /root/Projects/etlX/venv/lib/python3.9/site-packages/airflow/example_dags/tutorial.py
[2025-10-14 15:15:22,305] {processor.py:641} INFO - Processing file /root/Projects/etlX/venv/lib/python3.9/site-packages/airflow/example_dags/tutorial.py for tasks to queue
[2025-10-14 15:15:22,305] {logging_mixin.py:115} INFO - [2025-10-14 15:15:22,305] {dagbag.py:507} INFO - Filling up the DagBag from /root/Projects/etlX/venv/lib/python3.9/site-packages/airflow/example_dags/tutorial.py
[2025-10-14 15:15:22,314] {processor.py:651} INFO - DAG(s) dict_keys(['tutorial']) retrieved from /root/Projects/etlX/venv/lib/python3.9/site-packages/airflow/example_dags/tutorial.py
[2025-10-14 15:15:22,334] {logging_mixin.py:115} INFO - [2025-10-14 15:15:22,334] {dag.py:2379} INFO - Sync 1 DAGs
[2025-10-14 15:15:22,354] {logging_mixin.py:115} INFO - [2025-10-14 15:15:22,354] {dag.py:2927} INFO - Setting next_dagrun for tutorial to 2025-10-13T18:15:22.353922+00:00, run_after=2025-10-14T18:15:22.353922+00:00
[2025-10-14 15:15:22,365] {processor.py:161} INFO - Processing /root/Projects/etlX/venv/lib/python3.9/site-packages/airflow/example_dags/tutorial.py took 0.066 seconds
[2025-10-14 15:15:53,182] {processor.py:153} INFO - Started process (PID=16632) to work on /root/Projects/etlX/venv/lib/python3.9/site-packages/airflow/example_dags/tutorial.py
[2025-10-14 15:15:53,183] {processor.py:641} INFO - Processing file /root/Projects/etlX/venv/lib/python3.9/site-packages/airflow/example_dags/tutorial.py for tasks to queue
[2025-10-14 15:15:53,183] {logging_mixin.py:115} INFO - [2025-10-14 15:15:53,183] {dagbag.py:507} INFO - Filling up the DagBag from /root/Projects/etlX/venv/lib/python3.9/site-packages/airflow/example_dags/tutorial.py
[2025-10-14 15:15:53,192] {processor.py:651} INFO - DAG(s) dict_keys(['tutorial']) retrieved from /root/Projects/etlX/venv/lib/python3.9/site-packages/airflow/example_dags/tutorial.py
[2025-10-14 15:15:53,211] {logging_mixin.py:115} INFO - [2025-10-14 15:15:53,211] {dag.py:2379} INFO - Sync 1 DAGs
[2025-10-14 15:15:53,231] {logging_mixin.py:115} INFO - [2025-10-14 15:15:53,231] {dag.py:2927} INFO - Setting next_dagrun for tutorial to 2025-10-13T18:15:53.231122+00:00, run_after=2025-10-14T18:15:53.231122+00:00
[2025-10-14 15:15:53,242] {processor.py:161} INFO - Processing /root/Projects/etlX/venv/lib/python3.9/site-packages/airflow/example_dags/tutorial.py took 0.064 seconds
[2025-10-14 15:16:24,215] {processor.py:153} INFO - Started process (PID=16837) to work on /root/Projects/etlX/venv/lib/python3.9/site-packages/airflow/example_dags/tutorial.py
[2025-10-14 15:16:24,216] {processor.py:641} INFO - Processing file /root/Projects/etlX/venv/lib/python3.9/site-packages/airflow/example_dags/tutorial.py for tasks to queue
[2025-10-14 15:16:24,217] {logging_mixin.py:115} INFO - [2025-10-14 15:16:24,217] {dagbag.py:507} INFO - Filling up the DagBag from /root/Projects/etlX/venv/lib/python3.9/site-packages/airflow/example_dags/tutorial.py
[2025-10-14 15:16:24,227] {processor.py:651} INFO - DAG(s) dict_keys(['tutorial']) retrieved from /root/Projects/etlX/venv/lib/python3.9/site-packages/airflow/example_dags/tutorial.py
[2025-10-14 15:16:24,246] {logging_mixin.py:115} INFO - [2025-10-14 15:16:24,246] {dag.py:2379} INFO - Sync 1 DAGs
[2025-10-14 15:16:24,267] {logging_mixin.py:115} INFO - [2025-10-14 15:16:24,266] {dag.py:2927} INFO - Setting next_dagrun for tutorial to 2025-10-13T18:16:24.266634+00:00, run_after=2025-10-14T18:16:24.266634+00:00
[2025-10-14 15:16:24,278] {processor.py:161} INFO - Processing /root/Projects/etlX/venv/lib/python3.9/site-packages/airflow/example_dags/tutorial.py took 0.071 seconds
[2025-10-14 15:16:57,530] {processor.py:153} INFO - Started process (PID=17046) to work on /root/Projects/etlX/venv/lib/python3.9/site-packages/airflow/example_dags/tutorial.py
[2025-10-14 15:16:57,530] {processor.py:641} INFO - Processing file /root/Projects/etlX/venv/lib/python3.9/site-packages/airflow/example_dags/tutorial.py for tasks to queue
[2025-10-14 15:16:57,531] {logging_mixin.py:115} INFO - [2025-10-14 15:16:57,531] {dagbag.py:507} INFO - Filling up the DagBag from /root/Projects/etlX/venv/lib/python3.9/site-packages/airflow/example_dags/tutorial.py
[2025-10-14 15:16:57,539] {processor.py:651} INFO - DAG(s) dict_keys(['tutorial']) retrieved from /root/Projects/etlX/venv/lib/python3.9/site-packages/airflow/example_dags/tutorial.py
[2025-10-14 15:16:57,558] {logging_mixin.py:115} INFO - [2025-10-14 15:16:57,558] {dag.py:2379} INFO - Sync 1 DAGs
[2025-10-14 15:16:57,576] {logging_mixin.py:115} INFO - [2025-10-14 15:16:57,576] {dag.py:2927} INFO - Setting next_dagrun for tutorial to 2025-10-13T18:16:57.576286+00:00, run_after=2025-10-14T18:16:57.576286+00:00
[2025-10-14 15:16:57,587] {processor.py:161} INFO - Processing /root/Projects/etlX/venv/lib/python3.9/site-packages/airflow/example_dags/tutorial.py took 0.062 seconds
[2025-10-14 15:17:31,287] {processor.py:153} INFO - Started process (PID=17104) to work on /root/Projects/etlX/venv/lib/python3.9/site-packages/airflow/example_dags/tutorial.py
[2025-10-14 15:17:31,287] {processor.py:641} INFO - Processing file /root/Projects/etlX/venv/lib/python3.9/site-packages/airflow/example_dags/tutorial.py for tasks to queue
[2025-10-14 15:17:31,288] {logging_mixin.py:115} INFO - [2025-10-14 15:17:31,288] {dagbag.py:507} INFO - Filling up the DagBag from /root/Projects/etlX/venv/lib/python3.9/site-packages/airflow/example_dags/tutorial.py
[2025-10-14 15:17:31,296] {processor.py:651} INFO - DAG(s) dict_keys(['tutorial']) retrieved from /root/Projects/etlX/venv/lib/python3.9/site-packages/airflow/example_dags/tutorial.py
[2025-10-14 15:17:31,318] {logging_mixin.py:115} INFO - [2025-10-14 15:17:31,318] {dag.py:2379} INFO - Sync 1 DAGs
[2025-10-14 15:17:31,339] {logging_mixin.py:115} INFO - [2025-10-14 15:17:31,339] {dag.py:2927} INFO - Setting next_dagrun for tutorial to 2025-10-13T18:17:31.339343+00:00, run_after=2025-10-14T18:17:31.339343+00:00
[2025-10-14 15:17:31,352] {processor.py:161} INFO - Processing /root/Projects/etlX/venv/lib/python3.9/site-packages/airflow/example_dags/tutorial.py took 0.070 seconds
[2025-10-14 15:58:44,052] {processor.py:153} INFO - Started process (PID=19754) to work on /root/Projects/etlX/venv/lib/python3.9/site-packages/airflow/example_dags/tutorial.py
[2025-10-14 15:58:44,052] {processor.py:641} INFO - Processing file /root/Projects/etlX/venv/lib/python3.9/site-packages/airflow/example_dags/tutorial.py for tasks to queue
[2025-10-14 15:58:44,053] {logging_mixin.py:115} INFO - [2025-10-14 15:58:44,053] {dagbag.py:507} INFO - Filling up the DagBag from /root/Projects/etlX/venv/lib/python3.9/site-packages/airflow/example_dags/tutorial.py
[2025-10-14 15:58:44,080] {processor.py:651} INFO - DAG(s) dict_keys(['tutorial']) retrieved from /root/Projects/etlX/venv/lib/python3.9/site-packages/airflow/example_dags/tutorial.py
[2025-10-14 15:58:44,101] {logging_mixin.py:115} INFO - [2025-10-14 15:58:44,101] {dag.py:2379} INFO - Sync 1 DAGs
[2025-10-14 15:58:44,123] {logging_mixin.py:115} INFO - [2025-10-14 15:58:44,123] {dag.py:2927} INFO - Setting next_dagrun for tutorial to 2025-10-13T18:58:44.123071+00:00, run_after=2025-10-14T18:58:44.123071+00:00
[2025-10-14 15:58:44,135] {processor.py:161} INFO - Processing /root/Projects/etlX/venv/lib/python3.9/site-packages/airflow/example_dags/tutorial.py took 0.088 seconds
[2025-10-14 15:59:17,962] {processor.py:153} INFO - Started process (PID=20065) to work on /root/Projects/etlX/venv/lib/python3.9/site-packages/airflow/example_dags/tutorial.py
[2025-10-14 15:59:17,963] {processor.py:641} INFO - Processing file /root/Projects/etlX/venv/lib/python3.9/site-packages/airflow/example_dags/tutorial.py for tasks to queue
[2025-10-14 15:59:17,964] {logging_mixin.py:115} INFO - [2025-10-14 15:59:17,964] {dagbag.py:507} INFO - Filling up the DagBag from /root/Projects/etlX/venv/lib/python3.9/site-packages/airflow/example_dags/tutorial.py
[2025-10-14 15:59:17,973] {processor.py:651} INFO - DAG(s) dict_keys(['tutorial']) retrieved from /root/Projects/etlX/venv/lib/python3.9/site-packages/airflow/example_dags/tutorial.py
[2025-10-14 15:59:17,993] {logging_mixin.py:115} INFO - [2025-10-14 15:59:17,993] {dag.py:2379} INFO - Sync 1 DAGs
[2025-10-14 15:59:18,015] {logging_mixin.py:115} INFO - [2025-10-14 15:59:18,015] {dag.py:2927} INFO - Setting next_dagrun for tutorial to 2025-10-13T18:59:18.015060+00:00, run_after=2025-10-14T18:59:18.015060+00:00
[2025-10-14 15:59:18,026] {processor.py:161} INFO - Processing /root/Projects/etlX/venv/lib/python3.9/site-packages/airflow/example_dags/tutorial.py took 0.070 seconds
[2025-10-14 15:59:50,177] {processor.py:153} INFO - Started process (PID=20123) to work on /root/Projects/etlX/venv/lib/python3.9/site-packages/airflow/example_dags/tutorial.py
[2025-10-14 15:59:50,178] {processor.py:641} INFO - Processing file /root/Projects/etlX/venv/lib/python3.9/site-packages/airflow/example_dags/tutorial.py for tasks to queue
[2025-10-14 15:59:50,178] {logging_mixin.py:115} INFO - [2025-10-14 15:59:50,178] {dagbag.py:507} INFO - Filling up the DagBag from /root/Projects/etlX/venv/lib/python3.9/site-packages/airflow/example_dags/tutorial.py
[2025-10-14 15:59:50,187] {processor.py:651} INFO - DAG(s) dict_keys(['tutorial']) retrieved from /root/Projects/etlX/venv/lib/python3.9/site-packages/airflow/example_dags/tutorial.py
[2025-10-14 15:59:50,206] {logging_mixin.py:115} INFO - [2025-10-14 15:59:50,206] {dag.py:2379} INFO - Sync 1 DAGs
[2025-10-14 15:59:50,225] {logging_mixin.py:115} INFO - [2025-10-14 15:59:50,225] {dag.py:2927} INFO - Setting next_dagrun for tutorial to 2025-10-13T18:59:50.225177+00:00, run_after=2025-10-14T18:59:50.225177+00:00
[2025-10-14 15:59:50,236] {processor.py:161} INFO - Processing /root/Projects/etlX/venv/lib/python3.9/site-packages/airflow/example_dags/tutorial.py took 0.065 seconds
[2025-10-14 16:00:23,617] {processor.py:153} INFO - Started process (PID=20178) to work on /root/Projects/etlX/venv/lib/python3.9/site-packages/airflow/example_dags/tutorial.py
[2025-10-14 16:00:23,618] {processor.py:641} INFO - Processing file /root/Projects/etlX/venv/lib/python3.9/site-packages/airflow/example_dags/tutorial.py for tasks to queue
[2025-10-14 16:00:23,619] {logging_mixin.py:115} INFO - [2025-10-14 16:00:23,619] {dagbag.py:507} INFO - Filling up the DagBag from /root/Projects/etlX/venv/lib/python3.9/site-packages/airflow/example_dags/tutorial.py
[2025-10-14 16:00:23,628] {processor.py:651} INFO - DAG(s) dict_keys(['tutorial']) retrieved from /root/Projects/etlX/venv/lib/python3.9/site-packages/airflow/example_dags/tutorial.py
[2025-10-14 16:00:23,649] {logging_mixin.py:115} INFO - [2025-10-14 16:00:23,649] {dag.py:2379} INFO - Sync 1 DAGs
[2025-10-14 16:00:23,670] {logging_mixin.py:115} INFO - [2025-10-14 16:00:23,670] {dag.py:2927} INFO - Setting next_dagrun for tutorial to 2025-10-13T19:00:23.669942+00:00, run_after=2025-10-14T19:00:23.669942+00:00
[2025-10-14 16:00:23,682] {processor.py:161} INFO - Processing /root/Projects/etlX/venv/lib/python3.9/site-packages/airflow/example_dags/tutorial.py took 0.069 seconds
[2025-10-14 16:00:56,022] {processor.py:153} INFO - Started process (PID=20232) to work on /root/Projects/etlX/venv/lib/python3.9/site-packages/airflow/example_dags/tutorial.py
[2025-10-14 16:00:56,023] {processor.py:641} INFO - Processing file /root/Projects/etlX/venv/lib/python3.9/site-packages/airflow/example_dags/tutorial.py for tasks to queue
[2025-10-14 16:00:56,024] {logging_mixin.py:115} INFO - [2025-10-14 16:00:56,024] {dagbag.py:507} INFO - Filling up the DagBag from /root/Projects/etlX/venv/lib/python3.9/site-packages/airflow/example_dags/tutorial.py
[2025-10-14 16:00:56,034] {processor.py:651} INFO - DAG(s) dict_keys(['tutorial']) retrieved from /root/Projects/etlX/venv/lib/python3.9/site-packages/airflow/example_dags/tutorial.py
[2025-10-14 16:00:56,054] {logging_mixin.py:115} INFO - [2025-10-14 16:00:56,054] {dag.py:2379} INFO - Sync 1 DAGs
[2025-10-14 16:00:56,074] {logging_mixin.py:115} INFO - [2025-10-14 16:00:56,074] {dag.py:2927} INFO - Setting next_dagrun for tutorial to 2025-10-13T19:00:56.074439+00:00, run_after=2025-10-14T19:00:56.074439+00:00
[2025-10-14 16:00:56,087] {processor.py:161} INFO - Processing /root/Projects/etlX/venv/lib/python3.9/site-packages/airflow/example_dags/tutorial.py took 0.070 seconds
[2025-10-14 16:01:28,166] {processor.py:153} INFO - Started process (PID=20288) to work on /root/Projects/etlX/venv/lib/python3.9/site-packages/airflow/example_dags/tutorial.py
[2025-10-14 16:01:28,166] {processor.py:641} INFO - Processing file /root/Projects/etlX/venv/lib/python3.9/site-packages/airflow/example_dags/tutorial.py for tasks to queue
[2025-10-14 16:01:28,167] {logging_mixin.py:115} INFO - [2025-10-14 16:01:28,167] {dagbag.py:507} INFO - Filling up the DagBag from /root/Projects/etlX/venv/lib/python3.9/site-packages/airflow/example_dags/tutorial.py
[2025-10-14 16:01:28,175] {processor.py:651} INFO - DAG(s) dict_keys(['tutorial']) retrieved from /root/Projects/etlX/venv/lib/python3.9/site-packages/airflow/example_dags/tutorial.py
[2025-10-14 16:01:28,194] {logging_mixin.py:115} INFO - [2025-10-14 16:01:28,194] {dag.py:2379} INFO - Sync 1 DAGs
[2025-10-14 16:01:28,212] {logging_mixin.py:115} INFO - [2025-10-14 16:01:28,212] {dag.py:2927} INFO - Setting next_dagrun for tutorial to 2025-10-13T19:01:28.212377+00:00, run_after=2025-10-14T19:01:28.212377+00:00
[2025-10-14 16:01:28,223] {processor.py:161} INFO - Processing /root/Projects/etlX/venv/lib/python3.9/site-packages/airflow/example_dags/tutorial.py took 0.063 seconds
[2025-10-14 16:02:02,874] {processor.py:153} INFO - Started process (PID=20342) to work on /root/Projects/etlX/venv/lib/python3.9/site-packages/airflow/example_dags/tutorial.py
[2025-10-14 16:02:02,875] {processor.py:641} INFO - Processing file /root/Projects/etlX/venv/lib/python3.9/site-packages/airflow/example_dags/tutorial.py for tasks to queue
[2025-10-14 16:02:02,875] {logging_mixin.py:115} INFO - [2025-10-14 16:02:02,875] {dagbag.py:507} INFO - Filling up the DagBag from /root/Projects/etlX/venv/lib/python3.9/site-packages/airflow/example_dags/tutorial.py
[2025-10-14 16:02:02,884] {processor.py:651} INFO - DAG(s) dict_keys(['tutorial']) retrieved from /root/Projects/etlX/venv/lib/python3.9/site-packages/airflow/example_dags/tutorial.py
[2025-10-14 16:02:02,903] {logging_mixin.py:115} INFO - [2025-10-14 16:02:02,903] {dag.py:2379} INFO - Sync 1 DAGs
[2025-10-14 16:02:02,922] {logging_mixin.py:115} INFO - [2025-10-14 16:02:02,922] {dag.py:2927} INFO - Setting next_dagrun for tutorial to 2025-10-13T19:02:02.922205+00:00, run_after=2025-10-14T19:02:02.922205+00:00
[2025-10-14 16:02:02,933] {processor.py:161} INFO - Processing /root/Projects/etlX/venv/lib/python3.9/site-packages/airflow/example_dags/tutorial.py took 0.063 seconds
[2025-10-14 16:02:35,617] {processor.py:153} INFO - Started process (PID=20400) to work on /root/Projects/etlX/venv/lib/python3.9/site-packages/airflow/example_dags/tutorial.py
[2025-10-14 16:02:35,618] {processor.py:641} INFO - Processing file /root/Projects/etlX/venv/lib/python3.9/site-packages/airflow/example_dags/tutorial.py for tasks to queue
[2025-10-14 16:02:35,618] {logging_mixin.py:115} INFO - [2025-10-14 16:02:35,618] {dagbag.py:507} INFO - Filling up the DagBag from /root/Projects/etlX/venv/lib/python3.9/site-packages/airflow/example_dags/tutorial.py
[2025-10-14 16:02:35,627] {processor.py:651} INFO - DAG(s) dict_keys(['tutorial']) retrieved from /root/Projects/etlX/venv/lib/python3.9/site-packages/airflow/example_dags/tutorial.py
[2025-10-14 16:02:35,646] {logging_mixin.py:115} INFO - [2025-10-14 16:02:35,646] {dag.py:2379} INFO - Sync 1 DAGs
[2025-10-14 16:02:35,665] {logging_mixin.py:115} INFO - [2025-10-14 16:02:35,665] {dag.py:2927} INFO - Setting next_dagrun for tutorial to 2025-10-13T19:02:35.665227+00:00, run_after=2025-10-14T19:02:35.665227+00:00
[2025-10-14 16:02:35,677] {processor.py:161} INFO - Processing /root/Projects/etlX/venv/lib/python3.9/site-packages/airflow/example_dags/tutorial.py took 0.064 seconds
[2025-10-14 16:03:07,912] {processor.py:153} INFO - Started process (PID=20454) to work on /root/Projects/etlX/venv/lib/python3.9/site-packages/airflow/example_dags/tutorial.py
[2025-10-14 16:03:07,913] {processor.py:641} INFO - Processing file /root/Projects/etlX/venv/lib/python3.9/site-packages/airflow/example_dags/tutorial.py for tasks to queue
[2025-10-14 16:03:07,914] {logging_mixin.py:115} INFO - [2025-10-14 16:03:07,914] {dagbag.py:507} INFO - Filling up the DagBag from /root/Projects/etlX/venv/lib/python3.9/site-packages/airflow/example_dags/tutorial.py
[2025-10-14 16:03:07,924] {processor.py:651} INFO - DAG(s) dict_keys(['tutorial']) retrieved from /root/Projects/etlX/venv/lib/python3.9/site-packages/airflow/example_dags/tutorial.py
[2025-10-14 16:03:07,946] {logging_mixin.py:115} INFO - [2025-10-14 16:03:07,946] {dag.py:2379} INFO - Sync 1 DAGs
[2025-10-14 16:03:07,966] {logging_mixin.py:115} INFO - [2025-10-14 16:03:07,965] {dag.py:2927} INFO - Setting next_dagrun for tutorial to 2025-10-13T19:03:07.965616+00:00, run_after=2025-10-14T19:03:07.965616+00:00
[2025-10-14 16:03:07,976] {processor.py:161} INFO - Processing /root/Projects/etlX/venv/lib/python3.9/site-packages/airflow/example_dags/tutorial.py took 0.070 seconds
[2025-10-14 16:03:39,638] {processor.py:153} INFO - Started process (PID=20559) to work on /root/Projects/etlX/venv/lib/python3.9/site-packages/airflow/example_dags/tutorial.py
[2025-10-14 16:03:39,639] {processor.py:641} INFO - Processing file /root/Projects/etlX/venv/lib/python3.9/site-packages/airflow/example_dags/tutorial.py for tasks to queue
[2025-10-14 16:03:39,640] {logging_mixin.py:115} INFO - [2025-10-14 16:03:39,640] {dagbag.py:507} INFO - Filling up the DagBag from /root/Projects/etlX/venv/lib/python3.9/site-packages/airflow/example_dags/tutorial.py
[2025-10-14 16:03:39,657] {processor.py:651} INFO - DAG(s) dict_keys(['tutorial']) retrieved from /root/Projects/etlX/venv/lib/python3.9/site-packages/airflow/example_dags/tutorial.py
[2025-10-14 16:03:39,685] {logging_mixin.py:115} INFO - [2025-10-14 16:03:39,685] {dag.py:2379} INFO - Sync 1 DAGs
[2025-10-14 16:03:39,704] {logging_mixin.py:115} INFO - [2025-10-14 16:03:39,704] {dag.py:2927} INFO - Setting next_dagrun for tutorial to 2025-10-13T19:03:39.704170+00:00, run_after=2025-10-14T19:03:39.704170+00:00
[2025-10-14 16:03:39,715] {processor.py:161} INFO - Processing /root/Projects/etlX/venv/lib/python3.9/site-packages/airflow/example_dags/tutorial.py took 0.087 seconds
[2025-10-14 16:04:12,577] {processor.py:153} INFO - Started process (PID=20616) to work on /root/Projects/etlX/venv/lib/python3.9/site-packages/airflow/example_dags/tutorial.py
[2025-10-14 16:04:12,578] {processor.py:641} INFO - Processing file /root/Projects/etlX/venv/lib/python3.9/site-packages/airflow/example_dags/tutorial.py for tasks to queue
[2025-10-14 16:04:12,579] {logging_mixin.py:115} INFO - [2025-10-14 16:04:12,579] {dagbag.py:507} INFO - Filling up the DagBag from /root/Projects/etlX/venv/lib/python3.9/site-packages/airflow/example_dags/tutorial.py
[2025-10-14 16:04:12,589] {processor.py:651} INFO - DAG(s) dict_keys(['tutorial']) retrieved from /root/Projects/etlX/venv/lib/python3.9/site-packages/airflow/example_dags/tutorial.py
[2025-10-14 16:04:12,609] {logging_mixin.py:115} INFO - [2025-10-14 16:04:12,609] {dag.py:2379} INFO - Sync 1 DAGs
[2025-10-14 16:04:12,630] {logging_mixin.py:115} INFO - [2025-10-14 16:04:12,630] {dag.py:2927} INFO - Setting next_dagrun for tutorial to 2025-10-13T19:04:12.629792+00:00, run_after=2025-10-14T19:04:12.629792+00:00
[2025-10-14 16:04:12,642] {processor.py:161} INFO - Processing /root/Projects/etlX/venv/lib/python3.9/site-packages/airflow/example_dags/tutorial.py took 0.069 seconds
[2025-10-14 16:04:44,862] {processor.py:153} INFO - Started process (PID=20670) to work on /root/Projects/etlX/venv/lib/python3.9/site-packages/airflow/example_dags/tutorial.py
[2025-10-14 16:04:44,863] {processor.py:641} INFO - Processing file /root/Projects/etlX/venv/lib/python3.9/site-packages/airflow/example_dags/tutorial.py for tasks to queue
[2025-10-14 16:04:44,864] {logging_mixin.py:115} INFO - [2025-10-14 16:04:44,864] {dagbag.py:507} INFO - Filling up the DagBag from /root/Projects/etlX/venv/lib/python3.9/site-packages/airflow/example_dags/tutorial.py
[2025-10-14 16:04:44,872] {processor.py:651} INFO - DAG(s) dict_keys(['tutorial']) retrieved from /root/Projects/etlX/venv/lib/python3.9/site-packages/airflow/example_dags/tutorial.py
[2025-10-14 16:04:44,892] {logging_mixin.py:115} INFO - [2025-10-14 16:04:44,892] {dag.py:2379} INFO - Sync 1 DAGs
[2025-10-14 16:04:44,911] {logging_mixin.py:115} INFO - [2025-10-14 16:04:44,911] {dag.py:2927} INFO - Setting next_dagrun for tutorial to 2025-10-13T19:04:44.910887+00:00, run_after=2025-10-14T19:04:44.910887+00:00
[2025-10-14 16:04:44,921] {processor.py:161} INFO - Processing /root/Projects/etlX/venv/lib/python3.9/site-packages/airflow/example_dags/tutorial.py took 0.066 seconds
[2025-10-14 16:05:15,713] {processor.py:153} INFO - Started process (PID=20723) to work on /root/Projects/etlX/venv/lib/python3.9/site-packages/airflow/example_dags/tutorial.py
[2025-10-14 16:05:15,714] {processor.py:641} INFO - Processing file /root/Projects/etlX/venv/lib/python3.9/site-packages/airflow/example_dags/tutorial.py for tasks to queue
[2025-10-14 16:05:15,715] {logging_mixin.py:115} INFO - [2025-10-14 16:05:15,715] {dagbag.py:507} INFO - Filling up the DagBag from /root/Projects/etlX/venv/lib/python3.9/site-packages/airflow/example_dags/tutorial.py
[2025-10-14 16:05:15,726] {processor.py:651} INFO - DAG(s) dict_keys(['tutorial']) retrieved from /root/Projects/etlX/venv/lib/python3.9/site-packages/airflow/example_dags/tutorial.py
[2025-10-14 16:05:15,749] {logging_mixin.py:115} INFO - [2025-10-14 16:05:15,749] {dag.py:2379} INFO - Sync 1 DAGs
[2025-10-14 16:05:15,768] {logging_mixin.py:115} INFO - [2025-10-14 16:05:15,768] {dag.py:2927} INFO - Setting next_dagrun for tutorial to 2025-10-13T19:05:15.768221+00:00, run_after=2025-10-14T19:05:15.768221+00:00
[2025-10-14 16:05:15,779] {processor.py:161} INFO - Processing /root/Projects/etlX/venv/lib/python3.9/site-packages/airflow/example_dags/tutorial.py took 0.072 seconds
[2025-10-14 16:05:47,881] {processor.py:153} INFO - Started process (PID=20776) to work on /root/Projects/etlX/venv/lib/python3.9/site-packages/airflow/example_dags/tutorial.py
[2025-10-14 16:05:47,882] {processor.py:641} INFO - Processing file /root/Projects/etlX/venv/lib/python3.9/site-packages/airflow/example_dags/tutorial.py for tasks to queue
[2025-10-14 16:05:47,883] {logging_mixin.py:115} INFO - [2025-10-14 16:05:47,883] {dagbag.py:507} INFO - Filling up the DagBag from /root/Projects/etlX/venv/lib/python3.9/site-packages/airflow/example_dags/tutorial.py
[2025-10-14 16:05:47,894] {processor.py:651} INFO - DAG(s) dict_keys(['tutorial']) retrieved from /root/Projects/etlX/venv/lib/python3.9/site-packages/airflow/example_dags/tutorial.py
[2025-10-14 16:05:47,914] {logging_mixin.py:115} INFO - [2025-10-14 16:05:47,914] {dag.py:2379} INFO - Sync 1 DAGs
[2025-10-14 16:05:47,932] {logging_mixin.py:115} INFO - [2025-10-14 16:05:47,932] {dag.py:2927} INFO - Setting next_dagrun for tutorial to 2025-10-13T19:05:47.932527+00:00, run_after=2025-10-14T19:05:47.932527+00:00
[2025-10-14 16:05:47,943] {processor.py:161} INFO - Processing /root/Projects/etlX/venv/lib/python3.9/site-packages/airflow/example_dags/tutorial.py took 0.069 seconds
[2025-10-14 16:06:20,160] {processor.py:153} INFO - Started process (PID=20830) to work on /root/Projects/etlX/venv/lib/python3.9/site-packages/airflow/example_dags/tutorial.py
[2025-10-14 16:06:20,161] {processor.py:641} INFO - Processing file /root/Projects/etlX/venv/lib/python3.9/site-packages/airflow/example_dags/tutorial.py for tasks to queue
[2025-10-14 16:06:20,161] {logging_mixin.py:115} INFO - [2025-10-14 16:06:20,161] {dagbag.py:507} INFO - Filling up the DagBag from /root/Projects/etlX/venv/lib/python3.9/site-packages/airflow/example_dags/tutorial.py
[2025-10-14 16:06:20,169] {processor.py:651} INFO - DAG(s) dict_keys(['tutorial']) retrieved from /root/Projects/etlX/venv/lib/python3.9/site-packages/airflow/example_dags/tutorial.py
[2025-10-14 16:06:20,190] {logging_mixin.py:115} INFO - [2025-10-14 16:06:20,189] {dag.py:2379} INFO - Sync 1 DAGs
[2025-10-14 16:06:20,210] {logging_mixin.py:115} INFO - [2025-10-14 16:06:20,210] {dag.py:2927} INFO - Setting next_dagrun for tutorial to 2025-10-13T19:06:20.210058+00:00, run_after=2025-10-14T19:06:20.210058+00:00
[2025-10-14 16:06:20,224] {processor.py:161} INFO - Processing /root/Projects/etlX/venv/lib/python3.9/site-packages/airflow/example_dags/tutorial.py took 0.068 seconds
[2025-10-14 16:06:53,560] {processor.py:153} INFO - Started process (PID=20887) to work on /root/Projects/etlX/venv/lib/python3.9/site-packages/airflow/example_dags/tutorial.py
[2025-10-14 16:06:53,560] {processor.py:641} INFO - Processing file /root/Projects/etlX/venv/lib/python3.9/site-packages/airflow/example_dags/tutorial.py for tasks to queue
[2025-10-14 16:06:53,561] {logging_mixin.py:115} INFO - [2025-10-14 16:06:53,561] {dagbag.py:507} INFO - Filling up the DagBag from /root/Projects/etlX/venv/lib/python3.9/site-packages/airflow/example_dags/tutorial.py
[2025-10-14 16:06:53,570] {processor.py:651} INFO - DAG(s) dict_keys(['tutorial']) retrieved from /root/Projects/etlX/venv/lib/python3.9/site-packages/airflow/example_dags/tutorial.py
[2025-10-14 16:06:53,591] {logging_mixin.py:115} INFO - [2025-10-14 16:06:53,591] {dag.py:2379} INFO - Sync 1 DAGs
[2025-10-14 16:06:53,611] {logging_mixin.py:115} INFO - [2025-10-14 16:06:53,611] {dag.py:2927} INFO - Setting next_dagrun for tutorial to 2025-10-13T19:06:53.611338+00:00, run_after=2025-10-14T19:06:53.611338+00:00
[2025-10-14 16:06:53,624] {processor.py:161} INFO - Processing /root/Projects/etlX/venv/lib/python3.9/site-packages/airflow/example_dags/tutorial.py took 0.069 seconds
[2025-10-14 16:07:24,136] {processor.py:153} INFO - Started process (PID=21042) to work on /root/Projects/etlX/venv/lib/python3.9/site-packages/airflow/example_dags/tutorial.py
[2025-10-14 16:07:24,138] {processor.py:641} INFO - Processing file /root/Projects/etlX/venv/lib/python3.9/site-packages/airflow/example_dags/tutorial.py for tasks to queue
[2025-10-14 16:07:24,138] {logging_mixin.py:115} INFO - [2025-10-14 16:07:24,138] {dagbag.py:507} INFO - Filling up the DagBag from /root/Projects/etlX/venv/lib/python3.9/site-packages/airflow/example_dags/tutorial.py
[2025-10-14 16:07:24,152] {processor.py:651} INFO - DAG(s) dict_keys(['tutorial']) retrieved from /root/Projects/etlX/venv/lib/python3.9/site-packages/airflow/example_dags/tutorial.py
[2025-10-14 16:07:24,176] {logging_mixin.py:115} INFO - [2025-10-14 16:07:24,176] {dag.py:2379} INFO - Sync 1 DAGs
[2025-10-14 16:07:24,196] {logging_mixin.py:115} INFO - [2025-10-14 16:07:24,195] {dag.py:2927} INFO - Setting next_dagrun for tutorial to 2025-10-13T19:07:24.195650+00:00, run_after=2025-10-14T19:07:24.195650+00:00
[2025-10-14 16:07:24,206] {processor.py:161} INFO - Processing /root/Projects/etlX/venv/lib/python3.9/site-packages/airflow/example_dags/tutorial.py took 0.078 seconds
[2025-10-14 16:07:54,840] {processor.py:153} INFO - Started process (PID=21351) to work on /root/Projects/etlX/venv/lib/python3.9/site-packages/airflow/example_dags/tutorial.py
[2025-10-14 16:07:54,840] {processor.py:641} INFO - Processing file /root/Projects/etlX/venv/lib/python3.9/site-packages/airflow/example_dags/tutorial.py for tasks to queue
[2025-10-14 16:07:54,841] {logging_mixin.py:115} INFO - [2025-10-14 16:07:54,841] {dagbag.py:507} INFO - Filling up the DagBag from /root/Projects/etlX/venv/lib/python3.9/site-packages/airflow/example_dags/tutorial.py
[2025-10-14 16:07:54,849] {processor.py:651} INFO - DAG(s) dict_keys(['tutorial']) retrieved from /root/Projects/etlX/venv/lib/python3.9/site-packages/airflow/example_dags/tutorial.py
[2025-10-14 16:07:54,869] {logging_mixin.py:115} INFO - [2025-10-14 16:07:54,869] {dag.py:2379} INFO - Sync 1 DAGs
[2025-10-14 16:07:54,888] {logging_mixin.py:115} INFO - [2025-10-14 16:07:54,888] {dag.py:2927} INFO - Setting next_dagrun for tutorial to 2025-10-13T19:07:54.888363+00:00, run_after=2025-10-14T19:07:54.888363+00:00
[2025-10-14 16:07:54,899] {processor.py:161} INFO - Processing /root/Projects/etlX/venv/lib/python3.9/site-packages/airflow/example_dags/tutorial.py took 0.064 seconds
[2025-10-14 16:08:26,981] {processor.py:153} INFO - Started process (PID=21506) to work on /root/Projects/etlX/venv/lib/python3.9/site-packages/airflow/example_dags/tutorial.py
[2025-10-14 16:08:26,981] {processor.py:641} INFO - Processing file /root/Projects/etlX/venv/lib/python3.9/site-packages/airflow/example_dags/tutorial.py for tasks to queue
[2025-10-14 16:08:26,982] {logging_mixin.py:115} INFO - [2025-10-14 16:08:26,982] {dagbag.py:507} INFO - Filling up the DagBag from /root/Projects/etlX/venv/lib/python3.9/site-packages/airflow/example_dags/tutorial.py
[2025-10-14 16:08:26,990] {processor.py:651} INFO - DAG(s) dict_keys(['tutorial']) retrieved from /root/Projects/etlX/venv/lib/python3.9/site-packages/airflow/example_dags/tutorial.py
[2025-10-14 16:08:27,009] {logging_mixin.py:115} INFO - [2025-10-14 16:08:27,009] {dag.py:2379} INFO - Sync 1 DAGs
[2025-10-14 16:08:27,028] {logging_mixin.py:115} INFO - [2025-10-14 16:08:27,028] {dag.py:2927} INFO - Setting next_dagrun for tutorial to 2025-10-13T19:08:27.028094+00:00, run_after=2025-10-14T19:08:27.028094+00:00
[2025-10-14 16:08:27,039] {processor.py:161} INFO - Processing /root/Projects/etlX/venv/lib/python3.9/site-packages/airflow/example_dags/tutorial.py took 0.063 seconds
[2025-10-14 16:09:01,639] {processor.py:153} INFO - Started process (PID=21820) to work on /root/Projects/etlX/venv/lib/python3.9/site-packages/airflow/example_dags/tutorial.py
[2025-10-14 16:09:01,640] {processor.py:641} INFO - Processing file /root/Projects/etlX/venv/lib/python3.9/site-packages/airflow/example_dags/tutorial.py for tasks to queue
[2025-10-14 16:09:01,641] {logging_mixin.py:115} INFO - [2025-10-14 16:09:01,641] {dagbag.py:507} INFO - Filling up the DagBag from /root/Projects/etlX/venv/lib/python3.9/site-packages/airflow/example_dags/tutorial.py
[2025-10-14 16:09:01,659] {processor.py:651} INFO - DAG(s) dict_keys(['tutorial']) retrieved from /root/Projects/etlX/venv/lib/python3.9/site-packages/airflow/example_dags/tutorial.py
[2025-10-14 16:09:01,684] {logging_mixin.py:115} INFO - [2025-10-14 16:09:01,684] {dag.py:2379} INFO - Sync 1 DAGs
[2025-10-14 16:09:01,706] {logging_mixin.py:115} INFO - [2025-10-14 16:09:01,705] {dag.py:2927} INFO - Setting next_dagrun for tutorial to 2025-10-13T19:09:01.705531+00:00, run_after=2025-10-14T19:09:01.705531+00:00
[2025-10-14 16:09:01,721] {processor.py:161} INFO - Processing /root/Projects/etlX/venv/lib/python3.9/site-packages/airflow/example_dags/tutorial.py took 0.087 seconds
[2025-10-14 16:25:19,327] {processor.py:153} INFO - Started process (PID=22650) to work on /root/Projects/etlX/venv/lib/python3.9/site-packages/airflow/example_dags/tutorial.py
[2025-10-14 16:25:19,328] {processor.py:641} INFO - Processing file /root/Projects/etlX/venv/lib/python3.9/site-packages/airflow/example_dags/tutorial.py for tasks to queue
[2025-10-14 16:25:19,329] {logging_mixin.py:115} INFO - [2025-10-14 16:25:19,329] {dagbag.py:507} INFO - Filling up the DagBag from /root/Projects/etlX/venv/lib/python3.9/site-packages/airflow/example_dags/tutorial.py
[2025-10-14 16:25:19,337] {processor.py:651} INFO - DAG(s) dict_keys(['tutorial']) retrieved from /root/Projects/etlX/venv/lib/python3.9/site-packages/airflow/example_dags/tutorial.py
[2025-10-14 16:25:19,358] {logging_mixin.py:115} INFO - [2025-10-14 16:25:19,357] {dag.py:2379} INFO - Sync 1 DAGs
[2025-10-14 16:25:19,378] {logging_mixin.py:115} INFO - [2025-10-14 16:25:19,378] {dag.py:2927} INFO - Setting next_dagrun for tutorial to 2025-10-13T19:25:19.378346+00:00, run_after=2025-10-14T19:25:19.378346+00:00
[2025-10-14 16:25:19,390] {processor.py:161} INFO - Processing /root/Projects/etlX/venv/lib/python3.9/site-packages/airflow/example_dags/tutorial.py took 0.067 seconds
[2025-10-14 16:25:53,834] {processor.py:153} INFO - Started process (PID=22864) to work on /root/Projects/etlX/venv/lib/python3.9/site-packages/airflow/example_dags/tutorial.py
[2025-10-14 16:25:53,834] {processor.py:641} INFO - Processing file /root/Projects/etlX/venv/lib/python3.9/site-packages/airflow/example_dags/tutorial.py for tasks to queue
[2025-10-14 16:25:53,835] {logging_mixin.py:115} INFO - [2025-10-14 16:25:53,835] {dagbag.py:507} INFO - Filling up the DagBag from /root/Projects/etlX/venv/lib/python3.9/site-packages/airflow/example_dags/tutorial.py
[2025-10-14 16:25:53,843] {processor.py:651} INFO - DAG(s) dict_keys(['tutorial']) retrieved from /root/Projects/etlX/venv/lib/python3.9/site-packages/airflow/example_dags/tutorial.py
[2025-10-14 16:25:53,862] {logging_mixin.py:115} INFO - [2025-10-14 16:25:53,862] {dag.py:2379} INFO - Sync 1 DAGs
[2025-10-14 16:25:53,881] {logging_mixin.py:115} INFO - [2025-10-14 16:25:53,881] {dag.py:2927} INFO - Setting next_dagrun for tutorial to 2025-10-13T19:25:53.881032+00:00, run_after=2025-10-14T19:25:53.881032+00:00
[2025-10-14 16:25:53,891] {processor.py:161} INFO - Processing /root/Projects/etlX/venv/lib/python3.9/site-packages/airflow/example_dags/tutorial.py took 0.062 seconds
[2025-10-14 16:26:27,642] {processor.py:153} INFO - Started process (PID=22919) to work on /root/Projects/etlX/venv/lib/python3.9/site-packages/airflow/example_dags/tutorial.py
[2025-10-14 16:26:27,642] {processor.py:641} INFO - Processing file /root/Projects/etlX/venv/lib/python3.9/site-packages/airflow/example_dags/tutorial.py for tasks to queue
[2025-10-14 16:26:27,643] {logging_mixin.py:115} INFO - [2025-10-14 16:26:27,643] {dagbag.py:507} INFO - Filling up the DagBag from /root/Projects/etlX/venv/lib/python3.9/site-packages/airflow/example_dags/tutorial.py
[2025-10-14 16:26:27,651] {processor.py:651} INFO - DAG(s) dict_keys(['tutorial']) retrieved from /root/Projects/etlX/venv/lib/python3.9/site-packages/airflow/example_dags/tutorial.py
[2025-10-14 16:26:27,671] {logging_mixin.py:115} INFO - [2025-10-14 16:26:27,671] {dag.py:2379} INFO - Sync 1 DAGs
[2025-10-14 16:26:27,690] {logging_mixin.py:115} INFO - [2025-10-14 16:26:27,690] {dag.py:2927} INFO - Setting next_dagrun for tutorial to 2025-10-13T19:26:27.690489+00:00, run_after=2025-10-14T19:26:27.690489+00:00
[2025-10-14 16:26:27,701] {processor.py:161} INFO - Processing /root/Projects/etlX/venv/lib/python3.9/site-packages/airflow/example_dags/tutorial.py took 0.064 seconds
[2025-10-14 16:27:01,703] {processor.py:153} INFO - Started process (PID=22977) to work on /root/Projects/etlX/venv/lib/python3.9/site-packages/airflow/example_dags/tutorial.py
[2025-10-14 16:27:01,704] {processor.py:641} INFO - Processing file /root/Projects/etlX/venv/lib/python3.9/site-packages/airflow/example_dags/tutorial.py for tasks to queue
[2025-10-14 16:27:01,705] {logging_mixin.py:115} INFO - [2025-10-14 16:27:01,705] {dagbag.py:507} INFO - Filling up the DagBag from /root/Projects/etlX/venv/lib/python3.9/site-packages/airflow/example_dags/tutorial.py
[2025-10-14 16:27:01,717] {processor.py:651} INFO - DAG(s) dict_keys(['tutorial']) retrieved from /root/Projects/etlX/venv/lib/python3.9/site-packages/airflow/example_dags/tutorial.py
[2025-10-14 16:27:01,746] {logging_mixin.py:115} INFO - [2025-10-14 16:27:01,745] {dag.py:2379} INFO - Sync 1 DAGs
[2025-10-14 16:27:01,774] {logging_mixin.py:115} INFO - [2025-10-14 16:27:01,774] {dag.py:2927} INFO - Setting next_dagrun for tutorial to 2025-10-13T19:27:01.773667+00:00, run_after=2025-10-14T19:27:01.773667+00:00
[2025-10-14 16:27:01,789] {processor.py:161} INFO - Processing /root/Projects/etlX/venv/lib/python3.9/site-packages/airflow/example_dags/tutorial.py took 0.092 seconds
[2025-10-14 16:27:33,763] {processor.py:153} INFO - Started process (PID=23133) to work on /root/Projects/etlX/venv/lib/python3.9/site-packages/airflow/example_dags/tutorial.py
[2025-10-14 16:27:33,764] {processor.py:641} INFO - Processing file /root/Projects/etlX/venv/lib/python3.9/site-packages/airflow/example_dags/tutorial.py for tasks to queue
[2025-10-14 16:27:33,764] {logging_mixin.py:115} INFO - [2025-10-14 16:27:33,764] {dagbag.py:507} INFO - Filling up the DagBag from /root/Projects/etlX/venv/lib/python3.9/site-packages/airflow/example_dags/tutorial.py
[2025-10-14 16:27:33,774] {processor.py:651} INFO - DAG(s) dict_keys(['tutorial']) retrieved from /root/Projects/etlX/venv/lib/python3.9/site-packages/airflow/example_dags/tutorial.py
[2025-10-14 16:27:33,795] {logging_mixin.py:115} INFO - [2025-10-14 16:27:33,795] {dag.py:2379} INFO - Sync 1 DAGs
[2025-10-14 16:27:33,818] {logging_mixin.py:115} INFO - [2025-10-14 16:27:33,818] {dag.py:2927} INFO - Setting next_dagrun for tutorial to 2025-10-13T19:27:33.818438+00:00, run_after=2025-10-14T19:27:33.818438+00:00
[2025-10-14 16:27:33,831] {processor.py:161} INFO - Processing /root/Projects/etlX/venv/lib/python3.9/site-packages/airflow/example_dags/tutorial.py took 0.072 seconds
[2025-10-14 16:28:08,162] {processor.py:153} INFO - Started process (PID=23191) to work on /root/Projects/etlX/venv/lib/python3.9/site-packages/airflow/example_dags/tutorial.py
[2025-10-14 16:28:08,162] {processor.py:641} INFO - Processing file /root/Projects/etlX/venv/lib/python3.9/site-packages/airflow/example_dags/tutorial.py for tasks to queue
[2025-10-14 16:28:08,163] {logging_mixin.py:115} INFO - [2025-10-14 16:28:08,163] {dagbag.py:507} INFO - Filling up the DagBag from /root/Projects/etlX/venv/lib/python3.9/site-packages/airflow/example_dags/tutorial.py
[2025-10-14 16:28:08,172] {processor.py:651} INFO - DAG(s) dict_keys(['tutorial']) retrieved from /root/Projects/etlX/venv/lib/python3.9/site-packages/airflow/example_dags/tutorial.py
[2025-10-14 16:28:08,194] {logging_mixin.py:115} INFO - [2025-10-14 16:28:08,193] {dag.py:2379} INFO - Sync 1 DAGs
[2025-10-14 16:28:08,217] {logging_mixin.py:115} INFO - [2025-10-14 16:28:08,216] {dag.py:2927} INFO - Setting next_dagrun for tutorial to 2025-10-13T19:28:08.216608+00:00, run_after=2025-10-14T19:28:08.216608+00:00
[2025-10-14 16:28:08,230] {processor.py:161} INFO - Processing /root/Projects/etlX/venv/lib/python3.9/site-packages/airflow/example_dags/tutorial.py took 0.073 seconds
[2025-10-14 16:28:40,793] {processor.py:153} INFO - Started process (PID=23347) to work on /root/Projects/etlX/venv/lib/python3.9/site-packages/airflow/example_dags/tutorial.py
[2025-10-14 16:28:40,794] {processor.py:641} INFO - Processing file /root/Projects/etlX/venv/lib/python3.9/site-packages/airflow/example_dags/tutorial.py for tasks to queue
[2025-10-14 16:28:40,794] {logging_mixin.py:115} INFO - [2025-10-14 16:28:40,794] {dagbag.py:507} INFO - Filling up the DagBag from /root/Projects/etlX/venv/lib/python3.9/site-packages/airflow/example_dags/tutorial.py
[2025-10-14 16:28:40,803] {processor.py:651} INFO - DAG(s) dict_keys(['tutorial']) retrieved from /root/Projects/etlX/venv/lib/python3.9/site-packages/airflow/example_dags/tutorial.py
[2025-10-14 16:28:40,822] {logging_mixin.py:115} INFO - [2025-10-14 16:28:40,822] {dag.py:2379} INFO - Sync 1 DAGs
[2025-10-14 16:28:40,840] {logging_mixin.py:115} INFO - [2025-10-14 16:28:40,840] {dag.py:2927} INFO - Setting next_dagrun for tutorial to 2025-10-13T19:28:40.840521+00:00, run_after=2025-10-14T19:28:40.840521+00:00
[2025-10-14 16:28:40,854] {processor.py:161} INFO - Processing /root/Projects/etlX/venv/lib/python3.9/site-packages/airflow/example_dags/tutorial.py took 0.065 seconds
[2025-10-14 16:29:12,955] {processor.py:153} INFO - Started process (PID=23452) to work on /root/Projects/etlX/venv/lib/python3.9/site-packages/airflow/example_dags/tutorial.py
[2025-10-14 16:29:12,956] {processor.py:641} INFO - Processing file /root/Projects/etlX/venv/lib/python3.9/site-packages/airflow/example_dags/tutorial.py for tasks to queue
[2025-10-14 16:29:12,956] {logging_mixin.py:115} INFO - [2025-10-14 16:29:12,956] {dagbag.py:507} INFO - Filling up the DagBag from /root/Projects/etlX/venv/lib/python3.9/site-packages/airflow/example_dags/tutorial.py
[2025-10-14 16:29:12,964] {processor.py:651} INFO - DAG(s) dict_keys(['tutorial']) retrieved from /root/Projects/etlX/venv/lib/python3.9/site-packages/airflow/example_dags/tutorial.py
[2025-10-14 16:29:12,983] {logging_mixin.py:115} INFO - [2025-10-14 16:29:12,983] {dag.py:2379} INFO - Sync 1 DAGs
[2025-10-14 16:29:13,003] {logging_mixin.py:115} INFO - [2025-10-14 16:29:13,002] {dag.py:2927} INFO - Setting next_dagrun for tutorial to 2025-10-13T19:29:13.002674+00:00, run_after=2025-10-14T19:29:13.002674+00:00
[2025-10-14 16:29:13,015] {processor.py:161} INFO - Processing /root/Projects/etlX/venv/lib/python3.9/site-packages/airflow/example_dags/tutorial.py took 0.065 seconds
[2025-10-14 16:29:46,054] {processor.py:153} INFO - Started process (PID=23619) to work on /root/Projects/etlX/venv/lib/python3.9/site-packages/airflow/example_dags/tutorial.py
[2025-10-14 16:29:46,054] {processor.py:641} INFO - Processing file /root/Projects/etlX/venv/lib/python3.9/site-packages/airflow/example_dags/tutorial.py for tasks to queue
[2025-10-14 16:29:46,055] {logging_mixin.py:115} INFO - [2025-10-14 16:29:46,055] {dagbag.py:507} INFO - Filling up the DagBag from /root/Projects/etlX/venv/lib/python3.9/site-packages/airflow/example_dags/tutorial.py
[2025-10-14 16:29:46,063] {processor.py:651} INFO - DAG(s) dict_keys(['tutorial']) retrieved from /root/Projects/etlX/venv/lib/python3.9/site-packages/airflow/example_dags/tutorial.py
[2025-10-14 16:29:46,083] {logging_mixin.py:115} INFO - [2025-10-14 16:29:46,083] {dag.py:2379} INFO - Sync 1 DAGs
[2025-10-14 16:29:46,104] {logging_mixin.py:115} INFO - [2025-10-14 16:29:46,103] {dag.py:2927} INFO - Setting next_dagrun for tutorial to 2025-10-13T19:29:46.103691+00:00, run_after=2025-10-14T19:29:46.103691+00:00
[2025-10-14 16:29:46,119] {processor.py:161} INFO - Processing /root/Projects/etlX/venv/lib/python3.9/site-packages/airflow/example_dags/tutorial.py took 0.069 seconds
[2025-10-14 16:36:04,965] {processor.py:153} INFO - Started process (PID=24450) to work on /root/Projects/etlX/venv/lib/python3.9/site-packages/airflow/example_dags/tutorial.py
[2025-10-14 16:36:04,965] {processor.py:641} INFO - Processing file /root/Projects/etlX/venv/lib/python3.9/site-packages/airflow/example_dags/tutorial.py for tasks to queue
[2025-10-14 16:36:04,966] {logging_mixin.py:115} INFO - [2025-10-14 16:36:04,966] {dagbag.py:507} INFO - Filling up the DagBag from /root/Projects/etlX/venv/lib/python3.9/site-packages/airflow/example_dags/tutorial.py
[2025-10-14 16:36:04,974] {processor.py:651} INFO - DAG(s) dict_keys(['tutorial']) retrieved from /root/Projects/etlX/venv/lib/python3.9/site-packages/airflow/example_dags/tutorial.py
[2025-10-14 16:36:04,995] {logging_mixin.py:115} INFO - [2025-10-14 16:36:04,995] {dag.py:2379} INFO - Sync 1 DAGs
[2025-10-14 16:36:05,015] {logging_mixin.py:115} INFO - [2025-10-14 16:36:05,015] {dag.py:2927} INFO - Setting next_dagrun for tutorial to 2025-10-13T19:36:05.015344+00:00, run_after=2025-10-14T19:36:05.015344+00:00
[2025-10-14 16:36:05,027] {processor.py:161} INFO - Processing /root/Projects/etlX/venv/lib/python3.9/site-packages/airflow/example_dags/tutorial.py took 0.067 seconds
