[2025-10-14 14:56:52,484] {processor.py:153} INFO - Started process (PID=13108) to work on /root/Projects/etlX/venv/lib/python3.9/site-packages/airflow/example_dags/tutorial_taskflow_api_etl.py
[2025-10-14 14:56:52,485] {processor.py:641} INFO - Processing file /root/Projects/etlX/venv/lib/python3.9/site-packages/airflow/example_dags/tutorial_taskflow_api_etl.py for tasks to queue
[2025-10-14 14:56:52,486] {logging_mixin.py:115} INFO - [2025-10-14 14:56:52,486] {dagbag.py:507} INFO - Filling up the DagBag from /root/Projects/etlX/venv/lib/python3.9/site-packages/airflow/example_dags/tutorial_taskflow_api_etl.py
[2025-10-14 14:56:52,517] {processor.py:651} INFO - DAG(s) dict_keys(['tutorial_taskflow_api_etl']) retrieved from /root/Projects/etlX/venv/lib/python3.9/site-packages/airflow/example_dags/tutorial_taskflow_api_etl.py
[2025-10-14 14:56:52,650] {logging_mixin.py:115} INFO - [2025-10-14 14:56:52,649] {manager.py:508} INFO - Created Permission View: can read on DAG:tutorial_taskflow_api_etl
[2025-10-14 14:56:52,667] {logging_mixin.py:115} INFO - [2025-10-14 14:56:52,667] {manager.py:508} INFO - Created Permission View: can edit on DAG:tutorial_taskflow_api_etl
[2025-10-14 14:56:52,684] {logging_mixin.py:115} INFO - [2025-10-14 14:56:52,684] {manager.py:508} INFO - Created Permission View: can delete on DAG:tutorial_taskflow_api_etl
[2025-10-14 14:56:52,684] {logging_mixin.py:115} INFO - [2025-10-14 14:56:52,684] {dag.py:2379} INFO - Sync 1 DAGs
[2025-10-14 14:56:52,696] {logging_mixin.py:115} INFO - [2025-10-14 14:56:52,696] {dag.py:2398} INFO - Creating ORM DAG for tutorial_taskflow_api_etl
[2025-10-14 14:56:52,706] {logging_mixin.py:115} INFO - [2025-10-14 14:56:52,706] {dag.py:2927} INFO - Setting next_dagrun for tutorial_taskflow_api_etl to None, run_after=None
[2025-10-14 14:56:52,742] {processor.py:164} ERROR - Got an exception! Propagating...
Traceback (most recent call last):
  File "/root/Projects/etlX/venv/lib/python3.9/site-packages/sqlalchemy/engine/base.py", line 928, in _commit_impl
    self.engine.dialect.do_commit(self.connection)
  File "/root/Projects/etlX/venv/lib/python3.9/site-packages/sqlalchemy/engine/default.py", line 669, in do_commit
    dbapi_connection.commit()
sqlite3.OperationalError: disk I/O error

The above exception was the direct cause of the following exception:

Traceback (most recent call last):
  File "/root/Projects/etlX/venv/lib/python3.9/site-packages/airflow/dag_processing/processor.py", line 155, in _run_file_processor
    result: Tuple[int, int] = dag_file_processor.process_file(
  File "/root/Projects/etlX/venv/lib/python3.9/site-packages/airflow/utils/session.py", line 71, in wrapper
    return func(*args, session=session, **kwargs)
  File "/root/Projects/etlX/venv/lib/python3.9/site-packages/airflow/dag_processing/processor.py", line 660, in process_file
    dagbag.sync_to_db()
  File "/root/Projects/etlX/venv/lib/python3.9/site-packages/airflow/utils/session.py", line 71, in wrapper
    return func(*args, session=session, **kwargs)
  File "/usr/lib/python3.9/contextlib.py", line 124, in __exit__
    next(self.gen)
  File "/root/Projects/etlX/venv/lib/python3.9/site-packages/airflow/utils/session.py", line 33, in create_session
    session.commit()
  File "/root/Projects/etlX/venv/lib/python3.9/site-packages/sqlalchemy/orm/session.py", line 1423, in commit
    self._transaction.commit(_to_root=self.future)
  File "/root/Projects/etlX/venv/lib/python3.9/site-packages/sqlalchemy/orm/session.py", line 836, in commit
    trans.commit()
  File "/root/Projects/etlX/venv/lib/python3.9/site-packages/sqlalchemy/engine/base.py", line 2265, in commit
    self._do_commit()
  File "/root/Projects/etlX/venv/lib/python3.9/site-packages/sqlalchemy/engine/base.py", line 2440, in _do_commit
    self._connection_commit_impl()
  File "/root/Projects/etlX/venv/lib/python3.9/site-packages/sqlalchemy/engine/base.py", line 2411, in _connection_commit_impl
    self.connection._commit_impl()
  File "/root/Projects/etlX/venv/lib/python3.9/site-packages/sqlalchemy/engine/base.py", line 930, in _commit_impl
    self._handle_dbapi_exception(e, None, None, None, None)
  File "/root/Projects/etlX/venv/lib/python3.9/site-packages/sqlalchemy/engine/base.py", line 1929, in _handle_dbapi_exception
    util.raise_(
  File "/root/Projects/etlX/venv/lib/python3.9/site-packages/sqlalchemy/util/compat.py", line 211, in raise_
    raise exception
  File "/root/Projects/etlX/venv/lib/python3.9/site-packages/sqlalchemy/engine/base.py", line 928, in _commit_impl
    self.engine.dialect.do_commit(self.connection)
  File "/root/Projects/etlX/venv/lib/python3.9/site-packages/sqlalchemy/engine/default.py", line 669, in do_commit
    dbapi_connection.commit()
sqlalchemy.exc.OperationalError: (sqlite3.OperationalError) disk I/O error
(Background on this error at: http://sqlalche.me/e/14/e3q8)
[2025-10-14 14:57:31,933] {processor.py:153} INFO - Started process (PID=13513) to work on /root/Projects/etlX/venv/lib/python3.9/site-packages/airflow/example_dags/tutorial_taskflow_api_etl.py
[2025-10-14 14:57:31,935] {processor.py:641} INFO - Processing file /root/Projects/etlX/venv/lib/python3.9/site-packages/airflow/example_dags/tutorial_taskflow_api_etl.py for tasks to queue
[2025-10-14 14:57:31,935] {logging_mixin.py:115} INFO - [2025-10-14 14:57:31,935] {dagbag.py:507} INFO - Filling up the DagBag from /root/Projects/etlX/venv/lib/python3.9/site-packages/airflow/example_dags/tutorial_taskflow_api_etl.py
[2025-10-14 14:57:31,961] {processor.py:651} INFO - DAG(s) dict_keys(['tutorial_taskflow_api_etl']) retrieved from /root/Projects/etlX/venv/lib/python3.9/site-packages/airflow/example_dags/tutorial_taskflow_api_etl.py
[2025-10-14 14:57:32,016] {logging_mixin.py:115} INFO - [2025-10-14 14:57:32,016] {dag.py:2379} INFO - Sync 1 DAGs
[2025-10-14 14:57:32,033] {logging_mixin.py:115} INFO - [2025-10-14 14:57:32,033] {dag.py:2927} INFO - Setting next_dagrun for tutorial_taskflow_api_etl to None, run_after=None
[2025-10-14 14:57:32,048] {processor.py:161} INFO - Processing /root/Projects/etlX/venv/lib/python3.9/site-packages/airflow/example_dags/tutorial_taskflow_api_etl.py took 0.120 seconds
[2025-10-14 14:58:05,802] {processor.py:153} INFO - Started process (PID=13673) to work on /root/Projects/etlX/venv/lib/python3.9/site-packages/airflow/example_dags/tutorial_taskflow_api_etl.py
[2025-10-14 14:58:05,803] {processor.py:641} INFO - Processing file /root/Projects/etlX/venv/lib/python3.9/site-packages/airflow/example_dags/tutorial_taskflow_api_etl.py for tasks to queue
[2025-10-14 14:58:05,804] {logging_mixin.py:115} INFO - [2025-10-14 14:58:05,803] {dagbag.py:507} INFO - Filling up the DagBag from /root/Projects/etlX/venv/lib/python3.9/site-packages/airflow/example_dags/tutorial_taskflow_api_etl.py
[2025-10-14 14:58:05,830] {processor.py:651} INFO - DAG(s) dict_keys(['tutorial_taskflow_api_etl']) retrieved from /root/Projects/etlX/venv/lib/python3.9/site-packages/airflow/example_dags/tutorial_taskflow_api_etl.py
[2025-10-14 14:58:05,874] {logging_mixin.py:115} INFO - [2025-10-14 14:58:05,874] {dag.py:2379} INFO - Sync 1 DAGs
[2025-10-14 14:58:05,887] {logging_mixin.py:115} INFO - [2025-10-14 14:58:05,887] {dag.py:2927} INFO - Setting next_dagrun for tutorial_taskflow_api_etl to None, run_after=None
[2025-10-14 14:58:05,898] {processor.py:161} INFO - Processing /root/Projects/etlX/venv/lib/python3.9/site-packages/airflow/example_dags/tutorial_taskflow_api_etl.py took 0.106 seconds
[2025-10-14 14:58:38,027] {processor.py:153} INFO - Started process (PID=13725) to work on /root/Projects/etlX/venv/lib/python3.9/site-packages/airflow/example_dags/tutorial_taskflow_api_etl.py
[2025-10-14 14:58:38,028] {processor.py:641} INFO - Processing file /root/Projects/etlX/venv/lib/python3.9/site-packages/airflow/example_dags/tutorial_taskflow_api_etl.py for tasks to queue
[2025-10-14 14:58:38,029] {logging_mixin.py:115} INFO - [2025-10-14 14:58:38,029] {dagbag.py:507} INFO - Filling up the DagBag from /root/Projects/etlX/venv/lib/python3.9/site-packages/airflow/example_dags/tutorial_taskflow_api_etl.py
[2025-10-14 14:58:38,060] {processor.py:651} INFO - DAG(s) dict_keys(['tutorial_taskflow_api_etl']) retrieved from /root/Projects/etlX/venv/lib/python3.9/site-packages/airflow/example_dags/tutorial_taskflow_api_etl.py
[2025-10-14 14:58:38,089] {logging_mixin.py:115} INFO - [2025-10-14 14:58:38,089] {dag.py:2379} INFO - Sync 1 DAGs
[2025-10-14 14:58:38,116] {logging_mixin.py:115} INFO - [2025-10-14 14:58:38,116] {dag.py:2927} INFO - Setting next_dagrun for tutorial_taskflow_api_etl to None, run_after=None
[2025-10-14 14:58:38,127] {processor.py:161} INFO - Processing /root/Projects/etlX/venv/lib/python3.9/site-packages/airflow/example_dags/tutorial_taskflow_api_etl.py took 0.106 seconds
[2025-10-14 14:59:10,076] {processor.py:153} INFO - Started process (PID=13933) to work on /root/Projects/etlX/venv/lib/python3.9/site-packages/airflow/example_dags/tutorial_taskflow_api_etl.py
[2025-10-14 14:59:10,077] {processor.py:641} INFO - Processing file /root/Projects/etlX/venv/lib/python3.9/site-packages/airflow/example_dags/tutorial_taskflow_api_etl.py for tasks to queue
[2025-10-14 14:59:10,078] {logging_mixin.py:115} INFO - [2025-10-14 14:59:10,078] {dagbag.py:507} INFO - Filling up the DagBag from /root/Projects/etlX/venv/lib/python3.9/site-packages/airflow/example_dags/tutorial_taskflow_api_etl.py
[2025-10-14 14:59:10,103] {processor.py:651} INFO - DAG(s) dict_keys(['tutorial_taskflow_api_etl']) retrieved from /root/Projects/etlX/venv/lib/python3.9/site-packages/airflow/example_dags/tutorial_taskflow_api_etl.py
[2025-10-14 14:59:10,146] {logging_mixin.py:115} INFO - [2025-10-14 14:59:10,146] {dag.py:2379} INFO - Sync 1 DAGs
[2025-10-14 14:59:10,158] {logging_mixin.py:115} INFO - [2025-10-14 14:59:10,158] {dag.py:2927} INFO - Setting next_dagrun for tutorial_taskflow_api_etl to None, run_after=None
[2025-10-14 14:59:10,170] {processor.py:161} INFO - Processing /root/Projects/etlX/venv/lib/python3.9/site-packages/airflow/example_dags/tutorial_taskflow_api_etl.py took 0.102 seconds
[2025-10-14 14:59:43,935] {processor.py:153} INFO - Started process (PID=13990) to work on /root/Projects/etlX/venv/lib/python3.9/site-packages/airflow/example_dags/tutorial_taskflow_api_etl.py
[2025-10-14 14:59:43,936] {processor.py:641} INFO - Processing file /root/Projects/etlX/venv/lib/python3.9/site-packages/airflow/example_dags/tutorial_taskflow_api_etl.py for tasks to queue
[2025-10-14 14:59:43,937] {logging_mixin.py:115} INFO - [2025-10-14 14:59:43,937] {dagbag.py:507} INFO - Filling up the DagBag from /root/Projects/etlX/venv/lib/python3.9/site-packages/airflow/example_dags/tutorial_taskflow_api_etl.py
[2025-10-14 14:59:43,959] {processor.py:651} INFO - DAG(s) dict_keys(['tutorial_taskflow_api_etl']) retrieved from /root/Projects/etlX/venv/lib/python3.9/site-packages/airflow/example_dags/tutorial_taskflow_api_etl.py
[2025-10-14 14:59:44,048] {logging_mixin.py:115} INFO - [2025-10-14 14:59:44,048] {dag.py:2379} INFO - Sync 1 DAGs
[2025-10-14 14:59:44,074] {logging_mixin.py:115} INFO - [2025-10-14 14:59:44,073] {dag.py:2927} INFO - Setting next_dagrun for tutorial_taskflow_api_etl to None, run_after=None
[2025-10-14 14:59:44,100] {processor.py:161} INFO - Processing /root/Projects/etlX/venv/lib/python3.9/site-packages/airflow/example_dags/tutorial_taskflow_api_etl.py took 0.169 seconds
[2025-10-14 15:00:15,126] {processor.py:153} INFO - Started process (PID=14044) to work on /root/Projects/etlX/venv/lib/python3.9/site-packages/airflow/example_dags/tutorial_taskflow_api_etl.py
[2025-10-14 15:00:15,127] {processor.py:641} INFO - Processing file /root/Projects/etlX/venv/lib/python3.9/site-packages/airflow/example_dags/tutorial_taskflow_api_etl.py for tasks to queue
[2025-10-14 15:00:15,127] {logging_mixin.py:115} INFO - [2025-10-14 15:00:15,127] {dagbag.py:507} INFO - Filling up the DagBag from /root/Projects/etlX/venv/lib/python3.9/site-packages/airflow/example_dags/tutorial_taskflow_api_etl.py
[2025-10-14 15:00:15,146] {processor.py:651} INFO - DAG(s) dict_keys(['tutorial_taskflow_api_etl']) retrieved from /root/Projects/etlX/venv/lib/python3.9/site-packages/airflow/example_dags/tutorial_taskflow_api_etl.py
[2025-10-14 15:00:15,194] {logging_mixin.py:115} INFO - [2025-10-14 15:00:15,194] {dag.py:2379} INFO - Sync 1 DAGs
[2025-10-14 15:00:15,207] {logging_mixin.py:115} INFO - [2025-10-14 15:00:15,207] {dag.py:2927} INFO - Setting next_dagrun for tutorial_taskflow_api_etl to None, run_after=None
[2025-10-14 15:00:15,219] {processor.py:161} INFO - Processing /root/Projects/etlX/venv/lib/python3.9/site-packages/airflow/example_dags/tutorial_taskflow_api_etl.py took 0.098 seconds
[2025-10-14 15:00:50,783] {processor.py:153} INFO - Started process (PID=14255) to work on /root/Projects/etlX/venv/lib/python3.9/site-packages/airflow/example_dags/tutorial_taskflow_api_etl.py
[2025-10-14 15:00:50,783] {processor.py:641} INFO - Processing file /root/Projects/etlX/venv/lib/python3.9/site-packages/airflow/example_dags/tutorial_taskflow_api_etl.py for tasks to queue
[2025-10-14 15:00:50,784] {logging_mixin.py:115} INFO - [2025-10-14 15:00:50,784] {dagbag.py:507} INFO - Filling up the DagBag from /root/Projects/etlX/venv/lib/python3.9/site-packages/airflow/example_dags/tutorial_taskflow_api_etl.py
[2025-10-14 15:00:50,804] {processor.py:651} INFO - DAG(s) dict_keys(['tutorial_taskflow_api_etl']) retrieved from /root/Projects/etlX/venv/lib/python3.9/site-packages/airflow/example_dags/tutorial_taskflow_api_etl.py
[2025-10-14 15:00:50,854] {logging_mixin.py:115} INFO - [2025-10-14 15:00:50,854] {dag.py:2379} INFO - Sync 1 DAGs
[2025-10-14 15:00:50,870] {logging_mixin.py:115} INFO - [2025-10-14 15:00:50,870] {dag.py:2927} INFO - Setting next_dagrun for tutorial_taskflow_api_etl to None, run_after=None
[2025-10-14 15:00:50,884] {processor.py:161} INFO - Processing /root/Projects/etlX/venv/lib/python3.9/site-packages/airflow/example_dags/tutorial_taskflow_api_etl.py took 0.106 seconds
[2025-10-14 15:01:21,752] {processor.py:153} INFO - Started process (PID=14460) to work on /root/Projects/etlX/venv/lib/python3.9/site-packages/airflow/example_dags/tutorial_taskflow_api_etl.py
[2025-10-14 15:01:21,753] {processor.py:641} INFO - Processing file /root/Projects/etlX/venv/lib/python3.9/site-packages/airflow/example_dags/tutorial_taskflow_api_etl.py for tasks to queue
[2025-10-14 15:01:21,753] {logging_mixin.py:115} INFO - [2025-10-14 15:01:21,753] {dagbag.py:507} INFO - Filling up the DagBag from /root/Projects/etlX/venv/lib/python3.9/site-packages/airflow/example_dags/tutorial_taskflow_api_etl.py
[2025-10-14 15:01:21,773] {processor.py:651} INFO - DAG(s) dict_keys(['tutorial_taskflow_api_etl']) retrieved from /root/Projects/etlX/venv/lib/python3.9/site-packages/airflow/example_dags/tutorial_taskflow_api_etl.py
[2025-10-14 15:01:21,792] {logging_mixin.py:115} INFO - [2025-10-14 15:01:21,792] {dag.py:2379} INFO - Sync 1 DAGs
[2025-10-14 15:01:21,811] {logging_mixin.py:115} INFO - [2025-10-14 15:01:21,811] {dag.py:2927} INFO - Setting next_dagrun for tutorial_taskflow_api_etl to None, run_after=None
[2025-10-14 15:01:21,821] {processor.py:161} INFO - Processing /root/Projects/etlX/venv/lib/python3.9/site-packages/airflow/example_dags/tutorial_taskflow_api_etl.py took 0.074 seconds
[2025-10-14 15:01:52,291] {processor.py:153} INFO - Started process (PID=14667) to work on /root/Projects/etlX/venv/lib/python3.9/site-packages/airflow/example_dags/tutorial_taskflow_api_etl.py
[2025-10-14 15:01:52,292] {processor.py:641} INFO - Processing file /root/Projects/etlX/venv/lib/python3.9/site-packages/airflow/example_dags/tutorial_taskflow_api_etl.py for tasks to queue
[2025-10-14 15:01:52,293] {logging_mixin.py:115} INFO - [2025-10-14 15:01:52,293] {dagbag.py:507} INFO - Filling up the DagBag from /root/Projects/etlX/venv/lib/python3.9/site-packages/airflow/example_dags/tutorial_taskflow_api_etl.py
[2025-10-14 15:01:52,312] {processor.py:651} INFO - DAG(s) dict_keys(['tutorial_taskflow_api_etl']) retrieved from /root/Projects/etlX/venv/lib/python3.9/site-packages/airflow/example_dags/tutorial_taskflow_api_etl.py
[2025-10-14 15:01:52,356] {logging_mixin.py:115} INFO - [2025-10-14 15:01:52,356] {dag.py:2379} INFO - Sync 1 DAGs
[2025-10-14 15:01:52,369] {logging_mixin.py:115} INFO - [2025-10-14 15:01:52,369] {dag.py:2927} INFO - Setting next_dagrun for tutorial_taskflow_api_etl to None, run_after=None
[2025-10-14 15:01:52,380] {processor.py:161} INFO - Processing /root/Projects/etlX/venv/lib/python3.9/site-packages/airflow/example_dags/tutorial_taskflow_api_etl.py took 0.093 seconds
[2025-10-14 15:02:25,312] {processor.py:153} INFO - Started process (PID=14823) to work on /root/Projects/etlX/venv/lib/python3.9/site-packages/airflow/example_dags/tutorial_taskflow_api_etl.py
[2025-10-14 15:02:25,313] {processor.py:641} INFO - Processing file /root/Projects/etlX/venv/lib/python3.9/site-packages/airflow/example_dags/tutorial_taskflow_api_etl.py for tasks to queue
[2025-10-14 15:02:25,313] {logging_mixin.py:115} INFO - [2025-10-14 15:02:25,313] {dagbag.py:507} INFO - Filling up the DagBag from /root/Projects/etlX/venv/lib/python3.9/site-packages/airflow/example_dags/tutorial_taskflow_api_etl.py
[2025-10-14 15:02:25,361] {processor.py:651} INFO - DAG(s) dict_keys(['tutorial_taskflow_api_etl']) retrieved from /root/Projects/etlX/venv/lib/python3.9/site-packages/airflow/example_dags/tutorial_taskflow_api_etl.py
[2025-10-14 15:02:25,402] {logging_mixin.py:115} INFO - [2025-10-14 15:02:25,402] {dag.py:2379} INFO - Sync 1 DAGs
[2025-10-14 15:02:25,431] {logging_mixin.py:115} INFO - [2025-10-14 15:02:25,431] {dag.py:2927} INFO - Setting next_dagrun for tutorial_taskflow_api_etl to None, run_after=None
[2025-10-14 15:02:25,451] {processor.py:161} INFO - Processing /root/Projects/etlX/venv/lib/python3.9/site-packages/airflow/example_dags/tutorial_taskflow_api_etl.py took 0.146 seconds
[2025-10-14 15:02:59,280] {processor.py:153} INFO - Started process (PID=14985) to work on /root/Projects/etlX/venv/lib/python3.9/site-packages/airflow/example_dags/tutorial_taskflow_api_etl.py
[2025-10-14 15:02:59,280] {processor.py:641} INFO - Processing file /root/Projects/etlX/venv/lib/python3.9/site-packages/airflow/example_dags/tutorial_taskflow_api_etl.py for tasks to queue
[2025-10-14 15:02:59,281] {logging_mixin.py:115} INFO - [2025-10-14 15:02:59,281] {dagbag.py:507} INFO - Filling up the DagBag from /root/Projects/etlX/venv/lib/python3.9/site-packages/airflow/example_dags/tutorial_taskflow_api_etl.py
[2025-10-14 15:02:59,301] {processor.py:651} INFO - DAG(s) dict_keys(['tutorial_taskflow_api_etl']) retrieved from /root/Projects/etlX/venv/lib/python3.9/site-packages/airflow/example_dags/tutorial_taskflow_api_etl.py
[2025-10-14 15:02:59,324] {logging_mixin.py:115} INFO - [2025-10-14 15:02:59,324] {dag.py:2379} INFO - Sync 1 DAGs
[2025-10-14 15:02:59,343] {logging_mixin.py:115} INFO - [2025-10-14 15:02:59,343] {dag.py:2927} INFO - Setting next_dagrun for tutorial_taskflow_api_etl to None, run_after=None
[2025-10-14 15:02:59,354] {processor.py:161} INFO - Processing /root/Projects/etlX/venv/lib/python3.9/site-packages/airflow/example_dags/tutorial_taskflow_api_etl.py took 0.079 seconds
[2025-10-14 15:09:44,299] {processor.py:153} INFO - Started process (PID=15695) to work on /root/Projects/etlX/venv/lib/python3.9/site-packages/airflow/example_dags/tutorial_taskflow_api_etl.py
[2025-10-14 15:09:44,300] {processor.py:641} INFO - Processing file /root/Projects/etlX/venv/lib/python3.9/site-packages/airflow/example_dags/tutorial_taskflow_api_etl.py for tasks to queue
[2025-10-14 15:09:44,300] {logging_mixin.py:115} INFO - [2025-10-14 15:09:44,300] {dagbag.py:507} INFO - Filling up the DagBag from /root/Projects/etlX/venv/lib/python3.9/site-packages/airflow/example_dags/tutorial_taskflow_api_etl.py
[2025-10-14 15:09:44,335] {processor.py:651} INFO - DAG(s) dict_keys(['tutorial_taskflow_api_etl']) retrieved from /root/Projects/etlX/venv/lib/python3.9/site-packages/airflow/example_dags/tutorial_taskflow_api_etl.py
[2025-10-14 15:09:44,401] {logging_mixin.py:115} INFO - [2025-10-14 15:09:44,401] {dag.py:2379} INFO - Sync 1 DAGs
[2025-10-14 15:09:44,422] {logging_mixin.py:115} INFO - [2025-10-14 15:09:44,421] {dag.py:2927} INFO - Setting next_dagrun for tutorial_taskflow_api_etl to None, run_after=None
[2025-10-14 15:09:44,474] {processor.py:161} INFO - Processing /root/Projects/etlX/venv/lib/python3.9/site-packages/airflow/example_dags/tutorial_taskflow_api_etl.py took 0.180 seconds
[2025-10-14 15:10:19,200] {processor.py:153} INFO - Started process (PID=15921) to work on /root/Projects/etlX/venv/lib/python3.9/site-packages/airflow/example_dags/tutorial_taskflow_api_etl.py
[2025-10-14 15:10:19,202] {processor.py:641} INFO - Processing file /root/Projects/etlX/venv/lib/python3.9/site-packages/airflow/example_dags/tutorial_taskflow_api_etl.py for tasks to queue
[2025-10-14 15:10:19,202] {logging_mixin.py:115} INFO - [2025-10-14 15:10:19,202] {dagbag.py:507} INFO - Filling up the DagBag from /root/Projects/etlX/venv/lib/python3.9/site-packages/airflow/example_dags/tutorial_taskflow_api_etl.py
[2025-10-14 15:10:19,225] {processor.py:651} INFO - DAG(s) dict_keys(['tutorial_taskflow_api_etl']) retrieved from /root/Projects/etlX/venv/lib/python3.9/site-packages/airflow/example_dags/tutorial_taskflow_api_etl.py
[2025-10-14 15:10:19,272] {logging_mixin.py:115} INFO - [2025-10-14 15:10:19,272] {dag.py:2379} INFO - Sync 1 DAGs
[2025-10-14 15:10:19,287] {logging_mixin.py:115} INFO - [2025-10-14 15:10:19,286] {dag.py:2927} INFO - Setting next_dagrun for tutorial_taskflow_api_etl to None, run_after=None
[2025-10-14 15:10:19,299] {processor.py:161} INFO - Processing /root/Projects/etlX/venv/lib/python3.9/site-packages/airflow/example_dags/tutorial_taskflow_api_etl.py took 0.103 seconds
[2025-10-14 15:10:53,017] {processor.py:153} INFO - Started process (PID=15979) to work on /root/Projects/etlX/venv/lib/python3.9/site-packages/airflow/example_dags/tutorial_taskflow_api_etl.py
[2025-10-14 15:10:53,017] {processor.py:641} INFO - Processing file /root/Projects/etlX/venv/lib/python3.9/site-packages/airflow/example_dags/tutorial_taskflow_api_etl.py for tasks to queue
[2025-10-14 15:10:53,018] {logging_mixin.py:115} INFO - [2025-10-14 15:10:53,018] {dagbag.py:507} INFO - Filling up the DagBag from /root/Projects/etlX/venv/lib/python3.9/site-packages/airflow/example_dags/tutorial_taskflow_api_etl.py
[2025-10-14 15:10:53,039] {processor.py:651} INFO - DAG(s) dict_keys(['tutorial_taskflow_api_etl']) retrieved from /root/Projects/etlX/venv/lib/python3.9/site-packages/airflow/example_dags/tutorial_taskflow_api_etl.py
[2025-10-14 15:10:53,086] {logging_mixin.py:115} INFO - [2025-10-14 15:10:53,086] {dag.py:2379} INFO - Sync 1 DAGs
[2025-10-14 15:10:53,101] {logging_mixin.py:115} INFO - [2025-10-14 15:10:53,101] {dag.py:2927} INFO - Setting next_dagrun for tutorial_taskflow_api_etl to None, run_after=None
[2025-10-14 15:10:53,113] {processor.py:161} INFO - Processing /root/Projects/etlX/venv/lib/python3.9/site-packages/airflow/example_dags/tutorial_taskflow_api_etl.py took 0.100 seconds
[2025-10-14 15:11:24,133] {processor.py:153} INFO - Started process (PID=16134) to work on /root/Projects/etlX/venv/lib/python3.9/site-packages/airflow/example_dags/tutorial_taskflow_api_etl.py
[2025-10-14 15:11:24,134] {processor.py:641} INFO - Processing file /root/Projects/etlX/venv/lib/python3.9/site-packages/airflow/example_dags/tutorial_taskflow_api_etl.py for tasks to queue
[2025-10-14 15:11:24,135] {logging_mixin.py:115} INFO - [2025-10-14 15:11:24,134] {dagbag.py:507} INFO - Filling up the DagBag from /root/Projects/etlX/venv/lib/python3.9/site-packages/airflow/example_dags/tutorial_taskflow_api_etl.py
[2025-10-14 15:11:24,158] {processor.py:651} INFO - DAG(s) dict_keys(['tutorial_taskflow_api_etl']) retrieved from /root/Projects/etlX/venv/lib/python3.9/site-packages/airflow/example_dags/tutorial_taskflow_api_etl.py
[2025-10-14 15:11:24,215] {logging_mixin.py:115} INFO - [2025-10-14 15:11:24,215] {dag.py:2379} INFO - Sync 1 DAGs
[2025-10-14 15:11:24,231] {logging_mixin.py:115} INFO - [2025-10-14 15:11:24,231] {dag.py:2927} INFO - Setting next_dagrun for tutorial_taskflow_api_etl to None, run_after=None
[2025-10-14 15:11:24,245] {processor.py:161} INFO - Processing /root/Projects/etlX/venv/lib/python3.9/site-packages/airflow/example_dags/tutorial_taskflow_api_etl.py took 0.117 seconds
[2025-10-14 15:11:58,253] {processor.py:153} INFO - Started process (PID=16189) to work on /root/Projects/etlX/venv/lib/python3.9/site-packages/airflow/example_dags/tutorial_taskflow_api_etl.py
[2025-10-14 15:11:58,254] {processor.py:641} INFO - Processing file /root/Projects/etlX/venv/lib/python3.9/site-packages/airflow/example_dags/tutorial_taskflow_api_etl.py for tasks to queue
[2025-10-14 15:11:58,255] {logging_mixin.py:115} INFO - [2025-10-14 15:11:58,255] {dagbag.py:507} INFO - Filling up the DagBag from /root/Projects/etlX/venv/lib/python3.9/site-packages/airflow/example_dags/tutorial_taskflow_api_etl.py
[2025-10-14 15:11:58,282] {processor.py:651} INFO - DAG(s) dict_keys(['tutorial_taskflow_api_etl']) retrieved from /root/Projects/etlX/venv/lib/python3.9/site-packages/airflow/example_dags/tutorial_taskflow_api_etl.py
[2025-10-14 15:11:58,341] {logging_mixin.py:115} INFO - [2025-10-14 15:11:58,341] {dag.py:2379} INFO - Sync 1 DAGs
[2025-10-14 15:11:58,355] {logging_mixin.py:115} INFO - [2025-10-14 15:11:58,355] {dag.py:2927} INFO - Setting next_dagrun for tutorial_taskflow_api_etl to None, run_after=None
[2025-10-14 15:11:58,367] {processor.py:161} INFO - Processing /root/Projects/etlX/venv/lib/python3.9/site-packages/airflow/example_dags/tutorial_taskflow_api_etl.py took 0.119 seconds
[2025-10-14 15:12:32,615] {processor.py:153} INFO - Started process (PID=16247) to work on /root/Projects/etlX/venv/lib/python3.9/site-packages/airflow/example_dags/tutorial_taskflow_api_etl.py
[2025-10-14 15:12:32,616] {processor.py:641} INFO - Processing file /root/Projects/etlX/venv/lib/python3.9/site-packages/airflow/example_dags/tutorial_taskflow_api_etl.py for tasks to queue
[2025-10-14 15:12:32,617] {logging_mixin.py:115} INFO - [2025-10-14 15:12:32,617] {dagbag.py:507} INFO - Filling up the DagBag from /root/Projects/etlX/venv/lib/python3.9/site-packages/airflow/example_dags/tutorial_taskflow_api_etl.py
[2025-10-14 15:12:32,638] {processor.py:651} INFO - DAG(s) dict_keys(['tutorial_taskflow_api_etl']) retrieved from /root/Projects/etlX/venv/lib/python3.9/site-packages/airflow/example_dags/tutorial_taskflow_api_etl.py
[2025-10-14 15:12:32,692] {logging_mixin.py:115} INFO - [2025-10-14 15:12:32,692] {dag.py:2379} INFO - Sync 1 DAGs
[2025-10-14 15:12:32,708] {logging_mixin.py:115} INFO - [2025-10-14 15:12:32,708] {dag.py:2927} INFO - Setting next_dagrun for tutorial_taskflow_api_etl to None, run_after=None
[2025-10-14 15:12:32,722] {processor.py:161} INFO - Processing /root/Projects/etlX/venv/lib/python3.9/site-packages/airflow/example_dags/tutorial_taskflow_api_etl.py took 0.111 seconds
[2025-10-14 15:13:05,594] {processor.py:153} INFO - Started process (PID=16302) to work on /root/Projects/etlX/venv/lib/python3.9/site-packages/airflow/example_dags/tutorial_taskflow_api_etl.py
[2025-10-14 15:13:05,594] {processor.py:641} INFO - Processing file /root/Projects/etlX/venv/lib/python3.9/site-packages/airflow/example_dags/tutorial_taskflow_api_etl.py for tasks to queue
[2025-10-14 15:13:05,595] {logging_mixin.py:115} INFO - [2025-10-14 15:13:05,595] {dagbag.py:507} INFO - Filling up the DagBag from /root/Projects/etlX/venv/lib/python3.9/site-packages/airflow/example_dags/tutorial_taskflow_api_etl.py
[2025-10-14 15:13:05,614] {processor.py:651} INFO - DAG(s) dict_keys(['tutorial_taskflow_api_etl']) retrieved from /root/Projects/etlX/venv/lib/python3.9/site-packages/airflow/example_dags/tutorial_taskflow_api_etl.py
[2025-10-14 15:13:05,633] {logging_mixin.py:115} INFO - [2025-10-14 15:13:05,633] {dag.py:2379} INFO - Sync 1 DAGs
[2025-10-14 15:13:05,651] {logging_mixin.py:115} INFO - [2025-10-14 15:13:05,651] {dag.py:2927} INFO - Setting next_dagrun for tutorial_taskflow_api_etl to None, run_after=None
[2025-10-14 15:13:05,662] {processor.py:161} INFO - Processing /root/Projects/etlX/venv/lib/python3.9/site-packages/airflow/example_dags/tutorial_taskflow_api_etl.py took 0.075 seconds
[2025-10-14 15:13:38,478] {processor.py:153} INFO - Started process (PID=16355) to work on /root/Projects/etlX/venv/lib/python3.9/site-packages/airflow/example_dags/tutorial_taskflow_api_etl.py
[2025-10-14 15:13:38,479] {processor.py:641} INFO - Processing file /root/Projects/etlX/venv/lib/python3.9/site-packages/airflow/example_dags/tutorial_taskflow_api_etl.py for tasks to queue
[2025-10-14 15:13:38,480] {logging_mixin.py:115} INFO - [2025-10-14 15:13:38,480] {dagbag.py:507} INFO - Filling up the DagBag from /root/Projects/etlX/venv/lib/python3.9/site-packages/airflow/example_dags/tutorial_taskflow_api_etl.py
[2025-10-14 15:13:38,501] {processor.py:651} INFO - DAG(s) dict_keys(['tutorial_taskflow_api_etl']) retrieved from /root/Projects/etlX/venv/lib/python3.9/site-packages/airflow/example_dags/tutorial_taskflow_api_etl.py
[2025-10-14 15:13:38,551] {logging_mixin.py:115} INFO - [2025-10-14 15:13:38,551] {dag.py:2379} INFO - Sync 1 DAGs
[2025-10-14 15:13:38,565] {logging_mixin.py:115} INFO - [2025-10-14 15:13:38,565] {dag.py:2927} INFO - Setting next_dagrun for tutorial_taskflow_api_etl to None, run_after=None
[2025-10-14 15:13:38,578] {processor.py:161} INFO - Processing /root/Projects/etlX/venv/lib/python3.9/site-packages/airflow/example_dags/tutorial_taskflow_api_etl.py took 0.105 seconds
[2025-10-14 15:14:10,874] {processor.py:153} INFO - Started process (PID=16410) to work on /root/Projects/etlX/venv/lib/python3.9/site-packages/airflow/example_dags/tutorial_taskflow_api_etl.py
[2025-10-14 15:14:10,874] {processor.py:641} INFO - Processing file /root/Projects/etlX/venv/lib/python3.9/site-packages/airflow/example_dags/tutorial_taskflow_api_etl.py for tasks to queue
[2025-10-14 15:14:10,875] {logging_mixin.py:115} INFO - [2025-10-14 15:14:10,875] {dagbag.py:507} INFO - Filling up the DagBag from /root/Projects/etlX/venv/lib/python3.9/site-packages/airflow/example_dags/tutorial_taskflow_api_etl.py
[2025-10-14 15:14:10,901] {processor.py:651} INFO - DAG(s) dict_keys(['tutorial_taskflow_api_etl']) retrieved from /root/Projects/etlX/venv/lib/python3.9/site-packages/airflow/example_dags/tutorial_taskflow_api_etl.py
[2025-10-14 15:14:10,945] {logging_mixin.py:115} INFO - [2025-10-14 15:14:10,945] {dag.py:2379} INFO - Sync 1 DAGs
[2025-10-14 15:14:10,959] {logging_mixin.py:115} INFO - [2025-10-14 15:14:10,959] {dag.py:2927} INFO - Setting next_dagrun for tutorial_taskflow_api_etl to None, run_after=None
[2025-10-14 15:14:10,971] {processor.py:161} INFO - Processing /root/Projects/etlX/venv/lib/python3.9/site-packages/airflow/example_dags/tutorial_taskflow_api_etl.py took 0.106 seconds
[2025-10-14 15:14:44,753] {processor.py:153} INFO - Started process (PID=16520) to work on /root/Projects/etlX/venv/lib/python3.9/site-packages/airflow/example_dags/tutorial_taskflow_api_etl.py
[2025-10-14 15:14:44,754] {processor.py:641} INFO - Processing file /root/Projects/etlX/venv/lib/python3.9/site-packages/airflow/example_dags/tutorial_taskflow_api_etl.py for tasks to queue
[2025-10-14 15:14:44,755] {logging_mixin.py:115} INFO - [2025-10-14 15:14:44,754] {dagbag.py:507} INFO - Filling up the DagBag from /root/Projects/etlX/venv/lib/python3.9/site-packages/airflow/example_dags/tutorial_taskflow_api_etl.py
[2025-10-14 15:14:44,774] {processor.py:651} INFO - DAG(s) dict_keys(['tutorial_taskflow_api_etl']) retrieved from /root/Projects/etlX/venv/lib/python3.9/site-packages/airflow/example_dags/tutorial_taskflow_api_etl.py
[2025-10-14 15:14:44,817] {logging_mixin.py:115} INFO - [2025-10-14 15:14:44,817] {dag.py:2379} INFO - Sync 1 DAGs
[2025-10-14 15:14:44,831] {logging_mixin.py:115} INFO - [2025-10-14 15:14:44,830] {dag.py:2927} INFO - Setting next_dagrun for tutorial_taskflow_api_etl to None, run_after=None
[2025-10-14 15:14:44,842] {processor.py:161} INFO - Processing /root/Projects/etlX/venv/lib/python3.9/site-packages/airflow/example_dags/tutorial_taskflow_api_etl.py took 0.093 seconds
[2025-10-14 15:15:17,138] {processor.py:153} INFO - Started process (PID=16572) to work on /root/Projects/etlX/venv/lib/python3.9/site-packages/airflow/example_dags/tutorial_taskflow_api_etl.py
[2025-10-14 15:15:17,138] {processor.py:641} INFO - Processing file /root/Projects/etlX/venv/lib/python3.9/site-packages/airflow/example_dags/tutorial_taskflow_api_etl.py for tasks to queue
[2025-10-14 15:15:17,139] {logging_mixin.py:115} INFO - [2025-10-14 15:15:17,139] {dagbag.py:507} INFO - Filling up the DagBag from /root/Projects/etlX/venv/lib/python3.9/site-packages/airflow/example_dags/tutorial_taskflow_api_etl.py
[2025-10-14 15:15:17,160] {processor.py:651} INFO - DAG(s) dict_keys(['tutorial_taskflow_api_etl']) retrieved from /root/Projects/etlX/venv/lib/python3.9/site-packages/airflow/example_dags/tutorial_taskflow_api_etl.py
[2025-10-14 15:15:17,183] {logging_mixin.py:115} INFO - [2025-10-14 15:15:17,183] {dag.py:2379} INFO - Sync 1 DAGs
[2025-10-14 15:15:17,200] {logging_mixin.py:115} INFO - [2025-10-14 15:15:17,200] {dag.py:2927} INFO - Setting next_dagrun for tutorial_taskflow_api_etl to None, run_after=None
[2025-10-14 15:15:17,212] {processor.py:161} INFO - Processing /root/Projects/etlX/venv/lib/python3.9/site-packages/airflow/example_dags/tutorial_taskflow_api_etl.py took 0.078 seconds
[2025-10-14 15:15:47,864] {processor.py:153} INFO - Started process (PID=16623) to work on /root/Projects/etlX/venv/lib/python3.9/site-packages/airflow/example_dags/tutorial_taskflow_api_etl.py
[2025-10-14 15:15:47,865] {processor.py:641} INFO - Processing file /root/Projects/etlX/venv/lib/python3.9/site-packages/airflow/example_dags/tutorial_taskflow_api_etl.py for tasks to queue
[2025-10-14 15:15:47,865] {logging_mixin.py:115} INFO - [2025-10-14 15:15:47,865] {dagbag.py:507} INFO - Filling up the DagBag from /root/Projects/etlX/venv/lib/python3.9/site-packages/airflow/example_dags/tutorial_taskflow_api_etl.py
[2025-10-14 15:15:47,885] {processor.py:651} INFO - DAG(s) dict_keys(['tutorial_taskflow_api_etl']) retrieved from /root/Projects/etlX/venv/lib/python3.9/site-packages/airflow/example_dags/tutorial_taskflow_api_etl.py
[2025-10-14 15:15:47,906] {logging_mixin.py:115} INFO - [2025-10-14 15:15:47,906] {dag.py:2379} INFO - Sync 1 DAGs
[2025-10-14 15:15:47,923] {logging_mixin.py:115} INFO - [2025-10-14 15:15:47,923] {dag.py:2927} INFO - Setting next_dagrun for tutorial_taskflow_api_etl to None, run_after=None
[2025-10-14 15:15:47,936] {processor.py:161} INFO - Processing /root/Projects/etlX/venv/lib/python3.9/site-packages/airflow/example_dags/tutorial_taskflow_api_etl.py took 0.076 seconds
[2025-10-14 15:16:19,034] {processor.py:153} INFO - Started process (PID=16829) to work on /root/Projects/etlX/venv/lib/python3.9/site-packages/airflow/example_dags/tutorial_taskflow_api_etl.py
[2025-10-14 15:16:19,034] {processor.py:641} INFO - Processing file /root/Projects/etlX/venv/lib/python3.9/site-packages/airflow/example_dags/tutorial_taskflow_api_etl.py for tasks to queue
[2025-10-14 15:16:19,035] {logging_mixin.py:115} INFO - [2025-10-14 15:16:19,035] {dagbag.py:507} INFO - Filling up the DagBag from /root/Projects/etlX/venv/lib/python3.9/site-packages/airflow/example_dags/tutorial_taskflow_api_etl.py
[2025-10-14 15:16:19,064] {processor.py:651} INFO - DAG(s) dict_keys(['tutorial_taskflow_api_etl']) retrieved from /root/Projects/etlX/venv/lib/python3.9/site-packages/airflow/example_dags/tutorial_taskflow_api_etl.py
[2025-10-14 15:16:19,086] {logging_mixin.py:115} INFO - [2025-10-14 15:16:19,085] {dag.py:2379} INFO - Sync 1 DAGs
[2025-10-14 15:16:19,102] {logging_mixin.py:115} INFO - [2025-10-14 15:16:19,102] {dag.py:2927} INFO - Setting next_dagrun for tutorial_taskflow_api_etl to None, run_after=None
[2025-10-14 15:16:19,113] {processor.py:161} INFO - Processing /root/Projects/etlX/venv/lib/python3.9/site-packages/airflow/example_dags/tutorial_taskflow_api_etl.py took 0.086 seconds
[2025-10-14 15:16:51,126] {processor.py:153} INFO - Started process (PID=17037) to work on /root/Projects/etlX/venv/lib/python3.9/site-packages/airflow/example_dags/tutorial_taskflow_api_etl.py
[2025-10-14 15:16:51,126] {processor.py:641} INFO - Processing file /root/Projects/etlX/venv/lib/python3.9/site-packages/airflow/example_dags/tutorial_taskflow_api_etl.py for tasks to queue
[2025-10-14 15:16:51,127] {logging_mixin.py:115} INFO - [2025-10-14 15:16:51,127] {dagbag.py:507} INFO - Filling up the DagBag from /root/Projects/etlX/venv/lib/python3.9/site-packages/airflow/example_dags/tutorial_taskflow_api_etl.py
[2025-10-14 15:16:51,148] {processor.py:651} INFO - DAG(s) dict_keys(['tutorial_taskflow_api_etl']) retrieved from /root/Projects/etlX/venv/lib/python3.9/site-packages/airflow/example_dags/tutorial_taskflow_api_etl.py
[2025-10-14 15:16:51,170] {logging_mixin.py:115} INFO - [2025-10-14 15:16:51,170] {dag.py:2379} INFO - Sync 1 DAGs
[2025-10-14 15:16:51,188] {logging_mixin.py:115} INFO - [2025-10-14 15:16:51,188] {dag.py:2927} INFO - Setting next_dagrun for tutorial_taskflow_api_etl to None, run_after=None
[2025-10-14 15:16:51,200] {processor.py:161} INFO - Processing /root/Projects/etlX/venv/lib/python3.9/site-packages/airflow/example_dags/tutorial_taskflow_api_etl.py took 0.079 seconds
[2025-10-14 15:17:25,440] {processor.py:153} INFO - Started process (PID=17095) to work on /root/Projects/etlX/venv/lib/python3.9/site-packages/airflow/example_dags/tutorial_taskflow_api_etl.py
[2025-10-14 15:17:25,440] {processor.py:641} INFO - Processing file /root/Projects/etlX/venv/lib/python3.9/site-packages/airflow/example_dags/tutorial_taskflow_api_etl.py for tasks to queue
[2025-10-14 15:17:25,441] {logging_mixin.py:115} INFO - [2025-10-14 15:17:25,441] {dagbag.py:507} INFO - Filling up the DagBag from /root/Projects/etlX/venv/lib/python3.9/site-packages/airflow/example_dags/tutorial_taskflow_api_etl.py
[2025-10-14 15:17:25,466] {processor.py:651} INFO - DAG(s) dict_keys(['tutorial_taskflow_api_etl']) retrieved from /root/Projects/etlX/venv/lib/python3.9/site-packages/airflow/example_dags/tutorial_taskflow_api_etl.py
[2025-10-14 15:17:25,522] {logging_mixin.py:115} INFO - [2025-10-14 15:17:25,521] {dag.py:2379} INFO - Sync 1 DAGs
[2025-10-14 15:17:25,542] {logging_mixin.py:115} INFO - [2025-10-14 15:17:25,542] {dag.py:2927} INFO - Setting next_dagrun for tutorial_taskflow_api_etl to None, run_after=None
[2025-10-14 15:17:25,557] {processor.py:161} INFO - Processing /root/Projects/etlX/venv/lib/python3.9/site-packages/airflow/example_dags/tutorial_taskflow_api_etl.py took 0.122 seconds
[2025-10-14 15:17:56,966] {processor.py:153} INFO - Started process (PID=17351) to work on /root/Projects/etlX/venv/lib/python3.9/site-packages/airflow/example_dags/tutorial_taskflow_api_etl.py
[2025-10-14 15:17:56,968] {processor.py:641} INFO - Processing file /root/Projects/etlX/venv/lib/python3.9/site-packages/airflow/example_dags/tutorial_taskflow_api_etl.py for tasks to queue
[2025-10-14 15:17:56,969] {logging_mixin.py:115} INFO - [2025-10-14 15:17:56,969] {dagbag.py:507} INFO - Filling up the DagBag from /root/Projects/etlX/venv/lib/python3.9/site-packages/airflow/example_dags/tutorial_taskflow_api_etl.py
[2025-10-14 15:17:56,994] {processor.py:651} INFO - DAG(s) dict_keys(['tutorial_taskflow_api_etl']) retrieved from /root/Projects/etlX/venv/lib/python3.9/site-packages/airflow/example_dags/tutorial_taskflow_api_etl.py
[2025-10-14 15:17:57,019] {logging_mixin.py:115} INFO - [2025-10-14 15:17:57,019] {dag.py:2379} INFO - Sync 1 DAGs
[2025-10-14 15:17:57,040] {logging_mixin.py:115} INFO - [2025-10-14 15:17:57,040] {dag.py:2927} INFO - Setting next_dagrun for tutorial_taskflow_api_etl to None, run_after=None
[2025-10-14 15:17:57,054] {processor.py:161} INFO - Processing /root/Projects/etlX/venv/lib/python3.9/site-packages/airflow/example_dags/tutorial_taskflow_api_etl.py took 0.094 seconds
[2025-10-14 15:58:41,400] {processor.py:153} INFO - Started process (PID=19719) to work on /root/Projects/etlX/venv/lib/python3.9/site-packages/airflow/example_dags/tutorial_taskflow_api_etl.py
[2025-10-14 15:58:41,401] {processor.py:641} INFO - Processing file /root/Projects/etlX/venv/lib/python3.9/site-packages/airflow/example_dags/tutorial_taskflow_api_etl.py for tasks to queue
[2025-10-14 15:58:41,402] {logging_mixin.py:115} INFO - [2025-10-14 15:58:41,402] {dagbag.py:507} INFO - Filling up the DagBag from /root/Projects/etlX/venv/lib/python3.9/site-packages/airflow/example_dags/tutorial_taskflow_api_etl.py
[2025-10-14 15:58:41,444] {processor.py:651} INFO - DAG(s) dict_keys(['tutorial_taskflow_api_etl']) retrieved from /root/Projects/etlX/venv/lib/python3.9/site-packages/airflow/example_dags/tutorial_taskflow_api_etl.py
[2025-10-14 15:58:41,578] {logging_mixin.py:115} INFO - [2025-10-14 15:58:41,578] {dag.py:2379} INFO - Sync 1 DAGs
[2025-10-14 15:58:41,596] {logging_mixin.py:115} INFO - [2025-10-14 15:58:41,596] {dag.py:2927} INFO - Setting next_dagrun for tutorial_taskflow_api_etl to None, run_after=None
[2025-10-14 15:58:41,616] {processor.py:161} INFO - Processing /root/Projects/etlX/venv/lib/python3.9/site-packages/airflow/example_dags/tutorial_taskflow_api_etl.py took 0.223 seconds
[2025-10-14 15:59:16,249] {processor.py:153} INFO - Started process (PID=20063) to work on /root/Projects/etlX/venv/lib/python3.9/site-packages/airflow/example_dags/tutorial_taskflow_api_etl.py
[2025-10-14 15:59:16,250] {processor.py:641} INFO - Processing file /root/Projects/etlX/venv/lib/python3.9/site-packages/airflow/example_dags/tutorial_taskflow_api_etl.py for tasks to queue
[2025-10-14 15:59:16,251] {logging_mixin.py:115} INFO - [2025-10-14 15:59:16,251] {dagbag.py:507} INFO - Filling up the DagBag from /root/Projects/etlX/venv/lib/python3.9/site-packages/airflow/example_dags/tutorial_taskflow_api_etl.py
[2025-10-14 15:59:16,274] {processor.py:651} INFO - DAG(s) dict_keys(['tutorial_taskflow_api_etl']) retrieved from /root/Projects/etlX/venv/lib/python3.9/site-packages/airflow/example_dags/tutorial_taskflow_api_etl.py
[2025-10-14 15:59:16,318] {logging_mixin.py:115} INFO - [2025-10-14 15:59:16,318] {dag.py:2379} INFO - Sync 1 DAGs
[2025-10-14 15:59:16,332] {logging_mixin.py:115} INFO - [2025-10-14 15:59:16,332] {dag.py:2927} INFO - Setting next_dagrun for tutorial_taskflow_api_etl to None, run_after=None
[2025-10-14 15:59:16,344] {processor.py:161} INFO - Processing /root/Projects/etlX/venv/lib/python3.9/site-packages/airflow/example_dags/tutorial_taskflow_api_etl.py took 0.100 seconds
[2025-10-14 15:59:48,728] {processor.py:153} INFO - Started process (PID=20118) to work on /root/Projects/etlX/venv/lib/python3.9/site-packages/airflow/example_dags/tutorial_taskflow_api_etl.py
[2025-10-14 15:59:48,729] {processor.py:641} INFO - Processing file /root/Projects/etlX/venv/lib/python3.9/site-packages/airflow/example_dags/tutorial_taskflow_api_etl.py for tasks to queue
[2025-10-14 15:59:48,731] {logging_mixin.py:115} INFO - [2025-10-14 15:59:48,731] {dagbag.py:507} INFO - Filling up the DagBag from /root/Projects/etlX/venv/lib/python3.9/site-packages/airflow/example_dags/tutorial_taskflow_api_etl.py
[2025-10-14 15:59:48,760] {processor.py:651} INFO - DAG(s) dict_keys(['tutorial_taskflow_api_etl']) retrieved from /root/Projects/etlX/venv/lib/python3.9/site-packages/airflow/example_dags/tutorial_taskflow_api_etl.py
[2025-10-14 15:59:48,809] {logging_mixin.py:115} INFO - [2025-10-14 15:59:48,809] {dag.py:2379} INFO - Sync 1 DAGs
[2025-10-14 15:59:48,823] {logging_mixin.py:115} INFO - [2025-10-14 15:59:48,823] {dag.py:2927} INFO - Setting next_dagrun for tutorial_taskflow_api_etl to None, run_after=None
[2025-10-14 15:59:48,834] {processor.py:161} INFO - Processing /root/Projects/etlX/venv/lib/python3.9/site-packages/airflow/example_dags/tutorial_taskflow_api_etl.py took 0.118 seconds
[2025-10-14 16:00:22,323] {processor.py:153} INFO - Started process (PID=20176) to work on /root/Projects/etlX/venv/lib/python3.9/site-packages/airflow/example_dags/tutorial_taskflow_api_etl.py
[2025-10-14 16:00:22,323] {processor.py:641} INFO - Processing file /root/Projects/etlX/venv/lib/python3.9/site-packages/airflow/example_dags/tutorial_taskflow_api_etl.py for tasks to queue
[2025-10-14 16:00:22,324] {logging_mixin.py:115} INFO - [2025-10-14 16:00:22,324] {dagbag.py:507} INFO - Filling up the DagBag from /root/Projects/etlX/venv/lib/python3.9/site-packages/airflow/example_dags/tutorial_taskflow_api_etl.py
[2025-10-14 16:00:22,347] {processor.py:651} INFO - DAG(s) dict_keys(['tutorial_taskflow_api_etl']) retrieved from /root/Projects/etlX/venv/lib/python3.9/site-packages/airflow/example_dags/tutorial_taskflow_api_etl.py
[2025-10-14 16:00:22,368] {logging_mixin.py:115} INFO - [2025-10-14 16:00:22,368] {dag.py:2379} INFO - Sync 1 DAGs
[2025-10-14 16:00:22,389] {logging_mixin.py:115} INFO - [2025-10-14 16:00:22,388] {dag.py:2927} INFO - Setting next_dagrun for tutorial_taskflow_api_etl to None, run_after=None
[2025-10-14 16:00:22,402] {processor.py:161} INFO - Processing /root/Projects/etlX/venv/lib/python3.9/site-packages/airflow/example_dags/tutorial_taskflow_api_etl.py took 0.084 seconds
[2025-10-14 16:00:53,928] {processor.py:153} INFO - Started process (PID=20230) to work on /root/Projects/etlX/venv/lib/python3.9/site-packages/airflow/example_dags/tutorial_taskflow_api_etl.py
[2025-10-14 16:00:53,928] {processor.py:641} INFO - Processing file /root/Projects/etlX/venv/lib/python3.9/site-packages/airflow/example_dags/tutorial_taskflow_api_etl.py for tasks to queue
[2025-10-14 16:00:53,929] {logging_mixin.py:115} INFO - [2025-10-14 16:00:53,929] {dagbag.py:507} INFO - Filling up the DagBag from /root/Projects/etlX/venv/lib/python3.9/site-packages/airflow/example_dags/tutorial_taskflow_api_etl.py
[2025-10-14 16:00:53,953] {processor.py:651} INFO - DAG(s) dict_keys(['tutorial_taskflow_api_etl']) retrieved from /root/Projects/etlX/venv/lib/python3.9/site-packages/airflow/example_dags/tutorial_taskflow_api_etl.py
[2025-10-14 16:00:53,997] {logging_mixin.py:115} INFO - [2025-10-14 16:00:53,997] {dag.py:2379} INFO - Sync 1 DAGs
[2025-10-14 16:00:54,010] {logging_mixin.py:115} INFO - [2025-10-14 16:00:54,010] {dag.py:2927} INFO - Setting next_dagrun for tutorial_taskflow_api_etl to None, run_after=None
[2025-10-14 16:00:54,021] {processor.py:161} INFO - Processing /root/Projects/etlX/venv/lib/python3.9/site-packages/airflow/example_dags/tutorial_taskflow_api_etl.py took 0.099 seconds
[2025-10-14 16:01:26,580] {processor.py:153} INFO - Started process (PID=20283) to work on /root/Projects/etlX/venv/lib/python3.9/site-packages/airflow/example_dags/tutorial_taskflow_api_etl.py
[2025-10-14 16:01:26,581] {processor.py:641} INFO - Processing file /root/Projects/etlX/venv/lib/python3.9/site-packages/airflow/example_dags/tutorial_taskflow_api_etl.py for tasks to queue
[2025-10-14 16:01:26,581] {logging_mixin.py:115} INFO - [2025-10-14 16:01:26,581] {dagbag.py:507} INFO - Filling up the DagBag from /root/Projects/etlX/venv/lib/python3.9/site-packages/airflow/example_dags/tutorial_taskflow_api_etl.py
[2025-10-14 16:01:26,599] {processor.py:651} INFO - DAG(s) dict_keys(['tutorial_taskflow_api_etl']) retrieved from /root/Projects/etlX/venv/lib/python3.9/site-packages/airflow/example_dags/tutorial_taskflow_api_etl.py
[2025-10-14 16:01:26,618] {logging_mixin.py:115} INFO - [2025-10-14 16:01:26,618] {dag.py:2379} INFO - Sync 1 DAGs
[2025-10-14 16:01:26,636] {logging_mixin.py:115} INFO - [2025-10-14 16:01:26,636] {dag.py:2927} INFO - Setting next_dagrun for tutorial_taskflow_api_etl to None, run_after=None
[2025-10-14 16:01:26,647] {processor.py:161} INFO - Processing /root/Projects/etlX/venv/lib/python3.9/site-packages/airflow/example_dags/tutorial_taskflow_api_etl.py took 0.072 seconds
[2025-10-14 16:02:00,503] {processor.py:153} INFO - Started process (PID=20340) to work on /root/Projects/etlX/venv/lib/python3.9/site-packages/airflow/example_dags/tutorial_taskflow_api_etl.py
[2025-10-14 16:02:00,504] {processor.py:641} INFO - Processing file /root/Projects/etlX/venv/lib/python3.9/site-packages/airflow/example_dags/tutorial_taskflow_api_etl.py for tasks to queue
[2025-10-14 16:02:00,505] {logging_mixin.py:115} INFO - [2025-10-14 16:02:00,505] {dagbag.py:507} INFO - Filling up the DagBag from /root/Projects/etlX/venv/lib/python3.9/site-packages/airflow/example_dags/tutorial_taskflow_api_etl.py
[2025-10-14 16:02:00,529] {processor.py:651} INFO - DAG(s) dict_keys(['tutorial_taskflow_api_etl']) retrieved from /root/Projects/etlX/venv/lib/python3.9/site-packages/airflow/example_dags/tutorial_taskflow_api_etl.py
[2025-10-14 16:02:00,573] {logging_mixin.py:115} INFO - [2025-10-14 16:02:00,573] {dag.py:2379} INFO - Sync 1 DAGs
[2025-10-14 16:02:00,586] {logging_mixin.py:115} INFO - [2025-10-14 16:02:00,586] {dag.py:2927} INFO - Setting next_dagrun for tutorial_taskflow_api_etl to None, run_after=None
[2025-10-14 16:02:00,597] {processor.py:161} INFO - Processing /root/Projects/etlX/venv/lib/python3.9/site-packages/airflow/example_dags/tutorial_taskflow_api_etl.py took 0.100 seconds
[2025-10-14 16:02:32,192] {processor.py:153} INFO - Started process (PID=20394) to work on /root/Projects/etlX/venv/lib/python3.9/site-packages/airflow/example_dags/tutorial_taskflow_api_etl.py
[2025-10-14 16:02:32,193] {processor.py:641} INFO - Processing file /root/Projects/etlX/venv/lib/python3.9/site-packages/airflow/example_dags/tutorial_taskflow_api_etl.py for tasks to queue
[2025-10-14 16:02:32,194] {logging_mixin.py:115} INFO - [2025-10-14 16:02:32,194] {dagbag.py:507} INFO - Filling up the DagBag from /root/Projects/etlX/venv/lib/python3.9/site-packages/airflow/example_dags/tutorial_taskflow_api_etl.py
[2025-10-14 16:02:32,219] {processor.py:651} INFO - DAG(s) dict_keys(['tutorial_taskflow_api_etl']) retrieved from /root/Projects/etlX/venv/lib/python3.9/site-packages/airflow/example_dags/tutorial_taskflow_api_etl.py
[2025-10-14 16:02:32,266] {logging_mixin.py:115} INFO - [2025-10-14 16:02:32,266] {dag.py:2379} INFO - Sync 1 DAGs
[2025-10-14 16:02:32,279] {logging_mixin.py:115} INFO - [2025-10-14 16:02:32,279] {dag.py:2927} INFO - Setting next_dagrun for tutorial_taskflow_api_etl to None, run_after=None
[2025-10-14 16:02:32,290] {processor.py:161} INFO - Processing /root/Projects/etlX/venv/lib/python3.9/site-packages/airflow/example_dags/tutorial_taskflow_api_etl.py took 0.106 seconds
[2025-10-14 16:03:03,893] {processor.py:153} INFO - Started process (PID=20447) to work on /root/Projects/etlX/venv/lib/python3.9/site-packages/airflow/example_dags/tutorial_taskflow_api_etl.py
[2025-10-14 16:03:03,894] {processor.py:641} INFO - Processing file /root/Projects/etlX/venv/lib/python3.9/site-packages/airflow/example_dags/tutorial_taskflow_api_etl.py for tasks to queue
[2025-10-14 16:03:03,895] {logging_mixin.py:115} INFO - [2025-10-14 16:03:03,895] {dagbag.py:507} INFO - Filling up the DagBag from /root/Projects/etlX/venv/lib/python3.9/site-packages/airflow/example_dags/tutorial_taskflow_api_etl.py
[2025-10-14 16:03:03,922] {processor.py:651} INFO - DAG(s) dict_keys(['tutorial_taskflow_api_etl']) retrieved from /root/Projects/etlX/venv/lib/python3.9/site-packages/airflow/example_dags/tutorial_taskflow_api_etl.py
[2025-10-14 16:03:03,972] {logging_mixin.py:115} INFO - [2025-10-14 16:03:03,972] {dag.py:2379} INFO - Sync 1 DAGs
[2025-10-14 16:03:03,986] {logging_mixin.py:115} INFO - [2025-10-14 16:03:03,986] {dag.py:2927} INFO - Setting next_dagrun for tutorial_taskflow_api_etl to None, run_after=None
[2025-10-14 16:03:03,999] {processor.py:161} INFO - Processing /root/Projects/etlX/venv/lib/python3.9/site-packages/airflow/example_dags/tutorial_taskflow_api_etl.py took 0.113 seconds
[2025-10-14 16:03:36,389] {processor.py:153} INFO - Started process (PID=20504) to work on /root/Projects/etlX/venv/lib/python3.9/site-packages/airflow/example_dags/tutorial_taskflow_api_etl.py
[2025-10-14 16:03:36,389] {processor.py:641} INFO - Processing file /root/Projects/etlX/venv/lib/python3.9/site-packages/airflow/example_dags/tutorial_taskflow_api_etl.py for tasks to queue
[2025-10-14 16:03:36,390] {logging_mixin.py:115} INFO - [2025-10-14 16:03:36,390] {dagbag.py:507} INFO - Filling up the DagBag from /root/Projects/etlX/venv/lib/python3.9/site-packages/airflow/example_dags/tutorial_taskflow_api_etl.py
[2025-10-14 16:03:36,410] {processor.py:651} INFO - DAG(s) dict_keys(['tutorial_taskflow_api_etl']) retrieved from /root/Projects/etlX/venv/lib/python3.9/site-packages/airflow/example_dags/tutorial_taskflow_api_etl.py
[2025-10-14 16:03:36,431] {logging_mixin.py:115} INFO - [2025-10-14 16:03:36,431] {dag.py:2379} INFO - Sync 1 DAGs
[2025-10-14 16:03:36,451] {logging_mixin.py:115} INFO - [2025-10-14 16:03:36,451] {dag.py:2927} INFO - Setting next_dagrun for tutorial_taskflow_api_etl to None, run_after=None
[2025-10-14 16:03:36,463] {processor.py:161} INFO - Processing /root/Projects/etlX/venv/lib/python3.9/site-packages/airflow/example_dags/tutorial_taskflow_api_etl.py took 0.079 seconds
[2025-10-14 16:04:08,579] {processor.py:153} INFO - Started process (PID=20608) to work on /root/Projects/etlX/venv/lib/python3.9/site-packages/airflow/example_dags/tutorial_taskflow_api_etl.py
[2025-10-14 16:04:08,579] {processor.py:641} INFO - Processing file /root/Projects/etlX/venv/lib/python3.9/site-packages/airflow/example_dags/tutorial_taskflow_api_etl.py for tasks to queue
[2025-10-14 16:04:08,580] {logging_mixin.py:115} INFO - [2025-10-14 16:04:08,580] {dagbag.py:507} INFO - Filling up the DagBag from /root/Projects/etlX/venv/lib/python3.9/site-packages/airflow/example_dags/tutorial_taskflow_api_etl.py
[2025-10-14 16:04:08,600] {processor.py:651} INFO - DAG(s) dict_keys(['tutorial_taskflow_api_etl']) retrieved from /root/Projects/etlX/venv/lib/python3.9/site-packages/airflow/example_dags/tutorial_taskflow_api_etl.py
[2025-10-14 16:04:08,648] {logging_mixin.py:115} INFO - [2025-10-14 16:04:08,648] {dag.py:2379} INFO - Sync 1 DAGs
[2025-10-14 16:04:08,662] {logging_mixin.py:115} INFO - [2025-10-14 16:04:08,662] {dag.py:2927} INFO - Setting next_dagrun for tutorial_taskflow_api_etl to None, run_after=None
[2025-10-14 16:04:08,675] {processor.py:161} INFO - Processing /root/Projects/etlX/venv/lib/python3.9/site-packages/airflow/example_dags/tutorial_taskflow_api_etl.py took 0.101 seconds
[2025-10-14 16:04:39,611] {processor.py:153} INFO - Started process (PID=20661) to work on /root/Projects/etlX/venv/lib/python3.9/site-packages/airflow/example_dags/tutorial_taskflow_api_etl.py
[2025-10-14 16:04:39,612] {processor.py:641} INFO - Processing file /root/Projects/etlX/venv/lib/python3.9/site-packages/airflow/example_dags/tutorial_taskflow_api_etl.py for tasks to queue
[2025-10-14 16:04:39,612] {logging_mixin.py:115} INFO - [2025-10-14 16:04:39,612] {dagbag.py:507} INFO - Filling up the DagBag from /root/Projects/etlX/venv/lib/python3.9/site-packages/airflow/example_dags/tutorial_taskflow_api_etl.py
[2025-10-14 16:04:39,639] {processor.py:651} INFO - DAG(s) dict_keys(['tutorial_taskflow_api_etl']) retrieved from /root/Projects/etlX/venv/lib/python3.9/site-packages/airflow/example_dags/tutorial_taskflow_api_etl.py
[2025-10-14 16:04:39,661] {logging_mixin.py:115} INFO - [2025-10-14 16:04:39,660] {dag.py:2379} INFO - Sync 1 DAGs
[2025-10-14 16:04:39,676] {logging_mixin.py:115} INFO - [2025-10-14 16:04:39,676] {dag.py:2927} INFO - Setting next_dagrun for tutorial_taskflow_api_etl to None, run_after=None
[2025-10-14 16:04:39,691] {processor.py:161} INFO - Processing /root/Projects/etlX/venv/lib/python3.9/site-packages/airflow/example_dags/tutorial_taskflow_api_etl.py took 0.091 seconds
[2025-10-14 16:05:12,110] {processor.py:153} INFO - Started process (PID=20716) to work on /root/Projects/etlX/venv/lib/python3.9/site-packages/airflow/example_dags/tutorial_taskflow_api_etl.py
[2025-10-14 16:05:12,111] {processor.py:641} INFO - Processing file /root/Projects/etlX/venv/lib/python3.9/site-packages/airflow/example_dags/tutorial_taskflow_api_etl.py for tasks to queue
[2025-10-14 16:05:12,111] {logging_mixin.py:115} INFO - [2025-10-14 16:05:12,111] {dagbag.py:507} INFO - Filling up the DagBag from /root/Projects/etlX/venv/lib/python3.9/site-packages/airflow/example_dags/tutorial_taskflow_api_etl.py
[2025-10-14 16:05:12,131] {processor.py:651} INFO - DAG(s) dict_keys(['tutorial_taskflow_api_etl']) retrieved from /root/Projects/etlX/venv/lib/python3.9/site-packages/airflow/example_dags/tutorial_taskflow_api_etl.py
[2025-10-14 16:05:12,152] {logging_mixin.py:115} INFO - [2025-10-14 16:05:12,152] {dag.py:2379} INFO - Sync 1 DAGs
[2025-10-14 16:05:12,168] {logging_mixin.py:115} INFO - [2025-10-14 16:05:12,168] {dag.py:2927} INFO - Setting next_dagrun for tutorial_taskflow_api_etl to None, run_after=None
[2025-10-14 16:05:12,178] {processor.py:161} INFO - Processing /root/Projects/etlX/venv/lib/python3.9/site-packages/airflow/example_dags/tutorial_taskflow_api_etl.py took 0.072 seconds
[2025-10-14 16:05:43,672] {processor.py:153} INFO - Started process (PID=20769) to work on /root/Projects/etlX/venv/lib/python3.9/site-packages/airflow/example_dags/tutorial_taskflow_api_etl.py
[2025-10-14 16:05:43,673] {processor.py:641} INFO - Processing file /root/Projects/etlX/venv/lib/python3.9/site-packages/airflow/example_dags/tutorial_taskflow_api_etl.py for tasks to queue
[2025-10-14 16:05:43,674] {logging_mixin.py:115} INFO - [2025-10-14 16:05:43,674] {dagbag.py:507} INFO - Filling up the DagBag from /root/Projects/etlX/venv/lib/python3.9/site-packages/airflow/example_dags/tutorial_taskflow_api_etl.py
[2025-10-14 16:05:43,701] {processor.py:651} INFO - DAG(s) dict_keys(['tutorial_taskflow_api_etl']) retrieved from /root/Projects/etlX/venv/lib/python3.9/site-packages/airflow/example_dags/tutorial_taskflow_api_etl.py
[2025-10-14 16:05:43,722] {logging_mixin.py:115} INFO - [2025-10-14 16:05:43,721] {dag.py:2379} INFO - Sync 1 DAGs
[2025-10-14 16:05:43,737] {logging_mixin.py:115} INFO - [2025-10-14 16:05:43,737] {dag.py:2927} INFO - Setting next_dagrun for tutorial_taskflow_api_etl to None, run_after=None
[2025-10-14 16:05:43,747] {processor.py:161} INFO - Processing /root/Projects/etlX/venv/lib/python3.9/site-packages/airflow/example_dags/tutorial_taskflow_api_etl.py took 0.082 seconds
[2025-10-14 16:06:16,624] {processor.py:153} INFO - Started process (PID=20827) to work on /root/Projects/etlX/venv/lib/python3.9/site-packages/airflow/example_dags/tutorial_taskflow_api_etl.py
[2025-10-14 16:06:16,624] {processor.py:641} INFO - Processing file /root/Projects/etlX/venv/lib/python3.9/site-packages/airflow/example_dags/tutorial_taskflow_api_etl.py for tasks to queue
[2025-10-14 16:06:16,625] {logging_mixin.py:115} INFO - [2025-10-14 16:06:16,625] {dagbag.py:507} INFO - Filling up the DagBag from /root/Projects/etlX/venv/lib/python3.9/site-packages/airflow/example_dags/tutorial_taskflow_api_etl.py
[2025-10-14 16:06:16,644] {processor.py:651} INFO - DAG(s) dict_keys(['tutorial_taskflow_api_etl']) retrieved from /root/Projects/etlX/venv/lib/python3.9/site-packages/airflow/example_dags/tutorial_taskflow_api_etl.py
[2025-10-14 16:06:16,688] {logging_mixin.py:115} INFO - [2025-10-14 16:06:16,688] {dag.py:2379} INFO - Sync 1 DAGs
[2025-10-14 16:06:16,703] {logging_mixin.py:115} INFO - [2025-10-14 16:06:16,702] {dag.py:2927} INFO - Setting next_dagrun for tutorial_taskflow_api_etl to None, run_after=None
[2025-10-14 16:06:16,717] {processor.py:161} INFO - Processing /root/Projects/etlX/venv/lib/python3.9/site-packages/airflow/example_dags/tutorial_taskflow_api_etl.py took 0.098 seconds
[2025-10-14 16:06:48,877] {processor.py:153} INFO - Started process (PID=20879) to work on /root/Projects/etlX/venv/lib/python3.9/site-packages/airflow/example_dags/tutorial_taskflow_api_etl.py
[2025-10-14 16:06:48,878] {processor.py:641} INFO - Processing file /root/Projects/etlX/venv/lib/python3.9/site-packages/airflow/example_dags/tutorial_taskflow_api_etl.py for tasks to queue
[2025-10-14 16:06:48,879] {logging_mixin.py:115} INFO - [2025-10-14 16:06:48,879] {dagbag.py:507} INFO - Filling up the DagBag from /root/Projects/etlX/venv/lib/python3.9/site-packages/airflow/example_dags/tutorial_taskflow_api_etl.py
[2025-10-14 16:06:48,899] {processor.py:651} INFO - DAG(s) dict_keys(['tutorial_taskflow_api_etl']) retrieved from /root/Projects/etlX/venv/lib/python3.9/site-packages/airflow/example_dags/tutorial_taskflow_api_etl.py
[2025-10-14 16:06:48,943] {logging_mixin.py:115} INFO - [2025-10-14 16:06:48,943] {dag.py:2379} INFO - Sync 1 DAGs
[2025-10-14 16:06:48,956] {logging_mixin.py:115} INFO - [2025-10-14 16:06:48,955] {dag.py:2927} INFO - Setting next_dagrun for tutorial_taskflow_api_etl to None, run_after=None
[2025-10-14 16:06:48,966] {processor.py:161} INFO - Processing /root/Projects/etlX/venv/lib/python3.9/site-packages/airflow/example_dags/tutorial_taskflow_api_etl.py took 0.098 seconds
[2025-10-14 16:07:20,836] {processor.py:153} INFO - Started process (PID=21035) to work on /root/Projects/etlX/venv/lib/python3.9/site-packages/airflow/example_dags/tutorial_taskflow_api_etl.py
[2025-10-14 16:07:20,837] {processor.py:641} INFO - Processing file /root/Projects/etlX/venv/lib/python3.9/site-packages/airflow/example_dags/tutorial_taskflow_api_etl.py for tasks to queue
[2025-10-14 16:07:20,838] {logging_mixin.py:115} INFO - [2025-10-14 16:07:20,838] {dagbag.py:507} INFO - Filling up the DagBag from /root/Projects/etlX/venv/lib/python3.9/site-packages/airflow/example_dags/tutorial_taskflow_api_etl.py
[2025-10-14 16:07:20,860] {processor.py:651} INFO - DAG(s) dict_keys(['tutorial_taskflow_api_etl']) retrieved from /root/Projects/etlX/venv/lib/python3.9/site-packages/airflow/example_dags/tutorial_taskflow_api_etl.py
[2025-10-14 16:07:20,914] {logging_mixin.py:115} INFO - [2025-10-14 16:07:20,914] {dag.py:2379} INFO - Sync 1 DAGs
[2025-10-14 16:07:20,928] {logging_mixin.py:115} INFO - [2025-10-14 16:07:20,928] {dag.py:2927} INFO - Setting next_dagrun for tutorial_taskflow_api_etl to None, run_after=None
[2025-10-14 16:07:20,944] {processor.py:161} INFO - Processing /root/Projects/etlX/venv/lib/python3.9/site-packages/airflow/example_dags/tutorial_taskflow_api_etl.py took 0.112 seconds
[2025-10-14 16:07:53,242] {processor.py:153} INFO - Started process (PID=21315) to work on /root/Projects/etlX/venv/lib/python3.9/site-packages/airflow/example_dags/tutorial_taskflow_api_etl.py
[2025-10-14 16:07:53,244] {processor.py:641} INFO - Processing file /root/Projects/etlX/venv/lib/python3.9/site-packages/airflow/example_dags/tutorial_taskflow_api_etl.py for tasks to queue
[2025-10-14 16:07:53,245] {logging_mixin.py:115} INFO - [2025-10-14 16:07:53,245] {dagbag.py:507} INFO - Filling up the DagBag from /root/Projects/etlX/venv/lib/python3.9/site-packages/airflow/example_dags/tutorial_taskflow_api_etl.py
[2025-10-14 16:07:53,278] {processor.py:651} INFO - DAG(s) dict_keys(['tutorial_taskflow_api_etl']) retrieved from /root/Projects/etlX/venv/lib/python3.9/site-packages/airflow/example_dags/tutorial_taskflow_api_etl.py
[2025-10-14 16:07:53,305] {logging_mixin.py:115} INFO - [2025-10-14 16:07:53,305] {dag.py:2379} INFO - Sync 1 DAGs
[2025-10-14 16:07:53,322] {logging_mixin.py:115} INFO - [2025-10-14 16:07:53,322] {dag.py:2927} INFO - Setting next_dagrun for tutorial_taskflow_api_etl to None, run_after=None
[2025-10-14 16:07:53,334] {processor.py:161} INFO - Processing /root/Projects/etlX/venv/lib/python3.9/site-packages/airflow/example_dags/tutorial_taskflow_api_etl.py took 0.102 seconds
[2025-10-14 16:08:25,102] {processor.py:153} INFO - Started process (PID=21501) to work on /root/Projects/etlX/venv/lib/python3.9/site-packages/airflow/example_dags/tutorial_taskflow_api_etl.py
[2025-10-14 16:08:25,103] {processor.py:641} INFO - Processing file /root/Projects/etlX/venv/lib/python3.9/site-packages/airflow/example_dags/tutorial_taskflow_api_etl.py for tasks to queue
[2025-10-14 16:08:25,104] {logging_mixin.py:115} INFO - [2025-10-14 16:08:25,103] {dagbag.py:507} INFO - Filling up the DagBag from /root/Projects/etlX/venv/lib/python3.9/site-packages/airflow/example_dags/tutorial_taskflow_api_etl.py
[2025-10-14 16:08:25,128] {processor.py:651} INFO - DAG(s) dict_keys(['tutorial_taskflow_api_etl']) retrieved from /root/Projects/etlX/venv/lib/python3.9/site-packages/airflow/example_dags/tutorial_taskflow_api_etl.py
[2025-10-14 16:08:25,150] {logging_mixin.py:115} INFO - [2025-10-14 16:08:25,149] {dag.py:2379} INFO - Sync 1 DAGs
[2025-10-14 16:08:25,166] {logging_mixin.py:115} INFO - [2025-10-14 16:08:25,165] {dag.py:2927} INFO - Setting next_dagrun for tutorial_taskflow_api_etl to None, run_after=None
[2025-10-14 16:08:25,176] {processor.py:161} INFO - Processing /root/Projects/etlX/venv/lib/python3.9/site-packages/airflow/example_dags/tutorial_taskflow_api_etl.py took 0.081 seconds
[2025-10-14 16:08:58,128] {processor.py:153} INFO - Started process (PID=21763) to work on /root/Projects/etlX/venv/lib/python3.9/site-packages/airflow/example_dags/tutorial_taskflow_api_etl.py
[2025-10-14 16:08:58,129] {processor.py:641} INFO - Processing file /root/Projects/etlX/venv/lib/python3.9/site-packages/airflow/example_dags/tutorial_taskflow_api_etl.py for tasks to queue
[2025-10-14 16:08:58,129] {logging_mixin.py:115} INFO - [2025-10-14 16:08:58,129] {dagbag.py:507} INFO - Filling up the DagBag from /root/Projects/etlX/venv/lib/python3.9/site-packages/airflow/example_dags/tutorial_taskflow_api_etl.py
[2025-10-14 16:08:58,150] {processor.py:651} INFO - DAG(s) dict_keys(['tutorial_taskflow_api_etl']) retrieved from /root/Projects/etlX/venv/lib/python3.9/site-packages/airflow/example_dags/tutorial_taskflow_api_etl.py
[2025-10-14 16:08:58,199] {logging_mixin.py:115} INFO - [2025-10-14 16:08:58,199] {dag.py:2379} INFO - Sync 1 DAGs
[2025-10-14 16:08:58,218] {logging_mixin.py:115} INFO - [2025-10-14 16:08:58,217] {dag.py:2927} INFO - Setting next_dagrun for tutorial_taskflow_api_etl to None, run_after=None
[2025-10-14 16:08:58,231] {processor.py:161} INFO - Processing /root/Projects/etlX/venv/lib/python3.9/site-packages/airflow/example_dags/tutorial_taskflow_api_etl.py took 0.107 seconds
[2025-10-14 16:25:17,885] {processor.py:153} INFO - Started process (PID=22648) to work on /root/Projects/etlX/venv/lib/python3.9/site-packages/airflow/example_dags/tutorial_taskflow_api_etl.py
[2025-10-14 16:25:17,886] {processor.py:641} INFO - Processing file /root/Projects/etlX/venv/lib/python3.9/site-packages/airflow/example_dags/tutorial_taskflow_api_etl.py for tasks to queue
[2025-10-14 16:25:17,886] {logging_mixin.py:115} INFO - [2025-10-14 16:25:17,886] {dagbag.py:507} INFO - Filling up the DagBag from /root/Projects/etlX/venv/lib/python3.9/site-packages/airflow/example_dags/tutorial_taskflow_api_etl.py
[2025-10-14 16:25:17,905] {processor.py:651} INFO - DAG(s) dict_keys(['tutorial_taskflow_api_etl']) retrieved from /root/Projects/etlX/venv/lib/python3.9/site-packages/airflow/example_dags/tutorial_taskflow_api_etl.py
[2025-10-14 16:25:17,949] {logging_mixin.py:115} INFO - [2025-10-14 16:25:17,949] {dag.py:2379} INFO - Sync 1 DAGs
[2025-10-14 16:25:17,962] {logging_mixin.py:115} INFO - [2025-10-14 16:25:17,962] {dag.py:2927} INFO - Setting next_dagrun for tutorial_taskflow_api_etl to None, run_after=None
[2025-10-14 16:25:17,973] {processor.py:161} INFO - Processing /root/Projects/etlX/venv/lib/python3.9/site-packages/airflow/example_dags/tutorial_taskflow_api_etl.py took 0.092 seconds
[2025-10-14 16:25:51,447] {processor.py:153} INFO - Started process (PID=22859) to work on /root/Projects/etlX/venv/lib/python3.9/site-packages/airflow/example_dags/tutorial_taskflow_api_etl.py
[2025-10-14 16:25:51,447] {processor.py:641} INFO - Processing file /root/Projects/etlX/venv/lib/python3.9/site-packages/airflow/example_dags/tutorial_taskflow_api_etl.py for tasks to queue
[2025-10-14 16:25:51,448] {logging_mixin.py:115} INFO - [2025-10-14 16:25:51,448] {dagbag.py:507} INFO - Filling up the DagBag from /root/Projects/etlX/venv/lib/python3.9/site-packages/airflow/example_dags/tutorial_taskflow_api_etl.py
[2025-10-14 16:25:51,467] {processor.py:651} INFO - DAG(s) dict_keys(['tutorial_taskflow_api_etl']) retrieved from /root/Projects/etlX/venv/lib/python3.9/site-packages/airflow/example_dags/tutorial_taskflow_api_etl.py
[2025-10-14 16:25:51,512] {logging_mixin.py:115} INFO - [2025-10-14 16:25:51,512] {dag.py:2379} INFO - Sync 1 DAGs
[2025-10-14 16:25:51,526] {logging_mixin.py:115} INFO - [2025-10-14 16:25:51,526] {dag.py:2927} INFO - Setting next_dagrun for tutorial_taskflow_api_etl to None, run_after=None
[2025-10-14 16:25:51,538] {processor.py:161} INFO - Processing /root/Projects/etlX/venv/lib/python3.9/site-packages/airflow/example_dags/tutorial_taskflow_api_etl.py took 0.095 seconds
[2025-10-14 16:26:25,266] {processor.py:153} INFO - Started process (PID=22917) to work on /root/Projects/etlX/venv/lib/python3.9/site-packages/airflow/example_dags/tutorial_taskflow_api_etl.py
[2025-10-14 16:26:25,267] {processor.py:641} INFO - Processing file /root/Projects/etlX/venv/lib/python3.9/site-packages/airflow/example_dags/tutorial_taskflow_api_etl.py for tasks to queue
[2025-10-14 16:26:25,269] {logging_mixin.py:115} INFO - [2025-10-14 16:26:25,269] {dagbag.py:507} INFO - Filling up the DagBag from /root/Projects/etlX/venv/lib/python3.9/site-packages/airflow/example_dags/tutorial_taskflow_api_etl.py
[2025-10-14 16:26:25,292] {processor.py:651} INFO - DAG(s) dict_keys(['tutorial_taskflow_api_etl']) retrieved from /root/Projects/etlX/venv/lib/python3.9/site-packages/airflow/example_dags/tutorial_taskflow_api_etl.py
[2025-10-14 16:26:25,343] {logging_mixin.py:115} INFO - [2025-10-14 16:26:25,342] {dag.py:2379} INFO - Sync 1 DAGs
[2025-10-14 16:26:25,357] {logging_mixin.py:115} INFO - [2025-10-14 16:26:25,357] {dag.py:2927} INFO - Setting next_dagrun for tutorial_taskflow_api_etl to None, run_after=None
[2025-10-14 16:26:25,369] {processor.py:161} INFO - Processing /root/Projects/etlX/venv/lib/python3.9/site-packages/airflow/example_dags/tutorial_taskflow_api_etl.py took 0.114 seconds
[2025-10-14 16:26:57,605] {processor.py:153} INFO - Started process (PID=22970) to work on /root/Projects/etlX/venv/lib/python3.9/site-packages/airflow/example_dags/tutorial_taskflow_api_etl.py
[2025-10-14 16:26:57,606] {processor.py:641} INFO - Processing file /root/Projects/etlX/venv/lib/python3.9/site-packages/airflow/example_dags/tutorial_taskflow_api_etl.py for tasks to queue
[2025-10-14 16:26:57,606] {logging_mixin.py:115} INFO - [2025-10-14 16:26:57,606] {dagbag.py:507} INFO - Filling up the DagBag from /root/Projects/etlX/venv/lib/python3.9/site-packages/airflow/example_dags/tutorial_taskflow_api_etl.py
[2025-10-14 16:26:57,627] {processor.py:651} INFO - DAG(s) dict_keys(['tutorial_taskflow_api_etl']) retrieved from /root/Projects/etlX/venv/lib/python3.9/site-packages/airflow/example_dags/tutorial_taskflow_api_etl.py
[2025-10-14 16:26:57,645] {logging_mixin.py:115} INFO - [2025-10-14 16:26:57,645] {dag.py:2379} INFO - Sync 1 DAGs
[2025-10-14 16:26:57,663] {logging_mixin.py:115} INFO - [2025-10-14 16:26:57,663] {dag.py:2927} INFO - Setting next_dagrun for tutorial_taskflow_api_etl to None, run_after=None
[2025-10-14 16:26:57,674] {processor.py:161} INFO - Processing /root/Projects/etlX/venv/lib/python3.9/site-packages/airflow/example_dags/tutorial_taskflow_api_etl.py took 0.073 seconds
[2025-10-14 16:27:31,995] {processor.py:153} INFO - Started process (PID=23103) to work on /root/Projects/etlX/venv/lib/python3.9/site-packages/airflow/example_dags/tutorial_taskflow_api_etl.py
[2025-10-14 16:27:31,996] {processor.py:641} INFO - Processing file /root/Projects/etlX/venv/lib/python3.9/site-packages/airflow/example_dags/tutorial_taskflow_api_etl.py for tasks to queue
[2025-10-14 16:27:31,997] {logging_mixin.py:115} INFO - [2025-10-14 16:27:31,997] {dagbag.py:507} INFO - Filling up the DagBag from /root/Projects/etlX/venv/lib/python3.9/site-packages/airflow/example_dags/tutorial_taskflow_api_etl.py
[2025-10-14 16:27:32,018] {processor.py:651} INFO - DAG(s) dict_keys(['tutorial_taskflow_api_etl']) retrieved from /root/Projects/etlX/venv/lib/python3.9/site-packages/airflow/example_dags/tutorial_taskflow_api_etl.py
[2025-10-14 16:27:32,080] {logging_mixin.py:115} INFO - [2025-10-14 16:27:32,079] {dag.py:2379} INFO - Sync 1 DAGs
[2025-10-14 16:27:32,096] {logging_mixin.py:115} INFO - [2025-10-14 16:27:32,096] {dag.py:2927} INFO - Setting next_dagrun for tutorial_taskflow_api_etl to None, run_after=None
[2025-10-14 16:27:32,109] {processor.py:161} INFO - Processing /root/Projects/etlX/venv/lib/python3.9/site-packages/airflow/example_dags/tutorial_taskflow_api_etl.py took 0.119 seconds
[2025-10-14 16:28:03,389] {processor.py:153} INFO - Started process (PID=23184) to work on /root/Projects/etlX/venv/lib/python3.9/site-packages/airflow/example_dags/tutorial_taskflow_api_etl.py
[2025-10-14 16:28:03,390] {processor.py:641} INFO - Processing file /root/Projects/etlX/venv/lib/python3.9/site-packages/airflow/example_dags/tutorial_taskflow_api_etl.py for tasks to queue
[2025-10-14 16:28:03,391] {logging_mixin.py:115} INFO - [2025-10-14 16:28:03,391] {dagbag.py:507} INFO - Filling up the DagBag from /root/Projects/etlX/venv/lib/python3.9/site-packages/airflow/example_dags/tutorial_taskflow_api_etl.py
[2025-10-14 16:28:03,413] {processor.py:651} INFO - DAG(s) dict_keys(['tutorial_taskflow_api_etl']) retrieved from /root/Projects/etlX/venv/lib/python3.9/site-packages/airflow/example_dags/tutorial_taskflow_api_etl.py
[2025-10-14 16:28:03,460] {logging_mixin.py:115} INFO - [2025-10-14 16:28:03,460] {dag.py:2379} INFO - Sync 1 DAGs
[2025-10-14 16:28:03,474] {logging_mixin.py:115} INFO - [2025-10-14 16:28:03,474] {dag.py:2927} INFO - Setting next_dagrun for tutorial_taskflow_api_etl to None, run_after=None
[2025-10-14 16:28:03,486] {processor.py:161} INFO - Processing /root/Projects/etlX/venv/lib/python3.9/site-packages/airflow/example_dags/tutorial_taskflow_api_etl.py took 0.104 seconds
[2025-10-14 16:28:35,545] {processor.py:153} INFO - Started process (PID=23339) to work on /root/Projects/etlX/venv/lib/python3.9/site-packages/airflow/example_dags/tutorial_taskflow_api_etl.py
[2025-10-14 16:28:35,546] {processor.py:641} INFO - Processing file /root/Projects/etlX/venv/lib/python3.9/site-packages/airflow/example_dags/tutorial_taskflow_api_etl.py for tasks to queue
[2025-10-14 16:28:35,546] {logging_mixin.py:115} INFO - [2025-10-14 16:28:35,546] {dagbag.py:507} INFO - Filling up the DagBag from /root/Projects/etlX/venv/lib/python3.9/site-packages/airflow/example_dags/tutorial_taskflow_api_etl.py
[2025-10-14 16:28:35,565] {processor.py:651} INFO - DAG(s) dict_keys(['tutorial_taskflow_api_etl']) retrieved from /root/Projects/etlX/venv/lib/python3.9/site-packages/airflow/example_dags/tutorial_taskflow_api_etl.py
[2025-10-14 16:28:35,610] {logging_mixin.py:115} INFO - [2025-10-14 16:28:35,610] {dag.py:2379} INFO - Sync 1 DAGs
[2025-10-14 16:28:35,623] {logging_mixin.py:115} INFO - [2025-10-14 16:28:35,623] {dag.py:2927} INFO - Setting next_dagrun for tutorial_taskflow_api_etl to None, run_after=None
[2025-10-14 16:28:35,637] {processor.py:161} INFO - Processing /root/Projects/etlX/venv/lib/python3.9/site-packages/airflow/example_dags/tutorial_taskflow_api_etl.py took 0.096 seconds
[2025-10-14 16:29:08,944] {processor.py:153} INFO - Started process (PID=23448) to work on /root/Projects/etlX/venv/lib/python3.9/site-packages/airflow/example_dags/tutorial_taskflow_api_etl.py
[2025-10-14 16:29:08,944] {processor.py:641} INFO - Processing file /root/Projects/etlX/venv/lib/python3.9/site-packages/airflow/example_dags/tutorial_taskflow_api_etl.py for tasks to queue
[2025-10-14 16:29:08,945] {logging_mixin.py:115} INFO - [2025-10-14 16:29:08,945] {dagbag.py:507} INFO - Filling up the DagBag from /root/Projects/etlX/venv/lib/python3.9/site-packages/airflow/example_dags/tutorial_taskflow_api_etl.py
[2025-10-14 16:29:08,966] {processor.py:651} INFO - DAG(s) dict_keys(['tutorial_taskflow_api_etl']) retrieved from /root/Projects/etlX/venv/lib/python3.9/site-packages/airflow/example_dags/tutorial_taskflow_api_etl.py
[2025-10-14 16:29:09,015] {logging_mixin.py:115} INFO - [2025-10-14 16:29:09,015] {dag.py:2379} INFO - Sync 1 DAGs
[2025-10-14 16:29:09,030] {logging_mixin.py:115} INFO - [2025-10-14 16:29:09,030] {dag.py:2927} INFO - Setting next_dagrun for tutorial_taskflow_api_etl to None, run_after=None
[2025-10-14 16:29:09,042] {processor.py:161} INFO - Processing /root/Projects/etlX/venv/lib/python3.9/site-packages/airflow/example_dags/tutorial_taskflow_api_etl.py took 0.103 seconds
[2025-10-14 16:29:41,784] {processor.py:153} INFO - Started process (PID=23612) to work on /root/Projects/etlX/venv/lib/python3.9/site-packages/airflow/example_dags/tutorial_taskflow_api_etl.py
[2025-10-14 16:29:41,784] {processor.py:641} INFO - Processing file /root/Projects/etlX/venv/lib/python3.9/site-packages/airflow/example_dags/tutorial_taskflow_api_etl.py for tasks to queue
[2025-10-14 16:29:41,785] {logging_mixin.py:115} INFO - [2025-10-14 16:29:41,785] {dagbag.py:507} INFO - Filling up the DagBag from /root/Projects/etlX/venv/lib/python3.9/site-packages/airflow/example_dags/tutorial_taskflow_api_etl.py
[2025-10-14 16:29:41,807] {processor.py:651} INFO - DAG(s) dict_keys(['tutorial_taskflow_api_etl']) retrieved from /root/Projects/etlX/venv/lib/python3.9/site-packages/airflow/example_dags/tutorial_taskflow_api_etl.py
[2025-10-14 16:29:41,854] {logging_mixin.py:115} INFO - [2025-10-14 16:29:41,854] {dag.py:2379} INFO - Sync 1 DAGs
[2025-10-14 16:29:41,867] {logging_mixin.py:115} INFO - [2025-10-14 16:29:41,867] {dag.py:2927} INFO - Setting next_dagrun for tutorial_taskflow_api_etl to None, run_after=None
[2025-10-14 16:29:41,879] {processor.py:161} INFO - Processing /root/Projects/etlX/venv/lib/python3.9/site-packages/airflow/example_dags/tutorial_taskflow_api_etl.py took 0.100 seconds
[2025-10-14 16:36:03,493] {processor.py:153} INFO - Started process (PID=24423) to work on /root/Projects/etlX/venv/lib/python3.9/site-packages/airflow/example_dags/tutorial_taskflow_api_etl.py
[2025-10-14 16:36:03,493] {processor.py:641} INFO - Processing file /root/Projects/etlX/venv/lib/python3.9/site-packages/airflow/example_dags/tutorial_taskflow_api_etl.py for tasks to queue
[2025-10-14 16:36:03,494] {logging_mixin.py:115} INFO - [2025-10-14 16:36:03,494] {dagbag.py:507} INFO - Filling up the DagBag from /root/Projects/etlX/venv/lib/python3.9/site-packages/airflow/example_dags/tutorial_taskflow_api_etl.py
[2025-10-14 16:36:03,514] {processor.py:651} INFO - DAG(s) dict_keys(['tutorial_taskflow_api_etl']) retrieved from /root/Projects/etlX/venv/lib/python3.9/site-packages/airflow/example_dags/tutorial_taskflow_api_etl.py
[2025-10-14 16:36:03,557] {logging_mixin.py:115} INFO - [2025-10-14 16:36:03,557] {dag.py:2379} INFO - Sync 1 DAGs
[2025-10-14 16:36:03,570] {logging_mixin.py:115} INFO - [2025-10-14 16:36:03,570] {dag.py:2927} INFO - Setting next_dagrun for tutorial_taskflow_api_etl to None, run_after=None
[2025-10-14 16:36:03,581] {processor.py:161} INFO - Processing /root/Projects/etlX/venv/lib/python3.9/site-packages/airflow/example_dags/tutorial_taskflow_api_etl.py took 0.093 seconds
